Y_Contig_135	1141039	34	28	34	47	24	21	27	43	35	36	48	24	34	57	38	40	35	40	36	35	24	54	31
Y_Contig_135	1141040	34	28	34	48	24	21	27	44	36	37	48	24	34	57	38	39	34	40	36	35	25	54	31
Y_Contig_135	1141041	35	28	34	48	24	21	27	44	37	38	49	24	34	57	40	40	34	40	35	35	25	55	31
Y_Contig_135	1141042	36	28	34	48	25	21	28	44	37	38	49	24	34	58	41	39	34	39	35	33	25	55	30
Y_Contig_135	1141043	37	27	34	48	25	21	28	43	37	38	48	24	35	57	41	38	33	39	35	33	25	55	29
Y_Contig_135	1141044	37	27	35	48	26	21	28	44	37	38	48	24	36	58	42	38	34	41	36	32	25	55	28
Y_Contig_135	1141045	37	27	35	48	26	22	28	44	37	38	49	24	36	58	42	36	33	41	36	32	25	54	27
Y_Contig_135	1141046	38	27	35	47	26	22	28	44	36	37	49	24	36	59	42	36	33	41	36	32	26	54	27
Y_Contig_135	1141047	38	27	35	47	26	22	30	45	36	37	49	24	36	57	41	36	34	42	36	32	26	53	27
Y_Contig_135	1141048	38	27	35	47	28	22	30	45	35	37	49	24	37	57	42	36	36	42	37	32	26	52	27
Y_Contig_135	1141049	38	25	34	47	27	22	29	44	35	37	49	24	37	55	43	36	36	42	39	32	26	52	28
Y_Contig_135	1141050	37	25	33	47	27	22	29	43	35	37	49	24	37	55	42	35	36	42	39	31	26	53	29
Y_Contig_135	1141051	36	24	32	47	28	22	28	42	35	37	48	24	37	55	42	36	36	42	38	32	26	52	30
Y_Contig_135	1141052	36	24	32	46	26	22	28	42	34	37	49	24	37	55	42	35	37	42	38	32	27	52	31
Y_Contig_135	1141053	37	24	32	46	27	22	28	42	35	37	49	24	37	55	42	35	37	42	39	33	28	52	32
Y_Contig_135	1141054	36	24	32	48	27	22	29	42	35	38	49	24	36	55	41	35	37	42	39	35	29	52	32
Y_Contig_135	1141055	36	24	32	49	27	22	29	42	35	38	49	24	35	55	41	35	37	44	38	34	29	52	31
Y_Contig_135	1141056	36	24	32	49	28	22	29	43	35	38	50	23	35	54	41	34	38	44	38	34	29	52	31
Y_Contig_135	1141057	37	24	32	50	28	22	29	42	34	38	49	23	36	54	41	34	38	43	38	33	29	51	31
Y_Contig_135	1141058	37	24	32	50	28	23	29	41	33	38	49	24	37	55	41	34	39	44	37	33	29	51	31
Y_Contig_135	1141059	37	24	32	50	29	25	30	41	34	39	48	24	37	55	41	34	40	44	38	33	29	51	31
Y_Contig_135	1141060	38	24	31	50	29	25	30	41	33	39	48	24	37	55	43	33	40	44	39	34	28	50	31
Y_Contig_135	1141061	37	24	31	50	29	26	29	41	33	39	48	24	37	54	43	33	40	43	37	34	28	50	31
Y_Contig_135	1141062	37	24	31	49	31	26	30	40	32	39	46	23	37	55	42	33	40	43	37	34	28	50	31
Y_Contig_135	1141063	36	24	31	50	31	26	30	40	32	41	46	23	37	55	42	34	40	43	37	34	28	51	31
Y_Contig_135	1141064	37	24	30	50	31	27	30	40	32	42	47	23	37	55	42	34	41	43	36	34	28	51	32
Y_Contig_135	1141065	37	24	29	49	31	27	31	40	32	42	47	24	37	55	42	34	41	43	36	34	28	51	32
Y_Contig_135	1141066	37	24	29	49	31	27	31	40	33	41	48	24	37	55	41	33	41	44	35	34	29	51	32
Y_Contig_135	1141067	37	24	28	48	31	27	31	41	33	40	48	24	38	57	41	35	41	44	35	33	29	51	34
Y_Contig_135	1141068	37	24	27	48	32	27	31	40	33	40	47	23	38	57	43	36	41	44	35	33	29	51	35
Y_Contig_135	1141069	36	22	26	48	32	27	31	40	32	40	45	23	39	55	43	36	41	44	33	33	29	52	36
Y_Contig_135	1141070	36	22	26	48	31	26	30	39	32	40	46	22	40	55	43	37	41	44	33	33	29	53	36
Y_Contig_135	1141071	36	21	26	49	30	27	29	39	32	41	46	22	41	54	43	37	41	44	33	33	29	53	37
Y_Contig_135	1141072	36	21	27	49	30	27	29	39	31	41	46	22	43	54	43	38	41	45	33	33	29	54	38
Y_Contig_135	1141073	36	22	28	48	30	26	29	40	31	41	47	22	43	54	43	37	41	45	33	33	28	55	38
Y_Contig_135	1141074	36	23	27	48	30	26	30	41	31	41	46	22	42	52	43	37	40	46	33	33	28	55	38
Y_Contig_135	1141075	36	23	27	47	30	25	30	40	31	42	45	22	41	52	43	37	39	47	34	33	28	54	37
Y_Contig_135	1141076	35	23	26	48	32	24	29	39	30	40	45	22	40	52	43	37	39	46	34	33	28	53	38
Y_Contig_135	1141077	34	22	26	46	31	24	29	42	30	41	45	22	39	53	43	37	39	46	36	33	28	52	38
Y_Contig_135	1141078	34	22	25	44	31	25	28	40	31	42	45	21	39	52	42	37	38	45	35	32	29	52	38
Y_Contig_135	1141079	34	22	25	44	31	25	27	40	31	42	45	21	40	52	42	38	38	46	35	32	30	52	39
Y_Contig_135	1141080	34	22	23	45	30	26	27	40	31	42	45	21	40	52	43	39	38	46	35	31	30	52	40
Y_Contig_135	1141081	32	22	23	44	30	25	27	40	31	41	45	20	40	53	42	39	36	46	35	31	30	52	41
Y_Contig_135	1141082	32	23	22	45	30	25	27	41	29	42	45	21	40	53	42	39	36	46	35	31	30	51	41
Y_Contig_135	1141083	32	23	22	45	30	25	27	41	29	42	45	21	40	53	43	38	36	45	35	32	29	51	41
Y_Contig_135	1141084	31	23	24	47	31	26	27	41	30	42	44	21	40	52	41	38	36	47	36	34	29	52	41
Y_Contig_135	1141085	31	23	25	47	31	26	27	42	30	42	43	22	40	54	41	39	35	49	36	34	29	51	42
Y_Contig_135	1141086	32	23	25	47	31	26	27	42	30	42	43	23	40	52	40	39	35	48	36	34	30	50	42
Y_Contig_135	1141087	32	23	26	48	31	26	27	41	29	42	42	22	40	53	40	39	35	48	36	34	30	50	42
Y_Contig_135	1141088	32	24	27	48	30	26	26	41	29	43	41	23	39	53	40	39	35	48	35	33	30	49	41
Y_Contig_135	1141089	33	24	27	49	30	26	25	41	28	44	42	23	39	54	41	40	35	47	35	31	31	50	41
Y_Contig_135	1141090	33	24	27	50	30	25	24	42	27	44	42	23	38	54	41	40	35	46	36	31	30	51	40
Y_Contig_135	1141091	32	25	28	50	30	25	24	40	27	44	42	22	37	53	40	40	35	45	37	31	30	51	40
Y_Contig_135	1141092	32	25	28	50	30	25	24	39	26	45	42	23	37	53	40	40	35	46	36	32	30	52	40
Y_Contig_135	1141093	32	25	28	50	30	24	24	39	26	45	42	23	37	53	40	40	35	44	37	32	29	51	40
Y_Contig_135	1141094	32	25	28	50	30	24	25	39	26	45	42	23	38	53	40	41	34	44	37	32	29	51	40
Y_Contig_135	1141095	32	24	27	50	29	24	25	38	26	45	41	23	38	52	40	41	34	44	37	31	27	51	40
Y_Contig_135	1141096	32	23	26	49	30	26	25	38	25	45	43	23	37	53	42	43	33	44	37	32	28	51	40
Y_Contig_135	1141097	32	23	26	49	30	26	25	38	25	45	43	23	37	53	43	43	33	44	37	31	28	51	40
Y_Contig_135	1141098	32	23	26	49	30	26	25	38	25	45	44	23	37	55	43	43	34	44	37	32	28	51	40
Y_Contig_135	1141099	32	24	26	51	30	26	25	38	25	45	43	23	37	55	43	43	34	44	37	33	28	52	41
Y_Contig_135	1141100	32	24	24	50	30	26	25	38	24	45	43	23	36	56	43	43	34	45	37	33	27	51	41
Y_Contig_135	1141101	33	24	24	51	30	27	25	38	25	45	43	22	36	57	43	43	34	45	37	33	27	51	42
Y_Contig_135	1141102	33	23	25	51	30	27	25	38	25	45	44	22	36	56	43	44	35	45	37	33	26	51	42
Y_Contig_135	1141103	35	23	25	51	30	27	25	38	26	45	44	22	37	56	44	45	35	45	37	33	26	51	43
Y_Contig_135	1141104	35	23	25	51	29	27	25	38	26	45	45	22	37	57	43	46	35	44	36	33	26	51	43
Y_Contig_135	1141105	36	23	26	51	28	27	25	38	24	44	45	23	38	57	42	45	37	44	36	33	26	50	44
Y_Contig_135	1141106	36	23	26	51	28	27	24	38	25	44	45	23	38	57	42	44	37	43	36	33	26	50	44
Y_Contig_135	1141107	36	24	26	51	28	27	25	39	25	44	45	23	39	56	42	44	37	42	36	32	26	51	43
Y_Contig_135	1141108	36	24	27	50	30	26	25	39	26	42	46	23	39	57	43	45	37	43	37	30	25	51	44
Y_Contig_135	1141109	36	24	27	50	31	26	25	39	27	42	45	23	39	57	43	46	37	43	37	30	25	51	44
Y_Contig_135	1141110	37	23	27	50	31	26	25	39	27	42	45	24	39	57	43	46	37	43	37	29	25	50	44
Y_Contig_135	1141111	37	23	27	50	30	26	25	38	27	42	45	23	39	56	43	46	36	42	36	29	25	50	44
Y_Contig_135	1141112	37	23	28	50	30	27	26	38	27	42	45	23	38	57	43	46	37	42	36	29	24	51	44
Y_Contig_135	1141113	37	23	28	50	30	27	26	38	27	42	45	21	38	57	43	46	37	42	36	29	24	50	44
Y_Contig_135	1141114	37	23	28	48	30	26	26	38	26	42	45	21	38	58	43	47	36	43	37	29	24	48	45
Y_Contig_135	1141115	37	25	29	49	31	27	26	38	26	41	46	21	39	57	44	47	36	43	37	29	24	48	45
Y_Contig_135	1141116	36	23	29	48	31	27	25	38	26	41	46	21	39	57	44	44	36	42	37	29	24	49	45
Y_Contig_135	1141117	34	23	28	48	31	28	25	38	26	41	46	21	39	57	43	44	35	42	39	29	23	48	45
Y_Contig_135	1141118	33	23	28	48	31	28	25	38	26	41	44	21	38	56	43	45	35	42	40	28	23	47	45
Y_Contig_135	1141119	33	23	28	48	31	28	25	39	26	39	43	21	38	57	44	45	35	40	41	28	24	47	45
Y_Contig_135	1141120	33	22	29	47	31	29	25	39	26	38	44	21	39	56	44	45	35	40	41	27	23	47	45
Y_Contig_135	1141121	32	23	29	47	30	28	25	38	26	38	43	21	40	56	43	45	35	38	41	25	23	47	46
Y_Contig_135	1141122	31	24	28	47	30	28	26	38	27	38	43	21	40	56	43	45	35	38	41	26	23	47	46
Y_Contig_135	1141123	31	23	29	48	30	28	26	39	27	38	44	21	41	56	44	44	35	38	43	26	24	46	46
Y_Contig_135	1141124	31	23	29	48	30	28	26	39	27	38	44	21	41	57	45	43	34	38	42	26	24	46	46
Y_Contig_135	1141125	31	22	29	48	30	28	26	39	27	37	44	21	41	56	45	43	34	38	43	26	25	46	46
Y_Contig_135	1141126	33	23	29	48	31	28	26	39	27	37	44	21	42	55	46	43	34	38	43	26	25	46	47
Y_Contig_135	1141127	33	23	28	47	30	28	26	38	27	37	44	21	43	55	46	43	34	38	42	27	25	46	47
Y_Contig_135	1141128	33	23	27	46	31	28	26	38	27	37	44	21	43	54	45	43	33	38	41	27	25	45	46
Y_Contig_135	1141129	34	23	27	45	31	28	25	36	27	37	44	21	44	53	45	43	33	38	41	28	26	44	46
Y_Contig_135	1141130	34	23	28	47	30	28	26	36	27	37	44	21	44	53	45	43	33	38	42	29	26	44	45
Y_Contig_135	1141131	34	23	28	49	30	27	25	36	28	38	44	21	46	53	45	44	32	37	42	28	26	45	44
Y_Contig_135	1141132	34	23	28	47	28	27	26	35	28	37	44	21	46	53	43	44	32	36	40	28	26	43	44
Y_Contig_135	1141133	33	23	28	47	28	27	26	36	28	38	44	22	46	53	43	45	32	36	41	28	27	43	44
Y_Contig_135	1141134	33	23	30	47	28	27	26	36	28	38	43	22	46	53	43	42	33	36	42	27	27	42	44
Y_Contig_135	1141135	33	24	30	48	28	27	25	36	29	38	45	22	46	53	42	42	33	35	42	27	27	42	44
Y_Contig_135	1141136	33	24	30	46	26	27	25	36	30	38	45	22	45	53	42	43	32	35	42	27	27	42	44
Y_Contig_135	1141137	33	24	30	46	26	27	26	35	30	38	45	22	45	53	40	43	32	34	42	27	26	42	44
Y_Contig_135	1141138	32	24	30	48	26	27	27	36	31	38	44	22	46	56	40	43	32	35	42	28	26	44	43
Y_Contig_135	1141139	32	25	30	48	26	28	27	36	31	37	45	22	46	57	40	43	32	34	42	27	26	43	42
Y_Contig_135	1141140	32	25	29	47	26	28	27	36	31	37	46	22	46	57	40	43	32	34	42	27	26	44	41
Y_Contig_135	1141141	31	25	28	46	26	28	26	36	32	36	45	22	46	56	41	43	33	33	42	25	26	44	40
Y_Contig_135	1141142	31	25	28	46	26	28	26	35	32	36	45	23	46	56	41	43	33	33	42	25	26	44	39
Y_Contig_135	1141143	30	26	28	45	26	28	26	35	32	36	46	22	47	56	41	43	33	33	42	26	26	46	38
Y_Contig_135	1141144	32	27	27	45	26	28	25	35	32	36	46	22	47	55	42	43	33	33	42	26	26	47	38
Y_Contig_135	1141145	32	27	26	45	26	28	26	34	32	36	46	22	47	55	42	43	33	33	41	26	26	47	38
Y_Contig_135	1141146	32	27	26	45	26	28	27	34	32	35	45	22	47	56	43	43	32	33	42	26	26	48	38
Y_Contig_135	1141147	31	27	26	45	26	27	27	37	32	35	45	22	46	56	39	42	31	33	42	26	25	48	37
Y_Contig_135	1141148	31	27	26	44	26	27	27	37	32	33	47	22	44	56	39	42	31	31	42	26	25	49	38
Y_Contig_135	1141149	30	27	26	44	26	26	26	37	32	34	46	22	44	56	39	42	31	31	43	25	24	49	39
Y_Contig_135	1141150	29	27	26	44	26	26	27	37	33	34	46	22	44	56	40	41	32	32	44	25	24	49	40
Y_Contig_135	1141151	29	27	27	45	26	26	27	36	33	33	45	22	43	54	39	41	33	32	43	25	24	49	40
Y_Contig_135	1141152	29	27	27	45	26	26	27	36	34	33	44	21	42	55	39	41	33	32	43	25	24	49	40
Y_Contig_135	1141153	29	27	27	45	26	25	27	36	35	33	43	20	42	55	40	40	32	32	43	25	24	49	40
Y_Contig_135	1141154	28	27	28	46	27	24	28	37	35	33	42	20	43	56	40	41	31	32	43	25	25	48	40
Y_Contig_135	1141155	28	26	28	46	27	24	28	36	35	33	43	20	43	56	39	41	31	32	41	25	25	48	40
Y_Contig_135	1141156	28	26	28	47	27	24	28	36	34	33	42	20	41	54	38	41	32	31	41	25	25	46	40
Y_Contig_135	1141157	28	26	30	47	28	25	28	35	34	34	40	19	41	54	38	41	32	31	41	26	25	46	41
Y_Contig_135	1141158	28	26	30	48	28	25	28	35	35	34	40	20	41	54	38	41	33	31	41	26	25	46	41
Y_Contig_135	1141159	28	26	30	50	28	25	28	34	35	32	39	20	40	54	38	43	34	31	41	26	26	45	42
Y_Contig_135	1141160	29	27	31	50	28	24	27	34	35	31	39	20	40	55	38	44	34	32	41	26	27	44	42
Y_Contig_135	1141161	29	26	32	50	28	24	29	34	35	31	39	20	39	56	38	45	35	31	41	26	27	43	42
Y_Contig_135	1141162	29	25	33	49	28	24	30	34	36	32	39	22	40	57	38	45	36	30	41	28	27	44	41
Y_Contig_135	1141163	29	25	33	50	28	24	30	34	36	32	39	22	40	58	38	46	36	31	43	28	27	45	41
Y_Contig_135	1141164	28	25	33	50	28	24	31	34	36	33	39	22	40	58	38	46	35	31	43	27	27	45	41
Y_Contig_135	1141165	27	26	33	50	29	24	31	34	36	33	39	22	40	58	38	46	36	30	43	28	27	45	41
Y_Contig_135	1141166	28	26	34	50	29	23	31	34	36	33	38	22	40	58	38	46	35	30	42	28	27	45	41
Y_Contig_135	1141167	28	26	34	51	29	21	31	34	36	32	39	23	39	59	38	46	35	29	42	29	27	44	41
Y_Contig_135	1141168	29	25	34	51	28	21	31	33	36	32	39	23	40	59	39	45	36	29	42	28	27	44	42
Y_Contig_135	1141169	29	25	34	51	29	22	31	33	36	32	39	23	40	59	40	44	35	29	42	29	27	44	42
Y_Contig_135	1141170	30	25	35	50	29	22	31	33	36	32	39	23	40	59	39	44	34	28	43	29	28	44	42
Y_Contig_135	1141171	29	25	35	52	28	22	31	33	36	32	39	24	40	59	40	43	35	29	45	28	28	44	43
Y_Contig_135	1141172	29	25	36	53	28	22	32	33	37	31	39	24	41	60	41	44	34	29	45	28	28	44	43
Y_Contig_135	1141173	29	25	36	53	28	23	32	33	37	31	39	24	41	60	40	44	34	30	45	28	27	44	43
Y_Contig_135	1141174	29	25	36	52	28	22	32	33	36	32	37	24	41	61	40	43	34	30	45	28	28	45	43
Y_Contig_135	1141175	31	25	36	53	29	22	32	33	36	33	37	24	41	60	40	45	34	30	45	28	29	45	44
Y_Contig_135	1141176	31	25	36	54	29	22	33	33	36	33	37	23	41	59	39	45	34	30	45	28	29	45	44
Y_Contig_135	1141177	31	25	36	54	29	22	34	34	36	33	37	23	41	59	39	46	34	30	45	28	29	44	43
Y_Contig_135	1141178	31	26	36	55	29	23	34	34	35	32	39	24	40	59	40	46	35	30	45	29	29	43	44
Y_Contig_135	1141179	31	26	36	55	29	23	34	33	35	33	40	24	40	61	39	46	34	30	45	29	29	43	44
Y_Contig_135	1141180	31	26	35	54	29	22	35	32	35	33	40	26	41	59	39	47	33	31	45	29	30	43	44
Y_Contig_135	1141181	31	26	35	55	29	22	35	32	34	33	41	26	42	59	39	48	33	31	45	29	29	41	43
Y_Contig_135	1141182	31	26	35	55	29	22	35	32	33	33	42	25	41	58	39	48	33	32	45	29	28	41	43
Y_Contig_135	1141183	31	26	35	54	29	22	35	32	32	33	42	25	39	57	39	47	33	32	46	29	28	41	43
Y_Contig_135	1141184	32	25	34	54	29	22	35	32	31	33	42	25	39	57	39	47	33	32	46	29	28	41	43
Y_Contig_135	1141185	32	24	33	55	29	22	35	31	32	32	41	26	39	57	39	47	33	32	46	29	28	40	42
Y_Contig_135	1141186	32	24	33	55	29	23	35	31	32	32	42	25	39	58	42	46	33	33	46	29	27	40	43
Y_Contig_135	1141187	32	24	33	56	29	23	36	32	31	32	41	25	39	58	41	46	33	34	47	30	26	40	43
Y_Contig_135	1141188	33	24	33	57	29	23	35	32	32	34	41	25	39	58	41	47	33	34	47	30	25	40	43
Y_Contig_135	1141189	33	24	33	57	29	23	36	32	31	33	41	25	40	59	40	48	33	34	47	30	25	40	43
Y_Contig_135	1141190	33	25	33	56	29	23	37	31	31	33	43	26	40	59	40	47	33	34	47	30	25	40	43
Y_Contig_135	1141191	30	25	33	55	28	23	36	31	30	32	42	26	38	59	38	47	33	33	48	30	25	40	43
Y_Contig_135	1141192	30	25	34	57	28	23	36	32	30	32	42	26	38	58	38	47	33	33	48	30	25	40	43
Y_Contig_135	1141193	30	25	34	58	28	23	36	31	30	32	42	26	39	57	39	47	33	33	48	30	25	41	43
Y_Contig_135	1141194	30	26	33	58	27	25	36	31	31	32	42	26	39	57	38	48	32	31	48	30	25	41	43
Y_Contig_135	1141195	31	26	33	58	27	24	36	31	31	32	41	26	39	58	38	48	32	31	48	31	25	41	43
Y_Contig_135	1141196	31	26	33	58	29	24	36	31	31	32	42	26	39	57	38	48	33	31	48	31	24	41	43
Y_Contig_135	1141197	31	26	33	58	29	24	34	30	31	32	44	26	39	57	38	48	32	31	49	31	24	41	44
Y_Contig_135	1141198	32	26	33	58	27	24	34	31	31	31	44	25	38	56	36	48	30	31	46	32	24	41	43
Y_Contig_135	1141199	32	26	33	58	27	24	35	32	31	31	44	25	38	58	36	48	30	30	45	33	25	40	42
Y_Contig_135	1141200	32	26	33	58	27	24	35	32	31	31	46	25	38	61	35	47	31	30	45	32	25	41	41
Y_Contig_135	1141201	33	26	33	58	26	24	36	32	31	31	45	24	39	62	35	47	30	30	45	32	24	42	41
Y_Contig_135	1141202	34	26	35	58	26	24	36	32	31	31	45	24	40	62	35	47	30	30	45	32	24	42	41
Y_Contig_135	1141203	33	26	35	59	26	24	36	33	30	31	45	23	41	63	36	47	30	30	44	31	22	40	40
Y_Contig_135	1141204	33	26	36	57	26	25	35	34	30	30	46	24	41	62	36	47	30	30	45	29	22	40	41
Y_Contig_135	1141205	34	26	36	57	26	25	35	34	30	30	46	24	41	63	36	47	29	28	45	29	22	40	41
Y_Contig_135	1141206	34	26	36	57	26	25	35	33	31	30	45	24	39	63	36	47	28	28	45	29	22	40	41
Y_Contig_135	1141207	33	27	36	56	27	25	35	33	31	30	46	24	39	64	36	48	28	28	45	29	23	40	42
Y_Contig_135	1141208	33	27	36	56	27	25	35	33	32	30	46	23	38	63	36	48	27	29	45	30	23	40	43
Y_Contig_135	1141209	33	27	36	56	26	24	33	34	31	29	46	23	39	63	36	48	26	29	44	30	23	40	43
Y_Contig_135	1141210	31	27	36	56	26	24	34	34	32	29	46	23	39	63	34	48	26	29	43	29	23	40	43
Y_Contig_135	1141211	31	27	36	56	26	25	34	34	32	29	46	23	40	63	34	48	26	29	43	29	23	40	44
Y_Contig_135	1141212	29	27	37	55	24	25	34	34	33	26	45	24	40	62	34	48	26	30	44	30	25	39	44
Y_Contig_135	1141213	29	28	37	56	24	25	34	34	33	27	45	24	40	62	34	48	26	30	46	30	25	40	44
Y_Contig_135	1141214	29	28	37	56	24	25	34	35	33	27	45	24	40	62	35	48	23	30	46	30	25	40	43
Y_Contig_135	1141215	30	29	37	56	23	25	33	35	33	27	45	23	41	61	35	48	23	30	46	30	25	40	43
Y_Contig_135	1141216	30	29	38	56	23	25	33	35	32	27	45	23	42	61	35	48	23	28	46	30	24	39	43
Y_Contig_135	1141217	30	29	38	57	24	25	33	34	32	27	46	25	41	60	37	46	23	29	46	30	25	39	40
Y_Contig_135	1141218	30	29	38	57	23	25	33	34	32	27	46	26	41	61	35	45	23	29	46	30	25	39	40
Y_Contig_135	1141219	30	30	38	58	23	25	33	34	31	27	45	26	40	61	35	45	23	29	46	31	26	38	40
Y_Contig_135	1141220	32	30	39	58	23	26	33	34	31	27	48	26	39	61	36	44	23	30	46	31	26	38	40
Y_Contig_135	1141221	32	30	39	57	23	26	35	34	31	26	48	26	38	61	36	43	23	30	46	31	26	38	39
Y_Contig_135	1141222	32	31	38	57	23	26	35	34	31	26	47	26	37	61	37	42	23	29	46	31	27	37	39
Y_Contig_135	1141223	32	31	37	58	23	25	35	33	31	26	47	26	37	62	37	44	23	29	48	30	27	36	40
Y_Contig_135	1141224	32	30	37	59	23	25	34	32	31	25	48	26	37	62	37	45	23	28	47	30	27	36	40
Y_Contig_135	1141225	32	30	37	59	23	25	35	32	31	26	48	26	37	63	39	45	23	27	46	31	27	36	40
Y_Contig_135	1141226	32	31	37	59	22	25	35	31	32	26	47	26	37	62	39	45	23	27	43	31	27	37	39
Y_Contig_135	1141227	33	32	37	59	22	25	35	29	32	25	47	26	37	62	39	45	23	27	43	31	27	37	39
Y_Contig_135	1141228	33	32	37	59	24	25	35	30	30	24	47	26	37	62	39	45	23	28	43	31	26	36	39
Y_Contig_135	1141229	34	32	37	59	24	25	35	30	30	24	47	26	36	63	39	45	23	27	43	31	25	36	39
Y_Contig_135	1141230	35	32	38	58	25	25	35	30	30	24	47	26	36	62	38	44	23	27	43	31	25	37	38
Y_Contig_135	1141231	35	31	37	58	25	25	35	31	30	24	48	26	35	61	38	45	23	27	43	31	25	37	37
Y_Contig_135	1141232	35	32	37	55	24	25	35	30	30	24	49	23	35	61	38	45	23	27	43	29	25	37	37
Y_Contig_135	1141233	35	33	37	56	24	24	34	30	31	25	49	23	35	61	37	45	23	26	43	28	25	38	38
Y_Contig_135	1141234	34	32	35	57	24	24	34	28	30	24	48	21	35	58	37	47	23	25	43	27	25	38	37
Y_Contig_135	1141235	34	33	34	57	24	24	34	28	30	24	48	21	35	58	37	46	23	26	43	29	26	38	36
Y_Contig_135	1141236	35	34	34	57	24	24	34	28	30	24	47	21	35	59	38	46	23	26	43	29	26	38	37
Y_Contig_135	1141237	36	34	34	58	24	24	34	29	30	24	48	21	35	60	39	46	24	26	43	29	26	38	37
Y_Contig_135	1141238	36	34	35	57	24	24	34	29	30	23	47	21	35	61	38	46	24	27	43	29	26	39	39
Y_Contig_135	1141239	35	34	35	57	24	24	34	30	30	23	48	21	36	60	39	46	26	27	43	29	25	39	39
Y_Contig_135	1141240	35	34	35	56	24	24	35	29	30	23	48	21	36	60	39	46	26	27	42	29	25	38	39
Y_Contig_135	1141241	35	33	34	56	24	23	35	29	30	23	48	21	36	60	39	46	26	27	41	29	25	38	39
Y_Contig_135	1141242	35	33	34	57	23	24	35	30	31	22	48	20	36	61	39	46	25	26	41	28	25	37	39
Y_Contig_135	1141243	35	33	34	57	23	23	35	33	31	21	47	21	36	61	40	45	25	27	40	28	25	37	39
Y_Contig_135	1141244	35	33	34	58	23	23	35	34	31	21	47	21	35	61	42	45	26	27	40	28	26	39	40
Y_Contig_135	1141245	35	33	34	59	23	23	35	34	33	22	47	21	36	61	42	44	26	27	41	28	26	40	40
Y_Contig_135	1141246	35	33	34	59	24	23	35	34	33	22	47	21	36	60	40	42	26	27	41	27	25	41	41
Y_Contig_135	1141247	35	33	34	59	24	23	35	34	34	23	46	21	36	59	39	42	26	27	40	26	25	41	42
Y_Contig_135	1141248	35	33	34	59	24	23	35	35	34	23	46	22	36	58	39	43	25	27	40	26	25	40	42
Y_Contig_135	1141249	35	34	34	58	25	24	35	36	35	23	46	22	36	58	39	44	25	27	40	27	25	40	41
Y_Contig_135	1141250	35	34	34	58	26	24	36	38	36	23	46	22	39	58	39	44	25	26	41	28	25	40	40
Y_Contig_135	1141251	34	34	34	57	26	23	36	39	35	23	46	22	39	57	40	44	25	26	41	28	25	39	39
Y_Contig_135	1141252	32	34	33	58	26	23	36	40	35	23	45	22	38	56	40	42	24	26	41	28	25	39	38
Y_Contig_135	1141253	32	34	33	58	26	23	36	40	34	23	45	23	39	55	40	41	24	26	42	28	25	39	38
Y_Contig_135	1141254	32	34	33	58	27	23	37	40	34	23	45	24	40	55	40	41	25	26	42	28	25	39	39
Y_Contig_135	1141255	31	35	33	58	27	23	37	40	34	25	45	23	39	56	40	42	24	26	42	28	25	39	40
Y_Contig_135	1141256	31	35	33	58	27	23	36	39	33	25	45	23	40	56	41	42	24	26	42	28	25	39	40
Y_Contig_135	1141257	31	35	33	58	27	23	36	40	33	25	45	23	40	58	40	43	24	27	41	28	26	39	40
Y_Contig_135	1141258	31	34	32	58	25	23	36	40	32	25	44	23	40	57	41	42	24	26	42	28	26	39	40
Y_Contig_135	1141259	31	34	31	58	24	23	35	39	30	25	44	23	40	57	41	41	24	26	42	28	26	39	39
Y_Contig_135	1145078	28	36	25	59	34	42	35	26	22	41	45	44	34	67	52	59	37	38	45	40	35	38	42
Y_Contig_135	1145079	27	35	25	59	34	42	35	25	22	41	44	44	34	68	51	58	38	38	45	41	35	38	42
Y_Contig_135	1145080	27	35	25	60	32	43	35	24	22	42	44	45	33	67	53	56	39	37	45	41	36	37	42
Y_Contig_135	1145081	28	36	25	59	32	42	35	23	23	41	44	45	33	68	52	56	39	38	46	41	36	39	42
Y_Contig_135	1145082	26	36	26	58	32	42	34	23	22	40	44	43	32	67	51	55	39	38	46	41	37	38	41
Y_Contig_135	1145083	24	37	26	58	32	41	34	23	23	39	45	42	30	66	51	57	39	39	46	41	36	38	40
Y_Contig_135	1145084	24	37	26	59	32	41	34	23	23	39	44	42	30	65	52	57	39	38	46	41	35	38	40
Y_Contig_135	1145085	24	38	26	59	32	41	34	22	23	38	42	42	30	64	52	59	39	38	47	42	35	36	40
Y_Contig_135	1145086	24	38	25	59	32	40	34	22	23	37	43	42	30	65	51	60	40	40	47	42	35	35	43
Y_Contig_135	1145087	25	37	26	59	32	39	34	23	23	37	44	44	30	66	52	59	41	42	47	42	35	35	43
Y_Contig_135	1145088	25	37	26	58	32	39	33	21	23	37	44	44	30	64	52	60	41	42	47	42	35	35	43
Y_Contig_135	1145089	24	37	26	57	33	38	33	21	23	37	44	44	30	64	53	61	42	43	47	42	34	34	43
Y_Contig_135	1145090	24	38	26	57	33	38	33	21	24	38	45	43	30	62	52	60	42	43	47	42	35	35	42
Y_Contig_135	1145091	24	38	26	57	31	37	34	21	24	39	45	42	30	61	53	61	42	41	47	42	35	36	44
Y_Contig_135	1145092	25	38	26	56	31	37	34	21	26	39	46	42	30	60	53	61	42	42	45	43	35	36	44
Y_Contig_135	1145093	25	38	26	56	31	37	34	21	26	39	46	43	30	60	52	61	42	42	46	43	35	35	43
Y_Contig_135	1145094	25	40	26	55	32	37	35	21	27	39	46	43	29	59	52	62	43	42	45	42	35	35	44
Y_Contig_135	1145095	25	40	26	55	32	37	36	22	27	39	45	44	29	57	54	62	43	42	45	42	34	35	44
Y_Contig_135	1145096	25	41	25	55	32	37	36	22	27	38	45	45	29	56	53	62	43	42	46	42	33	34	44
Y_Contig_135	1145097	24	41	24	55	32	37	36	24	27	39	45	43	29	57	53	63	43	41	46	44	34	35	44
Y_Contig_135	1145098	25	41	24	55	32	37	37	24	27	39	45	43	29	58	53	63	43	41	47	43	34	35	44
Y_Contig_135	1145099	25	41	24	55	32	37	38	24	28	39	45	44	30	58	53	63	42	41	49	43	33	35	43
Y_Contig_135	1145100	26	42	24	54	32	37	37	24	28	39	47	43	30	58	53	63	42	40	49	43	34	37	43
Y_Contig_135	1145101	26	42	25	55	31	37	36	24	28	38	47	44	30	59	54	61	41	40	47	43	34	37	43
Y_Contig_135	1145102	26	42	25	54	31	37	37	25	28	39	47	45	30	58	54	61	41	40	47	43	34	38	43
Y_Contig_135	1145103	26	44	25	56	32	37	37	25	28	40	48	45	30	58	54	61	40	41	48	43	34	38	43
Y_Contig_135	1145104	26	44	26	56	32	37	37	26	28	40	48	45	30	59	55	60	40	41	46	43	34	39	43
Y_Contig_135	1145105	26	44	27	56	32	37	37	27	28	40	48	45	31	58	55	58	41	40	46	43	34	40	43
Y_Contig_135	1145106	27	45	26	58	32	36	36	27	28	40	48	45	31	58	55	58	41	40	46	41	34	39	43
Y_Contig_135	1145107	26	45	26	58	32	34	36	27	28	40	48	46	31	57	54	60	40	40	46	41	34	39	43
Y_Contig_135	1145108	26	43	27	57	30	32	35	27	27	40	47	45	31	57	52	60	40	40	46	41	33	39	43
Y_Contig_135	1145109	26	43	26	59	31	33	35	27	27	41	47	46	32	57	51	60	40	40	46	41	33	40	44
Y_Contig_135	1145110	26	43	26	59	32	35	35	27	27	40	47	46	32	58	51	59	40	40	46	41	33	39	45
Y_Contig_135	1145111	27	43	26	57	32	35	36	27	27	39	47	48	32	58	51	59	40	40	46	41	33	39	44
Y_Contig_135	1145112	25	43	26	55	32	36	36	27	27	40	48	47	31	57	51	58	41	40	46	42	32	39	43
Y_Contig_135	1145113	25	44	26	54	31	35	36	27	27	41	47	47	30	59	51	58	41	40	46	42	32	40	41
Y_Contig_135	1145114	25	43	26	55	31	35	36	27	27	40	48	48	30	60	50	57	39	41	46	42	32	40	40
Y_Contig_135	1145115	26	43	26	55	30	35	38	27	27	39	48	47	31	60	50	56	39	43	46	41	32	40	42
Y_Contig_135	1145116	25	43	25	55	30	34	38	27	27	39	48	47	32	60	49	57	40	43	45	42	31	41	42
Y_Contig_135	1145117	24	42	25	56	30	34	37	26	26	38	49	47	32	60	49	57	40	43	45	42	30	42	44
Y_Contig_135	1145118	24	42	25	57	30	35	37	26	26	38	49	47	30	61	50	57	41	42	45	42	30	43	44
Y_Contig_135	1145119	24	43	25	56	30	35	37	26	26	38	48	47	30	60	50	57	41	43	45	42	30	43	45
Y_Contig_135	1145120	24	43	25	54	30	35	36	26	26	39	49	47	29	61	50	57	40	42	43	41	30	43	43
Y_Contig_135	1145121	24	44	25	54	29	35	37	26	26	39	48	47	28	61	50	57	40	42	43	41	30	43	43
Y_Contig_135	1145122	24	44	25	52	29	35	38	25	26	39	49	47	28	61	50	58	40	42	43	40	30	43	42
Y_Contig_135	1145123	24	45	26	53	29	36	39	26	26	39	49	49	28	60	50	58	40	44	42	40	29	43	42
Y_Contig_135	1145124	24	45	26	53	29	36	38	25	26	39	49	49	27	60	51	58	40	44	42	40	28	43	41
Y_Contig_135	1145125	24	45	26	52	29	37	38	25	27	39	49	47	27	60	51	58	39	45	42	40	27	44	41
Y_Contig_135	1145126	23	45	26	53	29	36	38	26	27	40	49	47	27	61	51	58	39	45	41	39	26	44	41
Y_Contig_135	1145127	23	45	26	53	28	36	38	26	27	37	48	47	27	61	51	57	39	45	40	39	26	44	41
Y_Contig_135	1145128	23	46	26	53	27	36	38	26	26	37	46	47	27	62	51	56	38	43	41	37	26	46	44
Y_Contig_135	1145129	23	46	26	53	27	36	38	26	26	36	45	47	27	61	51	57	38	44	41	36	26	45	44
Y_Contig_135	1145130	24	44	26	53	27	36	38	26	25	36	45	47	29	60	48	56	37	44	42	37	26	45	46
Y_Contig_135	1145131	24	44	26	53	27	36	39	28	25	36	45	47	28	60	48	57	37	45	42	37	26	44	46
Y_Contig_135	1145132	24	44	26	53	27	36	39	28	25	36	44	48	29	58	48	55	35	45	42	37	26	44	46
Y_Contig_135	1145133	25	45	26	53	27	36	39	28	25	36	44	48	29	58	47	55	35	44	43	36	26	45	46
Y_Contig_135	1145134	24	45	26	52	26	36	38	28	25	35	44	47	29	58	47	55	35	44	42	36	26	45	46
Y_Contig_135	1145135	24	45	26	55	28	36	37	28	26	34	44	47	30	59	48	54	35	45	44	37	30	46	47
Y_Contig_135	1145136	24	45	26	56	29	36	37	28	28	34	44	47	30	57	48	53	35	45	44	36	30	46	47
Y_Contig_135	1145137	24	45	25	56	30	36	37	28	27	33	42	47	29	56	49	53	36	44	45	35	30	47	47
Y_Contig_135	1145138	23	46	25	56	29	36	38	28	27	34	42	47	29	56	49	54	36	45	45	35	30	50	47
Y_Contig_135	1145139	22	46	25	55	29	35	38	28	29	35	42	47	29	56	50	56	38	45	45	34	30	49	47
Y_Contig_135	1145140	22	46	26	55	29	36	38	28	29	36	42	47	28	56	50	57	39	45	45	34	30	50	47
Y_Contig_135	1145141	22	46	24	55	29	36	37	28	30	37	42	48	28	56	50	57	39	45	45	34	30	50	47
Y_Contig_135	1145142	22	47	24	55	30	36	36	28	30	37	42	48	28	56	50	57	39	45	44	33	29	50	48
Y_Contig_135	1145143	22	47	24	55	31	36	37	28	30	36	42	48	27	56	50	58	39	46	43	33	29	50	48
Y_Contig_135	1145144	22	46	24	54	30	36	37	28	29	36	43	48	27	56	50	58	39	46	43	34	29	49	48
Y_Contig_135	1145145	22	46	24	53	30	36	37	28	29	36	43	48	26	56	49	57	39	46	43	34	29	49	48
Y_Contig_135	1145146	22	47	24	52	30	36	38	28	29	36	43	47	26	56	49	57	40	45	43	34	29	49	47
Y_Contig_135	1145147	22	47	26	52	31	36	37	28	28	36	43	47	26	57	48	57	39	46	43	34	29	50	46
Y_Contig_135	1145148	22	47	26	52	31	36	37	28	28	36	44	47	26	58	47	57	39	47	43	33	29	50	46
Y_Contig_135	1145149	23	47	25	52	31	36	37	28	28	36	44	45	26	58	47	57	39	47	43	33	29	50	46
Y_Contig_135	1145150	23	47	25	53	31	35	37	28	28	36	44	45	26	58	47	57	39	47	43	33	29	50	46
Y_Contig_135	1145151	22	46	26	53	31	38	38	29	28	37	45	46	26	57	49	58	39	49	44	34	30	48	48
Y_Contig_135	1145152	22	46	26	53	31	38	38	29	28	37	45	45	25	57	49	56	39	49	44	34	30	48	48
Y_Contig_135	1145153	24	46	26	53	32	38	40	29	29	37	46	45	24	57	49	56	38	50	45	35	30	47	48
Y_Contig_135	1145154	25	46	26	54	32	39	40	29	29	37	46	45	24	57	49	54	39	50	45	35	31	47	49
Y_Contig_135	1145155	25	46	25	56	34	40	40	29	29	37	47	45	24	58	48	54	38	50	44	35	31	46	49
Y_Contig_135	1145156	25	46	25	57	34	40	40	31	28	39	47	45	24	58	48	53	39	50	44	35	31	46	51
Y_Contig_135	1145157	25	46	26	57	34	40	40	31	28	39	47	45	24	57	48	53	39	49	43	35	31	46	50
Y_Contig_135	1145158	25	44	26	60	34	40	40	31	28	39	48	44	24	57	48	54	39	50	42	37	32	45	50
Y_Contig_135	1145159	26	44	26	61	35	39	40	31	28	39	48	45	25	56	48	54	40	51	41	38	32	45	50
Y_Contig_135	1145160	26	44	27	59	34	37	41	30	28	39	46	45	24	56	47	54	40	50	41	38	31	45	52
Y_Contig_135	1145161	26	44	27	59	34	37	42	30	28	39	46	45	24	56	47	54	40	50	41	38	31	45	52
Y_Contig_135	1145162	26	44	25	59	34	37	41	30	29	38	46	46	24	57	48	55	40	50	41	38	31	45	52
Y_Contig_135	1145163	25	44	25	59	34	36	42	30	29	38	45	45	24	58	48	55	40	49	41	38	31	44	52
Y_Contig_135	1145164	25	44	25	58	33	36	42	30	29	39	43	45	24	58	48	54	40	49	42	38	31	44	53
Y_Contig_135	1145165	25	44	25	58	34	36	43	32	29	40	46	45	24	60	49	54	39	50	42	37	30	45	54
Y_Contig_135	1145166	25	44	25	57	33	36	41	32	29	41	46	44	24	60	49	54	39	50	42	37	30	45	57
Y_Contig_135	1145167	25	46	26	57	33	37	41	31	29	41	45	42	24	62	48	56	39	50	42	38	30	44	58
Y_Contig_135	1145168	25	45	26	58	32	36	42	32	28	41	44	43	24	62	47	56	38	50	41	38	30	44	57
Y_Contig_135	1145169	25	45	26	58	32	38	43	32	28	40	44	43	24	62	46	57	37	52	41	39	30	44	57
Y_Contig_135	1145170	25	46	26	57	32	40	43	32	29	41	44	43	24	66	46	57	39	54	41	39	30	45	56
Y_Contig_135	1145171	24	45	26	57	32	40	43	32	29	43	43	41	25	67	46	56	39	53	42	40	29	45	56
Y_Contig_135	1145172	24	45	26	58	32	40	43	33	29	44	44	42	27	67	47	56	39	53	42	40	29	47	56
Y_Contig_135	1145173	24	46	27	58	31	40	44	32	28	46	44	41	27	67	47	56	39	54	42	41	29	47	57
Y_Contig_135	1145174	24	46	27	57	32	40	47	32	29	46	44	41	28	68	47	56	39	53	42	41	29	48	58
Y_Contig_135	1145175	24	46	27	56	32	40	47	32	29	46	44	41	27	68	47	56	39	53	42	41	29	48	57
Y_Contig_135	1145176	23	47	27	56	32	39	47	32	29	46	44	42	27	67	47	56	39	52	41	40	29	48	57
Y_Contig_135	1145177	26	48	27	56	32	42	47	32	30	46	43	42	27	69	46	56	41	53	43	39	29	49	57
Y_Contig_135	1145178	26	47	27	56	32	43	47	32	29	45	43	43	29	68	45	56	42	52	44	39	29	49	56
Y_Contig_135	1145179	26	46	27	56	32	43	47	32	29	45	42	43	29	67	44	56	42	52	43	39	28	47	55
Y_Contig_135	1145180	26	45	27	56	32	43	48	32	29	45	41	44	29	68	43	55	41	52	43	39	27	48	56
Y_Contig_135	1145181	26	44	28	56	32	43	48	32	29	46	40	44	29	67	43	56	41	52	43	39	28	48	55
Y_Contig_135	1145182	27	45	28	56	32	44	47	31	29	47	40	44	29	67	43	57	41	52	43	39	28	49	56
Y_Contig_135	1145183	27	44	28	56	33	47	47	31	29	47	41	44	29	67	42	57	41	53	43	40	29	49	56
Y_Contig_135	1145184	27	45	29	56	33	48	47	31	29	47	42	43	29	67	43	57	41	53	42	40	30	49	56
Y_Contig_135	1145185	27	45	29	56	33	49	48	31	29	47	43	44	29	66	45	57	40	53	42	39	30	49	55
Y_Contig_135	1145186	27	45	29	56	33	49	48	31	28	48	43	44	30	65	44	58	38	52	40	38	31	49	55
Y_Contig_135	1145187	27	45	29	56	33	49	48	31	28	47	43	44	29	65	44	57	38	52	40	38	31	49	55
Y_Contig_135	1145188	26	45	29	55	32	47	49	32	28	49	43	43	29	64	46	57	38	50	40	37	31	50	55
Y_Contig_135	1145189	28	45	29	55	32	47	49	32	28	49	43	43	30	64	46	57	38	51	40	37	31	50	55
Y_Contig_135	1145190	29	45	29	56	32	47	49	32	28	49	42	42	30	64	47	57	38	51	40	36	31	50	54
Y_Contig_135	1145191	29	45	29	55	31	47	50	32	28	49	42	42	30	65	47	57	38	51	40	37	30	51	54
Y_Contig_135	1145192	29	45	29	55	31	47	50	33	29	49	42	42	31	64	49	57	38	51	41	37	30	53	55
Y_Contig_135	1145193	29	45	29	55	31	47	50	35	29	48	42	42	31	64	49	57	38	53	41	37	30	53	57
Y_Contig_135	1145194	29	44	29	56	29	47	49	34	29	48	42	42	31	63	49	57	38	54	41	37	30	52	57
Y_Contig_135	1145195	29	44	29	55	29	47	49	34	29	48	42	42	31	63	49	57	38	53	40	37	30	52	55
Y_Contig_135	1145196	29	44	29	55	29	45	49	33	29	48	42	42	31	65	50	57	38	52	41	37	32	50	55
Y_Contig_135	1145197	31	44	29	57	29	46	49	33	29	50	42	42	31	66	50	57	38	52	40	37	32	50	56
Y_Contig_135	1145198	31	43	29	58	29	47	49	34	28	51	42	42	32	66	49	58	38	52	38	37	33	50	56
Y_Contig_135	1145199	31	42	29	57	29	46	49	34	28	50	41	42	31	66	48	59	38	52	37	38	33	50	56
Y_Contig_135	1145200	30	42	29	56	29	45	49	35	28	51	42	42	31	65	49	60	39	52	37	38	33	49	56
Y_Contig_135	1145201	29	41	29	56	29	45	50	35	29	52	42	43	31	65	48	60	39	52	37	37	34	50	58
Y_Contig_135	1145202	29	40	29	58	29	45	50	35	29	51	42	44	31	65	49	60	39	52	37	37	36	50	58
Y_Contig_135	1145203	29	41	29	59	28	46	50	35	31	51	43	44	32	67	49	60	39	52	37	37	37	50	58
Y_Contig_135	1145204	30	41	29	58	28	45	50	35	31	51	43	44	32	67	49	59	39	51	37	36	37	50	57
Y_Contig_135	1145205	30	41	29	58	28	45	50	36	31	49	45	45	32	67	49	59	40	51	37	35	38	49	56
Y_Contig_135	1145206	30	41	29	58	28	45	49	36	31	49	46	46	33	67	49	60	38	52	37	35	38	49	57
Y_Contig_135	1145207	30	39	29	57	29	45	48	37	30	49	47	46	32	66	49	60	39	51	37	34	36	49	57
Y_Contig_135	1145208	31	39	29	58	29	45	49	37	30	50	46	46	32	66	51	60	39	51	37	33	35	49	57
Y_Contig_135	1145209	31	39	29	60	30	46	49	37	30	50	47	47	32	65	49	59	40	50	38	33	35	49	57
Y_Contig_135	1145210	31	39	28	60	30	46	49	37	31	49	47	46	32	65	47	59	41	50	38	33	35	48	57
Y_Contig_135	1145211	31	39	28	59	31	46	49	37	32	49	47	47	32	65	49	58	40	49	37	33	34	49	57
Y_Contig_135	1145212	32	39	28	59	31	46	50	37	33	49	47	47	34	65	49	58	40	49	38	33	34	50	58
Y_Contig_135	1145213	32	38	28	59	31	46	50	37	33	49	48	47	35	65	48	58	40	49	38	32	34	49	58
Y_Contig_135	1145214	32	38	27	61	31	44	51	37	33	49	48	45	35	63	50	57	43	49	38	32	34	49	58
Y_Contig_135	1145215	32	38	27	61	30	44	52	37	32	49	48	45	35	62	49	57	43	49	38	31	34	49	58
Y_Contig_135	1145216	32	37	27	62	30	44	52	37	32	48	48	45	35	63	49	57	43	49	38	31	33	49	55
Y_Contig_135	1145217	33	37	27	62	30	44	49	37	32	48	48	45	35	63	50	56	43	48	38	32	32	50	55
Y_Contig_135	1145218	33	37	27	61	30	45	48	37	31	48	49	44	35	63	49	57	43	49	37	33	32	50	55
Y_Contig_135	1145219	34	35	28	62	30	45	50	38	31	47	49	44	34	63	49	59	43	49	38	33	32	50	55
Y_Contig_135	1145220	34	35	28	62	29	45	49	38	30	47	49	44	33	63	49	57	43	51	38	33	32	50	55
Y_Contig_135	1145221	34	35	28	63	29	45	50	39	30	46	48	42	33	63	51	57	45	51	38	33	32	50	54
Y_Contig_135	1145222	34	35	28	62	29	45	50	38	29	45	48	41	33	62	51	56	45	51	38	34	32	50	54
Y_Contig_135	1145223	34	35	28	62	29	44	50	39	29	45	48	41	33	63	51	55	45	51	38	35	32	48	53
Y_Contig_135	1145224	34	35	28	62	30	45	50	39	29	45	48	41	33	62	52	54	45	50	37	35	32	48	53
Y_Contig_135	1145225	35	35	28	62	30	45	50	39	30	45	47	42	32	62	52	52	48	50	38	36	32	48	53
Y_Contig_135	1145226	35	35	27	63	28	47	50	39	30	44	47	43	31	64	51	52	48	50	38	34	32	49	53
Y_Contig_135	1145227	36	35	27	63	30	47	50	38	30	45	48	43	31	64	54	52	48	50	38	34	32	49	54
Y_Contig_135	1145228	36	35	28	63	31	47	51	38	30	45	48	43	31	64	54	52	47	50	38	33	32	48	55
Y_Contig_135	1145229	37	36	28	61	31	46	52	38	30	45	48	43	33	63	54	52	46	52	38	33	32	48	56
Y_Contig_135	1145230	36	36	27	61	31	46	52	37	29	45	48	43	33	63	52	52	46	51	38	32	30	47	55
Y_Contig_135	1145231	36	35	27	61	31	47	52	38	29	45	48	43	33	62	52	52	46	51	38	33	30	46	57
Y_Contig_135	1145232	36	35	27	62	31	47	52	38	29	45	48	43	33	62	53	51	46	51	38	33	30	46	57
Y_Contig_135	1145233	35	34	27	62	31	47	53	38	28	45	47	43	33	62	53	51	45	50	38	33	30	46	57
Y_Contig_135	1145234	35	34	28	64	31	48	54	38	28	45	47	45	33	63	52	51	47	50	38	33	31	46	56
Y_Contig_135	1145235	35	33	28	64	31	48	54	38	28	45	47	44	33	63	52	49	47	49	37	32	30	46	56
Y_Contig_135	1145236	34	33	28	65	31	48	54	38	28	45	45	44	34	63	53	48	46	47	37	32	30	46	55
Y_Contig_135	1145237	35	34	26	65	32	48	54	37	28	45	46	42	35	64	53	48	44	45	37	33	31	46	56
Y_Contig_135	1145238	35	34	26	65	32	48	54	37	28	46	46	42	35	64	54	46	44	45	37	33	31	46	56
Y_Contig_135	1145239	35	34	26	65	31	48	54	37	27	45	45	42	35	64	53	47	43	45	37	33	30	45	56
Y_Contig_135	1145240	35	34	28	65	31	47	53	38	27	45	45	43	35	65	52	46	44	45	38	33	30	45	55
Y_Contig_135	1145241	36	34	28	65	31	47	54	38	27	44	45	43	35	66	53	46	44	45	39	33	30	45	54
Y_Contig_135	1145242	36	34	28	66	31	47	55	38	25	44	44	43	35	66	53	46	44	45	39	32	31	45	54
Y_Contig_135	1145243	37	34	28	65	31	47	55	38	25	44	44	43	35	66	53	47	44	45	38	32	31	45	54
Y_Contig_135	1145244	37	32	28	66	30	47	54	38	24	44	43	43	35	66	52	46	43	44	38	32	31	45	53
Y_Contig_135	1145245	38	32	28	65	30	47	53	37	24	44	43	42	35	66	51	46	43	44	38	32	31	46	53
Y_Contig_135	1145246	38	31	28	65	32	47	52	37	24	43	44	41	35	67	51	46	42	44	38	33	33	45	53
Y_Contig_135	1145247	38	31	28	65	32	46	53	35	24	42	44	41	35	67	51	45	43	44	38	31	32	45	53
Y_Contig_135	1145248	37	31	28	65	32	46	52	35	24	42	44	41	34	66	51	46	43	44	37	31	32	45	53
Y_Contig_135	1145249	37	30	27	65	32	46	51	35	23	42	44	40	34	66	51	46	43	44	35	31	32	45	54
Y_Contig_135	1145250	37	30	27	66	32	47	51	36	23	42	42	41	34	67	51	46	43	45	36	31	31	43	54
Y_Contig_135	1145251	38	27	26	63	31	48	50	36	25	41	41	39	34	68	49	48	44	44	36	31	30	41	56
Y_Contig_135	1145252	38	27	27	63	31	48	49	37	25	40	41	39	34	68	50	48	44	44	36	32	31	41	56
Y_Contig_135	1145253	38	27	27	63	31	49	49	37	25	40	42	39	34	68	50	48	44	44	37	32	31	42	56
Y_Contig_135	1145254	38	27	26	63	31	49	49	36	26	40	42	39	34	67	49	47	44	45	37	33	31	41	56
Y_Contig_135	1145255	39	27	25	64	31	50	49	35	26	40	41	39	33	67	49	47	43	45	37	33	31	40	56
Y_Contig_135	1145256	38	27	25	62	31	50	49	35	27	40	40	39	33	68	51	46	44	45	37	33	31	40	56
Y_Contig_135	1145257	38	27	25	63	31	50	49	35	27	40	40	38	33	68	51	44	44	45	38	33	31	40	56
Y_Contig_135	1145258	38	27	24	60	30	50	49	35	27	39	40	37	32	68	52	44	44	45	38	33	31	41	55
Y_Contig_135	1145259	38	28	24	61	30	49	49	35	27	39	41	37	33	69	52	44	44	47	38	32	31	41	54
Y_Contig_135	1145260	38	28	24	61	30	47	50	35	27	39	41	37	34	68	52	44	44	47	37	33	30	41	53
Y_Contig_135	1145261	37	28	24	61	30	47	49	35	27	39	42	35	34	68	53	44	44	47	37	33	30	41	53
Y_Contig_135	1145262	37	28	23	61	30	46	49	35	28	38	41	36	34	68	54	44	43	48	38	34	30	41	53
Y_Contig_135	1145263	37	27	23	61	30	46	49	34	28	37	38	36	34	65	54	44	43	47	38	34	30	40	53
Y_Contig_135	1145264	37	28	23	60	31	46	51	34	28	37	38	35	34	65	54	44	43	48	38	34	31	40	54
Y_Contig_135	1145265	36	28	22	60	31	46	49	34	28	37	39	36	32	65	54	44	43	46	38	33	30	39	52
Y_Contig_135	1145266	36	29	22	60	31	46	49	34	28	37	39	36	32	66	55	43	42	46	38	33	30	39	52
Y_Contig_135	1145267	36	29	21	59	31	46	49	34	28	38	39	38	32	66	55	42	43	46	39	33	30	38	51
Y_Contig_135	1145268	36	30	21	58	31	46	49	34	28	38	39	38	32	65	54	42	43	46	38	34	30	38	51
Y_Contig_135	1145269	36	29	21	58	31	46	49	34	28	39	39	38	32	65	55	42	43	45	38	34	31	38	52
Y_Contig_135	1145270	36	29	22	60	31	46	49	33	28	38	38	37	32	64	55	42	43	46	38	35	31	38	52
Y_Contig_135	1145271	36	27	22	59	31	45	48	33	28	38	39	36	32	64	54	42	43	46	38	35	31	38	52
Y_Contig_135	1145272	36	27	21	59	31	44	47	33	28	39	38	36	32	64	54	41	43	45	38	35	31	39	53
Y_Contig_135	1145273	36	25	21	57	31	44	48	34	28	38	38	35	32	63	54	41	44	44	40	35	32	39	53
Y_Contig_135	1145274	37	25	21	57	31	44	49	34	29	40	38	35	32	63	54	41	44	44	40	35	32	40	53
Y_Contig_135	1145275	37	25	21	57	31	43	49	33	28	40	38	35	32	63	54	41	44	43	40	35	32	40	53
Y_Contig_135	1145276	37	25	22	57	31	44	50	32	29	40	39	35	32	63	54	42	44	44	40	35	32	40	54
Y_Contig_135	1145277	37	25	22	56	31	44	50	32	29	41	40	35	32	63	54	42	44	44	40	35	32	40	54
Y_Contig_135	1145278	37	25	22	56	32	44	51	33	29	41	40	35	32	64	54	42	44	44	38	35	32	38	52
Y_Contig_135	1145279	37	25	22	57	32	44	51	33	29	41	40	36	32	64	54	41	45	43	38	35	32	38	53
Y_Contig_135	1145280	36	24	22	58	32	44	51	33	29	41	39	36	30	64	55	41	45	43	38	34	32	38	51
Y_Contig_135	1145281	36	24	22	57	32	44	50	31	29	41	39	37	30	64	54	40	44	42	38	34	31	38	51
Y_Contig_135	1145282	36	24	22	56	32	46	51	31	29	41	39	36	28	63	54	40	44	44	37	34	30	39	51
Y_Contig_135	1145283	35	23	22	55	32	46	51	31	30	41	39	37	29	64	55	40	44	44	36	34	30	38	52
Y_Contig_135	1145284	35	23	22	56	30	46	51	31	30	41	39	39	29	64	55	41	44	44	35	34	30	38	51
Y_Contig_135	1145285	36	25	22	56	30	47	50	31	29	42	39	40	29	63	55	43	44	43	35	35	29	38	50
Y_Contig_135	1145286	36	25	22	55	29	49	50	32	27	42	39	40	29	63	54	43	45	43	35	35	29	38	50
Y_Contig_135	1145287	37	25	22	55	28	48	50	32	27	42	39	41	29	63	54	42	44	43	35	36	29	36	50
Y_Contig_135	1145288	37	26	22	55	28	48	48	32	27	41	40	41	29	64	55	43	44	42	35	36	29	35	50
Y_Contig_135	1145289	38	26	22	55	28	49	50	32	25	40	40	42	30	64	55	43	42	42	35	37	29	35	50
Y_Contig_135	1145290	38	26	21	56	28	48	52	32	27	39	40	43	30	64	55	42	41	42	36	37	29	34	49
Y_Contig_135	1145291	38	25	22	56	28	48	52	32	26	38	40	42	31	64	54	41	40	41	36	38	29	35	48
Y_Contig_135	1145292	38	26	22	56	27	48	52	32	26	38	40	44	31	63	54	42	40	41	37	38	29	36	48
Y_Contig_135	1145293	38	27	22	56	26	48	51	32	26	39	40	44	31	64	56	41	40	42	37	38	30	36	48
Y_Contig_135	1145294	38	27	22	57	26	48	50	32	28	40	39	44	33	65	56	42	40	41	38	37	30	37	48
Y_Contig_135	1145295	38	27	22	57	28	49	52	32	28	40	39	43	34	66	56	43	39	41	39	38	30	41	48
Y_Contig_135	1145296	38	28	21	58	27	50	53	32	30	40	39	43	34	66	56	45	39	40	40	38	30	41	48
Y_Contig_135	1145297	38	28	20	58	27	50	53	32	29	41	39	43	34	65	56	44	41	41	40	38	31	41	48
Y_Contig_135	1145298	38	28	19	58	28	49	52	32	29	41	38	43	34	64	54	43	42	38	39	37	31	41	48
Y_Contig_135	1414578	30	27	25	21	23	36	34	34	30	36	38	41	45	23	45	47	43	49	38	38	33	55	42
Y_Contig_135	1414579	31	28	25	22	23	36	33	35	30	38	38	42	47	23	47	47	43	49	38	37	32	55	43
Y_Contig_135	1414580	30	29	27	22	24	36	33	35	30	38	38	42	47	23	47	47	43	49	39	37	31	55	43
Y_Contig_135	1414581	29	30	27	22	24	36	34	35	31	37	37	42	48	23	47	46	44	48	39	37	31	56	43
Y_Contig_135	1414582	28	29	27	22	24	38	34	35	31	38	36	42	48	23	47	46	44	48	39	38	32	53	44
Y_Contig_135	1414583	28	29	27	22	23	38	34	35	31	38	35	42	48	24	47	46	45	48	41	39	32	53	44
Y_Contig_135	1414584	28	28	28	21	23	38	34	33	31	38	34	42	48	24	47	46	45	48	41	41	32	53	44
Y_Contig_135	1414585	28	28	28	21	23	38	33	33	32	38	34	42	48	24	46	46	45	48	41	42	32	53	45
Y_Contig_135	1414586	28	28	28	21	24	38	33	33	32	38	34	42	48	25	46	46	45	48	40	42	32	53	45
Y_Contig_135	1414587	28	28	28	21	24	37	35	33	32	38	36	44	48	25	47	46	43	48	39	42	32	54	45
Y_Contig_135	1414588	28	28	28	19	24	37	35	33	32	38	37	44	48	25	48	46	43	48	39	41	32	55	46
Y_Contig_135	1414589	28	28	28	19	23	36	35	33	32	38	38	44	49	24	49	46	43	49	39	41	32	55	46
Y_Contig_135	1414590	29	28	29	19	23	36	35	33	32	40	38	44	50	24	49	45	43	49	38	41	31	56	45
Y_Contig_135	1414591	28	28	29	19	23	37	35	33	32	39	38	44	50	24	49	44	43	49	38	41	31	56	45
Y_Contig_135	1414592	28	28	29	19	23	36	35	33	32	40	38	44	49	24	49	45	43	49	39	41	31	56	45
Y_Contig_135	1414593	27	29	29	19	23	36	35	33	33	40	38	44	48	23	49	43	43	49	39	41	30	55	45
Y_Contig_135	1414594	28	30	28	19	22	36	35	33	33	40	37	44	45	23	50	43	43	49	39	40	30	54	45
Y_Contig_135	1414595	29	29	29	19	22	37	34	32	33	40	37	45	45	23	49	45	43	49	38	40	29	53	45
Y_Contig_135	1414596	29	28	29	19	22	37	34	31	34	43	38	45	45	24	49	45	42	49	38	41	28	54	44
Y_Contig_135	1414597	29	28	29	19	21	37	34	31	34	44	38	45	45	26	48	45	42	49	38	42	28	54	45
Y_Contig_135	1414598	29	28	29	19	21	37	35	31	35	44	37	45	45	27	47	45	43	49	38	42	29	54	45
Y_Contig_135	1414599	30	28	29	19	21	37	36	31	35	44	36	45	45	27	48	45	44	51	37	41	29	55	46
Y_Contig_135	1414600	31	28	29	20	21	38	36	31	35	44	36	45	46	27	47	45	44	50	37	41	29	55	47
Y_Contig_135	1414601	31	28	29	19	22	38	36	31	36	44	36	45	46	27	47	46	44	50	37	41	29	56	46
Y_Contig_135	1414602	30	28	29	19	22	39	36	31	36	43	35	45	46	27	47	46	44	50	37	39	29	56	46
Y_Contig_135	1414603	29	28	28	19	22	39	37	31	36	43	35	43	46	27	46	46	44	49	37	38	29	57	47
Y_Contig_135	1414604	29	28	29	19	22	39	37	31	36	43	36	43	46	27	47	45	43	49	38	38	29	57	49
Y_Contig_135	1414605	28	28	30	19	22	39	36	31	36	43	36	43	46	27	47	45	43	49	38	37	29	56	49
Y_Contig_135	1414606	28	28	31	19	22	40	35	31	36	44	36	44	47	26	48	45	41	49	38	37	29	55	49
Y_Contig_135	1414607	28	28	31	20	21	40	34	31	38	44	38	43	47	26	48	45	41	48	38	38	28	55	48
Y_Contig_135	1414608	28	28	31	21	21	40	34	31	37	44	38	43	47	26	50	44	41	49	38	38	27	55	49
Y_Contig_135	1414609	28	27	31	21	20	40	34	32	37	43	37	42	47	26	52	45	41	49	37	40	27	55	50
Y_Contig_135	1414610	27	27	31	21	20	39	34	32	38	43	37	42	47	25	50	44	40	49	37	40	27	55	51
Y_Contig_135	1414611	27	26	29	21	20	39	34	32	37	43	38	42	45	25	50	45	40	51	37	40	28	55	52
Y_Contig_135	1414612	28	27	28	21	20	39	34	32	37	43	37	42	45	25	50	45	40	52	37	41	27	55	52
Y_Contig_135	1414613	28	28	27	20	19	41	33	34	38	42	37	41	45	25	49	45	39	52	37	41	27	55	52
Y_Contig_135	1414614	29	29	27	21	19	41	33	34	38	41	37	40	45	25	49	45	39	52	37	40	26	54	52
Y_Contig_135	1414615	29	29	27	21	19	41	32	34	38	41	36	41	45	25	49	45	41	52	37	41	25	54	53
Y_Contig_135	1414616	29	29	27	21	19	41	32	35	38	41	36	41	45	25	49	45	41	52	38	42	25	54	53
Y_Contig_135	1414617	29	29	28	21	19	41	32	35	38	40	36	41	46	25	49	44	40	52	38	42	25	53	53
Y_Contig_135	1414618	29	30	28	21	19	41	33	35	38	41	36	41	45	25	49	45	40	51	38	42	25	53	53
Y_Contig_135	1414619	30	30	28	21	19	41	33	34	37	41	35	41	43	25	50	45	40	51	40	41	27	53	51
Y_Contig_135	1414620	30	31	28	21	19	41	33	35	37	41	36	42	43	25	50	46	40	51	39	41	27	55	51
Y_Contig_135	1414621	30	31	28	21	19	41	34	36	37	41	36	42	43	25	50	47	41	51	39	40	27	55	51
Y_Contig_135	1414622	30	30	28	22	20	40	35	36	36	41	36	39	43	25	51	46	41	51	40	39	27	54	50
Y_Contig_135	1414623	31	30	28	22	20	40	36	36	36	41	36	39	42	25	51	46	40	50	40	39	28	53	50
Y_Contig_135	1414624	30	30	26	22	21	41	37	39	36	41	36	38	42	25	51	47	39	50	40	39	28	53	50
Y_Contig_135	1414625	30	31	25	23	21	42	37	38	36	40	36	38	42	25	54	47	39	51	40	38	27	53	49
Y_Contig_135	1414626	30	31	26	24	21	43	36	39	36	40	36	38	43	25	53	47	39	50	38	38	26	53	52
Y_Contig_135	1414627	30	31	25	25	20	43	35	39	36	39	36	38	43	25	54	48	40	50	38	38	26	53	54
Y_Contig_135	1414628	30	31	25	25	20	43	35	39	36	39	36	38	43	25	55	47	40	50	38	39	26	54	53
Y_Contig_135	1414629	30	31	25	25	20	42	35	39	36	37	36	38	43	25	55	47	40	50	38	38	26	54	53
Y_Contig_135	1414630	31	31	24	24	20	44	34	38	35	38	37	39	43	26	55	47	40	50	38	38	26	54	52
Y_Contig_135	1414631	31	31	24	24	20	42	34	39	35	38	37	39	43	26	56	46	40	50	37	38	26	53	51
Y_Contig_135	1414632	31	32	25	23	21	42	35	39	35	38	37	39	43	25	56	46	40	50	39	38	27	52	49
Y_Contig_135	1414633	31	32	26	23	20	42	35	39	35	38	37	39	43	25	57	46	40	49	39	36	26	51	49
Y_Contig_135	1414634	31	31	26	23	20	42	35	38	35	38	37	38	43	25	57	46	41	49	39	36	25	51	49
Y_Contig_135	1414635	32	31	26	23	20	42	35	38	35	39	37	37	43	25	58	46	41	48	39	36	25	52	49
Y_Contig_135	1414636	32	31	26	23	20	42	35	38	34	39	37	37	43	25	57	46	41	48	39	36	25	50	47
Y_Contig_135	1414637	32	31	26	22	21	41	34	39	32	39	37	36	42	25	57	46	41	47	39	35	25	51	47
Y_Contig_135	1414638	31	30	26	21	21	40	35	39	31	39	36	35	42	25	58	46	41	46	39	35	24	52	47
Y_Contig_135	1414639	31	29	26	20	21	40	35	39	32	37	36	35	42	25	58	46	42	44	38	35	23	52	47
Y_Contig_135	1414640	31	31	27	20	21	41	36	39	32	37	36	35	43	26	59	46	42	44	38	36	23	53	47
Y_Contig_135	1414641	31	31	27	20	21	40	36	39	32	34	35	34	44	26	60	47	41	43	37	36	23	53	47
Y_Contig_135	1414642	31	31	27	20	23	40	36	39	32	34	35	34	44	26	60	48	41	43	37	36	23	53	48
Y_Contig_135	1414643	31	32	27	20	24	40	36	39	32	34	35	33	44	26	60	48	41	43	37	37	22	53	47
Y_Contig_135	1414644	31	33	28	20	25	40	37	39	31	33	35	34	44	26	60	48	41	43	37	37	21	53	48
Y_Contig_135	1414645	31	33	28	20	25	40	36	38	32	32	35	34	44	25	60	49	40	43	37	37	21	53	49
Y_Contig_135	1414646	31	33	28	21	25	40	36	38	32	32	35	34	44	25	61	49	39	43	36	38	21	53	49
Y_Contig_135	1414647	30	32	28	21	24	40	36	37	32	32	34	32	44	25	61	48	39	42	36	38	21	54	49
Y_Contig_135	1414648	29	33	27	21	24	41	36	35	31	32	34	33	45	26	60	48	40	43	37	37	21	53	49
Y_Contig_135	1414649	29	32	27	22	23	40	36	36	31	32	34	33	44	26	59	47	40	44	37	37	21	54	49
Y_Contig_135	1414650	29	32	27	22	23	40	36	36	31	32	33	33	43	26	60	47	39	43	37	37	21	54	51
Y_Contig_135	1414651	29	32	27	22	22	40	36	37	31	32	33	34	43	26	60	47	40	43	37	36	21	54	51
Y_Contig_135	1414652	28	32	27	22	22	40	35	37	31	32	33	34	43	26	60	47	39	43	36	36	21	54	51
Y_Contig_135	1414653	29	31	28	22	23	40	35	37	31	34	33	35	43	26	62	49	39	44	37	37	21	56	54
Y_Contig_135	1414654	29	31	28	22	23	41	35	37	30	34	33	36	42	26	61	48	39	44	37	36	21	56	54
Y_Contig_135	1414655	30	32	27	22	23	42	34	37	30	34	36	36	43	25	62	48	40	43	37	36	21	56	54
Y_Contig_135	1414656	30	33	26	22	23	43	34	37	28	34	36	36	42	25	62	49	41	43	37	36	21	58	54
Y_Contig_135	1414657	30	32	26	22	23	43	34	38	28	34	37	36	43	26	63	49	41	42	37	36	21	58	56
Y_Contig_135	1414658	31	32	26	22	22	44	35	38	27	34	35	36	44	26	63	48	40	41	36	33	21	58	56
Y_Contig_135	1414659	32	33	26	22	22	44	36	38	27	33	35	36	43	26	63	47	40	41	35	33	21	56	57
Y_Contig_135	1414660	32	33	26	22	22	44	36	38	27	33	35	36	44	26	64	47	41	41	35	33	22	56	56
Y_Contig_135	1414661	32	33	27	22	22	42	35	37	28	33	35	37	43	26	66	47	41	41	37	35	23	55	57
Y_Contig_135	1414662	32	33	28	22	22	43	36	38	27	33	35	37	43	26	66	45	41	40	39	35	23	56	57
Y_Contig_135	1414663	32	33	28	22	22	42	36	38	27	33	35	37	43	27	67	45	42	40	38	35	23	55	57
Y_Contig_135	1414664	32	32	28	22	22	42	38	38	26	33	35	37	43	28	67	45	42	40	38	35	23	54	56
Y_Contig_135	1414665	32	32	28	22	22	42	38	39	26	33	36	37	43	28	67	45	42	40	39	35	23	54	55
Y_Contig_135	1414666	31	32	29	22	22	42	38	39	26	33	35	37	43	28	67	43	40	40	39	35	23	54	54
Y_Contig_135	1414667	30	32	30	21	23	42	38	40	26	33	36	37	43	28	67	44	40	40	41	35	23	53	56
Y_Contig_135	1414668	30	32	30	21	23	42	37	39	26	33	36	36	41	28	67	43	40	40	41	36	23	53	57
Y_Contig_135	1414669	29	32	30	21	23	41	38	39	26	34	36	35	42	27	67	43	40	39	42	36	24	53	57
Y_Contig_135	1414670	28	32	31	21	22	40	36	38	26	34	36	35	42	26	68	42	40	39	41	36	24	54	56
Y_Contig_135	1414671	28	32	32	21	22	39	35	38	26	35	37	34	42	26	68	43	41	39	41	36	23	54	56
Y_Contig_135	1414672	28	32	33	20	21	36	36	38	26	35	36	34	43	26	68	43	41	41	41	37	23	56	57
Y_Contig_135	1414673	30	31	34	20	21	35	36	38	25	35	36	35	44	26	66	43	41	41	40	38	23	54	56
Y_Contig_135	1414674	31	31	34	20	21	33	36	38	25	35	35	35	44	26	66	43	41	41	39	38	23	55	56
Y_Contig_135	1414675	29	30	34	20	21	33	36	37	25	35	35	34	44	27	65	42	41	43	39	39	24	55	56
Y_Contig_135	1414676	29	30	35	20	21	33	36	37	25	36	35	35	44	27	65	43	41	43	39	39	24	55	56
Y_Contig_135	1414677	29	30	36	20	21	33	36	35	25	36	36	35	43	27	65	44	40	44	38	38	25	56	56
Y_Contig_135	1414678	30	30	36	19	21	33	35	36	25	36	36	35	42	27	64	44	40	45	38	38	25	56	56
Y_Contig_135	1414679	31	29	37	18	21	33	35	37	25	36	35	36	42	27	65	44	40	44	38	40	25	56	55
Y_Contig_135	1414680	31	29	37	18	21	32	35	37	25	36	35	35	42	27	63	44	40	46	38	41	25	58	55
Y_Contig_135	1414681	31	29	37	18	21	31	36	37	25	34	35	34	42	27	62	43	40	46	38	41	25	57	55
Y_Contig_135	1414682	31	30	37	19	21	33	37	37	24	34	35	34	40	28	61	42	40	45	40	40	25	57	54
Y_Contig_135	1414683	30	29	38	20	21	33	37	37	24	34	35	34	40	29	62	42	40	46	40	40	25	57	55
Y_Contig_135	1414684	30	29	38	21	21	34	38	37	24	34	35	34	40	28	62	42	40	47	40	39	25	57	56
Y_Contig_135	1414685	30	28	38	22	22	34	39	37	22	36	37	34	40	28	63	43	39	48	41	40	25	58	55
Y_Contig_135	1414686	32	28	38	22	23	34	39	37	22	37	35	35	41	28	63	43	38	48	40	40	25	58	55
Y_Contig_135	1414687	32	28	39	21	22	34	39	37	22	37	35	34	41	29	64	43	38	48	39	40	26	56	54
Y_Contig_135	1414688	32	27	40	21	22	34	39	37	22	38	35	33	41	29	63	42	38	48	38	40	26	56	55
Y_Contig_135	1414689	33	27	39	21	22	34	39	37	22	38	35	32	40	28	63	41	39	46	38	40	25	56	55
Y_Contig_135	1414690	33	27	38	21	22	34	38	36	22	38	36	31	39	28	63	40	39	46	39	39	25	56	54
Y_Contig_135	1414691	34	27	38	21	22	34	39	37	22	38	37	31	39	29	63	41	39	46	39	39	25	56	54
Y_Contig_135	1414692	34	28	38	20	22	35	39	37	22	38	36	32	39	28	62	40	39	46	39	39	24	56	54
Y_Contig_135	1414693	34	28	38	20	22	34	39	36	22	39	36	31	39	28	60	39	40	46	39	39	24	56	54
Y_Contig_135	1414694	34	29	38	20	22	34	38	36	22	40	36	30	38	28	60	38	40	46	39	38	25	56	54
Y_Contig_135	1414695	34	29	38	20	23	36	41	37	22	40	36	31	38	28	59	38	40	47	39	38	24	56	54
Y_Contig_135	1414696	34	29	38	19	23	35	40	37	22	40	37	30	38	28	58	38	39	47	39	37	24	56	55
Y_Contig_135	1414697	34	29	38	19	22	35	39	37	21	40	36	30	37	28	56	38	38	46	39	37	24	56	54
Y_Contig_135	1414698	33	29	38	19	22	35	39	37	21	39	34	30	37	28	56	38	38	47	40	36	24	56	53
Y_Contig_135	1414699	33	29	38	19	23	35	39	37	21	40	34	29	36	28	56	37	38	47	41	36	24	56	54
Y_Contig_135	1414700	33	29	39	18	23	35	39	37	21	40	35	29	36	27	56	37	38	47	41	35	25	56	55
Y_Contig_135	1414701	32	30	38	18	22	35	37	38	21	39	35	28	35	27	56	36	37	47	41	36	25	56	55
Y_Contig_135	1414702	32	32	38	18	22	35	40	37	22	38	36	28	35	27	56	36	37	48	41	36	25	56	55
Y_Contig_135	1414703	33	33	38	19	22	35	40	38	24	38	37	28	35	29	57	36	37	48	41	36	25	56	56
Y_Contig_135	1414704	34	33	39	19	21	35	40	37	24	37	37	28	35	29	57	35	37	48	41	37	25	55	56
Y_Contig_135	1414705	34	33	39	20	21	35	40	36	24	38	37	27	35	29	57	35	36	48	41	38	25	55	56
Y_Contig_135	1414706	34	33	38	21	21	34	40	36	24	37	37	28	35	29	57	37	37	48	41	38	25	55	57
Y_Contig_135	1414707	34	33	38	21	21	35	40	35	23	37	37	28	35	28	57	38	36	48	42	38	25	57	56
Y_Contig_135	1414708	34	33	38	21	22	36	40	35	23	37	38	28	35	28	58	38	36	48	42	38	25	57	57
Y_Contig_135	1414709	34	33	37	21	22	35	40	35	23	37	37	29	35	28	58	40	35	47	42	39	25	56	57
Y_Contig_135	1414710	34	33	37	21	22	36	39	35	23	37	37	29	36	29	57	41	35	46	41	39	25	55	57
Y_Contig_135	1414711	35	33	37	21	22	35	38	35	23	36	37	29	35	30	57	41	35	46	41	39	25	54	57
Y_Contig_135	1414712	36	33	37	21	22	35	38	35	23	36	37	31	35	29	57	41	34	46	40	39	24	53	56
Y_Contig_135	1414713	37	33	37	21	22	35	38	35	23	36	38	30	34	29	56	41	34	46	40	39	24	53	57
Y_Contig_135	1414714	36	34	37	21	22	35	38	35	23	36	38	30	34	28	57	41	34	47	40	39	23	54	57
Y_Contig_135	1414715	36	34	37	20	22	35	37	35	23	36	38	30	34	28	57	41	34	47	40	39	23	54	56
Y_Contig_135	1414716	36	34	37	20	22	35	37	35	23	37	38	30	34	28	58	41	33	49	40	39	23	52	58
Y_Contig_135	1414717	35	34	37	20	22	34	37	36	22	37	38	30	34	28	58	41	33	49	40	39	23	52	58
Y_Contig_135	1414718	35	34	37	21	22	34	37	34	23	37	38	30	34	27	57	40	33	49	39	39	23	52	58
Y_Contig_135	1414719	36	34	37	21	22	34	38	34	24	37	38	30	35	27	57	40	34	47	40	40	23	52	58
Y_Contig_135	1414720	35	33	37	21	22	35	38	34	24	37	39	30	33	27	58	39	34	47	40	40	22	53	58
Y_Contig_135	1414721	35	32	36	21	23	35	37	34	24	38	40	31	34	26	59	39	34	47	42	40	22	53	58
Y_Contig_135	1414722	36	33	36	22	23	37	37	34	24	36	40	31	34	25	60	39	34	48	42	40	21	53	58
Y_Contig_135	1414723	37	34	36	22	23	36	37	33	24	36	40	31	34	25	60	39	35	48	42	40	20	54	58
Y_Contig_135	1414724	37	34	35	22	23	36	36	32	24	35	40	31	33	26	60	40	35	48	42	40	20	53	58
Y_Contig_135	1414725	37	34	35	22	23	36	36	33	24	35	40	31	33	26	60	39	35	48	41	40	20	52	58
Y_Contig_135	1414726	38	34	35	21	23	36	36	34	24	34	40	33	33	26	59	40	36	46	41	41	20	52	58
Y_Contig_135	1414727	38	33	34	21	23	35	35	34	24	34	40	33	32	26	59	40	34	47	41	42	20	52	57
Y_Contig_135	1414728	37	32	32	21	23	35	35	34	24	33	40	33	29	26	57	40	34	48	40	41	21	52	57
Y_Contig_135	1414729	37	34	33	20	23	35	35	34	24	31	40	32	30	26	57	40	34	48	40	42	21	52	56
Y_Contig_135	1414730	37	34	34	20	23	35	35	34	25	31	40	32	29	27	57	40	34	48	41	42	21	51	56
Y_Contig_135	1414731	37	33	34	20	23	35	35	34	24	31	41	32	29	27	57	40	33	48	41	42	21	51	56
Y_Contig_135	1414732	35	33	33	20	23	35	35	34	24	30	41	32	29	27	56	41	32	48	39	38	20	51	55
Y_Contig_135	1414733	35	33	33	20	23	35	35	34	24	30	41	32	29	27	57	43	32	48	39	38	20	51	55
Y_Contig_135	1414734	35	33	33	20	24	35	35	34	24	30	41	32	29	27	58	44	32	50	39	38	21	51	55
Y_Contig_135	1414735	35	33	33	20	24	35	35	34	24	30	41	33	29	27	58	45	32	51	39	37	21	51	54
Y_Contig_135	1414736	35	33	33	20	23	35	35	33	24	30	40	33	29	26	59	45	33	52	39	37	21	51	54
Y_Contig_135	1414737	35	33	33	20	23	35	33	33	24	30	39	31	29	26	58	45	33	52	39	37	21	49	54
Y_Contig_135	1414738	35	33	33	20	23	36	33	33	24	30	38	31	29	26	57	45	33	52	39	37	21	48	53
Y_Contig_135	1414739	34	33	32	20	24	36	33	34	24	28	37	31	28	26	57	45	34	52	38	38	21	47	53
Y_Contig_135	1414740	35	33	32	20	25	35	35	34	24	28	37	31	28	26	57	45	33	54	38	38	21	47	53
Y_Contig_135	1414741	35	33	32	21	25	35	35	34	24	28	37	32	28	25	58	44	33	55	37	38	23	47	53
Y_Contig_135	1414742	35	33	32	21	25	35	35	34	24	28	37	31	28	26	59	44	34	54	37	38	23	47	53
Y_Contig_135	1414743	35	32	32	22	25	35	35	34	23	28	37	32	29	26	59	44	34	54	37	39	23	47	53
Y_Contig_135	1414744	34	31	32	22	25	35	35	34	23	28	37	32	29	26	58	44	35	54	37	39	23	46	53
Y_Contig_135	1414745	33	31	31	22	25	34	35	34	23	29	38	32	29	26	58	42	35	54	37	39	23	46	54
Y_Contig_135	1414746	33	31	31	22	25	34	35	34	22	26	37	32	29	26	59	42	35	54	37	38	23	45	55
Y_Contig_135	1414747	33	31	31	22	25	34	35	34	22	25	37	32	29	24	59	43	33	54	38	39	22	45	54
Y_Contig_135	1414748	35	31	32	22	25	34	35	36	22	24	37	33	29	23	61	45	32	54	38	39	22	46	55
Y_Contig_135	1414749	34	31	32	22	25	34	34	36	22	24	37	33	29	23	60	45	32	52	38	39	22	45	54
Y_Contig_135	1414750	33	31	32	21	25	33	34	36	22	24	38	33	28	23	60	45	32	52	38	39	23	46	53
Y_Contig_135	1414751	33	32	32	21	24	34	34	36	21	24	38	33	28	23	60	45	32	52	38	40	23	46	54
Y_Contig_135	1414752	33	32	32	21	24	34	34	36	21	24	38	34	29	24	61	45	33	52	38	40	23	46	54
Y_Contig_135	1414753	33	33	31	21	24	34	33	36	21	25	39	34	31	23	61	45	33	51	38	40	23	47	51
Y_Contig_135	1414754	33	33	30	21	24	34	33	36	21	25	39	34	31	23	61	45	32	51	38	40	23	47	52
Y_Contig_135	1414755	34	33	30	21	24	34	34	37	21	25	39	34	31	23	61	46	32	51	38	40	23	47	52
Y_Contig_135	1414756	34	33	29	21	24	33	35	37	21	24	39	33	30	23	60	46	32	51	38	40	21	47	52
Y_Contig_135	1414757	34	33	30	19	24	33	35	36	19	24	37	33	29	23	60	48	32	51	39	39	21	48	51
Y_Contig_135	1414758	34	34	30	18	24	33	36	37	19	24	37	33	30	24	58	48	32	50	40	38	21	48	50
Y_Contig_135	1414759	34	34	30	18	24	33	36	36	19	25	37	33	32	24	56	47	32	50	40	37	21	48	49
Y_Contig_135	1414760	34	34	30	18	24	33	36	36	18	25	37	33	32	24	57	47	32	49	41	36	22	48	49
Y_Contig_135	1414761	36	35	30	18	24	32	36	36	18	26	36	33	32	24	56	46	33	48	40	36	21	48	47
Y_Contig_135	1414762	35	35	30	18	24	32	36	36	18	26	36	32	32	24	56	46	33	47	40	35	21	48	47
Y_Contig_135	1414763	35	34	30	18	24	31	36	34	17	26	36	32	32	24	56	46	33	47	40	35	21	48	47
Y_Contig_135	1414764	34	33	30	17	24	31	36	35	17	26	37	33	35	24	57	46	34	47	40	35	21	49	47
Y_Contig_135	1414765	34	33	31	17	24	31	36	34	17	26	37	32	35	24	57	46	32	46	39	34	21	49	46
Y_Contig_135	1414766	34	33	32	17	25	32	36	35	17	26	37	33	35	24	57	46	32	48	38	34	21	50	47
Y_Contig_135	1414767	34	32	32	17	25	32	35	35	18	26	37	33	34	25	57	45	33	49	37	36	21	51	48
Y_Contig_135	1414768	34	33	32	17	25	32	35	35	18	25	37	33	34	25	57	44	34	49	36	36	21	51	48
Y_Contig_135	1414769	33	33	32	18	25	33	35	34	18	25	37	33	34	26	57	43	34	49	34	36	19	52	48
Y_Contig_135	1414770	33	32	32	18	25	34	35	33	18	25	36	32	35	26	57	42	34	49	35	36	19	50	48
Y_Contig_135	1414771	33	32	32	18	27	34	34	33	18	25	36	32	35	26	57	41	33	49	35	37	20	50	48
Y_Contig_135	1414772	34	32	32	16	26	35	33	33	18	25	36	33	35	26	56	42	33	49	34	37	20	48	48
Y_Contig_135	1414773	33	33	32	16	26	34	32	33	18	25	35	33	35	26	55	42	33	49	34	37	19	48	48
Y_Contig_135	1414774	34	32	32	17	25	33	32	30	18	25	34	34	35	26	54	41	36	49	34	38	18	49	49
Y_Contig_135	1414775	34	33	32	15	26	32	32	29	18	25	35	34	35	26	53	41	37	48	34	39	18	48	45
Y_Contig_135	1414776	34	33	31	15	26	32	32	29	18	25	35	34	35	26	53	41	37	48	35	39	18	48	46
Y_Contig_135	1414777	34	33	31	15	25	32	32	29	17	25	35	34	36	26	53	40	37	48	36	39	18	48	46
Y_Contig_135	1414778	35	33	31	16	25	33	32	32	18	26	35	34	37	26	52	40	37	48	37	39	18	47	47
Y_Contig_135	1414779	35	34	31	16	25	32	32	33	17	26	34	35	37	26	52	40	37	49	38	39	18	46	47
Y_Contig_135	1414780	34	34	31	16	26	31	33	32	17	25	34	34	36	25	52	40	37	48	37	41	18	46	47
Y_Contig_135	1414781	34	34	31	17	25	31	33	32	17	25	34	34	36	26	51	40	37	48	37	41	18	46	47
Y_Contig_135	1414782	34	33	30	17	25	31	32	32	16	25	34	34	35	26	51	40	37	48	35	41	17	46	49
Y_Contig_135	1414783	34	33	30	17	25	31	32	32	16	25	34	34	35	26	51	39	38	49	35	42	17	46	49
Y_Contig_135	1414784	34	33	30	18	25	31	32	32	16	25	34	34	35	26	51	39	40	49	35	42	18	46	49
Y_Contig_135	1414785	33	33	30	18	24	31	32	31	18	25	34	34	36	26	50	40	40	50	35	42	18	45	50
Y_Contig_135	1414786	33	33	30	18	23	31	32	31	18	25	34	34	36	27	50	40	39	49	35	42	18	46	50
Y_Contig_135	1414787	34	33	30	18	23	32	32	31	17	26	34	34	36	27	50	40	38	48	35	42	19	45	50
Y_Contig_135	1414788	34	33	31	18	25	32	32	31	17	26	34	35	36	27	49	40	37	48	35	44	19	44	51
Y_Contig_135	1414789	34	33	31	19	25	31	31	31	17	26	34	35	36	26	48	40	37	47	35	44	19	44	51
Y_Contig_135	1414790	36	31	30	19	25	31	31	31	17	26	36	35	34	26	49	40	37	47	35	43	19	43	53
Y_Contig_135	1414791	36	31	30	19	25	31	31	31	17	28	37	36	33	26	49	40	39	47	35	44	20	43	53
Y_Contig_135	1414792	36	31	30	19	23	31	31	32	17	28	37	36	34	26	49	39	39	48	35	44	20	43	53
Y_Contig_135	1414793	36	31	30	20	21	32	31	32	17	28	37	37	36	26	49	38	39	49	35	43	20	43	54
Y_Contig_135	1414794	36	31	29	21	21	32	30	32	17	28	38	36	36	26	49	38	40	49	36	43	20	42	53
Y_Contig_135	1414795	35	31	29	21	20	33	31	32	16	28	38	38	36	27	50	39	41	50	37	44	21	42	52
Y_Contig_135	1414796	35	31	29	20	20	35	31	33	16	28	38	37	36	27	50	39	42	50	37	44	21	42	53
Y_Contig_135	1414797	35	32	29	20	21	34	31	33	16	30	39	38	35	26	50	39	41	51	37	43	21	40	54
Y_Contig_135	1414798	35	31	29	20	21	34	31	33	17	30	40	38	35	26	50	39	41	51	38	43	21	40	54
Y_Contig_135	1414799	35	31	29	19	21	35	31	32	17	30	40	38	35	26	50	39	41	51	38	43	21	39	54
Y_Contig_135	1414800	35	31	28	19	21	35	32	32	17	29	41	38	35	26	50	38	41	51	38	43	21	38	50
Y_Contig_135	2307997	49	32	26	23	31	29	22	40	35	25	38	47	26	29	49	36	41	50	46	29	20	53	60
Y_Contig_135	2307998	50	32	26	23	30	30	22	41	35	26	38	47	26	29	49	36	41	49	45	30	21	53	63
Y_Contig_135	2307999	49	33	26	23	30	30	22	41	36	26	39	49	29	29	49	36	41	50	44	29	21	54	63
Y_Contig_135	2308000	50	33	26	23	30	29	23	40	36	26	40	49	29	29	49	36	40	50	44	29	22	54	63
Y_Contig_135	2308001	51	33	26	23	30	29	23	40	35	25	39	50	30	28	47	37	37	51	43	29	23	54	63
Y_Contig_135	2308002	52	33	26	24	30	29	23	40	36	25	39	50	30	27	47	35	37	52	42	29	23	53	64
Y_Contig_135	2308003	52	32	26	24	30	29	24	39	36	25	39	50	30	27	47	35	37	51	42	29	23	51	64
Y_Contig_135	2308004	51	32	26	24	31	30	24	38	36	25	40	49	30	27	47	35	36	51	42	29	22	53	63
Y_Contig_135	2308005	52	31	26	24	31	30	23	38	36	25	40	49	31	27	48	35	36	50	42	29	21	52	63
Y_Contig_135	2308006	51	31	27	24	30	30	23	38	35	25	38	49	30	28	48	35	37	48	44	29	21	53	62
Y_Contig_135	2308007	51	31	27	25	31	31	23	38	35	25	37	48	30	28	48	35	37	47	43	29	21	53	63
Y_Contig_135	2308008	53	31	27	25	30	32	23	38	34	27	37	48	30	29	48	35	37	47	41	29	22	56	63
Y_Contig_135	2308009	53	31	27	25	29	33	22	38	33	27	39	48	30	29	48	35	37	47	41	30	22	56	62
Y_Contig_135	2308010	53	30	27	24	29	33	22	38	33	27	38	47	30	29	48	35	37	47	41	30	22	56	62
Y_Contig_135	2308011	53	31	27	25	29	32	21	39	33	27	38	48	30	29	47	35	37	47	41	31	22	56	62
Y_Contig_135	2308012	53	31	26	24	29	32	22	39	34	28	38	48	30	29	46	35	37	47	41	30	23	55	62
Y_Contig_135	2308013	53	31	26	24	29	32	22	39	35	28	38	48	30	29	46	35	38	47	40	30	23	55	62
Y_Contig_135	2308014	53	31	26	24	29	31	23	40	35	28	38	48	30	29	45	34	39	47	41	30	23	54	62
Y_Contig_135	2308015	53	31	26	24	29	31	23	42	35	28	38	48	30	29	45	34	39	47	41	31	22	54	63
Y_Contig_135	2308016	53	31	26	24	29	32	23	42	33	29	38	48	29	29	45	33	39	45	40	31	22	53	64
Y_Contig_135	2308017	52	31	26	24	30	32	24	43	33	29	39	48	28	29	44	33	39	45	39	31	22	53	64
Y_Contig_135	2308018	52	30	25	23	30	32	24	43	33	29	39	48	27	29	42	33	39	46	39	31	22	53	64
Y_Contig_135	2308019	52	30	24	23	30	32	24	40	33	29	38	47	27	29	42	33	40	46	39	31	21	52	64
Y_Contig_135	2308020	52	31	24	23	30	32	24	40	33	29	37	47	27	29	42	33	40	48	39	31	21	52	64
Y_Contig_135	2308021	52	30	23	23	30	32	24	40	33	28	37	47	26	29	40	33	40	49	40	31	21	52	63
Y_Contig_135	2308022	52	29	24	23	31	34	25	41	34	28	37	47	27	30	40	32	42	49	40	31	23	51	66
Y_Contig_135	2308023	52	29	25	23	32	34	25	42	35	28	36	47	27	31	39	32	44	49	40	32	25	53	65
Y_Contig_135	2308024	52	29	24	22	32	34	25	43	35	28	36	44	27	31	39	33	45	49	40	32	26	53	65
Y_Contig_135	2308025	52	29	24	22	32	34	25	43	36	28	36	43	27	31	39	33	45	51	40	31	26	53	65
Y_Contig_135	2308026	52	29	24	22	32	34	24	44	35	28	35	43	26	32	39	33	45	51	40	30	26	53	65
Y_Contig_135	2308027	52	28	24	22	33	34	24	43	35	29	36	43	26	32	40	33	45	49	40	31	26	53	65
Y_Contig_135	2308028	52	28	23	23	34	35	24	43	35	29	36	41	26	32	39	34	45	49	41	31	26	54	65
Y_Contig_135	2308029	53	27	23	23	34	35	25	42	34	27	37	41	26	32	39	34	45	49	41	31	26	53	65
Y_Contig_135	2308030	53	28	23	24	36	34	25	42	34	27	37	41	26	32	39	34	45	50	41	31	26	53	64
Y_Contig_135	2308031	51	28	23	24	36	34	24	42	33	27	37	41	26	32	39	35	44	50	40	31	26	53	63
Y_Contig_135	2308032	51	28	22	24	36	34	24	41	33	26	38	42	26	32	38	36	45	50	38	31	26	52	65
Y_Contig_135	2308033	52	28	22	23	36	34	24	42	35	26	38	41	27	32	37	37	45	50	38	30	26	52	65
Y_Contig_135	2308034	53	28	22	23	35	34	24	42	35	26	37	40	27	33	39	38	45	51	38	30	27	52	65
Y_Contig_135	2308035	53	28	22	23	35	35	24	42	35	26	38	40	28	34	40	37	46	51	38	30	27	52	65
Y_Contig_135	2308036	53	29	22	23	35	34	23	42	35	26	39	39	27	34	39	35	45	50	36	31	28	52	64
Y_Contig_135	2308037	53	29	22	23	35	34	23	43	35	26	39	39	26	34	40	35	46	50	36	31	29	52	64
Y_Contig_135	2308038	53	29	23	23	35	35	23	46	35	26	39	39	26	34	42	35	46	50	36	31	30	52	64
Y_Contig_135	2308039	52	29	23	23	36	35	23	43	36	26	40	39	26	33	42	35	46	49	37	31	30	51	63
Y_Contig_135	2308040	53	28	23	24	35	37	23	43	39	26	40	39	26	33	42	35	47	49	37	32	30	52	63
Y_Contig_135	2308041	53	29	23	24	35	37	23	43	40	26	40	39	26	33	41	35	48	49	37	32	31	52	63
Y_Contig_135	2308042	53	29	22	24	35	35	23	43	40	26	40	38	26	33	41	35	48	49	37	32	31	52	63
Y_Contig_135	2308043	53	29	22	23	36	35	23	43	40	26	40	38	26	33	41	35	48	49	37	32	29	53	64
Y_Contig_135	2308044	52	29	22	24	36	35	23	43	40	26	40	39	27	33	41	34	49	49	37	31	29	53	64
Y_Contig_135	2308045	52	28	22	24	36	35	23	41	38	26	40	39	27	33	40	35	49	49	36	31	29	52	64
Y_Contig_135	2308046	52	29	22	24	36	36	23	41	39	26	41	39	27	34	40	36	49	49	36	31	28	53	64
Y_Contig_135	2308047	52	29	23	24	36	36	24	41	39	27	41	40	27	34	40	36	49	49	36	31	27	53	64
Y_Contig_135	2308048	51	29	23	24	35	36	25	41	38	27	41	40	27	34	40	36	49	49	36	31	27	53	66
Y_Contig_135	2308049	51	29	21	24	34	35	25	41	38	28	41	40	27	34	41	36	48	50	35	30	27	52	65
Y_Contig_135	2308050	51	29	21	25	34	35	25	41	39	29	41	40	27	34	42	35	49	51	35	30	28	52	66
Y_Contig_135	2308051	51	29	21	25	34	35	27	40	39	29	41	40	27	34	43	36	49	51	37	30	27	53	68
Y_Contig_135	2308052	51	29	21	24	35	35	27	39	39	29	40	40	28	35	43	36	49	51	36	30	27	53	67
Y_Contig_135	2308053	50	29	21	24	35	35	27	39	40	30	40	40	28	35	44	36	49	52	36	31	27	53	67
Y_Contig_135	2308054	50	29	20	24	35	35	27	39	40	30	40	40	27	35	42	36	49	51	36	31	27	53	66
Y_Contig_135	2308055	50	29	20	23	35	35	26	39	41	31	39	40	27	35	42	37	50	51	35	31	27	53	64
Y_Contig_135	2308056	50	29	20	23	34	34	26	39	41	31	39	41	29	36	42	37	50	51	35	30	27	53	63
Y_Contig_135	2308057	50	29	19	24	34	34	26	39	41	30	39	41	29	36	42	37	50	51	36	30	27	53	63
Y_Contig_135	2308058	51	30	20	24	33	34	27	38	41	31	40	41	30	36	42	37	51	54	34	31	27	54	65
Y_Contig_135	2308059	50	32	20	23	33	35	27	38	41	32	39	41	30	37	44	37	51	55	35	30	27	54	65
Y_Contig_135	2308060	51	33	20	23	34	35	28	38	41	33	39	42	30	37	43	38	51	56	35	30	28	54	65
Y_Contig_135	2308061	51	33	20	23	34	35	27	38	40	33	40	43	30	38	43	38	51	56	34	30	28	55	63
Y_Contig_135	2308062	52	33	20	23	34	35	27	38	40	32	40	44	30	39	43	38	50	56	34	31	30	55	62
Y_Contig_135	2308063	52	33	21	22	34	35	27	37	40	32	40	44	30	40	43	39	50	56	34	31	31	55	62
Y_Contig_135	2308064	52	33	21	22	34	35	28	37	40	32	40	44	30	40	43	39	50	56	34	30	31	55	62
Y_Contig_135	2308065	51	34	21	22	34	36	29	38	41	32	40	44	31	40	43	40	50	56	34	31	32	55	61
Y_Contig_135	2308066	52	35	21	21	34	36	29	38	41	31	41	45	33	40	43	41	49	57	35	32	32	55	61
Y_Contig_135	2308067	52	35	21	21	34	35	29	38	39	31	41	44	33	40	42	41	49	56	34	32	31	54	60
Y_Contig_135	2308068	52	34	21	21	34	35	29	38	39	31	41	44	32	40	41	41	49	56	34	32	31	54	60
Y_Contig_135	2308069	53	34	20	21	34	35	29	38	37	31	41	44	32	40	41	41	48	56	33	32	31	54	60
Y_Contig_135	2308070	54	34	19	22	34	35	29	36	37	32	41	43	32	39	41	41	47	56	33	32	31	54	60
Y_Contig_135	2308071	53	33	19	22	34	34	29	36	38	32	40	42	33	38	42	41	47	56	34	32	32	53	58
Y_Contig_135	2308072	54	33	19	23	34	34	29	36	38	32	40	42	33	38	43	41	45	57	34	32	32	53	59
Y_Contig_135	2308073	54	33	19	23	34	34	29	35	39	32	39	42	33	38	43	41	45	58	34	32	32	52	59
Y_Contig_135	2308074	54	33	19	23	34	34	29	35	40	32	39	42	33	38	43	41	45	57	34	32	32	53	59
Y_Contig_135	2308075	53	32	19	23	34	34	29	35	40	32	39	41	33	38	43	41	46	57	34	32	32	53	58
Y_Contig_135	2308076	54	31	19	22	33	33	29	36	40	32	39	42	33	38	43	41	46	57	34	32	32	52	56
Y_Contig_135	2308077	54	31	19	22	33	33	29	36	40	32	39	42	33	38	44	41	46	57	34	32	32	51	56
Y_Contig_135	2308078	53	31	19	22	33	33	29	35	40	32	39	42	33	38	45	41	46	56	33	30	32	50	55
Y_Contig_135	2308079	51	31	19	22	34	34	29	35	40	32	39	42	33	39	45	43	45	55	33	30	32	51	55
Y_Contig_135	2308080	51	31	19	22	34	34	29	35	40	32	39	42	33	39	45	43	45	55	33	30	32	52	55
Y_Contig_135	2308081	51	29	19	21	35	35	29	35	39	32	39	42	33	38	45	43	45	56	32	30	32	52	54
Y_Contig_135	2308082	51	29	19	21	36	35	29	35	39	33	39	42	33	38	45	43	45	56	32	30	32	53	53
Y_Contig_135	2308083	50	29	19	21	35	35	28	36	38	33	39	42	32	38	46	43	45	56	32	30	32	54	53
Y_Contig_135	2308084	50	29	19	21	35	35	28	36	37	33	39	42	31	38	46	43	45	54	32	30	32	54	53
Y_Contig_135	2308085	51	29	19	20	35	35	28	36	37	32	39	42	31	36	46	43	45	55	32	30	31	53	53
Y_Contig_135	2308086	50	29	19	20	35	35	28	36	36	32	38	42	31	36	46	43	45	56	33	31	31	53	52
Y_Contig_135	2308087	49	29	19	20	35	35	28	35	34	32	37	43	31	35	48	43	45	55	33	32	31	53	52
Y_Contig_135	2308088	50	29	19	20	36	35	28	35	34	34	38	45	31	35	48	42	46	56	33	31	31	53	51
Y_Contig_135	2308089	50	27	20	21	36	35	28	35	34	33	38	45	31	35	48	42	46	57	33	31	32	53	50
Y_Contig_135	2308090	49	27	20	22	36	35	28	35	34	33	38	45	30	34	48	42	46	56	34	31	33	53	50
Y_Contig_135	2308091	49	27	20	22	36	35	28	35	34	33	37	44	30	33	47	42	46	56	34	31	33	53	50
Y_Contig_135	2308092	49	27	20	22	36	35	28	35	34	33	38	44	30	33	47	41	46	55	34	31	32	54	50
Y_Contig_135	2308093	49	27	20	22	36	34	27	35	34	33	38	41	30	33	47	40	46	56	34	31	32	53	50
Y_Contig_135	2308094	48	27	19	22	36	34	27	34	34	33	38	41	30	32	47	40	45	56	35	31	32	53	50
Y_Contig_135	2308095	48	26	18	22	36	34	27	34	34	33	38	40	33	32	47	40	44	55	35	31	32	53	51
Y_Contig_135	2308096	47	26	19	22	36	34	27	34	34	33	39	40	34	32	47	38	44	55	36	31	31	53	52
Y_Contig_135	2308097	47	25	19	22	36	34	27	34	34	34	40	40	34	34	47	38	44	53	36	31	32	53	53
Y_Contig_135	2308098	47	25	19	22	36	34	27	34	34	34	39	40	34	34	47	37	44	53	36	31	32	53	52
Y_Contig_135	2308099	46	24	19	22	34	33	27	33	35	33	39	40	34	35	45	37	46	52	36	31	32	53	53
Y_Contig_135	2308100	46	24	19	22	34	34	28	32	36	33	39	40	33	35	45	37	45	53	36	31	32	54	54
Y_Contig_135	2308101	46	24	19	23	34	34	28	33	36	33	39	40	33	35	45	37	44	53	36	31	32	54	54
Y_Contig_135	2308102	45	24	19	23	34	34	29	33	36	33	39	40	33	35	45	36	45	53	36	31	32	55	55
Y_Contig_135	2308103	45	24	20	23	34	34	29	34	36	33	38	40	33	35	45	35	45	53	35	31	31	55	56
Y_Contig_135	2308104	45	24	20	23	34	34	29	34	36	33	38	40	34	35	45	35	45	53	35	31	31	53	56
Y_Contig_135	2308105	45	24	20	23	35	35	29	34	36	34	38	40	34	35	45	34	45	53	34	31	31	53	56
Y_Contig_135	2308106	44	24	20	23	35	34	29	34	36	34	38	39	34	35	45	34	45	53	34	30	31	53	54
Y_Contig_135	2308107	43	24	22	23	34	34	29	34	35	36	37	39	34	34	44	34	45	53	34	30	32	52	56
Y_Contig_135	2308108	43	24	22	23	34	34	29	34	35	36	37	40	34	34	44	35	44	53	33	30	32	51	56
Y_Contig_135	2308109	44	24	22	23	33	34	29	34	34	36	37	40	35	34	42	35	44	53	33	30	32	51	57
Y_Contig_135	2308110	44	24	21	23	34	34	28	34	35	36	37	40	35	34	41	34	44	54	33	30	33	51	57
Y_Contig_135	2308111	45	24	21	23	33	35	28	34	36	36	37	40	35	34	40	34	44	55	33	30	33	49	57
Y_Contig_135	2308112	45	24	21	23	32	37	29	33	34	37	36	40	35	34	39	33	44	55	33	31	32	50	55
Y_Contig_135	2308113	45	24	21	22	32	37	29	33	34	37	35	38	36	31	39	33	44	55	33	31	32	50	54
Y_Contig_135	2308114	45	24	22	22	32	37	29	33	34	37	35	38	36	31	39	33	44	54	33	29	32	50	54
Y_Contig_135	2308115	41	25	22	22	32	37	28	33	34	38	35	38	36	30	38	34	42	54	33	29	32	48	54
Y_Contig_135	2308116	43	25	21	22	32	37	28	32	34	39	35	37	36	30	38	35	42	53	32	29	32	49	54
Y_Contig_135	2308117	44	27	21	21	32	37	28	32	34	39	36	36	35	30	37	35	42	53	32	29	31	49	54
Y_Contig_135	2308118	44	27	21	21	32	36	27	31	34	39	37	36	36	29	37	35	40	52	32	28	32	47	55
Y_Contig_135	2308119	45	26	21	21	32	36	27	31	34	39	38	36	34	29	38	36	40	51	32	28	33	47	56
Y_Contig_135	2308120	44	27	22	21	32	36	28	31	34	39	38	36	34	28	38	36	38	51	32	28	33	47	57
Y_Contig_135	2308121	44	27	22	22	32	34	28	31	34	39	38	36	33	28	37	36	37	51	32	28	32	46	57
Y_Contig_135	2308122	44	27	22	22	33	31	27	31	34	39	37	36	33	29	37	37	37	51	32	26	32	46	56
Y_Contig_135	2308123	43	26	22	21	33	31	27	32	34	39	37	36	32	29	37	37	37	51	32	26	32	45	55
Y_Contig_135	2308124	43	25	23	21	30	31	27	32	36	38	38	36	33	29	37	38	37	51	32	27	33	45	53
Y_Contig_135	2308125	46	26	23	21	30	31	27	32	36	37	35	35	34	28	37	37	37	51	32	27	34	45	52
Y_Contig_135	2308126	46	25	23	21	30	31	27	34	36	37	36	36	35	28	37	37	37	52	33	27	34	45	51
Y_Contig_135	2308127	46	25	22	21	31	32	27	34	36	37	39	36	35	28	37	38	38	52	34	27	34	45	51
Y_Contig_135	2308128	47	25	23	21	31	32	27	34	36	38	39	35	35	28	37	39	38	52	34	27	34	47	51
Y_Contig_135	2308129	48	27	23	22	30	32	27	34	36	38	37	35	35	28	37	39	38	52	34	27	34	48	54
Y_Contig_135	2308130	48	27	22	22	29	32	27	34	36	37	36	33	35	27	37	39	38	51	33	27	34	48	52
Y_Contig_135	2308131	49	27	22	22	29	32	28	35	36	37	36	33	35	27	38	39	38	52	34	27	35	49	52
Y_Contig_135	2308132	49	27	22	22	29	32	28	35	36	37	37	33	35	27	38	38	37	52	34	27	35	49	52
Y_Contig_135	2308133	50	27	22	22	28	32	28	35	36	37	36	32	36	25	37	38	37	52	34	27	35	49	50
Y_Contig_135	2308134	50	27	22	23	28	32	28	35	36	37	36	32	36	25	37	38	37	52	34	27	35	48	50
Y_Contig_135	2308135	50	27	21	23	29	33	28	35	36	36	36	33	36	25	37	39	37	53	34	26	35	48	49
Y_Contig_135	2308136	50	27	21	21	29	33	28	35	36	36	37	32	37	25	38	38	36	53	33	26	36	46	49
Y_Contig_135	2308137	50	27	21	21	28	33	28	35	36	36	37	32	37	25	37	38	36	52	33	26	37	46	49
Y_Contig_135	2308138	49	27	21	22	29	33	28	34	35	35	37	33	37	25	37	37	36	51	32	26	37	46	49
Y_Contig_135	2308139	49	27	21	22	30	33	27	35	36	36	37	34	37	25	37	37	37	51	31	26	37	46	48
Y_Contig_135	2308140	49	27	20	22	30	33	27	35	38	36	37	34	37	25	37	35	36	51	30	25	37	45	47
Y_Contig_135	2308141	48	27	20	22	29	33	27	35	38	36	37	33	36	25	36	35	36	50	30	25	37	45	48
Y_Contig_135	2308142	48	25	20	20	30	33	28	35	36	35	38	33	36	25	35	34	36	49	29	25	36	45	46
Y_Contig_135	2308143	48	25	20	20	30	33	28	35	36	34	39	33	37	25	35	35	36	49	29	25	36	45	46
Y_Contig_135	2308144	48	25	19	20	29	33	28	34	35	35	40	32	37	25	34	35	37	49	29	24	36	43	45
Y_Contig_135	2308145	48	26	20	20	29	33	28	36	36	36	40	32	37	25	35	35	37	48	32	24	36	44	45
Y_Contig_135	2308146	48	26	20	20	29	33	28	37	36	36	40	32	37	25	35	35	36	48	32	24	36	44	45
Y_Contig_135	2308147	47	26	20	20	28	33	29	36	36	36	40	33	37	25	35	35	36	48	34	24	37	44	45
Y_Contig_135	2308148	46	26	20	21	28	31	29	36	38	35	40	33	37	25	35	35	36	49	34	23	36	45	44
Y_Contig_135	2308149	44	26	20	21	29	32	28	36	37	35	40	32	34	25	35	35	36	48	34	23	35	44	45
Y_Contig_135	2308150	45	26	20	21	29	32	29	36	38	35	39	32	34	25	35	35	36	48	34	23	35	44	45
Y_Contig_135	2308151	45	26	20	21	29	32	29	36	38	35	39	31	34	26	36	34	36	48	34	23	34	44	45
Y_Contig_135	2308152	44	26	20	20	28	32	29	38	37	35	39	32	34	26	36	35	36	47	34	24	34	44	44
Y_Contig_135	2308153	44	25	20	20	28	32	28	39	37	36	39	32	35	28	36	35	36	47	34	25	34	44	45
Y_Contig_135	2308154	44	25	20	19	28	31	28	39	37	36	38	31	35	28	35	35	36	46	34	25	35	41	45
Y_Contig_135	2308155	44	25	20	19	28	31	28	39	37	36	39	31	34	29	35	35	36	46	34	25	37	41	46
Y_Contig_135	2308156	44	26	20	20	28	30	29	40	38	36	39	32	33	29	36	35	35	47	32	25	37	40	46
Y_Contig_135	2308157	42	26	20	19	27	28	30	40	38	34	39	32	33	28	35	35	36	47	32	25	36	38	44
Y_Contig_135	2308158	42	26	20	19	27	28	30	40	39	34	38	32	33	27	35	35	36	47	32	25	36	38	44
Y_Contig_135	2308159	42	27	20	19	27	27	30	40	39	34	37	32	33	27	35	35	36	47	32	24	36	38	44
Y_Contig_135	2308160	42	26	20	19	28	28	28	39	39	33	38	32	33	27	35	36	34	47	32	25	35	39	44
Y_Contig_135	2308161	42	26	20	18	28	30	28	39	40	33	39	32	33	27	35	36	35	46	32	25	35	39	45
Y_Contig_135	2308162	43	26	20	18	28	29	28	39	39	33	39	32	33	27	35	36	35	46	32	25	35	39	45
Y_Contig_135	2308163	45	26	20	18	28	30	30	39	38	35	39	32	35	27	35	36	35	46	32	25	36	41	46
Y_Contig_135	2308164	45	28	20	18	28	30	29	38	38	36	39	32	35	27	35	36	35	46	31	25	36	41	46
Y_Contig_135	2308165	46	28	20	18	28	30	29	36	39	36	39	32	35	27	35	36	35	46	31	24	36	41	45
Y_Contig_135	2308166	46	28	20	18	28	29	29	36	39	36	39	32	35	27	35	36	35	46	31	25	36	41	44
Y_Contig_135	2308167	46	28	22	18	27	29	28	34	39	36	39	32	35	26	36	37	35	45	31	25	37	41	44
Y_Contig_135	2308168	46	29	22	18	27	29	29	34	39	36	39	34	35	26	36	38	35	46	31	25	36	41	43
Y_Contig_135	2308169	46	29	21	19	27	28	29	34	39	36	39	35	35	26	37	38	32	46	31	26	36	41	43
Y_Contig_135	2308170	46	29	21	19	26	28	28	34	38	35	39	37	35	26	37	38	32	44	32	27	36	41	44
Y_Contig_135	2308171	48	29	21	19	26	28	28	34	38	35	38	37	35	26	38	38	32	45	31	27	35	41	44
Y_Contig_135	2308172	49	29	20	20	25	28	28	33	38	36	38	37	35	24	39	38	32	44	32	28	34	40	44
Y_Contig_135	2308173	49	29	20	21	25	28	28	32	37	36	38	37	35	24	38	38	29	44	32	27	33	39	44
Y_Contig_135	2308174	49	29	21	21	27	28	28	34	37	36	39	37	35	24	38	38	29	45	33	27	32	39	44
Y_Contig_135	2308175	50	30	22	22	29	28	28	34	36	37	39	37	36	26	38	38	30	43	35	27	33	40	44
Y_Contig_135	2308176	50	30	23	22	29	29	28	33	36	37	39	37	36	25	38	38	30	43	35	27	33	40	44
Y_Contig_135	2308177	50	30	23	22	28	29	28	33	35	36	38	37	36	25	37	38	29	43	36	26	33	40	44
Y_Contig_135	2308178	52	31	23	21	27	28	29	34	35	35	38	39	36	25	40	38	29	43	35	27	33	40	45
Y_Contig_135	2308179	52	31	24	21	27	28	28	34	35	36	37	39	36	25	40	39	31	44	37	27	33	40	45
Y_Contig_135	2308180	52	30	24	20	25	28	28	34	35	37	37	39	38	25	41	40	31	44	38	27	33	40	45
Y_Contig_135	2308181	53	31	24	20	26	28	28	34	35	37	37	39	38	25	41	38	31	44	39	28	33	40	45
Y_Contig_135	2308182	53	31	24	20	25	30	28	34	35	37	36	39	38	25	41	39	30	46	39	28	33	40	44
Y_Contig_135	2308183	53	32	24	21	26	29	28	33	33	37	37	39	37	25	41	39	29	47	40	28	33	40	44
Y_Contig_135	2308184	52	32	24	21	26	29	29	33	34	37	37	40	37	24	39	38	30	47	39	28	32	39	44
Y_Contig_135	2308185	52	32	25	21	26	28	29	33	35	37	37	40	36	23	38	38	30	47	40	28	32	39	44
Y_Contig_135	2308186	54	31	25	22	26	29	30	32	36	37	35	39	36	24	38	38	30	47	40	26	32	39	44
Y_Contig_135	2308187	54	31	25	22	26	29	30	32	36	37	35	39	36	24	38	39	29	47	40	27	31	39	44
Y_Contig_135	2308188	54	31	24	22	26	29	31	29	36	37	36	39	36	25	38	39	29	47	40	28	30	39	47
Y_Contig_135	2308189	54	32	24	22	25	29	30	29	37	37	35	39	37	25	38	40	29	47	40	29	30	40	48
Y_Contig_135	2308190	53	32	24	21	26	27	31	29	36	38	35	40	37	26	38	40	29	48	41	28	30	40	48
Y_Contig_135	2308191	56	32	24	21	26	27	31	29	35	38	35	40	36	26	40	40	29	47	41	29	29	40	48
Y_Contig_135	2308192	56	32	25	21	26	27	31	29	35	37	35	40	36	27	40	40	29	47	43	30	29	38	49
Y_Contig_135	2308193	56	32	25	22	25	27	31	30	35	37	35	40	35	29	40	40	28	47	43	30	29	38	48
Y_Contig_135	2308194	56	33	25	21	25	28	31	30	36	37	34	40	36	29	41	40	28	48	44	30	29	39	48
Y_Contig_135	2308195	56	33	25	21	25	28	31	30	37	38	34	41	36	29	41	39	28	49	44	30	29	40	50
Y_Contig_135	2308196	56	32	26	21	25	27	31	31	36	39	34	41	37	29	41	38	28	49	45	30	29	40	50
Y_Contig_135	2308197	57	32	26	21	27	27	30	31	36	38	34	40	39	29	41	38	28	49	46	30	29	40	51
Y_Contig_135	2308198	58	32	26	21	27	27	29	31	36	38	34	39	39	29	41	38	28	49	47	32	29	40	49
Y_Contig_135	2308199	57	32	26	21	28	27	29	31	36	37	33	40	39	29	40	39	28	48	47	32	30	40	49
Y_Contig_135	2308200	58	32	27	20	29	27	29	31	35	36	33	40	40	29	40	39	27	47	47	32	29	40	48
Y_Contig_135	2308201	59	32	27	20	29	27	27	31	35	36	33	40	41	29	39	38	28	48	45	32	29	39	48
Y_Contig_135	2308202	59	33	27	20	28	27	27	31	35	36	34	40	40	28	39	40	28	48	45	32	29	39	49
Y_Contig_135	2308203	59	33	27	20	28	28	27	31	34	35	34	40	41	28	38	40	29	47	45	32	29	38	50
Y_Contig_135	2308204	58	33	27	20	29	28	27	31	34	35	34	40	41	28	39	39	28	48	45	33	29	38	50
Y_Contig_135	2308205	59	34	28	20	29	28	28	32	33	34	34	39	39	28	39	39	28	50	46	33	30	39	50
Y_Contig_135	2308206	59	33	28	19	29	29	29	32	33	34	35	39	39	27	39	39	28	51	46	33	30	39	51
Y_Contig_135	2308207	59	33	27	19	29	29	29	32	33	33	34	39	38	27	39	40	27	51	45	32	30	39	52
Y_Contig_135	2308208	58	33	27	19	29	29	28	32	33	33	34	40	38	27	39	39	27	48	45	33	30	38	51
Y_Contig_135	2308209	58	31	27	19	29	28	29	32	33	33	35	40	38	26	38	39	28	47	44	33	29	38	51
Y_Contig_135	2308210	57	31	27	20	29	28	28	32	33	32	37	40	39	26	38	38	28	46	44	33	30	38	50
Y_Contig_135	2308211	58	31	27	20	30	28	27	32	33	32	37	39	40	25	38	38	29	47	44	33	31	37	49
Y_Contig_135	2308212	57	32	26	21	31	27	27	32	33	33	37	38	40	23	37	38	29	47	44	32	28	38	49
Y_Contig_135	2308213	57	32	26	21	31	26	27	32	35	33	38	40	40	23	37	38	29	48	45	33	28	38	49
Y_Contig_135	2308214	57	31	26	21	31	26	26	31	34	33	39	41	39	23	37	38	29	48	45	32	28	38	49
Y_Contig_135	2308215	56	32	26	21	31	26	26	31	34	34	38	40	38	22	37	37	29	48	46	32	27	38	50
Y_Contig_135	2308216	56	31	26	21	31	26	26	31	34	34	38	39	37	22	38	37	29	47	45	31	27	38	50
Y_Contig_135	2308217	56	31	26	22	33	26	26	31	34	34	38	39	37	22	40	37	29	47	45	31	27	38	50
Y_Contig_135	2308218	55	31	26	22	33	26	26	30	34	34	38	39	36	22	39	37	29	47	45	31	27	38	50
Y_Contig_135	2308219	55	31	26	22	33	27	27	30	32	33	38	40	35	22	38	37	31	47	44	32	27	38	49
