Y_Contig_135	1141321	34	30	28	57	31	23	35	51	32	36	51	29	39	66	45	52	31	39	38	29	36	48	42
Y_Contig_135	1141322	33	30	27	58	31	23	34	51	32	36	52	29	38	67	45	52	31	39	38	29	36	48	42
Y_Contig_135	1141323	34	30	27	59	31	23	34	51	32	35	52	29	38	66	45	52	32	38	38	29	35	48	42
Y_Contig_135	1141324	35	30	27	59	31	24	34	51	32	35	52	29	38	66	45	53	33	39	40	30	34	48	43
Y_Contig_135	1141325	35	31	28	62	30	24	34	53	32	36	53	29	38	67	45	53	34	40	40	31	34	51	43
Y_Contig_135	1141326	35	31	28	61	31	23	33	53	32	36	53	29	38	67	45	52	35	40	40	31	34	50	43
Y_Contig_135	1141327	36	30	28	60	31	24	32	52	33	36	52	28	38	67	46	53	35	40	39	30	34	50	42
Y_Contig_135	1141328	38	30	28	60	31	25	32	53	33	36	50	29	38	66	45	54	34	41	37	30	34	51	43
Y_Contig_135	1141329	39	30	28	61	32	25	31	53	33	36	51	29	38	65	45	54	34	41	38	30	33	51	43
Y_Contig_135	1141330	39	31	28	60	32	25	31	53	33	36	51	27	38	67	45	53	35	41	38	30	33	51	44
Y_Contig_135	1141331	38	31	28	59	32	25	31	55	33	37	50	27	37	67	45	52	36	41	38	30	33	52	45
Y_Contig_135	1141332	38	32	28	59	32	25	31	56	33	37	49	27	37	69	45	52	36	41	37	31	33	53	45
Y_Contig_135	1141333	38	32	28	59	32	25	31	56	34	37	49	27	37	69	45	53	36	42	38	31	33	53	45
Y_Contig_135	1141334	37	32	28	59	32	26	31	56	35	38	50	26	37	69	45	53	36	42	38	31	33	53	45
Y_Contig_135	1141335	37	32	29	60	32	25	31	57	35	39	50	26	37	68	44	53	36	42	39	31	33	53	47
Y_Contig_135	1141336	37	31	29	60	31	24	30	57	35	39	49	26	37	67	41	52	36	42	39	31	33	53	46
Y_Contig_135	1141337	36	31	29	59	31	24	28	56	35	38	49	26	37	67	41	53	37	41	38	30	33	53	46
Y_Contig_135	1141338	36	31	29	59	31	24	28	56	35	37	49	26	37	68	41	55	37	43	38	30	33	53	46
Y_Contig_135	1141339	36	31	29	58	31	24	27	55	35	37	49	26	36	67	41	54	39	43	37	32	33	53	46
Y_Contig_135	1141340	36	30	28	58	31	24	27	56	35	37	47	25	36	67	40	54	39	43	37	32	32	53	47
Y_Contig_135	1141341	36	30	28	58	31	24	27	56	35	37	47	25	36	67	40	54	39	43	37	32	32	52	47
Y_Contig_135	1141342	36	30	27	56	31	24	27	56	34	37	47	26	35	69	40	54	39	44	37	33	32	52	48
Y_Contig_135	1141343	37	31	28	58	31	24	27	56	34	37	47	26	36	69	41	54	40	44	37	33	32	51	48
Y_Contig_135	1141344	37	30	28	58	31	22	27	56	35	37	47	26	36	69	41	53	40	44	36	33	32	51	48
Y_Contig_135	1141345	36	30	28	59	30	22	28	58	35	40	46	27	36	68	45	53	40	45	37	32	33	52	50
Y_Contig_135	1141346	35	30	28	59	30	22	28	58	35	40	44	27	36	68	45	53	40	44	36	32	33	53	50
Y_Contig_135	1141347	34	30	28	59	30	22	28	58	35	40	44	27	36	68	45	53	40	44	37	32	33	53	49
Y_Contig_135	1141348	34	30	28	59	30	22	29	57	35	40	44	27	37	68	46	53	41	45	37	31	33	53	49
Y_Contig_135	1141349	35	30	28	60	30	22	28	56	35	42	44	27	37	66	47	53	41	46	37	30	32	53	49
Y_Contig_135	1141350	34	30	28	60	30	22	28	56	35	42	42	27	37	62	47	53	41	46	37	30	32	53	49
Y_Contig_135	1141351	34	30	28	60	31	22	27	56	35	42	42	28	36	62	49	53	41	46	37	31	32	52	49
Y_Contig_135	1141352	34	30	29	60	31	22	27	56	35	42	42	28	36	64	49	54	41	46	37	31	33	52	48
Y_Contig_135	1141353	35	30	30	59	30	22	27	55	35	42	42	28	35	63	49	54	41	46	37	31	33	53	47
Y_Contig_135	1141354	35	30	29	59	30	21	28	54	35	43	41	28	35	63	49	54	41	46	36	31	33	53	47
Y_Contig_135	1141355	34	31	29	60	30	21	27	54	34	43	42	28	35	63	49	54	41	47	36	31	33	53	48
Y_Contig_135	1141356	34	31	29	60	29	21	27	54	34	43	42	28	35	63	49	54	41	49	36	32	33	52	49
Y_Contig_135	1141357	34	31	29	62	29	20	28	54	33	43	42	28	35	63	49	53	42	47	36	32	33	52	47
Y_Contig_135	1141358	34	31	30	62	29	20	28	53	33	43	43	28	34	64	49	54	42	47	37	32	33	53	47
Y_Contig_135	1141359	34	31	30	63	30	20	28	53	33	43	43	28	34	64	52	54	42	48	37	32	34	54	48
Y_Contig_135	1141360	34	31	29	63	30	19	28	54	32	43	43	28	33	65	52	54	42	49	37	32	34	54	47
Y_Contig_135	1141361	34	31	29	63	31	20	28	54	32	43	45	28	33	65	52	55	42	49	36	32	34	54	48
Y_Contig_135	1141362	35	31	29	63	31	19	28	55	31	43	45	27	33	66	53	54	42	48	36	32	32	54	48
Y_Contig_135	1141363	35	30	29	62	31	20	29	55	31	42	46	27	33	66	53	54	42	48	34	32	32	53	48
Y_Contig_135	1141364	35	30	29	62	31	20	29	54	31	42	46	27	33	66	52	54	42	48	35	32	32	53	49
Y_Contig_135	1141365	34	30	29	61	30	20	29	56	31	42	44	25	32	66	51	54	42	48	35	32	31	54	49
Y_Contig_135	1141366	34	29	29	60	30	20	29	57	31	42	44	24	31	65	51	54	42	49	35	32	30	54	48
Y_Contig_135	1141367	34	29	29	60	30	20	28	57	31	42	45	24	32	65	51	54	42	49	36	32	30	55	48
Y_Contig_135	1141368	33	29	29	60	30	19	28	57	31	42	45	24	32	65	51	55	42	48	36	32	31	54	48
Y_Contig_135	1141369	35	29	28	60	30	19	28	57	31	42	45	24	32	66	52	55	42	48	38	32	31	54	48
Y_Contig_135	1141370	35	29	28	62	31	19	30	57	32	42	42	24	32	66	51	55	42	48	39	32	31	54	49
Y_Contig_135	1141371	35	28	28	62	31	19	31	58	32	42	42	24	32	66	51	55	42	48	39	33	31	56	49
Y_Contig_135	1141372	36	27	28	61	31	19	32	58	33	42	41	25	33	67	52	54	42	48	38	34	30	56	49
Y_Contig_135	1141373	36	27	28	62	31	19	33	59	33	42	42	25	33	66	53	53	43	48	38	34	30	56	48
Y_Contig_135	1141374	37	28	29	61	31	19	33	60	33	42	41	26	33	66	52	52	43	47	38	34	30	56	48
Y_Contig_135	1141375	37	28	29	62	31	19	32	60	33	42	41	26	33	65	52	52	43	47	38	33	30	57	48
Y_Contig_135	1141376	37	26	30	61	30	19	32	59	32	43	41	27	33	65	53	51	43	47	38	33	29	56	48
Y_Contig_135	1141377	38	26	31	61	29	19	32	59	32	45	42	27	36	66	53	51	43	48	38	33	29	56	49
Y_Contig_135	1141378	38	26	31	61	28	19	32	58	32	45	43	28	36	66	53	51	43	47	39	33	29	56	49
Y_Contig_135	1141379	37	26	32	61	29	19	32	58	32	45	43	29	37	67	53	50	43	47	39	33	30	56	48
Y_Contig_135	1141380	37	26	31	61	28	19	32	58	32	46	43	29	37	67	53	50	43	47	39	35	30	55	48
Y_Contig_135	1141381	37	27	31	63	28	19	32	57	32	46	42	29	38	69	55	50	43	47	39	35	30	54	49
Y_Contig_135	1141382	37	26	30	64	28	19	32	57	33	44	41	29	38	69	56	50	44	48	38	36	30	54	49
Y_Contig_135	1141383	37	25	30	63	29	19	32	57	33	44	41	29	37	70	56	50	44	47	38	36	30	54	48
Y_Contig_135	1141384	37	25	30	62	29	20	33	57	34	44	43	30	37	72	56	48	44	48	38	36	30	55	48
Y_Contig_135	1141385	37	24	30	63	29	20	33	57	34	44	44	31	37	75	57	48	44	47	38	35	29	55	48
Y_Contig_135	1141386	36	23	30	64	29	20	34	57	34	45	45	32	37	74	55	48	44	49	39	35	29	55	48
Y_Contig_135	1141387	36	23	29	63	29	21	33	57	34	46	44	32	37	72	54	49	42	49	39	35	29	54	47
Y_Contig_135	1141388	36	25	29	64	29	22	35	56	34	46	44	32	37	72	54	49	42	48	39	35	30	53	47
Y_Contig_135	1141389	36	25	29	64	29	22	35	56	34	46	43	32	37	72	54	48	42	48	39	35	30	53	47
Y_Contig_135	1141390	37	26	30	64	29	22	36	56	35	48	44	32	37	71	54	48	42	48	41	35	30	53	46
Y_Contig_135	1141391	38	26	31	62	29	22	37	56	34	48	44	32	37	71	54	48	42	48	41	35	31	53	47
Y_Contig_135	1141392	38	26	31	62	30	21	37	54	35	48	44	32	38	72	54	47	42	47	41	35	31	53	47
Y_Contig_135	1141393	38	26	31	62	30	22	37	53	36	48	43	31	39	72	52	48	44	47	41	35	32	53	46
Y_Contig_135	1141394	38	26	32	62	30	23	36	53	38	48	43	31	40	72	52	48	43	47	41	35	32	51	46
Y_Contig_135	1141395	39	26	32	62	30	24	36	55	36	47	43	31	39	72	52	49	43	47	40	35	32	52	48
Y_Contig_135	1141396	39	26	32	63	30	24	36	56	36	47	43	31	38	73	53	51	43	48	40	34	32	51	47
Y_Contig_135	1141397	39	26	32	63	30	24	36	56	35	46	44	31	38	73	53	51	43	49	40	34	32	51	47
Y_Contig_135	1141398	39	25	32	65	30	23	36	54	35	46	44	30	39	73	54	49	44	49	40	34	32	52	48
Y_Contig_135	1141399	39	24	32	64	29	23	36	54	35	46	44	30	39	73	54	49	45	49	39	33	32	52	49
Y_Contig_135	1141400	40	25	32	65	28	23	35	52	35	47	44	31	37	73	54	49	45	49	39	33	32	52	50
Y_Contig_135	1141401	40	25	32	66	28	23	35	51	35	47	44	32	37	73	53	49	45	49	39	33	32	52	50
Y_Contig_135	1141402	40	25	32	66	28	23	35	50	35	49	46	33	37	73	53	51	45	49	39	33	32	52	50
Y_Contig_135	1141403	40	27	32	67	28	23	35	50	35	49	46	32	36	73	52	52	45	49	38	33	32	52	49
Y_Contig_135	1141404	40	27	32	67	27	23	34	50	35	49	45	31	35	73	52	52	44	49	38	33	33	53	49
Y_Contig_135	1141405	40	26	31	67	27	23	34	49	35	47	45	31	35	72	52	51	44	49	38	33	33	53	48
Y_Contig_135	1141406	40	25	31	67	27	25	34	48	35	47	45	31	33	72	51	51	44	49	38	33	33	53	48
Y_Contig_135	1141407	40	25	31	67	27	25	35	48	35	47	45	31	33	71	51	50	44	49	38	33	33	53	49
Y_Contig_135	1141408	40	25	31	67	27	25	36	48	35	47	45	31	33	71	49	49	44	49	37	33	33	54	47
Y_Contig_135	1141409	40	25	31	67	27	25	36	48	35	47	45	31	33	71	49	49	44	49	37	33	33	54	47
Y_Contig_135	1141410	40	26	31	66	28	25	37	48	35	46	44	31	34	70	49	49	46	48	36	33	33	55	47
Y_Contig_135	1141411	40	26	31	67	28	24	37	48	35	46	45	31	34	69	48	49	47	47	36	32	32	55	47
Y_Contig_135	1141412	39	26	31	66	28	24	36	48	35	46	45	30	34	69	46	48	47	47	35	31	32	55	47
Y_Contig_135	1141413	40	26	30	66	28	24	36	48	34	46	45	30	33	69	46	48	46	47	35	30	32	55	47
Y_Contig_135	1141414	41	26	30	65	28	24	36	49	33	46	45	29	34	70	46	47	46	50	35	30	32	55	47
Y_Contig_135	1141415	41	26	29	65	28	24	37	49	33	46	46	29	34	70	46	47	46	51	35	30	32	54	46
Y_Contig_135	1141416	42	24	29	66	28	25	37	49	32	46	46	29	34	69	46	48	47	50	36	30	30	56	46
Y_Contig_135	1141417	42	24	29	66	27	25	36	48	32	46	45	29	34	69	44	48	47	49	36	30	30	56	46
Y_Contig_135	1141418	43	25	30	66	27	26	36	47	32	46	46	28	31	70	44	48	47	49	38	30	30	56	46
Y_Contig_135	1141419	43	26	30	66	27	27	36	47	32	46	46	29	31	69	44	48	47	49	38	30	30	55	46
Y_Contig_135	1141420	42	26	30	66	26	27	36	47	32	45	45	28	31	71	45	48	47	49	38	31	31	55	47
Y_Contig_135	1141421	41	25	29	66	26	27	37	46	32	45	45	28	31	72	46	48	47	49	37	31	31	54	47
Y_Contig_135	1141422	41	25	29	65	26	27	37	46	32	45	45	29	31	73	46	49	47	49	37	31	30	54	47
Y_Contig_135	1141423	41	25	31	65	26	27	38	43	32	45	45	29	32	73	47	50	47	51	35	31	29	57	47
Y_Contig_135	1141424	41	25	31	64	24	27	38	42	32	45	45	29	32	72	45	49	46	51	35	31	29	58	47
Y_Contig_135	1141425	41	25	30	63	24	27	38	40	32	45	44	29	31	72	44	48	46	51	35	31	29	57	47
Y_Contig_135	1141426	40	27	29	60	24	27	38	40	31	45	44	28	30	70	42	48	46	49	35	29	29	57	47
Y_Contig_135	1141427	40	27	29	60	24	28	39	40	31	45	44	28	31	72	43	48	46	49	36	29	30	57	47
Y_Contig_135	1141428	40	26	29	59	24	28	38	40	31	45	44	27	31	73	43	48	47	49	36	29	30	56	47
Y_Contig_135	1141429	40	26	29	59	24	28	38	40	32	45	44	27	31	73	44	48	47	47	36	29	30	56	47
Y_Contig_135	1141430	40	26	29	60	24	27	38	41	32	45	46	28	31	73	44	47	47	47	37	30	30	56	46
Y_Contig_135	1141431	40	27	29	59	24	28	38	41	33	45	45	29	32	73	44	47	48	47	37	30	30	54	46
Y_Contig_135	1141432	40	27	29	59	25	28	38	41	33	44	45	29	32	72	43	48	48	45	37	29	28	54	46
Y_Contig_135	1141433	40	27	28	57	25	29	38	41	33	45	44	29	32	72	45	48	49	45	34	29	28	53	46
Y_Contig_135	1141434	41	27	28	57	25	30	38	42	33	46	44	30	33	72	45	48	49	46	35	29	28	53	45
Y_Contig_135	1141435	41	27	28	57	25	30	37	43	33	46	45	30	32	69	44	48	48	45	34	29	28	52	47
Y_Contig_135	1141436	41	27	28	57	25	30	37	43	32	45	44	30	32	69	44	48	48	45	34	28	27	51	46
Y_Contig_135	1141437	42	27	26	56	26	30	37	43	32	45	43	31	30	70	46	48	47	45	34	27	27	52	46
Y_Contig_135	1141438	42	27	27	56	26	30	38	43	32	45	43	31	30	72	46	47	47	45	34	27	26	53	47
Y_Contig_135	1141439	42	25	26	56	26	30	38	43	32	45	42	31	30	72	46	47	47	46	34	28	26	52	47
Y_Contig_135	1141440	42	26	26	56	25	29	37	43	32	44	41	32	30	72	44	46	45	46	33	28	26	51	45
Y_Contig_135	1141441	41	27	26	56	25	29	37	41	32	44	41	32	30	73	44	46	45	46	33	29	26	50	45
Y_Contig_135	1141442	41	28	26	56	26	29	37	41	32	44	40	32	29	74	45	46	45	45	33	29	26	50	45
Y_Contig_135	1141443	41	29	26	55	27	29	38	41	32	44	39	32	29	72	45	45	44	45	34	29	25	50	45
Y_Contig_135	1141444	41	30	26	54	27	29	39	42	31	44	39	32	28	72	48	44	43	44	34	29	25	50	46
Y_Contig_135	1141445	41	29	26	55	27	29	39	41	31	45	39	32	28	71	48	43	44	43	34	30	25	50	46
Y_Contig_135	1141446	40	30	26	55	29	29	39	40	31	45	38	30	29	69	48	42	43	43	35	30	25	50	47
Y_Contig_135	1141447	40	30	26	57	29	29	40	39	30	46	38	29	29	71	48	41	43	42	35	30	24	48	47
Y_Contig_135	1141448	40	30	27	57	29	28	40	39	30	43	39	30	28	71	49	40	43	41	35	30	25	48	47
Y_Contig_135	1141449	40	29	27	57	28	28	40	40	30	42	38	30	28	71	50	40	42	41	36	28	25	48	47
Y_Contig_135	1141450	41	30	27	58	27	28	40	41	30	42	37	30	29	70	50	39	42	41	36	27	26	48	47
Y_Contig_135	1141451	41	30	27	57	27	27	39	41	30	44	36	30	29	71	50	39	43	41	36	28	26	46	47
Y_Contig_135	1141452	42	30	27	57	26	28	38	41	30	44	38	30	29	72	50	42	42	42	36	30	25	46	48
Y_Contig_135	1141453	42	30	26	58	25	28	39	41	30	43	38	30	28	71	50	42	42	42	36	30	25	44	47
Y_Contig_135	1141454	42	30	26	58	25	28	40	40	29	42	37	30	28	71	51	41	43	44	36	30	25	44	48
Y_Contig_135	1141455	42	31	25	58	25	28	39	40	29	43	39	30	28	72	52	40	43	45	34	29	24	44	47
Y_Contig_135	1141456	41	32	25	58	23	28	39	39	30	43	39	30	29	71	52	39	43	45	34	29	24	44	47
Y_Contig_135	1141457	41	32	25	58	23	28	38	39	30	43	39	30	29	70	52	40	43	45	34	29	24	42	47
Y_Contig_135	1141458	41	32	25	58	23	28	38	38	31	43	39	30	29	70	52	40	44	45	34	29	25	41	47
Y_Contig_135	1141459	39	33	26	57	23	28	38	38	31	45	37	29	29	69	50	39	43	44	34	31	25	41	47
Y_Contig_135	1141460	39	33	26	57	22	28	38	38	31	44	37	29	29	69	49	40	43	44	34	31	26	41	47
Y_Contig_135	1141461	38	33	26	57	22	28	38	39	31	44	37	30	29	68	49	39	43	44	34	31	26	41	47
Y_Contig_135	1141462	39	33	27	57	22	28	37	38	31	44	37	30	29	69	49	39	43	44	34	31	27	41	47
Y_Contig_135	1141463	41	33	27	58	23	28	37	38	30	44	38	30	30	70	50	40	44	45	34	31	28	40	48
Y_Contig_135	1141464	41	33	26	57	23	28	37	37	31	43	38	30	30	68	50	41	43	45	33	31	30	41	49
Y_Contig_135	1141465	41	33	26	58	22	28	37	37	31	43	39	30	30	69	50	40	43	45	33	30	30	41	49
Y_Contig_135	1141466	41	32	26	59	21	29	37	39	31	42	39	31	30	67	50	40	43	44	33	30	29	40	49
Y_Contig_135	1141467	41	33	26	60	21	30	37	40	31	41	41	30	29	71	50	41	42	43	33	31	31	40	49
Y_Contig_135	1141468	41	34	25	59	22	31	37	41	32	42	42	31	29	70	50	40	42	43	33	31	30	41	49
Y_Contig_135	1141469	40	34	25	58	22	31	37	41	33	42	45	31	29	69	51	40	44	42	33	30	30	41	48
Y_Contig_135	1141470	42	34	24	58	22	33	36	42	33	42	44	32	29	69	52	40	43	43	33	30	30	41	48
Y_Contig_135	1141471	43	34	24	58	23	33	36	42	33	41	44	33	30	69	53	39	44	43	35	31	31	41	48
Y_Contig_135	1141472	43	34	24	57	23	33	37	43	33	40	45	33	30	69	53	39	44	43	35	31	31	42	48
Y_Contig_135	1141473	42	34	24	55	23	32	37	43	34	40	45	33	30	69	54	39	45	43	34	31	31	40	49
Y_Contig_135	1141474	41	33	24	54	23	32	37	44	34	39	46	33	31	69	54	38	45	41	32	31	31	40	48
Y_Contig_135	1141475	40	33	23	53	23	32	38	42	34	39	46	33	32	69	54	36	45	41	32	31	31	38	47
Y_Contig_135	1141476	41	34	23	53	24	31	38	43	34	39	46	33	32	69	53	36	44	41	33	31	31	38	47
Y_Contig_135	1141477	40	35	23	53	25	32	39	43	34	38	46	34	33	69	53	35	44	41	33	31	31	38	48
Y_Contig_135	1141478	40	35	23	52	25	31	39	42	34	38	47	33	33	69	53	36	44	42	33	32	31	37	48
Y_Contig_135	1141479	39	35	25	51	24	31	39	42	34	38	47	33	33	69	53	38	44	41	32	33	31	38	49
Y_Contig_135	1141480	39	34	25	51	24	31	39	43	34	38	48	33	32	68	53	38	43	41	32	33	31	37	48
Y_Contig_135	1141481	40	35	26	51	24	31	39	42	34	37	48	33	32	69	53	38	43	41	33	33	31	37	47
Y_Contig_135	1141482	40	34	26	51	25	31	40	41	34	37	49	34	32	67	53	38	43	40	34	33	31	36	47
Y_Contig_135	1141483	40	34	26	51	25	31	40	42	32	36	49	34	33	67	54	37	44	39	33	33	31	37	47
Y_Contig_135	1141484	40	34	25	51	26	31	41	42	31	36	49	34	34	68	55	37	45	38	33	35	31	37	45
Y_Contig_135	1141485	40	35	26	53	26	31	41	42	31	35	49	34	35	70	55	38	45	38	32	35	31	37	45
Y_Contig_135	1141486	40	35	26	52	27	31	41	42	30	35	49	34	35	70	55	40	44	38	32	35	31	37	45
Y_Contig_135	1141487	40	35	26	52	27	31	41	42	30	34	49	34	35	70	55	39	44	38	32	35	31	37	45
Y_Contig_135	1145360	31	30	24	57	24	40	48	31	32	37	36	42	32	62	56	44	46	42	53	39	20	48	54
Y_Contig_135	1145361	31	30	24	58	24	40	48	31	32	37	37	42	32	62	57	46	47	42	53	40	20	48	54
Y_Contig_135	1145362	30	30	26	58	24	40	48	30	31	37	37	43	29	62	57	46	47	43	53	40	20	47	53
Y_Contig_135	1145363	30	30	26	57	24	40	48	30	31	37	38	44	29	63	57	46	46	43	53	40	20	47	54
Y_Contig_135	1145364	30	30	27	57	24	41	47	31	32	37	38	44	29	64	55	47	45	43	53	40	20	48	54
Y_Contig_135	1145365	30	30	27	56	24	41	46	31	32	38	38	44	29	64	55	46	45	43	53	41	20	48	54
Y_Contig_135	1145366	29	30	27	56	24	41	46	31	33	38	38	45	30	62	54	46	44	43	53	40	20	48	54
Y_Contig_135	1145367	29	31	27	57	24	40	46	31	33	40	39	45	30	62	54	45	44	43	53	40	20	48	55
Y_Contig_135	1145368	30	31	26	57	24	40	45	31	34	41	39	45	30	63	54	46	45	42	53	39	20	48	57
Y_Contig_135	1145369	29	31	27	55	24	41	44	30	34	41	39	45	30	63	55	44	45	42	52	39	20	49	57
Y_Contig_135	1145370	29	31	27	55	24	41	44	30	34	41	39	45	31	63	55	44	45	40	52	39	20	50	58
Y_Contig_135	1145371	29	31	27	54	24	41	44	30	34	42	40	46	30	64	54	45	43	40	53	38	20	50	58
Y_Contig_135	1145372	29	31	27	54	25	42	44	32	34	44	41	46	30	64	55	45	43	40	53	38	20	50	58
Y_Contig_135	1145373	29	31	28	54	24	42	45	31	36	43	42	46	30	64	55	45	43	40	53	38	20	50	58
Y_Contig_135	1145374	28	31	28	54	24	42	46	32	36	43	42	45	30	64	53	45	42	40	53	38	20	50	58
Y_Contig_135	1145375	28	31	28	54	25	42	46	32	35	43	42	45	32	64	52	45	40	40	52	37	20	50	57
Y_Contig_135	1145376	30	31	27	53	24	42	45	32	37	43	41	45	32	63	49	45	40	40	52	39	20	49	56
Y_Contig_135	1145377	29	31	27	53	24	42	45	32	37	43	41	46	32	63	49	45	40	40	52	39	21	49	56
Y_Contig_135	1145378	29	30	27	53	24	41	44	32	37	43	42	47	31	63	49	44	40	38	52	39	21	49	55
Y_Contig_135	1145379	30	30	28	54	24	41	44	32	37	43	42	46	31	63	49	44	41	38	52	40	21	49	56
Y_Contig_135	1145380	31	30	28	54	24	41	44	32	37	42	43	46	31	63	49	45	41	38	51	40	21	49	56
Y_Contig_135	1145381	32	30	28	53	24	41	44	31	37	42	43	46	31	64	48	45	41	39	52	40	22	49	54
Y_Contig_135	1145382	32	32	28	54	24	41	44	31	37	42	43	46	31	64	48	44	41	39	52	40	22	49	54
Y_Contig_135	1145383	31	32	28	54	24	41	43	31	37	42	43	45	31	64	48	43	41	38	53	40	22	49	54
Y_Contig_135	1145384	31	33	27	53	24	41	42	31	37	42	43	45	31	66	48	44	39	38	54	40	21	49	54
Y_Contig_135	1145385	31	33	27	52	24	41	42	31	37	42	43	45	30	66	48	44	39	38	55	40	21	49	53
Y_Contig_135	1145386	30	33	27	51	24	41	43	32	37	42	42	45	30	62	48	45	39	39	56	39	21	50	53
Y_Contig_135	1145387	31	34	28	51	24	41	43	32	37	42	41	45	29	64	47	46	39	41	57	39	20	50	53
Y_Contig_135	1145388	31	34	28	51	24	41	43	32	38	41	41	45	29	64	46	47	39	40	58	39	20	50	53
Y_Contig_135	1145389	31	33	27	51	24	41	43	32	38	41	41	44	29	64	46	46	40	40	57	39	20	49	53
Y_Contig_135	1145390	31	33	26	51	24	41	44	31	38	41	41	44	29	63	46	46	40	40	58	39	21	49	53
Y_Contig_135	1145391	31	33	26	52	24	41	43	31	38	41	41	45	29	62	46	46	40	41	57	39	21	49	53
Y_Contig_135	1145392	30	33	27	51	24	41	42	31	38	41	41	44	29	62	46	46	40	40	57	39	20	49	52
Y_Contig_135	1145393	29	33	27	51	25	41	42	32	39	42	41	44	29	63	46	45	39	40	57	39	20	49	53
Y_Contig_135	1145394	28	33	27	51	25	41	42	32	39	43	41	44	30	63	48	45	41	40	58	39	20	49	52
Y_Contig_135	1145395	27	33	27	51	24	41	42	32	39	43	41	44	30	64	48	45	41	40	57	38	20	50	52
Y_Contig_135	1145396	27	34	28	51	24	41	44	32	39	43	40	45	30	62	48	45	40	41	57	38	19	50	54
Y_Contig_135	1145397	27	34	28	53	24	41	43	32	39	45	40	46	31	62	49	44	40	41	57	38	19	50	54
Y_Contig_135	1145398	28	34	28	52	24	43	43	32	39	45	40	46	32	62	50	44	40	41	57	38	20	51	54
Y_Contig_135	1145399	28	34	28	52	25	43	43	33	39	46	40	45	33	62	50	45	40	41	56	38	21	51	53
Y_Contig_135	1145400	28	35	28	52	25	42	43	32	38	46	41	46	33	62	51	44	41	41	56	39	21	51	53
Y_Contig_135	1145401	27	35	28	52	25	42	43	31	37	46	41	46	33	61	51	44	40	41	55	39	21	51	51
Y_Contig_135	1145402	27	35	27	53	25	43	45	30	37	46	41	46	33	61	50	44	41	41	55	38	20	51	51
Y_Contig_135	1145403	27	35	27	52	25	42	45	30	37	46	40	46	33	62	50	45	41	41	54	38	20	50	51
Y_Contig_135	1145404	27	34	27	52	25	42	45	31	35	46	41	48	34	62	49	45	42	42	54	39	21	50	51
Y_Contig_135	1145405	27	36	27	50	26	41	46	31	35	46	41	49	35	62	47	45	42	42	54	40	21	49	51
Y_Contig_135	1145406	28	37	27	50	26	41	46	31	35	46	41	49	35	63	47	46	41	43	54	40	22	49	51
Y_Contig_135	1145407	29	37	26	50	26	41	46	31	35	46	41	49	34	63	47	46	41	44	54	41	22	49	51
Y_Contig_135	1145408	29	37	26	50	26	41	46	31	35	46	41	49	34	62	47	46	42	44	54	41	22	49	51
Y_Contig_135	1145409	29	37	26	49	27	41	47	32	35	46	42	49	34	62	48	47	42	42	55	42	23	49	51
Y_Contig_135	1145410	29	37	26	49	27	42	47	32	35	46	41	49	34	61	49	47	42	42	55	41	23	49	52
Y_Contig_135	1145411	30	37	26	50	27	42	47	32	34	46	41	50	34	62	49	47	42	42	55	41	23	49	52
Y_Contig_135	1145412	30	37	26	50	27	43	46	32	35	46	41	49	34	62	48	47	42	41	54	40	23	49	53
Y_Contig_135	1145413	30	38	26	50	27	43	46	32	35	46	41	49	34	63	50	47	42	42	56	40	24	49	53
Y_Contig_135	1145414	30	37	26	50	26	43	46	32	35	46	41	49	34	64	50	47	44	40	56	40	23	49	52
Y_Contig_135	1145415	30	38	26	50	26	44	47	32	36	47	41	48	34	63	51	47	43	40	56	40	23	51	54
Y_Contig_135	1145416	30	39	26	50	26	45	47	32	37	46	40	46	34	63	51	47	42	40	55	40	23	50	53
Y_Contig_135	1145417	30	39	26	51	26	45	47	32	37	47	40	47	34	63	51	47	42	40	55	41	25	50	54
Y_Contig_135	1145418	30	39	26	51	26	44	47	32	37	47	40	47	34	65	51	47	42	40	55	40	25	49	54
Y_Contig_135	1145419	30	40	26	51	27	44	47	32	37	46	41	47	34	66	51	47	43	40	55	40	24	49	52
Y_Contig_135	1145420	31	40	26	49	27	44	48	33	37	46	41	47	34	66	51	48	43	40	55	39	24	48	52
Y_Contig_135	1145421	31	40	26	50	27	44	48	33	37	46	41	49	35	65	50	48	45	40	56	39	25	48	52
Y_Contig_135	1145422	31	40	27	50	28	44	48	33	36	45	41	49	35	65	50	48	45	40	56	39	25	48	52
Y_Contig_135	1145423	31	40	27	50	28	44	49	32	37	45	41	49	35	64	50	48	44	40	54	39	24	50	53
Y_Contig_135	1145424	30	40	27	50	29	45	49	33	37	44	41	49	35	65	50	48	45	40	54	39	24	49	53
Y_Contig_135	1145425	30	40	27	50	29	45	48	33	37	44	40	49	36	65	50	49	45	39	54	39	25	48	52
Y_Contig_135	1145426	30	40	27	51	29	44	48	32	36	43	39	48	36	65	50	51	44	40	54	40	25	50	53
Y_Contig_135	1145427	31	40	27	52	29	44	48	32	37	43	39	48	36	67	50	51	44	40	54	41	25	52	53
Y_Contig_135	1145428	31	40	27	52	29	44	47	32	37	43	39	48	37	67	50	52	44	40	54	41	25	52	52
Y_Contig_135	1145429	31	40	27	52	29	44	47	32	39	43	40	48	37	68	49	52	44	42	54	41	26	53	51
Y_Contig_135	1145430	31	40	27	52	29	43	46	32	39	43	41	49	37	71	50	52	44	42	54	41	28	55	52
Y_Contig_135	1145431	32	42	28	52	29	42	45	32	39	43	41	49	37	71	50	53	45	41	55	41	28	54	54
Y_Contig_135	1145432	32	42	28	53	29	43	45	32	39	43	42	50	37	71	50	53	45	40	55	41	28	53	54
Y_Contig_135	1145433	32	42	28	53	29	43	45	34	38	43	42	49	36	70	49	53	45	40	55	41	27	54	54
Y_Contig_135	1145434	33	42	29	52	29	43	45	34	38	43	42	47	36	70	49	52	48	40	55	40	27	54	54
Y_Contig_135	1145435	32	40	29	52	29	42	45	35	39	42	43	46	37	72	48	50	48	40	55	39	27	54	55
Y_Contig_135	1145436	32	40	29	53	29	41	45	34	40	42	43	47	38	72	48	51	47	41	54	39	27	55	55
Y_Contig_135	1145437	31	40	29	54	29	41	45	35	40	43	42	46	38	72	48	50	47	41	55	38	27	55	55
Y_Contig_135	1145438	30	39	30	54	30	41	43	36	41	43	43	45	39	71	47	49	47	43	55	38	28	54	56
Y_Contig_135	1145439	30	39	30	54	30	41	43	36	41	43	43	45	38	72	48	49	48	43	57	38	28	54	56
Y_Contig_135	1145440	30	39	30	53	30	41	41	36	39	43	43	44	38	71	48	49	48	43	56	38	28	55	56
Y_Contig_135	1145441	30	39	29	53	30	41	41	36	39	43	43	44	38	71	48	49	49	43	56	37	29	54	56
Y_Contig_135	1145442	30	38	29	53	30	41	40	36	39	43	43	42	38	71	47	48	49	43	55	37	30	53	56
Y_Contig_135	1145443	31	37	29	54	30	41	41	37	39	42	44	42	40	70	48	48	49	44	55	38	30	53	59
Y_Contig_135	1145444	31	37	29	53	30	41	40	38	37	41	44	42	38	69	48	46	49	44	54	38	30	52	59
Y_Contig_135	1145445	31	35	29	51	28	40	38	38	37	41	44	43	37	69	49	45	49	44	53	37	30	48	60
Y_Contig_135	1145446	31	35	29	51	29	39	37	38	36	41	44	42	37	70	49	44	49	44	52	37	30	48	61
Y_Contig_135	1145447	32	36	29	51	29	42	38	38	35	41	44	42	37	70	51	44	46	44	52	38	29	47	62
Y_Contig_135	1145448	32	36	29	51	28	41	38	38	35	41	45	42	36	70	51	44	45	45	53	38	29	47	61
Y_Contig_135	1145449	32	36	29	50	28	41	38	37	36	41	45	42	36	70	53	43	46	45	52	36	29	47	61
Y_Contig_135	1145450	31	37	29	50	28	41	38	37	36	41	46	42	37	73	53	43	46	46	52	36	29	48	61
Y_Contig_135	1145451	31	36	29	49	28	40	37	36	36	41	46	42	37	74	53	43	46	46	51	36	29	46	60
Y_Contig_135	1145452	31	35	29	49	27	40	37	37	36	41	45	42	37	73	52	43	46	45	49	36	29	47	60
Y_Contig_135	1145453	31	36	29	50	28	39	37	38	37	41	45	42	37	74	50	42	47	44	48	36	28	48	59
Y_Contig_135	1145454	31	35	29	50	28	39	37	38	37	40	44	42	37	74	50	42	47	44	48	36	28	48	59
Y_Contig_135	1145455	32	35	28	51	27	39	39	38	37	40	43	40	37	74	51	43	47	43	47	36	28	48	58
Y_Contig_135	1145456	32	34	28	52	28	39	37	37	37	41	43	40	36	75	51	43	46	43	47	36	28	48	57
Y_Contig_135	1145457	32	35	29	53	26	38	37	36	36	39	43	39	36	72	50	43	44	43	45	36	28	48	57
Y_Contig_135	1145458	32	35	29	52	26	38	37	36	36	39	43	39	36	73	50	43	44	44	45	36	29	48	58
Y_Contig_135	1145459	31	35	29	53	26	37	36	37	36	39	44	41	36	72	50	43	43	44	46	37	29	48	57
Y_Contig_135	1145460	31	35	29	53	25	37	36	36	36	38	44	41	35	72	50	43	43	42	45	37	29	47	56
Y_Contig_135	1145461	31	35	27	53	25	37	35	36	36	38	44	41	34	70	50	44	43	41	45	37	30	47	56
Y_Contig_135	1145462	30	36	27	53	27	37	37	36	35	40	45	42	34	71	49	45	43	41	45	37	30	50	56
Y_Contig_135	1145463	29	37	27	53	27	37	37	36	35	40	45	42	34	71	48	45	43	41	43	37	30	48	56
Y_Contig_135	1145464	29	37	27	51	27	37	37	36	35	40	45	42	34	71	48	45	44	41	41	36	30	48	55
Y_Contig_135	1145465	29	38	27	49	28	37	37	36	34	39	43	43	34	70	47	43	44	40	43	36	28	48	52
Y_Contig_135	1145466	29	39	27	50	28	37	37	38	34	39	42	44	34	70	48	43	44	40	43	37	27	48	52
Y_Contig_135	1145467	27	39	27	48	29	37	37	38	34	39	42	44	33	70	49	43	43	40	43	36	27	48	51
Y_Contig_135	1145468	27	39	27	48	29	37	37	38	34	39	42	44	33	70	49	45	43	40	42	36	27	48	50
Y_Contig_135	1145469	27	39	27	47	29	37	38	38	34	39	42	43	33	70	50	45	43	40	42	35	28	48	51
Y_Contig_135	1145470	26	40	28	45	29	37	36	37	34	38	42	42	33	71	50	45	43	39	39	35	28	47	50
Y_Contig_135	1145471	26	40	27	45	28	37	36	37	35	38	42	42	33	71	50	45	43	40	39	35	28	47	51
Y_Contig_135	1145472	25	40	26	46	28	37	37	38	36	38	41	43	32	73	53	45	43	39	40	35	29	48	49
Y_Contig_135	1145473	25	40	27	46	28	37	37	38	36	37	41	45	32	75	53	46	43	39	40	35	29	48	49
Y_Contig_135	1145474	24	40	27	43	28	36	37	39	35	37	40	44	28	75	52	45	43	39	39	35	29	48	49
Y_Contig_135	1145475	24	39	27	43	28	36	38	39	35	37	40	44	28	75	52	45	43	38	40	35	29	48	49
Y_Contig_135	1145476	24	39	27	42	28	36	38	39	32	35	39	45	27	74	52	45	43	38	40	35	29	48	48
Y_Contig_135	1145477	24	39	29	42	28	36	38	39	32	36	40	45	28	74	52	45	43	38	40	34	29	48	48
Y_Contig_135	1145478	23	39	29	44	28	36	38	39	32	36	40	45	27	74	51	44	43	38	39	34	29	49	48
Y_Contig_135	1145479	23	39	28	45	29	37	37	38	32	37	39	45	27	73	51	43	42	38	39	32	29	49	49
Y_Contig_135	1145480	23	39	28	46	29	38	37	37	32	37	39	45	27	73	51	43	42	38	38	32	29	49	49
Y_Contig_135	1145481	23	39	29	46	29	38	37	35	32	36	40	45	27	74	51	42	42	38	38	32	29	49	48
Y_Contig_135	1145482	22	39	29	46	28	38	37	35	32	36	39	44	28	73	51	42	42	38	38	32	29	49	47
Y_Contig_135	1145483	22	39	28	45	30	38	38	35	31	36	38	44	28	73	51	42	42	38	38	30	29	50	47
Y_Contig_135	1145484	22	40	29	45	29	38	38	35	32	35	38	44	28	72	51	43	42	38	38	30	29	50	47
Y_Contig_135	1145485	22	40	29	44	29	37	38	35	32	35	37	44	29	72	51	42	42	39	37	29	29	50	47
Y_Contig_135	1145486	22	40	29	43	29	37	38	35	32	36	37	43	29	71	52	41	42	39	37	29	29	50	46
Y_Contig_135	1145487	24	39	29	44	29	37	38	34	32	36	37	43	29	71	53	41	42	38	37	27	29	50	46
Y_Contig_135	1145488	24	39	28	44	29	37	38	34	31	35	37	43	29	71	53	41	42	38	37	27	29	51	46
Y_Contig_135	1145489	26	39	27	44	29	38	37	34	31	34	37	43	29	71	53	41	42	38	36	27	29	51	46
Y_Contig_135	1145490	26	39	28	45	29	38	36	34	31	34	37	42	30	72	53	42	41	38	35	27	29	51	46
Y_Contig_135	1145491	28	39	28	45	30	37	36	35	30	34	37	42	30	72	53	41	43	39	36	28	29	51	45
Y_Contig_135	1145492	28	39	28	45	30	37	35	35	29	34	37	40	30	72	52	42	43	38	36	28	28	50	45
Y_Contig_135	1145493	28	39	28	46	30	37	35	34	29	33	37	40	31	71	51	41	44	39	36	27	28	50	45
Y_Contig_135	1145494	28	39	28	46	30	36	35	35	29	33	37	40	31	72	51	40	44	39	36	28	28	49	47
Y_Contig_135	1145495	28	39	27	46	30	36	35	34	29	33	37	40	31	72	51	40	45	39	36	28	28	48	47
Y_Contig_135	1145496	27	38	27	45	30	36	35	34	29	34	38	39	31	72	51	40	43	39	37	28	28	48	47
Y_Contig_135	1145497	27	37	26	46	30	36	35	34	30	34	39	39	30	71	51	41	43	39	37	29	28	48	46
Y_Contig_135	1145498	28	37	26	47	30	34	35	34	30	33	37	39	30	71	51	41	43	39	38	29	28	48	45
Y_Contig_135	1145499	28	37	25	47	30	35	35	33	30	33	35	39	30	72	50	41	44	39	37	28	27	47	46
Y_Contig_135	1145500	30	37	25	47	30	35	35	34	31	33	35	39	30	72	50	41	44	39	37	28	27	47	46
Y_Contig_135	1145501	30	37	24	47	30	35	35	34	31	33	35	39	30	71	50	40	44	39	37	27	27	44	47
Y_Contig_135	1145502	30	38	24	45	30	35	35	34	32	33	35	39	30	71	49	40	43	38	36	30	27	45	48
Y_Contig_135	1145503	30	38	24	45	29	35	34	33	32	33	35	39	31	70	49	41	41	37	35	30	28	45	48
Y_Contig_135	1145504	30	38	24	46	29	35	33	33	32	33	35	38	32	71	47	40	41	38	35	30	28	45	50
Y_Contig_135	1145505	30	37	24	45	29	33	33	31	32	32	35	38	31	71	48	40	41	39	35	29	28	45	50
Y_Contig_135	1145506	29	37	24	46	27	32	32	31	31	31	35	38	31	70	48	41	41	39	34	31	28	47	50
Y_Contig_135	1145507	29	37	25	45	27	32	32	31	33	30	34	37	31	69	46	41	40	39	34	31	28	48	50
Y_Contig_135	1145508	30	37	25	45	27	32	32	31	33	29	34	37	31	70	46	41	41	38	33	31	28	48	48
Y_Contig_135	1145509	29	37	25	45	27	32	32	31	33	29	34	39	31	69	47	40	41	36	33	31	28	47	49
Y_Contig_135	1145510	29	37	25	44	27	31	33	31	34	28	34	40	31	69	46	40	41	36	33	31	28	48	49
Y_Contig_135	1145511	30	37	25	43	27	31	33	31	34	28	33	40	31	70	45	39	41	36	33	30	28	48	49
Y_Contig_135	1145512	30	37	23	42	27	31	32	31	34	28	32	39	32	71	45	40	41	35	32	31	28	48	49
Y_Contig_135	1145513	30	37	22	41	27	33	32	31	34	28	32	38	32	71	45	40	40	35	32	31	28	49	48
Y_Contig_135	1145514	31	38	23	41	28	32	32	31	34	28	33	38	32	70	45	40	41	35	33	31	28	48	49
Y_Contig_135	1145515	31	38	23	41	28	32	32	31	34	27	34	39	32	71	45	39	41	35	34	32	28	47	49
Y_Contig_135	1145516	31	39	23	41	28	32	32	33	33	26	32	39	31	71	46	39	42	36	34	32	28	47	50
Y_Contig_135	1145517	31	38	23	40	28	32	33	33	33	25	32	39	31	71	45	40	42	36	34	32	29	47	50
Y_Contig_135	1145518	30	39	23	40	28	32	34	33	31	24	32	39	31	71	45	39	41	36	35	33	29	48	48
Y_Contig_135	1145519	30	39	23	40	28	32	34	33	31	24	32	40	31	72	44	39	41	36	35	34	29	46	48
Y_Contig_135	1145520	30	41	23	40	31	32	34	34	31	24	32	40	30	72	44	39	42	37	35	34	30	47	49
Y_Contig_135	1145521	30	41	23	41	32	32	33	33	31	24	31	40	31	71	43	38	42	37	34	34	31	47	49
Y_Contig_135	1145522	29	41	23	42	31	31	33	32	29	22	29	40	31	71	43	39	42	38	34	34	31	48	49
Y_Contig_135	1145523	29	41	22	42	31	32	32	32	29	22	31	40	32	71	43	40	41	39	34	34	31	49	50
Y_Contig_135	1145524	29	41	22	42	31	31	31	31	29	23	31	41	33	70	43	40	41	40	35	36	31	49	50
Y_Contig_135	1145525	29	41	22	42	30	32	31	31	27	23	31	41	31	70	43	40	41	40	35	36	31	49	50
Y_Contig_135	1145526	28	41	22	43	28	31	31	31	27	22	31	40	31	70	43	39	41	40	35	34	31	49	51
Y_Contig_135	1414862	28	36	29	17	26	40	26	33	25	26	44	42	47	21	49	41	47	56	40	41	25	45	48
Y_Contig_135	1414863	29	36	29	17	26	40	27	33	25	26	44	43	48	21	49	42	48	56	41	41	26	45	47
Y_Contig_135	1414864	29	35	29	17	26	40	26	33	26	27	45	43	48	21	48	42	47	56	41	41	26	44	47
Y_Contig_135	1414865	29	35	29	17	27	40	27	34	26	26	45	43	48	21	48	43	47	56	41	41	26	44	49
Y_Contig_135	1414866	32	35	29	17	27	40	28	35	26	26	45	43	48	22	46	43	47	56	41	43	26	44	46
Y_Contig_135	1414867	32	35	29	16	27	40	28	34	26	26	45	43	48	22	46	44	47	56	41	43	26	44	46
Y_Contig_135	1414868	31	35	29	16	27	40	28	35	24	26	47	43	47	22	46	44	47	56	41	43	26	44	47
Y_Contig_135	1414869	31	35	29	16	27	38	30	36	24	27	47	44	47	22	46	44	47	56	42	44	26	43	47
Y_Contig_135	1414870	31	35	29	16	28	38	30	36	24	27	47	45	46	22	45	44	47	56	41	45	26	43	47
Y_Contig_135	1414871	31	35	29	16	27	39	30	38	24	27	46	45	46	22	46	44	48	56	40	45	26	43	47
Y_Contig_135	1414872	30	34	29	15	27	38	29	38	24	27	46	45	46	22	48	44	48	55	41	45	26	43	47
Y_Contig_135	1414873	29	33	29	15	28	38	29	39	24	28	46	45	47	21	48	43	47	56	41	45	26	43	47
Y_Contig_135	1414874	31	33	29	15	28	38	29	39	24	28	47	44	47	22	48	43	47	58	41	45	26	43	47
Y_Contig_135	1414875	31	33	29	15	28	38	29	37	25	29	47	44	48	22	48	42	46	58	41	45	26	43	48
Y_Contig_135	1414876	31	35	29	15	28	38	29	38	25	28	46	43	48	22	48	42	46	59	41	45	26	43	49
Y_Contig_135	1414877	31	35	29	15	28	38	29	38	25	28	46	42	49	22	51	42	46	58	42	44	26	43	49
Y_Contig_135	1414878	31	34	29	16	27	38	29	38	25	28	46	43	49	22	52	43	46	57	41	43	27	44	49
Y_Contig_135	1414879	31	33	28	16	27	38	29	39	25	28	46	43	49	22	52	44	48	57	41	43	27	45	49
Y_Contig_135	1414880	31	33	27	17	27	37	28	40	25	28	46	43	50	20	53	42	48	58	42	43	27	46	50
Y_Contig_135	1414881	31	34	27	17	27	36	28	40	25	28	46	43	50	20	54	42	48	59	42	43	28	46	51
Y_Contig_135	1414882	31	34	27	17	27	36	28	40	25	29	46	43	50	20	54	42	48	59	42	43	28	47	51
Y_Contig_135	1414883	31	34	27	17	26	38	28	40	25	29	48	43	50	20	53	41	48	60	43	45	27	47	51
Y_Contig_135	1414884	31	34	27	17	26	38	28	40	25	29	48	43	50	20	53	40	48	59	43	45	27	47	51
Y_Contig_135	1414885	31	34	27	17	26	38	28	40	24	29	48	42	50	20	52	39	47	58	43	45	27	47	51
Y_Contig_135	1414886	32	35	29	17	26	38	28	40	24	30	48	43	50	20	52	39	46	59	44	45	27	47	54
Y_Contig_135	1414887	32	35	29	17	26	38	28	40	24	30	48	44	50	20	52	39	46	60	44	45	27	48	54
Y_Contig_135	1414888	33	35	29	17	26	38	28	39	25	30	48	44	50	22	51	40	46	60	45	44	27	48	55
Y_Contig_135	1414889	33	35	29	17	24	38	28	39	25	30	48	44	50	23	50	41	46	60	45	44	27	48	55
Y_Contig_135	1414890	32	35	29	17	24	38	26	39	25	30	48	44	50	23	50	41	46	58	45	44	26	48	55
Y_Contig_135	1414891	32	35	29	17	24	38	26	39	25	30	48	43	50	23	48	41	46	57	45	44	26	48	55
Y_Contig_135	1414892	33	37	29	17	25	39	26	40	25	29	48	43	50	22	49	42	45	57	45	44	26	49	55
Y_Contig_135	1414893	33	37	30	16	25	39	26	40	25	29	49	42	49	22	49	43	45	57	45	43	26	51	55
Y_Contig_135	1414894	33	38	30	16	25	41	26	40	25	29	49	42	49	22	49	43	44	57	45	43	26	52	56
Y_Contig_135	1414895	33	38	30	16	25	41	26	40	25	28	48	41	49	22	50	43	44	57	45	43	26	52	54
Y_Contig_135	1414896	34	38	30	16	25	41	25	39	25	31	48	42	49	21	47	42	44	58	45	41	25	53	54
Y_Contig_135	1414897	34	38	29	16	25	41	25	38	24	31	48	42	49	22	47	42	44	58	45	42	25	53	54
Y_Contig_135	1414898	33	38	31	16	26	41	25	39	24	31	48	41	49	23	48	41	43	60	45	43	25	52	54
Y_Contig_135	1414899	34	38	31	16	26	42	25	40	24	31	47	41	49	23	49	41	43	60	45	43	24	50	54
Y_Contig_135	1414900	34	39	31	16	27	43	26	40	24	31	48	40	49	23	50	41	45	60	45	43	25	50	54
Y_Contig_135	1414901	34	39	32	16	29	41	27	40	24	32	48	41	48	22	50	41	45	59	45	42	25	50	53
Y_Contig_135	1414902	34	40	32	16	29	41	27	40	24	31	47	41	47	22	49	41	45	59	45	42	25	50	53
Y_Contig_135	1414903	34	39	32	16	29	41	27	40	23	31	46	41	46	22	49	41	45	59	44	42	25	49	53
Y_Contig_135	1414904	34	39	32	16	29	41	27	40	23	31	46	41	46	22	49	41	45	59	44	42	25	49	52
Y_Contig_135	1414905	33	39	32	16	29	41	26	39	23	31	46	41	46	22	49	40	45	59	44	42	25	49	52
Y_Contig_135	1414906	33	39	32	16	29	41	25	39	23	34	47	41	45	23	49	40	45	58	44	43	25	49	52
Y_Contig_135	1414907	33	38	31	16	29	41	25	39	23	33	48	41	43	22	49	39	46	58	41	43	24	49	51
Y_Contig_135	1414908	33	38	32	16	30	41	26	38	23	33	48	41	43	22	49	39	46	58	42	43	25	49	51
Y_Contig_135	1414909	33	38	33	16	30	41	26	38	23	32	48	41	44	22	49	39	47	58	42	43	25	50	51
Y_Contig_135	1414910	32	37	33	16	30	41	26	39	23	32	49	41	44	22	49	39	47	58	42	44	25	52	53
Y_Contig_135	1414911	34	36	34	16	31	43	26	39	23	32	49	41	44	22	49	39	48	59	42	44	25	52	53
Y_Contig_135	1414912	34	36	34	16	32	43	27	40	23	32	49	41	44	22	50	39	48	60	42	44	26	52	54
Y_Contig_135	1414913	34	37	34	16	32	43	27	39	23	32	50	41	42	22	50	39	47	60	42	44	27	52	55
Y_Contig_135	1414914	34	38	34	16	32	44	27	40	23	32	49	40	42	22	51	39	47	60	42	44	27	51	55
Y_Contig_135	1414915	34	39	33	17	33	44	28	40	23	32	49	39	44	22	51	39	47	60	42	43	27	51	55
Y_Contig_135	1414916	34	39	33	17	32	43	28	40	23	33	49	39	44	22	51	39	47	61	42	42	27	50	55
Y_Contig_135	1414917	33	38	33	18	32	43	29	41	23	33	49	39	44	22	52	39	45	60	42	41	29	50	54
Y_Contig_135	1414918	33	39	33	18	32	43	29	42	23	33	50	39	44	21	52	39	45	59	42	41	29	51	54
Y_Contig_135	1414919	33	39	34	17	32	42	29	42	23	34	50	39	44	21	51	40	45	60	42	41	29	51	56
Y_Contig_135	1414920	33	39	34	17	32	41	29	42	23	34	51	39	43	21	51	42	46	60	41	42	30	51	56
Y_Contig_135	1414921	33	39	34	17	30	41	29	41	23	34	51	39	43	21	51	42	46	60	41	41	29	51	56
Y_Contig_135	1414922	33	39	34	17	30	40	29	41	23	35	51	38	43	22	51	41	45	60	41	41	29	52	56
Y_Contig_135	1414923	33	38	34	17	30	40	30	42	23	35	51	38	43	22	50	41	44	59	42	40	29	51	55
Y_Contig_135	1414924	32	38	34	17	32	40	29	42	23	35	52	37	43	22	50	41	42	59	42	40	29	52	56
Y_Contig_135	1414925	34	37	34	17	30	40	29	42	24	35	51	39	43	22	50	41	42	60	42	39	30	53	57
Y_Contig_135	1414926	35	37	34	17	30	40	29	42	24	35	51	40	42	22	50	42	42	60	42	39	30	54	56
Y_Contig_135	1414927	34	37	35	17	30	39	28	40	23	35	51	40	41	22	51	43	43	60	41	39	31	55	55
Y_Contig_135	1414928	34	36	36	16	29	39	28	39	23	34	52	39	40	22	51	43	43	60	40	39	31	55	55
Y_Contig_135	1414929	34	37	36	16	29	39	28	39	25	35	52	40	40	22	51	43	43	60	40	39	31	56	56
Y_Contig_135	1414930	34	37	36	16	29	40	28	39	25	35	52	40	40	22	51	43	44	60	40	39	31	56	56
Y_Contig_135	1414931	34	37	36	14	29	40	28	40	25	35	52	40	40	22	52	43	45	60	41	39	31	56	54
Y_Contig_135	1414932	35	37	36	14	29	40	28	41	26	35	52	40	40	22	52	44	45	61	41	38	31	57	54
Y_Contig_135	1414933	35	38	37	14	29	40	28	41	26	35	52	40	40	22	52	45	44	60	42	38	31	57	54
Y_Contig_135	1414934	35	38	38	14	29	40	29	42	25	35	51	42	40	22	53	45	45	60	43	38	31	57	53
Y_Contig_135	1414935	35	38	38	14	29	40	29	44	24	34	51	42	39	22	53	44	45	60	44	38	31	57	53
Y_Contig_135	1414936	35	38	38	14	29	41	29	44	26	35	52	43	39	21	54	44	45	62	43	39	32	56	53
Y_Contig_135	1414937	34	38	38	14	29	40	30	45	26	35	52	43	39	21	54	45	45	62	43	39	32	56	53
Y_Contig_135	1414938	34	38	37	14	28	40	29	45	26	36	53	42	39	21	54	46	45	63	43	38	32	56	52
Y_Contig_135	1414939	33	38	37	13	28	41	29	47	26	37	56	42	39	21	53	47	45	64	43	38	32	56	52
Y_Contig_135	1414940	33	38	37	13	28	41	29	47	26	36	55	42	39	21	54	46	46	64	43	37	30	56	53
Y_Contig_135	1414941	33	38	37	13	28	41	29	47	27	36	54	41	39	21	53	46	44	64	43	38	30	56	53
Y_Contig_135	1414942	33	38	37	13	28	41	29	48	27	36	54	42	38	21	53	46	44	63	44	38	30	56	52
Y_Contig_135	1414943	33	37	37	12	29	41	29	48	28	37	55	41	36	22	53	47	44	62	43	37	30	58	51
Y_Contig_135	1414944	33	36	37	11	29	41	29	48	28	37	53	41	36	22	53	47	43	63	43	38	30	58	51
Y_Contig_135	1414945	33	36	38	11	30	40	27	48	29	37	53	39	36	21	53	47	43	62	43	37	30	58	51
Y_Contig_135	1414946	33	36	38	11	30	38	28	47	29	37	53	38	36	21	52	47	42	62	43	37	30	57	50
Y_Contig_135	1414947	33	35	38	11	29	38	28	47	28	35	51	38	36	22	52	47	42	61	42	38	30	57	50
Y_Contig_135	1414948	33	35	40	12	32	38	28	47	28	35	51	38	36	22	52	47	42	60	42	38	31	57	51
Y_Contig_135	1414949	33	35	40	12	32	37	28	47	28	35	51	38	36	22	51	48	42	59	43	38	32	55	51
Y_Contig_135	1414950	33	34	40	12	32	37	28	47	28	34	50	38	36	22	51	48	42	59	43	38	32	55	51
Y_Contig_135	1414951	33	35	39	12	31	37	29	47	28	34	49	38	37	22	52	48	43	62	42	38	33	54	52
Y_Contig_135	1414952	33	35	40	12	31	37	28	48	28	34	49	38	36	22	51	48	42	60	42	38	33	52	52
Y_Contig_135	1414953	33	34	40	11	32	34	28	48	28	34	47	38	36	21	50	47	42	59	42	38	33	52	52
Y_Contig_135	1414954	33	34	40	11	32	33	28	48	28	33	47	38	35	21	50	47	42	58	42	39	33	52	52
Y_Contig_135	1414955	33	33	40	11	31	32	28	48	28	34	47	37	34	21	50	47	43	59	42	39	33	51	52
Y_Contig_135	1414956	33	33	40	11	31	32	28	48	28	34	47	38	32	21	50	46	43	59	42	39	33	50	52
Y_Contig_135	1414957	34	33	40	11	31	32	28	48	28	33	47	38	31	21	50	47	43	60	44	39	34	48	54
Y_Contig_135	1414958	34	30	40	11	31	32	28	49	29	33	47	37	31	21	50	47	42	59	44	39	34	48	54
Y_Contig_135	1414959	32	30	39	11	31	32	29	49	30	32	47	39	31	21	50	47	43	60	44	39	34	47	53
Y_Contig_135	1414960	32	30	39	11	31	32	29	50	30	32	47	39	31	21	50	47	43	59	44	39	34	48	53
Y_Contig_135	1414961	32	29	39	11	31	32	29	50	29	32	47	39	31	21	50	47	42	59	43	38	34	48	52
Y_Contig_135	1414962	32	28	38	11	31	33	29	50	28	33	47	39	31	21	49	47	42	59	43	38	34	49	52
Y_Contig_135	1414963	31	28	38	11	32	33	30	50	28	33	47	39	31	21	49	46	42	58	43	38	34	49	51
Y_Contig_135	1414964	32	29	38	11	32	32	31	51	28	33	47	38	31	21	49	46	42	58	43	38	34	49	51
Y_Contig_135	1414965	31	30	38	11	31	32	30	51	28	33	47	38	31	21	49	47	42	56	43	36	34	49	51
Y_Contig_135	1414966	31	30	37	12	31	32	30	52	28	33	47	38	30	21	49	47	41	56	43	35	34	48	51
Y_Contig_135	1414967	31	31	36	14	30	32	31	51	29	33	47	38	30	22	48	47	40	56	41	35	35	48	48
Y_Contig_135	1414968	31	31	36	14	31	33	31	51	29	33	47	38	30	22	48	47	40	56	41	36	35	47	48
Y_Contig_135	1414969	31	30	34	14	30	32	31	51	27	34	46	37	30	21	47	46	38	56	42	36	34	47	49
Y_Contig_135	1414970	31	30	34	14	30	32	31	51	27	35	46	37	30	20	48	46	38	57	42	36	34	46	49
Y_Contig_135	1414971	31	30	33	14	30	33	32	51	27	35	47	37	30	20	48	46	38	58	41	37	34	47	49
Y_Contig_135	1414972	30	30	32	14	30	32	32	50	27	35	47	36	29	20	46	45	37	58	41	37	34	47	48
Y_Contig_135	1414973	29	30	32	14	30	33	32	49	27	35	46	36	29	20	46	46	37	57	40	35	34	46	48
Y_Contig_135	1414974	29	31	32	13	29	34	32	48	27	35	45	34	30	19	47	47	36	56	38	35	34	45	48
Y_Contig_135	1414975	30	31	32	13	29	34	32	48	27	35	45	34	30	19	48	47	36	55	38	36	34	45	49
Y_Contig_135	1414976	28	31	31	13	28	34	32	47	27	36	44	34	30	18	48	48	37	55	38	37	32	45	48
Y_Contig_135	1414977	28	31	31	13	28	34	32	47	27	36	44	34	30	18	47	50	38	55	38	37	32	45	48
Y_Contig_135	1414978	28	32	31	13	28	35	32	47	27	36	44	34	30	18	47	50	38	55	37	36	32	44	49
Y_Contig_135	1414979	28	32	31	13	28	35	32	47	27	36	45	34	30	18	47	51	37	55	37	36	32	43	49
Y_Contig_135	1414980	27	32	30	13	28	34	31	47	27	36	45	33	29	18	47	51	37	55	39	34	32	43	49
Y_Contig_135	1414981	27	33	31	13	28	34	30	45	27	36	45	32	29	18	46	51	37	54	39	32	32	43	49
Y_Contig_135	1414982	27	33	31	13	29	34	30	45	27	36	45	32	30	18	47	51	35	53	39	31	32	41	49
Y_Contig_135	1414983	27	33	31	13	29	32	30	45	27	36	45	31	30	18	48	51	35	52	38	31	31	41	49
Y_Contig_135	1414984	27	33	31	14	29	32	30	45	28	36	46	31	30	18	48	51	34	52	38	31	30	41	48
Y_Contig_135	1414985	27	33	31	14	28	32	31	45	28	37	45	30	30	18	47	51	34	52	37	31	30	41	48
Y_Contig_135	1414986	26	34	31	14	28	31	31	46	28	37	46	30	30	18	47	50	34	52	37	31	30	41	49
Y_Contig_135	1414987	26	34	31	15	28	31	32	46	27	38	46	30	30	19	46	49	34	52	38	31	30	40	48
Y_Contig_135	1414988	26	36	31	15	29	31	31	46	27	38	45	29	29	19	45	49	34	52	38	30	30	40	47
Y_Contig_135	1414989	26	36	30	15	27	31	31	46	27	37	45	29	29	18	43	47	34	52	38	30	30	39	47
Y_Contig_135	1414990	26	36	30	15	27	31	31	46	26	38	45	27	28	18	44	48	34	54	38	30	30	39	47
Y_Contig_135	1414991	26	36	30	14	27	31	31	45	25	38	45	26	28	18	44	49	34	53	37	30	30	40	47
Y_Contig_135	1414992	27	36	29	14	26	32	30	45	25	39	45	26	27	18	44	48	34	54	37	30	30	40	47
Y_Contig_135	1414993	27	37	28	14	26	32	30	45	25	39	44	26	26	19	44	46	34	54	38	31	30	40	47
Y_Contig_135	1414994	27	38	28	14	26	32	30	45	25	38	44	26	26	19	44	45	34	53	37	31	30	41	47
Y_Contig_135	1414995	28	37	29	14	26	31	30	46	25	38	44	27	27	19	44	45	34	53	36	31	30	41	47
Y_Contig_135	1414996	28	38	30	14	27	31	30	47	24	38	44	29	27	19	44	46	35	54	36	31	30	42	47
Y_Contig_135	1414997	28	38	30	14	28	31	31	46	24	37	44	29	26	19	44	46	35	54	36	30	29	41	48
Y_Contig_135	1414998	28	38	30	14	28	31	31	45	24	37	43	29	26	18	44	45	36	55	36	30	28	41	48
Y_Contig_135	1414999	29	39	28	14	28	28	31	45	22	38	43	29	25	18	44	44	36	55	37	30	28	41	47
Y_Contig_135	1415000	29	36	28	14	28	28	31	45	22	38	43	28	25	18	44	44	36	54	38	30	28	41	47
Y_Contig_135	1415001	29	36	27	14	28	28	32	44	22	38	42	28	25	17	45	44	36	55	38	30	28	40	47
Y_Contig_135	1415002	30	36	28	14	28	28	32	44	23	38	41	28	25	17	45	44	36	55	38	30	28	40	47
Y_Contig_135	1415003	30	36	28	14	28	28	32	44	22	38	38	28	25	17	45	44	36	56	38	30	28	40	47
Y_Contig_135	1415004	30	35	29	15	28	29	32	43	22	38	38	29	26	17	45	46	38	56	38	30	28	41	48
Y_Contig_135	1415005	30	34	29	14	28	28	32	42	22	38	38	29	25	17	44	45	38	55	37	30	28	40	47
Y_Contig_135	1415006	30	34	28	14	28	28	31	42	21	38	39	30	25	17	46	46	38	54	36	30	28	40	46
Y_Contig_135	1415007	30	34	28	14	28	27	29	41	21	37	39	29	24	16	46	44	38	54	36	30	28	40	46
Y_Contig_135	1415008	30	33	28	14	29	27	27	41	21	37	40	30	25	16	45	45	38	55	36	29	28	42	46
Y_Contig_135	1415009	30	33	28	14	31	27	27	42	21	36	40	30	25	16	45	45	36	54	36	28	27	43	46
Y_Contig_135	1415010	30	33	29	15	31	27	27	42	22	36	40	30	25	16	45	45	36	53	37	29	27	44	47
Y_Contig_135	1415011	30	33	29	15	32	27	28	43	22	36	39	32	24	16	46	45	36	53	37	29	26	44	48
Y_Contig_135	1415012	30	33	29	15	32	26	29	43	22	37	39	32	23	16	46	45	36	53	36	28	27	44	49
Y_Contig_135	1415013	28	33	29	15	32	26	28	43	22	37	39	31	22	16	47	44	36	53	37	28	26	44	49
Y_Contig_135	1415014	28	33	29	15	32	26	28	43	21	36	38	32	22	16	48	44	37	54	37	28	26	45	48
Y_Contig_135	1415015	29	33	29	15	31	28	26	43	21	38	38	32	22	16	48	43	37	53	38	27	26	45	47
Y_Contig_135	1415016	29	34	29	15	31	28	27	44	21	39	38	32	25	15	48	44	37	52	39	26	27	46	48
Y_Contig_135	1415017	29	34	29	15	31	29	27	44	21	39	37	32	25	15	47	43	37	52	38	27	27	46	48
Y_Contig_135	1415018	29	34	30	15	32	29	25	43	21	39	37	32	25	15	47	44	37	52	37	26	27	46	47
Y_Contig_135	1415019	29	34	32	15	32	30	27	42	21	38	38	31	25	15	46	45	36	52	37	25	27	45	48
Y_Contig_135	1415020	29	34	33	15	31	30	27	43	21	37	37	29	25	16	45	45	37	52	37	24	27	47	49
Y_Contig_135	1415021	29	34	33	15	31	29	27	42	21	37	38	29	26	17	44	45	36	53	38	24	27	48	49
Y_Contig_135	1415022	29	34	33	15	31	29	29	42	21	37	38	29	26	17	43	45	36	54	37	24	27	48	49
Y_Contig_135	1415023	29	35	34	15	30	30	29	42	21	37	37	29	25	17	43	46	36	53	39	24	27	47	49
Y_Contig_135	1415024	28	35	34	15	30	31	29	42	23	37	36	29	26	16	44	46	36	52	39	24	28	47	50
Y_Contig_135	1415025	29	33	34	15	30	31	30	43	22	37	36	29	26	16	44	46	36	52	39	25	28	48	49
Y_Contig_135	1415026	29	33	34	15	30	31	30	42	22	38	37	30	26	16	45	46	36	52	39	24	28	48	49
Y_Contig_135	1415027	29	33	34	15	30	31	30	41	22	38	37	29	25	16	41	46	36	52	39	24	28	48	49
Y_Contig_135	1415028	29	33	34	14	31	31	30	41	21	38	37	29	25	16	41	45	36	52	39	24	26	48	49
Y_Contig_135	2307769	34	24	24	31	34	38	25	41	28	30	45	47	40	20	53	34	35	48	35	31	38	44	37
Y_Contig_135	2307770	34	24	24	31	34	38	25	42	29	30	45	48	39	20	52	33	36	48	34	32	39	44	37
Y_Contig_135	2307771	35	25	24	31	34	38	25	42	29	30	45	48	39	21	51	33	36	49	34	32	39	44	37
Y_Contig_135	2307772	35	25	23	29	34	38	24	41	29	30	45	47	39	21	50	33	36	49	34	31	38	43	37
Y_Contig_135	2307773	36	25	23	29	34	39	23	42	29	31	44	47	39	21	50	33	37	51	33	31	38	44	38
Y_Contig_135	2307774	36	24	23	29	34	39	22	43	30	31	44	46	39	21	49	33	37	52	33	32	38	42	39
Y_Contig_135	2307775	36	24	23	29	34	39	22	41	30	31	43	45	40	21	49	34	37	52	34	32	38	42	38
Y_Contig_135	2307776	36	25	22	28	33	39	22	41	29	31	43	44	40	21	48	35	37	51	35	33	38	42	38
Y_Contig_135	2307777	35	24	22	27	34	39	22	41	29	30	42	44	40	21	48	33	39	51	35	33	38	43	38
Y_Contig_135	2307778	35	24	22	27	34	39	22	39	28	31	42	44	40	21	48	32	39	51	35	33	38	43	38
Y_Contig_135	2307779	36	24	22	27	34	39	23	39	28	31	42	45	42	21	48	32	39	51	35	34	38	43	38
Y_Contig_135	2307780	38	24	22	27	34	40	23	39	26	31	42	45	41	21	49	32	41	51	34	34	37	43	38
Y_Contig_135	2307781	38	25	22	27	34	39	23	38	26	29	42	46	42	20	49	33	42	51	34	35	37	44	39
Y_Contig_135	2307782	38	25	22	27	34	37	23	38	25	29	41	47	42	22	49	34	42	51	33	35	36	43	39
Y_Contig_135	2307783	38	25	22	27	35	36	23	38	26	29	42	49	41	22	50	33	42	51	32	35	36	42	38
Y_Contig_135	2307784	38	25	22	27	35	36	23	38	24	30	41	48	41	23	50	33	43	51	31	35	36	42	38
Y_Contig_135	2307785	37	26	22	27	36	36	23	37	24	30	41	48	41	23	50	33	43	51	31	35	36	42	38
Y_Contig_135	2307786	37	27	22	27	35	36	23	39	25	30	41	48	41	24	50	33	43	52	31	35	36	42	39
Y_Contig_135	2307787	38	27	22	27	35	36	23	39	25	29	41	48	41	24	50	34	42	52	31	35	36	42	39
Y_Contig_135	2307788	38	27	22	28	35	36	23	39	24	29	42	44	41	25	51	34	41	52	31	35	36	42	39
Y_Contig_135	2307789	39	28	22	29	35	36	23	40	24	28	43	44	42	24	51	34	41	51	31	34	36	42	39
Y_Contig_135	2307790	39	28	22	29	34	37	23	39	24	27	43	44	42	24	50	35	40	50	30	34	35	42	39
Y_Contig_135	2307791	40	27	21	28	35	37	23	39	25	27	43	44	43	24	50	36	40	50	29	34	34	40	39
Y_Contig_135	2307792	40	29	21	28	35	38	23	39	25	27	43	44	43	24	52	38	40	50	29	33	33	41	41
Y_Contig_135	2307793	39	28	21	28	36	37	24	37	25	27	42	43	43	24	52	38	40	50	29	34	34	37	41
Y_Contig_135	2307794	40	30	21	28	38	37	24	38	25	27	42	43	44	23	52	39	40	50	29	32	36	37	42
Y_Contig_135	2307795	40	30	21	27	37	36	24	39	25	27	40	43	44	23	53	40	40	50	29	33	36	37	42
Y_Contig_135	2307796	40	30	21	27	37	36	25	38	25	26	41	43	44	23	54	40	40	49	29	34	36	37	42
Y_Contig_135	2307797	40	30	22	25	38	37	24	37	25	28	41	43	44	22	54	40	40	53	29	36	36	38	43
Y_Contig_135	2307798	40	30	22	27	40	37	24	38	25	28	41	42	45	22	55	41	40	53	29	36	36	37	42
Y_Contig_135	2307799	40	30	23	27	40	37	24	37	24	29	42	42	45	22	55	40	40	52	29	37	36	38	42
Y_Contig_135	2307800	39	30	24	27	41	36	25	37	25	31	42	42	45	22	55	40	40	53	29	36	36	38	43
Y_Contig_135	2307801	39	30	24	26	41	36	25	36	25	31	43	42	45	21	54	41	39	53	30	36	35	38	44
Y_Contig_135	2307802	40	31	24	27	41	36	25	36	24	31	43	42	46	21	54	41	39	53	29	37	35	38	43
Y_Contig_135	2307803	41	31	23	27	40	36	25	36	24	31	43	42	46	22	55	41	42	54	30	39	38	38	43
Y_Contig_135	2307804	40	31	25	27	40	35	25	35	24	31	42	41	45	23	55	40	41	54	32	41	38	37	41
Y_Contig_135	2307805	41	31	26	26	39	36	24	35	24	31	42	40	45	24	55	41	41	54	32	42	38	38	40
Y_Contig_135	2307806	42	30	25	26	39	36	25	35	24	30	42	39	45	26	55	41	40	54	31	41	38	39	40
Y_Contig_135	2307807	42	31	25	26	40	35	24	36	24	31	41	40	45	26	55	41	39	54	31	41	37	39	40
Y_Contig_135	2307808	42	31	25	26	41	36	24	36	25	32	42	39	45	26	55	41	40	54	32	41	36	40	40
Y_Contig_135	2307809	42	31	25	26	41	36	24	36	25	33	41	39	44	26	55	42	40	54	32	40	36	41	39
Y_Contig_135	2307810	43	31	24	26	41	36	24	36	25	33	40	39	45	26	55	42	39	54	31	39	36	41	39
Y_Contig_135	2307811	45	31	24	26	41	36	24	38	25	33	41	39	45	26	57	42	39	54	31	39	36	39	39
Y_Contig_135	2307812	45	31	23	26	41	36	25	38	24	34	40	39	46	26	57	41	38	53	32	39	35	38	39
Y_Contig_135	2307813	45	32	23	26	41	35	25	38	24	34	39	39	45	26	56	42	37	53	32	40	34	37	39
Y_Contig_135	2307814	46	32	23	28	41	34	26	38	24	35	38	39	44	26	56	42	38	54	32	40	33	37	39
Y_Contig_135	2307815	46	32	23	29	41	34	25	38	24	36	38	39	44	26	56	43	39	55	33	40	33	37	39
Y_Contig_135	2307816	44	32	22	29	40	34	25	39	24	36	37	39	44	26	57	43	39	55	33	40	33	37	40
Y_Contig_135	2307817	43	32	22	29	39	34	25	39	24	36	36	39	44	27	57	43	39	54	32	40	35	37	40
Y_Contig_135	2307818	41	33	21	29	38	34	25	39	24	36	36	39	42	26	56	43	38	54	32	39	35	36	40
Y_Contig_135	2307819	42	33	21	28	38	34	25	39	23	35	36	39	43	26	57	43	38	54	31	39	36	36	41
Y_Contig_135	2307820	42	33	21	28	38	34	25	39	24	36	37	37	43	26	56	43	37	54	32	39	37	36	43
Y_Contig_135	2307821	42	33	22	28	38	35	26	40	24	36	38	38	45	26	56	43	37	53	32	38	37	38	40
Y_Contig_135	2307822	41	33	22	28	39	34	25	39	23	36	37	38	45	26	55	43	37	53	31	38	37	38	41
Y_Contig_135	2307823	41	35	22	28	39	34	25	39	25	36	36	37	45	26	55	44	38	51	31	37	38	39	41
Y_Contig_135	2307824	42	35	22	29	40	35	26	39	25	36	35	37	45	26	56	44	38	51	30	38	38	40	41
Y_Contig_135	2307825	42	36	23	30	39	37	27	38	25	37	35	38	44	27	57	47	36	50	31	38	39	40	41
Y_Contig_135	2307826	42	37	23	30	39	37	27	38	24	37	35	37	44	27	58	48	36	51	32	37	38	40	41
Y_Contig_135	2307827	42	38	23	30	39	37	27	38	25	37	35	36	43	28	58	48	36	51	32	37	38	40	41
Y_Contig_135	2307828	42	38	23	30	39	37	27	38	25	37	35	37	43	28	58	48	36	52	32	38	38	41	41
Y_Contig_135	2307829	42	38	23	30	39	37	27	38	25	37	35	37	43	28	57	48	36	53	32	36	38	41	41
Y_Contig_135	2307830	42	39	24	31	39	36	29	37	26	37	36	37	43	28	58	48	36	53	34	36	39	41	41
Y_Contig_135	2307831	42	39	24	31	38	36	29	37	26	38	36	38	44	29	59	50	36	53	34	37	39	41	41
Y_Contig_135	2307832	42	39	24	31	39	36	30	37	26	38	37	38	44	29	59	51	36	53	35	38	38	42	41
Y_Contig_135	2307833	43	40	24	31	39	36	29	37	25	38	37	38	45	28	58	51	37	52	36	37	38	41	42
Y_Contig_135	2307834	44	40	23	31	40	36	29	38	25	38	37	38	45	28	58	51	37	52	36	37	38	41	42
Y_Contig_135	2307835	44	40	23	31	40	36	30	37	25	38	36	39	45	28	57	52	37	51	37	37	38	41	42
Y_Contig_135	2307836	44	41	23	30	40	36	30	37	25	38	36	39	46	28	58	52	37	51	37	37	38	41	42
Y_Contig_135	2307837	44	41	23	30	40	35	30	37	25	38	36	39	46	28	58	52	37	51	37	37	38	41	42
Y_Contig_135	2307838	44	41	23	30	39	35	30	38	27	38	35	40	47	28	58	53	37	52	38	37	38	42	43
Y_Contig_135	2307839	44	41	23	31	37	35	30	38	27	37	36	40	47	28	57	53	38	52	38	37	38	43	43
Y_Contig_135	2307840	44	42	23	29	38	36	31	37	27	37	35	40	46	28	58	53	38	52	38	38	38	43	43
Y_Contig_135	2307841	44	43	22	29	39	36	33	37	27	38	35	40	46	28	58	53	38	53	38	38	38	43	43
Y_Contig_135	2307842	44	42	23	30	39	36	33	37	27	38	35	41	46	28	59	53	38	54	38	38	38	42	42
Y_Contig_135	2307843	44	42	23	29	40	36	33	37	28	38	36	41	46	28	59	53	38	55	39	38	39	42	42
Y_Contig_135	2307844	44	42	23	29	39	36	33	37	29	38	37	42	46	28	59	54	38	55	39	38	39	42	44
Y_Contig_135	2307845	44	42	23	29	40	36	33	38	31	38	38	42	46	27	60	54	38	57	40	38	40	43	45
Y_Contig_135	2307846	43	42	23	29	40	37	33	38	31	37	39	43	46	26	60	54	36	57	39	36	40	43	45
Y_Contig_135	2307847	43	42	23	29	40	37	33	38	31	37	39	43	46	27	60	54	36	57	39	37	40	43	44
Y_Contig_135	2307848	43	41	23	29	41	37	33	38	31	36	38	44	46	27	60	54	36	58	38	37	39	43	44
Y_Contig_135	2307849	42	41	23	29	41	38	33	37	31	36	38	44	46	27	59	54	36	58	39	37	39	43	44
Y_Contig_135	2307850	43	40	23	29	40	38	33	37	32	36	37	45	46	27	59	53	37	58	39	37	39	43	44
Y_Contig_135	2307851	43	40	23	29	40	38	33	38	33	37	38	45	46	28	61	52	40	57	40	37	39	42	44
Y_Contig_135	2307852	43	40	23	28	38	37	33	38	33	37	38	45	46	29	61	54	39	57	41	36	37	43	44
Y_Contig_135	2307853	43	42	23	28	38	37	33	39	33	37	38	45	45	29	61	54	39	58	41	36	37	45	44
Y_Contig_135	2307854	43	42	23	28	37	36	33	40	33	37	37	46	45	29	61	54	40	58	41	36	38	46	45
Y_Contig_135	2307855	44	43	23	27	37	36	33	40	33	37	37	47	45	29	61	53	40	60	41	36	38	47	45
Y_Contig_135	2307856	44	43	23	27	37	37	33	40	33	37	37	46	45	29	60	53	38	60	41	35	38	47	44
Y_Contig_135	2307857	45	43	22	27	37	37	33	40	34	37	37	47	46	29	60	53	38	62	42	35	38	47	44
Y_Contig_135	2307858	44	43	21	27	38	37	33	40	35	37	37	47	45	28	59	53	38	62	44	35	38	47	46
Y_Contig_135	2307859	44	43	21	27	39	37	33	40	36	37	37	47	45	29	59	53	38	62	44	35	38	47	47
Y_Contig_135	2307860	43	43	20	28	39	37	33	40	36	37	38	47	45	29	58	52	38	62	44	35	38	47	47
Y_Contig_135	2307861	43	43	20	28	39	38	34	40	36	37	38	46	45	29	58	52	38	63	45	35	38	47	46
Y_Contig_135	2307862	43	43	19	29	39	37	34	39	36	37	38	47	45	28	58	52	38	63	45	36	38	48	46
Y_Contig_135	2307863	43	43	19	28	39	37	33	36	36	37	38	47	45	28	57	52	37	63	46	36	38	48	46
Y_Contig_135	2307864	43	42	19	28	39	38	33	36	36	37	38	47	44	29	58	52	37	63	45	36	38	48	46
Y_Contig_135	2307865	42	42	19	28	38	38	34	35	36	37	38	47	44	29	58	53	37	61	45	36	38	49	46
Y_Contig_135	2307866	42	41	19	27	37	38	34	33	36	37	38	47	44	29	57	54	37	62	45	36	39	49	45
Y_Contig_135	2307867	42	41	19	27	36	38	34	33	36	38	38	47	45	29	58	54	37	62	46	36	39	48	44
Y_Contig_135	2307868	41	40	20	27	36	38	33	33	36	38	38	47	45	29	58	54	37	62	46	36	39	47	44
Y_Contig_135	2307869	41	41	21	28	36	38	33	35	37	38	38	45	46	29	58	54	37	62	47	36	40	48	44
Y_Contig_135	2307870	41	41	21	28	36	38	33	35	37	38	39	46	44	29	58	54	37	62	47	36	40	48	44
Y_Contig_135	2307871	41	41	22	27	36	38	33	35	37	39	38	46	45	29	60	54	37	62	47	36	40	47	44
Y_Contig_135	2307872	40	41	22	26	36	38	33	35	35	40	39	45	44	28	59	54	37	61	47	36	40	47	43
Y_Contig_135	2307873	40	41	22	26	36	38	33	35	35	40	40	44	44	28	59	54	37	61	47	36	40	47	43
Y_Contig_135	2307874	40	41	23	27	36	37	33	34	35	40	40	47	44	30	61	54	37	61	47	36	40	47	43
Y_Contig_135	2307875	40	41	23	27	36	38	33	34	34	40	40	48	42	29	61	52	37	61	47	37	40	45	43
Y_Contig_135	2307876	40	41	23	27	36	38	34	33	35	40	41	48	43	29	61	52	37	60	47	37	40	45	42
Y_Contig_135	2307877	40	42	22	27	36	37	34	34	35	40	41	48	43	29	61	51	38	62	47	37	40	45	42
Y_Contig_135	2307878	40	42	22	27	36	36	34	34	35	40	41	48	41	29	60	50	38	61	47	36	40	45	41
Y_Contig_135	2307879	40	42	23	27	36	36	34	34	35	41	41	49	40	29	60	50	38	60	47	36	39	44	41
Y_Contig_135	2307880	40	43	23	27	36	36	34	35	36	41	40	49	40	29	58	50	38	59	47	36	38	45	42
Y_Contig_135	2307881	42	42	23	27	36	36	35	35	36	41	40	49	40	29	58	50	38	59	48	34	38	45	42
Y_Contig_135	2307882	42	42	24	27	37	36	35	36	38	41	39	49	39	29	58	50	39	58	50	34	37	46	43
Y_Contig_135	2307883	42	42	24	27	37	36	34	36	37	41	39	50	38	29	59	50	39	58	50	35	36	46	43
Y_Contig_135	2307884	41	42	24	28	37	36	34	35	36	41	39	50	38	29	58	49	40	58	50	35	35	47	43
Y_Contig_135	2307885	40	42	24	28	38	36	33	35	36	41	40	49	38	29	58	50	40	58	49	35	35	47	43
Y_Contig_135	2307886	40	42	24	26	37	35	33	35	36	41	39	50	37	29	57	50	39	57	48	36	35	47	44
Y_Contig_135	2307887	40	42	24	26	37	35	33	33	36	40	39	49	38	29	57	49	39	57	46	36	35	46	44
Y_Contig_135	2307888	39	42	24	26	37	36	34	33	36	40	38	49	38	29	58	48	41	57	48	36	35	46	44
Y_Contig_135	2307889	38	42	23	26	37	36	34	33	36	39	38	49	38	28	58	47	41	55	48	36	33	45	44
Y_Contig_135	2307890	39	43	23	26	38	35	35	35	36	39	38	49	39	29	57	47	41	56	47	36	32	44	45
Y_Contig_135	2307891	39	43	23	26	38	34	35	36	36	38	38	48	40	29	58	47	39	56	47	36	31	44	45
Y_Contig_135	2307892	39	43	24	26	38	36	35	36	36	39	38	49	40	29	57	46	39	56	47	36	31	44	45
Y_Contig_135	2307893	39	43	24	25	38	36	35	36	36	38	38	49	40	29	56	46	39	56	47	36	33	44	45
Y_Contig_135	2307894	40	43	24	25	38	36	35	36	36	38	39	49	40	28	56	47	38	56	47	37	33	45	45
Y_Contig_135	2307895	40	44	24	25	38	35	35	36	38	38	39	48	40	28	57	47	38	56	47	37	32	46	45
Y_Contig_135	2307896	40	44	24	25	38	35	35	38	38	37	39	48	40	28	57	47	38	56	46	37	33	45	45
Y_Contig_135	2307897	40	44	24	25	38	35	35	38	37	37	39	47	40	28	56	47	38	56	47	37	32	44	45
Y_Contig_135	2307898	40	44	24	24	38	35	34	38	37	36	39	47	40	28	56	47	38	56	47	37	33	44	45
Y_Contig_135	2307899	42	44	25	24	40	34	34	38	38	36	40	48	40	27	56	47	38	54	47	38	33	44	44
Y_Contig_135	2307900	42	44	26	24	40	34	34	38	38	36	41	48	40	27	56	47	39	54	47	38	33	44	44
Y_Contig_135	2307901	41	44	26	24	40	35	32	39	38	36	41	47	39	27	56	47	39	54	47	38	34	44	43
Y_Contig_135	2307902	41	44	26	26	40	35	32	40	38	36	42	48	39	27	56	47	39	53	48	38	34	44	44
Y_Contig_135	2307903	42	44	26	26	40	35	30	40	38	36	42	47	38	27	56	48	39	53	49	38	34	45	44
Y_Contig_135	2307904	41	44	27	26	40	35	30	40	38	36	42	47	39	27	58	48	39	53	49	38	34	45	45
Y_Contig_135	2307905	41	42	26	27	40	35	31	40	37	35	43	47	39	27	58	48	40	53	50	38	34	45	46
Y_Contig_135	2307906	41	42	26	27	41	34	30	39	37	33	42	46	39	27	58	48	40	53	50	39	34	45	47
Y_Contig_135	2307907	41	42	27	27	41	34	30	39	37	33	41	46	39	27	59	46	39	53	50	39	34	45	47
Y_Contig_135	2307908	40	41	27	27	42	33	30	38	37	32	41	45	38	27	59	44	39	52	51	39	33	45	47
Y_Contig_135	2307909	38	41	26	27	41	33	29	37	37	32	41	45	38	26	58	45	39	51	52	40	32	45	47
Y_Contig_135	2307910	39	41	26	27	40	33	29	36	37	32	41	44	38	26	58	44	39	51	52	41	32	45	46
Y_Contig_135	2307911	39	41	26	27	38	32	28	36	37	31	40	44	35	26	58	44	39	51	53	41	32	45	47
Y_Contig_135	2307912	39	41	26	27	38	31	29	36	37	32	40	44	35	26	58	44	40	51	53	41	32	45	49
Y_Contig_135	2307913	39	41	26	27	38	31	29	37	37	32	39	44	34	26	58	44	40	51	53	41	31	45	49
Y_Contig_135	2307914	39	41	26	28	37	31	29	37	37	32	39	44	34	26	59	43	40	51	52	41	31	45	49
Y_Contig_135	2307915	40	40	26	28	37	31	29	37	37	32	39	43	34	27	58	43	40	51	52	41	30	45	50
Y_Contig_135	2307916	40	38	26	28	36	31	28	37	37	33	39	43	34	27	58	43	39	51	52	41	30	46	50
Y_Contig_135	2307917	40	38	26	28	35	30	28	37	38	33	39	45	34	27	56	43	40	51	53	41	30	47	51
Y_Contig_135	2307918	40	38	24	28	35	30	28	37	38	33	39	43	34	26	57	43	40	50	53	41	30	47	50
Y_Contig_135	2307919	40	38	25	28	35	31	28	38	40	33	39	42	36	26	58	43	39	50	54	41	30	47	50
Y_Contig_135	2307920	40	38	26	27	36	31	28	38	41	33	39	43	36	27	59	44	39	50	54	41	29	48	50
Y_Contig_135	2307921	39	37	26	27	36	31	28	39	41	33	39	43	36	26	59	44	39	49	54	41	29	49	49
Y_Contig_135	2307922	39	37	26	27	36	31	29	39	41	33	39	43	36	27	59	44	40	48	54	41	28	49	50
Y_Contig_135	2307923	39	38	26	27	36	30	29	38	41	32	40	43	36	27	59	44	39	47	54	41	28	49	50
Y_Contig_135	2307924	39	38	26	26	36	30	29	38	40	32	41	43	36	27	59	43	39	47	53	40	28	50	49
Y_Contig_135	2307925	41	38	26	26	36	31	29	38	39	32	41	44	34	27	59	42	38	47	52	40	28	49	50
Y_Contig_135	2307926	40	37	26	26	37	31	29	38	39	32	41	44	34	27	59	41	37	47	51	40	28	50	52
Y_Contig_135	2307927	40	38	26	27	36	33	29	38	39	32	41	44	34	27	59	41	35	46	52	40	28	49	52
Y_Contig_135	2307928	41	38	26	27	36	33	28	38	39	31	40	44	33	27	59	41	35	44	53	40	28	51	51
Y_Contig_135	2307929	39	37	26	27	36	33	28	39	39	31	40	44	32	27	58	41	36	45	54	41	28	51	52
Y_Contig_135	2307930	40	37	26	27	36	32	28	39	39	31	40	44	32	27	57	41	34	46	54	40	28	51	52
Y_Contig_135	2307931	40	37	26	28	36	32	28	39	39	31	40	42	31	26	57	40	33	46	54	39	28	50	51
Y_Contig_135	2307932	41	37	26	28	36	32	28	40	40	31	40	42	31	26	57	39	33	46	55	39	28	50	52
Y_Contig_135	2307933	42	38	25	28	36	32	29	40	40	31	39	40	32	26	57	39	34	46	55	40	28	50	53
Y_Contig_135	2307934	42	38	25	28	36	32	29	40	40	30	39	40	32	25	57	39	33	46	55	40	28	50	53
Y_Contig_135	2307935	42	36	25	28	35	32	29	40	40	31	39	40	31	25	57	39	32	46	55	40	28	49	53
