Y_Contig_135	1141541	38	33	23	62	31	30	35	38	35	29	43	31	39	71	52	44	46	33	37	33	30	38	47
Y_Contig_135	1141542	39	33	23	63	30	31	35	39	34	29	43	31	38	72	52	44	46	33	37	33	30	38	47
Y_Contig_135	1141543	39	33	23	63	30	30	35	39	33	29	43	31	37	72	52	43	44	33	37	33	29	40	47
Y_Contig_135	1141544	39	33	22	62	31	29	35	38	31	29	43	31	36	72	51	43	44	33	37	33	28	41	46
Y_Contig_135	1141545	38	33	23	62	31	29	35	36	31	29	43	31	36	74	52	42	45	33	38	35	28	40	47
Y_Contig_135	1141546	38	33	23	61	30	29	35	35	31	29	43	31	38	73	51	40	45	33	38	35	28	40	48
Y_Contig_135	1141547	38	33	23	61	30	29	35	35	31	29	42	31	38	73	51	40	47	32	38	35	28	40	47
Y_Contig_135	1141548	38	33	23	59	30	29	35	35	30	29	42	31	37	74	51	41	46	32	39	35	28	39	47
Y_Contig_135	1141549	38	32	23	59	30	29	34	35	29	29	43	31	37	74	52	42	45	32	39	35	28	39	45
Y_Contig_135	1141550	38	32	23	57	30	29	35	35	29	29	43	30	37	73	53	42	46	32	39	34	28	40	46
Y_Contig_135	1141551	38	33	23	57	30	29	35	35	30	27	41	30	37	73	54	41	46	32	39	35	28	40	46
Y_Contig_135	1141552	38	33	23	57	30	29	35	35	30	27	42	31	37	73	55	41	46	32	39	35	28	40	47
Y_Contig_135	1141553	38	32	23	56	29	29	35	35	30	27	42	31	37	74	55	41	46	33	40	35	27	40	46
Y_Contig_135	1141554	39	32	23	56	29	29	35	36	30	29	43	32	37	75	56	41	45	33	40	35	28	40	47
Y_Contig_135	1141555	40	33	23	56	29	29	35	37	30	29	43	33	38	75	56	41	45	33	40	35	28	40	47
Y_Contig_135	1141556	41	33	23	56	29	27	35	36	30	29	45	33	38	77	57	41	45	32	40	35	27	40	47
Y_Contig_135	1141557	41	33	23	58	29	27	33	36	30	29	45	33	38	77	57	41	45	32	41	35	27	39	47
Y_Contig_135	1141558	41	33	23	58	28	27	33	36	31	29	45	33	39	77	58	41	45	32	42	35	28	40	47
Y_Contig_135	1141559	40	33	23	58	28	28	33	36	31	30	45	33	39	77	58	42	46	32	42	35	28	41	47
Y_Contig_135	1141560	40	32	24	57	28	28	33	36	32	30	45	33	39	77	58	42	43	32	44	35	28	40	47
Y_Contig_135	1141561	40	32	24	58	28	28	33	36	32	30	45	33	40	76	58	42	43	31	44	36	28	40	47
Y_Contig_135	1141562	40	32	24	58	28	28	33	36	32	31	45	33	39	77	58	43	43	31	46	36	28	41	47
Y_Contig_135	1141563	39	32	24	58	28	28	33	36	32	31	45	33	39	77	58	43	43	31	46	36	28	41	47
Y_Contig_135	1141564	38	32	24	58	28	28	32	36	32	31	45	33	39	77	58	43	43	29	46	36	28	41	47
Y_Contig_135	1141565	38	32	24	58	29	28	32	36	32	31	45	33	39	77	59	43	44	28	46	36	28	41	47
Y_Contig_135	1141566	37	32	23	57	29	27	32	36	32	31	45	33	39	75	59	42	43	28	45	36	28	39	47
Y_Contig_135	1141567	37	34	25	58	30	27	33	36	32	32	45	33	39	75	59	42	42	29	45	36	29	41	47
Y_Contig_135	1141568	36	33	24	58	30	25	33	36	32	32	44	32	40	75	59	42	42	29	43	37	29	41	47
Y_Contig_135	1141569	36	33	24	58	30	25	34	36	32	33	44	32	40	75	59	42	42	29	43	37	29	41	47
Y_Contig_135	1141570	36	33	24	59	31	25	34	36	32	34	45	33	41	73	57	42	42	31	43	37	28	42	46
Y_Contig_135	1141571	35	33	24	58	31	25	34	36	32	34	45	32	41	73	57	42	42	31	44	37	28	43	47
Y_Contig_135	1141572	35	33	23	59	31	25	33	36	31	35	45	32	40	72	57	41	42	29	45	38	27	41	47
Y_Contig_135	1141573	35	33	22	59	31	25	33	37	31	35	45	32	40	72	56	40	42	29	45	38	27	41	47
Y_Contig_135	1141574	35	32	23	59	31	25	33	37	31	34	45	32	40	73	56	42	43	29	46	38	28	41	47
Y_Contig_135	1141575	35	31	23	59	32	24	33	37	32	34	45	32	42	73	56	42	43	29	46	38	28	42	46
Y_Contig_135	1141576	35	31	23	59	32	24	33	37	32	34	45	32	42	73	56	42	43	29	45	38	28	42	46
Y_Contig_135	1141577	36	32	23	61	34	23	32	38	32	34	45	32	41	71	55	44	43	31	44	40	27	42	46
Y_Contig_135	1141578	36	31	24	61	34	23	32	39	31	34	45	32	41	71	55	44	43	32	44	40	29	43	47
Y_Contig_135	1141579	36	31	24	61	34	23	32	39	30	34	45	32	43	71	54	44	43	32	44	40	30	43	47
Y_Contig_135	1141580	36	32	25	61	35	24	32	38	30	34	43	31	43	72	54	44	44	33	43	40	30	43	48
Y_Contig_135	1141581	37	31	25	61	35	23	33	38	29	34	44	30	42	72	56	45	43	33	44	40	30	43	48
Y_Contig_135	1141582	36	31	26	61	34	23	33	38	29	32	45	30	42	72	55	44	44	33	44	40	30	43	48
Y_Contig_135	1141583	35	31	27	62	36	23	34	37	29	31	46	30	43	74	55	44	43	33	44	40	30	43	49
Y_Contig_135	1141584	35	31	27	62	36	22	34	37	29	31	46	29	42	74	55	44	43	32	44	40	30	43	50
Y_Contig_135	1141585	35	31	27	62	36	22	36	36	29	32	44	31	42	78	55	44	44	33	44	40	30	43	50
Y_Contig_135	1141586	35	31	27	62	36	23	36	36	29	32	44	31	42	78	55	44	44	33	45	40	30	43	50
Y_Contig_135	1141587	35	31	28	62	35	23	36	34	29	32	44	30	43	76	52	43	46	33	45	40	30	42	50
Y_Contig_135	1141588	35	31	27	61	35	23	35	35	29	32	44	30	43	75	52	43	47	33	46	40	30	41	49
Y_Contig_135	1141589	35	31	27	62	35	23	35	35	32	32	44	30	44	77	52	43	47	32	46	39	29	42	49
Y_Contig_135	1141590	34	28	29	61	35	24	36	34	32	32	45	29	44	76	52	45	47	32	46	38	29	43	50
Y_Contig_135	1141591	34	28	29	61	35	24	36	34	33	32	45	29	44	76	52	45	48	32	46	39	29	43	51
Y_Contig_135	1141592	35	28	29	62	34	24	37	34	32	32	45	29	45	76	51	44	49	32	47	40	29	44	52
Y_Contig_135	1141593	35	25	29	61	33	24	36	34	32	31	44	29	45	76	51	44	50	32	47	39	29	45	51
Y_Contig_135	1141594	36	25	29	62	33	24	35	33	33	31	44	30	45	75	52	44	50	32	47	39	28	46	51
Y_Contig_135	1141595	37	25	29	62	34	24	35	33	33	31	44	31	46	76	53	44	50	34	47	39	28	46	51
Y_Contig_135	1141596	38	25	31	62	32	24	35	33	33	31	45	31	45	77	53	44	50	35	46	39	28	46	50
Y_Contig_135	1141597	38	25	31	60	32	25	34	34	33	30	46	31	48	75	53	44	50	36	46	39	29	46	50
Y_Contig_135	1141598	37	25	30	59	32	25	34	33	33	30	45	30	48	75	51	44	50	36	46	39	28	46	50
Y_Contig_135	1141599	37	25	30	60	32	25	34	33	32	31	46	30	49	76	51	44	49	36	46	40	28	49	51
Y_Contig_135	1141600	36	26	30	60	33	25	34	32	32	31	47	30	48	75	53	44	49	36	46	41	27	50	51
Y_Contig_135	1141601	36	26	30	61	34	25	34	33	32	29	46	30	48	75	53	44	47	35	47	43	27	51	52
Y_Contig_135	1141602	36	26	30	61	34	24	32	33	32	29	45	30	48	74	52	42	46	33	46	42	26	51	51
Y_Contig_135	1141603	37	26	31	60	34	24	32	33	32	29	46	30	48	74	53	42	46	33	47	42	26	51	51
Y_Contig_135	1141604	37	25	31	61	34	24	33	33	34	29	47	30	49	74	53	42	46	31	47	42	26	50	50
Y_Contig_135	1141605	38	25	31	61	34	24	33	33	32	28	45	30	49	73	52	42	47	31	47	42	27	50	50
Y_Contig_135	1141606	38	24	32	61	34	24	33	34	31	29	45	30	48	72	52	43	47	31	47	43	28	50	50
Y_Contig_135	1141607	39	24	33	63	35	24	33	33	31	30	46	30	49	75	53	43	47	32	47	43	28	51	49
Y_Contig_135	1141608	39	26	33	63	35	24	33	33	31	30	46	29	49	75	55	43	46	32	47	44	28	51	49
Y_Contig_135	1141609	39	25	32	64	35	24	33	34	31	28	46	30	49	76	55	43	46	32	47	42	28	50	49
Y_Contig_135	1141610	39	25	32	65	35	24	35	33	31	28	46	30	49	76	55	42	46	32	47	43	27	50	49
Y_Contig_135	1141611	36	25	32	65	36	23	35	33	31	28	45	29	49	76	55	42	47	32	48	44	26	50	48
Y_Contig_135	1141612	35	25	31	65	36	23	35	33	31	28	44	29	49	74	57	43	46	32	47	44	24	50	48
Y_Contig_135	1141613	36	25	33	63	36	23	34	33	31	29	45	30	48	76	56	44	47	33	47	44	24	50	49
Y_Contig_135	1141614	36	25	33	63	37	23	34	34	30	29	45	30	48	76	55	42	47	33	47	43	23	49	49
Y_Contig_135	1141615	37	24	32	63	37	23	34	33	30	29	42	30	48	74	55	42	48	33	47	43	23	50	50
Y_Contig_135	1141616	37	24	33	61	38	22	34	32	31	29	42	30	48	74	55	40	48	33	47	42	22	50	49
Y_Contig_135	1141617	37	24	33	61	39	23	34	33	31	29	42	30	48	73	55	40	48	33	47	42	21	50	49
Y_Contig_135	1141618	37	23	33	61	38	22	34	32	30	28	41	30	47	70	54	41	47	33	47	42	21	50	49
Y_Contig_135	1141619	38	23	33	60	39	21	34	33	29	28	39	30	48	71	53	40	45	33	47	42	22	50	49
Y_Contig_135	1141620	37	23	33	60	39	20	33	33	29	27	39	28	48	71	52	40	45	32	47	42	22	50	49
Y_Contig_135	1141621	38	24	33	59	40	20	33	34	29	27	41	27	47	70	51	41	44	32	45	41	21	50	49
Y_Contig_135	1141622	38	24	33	59	40	20	32	34	28	28	41	27	47	69	51	42	45	32	46	41	21	50	51
Y_Contig_135	1141623	38	24	33	60	40	20	32	34	27	28	41	27	47	69	50	42	43	32	46	41	21	50	51
Y_Contig_135	1141624	40	25	34	60	40	18	33	33	27	28	40	27	46	69	50	43	43	32	46	39	21	51	51
Y_Contig_135	1141625	40	25	34	59	41	18	32	33	29	27	39	28	45	69	50	44	42	32	46	40	21	51	51
Y_Contig_135	1141626	40	24	34	60	39	19	32	32	28	27	39	28	45	69	50	42	43	32	47	40	22	51	52
Y_Contig_135	1141627	40	24	34	60	38	19	32	32	28	27	40	27	45	69	50	42	43	31	47	41	22	51	52
Y_Contig_135	1141628	41	24	34	60	38	19	32	33	28	27	39	27	45	69	50	41	43	30	47	40	22	51	51
Y_Contig_135	1141629	42	23	31	60	39	19	32	33	28	27	37	28	45	69	50	40	42	30	47	40	22	50	52
Y_Contig_135	1141630	42	24	31	61	39	19	33	32	28	28	37	28	45	68	51	40	42	31	48	40	22	50	52
Y_Contig_135	1141631	42	24	31	62	39	19	33	33	28	28	37	28	45	68	51	40	42	32	47	40	22	50	52
Y_Contig_135	1141632	42	24	31	62	38	19	32	34	28	28	37	28	45	68	51	40	43	32	46	39	22	50	53
Y_Contig_135	1141633	42	24	31	62	38	19	32	33	28	28	38	28	44	68	50	40	42	32	46	39	22	49	53
Y_Contig_135	1141634	42	23	30	61	38	20	31	32	28	28	37	28	43	65	50	41	41	32	46	37	23	49	54
Y_Contig_135	1141635	42	24	30	61	38	20	30	32	29	28	37	28	42	65	50	37	42	32	46	38	23	49	54
Y_Contig_135	1141636	41	24	30	61	38	21	29	32	29	28	37	29	42	65	50	37	42	32	46	39	23	49	56
Y_Contig_135	1141637	41	25	30	62	38	21	29	32	30	28	37	29	41	65	50	37	42	32	46	39	23	49	56
Y_Contig_135	1141638	42	25	30	61	38	21	28	32	30	28	38	29	40	65	49	37	42	31	44	39	22	49	55
Y_Contig_135	1141639	42	25	30	59	38	21	29	33	30	29	37	29	39	64	49	38	42	31	44	40	23	49	55
Y_Contig_135	1141640	42	25	30	59	38	23	29	33	30	29	37	29	39	65	49	38	42	30	44	39	23	49	55
Y_Contig_135	1141641	42	25	30	59	38	22	29	33	30	28	37	29	39	65	48	38	41	30	43	39	23	49	55
Y_Contig_135	1141642	42	25	30	56	39	22	29	32	29	26	35	28	37	61	44	39	42	30	42	39	22	47	53
Y_Contig_135	1141643	42	25	30	57	38	22	29	32	29	26	35	28	37	62	44	38	41	30	42	39	22	48	54
Y_Contig_135	1141644	42	26	31	58	38	22	29	32	28	26	35	28	37	62	44	39	41	30	42	40	22	48	54
Y_Contig_135	1141645	44	26	31	58	38	22	28	34	28	26	36	28	36	64	45	40	41	30	41	40	22	48	54
Y_Contig_135	1141646	44	26	31	58	37	22	28	34	28	26	36	28	36	64	45	40	41	30	41	40	22	48	54
Y_Contig_135	1141647	43	26	31	58	37	22	28	34	28	26	35	28	36	63	44	40	41	30	41	40	22	47	54
Y_Contig_135	1141648	44	26	31	58	37	22	27	34	28	26	36	28	37	63	44	40	41	30	41	40	22	47	54
Y_Contig_135	1141649	42	26	32	58	37	24	27	34	28	26	36	28	36	62	42	40	41	30	42	39	22	47	53
Y_Contig_135	1141650	41	27	32	57	36	24	27	33	28	26	36	28	36	62	42	40	41	30	41	39	22	47	53
Y_Contig_135	1141651	41	28	31	57	37	24	29	34	28	26	36	28	36	62	44	39	41	30	41	39	22	48	53
Y_Contig_135	1141652	42	27	30	57	36	24	29	35	28	25	36	28	35	62	44	39	39	30	41	39	22	48	53
Y_Contig_135	1141653	42	28	30	59	37	24	29	35	28	25	36	28	35	62	44	39	39	31	41	39	22	48	54
Y_Contig_135	1141654	42	27	30	58	36	24	29	35	27	25	36	28	34	62	43	39	39	31	41	39	22	47	54
Y_Contig_135	1141655	42	27	30	59	36	24	29	35	27	25	36	28	34	62	42	38	39	31	41	37	22	47	54
Y_Contig_135	1141656	42	27	31	59	36	24	29	35	26	25	37	28	34	62	42	38	38	29	40	38	21	46	54
Y_Contig_135	1141657	42	27	31	59	36	25	29	36	26	25	37	28	35	62	42	37	38	30	40	38	21	46	54
Y_Contig_135	1141658	41	27	31	59	36	25	29	35	26	25	37	28	35	61	43	37	38	30	40	38	21	45	54
Y_Contig_135	1141659	42	27	31	59	36	25	29	35	26	25	37	27	35	61	43	37	38	30	40	38	21	45	55
Y_Contig_135	1141660	42	28	30	59	36	28	30	37	26	25	36	27	35	61	42	37	40	29	40	38	21	46	55
Y_Contig_135	1141661	42	28	29	59	36	28	30	37	26	25	35	27	35	61	42	37	40	29	39	38	21	46	55
Y_Contig_135	1141662	42	28	30	60	36	28	32	37	27	25	36	26	35	62	43	38	40	31	39	38	21	45	55
Y_Contig_135	1141663	42	28	30	60	36	28	32	37	26	25	36	26	34	60	42	37	39	31	39	37	20	45	54
Y_Contig_135	1141664	42	28	30	60	36	28	31	38	26	25	35	25	34	60	41	36	39	31	39	35	19	48	54
Y_Contig_135	1141665	42	28	30	59	36	28	31	39	26	25	35	25	34	59	41	36	39	31	39	35	19	48	54
Y_Contig_135	1141666	42	28	30	60	35	28	31	39	26	26	35	25	35	57	41	36	39	30	39	33	20	47	53
Y_Contig_135	1141667	42	28	30	59	36	27	31	39	26	26	34	25	35	57	40	37	39	30	40	33	20	47	53
Y_Contig_135	1141668	41	27	30	58	36	26	32	39	26	26	34	25	35	58	40	37	39	30	40	33	20	46	52
Y_Contig_135	1141669	41	28	30	58	36	26	33	39	26	26	34	26	35	58	40	36	39	30	39	32	20	47	51
Y_Contig_135	1141670	40	28	30	58	36	26	33	39	26	26	34	26	35	58	40	36	39	30	39	32	19	47	51
Y_Contig_135	1141671	41	28	30	58	36	27	33	38	27	26	34	27	35	59	40	38	39	30	38	32	18	49	51
Y_Contig_135	1141672	41	28	30	56	36	26	33	39	27	26	34	27	36	59	40	38	39	30	38	32	18	49	51
Y_Contig_135	1141673	40	28	30	54	37	26	33	39	27	25	35	27	36	60	40	38	39	30	37	32	18	48	50
Y_Contig_135	1141674	40	27	32	55	37	27	32	39	27	24	37	27	35	60	40	38	38	28	37	33	18	46	49
Y_Contig_135	1141675	40	27	32	55	37	27	32	39	27	24	37	27	34	60	41	39	38	28	37	33	18	46	49
Y_Contig_135	1141676	39	27	32	55	37	29	32	38	26	24	37	29	34	59	42	39	38	28	37	34	18	46	49
Y_Contig_135	1141677	39	27	32	55	37	29	32	38	26	24	37	28	34	60	42	39	38	28	36	35	18	46	48
Y_Contig_135	1141678	39	27	32	55	37	29	32	38	26	23	36	28	34	60	42	38	38	28	34	35	18	46	48
Y_Contig_135	1141679	40	28	32	54	38	30	32	38	26	24	36	28	34	59	44	38	37	28	34	35	18	46	50
Y_Contig_135	1141680	40	29	32	53	38	30	30	38	26	25	36	29	33	57	45	38	37	28	34	34	18	46	49
Y_Contig_135	1141681	39	29	32	53	37	31	31	38	26	23	36	29	33	58	46	38	36	30	34	34	18	46	49
Y_Contig_135	1141682	39	28	32	53	37	30	32	38	26	23	36	29	32	58	45	38	36	31	34	34	19	44	49
Y_Contig_135	1141683	39	28	32	53	37	31	32	39	26	23	37	29	32	60	45	39	36	31	34	33	19	44	49
Y_Contig_135	1141684	39	28	31	53	37	32	32	39	27	23	38	29	34	60	45	40	36	31	35	33	20	44	49
Y_Contig_135	1141685	39	29	30	53	37	32	32	38	27	23	38	28	34	59	44	39	36	31	35	33	20	44	49
Y_Contig_135	1141686	39	29	30	54	37	32	32	37	26	25	39	28	34	60	43	40	37	31	35	33	20	45	50
Y_Contig_135	1141687	39	29	30	52	36	32	32	38	26	25	38	28	33	60	43	40	37	31	34	33	20	45	48
Y_Contig_135	1141688	40	29	30	52	36	32	32	38	26	25	38	28	33	61	43	40	37	31	35	34	20	45	48
Y_Contig_135	1141689	40	29	30	51	35	32	32	37	26	25	38	28	33	61	43	40	37	30	32	34	20	45	48
Y_Contig_135	1141690	40	30	31	51	35	32	32	38	27	25	38	28	33	61	44	40	38	29	32	34	20	45	48
Y_Contig_135	1141691	40	30	31	51	36	32	32	37	27	24	38	28	33	61	44	40	36	28	34	34	20	45	48
Y_Contig_135	1141692	39	30	31	50	35	31	32	36	27	24	38	28	33	59	44	40	37	28	34	34	20	45	48
Y_Contig_135	1141693	41	31	31	51	37	31	33	36	27	24	38	28	33	61	45	40	39	30	34	34	20	44	51
Y_Contig_135	1141694	42	31	30	52	37	32	34	36	27	24	38	28	33	62	45	40	39	30	34	34	20	43	51
Y_Contig_135	1141695	42	31	30	51	37	32	34	36	27	24	38	28	33	60	44	40	39	30	33	32	20	42	49
Y_Contig_135	1141696	42	31	30	51	37	31	34	36	27	24	38	28	32	61	44	40	41	29	34	33	20	42	48
Y_Contig_135	1141697	42	32	31	54	37	31	34	36	28	25	40	28	32	60	45	40	39	30	34	33	20	42	50
Y_Contig_135	1141698	43	32	31	56	37	31	34	36	28	25	40	29	32	61	44	39	41	30	33	33	21	42	50
Y_Contig_135	1141699	43	32	31	57	37	31	35	36	28	24	39	29	32	62	42	38	41	30	33	33	21	44	50
Y_Contig_135	1141700	42	31	31	58	37	31	34	36	28	25	39	28	32	63	41	39	40	30	33	33	21	43	49
Y_Contig_135	1141701	42	30	31	57	37	32	34	36	27	25	38	27	33	64	40	38	41	30	33	32	21	43	48
Y_Contig_135	1141702	42	30	31	57	37	32	34	36	27	25	38	26	33	68	39	38	41	30	33	32	21	43	48
Y_Contig_135	1141703	42	30	31	59	37	32	34	36	27	25	38	26	33	68	39	37	41	29	32	32	21	42	48
Y_Contig_135	1141704	41	30	31	59	37	32	34	35	27	23	37	24	34	67	38	37	41	29	32	33	20	42	47
Y_Contig_135	1141705	41	29	31	59	37	33	34	34	27	24	36	24	33	68	37	38	41	29	33	35	21	42	47
Y_Contig_135	1141706	40	29	31	60	37	33	34	34	27	24	35	24	33	66	37	38	41	29	34	35	21	42	47
Y_Contig_135	1141707	40	29	31	60	38	34	33	35	27	24	35	24	32	66	37	39	41	29	33	35	20	41	46
Y_Contig_135	1141708	40	29	31	61	38	34	33	35	26	24	36	25	33	67	36	41	42	30	32	36	20	42	46
Y_Contig_135	1145580	31	28	29	49	23	31	27	39	22	28	35	37	31	57	51	34	39	32	37	33	24	47	53
Y_Contig_135	1145581	30	27	29	50	23	31	27	39	22	28	35	36	31	57	51	34	38	32	37	33	24	47	51
Y_Contig_135	1145582	30	28	29	49	23	30	27	39	22	28	35	35	31	57	51	34	38	32	37	33	24	47	51
Y_Contig_135	1145583	30	28	29	49	24	31	27	37	22	28	35	35	31	57	53	34	39	32	40	33	24	46	50
Y_Contig_135	1145584	30	28	29	49	26	32	27	38	23	28	36	35	32	58	55	34	36	33	40	33	24	48	50
Y_Contig_135	1145585	30	28	29	50	26	33	27	37	24	29	35	36	31	57	56	34	36	33	42	33	25	50	49
Y_Contig_135	1145586	30	28	29	49	26	33	27	37	23	30	35	35	30	58	58	33	35	32	44	33	25	49	49
Y_Contig_135	1145587	30	27	29	49	26	33	27	36	23	29	35	35	30	58	60	33	35	32	43	33	25	49	49
Y_Contig_135	1145588	30	28	28	49	25	32	28	35	22	29	34	35	29	58	60	33	34	30	42	33	25	49	48
Y_Contig_135	1145589	31	29	28	49	25	32	28	35	23	29	34	35	28	58	60	33	34	30	43	34	25	48	48
Y_Contig_135	1145590	31	30	28	49	25	32	28	35	23	29	35	35	28	58	61	34	33	30	43	34	24	48	48
Y_Contig_135	1145591	31	30	28	49	25	33	28	35	23	31	35	34	28	59	61	34	34	29	43	35	23	49	48
Y_Contig_135	1145592	31	30	28	49	25	34	28	34	25	33	34	34	26	58	59	34	34	28	42	36	22	48	44
Y_Contig_135	1145593	32	30	28	49	25	34	28	34	26	33	34	34	26	58	58	34	34	28	43	35	22	49	45
Y_Contig_135	1145594	32	30	28	50	25	35	28	33	26	33	34	34	27	58	58	34	34	28	43	35	24	49	45
Y_Contig_135	1145595	32	30	28	50	25	36	28	33	26	33	34	34	27	59	59	33	35	28	44	36	24	51	45
Y_Contig_135	1145596	32	30	29	51	24	34	27	33	25	32	36	34	27	58	58	33	35	28	44	35	25	51	44
Y_Contig_135	1145597	31	31	29	51	24	33	27	33	26	32	36	35	27	58	57	34	34	27	44	35	25	52	43
Y_Contig_135	1145598	31	32	29	51	25	33	27	33	26	33	35	35	27	59	57	34	34	27	43	35	25	52	43
Y_Contig_135	1145599	31	31	29	52	25	33	27	33	25	33	35	35	26	58	57	34	36	26	43	35	25	52	43
Y_Contig_135	1145600	31	31	30	53	25	34	28	33	25	34	34	35	26	58	58	34	35	26	44	35	25	50	43
Y_Contig_135	1145601	31	31	30	53	26	35	28	33	25	34	34	36	26	58	59	34	35	26	44	36	25	50	43
Y_Contig_135	1145602	31	31	30	53	26	35	28	32	24	34	34	36	26	57	59	34	34	26	44	36	25	50	44
Y_Contig_135	1145603	31	30	30	52	25	35	28	31	24	35	34	36	26	57	60	34	34	26	44	36	25	49	44
Y_Contig_135	1145604	33	29	30	51	25	35	28	32	24	36	34	37	26	57	62	33	35	27	44	36	25	49	45
Y_Contig_135	1145605	32	29	30	50	25	34	26	32	24	36	34	37	26	57	60	33	35	27	44	36	25	49	45
Y_Contig_135	1145606	32	29	31	51	26	34	26	33	24	35	35	40	27	56	61	33	35	31	45	37	24	49	46
Y_Contig_135	1145607	32	29	30	52	26	33	27	33	24	35	35	41	27	55	61	34	35	30	45	37	23	50	46
Y_Contig_135	1145608	33	29	30	52	26	33	27	34	24	35	34	41	27	55	62	34	35	30	46	36	23	50	46
Y_Contig_135	1145609	33	30	30	53	27	33	27	34	24	35	35	40	28	55	63	34	35	30	48	36	23	49	46
Y_Contig_135	1145610	33	31	30	55	27	33	26	34	25	35	35	41	28	55	65	34	35	32	50	36	23	50	46
Y_Contig_135	1145611	34	32	30	56	26	33	25	34	25	34	34	40	28	55	66	32	36	32	50	36	22	48	46
Y_Contig_135	1145612	34	32	30	56	25	33	25	34	25	33	34	40	28	55	67	32	36	31	50	36	22	47	46
Y_Contig_135	1145613	34	31	30	56	25	31	25	35	25	33	34	41	29	54	66	32	37	32	51	37	22	47	46
Y_Contig_135	1145614	34	30	30	55	25	31	25	36	26	33	34	39	29	54	66	32	37	31	49	37	22	47	46
Y_Contig_135	1145615	34	30	30	55	24	30	25	36	26	33	34	39	29	53	66	32	37	31	49	37	22	47	46
Y_Contig_135	1145616	35	29	30	56	24	31	25	34	26	34	34	38	30	54	66	33	38	31	49	36	22	47	47
Y_Contig_135	1145617	35	29	30	56	23	31	25	34	26	34	35	39	30	53	66	34	39	32	50	36	23	47	48
Y_Contig_135	1145618	35	29	30	56	23	31	25	35	26	35	35	40	30	54	68	32	39	33	50	36	24	47	48
Y_Contig_135	1145619	35	29	30	56	23	32	24	35	27	35	36	40	30	54	67	32	41	33	51	36	23	47	48
Y_Contig_135	1145620	35	28	30	56	23	34	25	35	26	35	36	41	31	54	68	32	40	34	51	36	23	47	48
Y_Contig_135	1145621	35	28	30	56	23	34	25	35	25	35	37	41	31	53	65	32	40	33	51	35	23	47	47
Y_Contig_135	1145622	35	29	29	57	23	35	24	35	26	36	37	38	31	51	65	32	39	34	51	36	22	47	47
Y_Contig_135	1145623	35	30	29	57	23	35	24	36	26	36	37	38	31	51	65	32	39	34	51	36	22	47	47
Y_Contig_135	1145624	35	30	29	57	23	35	24	35	26	38	37	38	31	52	65	33	40	34	51	36	22	47	47
Y_Contig_135	1145625	35	30	29	59	23	35	23	36	26	38	37	38	31	54	65	33	40	34	50	36	22	48	48
Y_Contig_135	1145626	34	30	29	59	23	35	24	36	27	39	37	37	30	55	65	34	39	33	49	36	22	48	48
Y_Contig_135	1145627	34	30	28	59	23	35	25	37	27	38	37	38	30	56	65	34	39	33	49	36	23	49	49
Y_Contig_135	1145628	34	30	28	58	23	36	25	37	27	38	37	38	30	56	66	35	39	34	49	36	22	50	48
Y_Contig_135	1145629	36	30	28	57	22	36	25	37	27	36	37	39	30	56	66	35	39	34	49	37	22	50	49
Y_Contig_135	1145630	36	29	28	56	22	35	25	37	28	37	37	39	31	57	66	35	39	34	49	37	23	50	49
Y_Contig_135	1145631	36	29	27	56	22	35	25	37	28	37	36	39	32	56	66	35	39	34	49	37	23	51	49
Y_Contig_135	1145632	36	29	25	56	20	35	24	37	27	38	36	39	31	55	69	36	39	34	51	37	23	51	50
Y_Contig_135	1145633	36	29	25	57	20	36	24	37	28	38	36	39	32	55	69	36	40	34	51	37	23	50	50
Y_Contig_135	1145634	36	28	25	57	20	36	24	37	28	38	37	40	32	55	69	35	40	34	51	38	23	51	50
Y_Contig_135	1145635	37	28	25	58	20	36	24	37	29	39	37	40	31	55	69	35	40	33	51	38	24	51	50
Y_Contig_135	1145636	37	28	25	59	21	36	23	37	29	39	37	40	31	56	68	36	40	34	51	38	24	51	50
Y_Contig_135	1145637	36	28	25	58	21	37	23	37	29	39	37	41	31	56	67	36	40	34	51	38	24	51	50
Y_Contig_135	1145638	39	29	26	59	21	38	24	38	29	39	39	41	32	57	67	37	40	35	51	39	24	51	52
Y_Contig_135	1145639	37	29	26	59	21	37	24	38	30	40	39	42	31	58	67	36	40	35	51	39	24	52	53
Y_Contig_135	1145640	35	29	25	59	21	38	24	37	30	40	40	42	31	59	67	36	38	35	50	39	24	52	53
Y_Contig_135	1145641	35	28	25	61	20	38	24	37	30	40	40	43	30	57	66	35	38	33	51	38	25	53	53
Y_Contig_135	1145642	35	28	26	63	20	38	24	37	30	40	40	43	31	58	66	35	38	34	52	39	25	53	53
Y_Contig_135	1145643	35	28	27	63	22	38	24	37	31	40	40	43	31	59	66	35	38	34	52	39	25	53	53
Y_Contig_135	1145644	35	29	27	63	22	38	24	36	32	40	40	43	31	58	66	35	38	34	52	38	25	54	51
Y_Contig_135	1145645	35	29	27	63	22	38	25	36	32	40	40	43	31	59	65	35	37	33	52	38	26	55	53
Y_Contig_135	1145646	37	29	27	64	23	38	28	37	32	39	39	43	32	59	66	37	37	35	51	39	26	56	53
Y_Contig_135	1145647	38	29	27	63	23	38	29	36	31	39	39	44	32	59	67	36	37	35	53	39	27	56	53
Y_Contig_135	1145648	37	28	27	62	23	38	29	37	31	40	39	43	32	58	67	37	38	36	52	39	29	55	54
Y_Contig_135	1145649	38	29	27	62	23	37	29	37	31	40	42	43	32	58	67	39	37	36	51	37	29	54	54
Y_Contig_135	1145650	36	30	28	62	24	37	29	36	30	40	41	43	32	58	67	39	37	36	51	37	29	54	54
Y_Contig_135	1145651	36	29	28	63	24	37	29	36	29	41	42	44	32	58	67	39	37	36	51	37	29	54	52
Y_Contig_135	1145652	38	30	28	63	24	37	29	37	32	41	42	45	32	61	68	40	38	37	53	37	30	53	51
Y_Contig_135	1145653	37	30	28	64	27	37	29	36	32	41	42	45	32	60	68	39	38	37	53	36	29	54	51
Y_Contig_135	1145654	37	30	27	63	28	37	29	36	32	41	42	45	31	59	68	39	38	36	53	37	30	52	50
Y_Contig_135	1145655	40	30	29	63	28	37	29	36	32	41	42	46	32	59	68	39	38	36	54	35	30	52	51
Y_Contig_135	1145656	40	30	30	63	28	37	30	36	32	41	42	46	32	60	68	38	38	36	54	36	30	52	51
Y_Contig_135	1145657	40	30	29	62	28	37	30	36	30	41	42	46	32	61	69	39	38	36	55	36	30	50	50
Y_Contig_135	1145658	40	30	29	62	29	37	30	36	30	41	42	46	32	61	69	40	37	36	56	37	31	51	50
Y_Contig_135	1145659	40	30	29	63	29	37	30	36	31	41	42	44	32	61	69	40	37	36	56	37	31	52	48
Y_Contig_135	1145660	40	29	29	66	29	37	29	36	30	41	42	43	33	62	69	40	38	36	58	38	31	51	48
Y_Contig_135	1145661	39	30	29	66	29	37	29	36	31	41	41	43	33	61	68	40	37	36	58	38	31	52	48
Y_Contig_135	1145662	39	29	30	66	29	37	31	36	33	42	41	43	32	61	68	39	37	36	58	39	31	53	48
Y_Contig_135	1145663	39	29	30	66	29	36	31	36	33	42	42	43	32	60	69	39	38	36	58	39	31	52	48
Y_Contig_135	1145664	38	29	31	67	28	37	31	35	33	42	42	43	32	62	69	38	38	36	57	39	31	52	47
Y_Contig_135	1145665	38	29	32	68	29	37	31	35	34	42	41	42	33	61	70	38	38	36	56	37	31	52	47
Y_Contig_135	1145666	38	28	34	68	29	38	30	33	34	42	41	41	33	61	69	38	37	35	56	37	31	52	47
Y_Contig_135	1145667	39	28	34	69	29	38	30	33	34	42	42	42	33	61	69	37	37	35	56	38	30	52	47
Y_Contig_135	1145668	39	26	33	69	26	38	29	34	34	42	42	42	33	61	70	37	37	35	55	37	29	50	46
Y_Contig_135	1145669	39	26	33	70	26	37	29	34	34	42	42	42	34	60	70	39	37	35	56	37	30	50	46
Y_Contig_135	1145670	39	25	33	70	26	37	29	33	34	42	43	42	35	60	70	39	38	34	57	37	30	50	45
Y_Contig_135	1145671	39	25	33	72	25	38	29	33	34	41	43	41	34	60	70	39	38	36	58	38	29	49	45
Y_Contig_135	1145672	39	25	34	71	25	38	29	32	34	41	44	41	34	60	69	38	38	36	58	38	29	48	45
Y_Contig_135	1145673	40	25	34	72	25	38	30	33	34	40	43	40	33	60	69	37	38	35	58	36	30	47	45
Y_Contig_135	1145674	40	25	34	73	26	37	30	33	35	40	44	40	31	61	70	38	38	34	57	36	30	47	45
Y_Contig_135	1145675	40	27	33	73	27	38	30	33	34	40	44	40	31	61	70	38	39	34	57	36	30	47	46
Y_Contig_135	1145676	40	28	33	74	27	38	30	33	34	40	44	40	31	61	70	38	39	33	57	36	29	46	45
Y_Contig_135	1145677	40	27	33	73	27	38	30	33	34	40	44	41	32	62	70	38	40	33	56	36	30	45	45
Y_Contig_135	1145678	40	29	33	73	27	40	31	33	33	39	45	40	32	62	70	38	40	33	56	35	30	45	45
Y_Contig_135	1145679	40	30	33	72	28	40	30	34	33	39	46	39	32	61	70	37	40	33	55	35	30	46	45
Y_Contig_135	1145680	40	30	33	72	27	40	32	34	34	39	46	39	32	61	69	40	38	33	55	35	31	46	45
Y_Contig_135	1145681	39	30	32	72	27	39	32	34	35	39	45	38	34	61	68	42	38	33	53	35	32	46	44
Y_Contig_135	1145682	39	30	32	72	27	39	31	34	35	38	45	38	36	61	68	42	39	33	54	35	33	47	44
Y_Contig_135	1145683	39	30	32	72	27	39	31	34	37	38	45	38	36	61	68	42	39	33	54	35	33	47	44
Y_Contig_135	1145684	40	30	33	72	27	40	31	34	37	38	45	38	36	62	68	42	38	33	54	35	33	47	43
Y_Contig_135	1145685	39	30	33	71	27	40	31	34	37	38	45	38	36	62	69	43	38	33	54	35	33	47	43
Y_Contig_135	1145686	40	30	33	72	27	40	31	34	38	37	45	38	37	62	69	42	37	33	53	35	33	47	43
Y_Contig_135	1145687	40	30	33	71	27	40	31	34	39	37	46	38	37	62	68	41	36	34	53	35	34	48	43
Y_Contig_135	1145688	40	29	33	71	28	39	31	34	39	36	46	38	37	63	66	42	36	33	52	35	34	48	42
Y_Contig_135	1145689	40	29	33	71	28	39	32	33	39	35	47	38	37	63	65	42	37	34	53	35	34	48	41
Y_Contig_135	1145690	41	29	33	71	28	39	32	33	39	35	47	39	37	63	66	42	37	34	53	34	35	48	41
Y_Contig_135	1145691	41	30	33	70	28	39	31	34	39	35	47	38	37	63	66	41	35	34	52	34	34	48	41
Y_Contig_135	1145692	41	30	34	71	28	39	31	34	39	36	47	38	37	64	65	42	35	34	52	34	34	48	42
Y_Contig_135	1145693	39	31	35	71	28	38	30	34	39	36	45	38	34	65	65	42	35	35	51	34	34	47	41
Y_Contig_135	1145694	38	31	35	71	28	38	29	34	39	36	45	39	34	65	66	42	35	35	51	33	34	46	41
Y_Contig_135	1145695	39	31	35	71	28	38	28	35	39	36	46	38	35	66	66	41	35	35	51	33	33	46	41
Y_Contig_135	1145696	39	31	35	70	28	38	28	37	39	36	46	38	35	66	67	41	35	35	51	33	34	46	41
Y_Contig_135	1145697	39	31	34	70	28	38	28	37	40	37	46	38	34	66	66	40	35	35	51	33	34	46	42
Y_Contig_135	1145698	40	31	34	71	28	37	28	36	40	37	46	38	34	66	66	40	35	35	51	33	34	46	42
Y_Contig_135	1145699	40	31	33	72	29	38	28	35	41	37	45	38	34	67	66	40	35	35	52	33	33	46	42
Y_Contig_135	1145700	41	30	31	74	29	38	28	35	41	37	45	37	34	67	67	40	35	35	52	33	33	45	42
Y_Contig_135	1145701	42	30	31	74	29	38	27	35	41	37	45	37	34	68	67	40	35	35	51	33	33	45	42
Y_Contig_135	1145702	40	30	31	74	29	38	27	35	41	37	45	37	33	68	68	40	34	35	51	33	33	45	42
Y_Contig_135	1145703	40	30	30	72	29	38	27	35	40	37	44	37	33	67	67	40	34	34	51	34	33	45	42
Y_Contig_135	1145704	40	30	30	72	30	38	27	35	40	37	44	37	33	67	67	40	34	34	51	34	33	44	43
Y_Contig_135	1145705	40	30	30	72	30	38	27	35	40	38	44	39	33	67	66	40	33	34	51	35	33	44	43
Y_Contig_135	1145706	40	30	30	72	28	38	27	35	39	38	44	39	32	67	67	40	32	34	51	34	33	43	43
Y_Contig_135	1145707	41	30	30	71	28	38	27	34	39	38	43	39	32	67	67	40	33	33	51	33	33	43	43
Y_Contig_135	1145708	41	29	30	73	28	38	28	33	39	38	43	39	32	67	67	40	33	33	51	34	33	42	43
Y_Contig_135	1145709	42	29	30	73	28	38	28	32	39	38	43	38	33	67	68	40	32	34	49	34	33	41	42
Y_Contig_135	1145710	42	29	29	73	28	38	28	32	40	38	43	38	34	67	68	40	32	34	49	34	33	43	43
Y_Contig_135	1145711	43	29	29	72	28	37	28	32	40	38	42	38	34	67	69	41	32	34	49	34	33	43	44
Y_Contig_135	1145712	42	29	29	72	28	37	30	31	40	38	42	38	34	67	69	41	32	34	50	34	33	43	44
Y_Contig_135	1145713	42	30	29	71	27	36	30	31	39	38	42	38	34	67	68	41	32	34	52	34	33	41	44
Y_Contig_135	1145714	42	30	29	71	27	35	31	31	40	38	43	39	34	68	69	43	33	34	51	34	33	41	44
Y_Contig_135	1145715	43	30	30	71	27	35	31	31	40	37	44	39	35	69	69	43	33	34	51	34	33	42	44
Y_Contig_135	1145716	43	30	30	71	27	35	31	31	40	37	44	38	35	68	69	42	33	34	51	33	33	42	44
Y_Contig_135	1145717	43	30	30	71	27	35	31	30	40	37	44	37	35	68	69	42	32	35	51	33	33	42	43
Y_Contig_135	1145718	43	30	29	69	27	34	31	30	40	37	45	36	34	68	70	42	32	34	51	33	32	42	41
Y_Contig_135	1145719	42	30	29	69	26	34	30	29	40	37	45	35	35	67	70	41	32	33	51	32	32	42	39
Y_Contig_135	1145720	42	30	29	69	26	34	29	28	40	37	45	34	35	67	72	41	33	33	51	32	32	42	39
Y_Contig_135	1145721	42	30	29	69	26	34	29	28	40	37	45	34	35	67	72	41	33	33	51	32	32	42	39
Y_Contig_135	1145722	42	30	29	69	27	34	29	28	40	35	45	36	35	67	72	41	33	33	52	32	32	42	40
Y_Contig_135	1145723	42	30	29	69	27	35	29	28	40	36	44	36	35	65	73	41	33	33	53	32	33	42	39
Y_Contig_135	1145724	40	31	29	69	28	34	29	28	40	34	44	36	34	64	72	41	33	33	54	32	34	41	39
Y_Contig_135	1145725	39	30	27	70	28	33	29	28	40	34	44	36	34	62	72	41	34	34	54	32	35	41	40
Y_Contig_135	1145726	39	30	27	70	30	33	29	28	40	33	45	36	34	62	70	42	34	34	52	31	34	41	40
Y_Contig_135	1145727	40	30	27	70	30	32	29	30	40	33	46	37	34	62	70	42	33	34	52	31	35	41	40
Y_Contig_135	1145728	38	30	27	70	30	32	29	30	40	32	44	37	34	61	69	41	33	34	52	31	35	41	40
Y_Contig_135	1145729	38	30	27	69	30	32	30	31	40	33	44	37	34	60	69	40	33	35	54	31	35	42	39
Y_Contig_135	1145730	38	30	26	67	30	32	31	30	41	32	43	37	35	60	69	39	33	36	54	31	34	42	38
Y_Contig_135	1145731	38	30	25	66	30	32	31	30	41	32	43	37	35	61	70	39	33	36	54	31	34	42	38
Y_Contig_135	1145732	38	29	26	68	31	33	31	30	41	32	43	37	35	61	69	39	33	36	54	31	34	43	38
Y_Contig_135	1145733	37	29	26	69	28	32	31	30	41	32	43	38	35	61	67	39	32	37	53	31	34	42	40
Y_Contig_135	1145734	37	29	26	70	28	31	31	29	40	32	43	37	34	61	66	39	32	36	54	31	33	41	40
Y_Contig_135	1145735	37	29	26	70	28	30	31	29	38	31	44	37	34	60	66	39	32	36	53	31	33	41	41
Y_Contig_135	1145736	39	29	26	71	28	29	31	30	38	31	45	38	34	60	64	39	33	36	52	31	33	41	41
Y_Contig_135	1145737	39	29	26	70	28	29	32	31	39	31	45	38	35	61	62	39	35	37	52	31	33	42	41
Y_Contig_135	1145738	38	28	26	72	28	29	31	31	39	31	46	39	36	61	62	39	35	37	52	31	32	44	41
Y_Contig_135	1145739	38	28	26	72	28	28	31	31	39	31	46	39	36	61	61	38	35	37	50	30	32	45	41
Y_Contig_135	1145740	38	28	26	72	28	27	31	31	39	29	45	39	36	61	60	37	35	38	51	30	32	45	41
Y_Contig_135	1145741	39	28	26	73	28	27	31	31	39	29	45	39	36	60	60	37	34	38	52	30	32	45	41
Y_Contig_135	1145742	40	28	26	73	28	27	32	32	37	27	45	39	36	60	60	38	35	38	52	29	32	45	41
Y_Contig_135	1145743	40	28	26	73	28	27	31	32	36	27	45	41	36	60	60	38	35	38	51	29	32	44	41
Y_Contig_135	1145744	40	27	26	72	28	25	31	33	37	27	46	41	35	59	59	39	35	39	50	28	30	45	42
Y_Contig_135	1145745	40	27	26	72	29	25	31	33	37	27	46	40	35	58	60	40	34	39	50	28	30	43	43
Y_Contig_135	1145746	40	28	25	71	30	25	31	33	36	27	45	41	35	59	60	40	34	40	50	28	29	44	44
Y_Contig_135	1145747	40	26	25	71	30	25	31	33	36	28	45	40	35	60	61	39	34	40	50	28	29	43	44
Y_Contig_135	1415081	30	33	33	15	23	26	32	31	22	30	43	37	28	20	40	46	34	50	38	27	25	47	49
Y_Contig_135	1415082	29	33	33	15	23	26	33	31	22	30	43	38	28	20	39	46	34	49	38	27	25	46	49
Y_Contig_135	1415083	29	33	31	15	23	26	33	31	22	30	43	38	28	20	39	45	34	49	37	28	24	46	49
Y_Contig_135	1415084	29	34	30	15	24	27	32	31	22	30	43	36	30	20	38	45	32	50	36	28	24	47	49
Y_Contig_135	1415085	29	34	30	15	24	28	32	29	22	30	43	37	30	20	39	45	32	50	35	27	24	48	51
Y_Contig_135	1415086	29	34	30	15	24	27	32	31	20	29	42	37	30	20	39	45	32	48	35	27	23	49	53
Y_Contig_135	1415087	28	34	30	15	24	27	31	30	20	28	42	37	31	20	40	44	32	48	35	27	22	49	53
Y_Contig_135	1415088	28	34	31	15	23	27	31	30	20	28	42	37	31	20	40	43	33	48	35	26	22	49	53
Y_Contig_135	1415089	28	34	31	15	23	26	31	28	20	27	39	37	31	20	39	42	33	46	36	26	22	49	52
Y_Contig_135	1415090	29	34	32	15	23	26	31	30	19	26	39	38	30	20	39	42	32	47	36	27	22	49	50
Y_Contig_135	1415091	29	34	32	15	23	27	32	28	20	26	39	37	30	20	40	42	33	48	35	26	22	49	50
Y_Contig_135	1415092	29	34	33	15	24	26	32	29	19	25	38	37	31	19	40	41	33	49	35	26	22	48	50
Y_Contig_135	1415093	29	36	33	15	23	27	32	29	19	25	39	37	30	19	39	43	33	48	34	25	22	47	50
Y_Contig_135	1415094	29	36	33	15	22	27	33	29	18	25	39	37	30	19	39	43	32	48	34	25	21	48	51
Y_Contig_135	1415095	30	36	33	15	23	27	34	29	18	25	40	37	30	19	40	43	32	49	35	25	22	49	51
Y_Contig_135	1415096	30	36	33	15	23	27	33	30	18	25	40	37	31	19	40	43	32	50	35	26	24	49	51
Y_Contig_135	1415097	30	36	33	15	24	28	33	30	18	25	40	37	31	18	40	42	32	50	35	25	24	49	50
Y_Contig_135	1415098	31	37	31	14	22	28	33	30	18	25	40	37	31	18	40	41	33	50	34	26	23	49	49
Y_Contig_135	1415099	31	37	31	14	22	28	33	31	19	25	40	39	31	18	41	41	32	52	36	27	22	49	49
Y_Contig_135	1415100	31	36	31	14	22	28	33	31	19	25	40	40	31	18	40	41	32	49	36	27	21	49	49
Y_Contig_135	1415101	31	36	31	14	22	28	32	30	19	25	40	40	31	18	40	41	32	49	36	27	22	49	48
Y_Contig_135	1415102	31	36	31	14	23	29	32	31	19	26	39	40	31	18	40	42	32	49	36	27	21	49	49
Y_Contig_135	1415103	33	36	31	14	22	29	32	31	19	26	39	40	31	18	40	42	31	49	36	27	21	49	49
Y_Contig_135	1415104	33	36	31	14	22	29	33	31	19	26	39	40	31	18	40	42	31	48	36	26	21	50	49
Y_Contig_135	1415105	34	36	31	14	22	29	33	31	19	26	39	40	31	18	41	42	33	48	36	28	21	49	52
Y_Contig_135	1415106	34	36	31	14	22	29	33	31	19	26	39	39	31	18	41	43	33	48	36	29	20	49	52
Y_Contig_135	1415107	33	37	32	14	23	29	33	33	19	26	40	38	33	18	41	42	34	49	35	29	19	50	53
Y_Contig_135	1415108	36	37	32	14	23	28	33	32	17	27	40	38	33	18	41	42	33	50	34	29	19	50	53
Y_Contig_135	1415109	37	37	32	14	24	28	32	32	17	27	39	36	33	18	42	42	34	49	34	29	19	50	54
Y_Contig_135	1415110	38	38	33	14	26	28	32	31	17	27	39	37	33	18	42	42	36	50	35	29	20	49	54
Y_Contig_135	1415111	38	38	33	14	26	28	32	32	17	27	39	36	35	18	42	42	36	51	35	29	20	48	54
Y_Contig_135	1415112	37	38	34	14	25	28	31	31	17	26	40	36	35	18	42	42	36	51	35	29	21	49	54
Y_Contig_135	1415113	37	38	34	14	26	27	30	31	18	26	40	37	35	18	42	42	36	51	35	29	21	49	54
Y_Contig_135	1415114	37	37	33	14	26	27	30	33	18	28	41	38	35	18	43	42	36	53	35	30	21	50	56
Y_Contig_135	1415115	37	36	33	12	26	27	30	32	19	28	41	38	34	18	43	42	38	53	35	30	21	50	56
Y_Contig_135	1415116	38	36	33	11	26	27	30	33	19	27	41	38	35	17	43	42	38	53	35	30	22	50	56
Y_Contig_135	1415117	38	36	33	11	27	28	29	33	18	27	41	38	36	17	43	42	39	53	36	30	22	50	56
Y_Contig_135	1415118	38	36	34	11	26	27	29	33	18	27	41	38	36	17	43	43	39	53	38	29	22	51	56
Y_Contig_135	1415119	39	36	34	11	26	27	29	33	18	26	41	38	37	17	44	43	40	53	37	28	22	51	55
Y_Contig_135	1415120	39	37	34	11	26	25	30	33	19	26	41	38	37	17	43	42	40	52	36	27	22	50	55
Y_Contig_135	1415121	40	38	34	11	26	25	29	33	19	26	40	38	37	17	43	42	41	51	36	27	22	51	55
Y_Contig_135	1415122	40	38	35	11	26	25	29	33	19	26	39	38	37	17	43	41	40	50	36	27	22	50	54
Y_Contig_135	1415123	40	38	35	11	27	24	29	33	20	28	39	38	36	17	43	38	40	50	37	27	22	50	54
Y_Contig_135	1415124	41	38	35	11	28	24	30	33	20	28	39	38	36	17	43	38	40	50	36	27	22	50	55
Y_Contig_135	1415125	40	39	36	11	28	25	29	34	20	28	39	39	36	17	43	38	40	50	36	26	22	51	56
Y_Contig_135	1415126	40	39	36	11	28	25	29	35	20	27	40	40	38	17	44	37	40	50	35	25	23	51	57
Y_Contig_135	1415127	41	39	36	11	29	25	29	36	20	27	41	40	38	17	44	36	39	50	35	25	23	51	57
Y_Contig_135	1415128	41	38	36	11	30	24	29	36	20	27	41	41	38	17	44	37	39	49	35	25	23	51	56
Y_Contig_135	1415129	41	38	36	11	30	24	29	36	20	27	40	41	38	17	44	37	39	49	35	25	23	51	57
Y_Contig_135	1415130	41	38	35	11	30	24	29	37	20	27	40	42	38	17	44	37	38	49	33	26	23	51	57
Y_Contig_135	1415131	41	37	35	11	31	24	30	39	20	27	40	43	38	17	44	38	38	49	33	26	24	51	58
Y_Contig_135	1415132	41	37	35	11	30	24	30	39	20	27	39	43	37	17	43	38	38	49	33	26	24	51	58
Y_Contig_135	1415133	41	38	35	11	29	25	30	39	19	26	38	43	37	17	42	38	37	50	33	26	24	52	58
Y_Contig_135	1415134	41	38	35	10	30	25	30	39	19	26	38	43	37	17	42	39	37	51	33	26	24	52	60
Y_Contig_135	1415135	41	39	35	10	30	26	29	40	19	26	38	45	37	17	43	39	37	51	33	26	24	52	61
Y_Contig_135	1415136	41	38	37	10	31	26	28	39	19	26	37	45	37	16	43	39	37	51	33	26	24	52	60
Y_Contig_135	1415137	42	38	37	9	31	26	28	39	19	26	37	45	37	16	43	39	37	51	33	26	24	52	62
Y_Contig_135	1415138	42	36	36	9	31	26	28	39	19	26	37	45	37	16	44	39	37	51	33	26	24	52	63
Y_Contig_135	1415139	42	36	36	9	31	28	28	40	19	25	37	46	38	16	42	39	37	51	34	27	24	53	63
Y_Contig_135	1415140	41	36	36	9	31	28	28	40	19	25	37	46	38	16	42	38	36	50	34	28	24	52	63
Y_Contig_135	1415141	40	36	36	9	31	28	28	40	18	25	37	46	38	16	42	37	36	49	34	28	24	52	63
Y_Contig_135	1415142	40	34	36	9	31	27	28	40	18	25	37	47	38	15	42	38	37	51	33	27	24	52	63
Y_Contig_135	1415143	40	34	36	9	31	27	28	40	18	26	37	47	38	15	42	38	38	51	33	27	24	52	63
Y_Contig_135	1415144	39	34	35	9	31	28	28	41	18	26	38	48	39	15	42	38	38	51	34	28	24	51	63
Y_Contig_135	1415145	39	34	35	9	31	28	28	40	19	26	38	47	38	15	43	37	39	51	34	28	24	51	63
Y_Contig_135	1415146	39	34	35	9	30	28	28	39	19	28	38	45	38	15	42	36	38	50	34	29	25	50	63
Y_Contig_135	1415147	39	34	36	9	29	28	27	40	19	28	38	46	38	15	43	37	38	49	35	30	26	52	62
Y_Contig_135	1415148	39	34	37	9	29	28	28	40	19	28	38	46	38	15	43	37	37	48	36	30	26	52	62
Y_Contig_135	1415149	38	33	37	9	29	28	28	40	19	27	38	47	38	15	43	37	37	48	36	30	28	52	62
Y_Contig_135	1415150	38	33	37	9	29	28	28	40	20	27	38	46	38	15	43	37	36	48	35	30	29	53	62
Y_Contig_135	1415151	38	33	37	8	29	28	27	41	20	27	39	47	37	15	42	36	35	47	35	30	29	53	62
Y_Contig_135	1415152	37	33	35	8	29	27	28	41	19	27	39	47	37	15	43	36	35	48	35	30	29	53	62
Y_Contig_135	1415153	37	33	36	8	29	27	28	41	19	28	39	49	37	15	43	36	36	47	36	30	30	54	63
Y_Contig_135	1415154	38	33	36	8	29	27	28	41	19	29	38	50	37	15	44	35	36	48	36	30	30	54	63
Y_Contig_135	1415155	39	33	36	8	31	27	28	41	19	29	38	49	37	15	43	35	36	48	36	31	30	54	63
Y_Contig_135	1415156	39	34	36	8	31	28	28	41	19	29	40	49	37	15	43	35	36	48	36	31	30	54	61
Y_Contig_135	1415157	39	34	36	7	31	28	28	42	19	29	40	50	37	15	43	35	36	48	36	31	30	53	62
Y_Contig_135	1415158	40	34	36	7	31	29	29	42	19	29	41	49	36	15	43	37	36	48	36	31	30	53	62
Y_Contig_135	1415159	40	35	37	7	29	30	30	42	19	29	41	48	36	15	44	37	36	49	36	31	31	54	62
Y_Contig_135	1415160	40	34	36	6	29	30	31	42	18	29	41	48	36	15	43	37	36	49	35	31	31	53	61
Y_Contig_135	1415161	41	34	38	6	29	30	30	42	18	29	41	47	36	15	42	37	37	49	35	31	32	53	60
Y_Contig_135	1415162	41	34	38	6	29	29	29	43	19	28	41	47	36	15	43	37	37	51	36	32	31	54	59
Y_Contig_135	1415163	41	34	38	6	29	29	29	43	19	28	42	47	37	15	43	37	36	51	34	32	31	54	60
Y_Contig_135	1415164	41	34	38	6	29	29	29	42	19	28	42	46	38	15	43	37	35	49	35	32	31	53	60
Y_Contig_135	1415165	40	35	38	6	29	29	29	42	19	26	42	49	38	15	43	37	36	50	34	32	31	54	59
Y_Contig_135	1415166	38	34	38	6	29	28	28	41	20	26	43	49	36	15	46	37	36	50	34	32	32	53	58
Y_Contig_135	1415167	38	34	37	6	29	28	28	41	20	26	43	49	37	15	46	37	36	51	35	33	32	53	58
Y_Contig_135	1415168	39	34	37	6	28	28	28	41	21	26	43	50	37	15	47	37	36	51	35	33	32	53	58
Y_Contig_135	1415169	40	34	35	6	29	27	26	40	21	26	42	51	37	14	48	36	36	50	36	33	32	52	57
Y_Contig_135	1415170	41	34	34	6	29	28	26	39	21	27	42	52	37	13	48	37	37	50	36	34	34	51	56
Y_Contig_135	1415171	43	34	34	6	29	28	26	39	21	27	41	53	36	13	49	37	37	50	35	34	35	50	56
Y_Contig_135	1415172	43	34	34	6	30	28	25	39	21	27	41	53	36	13	49	37	37	49	35	34	35	50	56
Y_Contig_135	1415173	43	33	34	6	30	27	25	39	21	26	41	53	36	13	49	39	37	49	34	34	35	50	56
Y_Contig_135	1415174	41	33	34	6	30	26	24	38	19	25	41	53	36	13	49	39	37	48	34	35	34	50	56
Y_Contig_135	1415175	41	34	34	6	30	26	24	39	19	24	41	52	36	13	48	39	38	48	34	34	34	50	55
Y_Contig_135	1415176	41	34	35	6	30	27	25	39	19	25	40	52	36	13	48	40	39	48	34	34	34	50	55
Y_Contig_135	1415177	41	34	38	6	30	27	25	40	19	25	40	51	37	12	48	41	40	48	33	34	34	50	55
Y_Contig_135	1415178	41	34	38	6	29	27	26	40	19	25	40	51	37	12	48	41	41	48	33	33	35	50	52
Y_Contig_135	1415179	41	34	37	6	29	27	25	40	18	25	40	51	37	12	48	41	41	48	33	33	35	50	52
Y_Contig_135	1415180	41	33	37	6	29	28	25	39	18	24	41	51	38	11	48	43	40	48	33	33	35	50	52
Y_Contig_135	1415181	41	34	37	6	29	29	25	39	17	24	41	51	39	10	49	43	40	48	33	32	36	49	51
Y_Contig_135	1415182	42	35	37	6	29	27	25	38	17	22	42	51	40	10	47	44	40	47	33	31	36	44	49
Y_Contig_135	1415183	42	35	37	6	29	27	27	38	17	22	42	51	40	10	47	43	40	49	33	31	36	45	49
Y_Contig_135	1415184	42	36	36	6	29	27	27	38	17	22	42	52	40	10	46	43	40	49	33	31	35	45	49
Y_Contig_135	1415185	42	37	37	6	30	29	27	38	17	22	43	52	40	10	47	44	40	49	34	31	35	46	51
Y_Contig_135	1415186	42	37	37	6	31	30	27	38	17	23	43	52	40	10	47	44	40	49	34	31	35	45	51
Y_Contig_135	1415187	42	37	36	6	31	30	27	38	17	22	42	52	40	10	47	44	39	49	33	31	35	44	51
Y_Contig_135	1415188	42	36	36	5	31	30	28	39	17	22	42	52	40	10	47	44	38	48	33	31	35	44	51
Y_Contig_135	1415189	42	34	35	5	31	29	28	39	19	22	43	51	41	10	46	44	38	50	33	32	35	45	52
Y_Contig_135	1415190	42	35	35	5	31	29	28	40	20	22	44	50	41	10	46	44	38	49	34	33	35	44	52
Y_Contig_135	1415191	43	35	35	5	32	29	28	41	20	23	44	51	41	10	47	43	37	49	34	34	35	44	52
Y_Contig_135	1415192	42	35	36	5	33	29	28	41	20	23	44	51	41	9	46	44	37	49	33	34	34	43	53
Y_Contig_135	1415193	43	36	36	5	33	29	28	42	20	23	44	51	42	9	46	45	37	50	33	34	34	43	53
Y_Contig_135	1415194	41	35	36	5	33	29	28	42	20	23	44	51	42	8	46	43	38	50	32	34	34	42	53
Y_Contig_135	1415195	41	35	36	5	32	29	28	42	20	23	44	51	42	8	46	44	38	50	32	34	34	42	53
Y_Contig_135	1415196	40	34	38	5	32	30	27	43	20	24	44	51	42	8	47	43	39	50	31	33	34	43	54
Y_Contig_135	1415197	40	34	38	4	32	30	27	43	20	24	44	51	42	8	46	44	39	51	31	34	34	42	54
Y_Contig_135	1415198	40	33	38	4	31	30	26	43	20	23	44	51	42	7	46	44	39	51	31	34	34	40	53
Y_Contig_135	1415199	40	33	37	4	31	30	26	43	20	24	44	50	42	7	46	45	39	51	31	34	33	40	53
Y_Contig_135	1415200	40	34	36	4	31	30	26	43	20	24	44	51	42	7	46	45	40	53	31	33	33	43	54
Y_Contig_135	1415201	40	34	36	4	31	30	25	43	20	24	43	50	42	7	46	44	40	53	31	33	33	43	54
Y_Contig_135	1415202	41	34	36	4	32	30	26	43	20	24	43	50	42	7	46	44	40	54	32	33	33	43	54
Y_Contig_135	1415203	41	33	35	4	32	30	25	43	20	24	42	50	42	6	45	43	40	54	32	32	33	43	54
Y_Contig_135	1415204	41	33	35	4	33	30	24	43	21	24	42	50	40	6	43	42	40	54	32	31	33	42	53
Y_Contig_135	1415205	41	33	35	3	33	30	24	43	21	24	42	50	40	6	43	41	40	54	32	30	33	41	54
Y_Contig_135	1415206	41	34	35	3	33	31	25	43	21	25	41	50	40	6	44	41	41	53	32	30	33	41	55
Y_Contig_135	1415207	42	35	34	3	34	31	25	43	21	25	42	50	40	5	45	40	42	53	32	31	32	41	55
Y_Contig_135	1415208	41	33	34	3	34	31	25	43	21	25	42	50	40	4	44	40	42	54	32	31	32	41	55
Y_Contig_135	1415209	40	33	37	3	35	31	25	43	21	25	42	49	40	3	44	39	42	54	33	31	32	42	54
Y_Contig_135	1415210	40	34	36	2	36	31	25	43	22	25	42	49	38	3	44	40	42	54	33	31	31	42	54
Y_Contig_135	1415211	39	34	35	2	36	31	25	44	22	25	41	49	37	2	44	40	42	55	33	31	31	41	54
Y_Contig_135	1415212	39	34	35	2	36	31	25	44	22	25	40	48	37	2	44	40	42	55	32	31	31	41	54
Y_Contig_135	1415213	39	34	35	2	36	32	25	44	22	25	40	47	37	2	43	41	42	55	33	31	31	41	54
Y_Contig_135	1415214	39	34	35	2	36	32	25	43	22	25	40	46	36	2	43	40	41	54	33	30	30	43	54
Y_Contig_135	1415215	39	34	35	2	36	32	26	43	22	25	40	46	35	2	45	40	40	56	33	30	30	43	54
Y_Contig_135	1415216	38	35	35	2	35	32	26	43	22	25	39	46	35	2	45	40	40	56	33	30	30	43	54
Y_Contig_135	1415217	38	35	35	2	35	32	26	44	21	24	38	45	35	2	45	40	40	56	33	30	30	43	54
Y_Contig_135	1415218	39	35	35	1	35	31	25	44	21	24	38	45	35	2	45	40	40	56	33	30	30	43	54
Y_Contig_135	1415219	39	35	36	1	35	31	24	44	21	25	38	46	35	2	44	40	39	54	34	30	31	43	52
Y_Contig_135	1415220	37	36	36	1	36	32	24	45	21	26	38	46	35	2	44	39	40	54	35	29	31	44	53
Y_Contig_135	1415221	38	36	35	1	37	32	25	44	21	26	38	46	35	2	44	39	41	53	35	30	30	44	53
Y_Contig_135	1415222	38	36	36	0	38	32	25	44	21	26	38	46	35	2	45	39	41	53	35	30	30	44	53
Y_Contig_135	1415223	38	36	37	0	38	32	25	44	22	26	37	46	35	2	45	39	41	53	36	31	30	44	53
Y_Contig_135	1415224	38	36	37	0	38	32	25	44	22	26	36	46	35	2	46	39	41	53	35	31	30	44	53
Y_Contig_135	1415225	37	36	37	0	37	31	25	44	22	26	35	46	35	2	46	38	39	51	34	31	30	43	51
Y_Contig_135	1415226	37	36	37	0	38	32	26	45	22	27	33	46	36	2	46	39	38	51	35	31	31	44	51
Y_Contig_135	1415227	37	35	37	0	38	32	26	45	22	27	32	45	35	1	46	39	38	51	35	30	31	44	49
Y_Contig_135	1415228	37	36	37	0	38	32	26	45	22	27	33	45	34	1	46	39	38	51	37	30	31	44	49
Y_Contig_135	1415229	37	36	37	0	38	31	26	45	23	27	31	45	34	1	46	39	36	51	37	30	31	45	47
Y_Contig_135	1415230	35	36	38	0	38	32	27	46	23	28	30	43	34	0	47	39	36	52	39	30	30	45	48
Y_Contig_135	1415231	35	36	38	0	38	32	28	46	23	28	30	44	33	0	47	39	36	52	39	30	30	44	47
Y_Contig_135	1415232	35	36	38	0	38	32	28	45	22	28	30	43	33	0	47	38	36	52	39	30	30	44	47
Y_Contig_135	1415233	35	35	38	0	37	32	28	44	22	30	30	43	32	0	47	38	36	52	39	29	30	44	47
Y_Contig_135	1415234	36	35	38	0	37	32	29	44	22	30	30	43	31	0	47	38	36	50	40	29	30	45	48
Y_Contig_135	1415235	36	35	38	0	38	31	29	44	22	30	30	42	31	0	46	38	36	50	40	29	30	43	44
Y_Contig_135	1415236	36	35	38	0	39	32	30	43	22	30	30	42	31	0	45	38	36	50	40	29	30	46	44
Y_Contig_135	1415237	36	36	38	0	40	32	30	44	22	31	30	42	30	0	45	38	37	50	41	30	30	46	44
Y_Contig_135	1415238	36	36	37	0	40	32	30	45	22	31	29	43	30	0	45	39	36	50	42	30	30	47	44
Y_Contig_135	1415239	36	36	38	0	40	32	30	46	22	31	28	43	30	0	45	39	36	51	41	30	30	47	44
Y_Contig_135	1415240	35	36	37	0	40	32	30	44	22	31	28	43	30	0	45	40	36	50	42	29	30	47	45
Y_Contig_135	1415241	35	36	36	0	40	31	29	43	21	31	28	43	29	0	44	39	35	48	43	29	30	47	45
Y_Contig_135	1415242	35	36	36	0	39	31	30	43	22	31	28	43	30	0	44	40	36	48	43	29	31	47	45
Y_Contig_135	1415243	35	34	37	0	39	30	31	43	22	32	27	43	30	0	45	39	36	48	43	30	32	47	45
Y_Contig_135	1415244	35	34	36	0	40	30	30	43	22	32	27	44	31	0	45	39	37	48	43	30	32	46	45
Y_Contig_135	1415245	35	34	36	0	39	32	29	43	22	32	26	45	31	0	44	40	37	48	42	30	30	45	45
Y_Contig_135	1415246	35	34	36	0	39	32	29	42	23	32	26	45	31	0	44	40	37	47	42	30	29	45	46
Y_Contig_135	1415247	35	33	36	0	38	31	29	44	23	32	27	45	31	0	44	41	36	47	42	30	29	45	46
Y_Contig_135	1415248	36	34	36	0	38	31	30	44	23	33	27	46	31	0	45	43	36	47	41	29	29	45	46
Y_Contig_135	2307548	38	25	33	30	41	30	33	46	30	45	39	35	35	25	44	47	41	49	41	35	37	38	39
Y_Contig_135	2307549	39	25	32	31	41	29	33	45	31	46	38	35	36	26	43	47	41	48	40	35	36	39	40
Y_Contig_135	2307550	39	26	31	30	40	29	33	45	33	47	38	35	36	26	44	47	41	47	40	35	36	39	40
Y_Contig_135	2307551	39	27	31	30	40	29	33	45	33	45	39	34	35	26	45	47	43	47	39	35	36	40	41
Y_Contig_135	2307552	38	27	30	30	40	29	33	46	34	45	39	34	36	26	45	47	43	48	39	35	38	40	41
Y_Contig_135	2307553	38	26	29	30	38	28	33	46	35	46	39	34	35	26	44	48	43	48	39	35	38	40	41
Y_Contig_135	2307554	38	26	30	31	38	29	33	46	35	46	39	34	35	26	44	48	42	48	38	33	39	39	42
Y_Contig_135	2307555	38	26	31	31	38	28	32	45	34	48	40	34	34	27	44	48	41	48	38	33	40	41	43
Y_Contig_135	2307556	39	27	31	30	39	28	32	45	34	49	40	35	35	27	44	47	41	47	37	33	37	41	43
Y_Contig_135	2307557	40	27	30	30	39	28	32	45	34	49	43	36	35	27	44	47	41	47	38	35	37	41	43
Y_Contig_135	2307558	41	28	29	30	39	28	31	46	33	49	43	37	35	26	44	47	41	51	39	35	37	39	41
Y_Contig_135	2307559	41	28	29	29	39	29	31	46	32	49	43	37	37	27	45	47	42	51	38	35	38	40	43
Y_Contig_135	2307560	41	28	29	30	39	29	33	46	32	50	43	36	37	28	45	47	42	51	38	35	38	40	43
Y_Contig_135	2307561	43	29	29	30	39	28	33	46	31	50	43	36	37	28	46	46	42	51	38	35	39	40	43
Y_Contig_135	2307562	43	29	29	30	39	28	33	46	31	50	43	36	37	28	46	46	42	51	38	35	39	41	43
Y_Contig_135	2307563	42	29	29	31	37	28	33	44	31	50	43	36	37	28	45	46	41	50	39	35	39	42	42
Y_Contig_135	2307564	43	29	29	31	37	28	33	44	31	49	43	36	37	29	45	46	41	51	39	34	39	43	42
Y_Contig_135	2307565	43	29	30	31	36	28	32	44	31	49	43	37	37	29	45	46	42	53	38	33	39	43	42
Y_Contig_135	2307566	43	29	30	30	36	27	32	44	32	48	43	36	37	29	45	47	40	53	37	33	39	42	42
Y_Contig_135	2307567	43	29	31	30	38	27	32	44	32	48	42	36	37	29	46	47	41	53	38	33	38	42	42
Y_Contig_135	2307568	43	29	31	30	39	27	32	44	33	47	42	36	38	29	47	47	41	53	38	33	38	41	42
Y_Contig_135	2307569	45	29	31	31	40	27	31	45	30	48	45	36	38	30	48	47	42	55	40	32	38	43	41
Y_Contig_135	2307570	45	29	31	31	41	27	31	45	31	50	44	36	40	30	48	47	42	54	41	32	38	43	42
Y_Contig_135	2307571	45	30	31	32	41	27	31	45	31	50	45	36	40	32	47	47	43	54	41	31	38	44	43
Y_Contig_135	2307572	46	30	30	32	42	27	31	44	30	50	45	36	40	32	47	47	43	55	41	31	38	45	43
Y_Contig_135	2307573	45	30	30	32	42	27	31	44	30	50	43	36	40	31	47	47	42	55	41	31	38	45	43
Y_Contig_135	2307574	45	31	30	33	42	27	31	45	31	49	43	37	40	31	47	47	41	55	41	31	38	45	43
Y_Contig_135	2307575	45	31	30	33	42	26	31	45	31	49	43	37	40	31	47	47	41	56	42	31	38	45	43
Y_Contig_135	2307576	45	31	31	33	42	26	32	45	30	49	41	37	41	30	46	45	41	55	41	31	38	46	43
Y_Contig_135	2307577	45	31	32	33	42	26	32	45	30	48	41	37	41	31	46	45	41	54	40	31	37	46	43
Y_Contig_135	2307578	45	31	32	33	43	26	32	46	31	50	41	38	42	31	46	45	40	54	40	31	37	46	43
Y_Contig_135	2307579	45	31	32	33	43	26	32	45	31	49	41	38	42	30	46	45	40	53	40	31	37	46	42
Y_Contig_135	2307580	45	31	32	33	43	26	32	45	31	49	41	38	42	30	45	45	41	53	39	31	37	46	44
Y_Contig_135	2307581	44	31	32	33	43	26	33	45	31	48	40	38	41	30	45	45	41	53	40	32	37	45	44
Y_Contig_135	2307582	45	32	31	33	43	26	33	45	32	48	40	39	41	30	45	44	40	53	40	32	36	45	44
Y_Contig_135	2307583	44	32	31	33	43	26	33	43	33	48	39	39	41	30	45	45	40	53	39	32	36	45	44
Y_Contig_135	2307584	45	33	31	34	43	26	33	43	33	48	39	39	41	30	45	46	41	54	39	32	36	46	44
Y_Contig_135	2307585	44	33	31	33	43	26	33	42	33	48	38	40	40	30	45	44	41	54	39	33	36	47	43
Y_Contig_135	2307586	44	33	31	33	43	26	33	42	33	48	37	41	40	31	47	46	41	54	39	33	35	46	43
Y_Contig_135	2307587	44	33	30	33	43	27	33	43	33	47	36	42	40	31	47	46	41	54	38	33	36	46	43
Y_Contig_135	2307588	44	33	30	34	43	26	33	43	33	47	38	42	40	31	47	46	42	54	38	33	36	46	43
Y_Contig_135	2307589	45	33	31	34	43	25	33	43	32	47	38	42	40	31	48	46	43	54	38	33	36	47	43
Y_Contig_135	2307590	45	33	31	34	44	25	33	42	32	46	38	42	40	31	48	44	43	54	39	34	35	45	44
Y_Contig_135	2307591	45	32	31	34	44	24	33	42	32	46	37	42	40	31	48	44	43	54	40	34	35	46	44
Y_Contig_135	2307592	45	32	32	34	44	24	33	42	32	46	37	42	41	30	48	44	43	55	41	33	36	45	43
Y_Contig_135	2307593	46	32	32	34	44	24	33	42	32	46	37	42	41	30	48	44	43	56	41	33	36	45	43
Y_Contig_135	2307594	46	32	33	34	44	23	33	42	32	46	37	42	41	30	49	44	43	56	41	33	36	46	42
Y_Contig_135	2307595	46	32	34	34	44	23	33	42	32	46	37	42	41	30	48	45	43	56	43	34	36	48	42
Y_Contig_135	2307596	46	32	34	34	44	23	34	41	31	47	38	42	41	30	49	44	44	57	43	34	36	46	43
Y_Contig_135	2307597	46	32	34	34	44	23	34	41	31	47	38	42	40	30	49	43	45	57	43	34	36	46	42
Y_Contig_135	2307598	46	32	34	34	44	24	34	41	31	47	37	42	41	30	50	43	44	56	43	34	36	46	41
Y_Contig_135	2307599	45	32	34	34	44	24	34	41	31	47	37	42	39	30	50	43	44	56	43	34	36	46	41
Y_Contig_135	2307600	45	32	33	33	44	24	34	39	31	46	36	41	38	30	49	44	45	55	41	35	36	46	41
Y_Contig_135	2307601	45	33	32	33	44	24	34	39	31	46	35	41	38	30	49	44	45	55	41	36	36	46	41
Y_Contig_135	2307602	45	33	32	33	43	24	34	41	31	46	36	41	38	31	50	45	45	55	41	38	36	47	42
Y_Contig_135	2307603	45	33	31	33	42	24	34	41	31	46	36	40	37	31	49	44	45	54	40	37	36	47	42
Y_Contig_135	2307604	45	33	30	34	43	24	34	42	31	46	36	41	38	31	50	44	44	54	40	38	35	48	42
Y_Contig_135	2307605	44	34	30	34	43	24	34	42	30	46	37	41	38	31	52	44	44	54	39	38	34	48	42
Y_Contig_135	2307606	43	34	30	34	43	24	34	42	30	46	37	42	38	31	52	44	45	54	39	38	34	48	42
Y_Contig_135	2307607	44	33	30	34	43	24	34	42	30	47	39	42	41	31	55	44	45	55	38	37	35	47	43
Y_Contig_135	2307608	44	33	30	34	43	24	34	42	30	47	40	42	41	31	54	43	45	55	38	37	35	47	43
Y_Contig_135	2307609	45	33	30	33	43	24	34	42	30	47	40	43	40	31	54	43	45	55	38	36	35	47	43
Y_Contig_135	2307610	44	33	30	32	43	24	33	42	30	47	40	44	40	31	54	44	45	55	38	36	35	47	43
Y_Contig_135	2307611	44	34	31	32	42	24	33	42	30	47	40	43	40	31	54	44	45	55	38	35	35	47	44
Y_Contig_135	2307612	44	34	31	32	42	24	33	42	30	47	40	43	40	31	54	44	45	55	38	34	35	46	44
Y_Contig_135	2307613	44	34	31	32	42	23	34	42	30	48	40	43	40	32	54	44	45	57	38	34	35	46	44
Y_Contig_135	2307614	45	36	31	32	42	23	34	43	30	49	40	45	43	33	54	46	45	61	37	35	35	47	45
Y_Contig_135	2307615	44	37	31	32	43	24	34	44	30	48	39	47	44	33	55	48	45	60	38	35	35	47	44
Y_Contig_135	2307616	44	36	31	31	43	24	34	44	30	48	39	48	44	33	56	48	47	60	38	36	35	47	45
Y_Contig_135	2307617	43	36	32	31	44	25	34	44	30	47	38	48	44	33	56	49	48	60	39	36	36	49	45
Y_Contig_135	2307618	44	36	32	33	44	25	34	45	30	47	39	48	44	32	56	49	49	61	40	36	36	49	45
Y_Contig_135	2307619	44	36	32	33	44	25	33	45	30	47	40	50	44	31	55	48	48	62	40	35	34	49	45
Y_Contig_135	2307620	44	36	31	33	44	25	33	45	29	47	40	48	44	31	54	48	48	61	39	35	34	48	45
Y_Contig_135	2307621	45	36	32	34	44	23	32	45	29	46	39	48	44	31	55	48	48	61	40	34	34	48	46
Y_Contig_135	2307622	44	36	33	35	44	23	31	45	29	43	39	49	45	31	55	48	48	61	40	35	34	49	46
Y_Contig_135	2307623	44	36	33	35	43	22	32	45	29	43	40	50	45	31	54	47	48	61	41	35	35	49	46
Y_Contig_135	2307624	44	36	33	35	42	22	32	45	29	43	39	51	45	30	55	48	47	61	42	35	35	51	44
Y_Contig_135	2307625	44	35	33	35	42	22	31	47	28	42	39	50	45	30	55	47	46	61	42	35	35	52	45
Y_Contig_135	2307626	44	35	32	35	42	23	31	47	28	42	39	50	45	30	56	47	47	60	42	35	35	52	45
Y_Contig_135	2307627	46	36	33	36	42	23	31	46	29	43	41	52	46	30	54	48	48	62	41	35	35	51	45
Y_Contig_135	2307628	46	36	33	36	42	23	31	48	30	41	41	52	46	30	54	48	48	62	41	35	33	51	46
Y_Contig_135	2307629	45	36	33	36	42	23	31	47	30	41	41	52	46	30	55	47	48	62	41	35	34	51	46
Y_Contig_135	2307630	45	37	33	36	42	23	30	46	32	41	41	51	47	30	55	47	48	62	40	36	34	51	46
Y_Contig_135	2307631	45	37	33	36	42	24	30	47	31	43	41	49	47	31	54	47	48	62	40	36	34	49	46
Y_Contig_135	2307632	44	37	33	36	42	26	30	47	32	42	41	49	47	31	54	47	48	61	41	36	34	50	46
Y_Contig_135	2307633	43	37	32	34	42	26	30	45	32	42	41	48	47	31	54	48	46	60	42	36	34	51	47
Y_Contig_135	2307634	43	37	32	34	42	26	29	43	34	42	42	49	47	31	53	46	46	60	43	36	34	51	47
Y_Contig_135	2307635	43	37	32	33	42	25	28	43	34	41	41	49	48	31	52	45	46	60	43	35	33	52	45
Y_Contig_135	2307636	43	37	32	33	43	25	28	42	34	42	40	49	48	31	52	45	45	60	43	35	33	52	45
Y_Contig_135	2307637	42	37	31	33	43	25	28	42	34	43	38	49	48	31	52	45	46	60	43	35	32	52	45
Y_Contig_135	2307638	42	37	31	33	43	25	27	42	34	43	38	53	48	32	52	46	47	60	43	35	31	52	45
Y_Contig_135	2307639	41	37	31	31	43	25	26	41	34	44	37	53	46	33	52	46	47	61	42	35	30	52	43
Y_Contig_135	2307640	41	37	30	30	44	25	26	41	34	45	37	54	47	33	53	45	48	62	43	37	30	52	43
Y_Contig_135	2307641	41	38	29	31	44	25	26	41	34	45	38	52	46	32	53	45	48	62	43	37	30	54	43
Y_Contig_135	2307642	41	38	28	31	43	24	26	41	34	43	38	51	46	32	53	45	49	59	43	37	32	54	43
Y_Contig_135	2307643	39	38	29	31	43	25	25	41	34	43	38	52	42	31	52	44	49	57	38	36	32	56	43
Y_Contig_135	2307644	40	38	29	31	43	25	25	42	35	42	39	52	42	32	52	44	49	57	38	36	32	57	42
Y_Contig_135	2307645	39	39	28	32	45	27	25	42	35	42	41	52	42	32	52	44	49	57	37	36	32	58	42
Y_Contig_135	2307646	39	39	28	31	45	27	24	42	35	43	41	52	42	32	50	44	48	58	37	35	32	59	42
Y_Contig_135	2307647	39	39	28	33	45	27	25	43	35	42	41	52	42	33	50	44	48	57	37	35	32	59	43
Y_Contig_135	2307648	36	39	28	31	45	26	25	43	35	42	39	53	43	32	50	43	48	58	37	35	32	59	42
Y_Contig_135	2307649	35	38	28	31	44	24	25	43	36	42	39	53	44	32	49	44	46	54	36	35	31	58	41
Y_Contig_135	2307650	35	38	27	31	45	25	25	42	36	42	38	53	43	32	49	44	46	54	37	36	30	58	41
Y_Contig_135	2307651	35	38	27	32	45	25	25	43	36	40	38	52	42	32	50	44	47	53	37	36	30	59	41
Y_Contig_135	2307652	34	39	27	32	42	25	24	43	36	40	38	52	41	33	49	44	46	53	37	36	31	59	42
Y_Contig_135	2307653	34	39	28	32	43	25	24	43	36	39	38	52	41	33	49	41	45	53	37	35	30	58	42
Y_Contig_135	2307654	34	37	28	32	43	26	23	41	36	39	39	52	40	33	48	40	46	54	39	35	30	59	45
Y_Contig_135	2307655	34	37	27	32	42	25	23	40	36	39	39	51	41	33	49	41	46	55	39	35	30	59	46
Y_Contig_135	2307656	34	36	27	33	42	25	24	40	36	40	40	53	41	32	49	41	46	55	40	36	30	59	46
Y_Contig_135	2307657	33	37	27	33	40	26	25	39	35	40	41	54	39	32	48	41	46	54	40	36	30	60	44
Y_Contig_135	2307658	33	37	27	32	40	26	25	39	35	40	40	56	39	32	48	41	46	55	40	35	31	60	44
Y_Contig_135	2307659	33	37	26	32	38	26	24	39	35	40	41	54	40	32	48	41	46	54	39	36	31	60	44
Y_Contig_135	2307660	33	37	27	32	38	26	24	39	35	40	42	54	40	32	49	41	47	53	40	37	31	60	45
Y_Contig_135	2307661	33	37	26	32	36	26	24	39	34	40	42	54	39	32	49	41	46	53	40	37	31	60	44
Y_Contig_135	2307662	33	36	27	32	36	26	24	39	34	39	43	54	39	32	49	40	47	54	40	37	30	60	43
Y_Contig_135	2307663	34	34	27	32	36	27	23	39	34	39	43	54	40	32	50	41	49	54	39	35	32	63	43
Y_Contig_135	2307664	34	34	27	32	36	27	23	38	34	39	45	53	41	32	51	39	49	53	40	35	33	63	43
Y_Contig_135	2307665	33	34	27	31	36	27	23	38	33	39	45	53	40	32	51	39	49	53	40	35	31	63	43
Y_Contig_135	2307666	35	34	28	31	35	27	24	37	34	38	46	53	39	32	51	39	49	51	40	35	31	63	42
Y_Contig_135	2307667	36	34	28	31	34	27	24	37	33	38	47	52	39	32	51	38	48	52	41	35	31	63	42
Y_Contig_135	2307668	38	34	29	30	35	26	24	37	33	37	47	52	41	33	52	38	49	52	41	36	31	64	42
Y_Contig_135	2307669	38	34	29	31	34	26	24	36	33	38	46	52	41	33	51	38	49	50	42	35	31	64	42
Y_Contig_135	2307670	38	34	29	31	33	26	24	36	32	38	46	54	41	31	51	37	49	50	42	35	30	64	41
Y_Contig_135	2307671	38	33	28	30	33	26	22	35	32	38	46	53	41	30	50	37	49	52	42	37	30	64	44
Y_Contig_135	2307672	38	33	28	30	32	27	22	35	32	38	46	53	41	30	50	37	48	52	43	37	30	64	44
Y_Contig_135	2307673	39	32	28	28	32	27	23	35	32	38	48	53	41	30	52	36	47	52	42	38	30	64	43
Y_Contig_135	2307674	39	32	28	28	32	27	23	35	32	38	49	53	41	30	52	37	47	53	44	38	31	64	43
Y_Contig_135	2307675	39	32	28	28	31	27	22	36	32	37	49	54	42	30	52	37	49	52	44	38	31	64	43
Y_Contig_135	2307676	39	32	28	27	31	27	22	36	33	37	49	55	42	28	51	37	49	51	44	38	32	62	43
Y_Contig_135	2307677	39	32	28	27	31	27	21	36	33	37	49	55	43	28	51	36	47	50	44	40	31	62	43
Y_Contig_135	2307678	39	32	26	27	31	27	21	36	33	37	49	55	43	27	51	36	45	50	44	40	31	60	43
Y_Contig_135	2307679	39	30	26	27	31	27	20	36	33	36	49	55	42	27	52	36	45	50	44	42	31	59	42
Y_Contig_135	2307680	39	30	26	27	31	27	20	36	33	34	49	55	42	27	52	36	45	51	44	43	31	59	42
Y_Contig_135	2307681	39	30	26	28	30	29	20	37	33	34	48	55	42	27	52	35	45	51	41	43	31	59	42
Y_Contig_135	2307682	39	29	26	27	31	29	20	37	33	34	47	54	42	27	52	35	45	50	41	43	31	57	42
Y_Contig_135	2307683	39	28	26	27	31	29	20	37	33	34	47	54	42	28	53	35	45	50	41	44	31	57	43
Y_Contig_135	2307684	39	28	27	27	32	29	21	37	35	33	47	54	42	28	52	34	45	51	42	44	31	57	43
Y_Contig_135	2307685	39	28	27	27	32	28	21	36	35	33	46	54	41	28	52	34	45	53	42	43	31	57	43
Y_Contig_135	2307686	39	28	27	28	32	28	21	36	35	33	47	54	41	27	51	33	44	53	42	43	29	57	43
Y_Contig_135	2307687	39	28	27	27	32	28	21	36	35	33	47	52	41	27	50	33	44	53	42	43	29	57	43
Y_Contig_135	2307688	39	27	27	27	33	29	21	36	35	33	48	52	41	26	50	32	44	53	42	43	29	57	43
Y_Contig_135	2307689	39	26	27	27	34	29	20	36	35	32	47	51	40	26	49	32	43	53	42	42	29	56	43
Y_Contig_135	2307690	39	26	27	29	34	28	20	37	35	32	47	51	41	26	49	33	43	53	42	41	29	56	43
Y_Contig_135	2307691	39	26	28	29	34	28	19	36	34	32	48	51	41	26	49	32	43	50	42	40	29	55	43
Y_Contig_135	2307692	38	26	28	29	34	28	19	36	34	32	48	51	41	26	49	32	43	50	42	40	29	56	43
Y_Contig_135	2307693	38	27	27	30	34	28	19	36	34	32	48	51	41	26	49	32	43	50	42	40	29	56	44
Y_Contig_135	2307694	37	27	27	30	34	27	19	36	34	32	48	50	41	26	49	32	43	50	42	40	29	56	42
Y_Contig_135	2307695	36	26	27	30	34	27	19	36	33	32	48	50	41	27	49	31	43	50	42	39	29	56	41
Y_Contig_135	2307696	35	26	27	30	34	26	19	36	33	32	48	50	41	27	48	30	43	50	42	39	29	56	41
Y_Contig_135	2307697	35	26	27	30	34	25	19	35	32	32	47	50	40	27	48	30	45	50	41	39	29	56	42
Y_Contig_135	2307698	33	26	27	30	34	25	19	35	31	31	47	50	40	25	48	30	45	50	44	40	30	55	41
Y_Contig_135	2307699	34	27	27	29	34	25	19	36	31	31	48	50	39	25	48	30	45	50	44	40	30	56	41
Y_Contig_135	2307700	34	27	27	29	35	26	19	36	30	31	49	50	39	25	47	31	44	50	43	39	30	55	41
Y_Contig_135	2307701	34	26	27	29	35	26	19	36	30	31	48	50	39	25	47	31	43	49	43	39	30	54	40
Y_Contig_135	2307702	34	26	27	29	35	26	19	35	29	31	48	50	38	25	47	32	43	49	43	40	28	55	40
Y_Contig_135	2307703	34	26	27	30	37	27	19	35	28	30	48	50	38	25	47	30	44	49	43	41	30	55	40
Y_Contig_135	2307704	34	26	25	29	37	26	19	35	28	30	48	50	38	25	47	30	44	49	43	41	29	54	38
Y_Contig_135	2307705	34	26	25	30	37	26	19	35	28	28	48	50	37	24	47	30	44	48	43	41	28	53	38
Y_Contig_135	2307706	33	25	25	31	36	26	20	35	28	27	49	49	37	24	48	31	46	49	43	41	29	53	40
Y_Contig_135	2307707	32	24	26	31	37	26	19	35	28	27	47	49	38	24	48	31	46	49	42	40	29	53	40
Y_Contig_135	2307708	32	23	27	31	37	26	19	34	28	27	48	48	39	25	50	31	45	45	41	40	29	53	40
Y_Contig_135	2307709	32	23	27	31	37	25	19	34	28	27	48	48	37	24	49	31	44	45	41	40	28	52	38
Y_Contig_135	2307710	32	24	28	30	37	25	18	34	28	26	48	48	37	23	49	32	44	45	41	40	27	52	38
Y_Contig_135	2307711	31	23	28	30	36	24	18	34	28	26	48	48	37	23	50	32	44	45	41	40	26	51	38
Y_Contig_135	2307712	31	23	30	30	36	26	18	35	28	26	48	48	37	23	51	32	44	45	41	40	26	51	38
Y_Contig_135	2307713	31	23	30	30	36	26	18	38	28	26	48	48	37	23	52	31	45	45	40	40	26	50	38
Y_Contig_135	2307714	31	24	30	30	36	26	18	38	28	26	48	48	38	22	52	31	45	44	41	40	26	49	38
Y_Contig_135	2307715	31	24	29	30	36	26	18	38	28	26	48	47	38	22	51	31	44	43	41	40	26	49	38
