Y_Contig_135	1141756	40	34	22	66	34	40	30	41	21	20	30	31	26	63	37	44	35	21	25	33	16	35	47
Y_Contig_135	1141757	40	35	22	65	33	40	30	41	21	20	30	31	25	64	38	43	35	20	26	33	16	35	47
Y_Contig_135	1141758	41	33	22	65	33	40	30	41	21	20	30	32	25	64	36	43	36	20	26	32	15	36	47
Y_Contig_135	1141759	41	34	22	65	33	40	30	40	21	20	30	31	25	65	36	42	36	21	26	32	15	36	47
Y_Contig_135	1141760	41	34	22	64	32	40	28	40	21	20	30	31	25	65	36	43	36	21	25	31	15	36	48
Y_Contig_135	1141761	41	35	22	64	31	40	28	40	21	20	30	30	25	64	35	42	34	21	24	31	14	36	48
Y_Contig_135	1141762	40	35	22	64	31	40	28	40	21	20	30	30	26	64	35	42	34	21	24	31	14	38	49
Y_Contig_135	1141763	40	35	20	64	31	40	28	40	21	19	29	32	27	63	36	41	34	19	24	33	14	39	49
Y_Contig_135	1141764	40	36	20	63	30	40	28	38	21	19	29	32	27	64	36	41	33	19	25	33	14	38	48
Y_Contig_135	1141765	39	36	20	63	30	40	27	38	21	19	29	32	27	65	37	41	33	19	25	33	14	38	48
Y_Contig_135	1141766	39	37	19	63	30	40	27	38	21	19	29	32	27	65	37	41	33	19	26	33	14	38	48
Y_Contig_135	1141767	38	37	19	64	29	39	28	36	21	19	30	31	28	64	37	40	34	20	27	33	13	37	47
Y_Contig_135	1141768	38	37	19	64	29	39	28	36	21	19	30	32	28	65	37	40	34	20	27	33	13	37	47
Y_Contig_135	1141769	38	37	19	64	28	39	28	36	21	19	30	32	28	65	37	40	34	20	27	33	13	39	47
Y_Contig_135	1141770	38	37	19	65	28	39	28	36	21	19	29	32	28	65	37	39	34	20	27	33	13	39	48
Y_Contig_135	1141771	37	36	19	65	26	39	28	35	21	19	28	32	28	65	37	39	34	20	27	33	13	39	48
Y_Contig_135	1141772	38	38	21	67	26	40	28	34	22	18	28	32	28	65	37	38	34	21	26	33	13	40	48
Y_Contig_135	1141773	38	38	21	66	26	40	28	34	21	18	28	32	28	65	37	38	35	21	26	33	13	41	47
Y_Contig_135	1141774	36	37	20	67	26	40	28	35	21	18	29	32	28	66	37	37	36	21	27	33	13	40	47
Y_Contig_135	1141775	34	36	21	68	25	39	28	37	20	18	29	31	29	65	37	36	35	21	27	32	13	40	46
Y_Contig_135	1141776	34	36	21	67	25	39	28	37	20	18	29	31	29	65	37	36	35	22	26	33	12	41	46
Y_Contig_135	1141777	33	37	22	67	25	39	27	37	20	18	28	31	28	65	37	37	35	22	28	32	12	41	46
Y_Contig_135	1141778	33	37	22	67	25	39	27	36	20	18	28	31	28	65	37	37	35	22	28	32	12	41	46
Y_Contig_135	1141779	32	37	22	67	24	39	27	35	20	18	28	30	28	66	37	37	36	22	28	31	12	41	44
Y_Contig_135	1141780	32	36	23	66	24	39	26	34	20	17	27	30	28	67	36	38	37	21	28	32	12	41	44
Y_Contig_135	1141781	32	36	23	65	24	39	26	34	20	17	27	30	28	66	36	38	37	20	28	32	12	41	44
Y_Contig_135	1141782	32	36	23	66	24	38	26	33	20	17	27	30	29	66	38	38	36	20	28	32	13	43	43
Y_Contig_135	1141783	32	37	23	66	24	38	26	33	20	17	26	31	29	66	37	38	36	20	28	32	13	43	43
Y_Contig_135	1141784	32	36	24	65	23	37	26	34	20	19	26	32	29	66	37	37	36	21	28	33	12	44	44
Y_Contig_135	1141785	32	38	24	65	25	37	26	34	19	19	26	32	29	66	37	37	36	21	28	33	12	44	44
Y_Contig_135	1141786	32	38	24	65	25	36	26	34	19	19	26	32	29	66	37	37	37	21	28	34	12	44	42
Y_Contig_135	1141787	31	39	24	65	25	36	26	34	18	19	26	32	29	65	38	37	37	22	28	34	12	44	42
Y_Contig_135	1141788	31	38	23	65	25	36	26	34	18	19	25	32	30	64	38	37	37	22	28	34	12	44	42
Y_Contig_135	1141789	32	38	22	64	25	36	25	33	18	18	25	32	31	64	39	36	38	23	28	33	11	45	43
Y_Contig_135	1141790	33	40	22	64	25	34	25	33	18	17	25	32	31	62	39	37	39	23	28	33	11	45	43
Y_Contig_135	1141791	34	40	22	64	25	34	25	34	18	17	25	32	31	62	39	37	40	23	28	33	11	45	43
Y_Contig_135	1141792	32	41	22	64	25	34	24	34	18	17	25	31	31	63	39	36	39	23	28	33	11	45	43
Y_Contig_135	1141793	33	41	22	62	26	34	24	34	18	17	25	31	31	63	39	37	39	23	29	33	11	44	42
Y_Contig_135	1141794	33	39	21	62	26	34	24	32	19	17	24	31	31	62	38	35	39	23	30	32	11	44	42
Y_Contig_135	1141795	34	39	21	63	26	35	26	32	20	17	24	31	31	62	38	35	40	23	30	32	11	44	42
Y_Contig_135	1141796	34	39	21	63	26	35	26	32	21	17	26	31	31	63	38	36	40	22	31	32	11	45	42
Y_Contig_135	1141797	34	39	21	63	26	35	26	32	21	17	25	30	30	63	38	36	40	22	31	32	11	45	42
Y_Contig_135	1141798	33	40	21	63	26	35	26	32	21	17	25	30	31	63	38	37	41	22	31	32	11	46	42
Y_Contig_135	1141799	33	40	20	62	26	33	26	32	22	17	25	30	31	63	38	37	41	21	30	33	11	47	42
Y_Contig_135	1141800	34	39	20	62	26	33	26	32	22	17	25	30	31	64	37	37	42	21	31	33	11	47	42
Y_Contig_135	1141801	34	39	20	63	26	33	26	31	22	17	26	30	31	64	35	37	42	21	31	33	11	46	42
Y_Contig_135	1141802	34	38	20	64	26	33	26	30	23	17	26	30	31	65	35	38	42	21	32	33	11	46	43
Y_Contig_135	1141803	34	37	20	62	26	32	27	30	23	18	26	30	31	65	35	38	43	20	32	33	12	46	42
Y_Contig_135	1141804	33	38	20	62	26	32	27	31	23	18	26	31	31	66	34	39	43	20	33	33	12	47	42
Y_Contig_135	1141805	33	38	19	63	26	32	28	31	23	18	25	31	31	66	34	39	43	20	33	33	12	47	42
Y_Contig_135	1141806	34	38	19	63	26	32	28	31	23	18	25	30	31	66	33	39	43	20	33	33	12	47	42
Y_Contig_135	1141807	34	38	20	64	27	31	28	30	24	18	25	30	30	66	34	39	44	20	33	33	12	47	44
Y_Contig_135	1141808	34	39	20	65	27	31	28	30	24	19	25	30	31	66	35	40	44	20	33	33	12	47	44
Y_Contig_135	1141809	34	39	20	65	27	29	28	30	23	19	25	30	31	66	35	40	43	20	33	33	12	47	43
Y_Contig_135	1141810	34	38	20	66	27	28	27	28	23	19	25	30	31	66	35	40	41	20	33	33	12	46	44
Y_Contig_135	1141811	34	38	20	66	27	28	26	28	23	19	25	30	32	65	34	40	41	20	33	33	12	47	44
Y_Contig_135	1141812	34	39	20	65	28	28	25	28	22	19	25	30	32	65	33	39	41	18	33	33	12	47	44
Y_Contig_135	1141813	34	40	20	66	27	28	27	29	22	19	25	30	32	68	33	39	41	18	33	33	12	47	44
Y_Contig_135	1141814	34	40	20	66	30	28	28	28	22	19	25	30	32	69	33	39	42	19	33	33	12	44	44
Y_Contig_135	1141815	34	40	20	66	30	28	28	27	22	18	25	30	32	69	33	40	42	19	34	33	11	44	44
Y_Contig_135	1141816	34	40	20	65	30	28	28	27	22	18	25	30	31	69	33	40	43	19	34	33	11	45	44
Y_Contig_135	1141817	34	40	20	65	29	28	28	27	22	19	25	30	31	69	34	39	43	21	34	35	12	45	44
Y_Contig_135	1141818	34	40	20	65	29	28	28	27	22	19	25	30	31	68	34	39	43	21	34	36	12	45	44
Y_Contig_135	1141819	34	39	19	65	28	28	27	27	21	19	25	29	31	67	34	39	44	21	34	36	12	43	44
Y_Contig_135	1141820	34	39	19	65	28	27	28	28	20	19	25	28	31	68	34	40	44	23	35	36	12	43	46
Y_Contig_135	1141821	35	41	19	65	28	27	28	29	20	19	26	28	31	69	34	38	45	23	36	37	12	42	48
Y_Contig_135	1141822	36	41	19	65	28	27	28	28	20	19	26	28	30	69	34	38	47	23	36	37	12	42	48
Y_Contig_135	1141823	36	41	19	65	29	27	27	29	20	19	25	28	30	68	35	38	47	23	36	37	12	43	47
Y_Contig_135	1141824	36	41	17	63	29	26	27	29	20	19	23	28	30	68	35	38	47	23	36	36	12	43	48
Y_Contig_135	1141825	36	41	17	63	29	25	27	29	20	19	23	28	30	68	35	37	48	24	36	36	12	43	49
Y_Contig_135	1141826	36	41	17	63	29	23	27	29	20	19	23	26	30	68	35	38	49	24	36	35	13	43	49
Y_Contig_135	1141827	35	42	17	64	27	23	27	29	20	18	23	26	30	68	34	38	49	23	37	34	14	44	48
Y_Contig_135	1141828	35	43	18	64	27	23	26	29	20	18	23	26	30	68	33	38	49	23	37	34	14	45	48
Y_Contig_135	1141829	36	44	20	64	27	23	27	29	20	17	23	27	30	70	33	38	49	23	37	34	14	45	47
Y_Contig_135	1141830	36	43	20	64	27	23	27	29	20	17	23	26	30	70	33	37	49	23	37	34	14	45	47
Y_Contig_135	1141831	36	43	20	63	27	22	26	29	19	17	23	26	29	70	33	37	49	21	37	34	14	45	47
Y_Contig_135	1141832	36	43	20	63	28	22	26	30	19	17	23	28	30	69	33	36	49	20	37	34	13	46	47
Y_Contig_135	1141833	36	43	20	64	28	21	26	30	19	17	22	30	30	68	33	37	49	20	37	34	12	46	47
Y_Contig_135	1141834	36	44	21	66	29	20	26	30	19	17	21	30	29	69	33	36	49	20	37	34	12	46	48
Y_Contig_135	1141835	36	43	21	66	29	20	26	29	19	16	20	30	29	68	33	36	48	20	37	35	12	46	48
Y_Contig_135	1141836	38	43	21	65	32	20	27	29	19	15	21	30	29	68	33	36	48	20	37	35	12	45	49
Y_Contig_135	1141837	38	42	21	65	31	20	27	29	18	16	21	30	29	67	32	36	47	20	37	35	12	45	49
Y_Contig_135	1141838	36	42	21	65	31	20	27	29	19	16	22	31	30	67	32	36	47	20	36	34	12	46	52
Y_Contig_135	1141839	36	42	21	66	32	20	28	28	19	16	22	31	30	68	32	37	47	21	37	34	12	47	52
Y_Contig_135	1141840	36	42	21	66	32	22	28	28	19	16	22	31	30	68	31	37	48	21	37	35	12	47	52
Y_Contig_135	1141841	37	42	21	67	32	22	29	29	19	16	23	31	30	69	31	40	50	21	36	36	12	47	51
Y_Contig_135	1141842	36	42	21	67	31	22	29	29	19	16	23	31	30	69	31	40	49	20	37	37	12	47	51
Y_Contig_135	1141843	38	41	21	65	30	23	29	30	19	16	25	33	30	68	32	40	47	21	37	37	12	46	49
Y_Contig_135	1141844	37	41	21	65	30	22	28	30	19	16	25	33	30	68	32	41	47	21	37	37	12	47	49
Y_Contig_135	1141845	36	41	21	65	30	22	28	30	20	17	25	33	29	68	32	41	46	21	38	37	12	47	49
Y_Contig_135	1141846	36	41	21	66	31	23	28	30	20	17	25	33	29	68	32	43	44	21	37	36	12	48	49
Y_Contig_135	1141847	36	40	20	61	31	23	28	30	19	16	23	33	29	68	31	43	44	20	37	36	12	48	47
Y_Contig_135	1141848	36	40	20	59	31	23	28	30	19	16	23	32	29	67	31	43	43	20	37	36	11	48	46
Y_Contig_135	1141849	36	40	20	57	31	23	27	30	19	16	23	32	29	66	31	44	43	20	37	36	10	47	46
Y_Contig_135	1141850	36	40	20	57	31	22	27	30	19	15	23	32	29	65	31	43	43	20	37	36	10	47	47
Y_Contig_135	1141851	37	40	21	58	33	21	28	31	19	15	23	32	31	65	34	44	43	20	38	38	10	48	49
Y_Contig_135	1141852	37	40	21	58	34	21	28	31	19	15	23	32	32	61	34	44	43	21	38	40	10	49	49
Y_Contig_135	1141853	38	40	20	57	34	21	28	31	19	16	24	32	32	61	35	44	43	21	38	40	10	49	49
Y_Contig_135	1141854	38	41	20	57	36	20	28	31	20	16	24	34	32	60	36	44	44	21	38	39	10	50	49
Y_Contig_135	1141855	38	41	20	57	36	20	29	30	20	15	24	34	32	60	37	43	44	21	38	37	9	51	49
Y_Contig_135	1141856	39	42	20	57	35	19	29	30	20	15	24	34	32	60	37	42	45	21	37	37	10	51	50
Y_Contig_135	1141857	39	42	20	56	35	20	29	30	20	15	25	33	31	60	37	42	44	21	37	37	10	51	51
Y_Contig_135	1141858	40	44	20	56	35	20	29	30	20	15	24	33	32	60	37	41	44	20	37	36	10	50	51
Y_Contig_135	1141859	40	45	19	56	35	20	29	30	20	15	24	33	32	58	37	41	44	20	37	36	10	50	50
Y_Contig_135	1141860	39	46	20	56	36	20	29	30	21	15	24	33	32	58	37	41	45	20	37	36	10	50	52
Y_Contig_135	1141861	40	47	20	55	36	20	28	28	21	15	24	34	33	58	37	41	47	20	37	36	10	50	51
Y_Contig_135	1141862	42	48	20	54	37	21	28	28	20	15	23	34	33	58	37	42	47	20	38	36	10	50	51
Y_Contig_135	1141863	42	46	20	54	38	21	28	28	20	15	22	35	31	58	37	42	45	20	38	37	10	50	52
Y_Contig_135	1141864	42	47	19	54	37	20	29	28	19	15	23	35	32	58	35	42	45	20	38	37	10	52	52
Y_Contig_135	1141865	42	48	19	55	37	20	29	28	19	15	21	35	32	58	35	42	44	20	37	37	10	52	51
Y_Contig_135	1141866	42	47	19	54	37	20	28	27	19	15	21	34	32	57	34	42	44	20	37	37	10	52	51
Y_Contig_135	1141867	42	47	19	54	37	20	27	28	20	14	21	34	32	56	33	41	44	20	37	37	10	52	51
Y_Contig_135	1141868	42	47	17	53	37	20	25	28	20	13	21	34	32	56	33	41	44	20	36	36	10	53	50
Y_Contig_135	1141869	42	47	18	54	38	20	25	29	20	12	20	34	32	57	33	41	45	21	35	38	9	52	50
Y_Contig_135	1141870	41	47	18	53	38	20	25	28	20	12	20	34	32	57	32	42	45	21	35	38	9	52	50
Y_Contig_135	1141871	41	47	18	54	38	20	25	29	21	12	20	33	32	55	33	42	46	21	36	38	10	52	51
Y_Contig_135	1141872	41	47	18	53	39	20	25	28	21	12	20	33	31	54	33	42	46	21	36	38	10	51	51
Y_Contig_135	1141873	41	47	18	53	39	20	25	28	21	12	19	32	30	54	33	43	46	21	37	39	10	51	51
Y_Contig_135	1141874	41	47	17	53	38	20	25	27	21	12	19	32	28	54	33	42	45	20	36	39	10	51	50
Y_Contig_135	1141875	41	46	18	53	38	20	24	27	21	12	19	32	27	54	33	43	46	20	37	39	10	51	50
Y_Contig_135	1141876	41	45	18	52	38	20	24	27	21	12	19	32	27	54	33	42	46	20	37	38	10	51	49
Y_Contig_135	1141877	42	44	18	52	38	21	24	27	21	12	19	32	28	54	32	43	46	20	37	38	10	51	49
Y_Contig_135	1141878	42	45	18	52	38	21	24	28	22	12	19	32	28	54	32	44	46	20	37	38	9	50	49
Y_Contig_135	1141879	42	46	18	52	38	21	24	30	22	12	17	29	27	54	32	43	46	20	37	38	9	49	49
Y_Contig_135	1141880	42	46	18	52	38	21	24	30	22	12	17	29	27	54	31	43	47	20	37	38	9	49	49
Y_Contig_135	1141881	42	46	18	52	37	21	24	30	23	12	17	29	27	54	31	43	48	21	38	38	9	50	50
Y_Contig_135	1141882	42	45	18	51	37	21	24	30	23	12	17	29	27	54	31	42	48	21	38	37	9	50	50
Y_Contig_135	1141883	42	44	18	51	37	21	24	29	23	12	17	29	27	53	30	41	48	21	38	36	9	49	50
Y_Contig_135	1141884	43	44	18	51	37	22	24	29	23	12	17	29	27	53	29	41	48	21	37	35	9	51	50
Y_Contig_135	1141885	42	44	18	51	37	22	24	29	23	12	17	28	27	53	29	41	48	21	38	35	9	51	50
Y_Contig_135	1141886	42	44	18	51	37	22	24	28	23	12	17	28	27	53	27	41	48	21	38	35	9	51	52
Y_Contig_135	1141887	42	44	18	50	37	22	24	28	22	12	17	28	28	52	27	41	48	21	38	35	9	50	51
Y_Contig_135	1141888	42	44	18	51	38	23	23	28	23	12	17	28	28	54	27	42	47	21	39	34	9	50	53
Y_Contig_135	1141889	40	44	19	50	39	23	23	27	23	12	17	28	28	54	27	42	47	21	38	34	7	50	53
Y_Contig_135	1141890	40	43	19	50	39	23	23	27	21	12	17	28	28	54	27	43	47	21	39	34	7	51	53
Y_Contig_135	1141891	39	43	19	50	40	22	23	28	21	12	17	28	28	55	28	43	47	21	39	34	7	51	53
Y_Contig_135	1141892	38	43	19	50	40	22	23	28	21	12	17	27	28	55	28	43	47	21	39	36	7	52	53
Y_Contig_135	1141893	38	43	20	51	40	22	23	28	21	12	17	27	28	54	28	44	46	20	40	37	7	50	53
Y_Contig_135	1141894	38	43	20	51	39	21	24	28	21	12	17	29	27	55	27	44	46	20	40	36	7	50	52
Y_Contig_135	1141895	39	43	20	51	39	20	24	28	21	12	17	28	27	54	27	44	46	19	40	36	7	49	52
Y_Contig_135	1141896	39	43	20	51	38	20	24	27	21	12	17	28	27	53	27	42	46	19	38	36	7	49	51
Y_Contig_135	1141897	39	44	20	51	38	20	24	27	21	12	17	28	27	53	27	42	47	19	38	36	7	49	52
Y_Contig_135	1141898	38	44	20	50	38	20	24	27	21	11	17	27	28	53	26	43	46	19	39	35	7	49	50
Y_Contig_135	1141899	38	44	20	49	38	20	24	26	21	10	17	27	27	53	26	42	46	19	38	35	7	48	49
Y_Contig_135	1141900	37	44	20	50	39	21	26	26	21	10	17	26	27	54	25	43	47	19	38	36	7	48	49
Y_Contig_135	1141901	37	44	20	49	39	21	25	26	21	10	17	27	28	54	25	43	47	19	39	37	7	48	49
Y_Contig_135	1141902	37	44	20	49	39	19	25	26	21	9	17	27	27	53	25	43	46	19	39	35	7	47	49
Y_Contig_135	1141903	37	43	21	48	39	19	25	26	21	9	17	27	28	53	25	43	45	19	38	34	7	46	49
Y_Contig_135	1141904	37	43	21	48	39	19	25	26	20	9	17	27	28	52	25	42	45	19	38	34	7	46	48
Y_Contig_135	1141905	36	43	21	48	39	20	26	27	21	9	17	29	28	52	24	42	46	19	39	34	7	48	49
Y_Contig_135	1141906	36	43	21	48	39	20	26	26	21	9	17	29	28	52	24	42	46	19	38	34	7	50	49
Y_Contig_135	1141907	34	42	22	48	39	20	27	26	21	8	17	28	30	50	24	42	46	19	39	34	7	49	49
Y_Contig_135	1141908	34	42	22	48	39	20	29	26	21	9	17	28	30	50	24	43	45	19	39	34	7	49	49
Y_Contig_135	1141909	34	41	22	48	39	20	29	26	21	9	17	28	30	49	24	43	45	18	39	34	7	50	48
Y_Contig_135	1141910	34	41	22	48	39	20	29	26	21	9	16	28	30	49	24	42	45	18	39	34	7	51	48
Y_Contig_135	1141911	34	40	22	48	39	20	29	26	21	9	16	28	30	50	24	42	45	18	39	33	7	49	47
Y_Contig_135	1141912	34	40	22	48	39	20	29	26	21	9	16	26	30	49	23	42	45	18	39	31	7	49	46
Y_Contig_135	1141913	34	40	22	48	39	21	29	26	21	9	16	26	30	50	23	42	45	18	39	31	7	49	46
Y_Contig_135	1141914	34	39	22	48	38	20	29	26	20	9	16	26	30	50	23	43	45	18	38	31	7	49	45
Y_Contig_135	1141915	34	39	22	48	38	20	29	26	20	9	17	26	30	51	22	44	45	18	38	31	7	49	45
Y_Contig_135	1141916	35	38	22	48	38	20	29	27	20	9	17	25	29	51	22	44	46	18	38	31	7	49	45
Y_Contig_135	1141917	35	38	22	48	39	20	29	27	20	9	16	25	29	51	22	44	46	17	39	31	7	50	45
Y_Contig_135	1141918	35	38	22	48	39	20	29	27	20	9	16	25	29	52	22	45	46	17	39	31	7	50	45
Y_Contig_135	1141919	36	38	22	49	39	20	29	28	20	9	16	25	28	55	22	45	46	17	40	31	7	49	45
Y_Contig_135	1141920	35	39	22	49	40	21	30	27	21	9	16	25	28	56	22	46	46	17	40	31	7	48	43
Y_Contig_135	1141921	35	37	22	49	40	20	31	27	20	9	16	26	28	57	22	46	47	16	40	32	7	49	43
Y_Contig_135	1141922	35	39	22	47	40	20	31	28	20	9	15	26	28	57	22	46	46	16	40	32	7	49	42
Y_Contig_135	1141923	36	39	22	48	40	21	31	28	20	9	15	26	28	56	22	46	43	16	40	33	7	48	44
Y_Contig_135	1141924	36	39	22	48	39	21	30	28	20	9	14	26	28	56	22	46	43	16	39	33	7	49	46
Y_Contig_135	1141925	37	39	21	47	39	21	30	26	21	9	14	26	27	57	22	46	43	16	39	33	7	49	48
Y_Contig_135	1141926	38	40	21	47	39	21	30	26	21	9	14	27	27	59	22	48	43	15	39	32	7	48	48
Y_Contig_135	1141927	38	39	21	47	39	21	30	26	21	9	14	27	27	59	22	49	43	15	37	32	7	48	47
Y_Contig_135	1141928	38	39	21	47	39	22	30	26	21	9	14	27	27	58	22	49	42	15	36	32	7	49	47
Y_Contig_135	1141929	38	39	22	48	39	24	30	26	21	9	14	27	27	58	22	48	41	15	37	32	7	49	47
Y_Contig_135	1141930	37	39	21	49	40	24	30	26	21	9	14	27	27	58	22	48	41	15	38	31	7	49	49
Y_Contig_135	1141931	37	38	21	47	39	24	30	27	21	9	14	25	26	58	20	48	41	15	38	32	6	47	49
Y_Contig_135	1141932	38	38	21	47	39	26	30	26	20	8	14	25	26	58	20	48	40	15	38	31	6	47	48
Y_Contig_135	1141933	38	38	21	47	39	27	30	26	20	7	14	25	26	58	20	48	40	14	38	30	6	48	48
Y_Contig_135	1141934	38	38	20	47	39	27	30	26	20	7	14	24	27	58	20	48	40	14	38	30	6	47	48
Y_Contig_135	1141935	38	36	20	47	37	27	30	27	20	7	14	25	27	60	20	48	40	14	38	30	6	48	48
Y_Contig_135	1141936	38	37	20	48	39	28	31	28	21	7	14	24	30	60	20	48	39	14	38	28	6	49	49
Y_Contig_135	1141937	38	36	20	47	40	27	31	28	21	7	14	24	29	60	19	48	39	13	38	28	6	51	49
Y_Contig_135	1141938	38	36	20	47	40	27	32	28	21	7	14	24	28	60	18	48	38	12	39	28	6	50	49
Y_Contig_135	1141939	37	35	20	49	40	28	33	28	22	7	14	26	28	61	18	48	37	12	39	28	6	51	48
Y_Contig_135	1141940	35	35	20	50	40	28	34	28	22	7	14	26	28	61	18	49	37	12	39	28	6	51	48
Y_Contig_135	1141941	35	35	20	50	40	29	36	27	22	7	14	26	29	61	18	49	36	12	39	28	6	52	49
Y_Contig_135	1141942	36	35	20	51	39	29	36	28	22	7	14	27	29	60	18	49	36	12	39	28	6	52	50
Y_Contig_135	1141943	36	35	20	51	39	29	36	28	23	7	14	27	30	60	18	48	36	12	38	28	6	52	50
Y_Contig_135	1141944	37	35	20	51	39	29	38	28	22	7	14	27	30	60	18	48	36	12	37	28	6	53	51
Y_Contig_135	1141945	36	35	21	51	40	28	36	28	21	7	14	27	30	59	18	48	35	12	37	28	6	53	51
Y_Contig_135	1141946	37	35	21	51	40	28	36	30	20	7	12	27	30	58	18	48	36	12	36	28	6	52	51
Y_Contig_135	1141947	37	34	21	52	41	28	37	30	20	7	12	27	31	58	18	48	36	12	35	28	6	50	51
Y_Contig_135	1141948	37	34	21	52	42	29	37	30	20	7	12	28	30	59	18	47	35	12	36	28	6	50	51
Y_Contig_135	1141949	37	34	22	53	42	29	37	30	18	7	12	28	30	59	18	48	35	12	37	27	6	50	53
Y_Contig_135	1141950	36	34	22	52	41	29	37	30	18	7	12	28	30	59	18	48	34	12	37	27	6	50	53
Y_Contig_135	1141951	36	34	22	53	41	29	34	30	18	7	11	28	30	60	18	48	34	12	38	28	6	50	53
Y_Contig_135	1141952	35	34	23	54	42	29	34	30	17	7	11	28	30	59	18	47	33	12	37	30	6	49	52
Y_Contig_135	1141953	35	34	23	53	42	29	34	30	17	6	11	28	30	60	18	47	34	12	39	30	5	49	53
Y_Contig_135	1141954	35	34	23	53	42	29	33	29	17	6	11	27	31	59	18	46	34	12	38	32	5	48	53
Y_Contig_135	1141955	34	34	23	53	42	29	32	29	16	6	11	27	31	59	17	46	33	12	38	31	5	48	52
Y_Contig_135	1141956	34	34	23	53	42	29	32	29	16	6	11	27	31	59	17	46	33	11	38	31	5	48	52
Y_Contig_135	1141957	34	35	22	51	43	29	32	29	17	5	11	27	30	59	16	46	34	11	38	31	5	48	51
Y_Contig_135	1141958	33	34	22	52	43	29	32	30	17	5	11	27	31	59	16	47	35	11	39	33	5	48	51
Y_Contig_135	1141959	34	34	22	52	44	29	32	30	18	5	11	27	32	59	16	47	35	11	39	34	5	48	51
Y_Contig_135	1141960	34	36	22	51	44	29	32	30	18	5	11	28	34	60	16	47	35	11	39	34	5	48	51
Y_Contig_135	1145795	41	34	31	63	25	21	32	29	34	33	46	33	33	52	52	44	42	42	42	33	31	43	31
Y_Contig_135	1145796	40	35	31	64	26	21	29	28	35	33	46	34	33	52	52	43	42	40	42	33	31	44	31
Y_Contig_135	1145797	40	35	31	65	26	21	29	28	35	34	45	33	33	53	51	43	42	40	40	32	30	44	31
Y_Contig_135	1145798	41	35	31	65	26	21	29	29	35	33	46	33	34	53	52	42	42	39	40	34	30	45	30
Y_Contig_135	1145799	40	34	31	66	26	21	29	29	35	33	44	33	36	52	52	40	42	40	40	34	30	45	29
Y_Contig_135	1145800	40	33	30	64	25	21	30	28	33	32	43	33	36	52	53	39	42	39	39	34	30	46	31
Y_Contig_135	1145801	39	32	30	64	25	22	30	29	32	32	44	33	37	52	52	38	42	39	39	33	30	46	31
Y_Contig_135	1145802	39	32	30	66	25	22	29	29	32	33	45	33	37	50	52	38	41	39	38	33	29	45	31
Y_Contig_135	1145803	37	33	29	65	22	22	29	29	32	32	46	32	35	51	51	38	41	40	38	32	29	45	30
Y_Contig_135	1145804	37	33	29	65	21	22	30	29	33	32	46	33	36	51	51	38	41	40	38	32	28	45	30
Y_Contig_135	1145805	38	33	28	65	21	22	31	29	33	32	46	33	36	51	51	38	41	40	37	32	28	45	32
Y_Contig_135	1145806	38	35	27	65	20	22	30	29	32	33	46	33	36	50	51	38	41	41	35	31	28	46	32
Y_Contig_135	1145807	38	36	27	65	20	22	30	29	32	36	46	33	36	49	51	37	41	41	35	31	29	46	32
Y_Contig_135	1145808	39	36	27	66	20	23	31	29	32	36	46	33	36	51	51	38	41	41	35	30	30	45	32
Y_Contig_135	1145809	39	36	27	66	20	23	31	29	31	36	46	33	36	51	50	38	40	41	35	29	30	44	32
Y_Contig_135	1145810	39	36	27	64	20	23	31	29	31	36	46	33	35	50	50	37	40	41	33	30	30	44	31
Y_Contig_135	1145811	39	37	26	64	20	24	32	29	32	36	46	34	36	51	50	37	40	41	34	30	30	43	32
Y_Contig_135	1145812	39	38	27	64	20	24	30	29	30	35	46	34	36	52	50	37	40	41	34	29	30	42	32
Y_Contig_135	1145813	39	38	27	65	20	23	30	29	30	35	46	35	36	51	49	37	39	42	34	29	30	42	33
Y_Contig_135	1145814	39	38	25	64	20	21	30	29	29	35	45	35	35	49	48	37	39	42	34	29	30	42	32
Y_Contig_135	1145815	39	39	25	64	19	21	30	29	29	35	45	35	35	49	48	38	40	42	34	29	30	43	32
Y_Contig_135	1145816	39	39	23	64	19	21	31	29	29	35	45	35	36	49	48	38	40	44	34	29	30	43	32
Y_Contig_135	1145817	38	39	23	62	20	21	31	29	29	35	44	35	36	49	49	38	40	44	34	28	30	43	31
Y_Contig_135	1145818	38	39	23	62	20	22	32	28	30	35	44	34	36	50	49	38	39	44	34	27	30	43	31
Y_Contig_135	1145819	38	39	24	62	21	22	32	29	33	35	44	35	34	50	49	36	38	44	33	26	29	43	31
Y_Contig_135	1145820	38	40	24	62	21	22	32	29	33	36	44	35	35	51	51	36	38	45	32	26	29	43	31
Y_Contig_135	1145821	38	41	24	59	22	21	32	29	33	37	44	35	35	50	52	36	38	44	31	26	29	44	31
Y_Contig_135	1145822	39	41	23	59	22	21	32	29	34	37	43	35	35	50	52	36	38	43	31	27	30	44	30
Y_Contig_135	1145823	39	41	23	58	22	21	31	31	34	37	42	35	35	50	52	38	38	44	32	28	30	45	29
Y_Contig_135	1145824	39	41	23	59	21	21	31	31	34	37	43	36	35	49	52	37	38	44	33	29	31	45	29
Y_Contig_135	1145825	39	39	23	58	20	20	31	31	34	37	43	36	35	49	52	37	37	44	33	28	31	45	31
Y_Contig_135	1145826	39	40	23	58	21	20	31	31	34	38	44	37	35	50	53	38	37	44	33	28	31	46	32
Y_Contig_135	1145827	39	40	23	58	21	20	30	31	34	38	44	36	34	49	53	39	36	46	33	27	30	46	32
Y_Contig_135	1145828	39	38	23	59	21	18	29	31	34	38	43	36	35	48	53	39	35	47	33	27	30	46	32
Y_Contig_135	1145829	39	37	24	59	20	18	29	32	35	38	43	36	34	49	52	39	35	48	33	27	30	45	32
Y_Contig_135	1145830	39	37	25	59	20	18	28	32	34	38	43	36	34	49	52	36	35	48	33	27	31	45	33
Y_Contig_135	1145831	39	37	24	59	20	18	29	31	33	39	43	36	35	48	51	34	35	48	32	27	31	45	32
Y_Contig_135	1145832	39	39	24	59	20	18	29	31	34	39	43	36	33	48	51	35	35	48	32	27	31	44	32
Y_Contig_135	1145833	38	39	23	59	20	17	28	31	32	40	43	36	33	47	50	34	35	48	32	28	31	44	32
Y_Contig_135	1145834	39	39	23	59	21	17	29	31	32	40	43	36	34	48	51	34	35	48	33	28	31	44	32
Y_Contig_135	1145835	38	39	23	59	21	17	29	30	31	40	44	37	33	48	51	34	35	50	33	28	33	44	32
Y_Contig_135	1145836	38	39	23	58	21	17	29	30	31	40	44	37	33	49	50	34	35	50	33	28	32	43	32
Y_Contig_135	1145837	39	40	23	60	20	17	31	30	31	40	44	37	34	48	50	35	35	50	34	28	32	43	32
Y_Contig_135	1145838	39	40	23	60	20	17	31	30	31	40	45	37	34	48	50	36	35	51	34	28	32	42	32
Y_Contig_135	1145839	39	40	23	60	21	18	31	30	31	40	44	37	34	48	49	36	34	51	34	29	33	42	33
Y_Contig_135	1145840	39	40	23	60	21	18	31	30	31	40	46	37	34	48	48	36	34	52	35	29	32	42	33
Y_Contig_135	1145841	40	39	23	61	21	18	31	29	31	40	45	37	34	48	48	36	34	52	36	29	33	42	34
Y_Contig_135	1145842	40	38	21	61	22	18	31	29	33	39	46	36	33	46	47	35	34	52	35	30	33	43	33
Y_Contig_135	1145843	39	38	21	61	22	18	31	29	33	39	46	37	32	45	48	35	34	53	35	30	33	44	33
Y_Contig_135	1145844	39	38	21	59	22	18	31	30	34	39	46	37	32	45	49	35	34	53	35	30	32	44	33
Y_Contig_135	1145845	39	38	21	58	22	18	31	30	34	39	46	37	32	45	50	35	34	53	35	29	32	43	33
Y_Contig_135	1145846	40	38	22	58	23	18	31	28	35	39	46	37	33	45	49	35	34	53	35	30	31	43	35
Y_Contig_135	1145847	41	38	21	59	23	19	31	28	34	39	48	36	33	45	49	35	34	55	35	30	31	43	34
Y_Contig_135	1145848	40	38	21	58	23	18	30	27	34	39	48	36	33	45	49	35	34	55	37	31	32	43	34
Y_Contig_135	1145849	40	38	21	58	22	18	30	27	33	39	48	37	33	45	49	35	34	55	37	31	33	43	34
Y_Contig_135	1145850	39	38	21	59	22	18	30	27	33	39	48	37	33	46	47	34	35	55	37	31	33	43	36
Y_Contig_135	1145851	38	38	21	60	22	18	31	27	33	40	48	37	33	46	47	34	35	55	37	31	34	43	38
Y_Contig_135	1145852	38	38	21	60	22	18	31	29	33	41	49	38	33	48	45	34	35	56	41	32	36	45	38
Y_Contig_135	1145853	38	39	21	60	22	18	31	29	33	41	49	38	33	47	45	35	35	56	41	31	36	45	38
Y_Contig_135	1145854	38	40	21	60	22	18	31	29	33	41	49	38	33	47	45	35	37	57	41	31	36	45	37
Y_Contig_135	1145855	38	40	21	61	22	18	31	30	33	40	49	38	33	47	45	35	37	57	41	30	36	45	37
Y_Contig_135	1145856	38	41	24	61	22	18	31	30	33	41	49	38	34	48	44	35	37	57	43	32	36	45	37
Y_Contig_135	1145857	37	41	24	60	22	18	30	30	33	41	49	38	34	48	44	35	36	59	43	32	36	45	38
Y_Contig_135	1145858	37	41	24	59	22	19	29	30	34	41	49	38	34	49	44	35	36	60	42	31	36	45	38
Y_Contig_135	1145859	38	42	25	62	23	18	31	31	34	42	49	40	34	50	43	35	36	60	42	31	37	46	39
Y_Contig_135	1145860	38	43	26	62	23	18	31	31	34	42	49	40	34	51	43	35	37	61	43	32	38	44	39
Y_Contig_135	1145861	38	43	26	62	23	18	31	31	34	43	49	40	34	52	42	34	38	61	43	32	38	45	38
Y_Contig_135	1145862	38	43	26	63	23	17	29	31	34	43	49	40	34	52	42	34	38	61	42	32	38	45	38
Y_Contig_135	1145863	38	42	26	63	23	17	29	31	34	43	49	40	34	50	42	34	38	61	40	33	39	45	38
Y_Contig_135	1145864	38	42	26	63	23	18	28	32	33	44	50	39	35	50	42	32	37	61	40	34	39	45	38
Y_Contig_135	1145865	37	42	25	63	23	18	28	33	33	45	49	39	34	51	42	32	37	62	40	34	39	45	38
Y_Contig_135	1145866	37	42	25	63	24	18	28	34	34	46	49	39	34	51	41	32	37	63	41	35	40	45	38
Y_Contig_135	1145867	37	42	28	63	24	18	28	33	34	47	48	39	34	52	40	32	37	62	41	35	40	45	39
Y_Contig_135	1145868	37	42	28	63	24	19	28	33	34	48	48	40	35	52	40	32	37	62	41	35	41	46	39
Y_Contig_135	1145869	37	42	28	64	24	19	27	33	34	49	49	40	35	52	40	32	37	62	41	35	41	46	40
Y_Contig_135	1145870	37	42	28	64	26	19	29	34	34	49	49	40	35	52	38	32	37	61	41	35	41	47	40
Y_Contig_135	1145871	37	42	31	64	25	20	29	34	34	50	49	39	35	54	38	32	37	61	40	35	41	47	39
Y_Contig_135	1145872	37	42	32	64	25	20	30	35	34	50	49	39	35	54	38	32	37	61	40	35	42	47	39
Y_Contig_135	1145873	38	42	32	65	25	19	30	35	34	50	49	39	35	55	37	32	37	62	40	35	41	47	40
Y_Contig_135	1145874	38	41	32	66	22	19	30	35	34	50	48	39	35	55	38	31	38	61	39	35	40	47	37
Y_Contig_135	1145875	38	42	32	66	22	20	31	35	35	49	49	39	35	55	38	32	37	61	42	36	39	47	38
Y_Contig_135	1145876	38	43	32	66	22	20	32	35	35	49	49	39	35	55	38	33	37	62	42	36	39	46	38
Y_Contig_135	1145877	37	43	32	66	23	21	32	34	35	49	49	39	36	55	38	33	37	63	42	36	38	46	38
Y_Contig_135	1145878	37	43	32	67	23	22	33	33	35	50	49	39	36	55	38	33	37	63	42	36	38	46	38
Y_Contig_135	1145879	37	43	32	68	23	22	33	33	34	50	49	40	35	56	39	34	37	62	40	36	38	48	38
Y_Contig_135	1145880	37	44	32	68	23	22	32	34	34	50	50	40	35	57	42	34	37	62	39	37	38	49	40
Y_Contig_135	1145881	37	44	32	68	22	22	32	34	35	51	52	40	35	58	42	35	38	63	39	37	38	49	40
Y_Contig_135	1145882	38	44	31	68	22	23	32	34	36	52	52	41	35	58	42	36	38	64	40	37	38	48	40
Y_Contig_135	1145883	38	44	30	67	22	23	32	35	36	53	52	41	37	58	42	36	38	63	38	37	38	48	38
Y_Contig_135	1145884	38	44	30	65	22	23	32	35	36	53	51	41	37	57	43	36	38	64	37	38	38	47	39
Y_Contig_135	1145885	38	44	30	65	23	23	32	36	36	53	50	41	38	57	45	38	38	64	38	38	38	48	38
Y_Contig_135	1145886	36	44	30	65	23	24	32	35	36	52	50	40	38	56	45	38	37	65	37	38	38	47	38
Y_Contig_135	1145887	36	45	30	64	23	24	32	34	35	53	49	39	37	55	45	38	35	64	37	38	38	46	38
Y_Contig_135	1145888	37	45	30	63	23	24	32	34	35	55	49	39	36	55	45	39	35	65	37	38	38	44	39
Y_Contig_135	1145889	37	44	30	63	23	24	32	34	34	55	50	39	36	54	46	39	35	65	37	36	38	45	40
Y_Contig_135	1145890	37	44	30	64	23	26	33	34	36	55	50	39	38	55	48	40	35	65	37	36	39	45	41
Y_Contig_135	1145891	36	45	30	64	24	27	33	34	36	55	50	40	38	55	49	40	35	67	36	36	40	45	41
Y_Contig_135	1145892	36	46	30	64	24	27	33	33	36	55	51	40	38	55	49	39	35	67	36	36	41	46	40
Y_Contig_135	1145893	35	46	30	63	24	28	33	32	36	55	50	38	38	55	49	38	35	66	37	37	42	45	40
Y_Contig_135	1145894	36	46	30	64	24	28	34	33	35	55	52	38	38	55	49	38	36	67	37	37	42	45	40
Y_Contig_135	1145895	37	46	30	64	23	28	34	34	35	56	52	39	38	55	48	37	37	67	37	37	42	45	38
Y_Contig_135	1145896	37	45	30	66	23	28	34	34	36	56	51	38	38	55	49	37	37	66	37	37	42	44	38
Y_Contig_135	1145897	38	45	30	66	24	28	34	35	36	56	51	38	38	55	48	37	37	67	37	37	43	44	39
Y_Contig_135	1145898	38	45	30	65	24	28	34	34	36	56	51	38	37	56	47	37	36	67	37	37	42	43	40
Y_Contig_135	1145899	38	47	30	65	24	28	34	34	35	58	51	38	37	56	48	37	36	67	37	36	42	43	39
Y_Contig_135	1145900	39	48	30	66	24	28	34	34	36	57	51	38	37	56	48	37	35	67	36	36	42	42	39
Y_Contig_135	1145901	40	48	29	66	24	28	33	34	36	57	51	38	37	55	49	37	35	67	36	36	41	42	40
Y_Contig_135	1145902	40	47	29	67	25	29	34	34	36	56	51	37	38	55	51	37	35	68	36	35	40	42	41
Y_Contig_135	1145903	41	47	28	67	26	30	33	34	35	55	51	37	37	55	50	37	35	68	37	35	40	41	41
Y_Contig_135	1145904	41	47	28	65	26	30	33	34	35	56	50	37	37	53	50	37	33	68	37	36	40	41	42
Y_Contig_135	1145905	39	46	28	65	26	30	33	34	35	56	49	36	37	53	50	36	33	68	37	35	40	40	42
Y_Contig_135	1145906	39	47	27	65	25	30	33	34	35	56	49	36	37	53	50	36	33	68	37	35	40	40	42
Y_Contig_135	1145907	39	46	27	65	25	30	34	34	35	56	48	36	37	53	50	36	33	68	37	35	40	40	41
Y_Contig_135	1145908	40	47	27	65	25	31	34	35	35	56	48	36	37	53	50	35	33	68	37	35	40	40	41
Y_Contig_135	1145909	41	46	27	63	25	31	34	34	36	56	48	36	37	53	49	35	31	68	37	35	40	40	40
Y_Contig_135	1145910	41	45	26	65	25	31	34	34	36	56	48	37	37	53	49	35	31	68	37	36	40	40	40
Y_Contig_135	1145911	41	45	25	64	25	31	34	34	36	56	49	37	37	53	49	34	28	67	37	35	40	39	40
Y_Contig_135	1145912	41	45	25	63	24	31	34	33	37	56	49	37	36	52	50	34	28	67	37	35	38	39	40
Y_Contig_135	1145913	39	45	25	63	24	31	34	33	37	58	49	37	35	51	52	33	30	66	37	35	37	40	41
Y_Contig_135	1145914	39	45	25	63	24	32	34	33	37	58	49	37	35	51	51	33	30	66	38	35	37	40	41
Y_Contig_135	1145915	39	42	24	63	23	32	35	32	37	57	49	36	34	51	50	32	29	64	38	35	36	40	41
Y_Contig_135	1145916	38	42	25	64	23	32	35	32	37	57	49	36	34	51	51	32	30	64	38	34	36	39	41
Y_Contig_135	1145917	38	41	25	64	23	32	35	32	39	57	50	35	34	51	51	32	31	65	39	34	37	39	42
Y_Contig_135	1145918	38	40	25	63	23	32	35	32	39	57	49	34	33	51	51	32	29	64	39	34	37	40	41
Y_Contig_135	1145919	38	40	25	63	24	31	35	32	39	57	49	34	34	51	51	32	29	64	39	34	37	40	41
Y_Contig_135	1145920	38	40	25	63	24	31	35	32	39	58	49	34	34	51	51	31	29	64	38	34	37	41	41
Y_Contig_135	1145921	38	39	23	61	24	31	36	32	39	57	49	33	34	51	51	30	29	65	37	35	38	40	41
Y_Contig_135	1145922	37	39	23	61	24	32	34	32	39	57	48	33	34	50	51	29	29	65	36	35	38	40	40
Y_Contig_135	1145923	37	40	24	61	24	32	34	32	40	58	49	33	35	51	51	30	27	65	36	36	38	39	40
Y_Contig_135	1145924	37	40	24	61	24	33	34	32	39	58	49	33	35	52	52	30	27	65	36	36	38	40	40
Y_Contig_135	1145925	37	40	25	61	24	33	34	32	39	59	49	33	35	52	53	30	26	66	36	37	38	40	40
Y_Contig_135	1145926	37	39	25	61	25	31	33	32	39	59	47	33	35	52	55	30	27	65	36	36	39	38	40
Y_Contig_135	1145927	38	39	25	63	26	32	34	32	39	61	48	33	36	52	55	31	28	64	36	38	39	39	39
Y_Contig_135	1145928	38	39	25	63	27	32	34	32	39	61	48	33	36	52	56	30	28	65	36	37	39	37	39
Y_Contig_135	1145929	38	39	25	63	27	32	35	32	39	62	49	32	36	51	56	30	28	64	36	37	39	37	39
Y_Contig_135	1145930	39	39	25	63	28	33	35	32	39	63	49	34	37	51	57	30	28	64	36	38	39	37	39
Y_Contig_135	1145931	38	39	26	64	28	33	35	32	39	65	49	34	37	50	58	29	28	64	36	38	39	37	39
Y_Contig_135	1145932	38	39	26	63	27	33	35	32	37	65	49	34	37	50	60	30	28	62	36	38	40	37	39
Y_Contig_135	1145933	38	39	26	63	27	34	35	31	37	64	48	34	37	50	58	30	28	61	38	37	40	36	39
Y_Contig_135	1145934	36	40	26	63	27	34	35	31	36	63	49	34	37	50	58	29	27	59	38	37	40	35	39
Y_Contig_135	1145935	36	40	24	63	27	34	35	30	35	63	50	34	36	51	58	29	27	58	37	37	40	35	39
Y_Contig_135	1145936	36	40	24	63	27	33	35	30	35	63	52	34	37	51	60	28	27	58	37	36	40	35	39
Y_Contig_135	1145937	35	40	24	63	28	32	35	30	35	63	52	34	37	51	60	28	27	58	37	36	40	35	39
Y_Contig_135	1145938	34	39	25	64	28	32	34	31	34	62	52	34	37	50	61	28	26	59	37	36	40	35	39
Y_Contig_135	1145939	35	39	24	63	28	32	34	32	34	62	52	34	37	48	61	30	26	59	37	37	42	35	39
Y_Contig_135	1145940	35	38	24	62	28	32	35	32	34	61	54	34	37	48	63	31	26	59	37	37	43	35	40
Y_Contig_135	1145941	34	38	24	61	28	32	36	32	34	62	55	33	38	49	62	31	26	58	36	36	43	35	40
Y_Contig_135	1145942	34	38	24	61	28	32	36	32	34	60	56	33	37	49	61	33	25	58	36	34	44	35	40
Y_Contig_135	1145943	33	38	24	61	28	32	36	32	33	59	57	33	37	49	60	33	24	58	37	34	44	34	40
Y_Contig_135	1145944	35	38	24	61	28	32	37	33	35	61	58	33	36	48	61	33	24	58	37	35	44	36	40
Y_Contig_135	1145945	35	37	24	60	30	32	37	34	35	61	58	33	37	48	62	31	24	58	37	35	45	36	40
Y_Contig_135	1145946	34	37	24	59	29	32	37	32	34	60	57	32	35	47	62	33	23	57	37	36	45	34	41
Y_Contig_135	1145947	35	37	25	59	29	32	37	32	34	61	57	32	35	47	62	33	23	58	38	36	45	35	42
Y_Contig_135	1145948	35	37	25	59	29	32	37	32	34	61	56	32	34	48	60	33	23	58	38	34	44	35	42
Y_Contig_135	1145949	35	37	25	58	29	32	37	32	34	61	57	32	35	48	60	33	23	58	38	34	44	35	42
Y_Contig_135	1145950	35	37	25	58	30	31	36	31	34	61	56	30	34	48	59	33	24	58	38	34	44	34	42
Y_Contig_135	1145951	34	37	25	56	30	31	36	31	34	60	55	31	35	48	59	33	24	60	38	34	44	35	42
Y_Contig_135	1145952	34	37	25	56	30	31	36	31	34	60	55	31	35	48	59	33	24	60	38	34	44	35	43
Y_Contig_135	1145953	35	36	26	56	30	31	35	31	34	59	54	31	35	47	59	33	24	59	38	34	45	35	43
Y_Contig_135	1145954	35	36	27	57	30	32	36	32	33	61	55	30	35	47	62	33	25	61	38	35	46	35	43
Y_Contig_135	1145955	33	33	27	56	30	32	37	33	33	58	55	30	35	48	65	33	25	61	38	35	44	35	42
Y_Contig_135	1145956	33	33	27	57	30	32	37	33	33	58	55	30	35	50	65	33	25	61	38	35	44	36	43
Y_Contig_135	1145957	34	35	27	57	30	32	37	33	33	58	55	30	35	50	64	33	25	61	38	35	44	36	44
Y_Contig_135	1145958	33	35	27	56	30	31	37	33	34	58	55	30	35	48	64	33	25	62	38	35	43	36	44
Y_Contig_135	1145959	33	33	27	55	30	31	37	33	34	59	55	30	35	48	64	33	25	62	37	35	43	37	44
Y_Contig_135	1145960	33	33	28	54	30	31	38	33	34	59	55	31	35	49	67	34	25	62	37	34	44	38	44
Y_Contig_135	1145961	33	32	28	55	30	30	37	33	34	59	56	30	34	48	67	35	25	63	37	34	44	38	43
Y_Contig_135	1145962	33	32	27	55	30	30	37	33	34	60	56	29	34	47	68	35	24	62	38	34	44	38	43
Y_Contig_135	1145963	34	32	27	55	30	30	38	33	34	61	55	29	34	47	68	35	24	62	38	34	45	38	42
Y_Contig_135	1145964	34	32	26	55	30	30	38	34	34	62	56	29	34	47	68	35	25	61	38	34	46	38	43
Y_Contig_135	1145965	34	32	26	54	30	30	39	34	34	62	57	29	34	48	69	34	24	62	38	34	46	37	44
Y_Contig_135	1145966	34	31	26	54	30	30	40	34	34	62	57	29	33	48	70	34	25	60	38	34	48	37	44
Y_Contig_135	1145967	33	31	26	54	29	29	40	34	33	62	57	28	33	47	69	34	25	60	38	34	48	37	44
Y_Contig_135	1145968	35	33	25	54	29	29	40	35	32	64	57	29	33	48	70	34	25	61	38	34	50	37	45
Y_Contig_135	1145969	36	33	25	54	28	29	40	34	31	63	57	28	33	49	72	36	27	62	38	36	50	37	45
Y_Contig_135	1145970	37	32	26	55	27	29	41	34	30	62	57	29	32	48	69	36	27	61	38	35	49	36	45
Y_Contig_135	1145971	37	32	26	55	28	29	41	33	29	64	58	29	32	48	69	36	27	61	38	35	49	36	45
Y_Contig_135	1145972	37	34	26	55	28	29	41	32	29	64	58	29	34	48	69	35	27	61	37	35	49	36	45
Y_Contig_135	1145973	36	34	26	55	28	29	41	31	29	64	57	30	34	48	69	34	27	60	37	34	48	35	46
Y_Contig_135	1145974	36	34	26	55	28	29	42	33	29	64	56	29	35	48	69	34	28	60	36	32	47	35	47
Y_Contig_135	1145975	36	34	26	55	28	29	42	34	29	64	56	29	36	48	70	35	29	62	37	32	48	35	45
Y_Contig_135	1145976	37	32	26	55	27	30	43	34	29	63	57	28	36	47	69	34	29	62	37	32	49	35	45
Y_Contig_135	1145977	38	32	26	54	28	31	43	34	29	63	56	28	36	47	69	33	29	60	37	32	48	35	45
Y_Contig_135	1145978	38	32	26	54	28	31	45	33	28	63	57	28	36	47	71	34	29	60	38	32	48	35	45
Y_Contig_135	1145979	38	32	25	55	29	31	45	32	28	63	56	28	36	47	71	34	29	59	38	32	48	35	45
Y_Contig_135	1145980	39	33	24	55	30	31	45	32	28	63	56	28	35	47	72	34	29	60	38	32	47	36	45
Y_Contig_135	1145981	39	33	24	55	30	31	44	33	29	62	56	30	33	48	72	34	30	61	38	32	46	36	45
Y_Contig_135	1145982	39	31	24	55	30	31	44	33	28	63	56	30	33	49	72	35	30	62	38	32	45	36	45
Y_Contig_135	1145983	39	32	24	55	30	31	44	34	29	62	55	31	33	49	72	37	30	62	38	31	46	36	46
Y_Contig_135	1145984	38	33	25	55	29	31	43	34	29	62	55	31	32	50	73	37	30	62	37	31	46	36	46
Y_Contig_135	1145985	39	35	26	57	30	30	43	35	29	64	55	30	32	49	74	37	30	60	38	31	44	37	47
Y_Contig_135	1145986	40	35	26	56	30	30	41	35	29	64	55	31	32	51	74	36	30	59	37	32	45	37	47
Y_Contig_135	1145987	38	34	26	56	31	31	41	36	29	65	55	31	32	51	75	35	30	60	37	32	45	37	47
Y_Contig_135	1145988	39	34	26	56	31	32	41	36	29	65	54	31	33	51	75	34	30	60	37	33	45	37	47
Y_Contig_135	1145989	40	34	27	57	30	31	41	37	30	66	54	31	33	51	75	34	31	59	36	32	44	37	46
Y_Contig_135	1145990	41	34	27	57	30	32	41	37	30	66	52	30	33	51	76	34	31	58	35	32	44	37	46
Y_Contig_135	1145991	41	34	28	57	30	32	42	37	30	66	51	32	33	51	76	34	31	57	35	32	43	36	46
Y_Contig_135	1145992	41	34	28	57	29	32	42	37	29	66	52	32	33	51	76	34	31	58	35	32	45	36	46
Y_Contig_135	1145993	41	34	29	58	30	32	42	36	29	66	52	31	33	52	75	35	31	57	35	32	46	35	46
Y_Contig_135	1145994	41	35	29	58	31	33	42	35	27	66	52	31	32	52	73	35	31	57	35	32	46	35	47
Y_Contig_135	1145995	40	36	29	58	30	33	42	35	26	68	52	31	32	52	73	35	31	57	36	32	47	35	45
Y_Contig_135	1145996	39	36	28	57	31	34	42	35	27	68	53	31	34	53	73	35	31	57	36	31	48	35	46
Y_Contig_135	1145997	39	36	28	57	32	34	42	35	27	67	52	31	35	55	72	35	32	56	37	31	48	36	47
Y_Contig_135	1145998	39	36	28	58	32	34	43	36	27	67	52	31	35	54	73	36	32	57	34	30	48	36	47
Y_Contig_135	1145999	40	36	28	60	32	34	43	36	27	67	53	30	35	54	73	36	32	57	34	30	47	36	47
Y_Contig_135	1415309	36	30	35	4	35	36	37	38	25	31	31	36	28	2	48	52	37	58	40	27	26	45	36
Y_Contig_135	1415310	35	30	34	4	35	36	36	38	26	31	33	37	29	2	48	52	37	58	41	26	26	45	36
Y_Contig_135	1415311	35	30	34	4	34	36	36	37	26	31	33	36	29	2	48	52	37	57	41	28	25	45	36
Y_Contig_135	1415312	34	30	34	4	34	36	37	36	25	31	33	37	29	2	47	52	38	56	40	27	26	44	37
Y_Contig_135	1415313	34	31	34	4	34	36	37	37	25	31	32	37	28	2	46	52	38	56	40	27	26	45	38
Y_Contig_135	1415314	34	30	36	4	34	36	37	36	25	30	32	35	27	2	45	52	38	56	39	29	25	46	40
Y_Contig_135	1415315	35	30	36	4	34	35	37	37	26	31	32	35	27	2	45	53	37	56	39	29	25	46	40
Y_Contig_135	1415316	35	30	36	4	34	35	37	37	25	31	31	35	26	2	43	52	37	56	38	29	24	46	40
Y_Contig_135	1415317	33	30	36	4	33	35	37	38	24	31	32	33	25	2	43	51	38	55	36	28	23	46	40
Y_Contig_135	1415318	34	31	37	4	33	35	37	38	24	31	31	33	25	2	42	52	38	55	36	28	23	46	40
Y_Contig_135	1415319	33	30	38	4	33	35	37	38	24	31	31	33	26	2	43	52	38	55	36	28	23	46	40
Y_Contig_135	1415320	33	30	38	4	32	35	36	38	24	30	31	33	26	3	42	51	37	54	37	27	22	46	41
Y_Contig_135	1415321	32	30	39	4	32	35	36	38	24	31	31	32	26	3	42	51	37	55	38	27	21	47	43
Y_Contig_135	1415322	32	30	39	4	32	36	36	40	25	31	31	33	26	3	42	51	37	56	38	27	21	47	43
Y_Contig_135	1415323	32	30	38	4	33	36	38	42	25	31	31	33	26	3	42	49	37	56	37	27	21	47	43
Y_Contig_135	1415324	32	30	38	4	33	35	38	42	25	31	31	33	25	4	41	49	38	56	37	26	21	46	42
Y_Contig_135	1415325	33	31	39	4	33	35	38	42	25	31	32	33	24	4	42	49	37	56	37	26	22	46	45
Y_Contig_135	1415326	33	31	38	4	33	34	38	43	25	30	32	33	24	4	42	49	37	55	37	26	22	47	45
Y_Contig_135	1415327	34	31	35	4	34	34	38	42	26	30	31	33	23	4	42	48	36	56	37	25	22	47	46
Y_Contig_135	1415328	34	31	35	4	34	33	37	42	26	30	31	33	23	4	42	48	35	56	36	25	20	46	46
Y_Contig_135	1415329	34	31	35	4	34	33	37	42	26	31	31	33	23	4	42	48	35	56	36	25	20	46	47
Y_Contig_135	1415330	34	31	36	4	34	33	38	42	26	31	31	33	22	4	42	48	35	56	36	26	20	46	48
Y_Contig_135	1415331	34	30	36	4	34	32	38	41	26	30	31	32	21	4	41	49	35	55	36	26	19	46	48
Y_Contig_135	1415332	33	30	35	4	34	32	37	41	26	30	30	31	20	4	42	48	35	55	36	26	19	46	48
Y_Contig_135	1415333	32	31	35	4	34	33	35	42	26	30	30	30	21	4	43	48	35	54	36	26	19	45	49
Y_Contig_135	1415334	32	31	34	4	34	33	36	42	26	30	30	30	21	4	43	47	35	54	35	26	19	45	48
Y_Contig_135	1415335	32	30	35	4	33	31	37	43	26	30	29	31	21	4	42	47	35	54	35	26	19	44	47
Y_Contig_135	1415336	32	29	35	4	32	30	37	43	26	29	28	31	21	4	42	47	35	53	35	26	19	44	47
Y_Contig_135	1415337	33	29	35	4	33	31	36	42	26	29	30	32	21	4	43	48	35	53	35	26	19	44	48
Y_Contig_135	1415338	33	29	35	5	33	32	36	43	26	30	29	32	22	4	44	48	35	53	36	26	19	46	49
Y_Contig_135	1415339	35	29	35	6	33	32	36	42	24	30	29	31	21	4	44	49	35	53	35	26	21	45	48
Y_Contig_135	1415340	36	28	35	6	33	32	36	43	23	30	29	31	21	4	44	49	35	53	35	25	21	45	48
Y_Contig_135	1415341	35	28	35	6	32	32	36	42	23	30	29	31	21	4	43	49	35	53	36	24	21	45	48
Y_Contig_135	1415342	35	28	34	6	31	32	37	42	23	30	29	31	21	4	43	49	35	54	36	24	22	45	47
Y_Contig_135	1415343	34	27	34	0	31	32	37	41	22	30	29	33	20	0	43	48	36	53	37	24	22	46	48
Y_Contig_135	1415344	34	27	33	6	31	32	40	41	22	30	30	34	20	4	43	48	34	53	37	24	22	47	48
Y_Contig_135	1415345	35	27	33	7	31	35	40	40	23	29	30	34	21	4	43	47	34	53	37	24	22	48	48
Y_Contig_135	1415346	35	27	32	7	32	34	40	40	23	29	30	35	21	4	42	48	34	54	37	24	22	47	46
Y_Contig_135	1415347	35	27	32	7	32	35	40	40	23	29	30	35	21	4	42	47	34	53	38	23	23	47	46
Y_Contig_135	1415348	35	27	33	7	32	35	40	40	23	28	30	35	21	4	42	46	34	52	37	23	23	47	45
Y_Contig_135	1415349	36	27	34	8	32	36	41	40	25	28	30	35	22	4	43	46	33	52	38	23	23	46	45
Y_Contig_135	1415350	36	26	34	8	32	36	41	40	25	28	30	34	22	4	43	46	33	52	38	23	24	44	45
Y_Contig_135	1415351	36	27	34	9	33	36	40	40	25	28	30	35	23	4	42	46	33	52	38	23	24	44	45
Y_Contig_135	1415352	35	27	34	9	33	36	41	40	25	28	30	35	23	4	43	46	33	51	37	23	24	44	45
Y_Contig_135	1415353	35	27	34	9	33	36	41	40	25	29	30	36	23	4	43	47	33	50	37	23	24	44	45
Y_Contig_135	1415354	36	28	34	9	32	36	41	40	24	29	31	36	23	4	42	47	33	50	37	23	24	45	46
Y_Contig_135	1415355	35	29	34	9	33	35	41	40	24	29	31	36	23	4	42	47	33	51	37	23	24	45	45
Y_Contig_135	1415356	35	29	35	9	33	35	41	40	24	29	30	38	23	4	41	47	33	50	37	23	26	45	44
Y_Contig_135	1415357	34	27	36	9	32	35	41	40	24	30	30	38	23	4	41	47	32	49	37	22	26	45	44
Y_Contig_135	1415358	34	28	34	9	32	35	41	40	25	32	31	38	25	4	41	47	32	49	37	22	26	45	45
Y_Contig_135	1415359	34	28	34	9	31	35	41	40	25	32	32	38	25	4	41	47	32	49	37	22	26	44	45
Y_Contig_135	1415360	34	27	34	9	30	35	41	40	23	33	32	38	25	4	41	46	32	49	37	22	26	45	45
Y_Contig_135	1415361	34	28	35	9	30	35	41	40	23	33	33	38	25	4	42	46	32	49	38	22	26	46	46
Y_Contig_135	1415362	34	28	36	9	30	35	41	40	23	33	34	39	25	4	42	46	32	49	39	22	26	46	46
Y_Contig_135	1415363	34	28	36	9	30	34	41	40	23	33	34	39	26	4	42	45	32	49	38	23	26	46	46
Y_Contig_135	1415364	34	29	36	9	30	34	41	40	23	33	34	39	26	4	42	45	32	49	38	23	26	43	46
Y_Contig_135	1415365	34	30	36	9	30	34	40	41	23	33	34	39	26	4	40	46	32	47	39	23	26	43	47
Y_Contig_135	1415366	34	29	34	9	30	35	41	41	23	33	34	39	27	4	40	47	31	47	39	24	26	44	47
Y_Contig_135	1415367	36	29	35	9	30	35	41	41	23	33	34	39	27	5	40	47	31	47	38	25	26	45	47
Y_Contig_135	1415368	35	29	35	10	30	35	41	42	23	32	34	39	27	6	40	47	31	48	38	25	25	45	47
Y_Contig_135	1415369	35	28	35	10	29	36	41	42	24	32	34	39	27	6	40	48	30	48	38	25	25	45	46
Y_Contig_135	1415370	36	28	35	10	29	36	41	41	24	31	33	39	27	7	41	49	29	48	37	25	25	44	46
Y_Contig_135	1415371	36	28	35	10	29	36	40	41	24	32	36	39	27	8	42	51	29	47	37	24	26	44	47
Y_Contig_135	1415372	36	27	35	10	28	37	40	41	24	32	36	39	27	8	41	51	29	47	37	24	26	44	47
Y_Contig_135	1415373	36	28	34	10	28	37	40	41	23	32	36	40	27	8	40	51	30	47	36	23	25	44	47
Y_Contig_135	1415374	37	28	34	10	28	38	40	43	23	32	37	41	27	8	40	51	29	47	37	23	25	44	48
Y_Contig_135	1415375	37	28	34	10	27	37	41	44	23	31	37	41	27	8	41	52	29	47	37	24	25	44	48
Y_Contig_135	1415376	37	28	34	10	27	36	40	43	23	31	37	41	26	8	41	51	29	47	36	25	25	44	48
Y_Contig_135	1415377	37	28	34	10	27	36	40	44	23	31	37	41	27	8	41	51	29	47	35	25	25	43	48
Y_Contig_135	1415378	37	27	34	10	27	36	40	43	23	31	36	41	27	8	41	51	29	47	33	25	25	43	49
Y_Contig_135	1415379	37	27	34	10	27	36	40	43	22	30	36	41	27	8	41	51	29	46	33	25	26	42	48
Y_Contig_135	1415380	37	27	33	10	27	36	38	43	22	30	36	41	28	8	40	51	29	46	32	25	26	42	49
Y_Contig_135	1415381	38	27	33	11	27	36	39	43	22	29	36	41	28	8	40	51	30	45	32	26	26	42	50
Y_Contig_135	1415382	39	27	33	11	27	36	38	43	22	29	36	41	28	8	40	51	30	46	32	26	26	42	50
Y_Contig_135	1415383	39	26	35	11	28	37	38	43	22	28	37	41	29	8	40	51	30	47	32	26	26	43	50
Y_Contig_135	1415384	38	26	35	11	29	38	37	43	22	28	38	41	30	8	40	51	30	47	32	27	26	41	49
Y_Contig_135	1415385	38	25	35	11	27	37	36	42	22	29	39	41	30	8	41	51	30	47	33	30	26	39	50
Y_Contig_135	1415386	38	24	35	11	27	37	36	41	22	29	39	41	30	8	40	51	29	50	33	29	27	38	50
Y_Contig_135	1415387	39	24	35	11	26	37	36	41	22	28	39	41	31	8	41	51	29	50	32	29	27	38	50
Y_Contig_135	1415388	39	24	35	11	26	37	36	40	23	27	40	40	31	8	41	51	29	51	32	29	27	37	50
Y_Contig_135	1415389	39	25	34	11	26	37	36	39	23	27	40	41	31	8	40	51	29	50	31	29	27	37	50
Y_Contig_135	1415390	39	25	34	12	26	37	36	39	23	27	40	41	32	8	40	50	30	51	32	29	28	37	51
Y_Contig_135	1415391	39	25	34	12	26	37	36	39	23	27	40	41	32	8	40	50	30	51	32	29	28	37	52
Y_Contig_135	1415392	39	27	33	12	26	37	34	39	23	27	40	41	33	8	40	50	29	51	32	29	27	37	52
Y_Contig_135	1415393	39	28	35	12	27	37	34	39	23	27	40	41	34	8	40	49	30	51	32	29	26	37	52
Y_Contig_135	1415394	39	28	35	12	27	37	34	39	23	27	40	41	33	8	40	48	29	51	33	29	26	38	51
Y_Contig_135	1415395	38	28	35	12	28	35	34	39	23	27	40	40	34	8	40	49	29	50	33	29	26	38	51
Y_Contig_135	1415396	38	28	35	12	29	35	35	38	23	27	39	41	34	8	40	48	29	50	33	29	26	38	50
Y_Contig_135	1415397	38	28	35	12	29	35	34	37	24	27	39	41	34	8	39	47	29	50	33	29	26	39	50
Y_Contig_135	1415398	36	27	35	12	29	35	34	38	24	26	39	40	35	8	39	46	30	50	34	29	26	40	49
Y_Contig_135	1415399	36	27	35	12	28	35	34	38	24	25	40	40	35	8	39	46	30	49	33	29	25	40	50
Y_Contig_135	1415400	35	28	36	12	27	35	34	39	24	25	40	41	35	8	39	46	31	50	34	29	25	40	50
Y_Contig_135	1415401	35	28	36	12	26	36	33	39	24	24	40	41	34	8	38	46	31	50	34	28	25	40	50
Y_Contig_135	1415402	35	28	36	12	25	36	33	38	24	25	39	42	34	8	38	46	31	49	35	28	24	39	50
Y_Contig_135	1415403	35	28	36	12	25	36	33	38	24	25	39	42	34	8	40	46	31	49	36	29	23	39	50
Y_Contig_135	1415404	35	28	36	12	25	36	31	37	24	24	38	42	34	8	40	46	31	47	35	30	23	39	50
Y_Contig_135	1415405	34	28	36	12	26	37	31	38	24	23	38	44	34	10	41	47	31	48	36	30	23	40	51
Y_Contig_135	1415406	33	28	36	12	26	37	30	38	24	24	39	44	33	10	41	46	31	48	36	30	21	41	50
Y_Contig_135	1415407	33	28	36	12	26	37	30	39	24	24	39	44	33	11	41	47	29	48	36	31	21	41	50
Y_Contig_135	1415408	33	28	35	12	25	37	29	39	24	25	39	44	31	11	42	47	29	48	36	32	21	41	48
Y_Contig_135	1415409	32	28	35	12	24	38	29	39	24	25	39	45	31	12	42	47	29	48	36	32	21	40	48
Y_Contig_135	1415410	32	28	35	12	24	38	29	39	24	24	39	44	31	12	41	47	29	48	36	32	21	40	47
Y_Contig_135	1415411	33	27	37	12	25	38	29	38	25	24	40	45	31	12	42	47	31	48	35	32	22	39	47
Y_Contig_135	1415412	33	27	36	12	26	38	29	38	25	24	40	45	31	12	42	48	30	49	35	33	22	39	47
Y_Contig_135	1415413	33	28	36	12	25	38	29	39	25	24	39	45	30	12	42	48	31	48	36	34	22	38	48
Y_Contig_135	1415414	32	29	34	12	24	38	29	40	24	24	40	46	30	12	41	48	31	48	36	33	22	38	48
Y_Contig_135	1415415	31	30	34	12	24	38	28	39	24	24	40	46	31	12	41	50	30	47	37	33	22	37	48
Y_Contig_135	1415416	30	30	34	12	24	39	28	39	24	26	40	46	31	13	42	50	30	46	38	33	22	37	48
Y_Contig_135	1415417	30	30	34	12	24	40	28	39	23	26	40	46	30	13	42	49	30	46	37	32	22	37	48
Y_Contig_135	1415418	31	30	34	12	24	40	28	39	23	26	40	46	30	13	42	49	30	46	37	32	22	37	46
Y_Contig_135	1415419	31	30	34	12	24	40	28	39	22	26	39	46	30	13	41	49	31	46	37	32	22	36	47
Y_Contig_135	1415420	31	30	33	12	24	40	27	39	21	25	39	46	30	15	41	49	31	47	36	32	23	36	47
Y_Contig_135	1415421	32	29	33	12	24	40	27	39	21	25	39	46	30	15	41	49	31	46	36	32	23	35	47
Y_Contig_135	1415422	32	30	33	12	24	39	27	37	21	25	39	46	30	15	41	48	31	46	37	32	23	35	47
Y_Contig_135	1415423	32	30	33	12	25	39	29	37	21	25	39	47	32	15	42	49	30	45	39	32	24	35	48
Y_Contig_135	1415424	32	30	33	12	25	39	29	37	21	24	39	46	31	15	41	48	29	46	39	31	24	35	47
Y_Contig_135	1415425	32	29	33	12	23	38	29	37	22	24	38	46	31	15	41	50	29	46	40	31	24	35	48
Y_Contig_135	1415426	32	29	33	12	22	38	29	37	21	24	38	46	31	15	41	50	29	45	40	31	24	34	48
Y_Contig_135	1415427	31	29	33	12	22	35	29	37	21	24	37	45	31	15	41	49	29	44	40	30	23	33	48
Y_Contig_135	1415428	31	28	33	12	22	34	29	36	21	25	36	45	33	15	41	49	32	42	37	30	23	31	48
Y_Contig_135	1415429	32	28	33	12	23	34	29	37	21	26	36	45	33	15	41	49	32	42	37	30	23	31	49
Y_Contig_135	1415430	30	29	34	12	23	34	29	37	21	26	35	45	33	15	40	49	31	42	37	30	23	32	49
Y_Contig_135	1415431	33	30	35	12	23	34	29	37	21	26	36	45	33	15	39	49	31	42	37	31	23	32	50
Y_Contig_135	1415432	33	30	35	12	24	34	29	38	20	26	36	45	33	15	38	49	31	42	38	32	24	33	51
Y_Contig_135	1415433	33	30	35	12	24	34	27	38	20	25	36	45	33	15	38	46	31	41	38	32	25	33	51
Y_Contig_135	1415434	33	30	36	13	24	33	27	38	20	26	36	46	33	15	39	46	31	41	37	32	25	34	51
Y_Contig_135	1415435	33	30	36	13	24	33	27	37	20	26	35	45	33	15	39	47	32	41	37	31	24	34	51
Y_Contig_135	1415436	34	30	36	13	24	32	27	36	20	26	34	45	33	15	39	47	32	41	37	31	24	34	51
Y_Contig_135	1415437	33	30	35	13	24	32	27	35	20	26	34	45	32	15	36	47	31	39	35	31	23	31	51
Y_Contig_135	1415438	32	30	35	13	25	32	26	34	20	26	34	45	32	15	36	47	30	39	35	33	23	31	51
Y_Contig_135	1415439	30	30	35	13	25	31	24	34	20	25	34	44	32	14	37	46	28	40	35	33	23	31	50
Y_Contig_135	1415440	30	30	35	13	25	31	23	35	20	25	34	44	32	14	37	47	28	41	36	33	23	31	50
Y_Contig_135	1415441	30	29	35	14	25	31	23	35	20	25	32	45	33	14	36	47	28	42	36	33	23	31	50
Y_Contig_135	1415442	32	29	36	14	25	30	23	35	20	25	32	42	34	14	36	47	28	42	35	34	23	33	51
Y_Contig_135	1415443	32	29	35	14	25	28	23	34	20	25	32	42	34	14	37	47	29	42	35	34	23	33	49
Y_Contig_135	1415444	32	29	35	14	25	28	23	34	19	27	31	42	34	14	36	47	29	41	35	34	23	33	49
Y_Contig_135	1415445	34	29	35	14	25	29	22	35	18	27	30	42	34	15	36	49	30	43	35	34	24	33	50
Y_Contig_135	1415446	34	29	35	14	25	29	22	34	18	27	30	42	35	15	35	48	30	41	35	34	25	33	50
Y_Contig_135	1415447	35	29	34	14	25	29	22	35	18	26	28	43	35	15	36	48	29	41	35	34	25	33	50
Y_Contig_135	1415448	36	29	34	13	25	29	23	36	18	26	27	44	35	15	37	46	28	42	35	33	25	34	49
Y_Contig_135	1415449	36	29	34	13	25	29	23	36	18	26	27	44	35	15	37	46	28	43	36	33	26	34	49
Y_Contig_135	1415450	37	29	33	12	25	28	23	36	18	26	27	43	34	14	37	46	28	43	35	33	25	32	47
Y_Contig_135	1415451	38	30	33	12	25	28	23	36	18	26	28	43	34	14	37	46	28	43	35	33	25	33	47
Y_Contig_135	1415452	38	30	33	10	25	27	23	35	19	26	27	43	34	14	36	43	28	43	35	33	25	33	47
Y_Contig_135	1415453	38	30	34	10	24	27	23	35	19	25	27	43	34	14	35	42	28	43	35	32	25	33	46
Y_Contig_135	1415454	38	30	34	10	24	27	24	35	19	24	27	45	34	14	35	43	28	45	37	33	26	33	47
Y_Contig_135	1415455	40	30	34	10	24	27	24	35	19	24	27	44	34	14	35	42	28	43	37	35	26	33	48
Y_Contig_135	1415456	40	30	34	10	24	28	25	35	19	23	28	44	34	14	35	42	28	43	37	35	26	33	48
Y_Contig_135	1415457	40	31	34	10	26	28	25	35	18	23	28	44	34	14	35	42	28	43	38	35	26	34	48
Y_Contig_135	1415458	40	31	34	10	26	28	25	35	18	23	28	45	34	14	35	41	29	43	38	35	26	34	48
Y_Contig_135	1415459	40	32	35	10	27	29	25	35	17	23	28	44	35	14	36	41	29	44	38	36	27	34	47
Y_Contig_135	1415460	40	32	36	10	28	29	26	35	17	23	26	43	34	14	37	41	29	44	37	36	27	34	47
Y_Contig_135	1415461	40	32	35	10	28	29	25	34	16	24	26	43	34	14	37	41	28	44	37	32	25	34	46
Y_Contig_135	1415462	40	31	35	10	28	29	27	35	16	24	27	42	34	14	37	42	27	44	38	33	26	35	46
Y_Contig_135	1415463	40	31	35	10	28	29	27	35	16	24	27	42	34	14	37	42	27	44	38	33	26	35	45
Y_Contig_135	1415464	41	31	34	10	29	29	28	35	16	24	27	43	34	14	38	42	27	43	38	33	26	34	44
Y_Contig_135	1415465	40	31	34	11	30	29	28	35	17	23	27	42	34	15	37	41	27	43	38	33	26	33	44
Y_Contig_135	1415466	40	31	34	11	30	29	30	34	17	24	26	42	35	15	37	41	27	43	40	32	26	34	44
Y_Contig_135	1415467	40	31	34	11	32	29	30	34	17	24	26	42	35	15	38	41	27	43	40	32	26	34	44
Y_Contig_135	1415468	39	30	33	11	32	29	30	34	17	24	26	42	35	15	37	40	27	43	40	33	26	35	44
Y_Contig_135	1415469	39	30	32	11	32	29	32	34	17	24	26	42	36	15	37	40	29	43	40	35	26	37	44
Y_Contig_135	1415470	39	30	32	11	32	28	32	33	18	23	26	41	36	14	38	40	29	42	42	35	26	36	43
Y_Contig_135	1415471	38	31	31	12	32	29	32	33	18	24	26	41	37	14	40	40	29	42	42	35	26	36	42
Y_Contig_135	1415472	39	31	31	12	32	28	32	32	18	26	26	40	37	14	39	42	29	43	43	35	27	36	42
Y_Contig_135	1415473	39	30	31	12	32	29	30	29	18	26	26	40	37	14	40	42	29	43	43	35	27	37	41
Y_Contig_135	1415474	41	30	33	12	32	30	30	28	18	26	25	40	37	14	40	43	29	43	43	35	27	37	41
Y_Contig_135	1415475	41	29	32	12	32	30	30	27	19	26	25	40	37	13	39	43	29	43	43	35	27	37	40
Y_Contig_135	1415476	41	29	32	13	32	30	29	26	19	26	26	40	37	13	39	42	28	43	43	35	27	36	40
Y_Contig_135	1415477	40	29	32	13	31	30	29	26	18	26	26	40	37	13	39	43	28	43	43	35	27	36	38
Y_Contig_135	1415478	40	30	32	13	31	30	29	26	18	26	27	40	37	13	39	44	28	44	44	35	27	36	38
Y_Contig_135	1415479	40	30	32	13	31	30	28	28	18	25	27	40	37	13	39	44	28	47	44	36	27	37	38
Y_Contig_135	1415480	40	30	31	13	32	31	28	29	18	25	27	40	37	13	39	43	29	47	44	35	27	37	39
Y_Contig_135	1415481	40	29	32	13	32	31	28	29	18	25	27	40	37	13	38	42	29	47	44	35	27	38	39
Y_Contig_135	1415482	40	27	32	14	32	30	28	29	18	25	27	40	37	13	38	42	30	47	44	35	27	39	38
Y_Contig_135	1415483	40	27	32	14	32	30	28	30	19	25	28	40	36	13	37	42	31	47	44	35	27	40	39
Y_Contig_135	1415484	40	28	31	14	33	31	27	29	19	25	28	40	36	13	37	44	31	48	44	35	27	41	39
Y_Contig_135	1415485	39	28	31	14	33	30	26	30	19	26	28	38	36	13	37	44	31	49	45	35	27	43	40
Y_Contig_135	1415486	39	28	32	14	32	30	26	30	19	26	28	38	36	13	36	44	31	49	46	35	28	43	42
Y_Contig_135	1415487	39	28	32	14	32	30	26	31	19	26	29	38	36	13	37	44	31	50	47	35	28	43	41
Y_Contig_135	1415488	39	28	32	14	32	29	26	30	19	26	29	38	35	13	36	44	31	49	47	34	28	41	40
Y_Contig_135	1415489	38	28	32	13	32	29	26	30	19	27	29	39	35	14	36	43	32	48	48	35	27	41	40
Y_Contig_135	1415490	38	28	32	12	32	29	26	29	20	27	29	39	35	14	36	43	32	48	47	35	27	41	40
Y_Contig_135	1415491	39	30	33	12	32	29	27	29	20	27	29	39	36	14	36	43	33	49	49	35	26	41	41
Y_Contig_135	1415492	39	30	33	12	32	29	27	30	20	27	29	40	36	14	37	42	33	50	49	35	26	42	40
Y_Contig_135	1415493	39	30	33	12	32	29	27	31	20	28	29	39	36	14	37	44	33	50	48	35	26	41	40
Y_Contig_135	1415494	40	30	35	12	32	29	24	32	20	29	28	38	37	15	37	44	33	50	48	35	26	40	40
Y_Contig_135	1415495	39	30	35	11	32	26	24	33	19	29	28	39	36	15	37	44	33	50	48	36	26	39	40
Y_Contig_135	1415496	39	30	35	11	31	26	24	34	20	30	28	38	36	15	37	43	33	50	48	36	26	39	40
Y_Contig_135	1415497	39	30	35	11	31	25	24	34	20	30	28	39	36	15	37	45	33	51	48	36	25	40	40
Y_Contig_135	1415498	39	31	35	10	32	25	24	34	20	30	29	39	37	15	37	45	33	51	48	36	25	40	41
Y_Contig_135	1415499	38	31	34	10	32	24	23	34	18	30	29	38	36	15	36	45	33	52	48	36	25	40	41
Y_Contig_135	1415500	38	30	35	9	33	24	23	34	18	30	31	37	35	15	37	45	33	51	51	36	25	40	43
Y_Contig_135	1415501	38	33	35	9	32	24	23	34	18	30	31	37	35	15	36	47	34	51	51	38	26	40	44
Y_Contig_135	1415502	39	33	35	9	32	25	23	34	18	30	31	37	35	15	36	47	35	52	51	38	27	40	44
Y_Contig_135	1415503	39	33	35	9	32	25	23	34	18	29	31	36	35	15	37	46	35	54	51	38	27	40	44
Y_Contig_135	1415504	39	33	35	9	33	25	25	34	18	28	30	37	35	15	37	46	35	54	51	38	27	39	43
Y_Contig_135	1415505	40	32	35	10	32	25	24	34	18	28	30	38	35	15	37	46	35	53	51	40	27	39	43
Y_Contig_135	1415506	40	32	33	10	32	25	24	34	17	27	30	36	36	15	38	47	34	53	51	40	25	40	43
Y_Contig_135	1415507	40	32	34	10	32	25	27	34	17	27	30	39	36	15	38	48	36	53	50	40	25	40	43
Y_Contig_135	1415508	40	31	33	10	33	25	27	36	16	25	29	39	34	16	38	48	37	54	51	42	25	40	42
Y_Contig_135	1415509	40	31	33	10	33	25	27	37	16	24	30	39	35	16	38	48	37	54	50	44	25	40	42
Y_Contig_135	1415510	40	32	33	10	33	25	27	38	16	24	30	39	35	16	38	48	37	54	50	44	25	40	41
Y_Contig_135	1415511	40	32	31	10	33	25	28	37	16	24	29	38	35	16	37	49	37	53	50	44	25	40	41
Y_Contig_135	1415512	41	32	32	10	35	25	28	38	17	24	29	38	35	16	37	50	37	54	49	44	25	40	42
Y_Contig_135	1415513	41	33	32	10	35	25	28	39	19	24	29	39	34	16	37	50	37	55	49	43	25	40	42
Y_Contig_135	1415514	42	32	32	10	36	25	29	39	19	25	29	39	35	17	38	50	37	55	49	43	25	40	42
Y_Contig_135	1415515	42	31	32	10	37	25	29	40	19	25	29	39	35	17	38	50	37	55	48	43	25	41	42
Y_Contig_135	1415516	40	31	32	10	37	25	29	39	19	25	29	40	35	18	38	51	37	56	48	41	25	40	43
Y_Contig_135	1415517	39	31	31	10	37	25	29	39	19	25	29	41	35	17	38	51	37	57	49	41	26	39	43
Y_Contig_135	1415518	39	31	32	9	38	25	30	39	19	25	29	42	35	16	38	52	37	57	49	41	26	39	44
Y_Contig_135	1415519	39	31	32	9	39	24	30	39	18	25	28	42	35	17	38	51	37	58	49	41	26	39	44
Y_Contig_135	1415520	38	32	32	9	40	23	32	39	18	24	28	42	36	16	40	49	37	58	49	41	26	40	44
Y_Contig_135	1415521	38	32	32	9	40	23	32	39	18	24	26	42	36	16	39	48	37	58	49	41	26	40	43
Y_Contig_135	1415522	38	32	31	9	40	22	32	39	18	24	26	42	36	16	39	48	37	58	49	41	26	40	43
Y_Contig_135	1415523	38	31	31	9	40	22	32	40	18	24	25	42	36	16	38	48	36	58	49	41	26	41	42
Y_Contig_135	1415524	38	31	31	9	40	21	32	39	18	24	26	41	36	16	38	48	36	58	48	41	26	41	42
Y_Contig_135	1415525	38	31	31	9	39	21	31	39	18	24	26	41	36	16	38	47	36	58	48	40	25	41	42
Y_Contig_135	1415526	38	35	32	9	42	21	32	39	19	26	28	41	36	17	40	47	39	58	49	40	26	40	42
Y_Contig_135	1415527	38	35	33	9	42	21	32	40	19	26	28	42	36	17	41	47	39	58	49	40	26	40	42
Y_Contig_135	1415528	39	35	34	9	42	21	32	40	19	26	28	42	37	17	42	47	39	59	49	40	26	42	43
Y_Contig_135	1415529	39	35	34	9	42	21	32	40	20	26	30	42	36	17	42	48	39	60	49	40	26	42	43
Y_Contig_135	1415530	39	35	34	9	42	22	32	40	20	26	30	41	36	17	42	48	39	60	49	40	26	43	42
Y_Contig_135	1415531	38	36	35	8	42	22	31	40	20	26	31	41	36	17	42	48	38	60	49	39	26	43	42
Y_Contig_135	1415532	37	36	35	8	41	20	32	40	20	28	30	41	35	18	42	48	38	59	49	39	26	43	42
Y_Contig_135	1415533	38	36	34	9	41	21	32	40	20	28	30	41	35	18	42	48	38	60	49	39	26	42	42
Y_Contig_135	1415534	38	36	35	9	40	20	32	40	20	27	30	42	34	18	42	48	38	61	48	38	26	42	41
Y_Contig_135	1415535	38	36	35	10	40	20	33	40	20	28	29	41	34	18	40	49	38	59	47	36	25	42	41
Y_Contig_135	1415536	38	36	35	10	40	21	34	40	20	28	29	43	34	18	40	49	38	58	47	36	25	42	42
Y_Contig_135	1415537	39	35	35	10	40	21	36	41	19	28	28	43	33	18	40	48	38	57	48	36	25	42	43
Y_Contig_135	1415538	40	35	36	10	40	21	37	41	19	28	28	43	33	18	40	50	38	57	47	37	25	42	43
Y_Contig_135	1415539	40	35	36	10	41	22	37	41	19	28	29	42	34	18	40	50	39	57	47	37	26	42	44
Y_Contig_135	1415540	40	35	36	9	41	22	37	42	19	28	29	42	33	18	40	50	38	57	46	37	25	42	42
Y_Contig_135	1415541	40	35	36	9	41	22	38	42	18	28	29	42	33	18	41	50	38	57	46	37	25	42	42
Y_Contig_135	1415542	40	36	36	9	40	23	38	42	18	28	29	43	31	18	41	49	39	58	46	36	26	42	43
Y_Contig_135	1415543	40	35	34	9	39	24	38	44	19	28	30	42	31	18	42	51	38	58	46	37	26	42	43
Y_Contig_135	1415544	40	35	35	9	39	25	38	44	19	28	30	43	31	18	42	52	38	60	46	37	27	41	45
Y_Contig_135	1415545	40	35	35	9	38	25	38	44	19	28	32	43	30	18	43	51	38	61	46	36	27	42	45
Y_Contig_135	1415546	41	35	35	9	37	26	37	45	20	28	33	42	29	18	43	53	39	61	46	36	28	42	45
Y_Contig_135	1415547	41	35	35	9	37	26	38	44	19	28	33	42	28	18	43	53	38	61	46	36	28	41	45
Y_Contig_135	1415548	41	35	35	9	37	26	38	44	21	28	32	42	28	19	44	53	39	62	46	36	28	41	45
Y_Contig_135	1415549	41	34	35	10	37	26	38	44	22	28	32	42	28	19	44	54	38	63	46	37	27	41	47
Y_Contig_135	1415550	41	34	34	10	37	26	38	43	22	29	33	41	28	19	44	55	37	62	45	37	27	41	47
Y_Contig_135	1415551	42	34	33	10	37	25	37	42	22	28	33	39	28	19	44	55	37	61	44	38	27	41	47
Y_Contig_135	1415552	42	34	33	10	37	26	37	42	22	28	34	38	29	19	44	54	37	61	44	38	27	41	48
Y_Contig_135	1415553	42	34	33	10	37	26	37	42	22	29	34	38	29	18	41	54	37	61	44	37	27	41	48
Y_Contig_135	1415554	42	34	33	10	37	26	38	42	22	29	34	39	29	17	40	55	37	60	44	37	27	41	48
Y_Contig_135	1415555	42	34	33	10	37	25	39	42	22	29	34	39	29	17	40	55	37	60	44	37	27	41	47
Y_Contig_135	1415556	43	35	33	11	37	26	40	42	22	28	35	40	30	17	41	55	38	60	43	37	27	40	48
Y_Contig_135	1415557	43	35	33	11	37	26	40	42	22	28	35	40	30	17	41	54	38	60	43	36	27	40	48
Y_Contig_135	1415558	43	35	33	11	37	26	40	43	22	27	35	39	31	17	40	54	38	60	43	37	26	40	48
Y_Contig_135	1415559	42	35	32	11	38	25	41	43	22	27	35	39	32	16	40	54	38	59	43	37	26	40	48
Y_Contig_135	1415560	42	36	32	11	38	26	41	43	22	27	36	39	32	16	40	54	38	60	43	38	25	39	48
Y_Contig_135	1415561	42	36	32	11	37	26	41	44	21	27	35	39	32	16	39	53	37	60	43	37	25	39	47
Y_Contig_135	1415562	42	35	32	11	37	26	42	43	21	27	35	39	32	16	39	54	36	60	43	37	25	39	47
Y_Contig_135	1415563	42	34	32	11	37	26	43	43	21	29	35	38	32	16	39	54	34	60	42	36	25	40	47
Y_Contig_135	1415564	42	34	32	12	37	26	43	42	21	29	35	39	32	16	39	54	35	60	43	36	25	40	47
Y_Contig_135	1415565	42	33	31	12	37	26	43	42	21	29	35	39	31	16	39	52	35	60	42	36	25	40	47
Y_Contig_135	1415566	42	33	31	13	36	25	44	41	21	27	35	40	31	15	38	52	35	59	42	36	25	42	49
Y_Contig_135	1415567	42	33	32	13	36	26	45	41	22	27	35	40	31	15	38	52	35	59	42	36	25	43	49
Y_Contig_135	1415568	41	33	32	13	36	26	45	42	22	27	35	41	31	14	38	52	36	60	42	35	25	43	49
Y_Contig_135	1415569	41	33	32	13	36	26	45	42	22	27	35	42	31	14	39	52	36	60	42	35	25	43	48
Y_Contig_135	1415570	41	33	32	13	35	26	45	42	22	27	35	43	31	13	38	52	36	59	41	35	24	43	47
Y_Contig_135	1415571	40	33	32	14	35	26	44	42	24	27	36	44	33	14	38	51	36	60	41	35	25	44	46
Y_Contig_135	1415572	41	32	32	14	35	26	44	42	24	27	36	44	31	14	38	51	36	60	40	35	25	44	47
Y_Contig_135	1415573	42	32	32	14	34	26	43	42	24	27	37	43	33	14	38	51	36	60	39	35	25	44	47
Y_Contig_135	1415574	42	32	32	14	35	26	43	42	24	28	37	43	33	14	38	51	36	59	39	35	25	44	48
Y_Contig_135	1415575	42	33	31	14	35	26	43	43	23	29	37	43	33	15	40	49	36	58	38	35	25	44	47
Y_Contig_135	1415576	43	33	31	14	35	26	43	44	24	29	38	43	33	15	40	48	35	59	38	35	25	45	47
Y_Contig_135	1415577	43	33	32	14	35	26	43	44	24	28	39	43	33	15	40	47	36	59	38	35	25	45	47
Y_Contig_135	1415578	43	32	31	14	35	25	43	43	25	27	39	43	31	15	40	46	34	59	38	34	26	44	47
Y_Contig_135	1415579	42	32	32	14	34	26	43	43	25	27	40	43	31	15	40	45	34	59	39	35	26	44	46
Y_Contig_135	1415580	42	32	32	14	34	26	43	43	25	27	40	43	31	15	40	46	34	59	39	35	26	44	46
Y_Contig_135	1415581	39	31	31	16	34	26	43	43	25	27	39	45	31	15	40	46	34	59	40	34	26	44	45
Y_Contig_135	1415582	38	31	31	16	33	26	43	44	26	27	40	46	31	15	41	46	34	59	39	33	25	43	44
Y_Contig_135	1415583	38	31	32	16	33	26	43	44	26	27	40	45	31	15	40	46	34	57	39	33	25	42	45
Y_Contig_135	1415584	39	31	31	16	33	26	44	44	26	27	40	45	32	15	39	46	34	57	39	33	25	42	46
Y_Contig_135	1415585	39	31	31	16	32	26	44	44	26	27	40	45	32	15	39	45	34	58	40	34	26	43	46
Y_Contig_135	1415586	40	32	31	16	32	25	44	44	26	28	42	46	33	16	40	46	34	57	40	35	26	43	46
Y_Contig_135	1415587	41	32	31	16	32	25	44	44	26	28	42	46	33	16	39	46	34	57	40	35	26	43	47
Y_Contig_135	1415588	41	32	31	16	32	25	45	44	26	28	42	45	32	16	39	46	35	57	40	35	25	43	48
Y_Contig_135	1415589	42	32	32	17	32	25	45	44	26	30	42	45	32	16	38	46	34	56	40	35	26	45	49
Y_Contig_135	1415590	42	32	33	18	32	25	45	43	26	30	43	46	34	16	38	45	34	55	39	36	26	46	48
Y_Contig_135	1415591	42	32	32	17	33	25	45	44	27	30	43	46	33	16	37	45	34	54	40	36	26	46	48
Y_Contig_135	1415592	40	32	32	17	33	24	45	45	27	30	44	48	32	16	37	45	34	54	40	36	26	44	48
Y_Contig_135	1415593	40	32	33	17	33	24	45	45	28	29	45	49	32	16	36	45	33	54	40	37	26	44	48
Y_Contig_135	1415594	40	32	33	18	33	23	46	44	28	28	46	49	32	16	36	44	33	53	40	37	27	44	48
Y_Contig_135	1415595	39	33	33	19	36	23	46	45	29	28	46	50	32	15	36	43	32	52	40	38	26	44	47
Y_Contig_135	1415596	39	33	34	19	36	23	47	45	29	28	46	50	31	15	36	43	33	53	40	38	25	44	47
Y_Contig_135	1415597	37	33	35	19	36	24	47	44	29	28	46	49	32	15	35	44	34	53	40	38	27	44	46
Y_Contig_135	1415598	37	33	35	20	37	24	46	43	30	28	46	48	31	17	34	44	34	52	39	39	27	44	46
Y_Contig_135	1415599	37	33	35	21	38	25	46	44	30	28	47	48	32	17	34	43	34	51	39	39	26	43	46
Y_Contig_135	1415600	35	32	35	21	38	25	46	45	29	28	47	50	31	17	34	44	35	51	39	39	26	43	46
Y_Contig_135	1415601	35	32	35	21	38	25	46	45	30	29	47	50	31	17	34	44	36	51	39	39	26	42	46
Y_Contig_135	1415602	35	32	34	21	38	25	45	46	29	29	47	49	31	17	34	43	36	50	38	38	26	42	46
Y_Contig_135	1415603	35	32	33	21	38	26	45	46	29	29	48	48	31	17	34	43	36	50	37	38	25	42	46
Y_Contig_135	1415604	36	31	33	21	38	26	46	48	29	30	48	48	32	17	36	44	36	49	37	38	26	44	45
Y_Contig_135	1415605	34	31	34	21	38	26	49	48	29	30	48	48	32	18	36	45	36	49	39	36	26	44	44
Y_Contig_135	1415606	34	30	34	21	36	25	49	48	29	30	47	48	32	18	36	45	36	49	39	37	26	43	46
Y_Contig_135	1415607	34	30	35	21	36	24	49	48	29	30	48	48	33	18	37	47	36	49	40	37	26	43	46
Y_Contig_135	1415608	34	30	34	21	35	24	49	48	29	30	48	47	34	18	37	47	35	48	40	38	25	43	46
Y_Contig_135	1415609	34	29	34	21	35	24	49	48	29	30	48	48	33	18	37	47	35	48	43	37	25	43	46
Y_Contig_135	1415610	34	29	33	21	34	25	48	48	28	30	48	48	33	18	37	47	35	48	43	37	25	43	46
Y_Contig_135	1415611	34	29	32	21	34	25	48	48	28	29	48	49	33	18	37	48	35	48	43	37	25	43	46
Y_Contig_135	1415612	36	32	32	22	34	25	47	47	29	29	48	49	33	18	37	47	36	48	42	36	24	42	45
Y_Contig_135	1415613	35	33	33	22	34	25	47	47	29	30	48	49	33	19	37	48	36	48	43	37	24	41	45
Y_Contig_135	1415614	35	33	33	21	32	26	46	46	29	30	48	48	33	18	36	48	38	48	44	37	24	42	44
Y_Contig_135	1415615	37	34	33	21	33	26	46	46	28	30	48	48	34	18	36	49	38	48	45	39	24	43	44
Y_Contig_135	1415616	37	34	33	21	33	26	43	46	28	29	49	48	32	18	38	49	37	48	44	39	24	42	44
Y_Contig_135	1415617	37	34	33	21	31	26	43	46	28	29	48	48	32	19	37	49	37	48	44	38	24	42	44
Y_Contig_135	1415618	37	34	33	21	32	26	43	46	29	29	50	49	31	20	38	49	38	49	45	36	24	40	44
Y_Contig_135	1415619	37	34	33	21	32	26	43	47	30	29	50	49	31	20	38	49	39	49	45	39	24	40	44
Y_Contig_135	1415620	38	34	33	21	32	26	43	48	30	29	50	49	31	21	38	49	39	50	42	39	24	40	43
Y_Contig_135	1415621	38	33	33	20	32	26	43	49	30	29	50	49	31	22	36	49	39	50	42	39	24	41	43
Y_Contig_135	1415622	35	35	33	20	31	25	43	49	29	27	50	49	31	22	36	47	39	49	41	40	23	41	43
Y_Contig_135	1415623	35	35	33	20	31	26	43	49	30	27	50	49	32	22	35	47	39	49	41	40	23	40	43
Y_Contig_135	1415624	34	35	31	20	31	25	43	49	30	27	50	49	32	22	35	46	38	48	41	40	23	40	42
Y_Contig_135	1415625	35	35	32	20	31	26	43	51	30	27	51	49	33	23	35	47	38	49	41	40	23	40	42
Y_Contig_135	1415626	35	35	32	20	32	26	43	51	31	27	50	49	33	23	35	47	38	50	42	40	23	40	42
Y_Contig_135	1415627	36	35	32	20	32	26	43	51	31	27	50	49	33	23	35	45	38	49	42	40	24	41	42
Y_Contig_135	1415628	36	34	33	20	32	26	43	51	32	27	49	49	33	23	35	44	38	48	41	40	24	41	42
Y_Contig_135	1415629	36	34	33	22	32	26	44	50	33	28	49	50	34	23	35	44	38	46	42	39	24	42	43
Y_Contig_135	1415630	36	34	32	22	31	26	46	50	33	28	49	50	34	23	35	44	37	47	42	39	24	41	41
Y_Contig_135	1415631	36	34	33	22	31	27	46	49	33	28	50	50	34	23	35	46	37	46	42	39	24	41	40
Y_Contig_135	1415632	36	34	33	21	31	27	47	49	33	28	50	50	34	24	35	47	36	46	42	39	24	40	40
Y_Contig_135	1415633	36	35	33	21	31	26	47	48	32	29	49	51	34	24	35	47	35	46	44	39	24	39	40
Y_Contig_135	1415634	36	34	33	21	30	26	48	48	32	30	49	52	35	24	35	45	35	45	44	39	24	39	41
Y_Contig_135	1415635	37	35	33	21	30	27	48	47	32	29	48	52	35	24	35	45	36	44	43	39	24	38	40
Y_Contig_135	1415636	37	35	32	21	30	27	48	49	32	29	47	52	35	24	37	44	36	43	42	39	23	38	38
Y_Contig_135	1415637	37	36	32	21	30	27	48	48	32	30	47	52	35	24	36	45	36	44	41	39	23	39	38
Y_Contig_135	1415638	37	37	32	21	30	27	48	48	32	28	47	51	35	23	36	46	35	44	41	39	22	39	38
Y_Contig_135	1415639	37	38	32	21	30	27	48	48	34	29	47	51	37	23	36	46	35	44	42	39	22	39	38
Y_Contig_135	1415640	36	38	32	22	30	28	48	48	33	29	47	51	37	23	36	47	35	44	42	39	22	40	38
Y_Contig_135	1415641	35	36	31	22	30	28	47	48	33	29	47	51	36	24	36	48	34	43	40	39	22	40	37
Y_Contig_135	1415642	37	36	31	22	30	28	47	46	33	29	47	50	37	24	35	50	33	41	41	39	22	39	38
Y_Contig_135	1415643	38	37	31	22	30	28	47	46	33	28	47	49	37	25	35	48	33	41	41	40	24	39	38
Y_Contig_135	1415644	38	37	31	23	30	28	47	45	33	27	47	49	36	24	35	48	34	42	41	40	24	39	38
Y_Contig_135	1415645	38	37	31	23	31	28	48	44	33	27	47	49	37	25	35	49	34	43	42	40	24	39	39
Y_Contig_135	1415646	40	38	31	23	31	28	49	43	33	27	47	49	38	26	36	50	34	43	41	40	24	39	39
Y_Contig_135	1415647	41	38	31	23	32	28	49	44	33	27	47	48	37	26	36	48	34	42	40	40	24	39	39
Y_Contig_135	1415648	41	37	31	23	30	28	49	44	33	27	45	49	37	26	36	48	35	42	41	40	24	40	39
Y_Contig_135	1415649	41	37	31	23	30	28	48	44	34	28	46	49	37	26	35	48	35	41	38	40	24	40	39
Y_Contig_135	1415650	41	37	30	23	29	28	48	45	35	28	46	50	37	26	35	49	35	41	38	40	23	40	37
Y_Contig_135	2307146	51	23	33	29	37	29	42	41	28	38	31	41	42	28	58	40	42	46	43	31	26	58	41
Y_Contig_135	2307147	51	23	34	29	38	28	41	41	29	38	31	41	42	28	58	40	42	46	43	29	26	58	42
Y_Contig_135	2307148	51	22	34	29	37	28	41	41	29	38	30	43	42	28	58	40	42	45	45	29	27	59	42
Y_Contig_135	2307149	52	22	33	28	38	28	41	41	29	38	30	43	42	28	56	39	42	46	45	28	27	60	41
Y_Contig_135	2307150	52	22	33	28	36	28	41	42	30	38	30	42	42	29	56	38	42	45	45	29	27	59	42
Y_Contig_135	2307151	53	22	32	28	36	28	40	41	30	38	30	41	42	29	56	38	42	45	45	29	27	59	42
Y_Contig_135	2307152	52	22	31	29	36	28	40	42	32	38	29	41	41	29	57	39	44	44	46	30	26	59	42
Y_Contig_135	2307153	51	22	31	30	36	28	40	42	32	38	30	42	41	29	55	40	44	44	45	30	26	60	42
Y_Contig_135	2307154	50	22	31	31	37	28	40	42	32	38	31	42	39	27	55	40	44	44	44	30	26	61	42
Y_Contig_135	2307155	50	22	31	31	37	29	40	42	32	37	30	42	39	27	55	40	45	45	44	30	26	61	41
Y_Contig_135	2307156	50	21	31	32	36	29	40	43	32	36	30	42	40	27	55	40	45	45	44	30	26	61	41
Y_Contig_135	2307157	50	21	31	33	36	29	39	43	32	36	30	42	39	27	55	41	46	45	44	31	27	61	41
Y_Contig_135	2307158	50	22	31	33	36	29	38	44	33	36	29	42	38	27	56	41	47	44	44	30	27	60	41
Y_Contig_135	2307159	50	22	31	31	35	28	39	43	34	37	29	42	38	29	56	41	47	43	44	30	27	60	41
Y_Contig_135	2307160	50	22	31	31	35	29	39	43	34	37	30	42	38	29	56	43	47	44	46	31	28	60	41
Y_Contig_135	2307161	50	22	31	31	35	30	38	41	34	38	30	43	38	30	58	42	48	46	48	31	28	60	42
Y_Contig_135	2307162	49	23	30	31	36	30	38	40	34	38	30	43	38	30	58	41	50	46	48	31	27	61	42
Y_Contig_135	2307163	49	23	30	31	36	30	38	40	34	37	30	43	38	30	58	41	50	45	48	31	27	61	42
Y_Contig_135	2307164	49	23	30	30	36	30	38	39	34	37	30	44	37	29	58	42	50	45	46	31	27	62	43
Y_Contig_135	2307165	47	22	31	30	36	30	38	39	34	37	30	43	37	29	58	41	49	45	47	32	27	62	43
Y_Contig_135	2307166	47	22	31	30	36	30	38	39	34	36	31	43	36	29	57	41	49	46	47	32	27	61	43
Y_Contig_135	2307167	47	21	30	30	37	30	39	38	34	35	32	43	34	30	57	40	49	46	45	31	27	62	43
Y_Contig_135	2307168	47	21	30	30	38	30	38	38	35	35	32	43	35	30	57	40	49	46	45	31	27	63	44
Y_Contig_135	2307169	47	21	30	30	38	30	38	38	35	35	32	44	35	31	58	40	49	46	44	31	28	63	43
Y_Contig_135	2307170	47	21	30	30	38	29	38	39	35	34	33	44	35	30	58	40	49	46	43	31	28	64	43
Y_Contig_135	2307171	47	20	29	27	40	28	37	39	36	34	33	41	35	29	57	39	49	47	42	31	27	64	41
Y_Contig_135	2307172	47	20	29	27	40	28	37	39	36	34	33	41	35	29	57	40	49	47	42	31	27	65	41
Y_Contig_135	2307173	47	20	29	27	40	28	36	38	36	34	33	40	35	29	57	40	49	47	42	30	27	65	41
Y_Contig_135	2307174	48	19	29	27	40	28	36	38	36	35	32	41	34	29	57	41	49	47	42	30	27	65	42
Y_Contig_135	2307175	48	19	29	27	40	28	35	38	36	36	33	41	33	29	57	40	49	47	42	30	27	65	42
Y_Contig_135	2307176	48	19	30	25	40	29	36	38	36	36	35	41	33	28	57	40	48	46	42	29	26	64	43
Y_Contig_135	2307177	48	19	30	25	40	29	36	38	36	36	35	40	33	29	58	40	48	46	42	29	26	63	43
Y_Contig_135	2307178	47	19	30	24	39	28	36	36	36	36	35	39	33	29	57	38	48	46	43	31	28	62	40
Y_Contig_135	2307179	47	20	30	24	39	28	36	36	36	36	35	40	34	29	59	38	47	46	44	31	28	62	40
Y_Contig_135	2307180	47	20	30	24	39	28	36	36	37	36	37	40	35	29	59	40	47	46	46	31	28	62	40
Y_Contig_135	2307181	46	20	30	24	38	28	35	36	37	36	38	40	35	29	57	41	47	46	46	31	28	62	40
Y_Contig_135	2307182	46	20	30	24	38	29	34	39	37	36	38	40	35	29	57	40	47	46	46	31	27	62	38
Y_Contig_135	2307183	46	20	29	24	38	29	34	39	38	36	38	41	35	29	57	40	48	45	46	31	27	62	37
Y_Contig_135	2307184	46	19	29	24	38	28	33	39	38	36	37	40	36	30	57	41	48	45	45	31	26	62	38
Y_Contig_135	2307185	46	19	30	24	38	28	31	39	38	35	37	40	36	31	59	42	48	46	45	31	25	62	38
Y_Contig_135	2307186	46	19	31	24	39	28	30	39	38	35	37	40	36	31	59	42	48	46	45	31	25	62	37
Y_Contig_135	2307187	45	18	31	24	39	28	29	38	38	35	37	40	35	31	59	41	49	49	45	31	25	61	38
Y_Contig_135	2307188	45	19	31	23	39	28	29	39	39	35	35	40	35	30	60	41	49	48	45	31	25	59	38
Y_Contig_135	2307189	43	18	31	23	38	28	29	39	38	35	34	43	35	30	60	41	49	47	45	32	25	58	37
Y_Contig_135	2307190	43	17	32	24	39	29	29	37	37	35	35	43	35	29	60	41	48	43	45	31	26	56	38
Y_Contig_135	2307191	44	17	33	24	38	29	29	37	37	35	36	42	36	28	60	39	48	43	45	30	26	58	38
Y_Contig_135	2307192	44	17	33	24	38	28	28	36	37	35	36	42	36	28	59	40	48	43	44	31	26	58	38
Y_Contig_135	2307193	45	17	34	25	36	28	28	35	37	35	36	42	36	28	58	40	47	44	45	31	26	58	38
Y_Contig_135	2307194	47	17	34	25	36	29	28	35	37	36	36	42	36	28	58	40	47	45	45	32	26	58	38
Y_Contig_135	2307195	47	17	34	25	36	29	25	35	36	36	37	41	35	28	57	40	47	45	45	32	26	59	38
Y_Contig_135	2307196	47	17	34	26	36	29	26	35	36	36	38	41	35	29	56	40	46	45	46	32	26	57	37
Y_Contig_135	2307197	47	18	34	25	35	28	26	35	35	36	38	41	35	29	54	40	46	45	47	32	25	57	35
Y_Contig_135	2307198	47	18	34	25	35	28	26	33	35	35	37	41	35	29	55	40	46	45	47	32	25	57	37
Y_Contig_135	2307199	46	18	34	25	35	27	26	33	35	35	37	41	34	29	55	40	47	46	47	32	25	56	36
Y_Contig_135	2307200	47	18	35	25	35	27	26	34	35	35	37	42	35	28	56	41	46	46	45	32	25	56	36
Y_Contig_135	2307201	46	18	35	26	35	27	26	34	35	34	37	42	35	28	57	40	47	46	45	33	25	56	37
Y_Contig_135	2307202	46	19	35	26	34	26	26	35	35	34	36	44	34	27	57	39	47	45	45	33	25	55	37
Y_Contig_135	2307203	47	19	35	26	34	25	26	35	35	34	36	44	34	27	57	39	48	45	45	33	26	55	37
Y_Contig_135	2307204	47	19	35	26	34	25	26	35	34	34	36	44	34	26	57	39	48	45	45	33	26	55	36
Y_Contig_135	2307205	46	19	35	26	35	25	26	35	35	34	36	44	35	25	57	40	47	45	46	34	26	54	34
Y_Contig_135	2307206	47	19	35	26	34	25	27	35	35	34	36	44	36	25	56	40	46	45	45	33	25	52	34
Y_Contig_135	2307207	49	19	34	24	34	25	26	34	35	34	36	42	35	25	55	40	46	46	43	33	25	52	34
Y_Contig_135	2307208	48	19	34	24	35	25	26	34	34	34	36	42	34	25	55	40	46	46	43	33	25	52	34
Y_Contig_135	2307209	48	19	33	24	35	26	26	34	34	34	36	42	35	25	54	40	46	46	42	33	25	53	36
Y_Contig_135	2307210	48	19	33	23	35	26	26	33	33	34	36	41	34	25	53	40	47	46	41	32	25	53	36
Y_Contig_135	2307211	48	19	33	22	35	26	26	34	33	33	36	41	34	25	53	40	47	46	42	33	25	53	36
Y_Contig_135	2307212	49	18	32	22	35	26	26	35	34	32	36	40	34	25	53	40	47	46	42	33	25	53	36
Y_Contig_135	2307213	49	18	33	23	36	26	27	35	34	32	36	40	34	25	54	42	47	47	41	32	25	53	36
Y_Contig_135	2307214	49	17	34	23	35	26	26	35	34	31	35	40	36	24	56	42	48	48	41	32	25	53	36
Y_Contig_135	2307215	46	17	34	23	35	27	26	35	34	31	35	40	37	24	57	42	48	49	43	31	25	52	37
Y_Contig_135	2307216	46	17	34	23	35	27	26	35	33	31	35	40	37	24	56	43	48	47	43	30	25	52	37
Y_Contig_135	2307217	46	17	34	23	35	27	26	34	33	31	35	41	37	24	56	43	49	47	43	30	25	51	37
Y_Contig_135	2307218	46	17	35	23	34	27	26	35	33	31	34	41	37	24	55	43	50	48	43	30	25	50	37
Y_Contig_135	2307219	46	18	35	22	34	27	27	34	35	31	34	41	37	24	56	43	50	48	42	30	25	51	37
Y_Contig_135	2307220	46	18	36	22	34	27	27	34	35	32	34	41	37	24	55	43	50	47	42	30	25	50	36
Y_Contig_135	2307221	46	18	36	22	34	26	27	35	35	32	35	41	38	24	54	44	50	48	42	30	25	50	38
Y_Contig_135	2307222	46	19	37	22	34	26	28	35	36	32	36	40	38	24	54	44	51	48	42	30	25	49	38
Y_Contig_135	2307223	46	19	37	22	36	26	27	35	36	32	36	40	38	24	55	43	51	48	42	31	25	49	39
Y_Contig_135	2307224	46	20	37	23	36	26	27	35	35	32	35	40	38	24	53	43	51	48	42	31	25	49	39
Y_Contig_135	2307225	45	20	36	23	36	25	25	34	34	33	35	40	38	25	54	43	50	48	42	29	25	49	38
Y_Contig_135	2307226	46	21	36	23	36	25	25	34	34	33	35	41	39	25	54	44	51	47	42	29	25	49	38
Y_Contig_135	2307227	46	21	36	23	35	25	25	33	34	33	35	41	39	25	54	45	50	47	42	30	25	49	38
Y_Contig_135	2307228	46	21	35	23	34	25	25	33	34	33	35	41	39	24	54	45	50	47	43	30	25	49	38
Y_Contig_135	2307229	46	22	35	23	34	25	25	33	34	32	35	41	40	24	53	45	51	47	43	30	25	49	39
Y_Contig_135	2307230	46	22	34	22	33	25	26	33	34	32	35	41	40	23	51	44	51	49	43	30	25	48	37
Y_Contig_135	2307231	46	22	34	21	34	24	26	33	34	33	36	41	40	23	52	44	51	49	43	31	25	48	38
Y_Contig_135	2307232	47	22	34	22	35	25	27	34	35	33	36	41	39	23	50	44	51	49	43	31	25	48	39
Y_Contig_135	2307233	47	22	34	22	35	26	27	34	35	33	36	42	39	23	50	43	50	48	43	31	26	48	39
Y_Contig_135	2307234	47	22	34	21	35	26	26	33	35	33	36	41	38	23	49	43	50	47	43	31	26	47	38
Y_Contig_135	2307235	48	22	34	22	36	26	25	33	38	34	36	41	38	23	50	45	51	47	43	32	26	47	38
Y_Contig_135	2307236	47	23	34	23	36	25	25	33	37	34	36	40	38	23	50	45	52	48	44	32	26	47	39
Y_Contig_135	2307237	46	23	32	24	34	25	25	32	37	34	36	40	38	23	50	44	52	47	42	32	26	48	39
Y_Contig_135	2307238	46	23	32	24	34	23	25	31	38	34	37	40	38	23	49	44	51	47	42	32	26	48	39
Y_Contig_135	2307239	46	23	32	24	34	23	25	31	37	34	37	41	36	23	49	43	51	47	42	32	26	49	39
Y_Contig_135	2307240	46	22	32	23	34	23	23	31	37	32	36	40	36	23	48	43	51	46	42	32	26	48	39
Y_Contig_135	2307241	45	22	32	23	34	23	23	31	37	31	36	39	36	23	48	43	51	46	42	32	27	48	39
Y_Contig_135	2307242	44	22	31	23	35	23	23	31	37	31	36	39	35	24	49	43	50	45	42	31	27	48	39
Y_Contig_135	2307243	45	23	31	24	35	23	23	31	37	31	37	39	35	25	48	44	50	45	42	31	28	48	39
Y_Contig_135	2307244	45	23	29	24	35	23	22	31	37	31	37	38	35	25	48	44	50	45	41	31	28	48	39
Y_Contig_135	2307245	44	24	30	24	37	23	22	30	36	32	37	39	35	25	48	46	50	45	42	31	28	47	39
Y_Contig_135	2307246	44	24	30	24	37	24	22	30	36	31	37	40	35	26	48	46	50	44	43	32	28	47	39
Y_Contig_135	2307247	43	24	30	24	37	24	21	30	35	31	37	38	34	26	47	44	51	44	43	32	28	47	38
Y_Contig_135	2307248	43	24	30	24	37	23	21	30	35	31	38	38	35	26	47	44	51	44	41	32	28	47	38
Y_Contig_135	2307249	42	24	29	23	36	24	20	30	35	30	38	37	35	26	48	45	52	44	41	33	27	46	39
Y_Contig_135	2307250	41	24	29	24	36	23	20	32	35	29	39	37	36	27	49	45	53	45	42	33	27	44	38
Y_Contig_135	2307251	41	24	28	24	36	23	19	32	35	29	39	37	35	27	49	46	51	46	43	33	27	45	38
Y_Contig_135	2307252	40	24	28	23	36	23	19	31	35	28	39	37	34	27	49	46	50	46	43	33	26	45	38
Y_Contig_135	2307253	39	25	27	24	37	25	19	31	37	27	40	38	33	27	49	47	50	48	43	33	27	45	38
Y_Contig_135	2307254	39	24	28	24	37	25	20	32	38	27	39	38	32	26	49	45	49	48	44	34	27	46	38
Y_Contig_135	2307255	39	24	27	24	39	25	20	32	38	27	39	38	32	26	49	48	48	47	44	34	27	46	38
Y_Contig_135	2307256	39	24	27	24	39	25	20	33	37	28	41	38	32	26	49	48	48	47	44	34	27	46	38
Y_Contig_135	2307257	39	24	27	24	39	26	20	32	37	28	43	38	32	26	48	48	47	47	44	34	27	46	38
Y_Contig_135	2307258	40	24	27	24	39	25	20	32	37	27	43	39	32	27	47	47	47	47	43	35	27	44	38
Y_Contig_135	2307259	40	25	27	24	39	24	19	32	37	26	42	39	33	27	47	48	47	49	43	35	27	44	38
Y_Contig_135	2307260	40	25	26	24	39	24	19	32	36	26	42	39	33	27	46	48	47	49	43	34	27	44	38
Y_Contig_135	2307261	40	25	27	24	41	24	18	30	36	25	43	39	34	27	46	49	46	49	42	34	26	44	38
Y_Contig_135	2307262	39	25	28	24	41	24	18	30	37	27	44	40	34	27	45	48	46	49	42	34	26	43	38
Y_Contig_135	2307263	38	25	28	24	41	23	18	30	37	27	42	40	34	26	45	48	45	49	42	34	26	43	38
Y_Contig_135	2307264	38	25	29	24	41	23	18	30	37	27	41	41	34	26	46	48	45	50	43	32	26	43	37
Y_Contig_135	2307265	39	25	29	25	41	23	18	31	37	27	41	40	33	26	47	49	46	50	42	33	26	42	38
Y_Contig_135	2307266	39	25	29	25	41	23	18	32	37	28	42	40	33	25	48	49	46	49	42	32	26	42	39
Y_Contig_135	2307267	39	24	29	25	40	23	18	32	36	28	42	40	33	25	49	49	46	47	41	32	27	42	39
Y_Contig_135	2307268	37	24	29	27	40	23	18	32	35	29	42	40	32	25	49	49	46	47	39	32	26	42	39
Y_Contig_135	2307269	36	24	28	27	40	23	18	32	34	29	42	40	32	26	48	49	46	49	39	33	26	41	39
Y_Contig_135	2307270	35	23	27	27	37	23	18	31	34	28	42	36	30	26	47	51	44	47	39	33	26	41	38
Y_Contig_135	2307271	35	23	27	27	38	23	18	32	34	28	43	37	31	26	50	51	44	47	39	33	26	41	38
Y_Contig_135	2307272	35	23	27	27	38	23	19	32	34	28	43	37	31	26	50	51	44	48	38	33	26	41	38
Y_Contig_135	2307273	35	23	27	27	38	23	19	32	35	29	43	39	31	26	52	51	43	48	38	33	26	40	38
Y_Contig_135	2307274	35	23	27	28	39	23	21	32	35	28	43	39	31	26	52	51	43	49	38	33	27	40	38
Y_Contig_135	2307275	35	23	27	29	39	23	21	32	35	28	44	40	31	26	53	49	43	49	38	33	27	40	38
Y_Contig_135	2307276	34	23	27	30	39	24	22	33	35	27	44	40	29	26	53	50	43	49	39	34	27	40	38
Y_Contig_135	2307277	35	23	27	30	39	24	22	33	36	27	44	41	29	26	54	50	43	49	38	34	26	40	38
Y_Contig_135	2307278	36	23	27	31	39	24	22	34	36	27	45	41	28	26	54	51	43	49	38	35	25	41	38
Y_Contig_135	2307279	35	23	27	31	40	24	22	34	36	27	45	41	28	26	53	51	44	49	38	36	25	41	38
Y_Contig_135	2307280	34	23	27	30	40	24	22	34	36	28	44	41	30	26	54	51	44	48	38	35	24	40	38
Y_Contig_135	2307281	35	23	28	30	39	24	24	34	35	28	44	41	30	26	54	51	45	47	38	35	23	41	38
Y_Contig_135	2307282	35	23	28	30	39	24	24	34	35	28	44	41	30	26	54	51	44	47	37	34	23	41	38
Y_Contig_135	2307283	35	24	28	30	38	24	24	35	35	28	44	41	29	26	53	51	43	47	37	31	23	41	37
Y_Contig_135	2307284	35	24	28	32	37	24	24	35	35	30	42	41	29	26	52	50	44	47	36	31	22	40	37
Y_Contig_135	2307285	36	24	28	32	37	24	24	35	34	29	43	42	30	26	52	50	43	47	36	31	22	40	37
Y_Contig_135	2307286	36	24	28	32	38	25	24	36	32	29	43	42	30	26	52	50	42	48	36	31	20	40	37
Y_Contig_135	2307287	35	24	28	33	38	25	27	35	33	29	43	42	31	26	52	51	42	48	36	31	20	40	39
Y_Contig_135	2307288	35	24	28	33	38	25	27	35	33	29	43	40	30	24	52	50	42	47	36	31	20	40	38
Y_Contig_135	2307289	35	24	28	34	38	25	28	35	34	28	43	41	30	23	51	50	43	47	35	31	20	40	38
Y_Contig_135	2307290	35	24	29	35	38	25	30	35	35	28	44	41	30	24	50	50	45	47	35	33	19	40	38
Y_Contig_135	2307291	35	24	29	34	38	25	30	39	34	29	45	42	30	24	50	51	43	48	35	33	19	39	38
Y_Contig_135	2307292	35	24	30	33	38	25	31	39	34	29	47	42	30	23	50	51	43	49	35	33	20	41	38
Y_Contig_135	2307293	35	24	29	33	38	25	31	39	34	29	47	42	29	23	49	51	44	49	33	33	20	40	37
Y_Contig_135	2307294	35	24	30	33	38	25	31	38	34	29	48	43	29	22	50	50	43	49	32	32	20	41	36
Y_Contig_135	2307295	36	23	30	31	38	26	31	39	34	28	48	41	29	22	50	50	43	48	32	32	19	41	36
Y_Contig_135	2307296	35	23	30	31	38	25	31	39	34	28	49	40	29	22	50	50	42	49	32	33	18	41	35
Y_Contig_135	2307297	35	23	30	31	37	25	32	39	33	28	51	39	29	22	50	50	43	49	32	33	18	41	35
Y_Contig_135	2307298	36	23	30	31	37	25	32	40	33	28	51	38	29	23	50	50	44	49	31	33	18	40	35
Y_Contig_135	2307299	35	23	30	31	36	25	32	40	34	28	51	39	29	23	50	50	45	48	32	33	18	39	35
Y_Contig_135	2307300	35	23	30	31	37	25	33	39	33	28	51	39	29	22	49	51	44	48	31	32	20	39	34
Y_Contig_135	2307301	34	23	30	31	37	25	33	38	33	28	52	39	28	22	49	51	44	48	31	32	20	41	34
Y_Contig_135	2307302	34	23	30	30	37	25	33	37	31	28	52	39	29	22	48	50	42	48	31	31	20	41	35
Y_Contig_135	2307303	35	23	29	28	36	27	34	37	33	28	51	38	29	22	49	49	43	48	31	31	20	39	34
Y_Contig_135	2307304	36	23	29	28	36	27	34	38	33	28	51	38	29	22	49	49	43	48	31	31	21	39	36
Y_Contig_135	2307305	37	23	29	28	36	26	34	37	33	29	51	38	29	22	50	50	42	47	31	31	21	39	36
Y_Contig_135	2307306	37	23	29	26	36	26	34	37	34	29	51	38	28	23	50	49	42	47	32	32	20	39	36
Y_Contig_135	2307307	37	22	29	26	36	26	34	37	33	29	51	38	28	23	49	49	40	47	32	32	20	39	36
Y_Contig_135	2307308	37	22	30	26	36	26	34	36	35	29	51	38	29	24	48	51	40	47	32	32	20	40	36
Y_Contig_135	2307309	36	22	29	26	36	26	33	36	34	28	51	38	29	23	48	51	39	47	31	32	20	40	36
Y_Contig_135	2307310	36	22	29	26	36	24	33	36	33	28	50	38	29	23	48	49	39	46	30	31	19	40	36
Y_Contig_135	2307311	36	22	30	26	37	23	37	36	33	27	50	37	30	23	47	49	38	44	28	33	19	41	34
Y_Contig_135	2307312	36	21	30	26	36	23	37	37	33	27	50	37	30	23	47	49	36	44	27	32	19	40	34
Y_Contig_135	2307313	36	21	29	26	36	22	37	38	33	27	51	36	30	23	47	49	36	45	27	30	19	40	34
Y_Contig_135	2307314	36	21	29	26	37	22	38	38	33	27	51	37	30	24	47	50	37	45	28	32	19	40	33
Y_Contig_135	2307315	36	23	29	26	37	22	38	38	33	27	51	39	31	25	47	50	37	46	28	32	19	40	33
Y_Contig_135	2307316	36	23	29	26	36	22	39	39	33	27	50	39	32	25	47	50	37	46	28	32	19	41	33
Y_Contig_135	2307317	36	23	30	26	36	21	38	38	32	28	49	39	32	24	48	50	38	46	29	32	19	40	33
Y_Contig_135	2307318	36	23	31	26	35	21	38	38	31	28	49	39	31	24	47	50	38	46	29	32	19	39	32
Y_Contig_135	2307319	36	25	31	26	36	21	38	38	31	28	49	38	31	23	47	50	38	47	30	32	19	39	32
Y_Contig_135	2307320	37	25	31	26	35	21	38	37	31	29	49	38	32	23	47	50	38	47	30	33	19	39	32
Y_Contig_135	2307321	37	25	31	26	34	21	38	38	30	29	51	38	33	23	47	49	38	45	30	34	19	40	32
Y_Contig_135	2307322	36	25	31	26	34	21	38	38	30	29	51	38	33	23	47	48	38	45	30	34	19	39	32
Y_Contig_135	2307323	37	25	30	26	33	21	38	38	31	29	51	37	34	24	46	47	39	45	30	34	20	39	33
Y_Contig_135	2307324	36	25	30	26	33	21	37	38	31	28	51	37	35	24	46	47	39	45	31	34	20	39	32
Y_Contig_135	2307325	36	25	30	26	33	21	37	38	31	27	50	37	35	23	46	47	39	45	31	34	20	39	32
Y_Contig_135	2307326	36	25	31	27	33	22	36	38	31	28	48	38	38	23	46	46	37	45	31	35	20	38	32
Y_Contig_135	2307327	36	25	31	27	33	22	36	38	30	28	47	38	38	23	47	46	36	45	29	33	18	38	32
Y_Contig_135	2307328	36	25	31	27	33	22	36	38	30	28	47	38	38	23	47	46	36	45	30	33	19	39	33
Y_Contig_135	2307329	36	25	31	28	33	21	36	38	30	28	48	37	37	23	45	46	36	45	31	33	19	39	33
Y_Contig_135	2307330	36	26	31	28	33	21	36	38	30	28	48	37	36	23	45	44	36	45	30	34	19	39	34
Y_Contig_135	2307331	35	26	31	28	33	22	37	37	30	28	48	39	37	23	44	44	36	48	30	35	19	40	35
Y_Contig_135	2307332	35	25	31	28	33	21	37	35	31	29	48	38	37	23	44	44	35	49	31	35	19	40	35
Y_Contig_135	2307333	36	24	32	28	33	21	37	36	30	30	48	38	37	23	45	44	35	49	31	35	19	40	35
Y_Contig_135	2307334	36	24	32	28	34	22	37	37	30	30	47	38	36	22	45	43	35	49	31	35	19	39	34
Y_Contig_135	2307335	37	24	32	28	34	23	38	37	30	30	47	38	36	21	44	43	35	48	31	38	19	39	35
Y_Contig_135	2307336	38	24	32	28	33	23	38	37	30	30	48	38	36	21	43	43	36	49	32	38	20	39	36
Y_Contig_135	2307337	38	24	32	28	32	23	38	37	29	31	48	36	36	21	43	44	37	46	31	41	20	40	35
Y_Contig_135	2307338	38	23	32	28	33	24	38	36	29	31	48	36	36	21	42	46	37	46	31	41	21	39	35
Y_Contig_135	2307339	38	24	32	29	33	24	38	36	30	31	47	35	36	21	42	46	37	46	31	40	22	40	34
Y_Contig_135	2307340	38	24	31	29	33	24	38	36	30	31	48	35	37	21	43	46	37	46	31	40	21	43	34
Y_Contig_135	2307341	37	24	30	29	34	24	39	37	30	31	47	35	37	21	44	46	37	46	32	39	21	42	35
Y_Contig_135	2307342	37	24	31	28	33	24	39	37	30	31	48	35	37	21	44	46	37	45	32	40	21	41	35
Y_Contig_135	2307343	35	24	31	29	33	23	39	36	30	30	49	37	37	21	45	47	38	45	30	39	21	42	35
Y_Contig_135	2307344	35	24	31	29	33	23	39	38	30	30	50	37	37	21	45	48	38	44	30	39	21	43	35
Y_Contig_135	2307345	34	24	31	29	33	23	39	38	30	30	49	37	37	21	45	48	38	44	30	39	21	42	35
Y_Contig_135	2307346	35	25	31	28	33	23	39	38	30	30	49	37	37	20	45	48	39	44	31	39	21	42	35
Y_Contig_135	2307347	35	24	31	28	34	23	39	38	31	31	49	37	37	22	46	47	39	45	31	39	21	42	35
Y_Contig_135	2307348	36	25	31	28	34	25	39	38	31	31	49	37	37	22	45	47	39	44	32	40	21	42	33
Y_Contig_135	2307349	36	25	31	27	35	26	39	38	31	31	49	37	37	22	45	47	38	43	33	41	21	42	33
Y_Contig_135	2307350	35	25	31	27	35	26	39	37	31	30	50	36	36	22	44	46	39	44	34	42	22	42	34
Y_Contig_135	2307351	35	25	31	27	35	28	40	37	31	30	50	35	38	23	43	47	37	43	34	41	20	41	33
Y_Contig_135	2307352	35	25	31	27	35	28	40	36	31	30	50	34	38	23	43	47	38	43	34	41	21	42	33
Y_Contig_135	2307353	34	25	30	27	35	28	40	36	31	32	51	34	39	24	43	47	37	43	34	41	21	43	33
Y_Contig_135	2307354	33	25	31	28	34	28	39	36	30	34	50	34	39	24	42	46	37	44	33	40	21	44	33
Y_Contig_135	2307355	33	25	31	29	34	28	39	36	31	34	50	35	39	24	43	46	37	44	34	41	21	45	33
Y_Contig_135	2307356	32	25	31	29	34	28	39	37	31	34	50	35	39	24	43	46	37	45	34	41	22	45	33
Y_Contig_135	2307357	33	25	31	29	34	28	40	37	31	34	50	36	39	24	43	46	38	45	34	41	22	46	33
Y_Contig_135	2307358	33	25	31	30	33	27	40	37	31	34	50	39	41	24	41	47	37	45	35	42	22	45	32
Y_Contig_135	2307359	33	25	32	31	33	27	40	37	31	34	52	39	42	25	42	47	38	45	36	43	22	45	31
Y_Contig_135	2307360	34	25	32	33	33	27	40	37	32	34	52	39	42	25	43	48	38	46	36	43	22	46	31
Y_Contig_135	2307361	34	25	32	33	33	27	41	36	32	35	52	40	42	25	44	48	38	46	35	42	22	46	31
Y_Contig_135	2307362	33	25	31	33	32	26	41	36	31	35	52	40	42	25	44	48	38	45	35	42	22	46	31
Y_Contig_135	2307363	35	26	31	34	32	26	40	36	31	35	52	40	42	26	45	47	38	44	36	43	22	46	32
Y_Contig_135	2307364	35	26	30	34	32	26	40	36	31	36	53	40	41	26	43	47	38	43	36	44	22	46	33
Y_Contig_135	2307365	35	26	30	34	32	25	40	36	31	36	53	40	40	26	43	47	38	43	34	44	22	46	32
Y_Contig_135	2307366	35	25	29	35	32	25	40	36	32	36	54	40	40	26	44	47	39	43	34	45	23	46	32
Y_Contig_135	2307367	35	25	29	35	32	25	40	37	33	36	55	39	40	25	44	47	37	43	34	45	23	46	32
Y_Contig_135	2307368	35	24	30	36	32	26	39	37	31	37	55	39	40	25	43	48	38	42	34	45	23	45	33
Y_Contig_135	2307369	37	24	30	38	32	27	40	40	31	37	55	40	40	25	43	49	40	42	35	46	23	46	33
Y_Contig_135	2307370	37	24	30	38	33	27	40	40	31	37	55	41	41	25	43	50	41	42	35	46	24	46	34
Y_Contig_135	2307371	37	24	29	38	33	26	40	40	30	37	53	42	40	25	43	51	40	40	35	46	24	46	35
Y_Contig_135	2307372	37	24	29	38	33	27	39	40	30	37	54	44	40	25	44	51	40	40	35	46	24	47	35
Y_Contig_135	2307373	37	23	29	37	31	27	39	40	30	37	55	44	39	25	43	51	40	40	35	45	24	47	34
Y_Contig_135	2307374	38	23	30	37	31	27	39	40	30	37	56	45	40	25	43	52	42	40	36	45	24	46	34
Y_Contig_135	2307375	38	23	30	37	31	27	39	40	30	36	56	45	40	24	42	52	42	40	36	45	24	47	34
Y_Contig_135	2307376	38	23	30	37	32	28	39	41	31	36	58	45	40	24	42	52	42	40	37	46	24	47	34
Y_Contig_135	2307377	38	23	31	37	32	28	39	41	31	36	58	45	40	24	42	51	42	40	37	47	24	46	35
Y_Contig_135	2307378	39	23	31	37	32	28	39	41	31	37	58	45	40	24	42	51	42	40	37	47	24	47	35
Y_Contig_135	2307379	39	22	31	38	32	28	39	40	31	38	58	44	39	24	42	51	41	39	40	47	25	48	35
Y_Contig_135	2307380	39	23	31	38	32	28	38	41	33	39	58	44	40	25	43	51	43	39	40	47	25	49	33
Y_Contig_135	2307381	39	23	32	38	31	28	38	41	34	38	57	44	40	26	42	53	44	40	40	46	25	49	33
Y_Contig_135	2307382	38	23	32	37	31	26	37	40	33	38	58	44	41	26	42	54	44	40	41	46	24	49	34
Y_Contig_135	2307383	39	23	32	37	31	27	37	40	34	38	59	43	41	26	42	54	44	40	42	46	24	49	34
Y_Contig_135	2307384	38	23	32	37	29	27	37	41	34	39	59	43	42	26	42	52	44	40	42	45	24	49	35
Y_Contig_135	2307385	40	23	33	36	29	27	38	42	31	38	59	44	42	26	42	52	43	41	43	46	23	49	34
Y_Contig_135	2307386	41	22	33	35	29	28	36	44	33	38	60	44	42	26	43	52	43	40	42	46	23	49	33
Y_Contig_135	2307387	41	22	33	35	29	28	36	44	33	37	60	44	42	26	43	52	43	40	42	46	23	48	33
Y_Contig_135	2307388	42	22	33	36	29	28	36	44	33	37	59	45	43	26	43	52	43	40	43	47	23	48	34
Y_Contig_135	2307389	42	22	33	36	29	29	36	45	33	37	59	45	43	26	43	52	43	40	44	47	23	47	35
Y_Contig_135	2307390	43	22	33	37	30	29	37	45	33	37	59	45	44	26	44	52	43	41	46	48	24	47	34
Y_Contig_135	2307391	43	21	33	37	27	29	37	46	34	34	59	46	44	25	44	52	44	41	46	49	22	47	34
Y_Contig_135	2307392	43	21	33	37	27	29	37	46	34	34	58	47	44	24	44	52	45	41	47	49	22	47	34
Y_Contig_135	2307393	43	21	33	36	27	29	37	46	35	34	57	47	44	24	45	51	45	41	47	49	22	47	34
Y_Contig_135	2307394	43	22	35	36	28	29	38	46	35	34	60	47	44	24	45	51	45	42	47	49	22	47	34
Y_Contig_135	2307395	43	22	34	36	29	30	38	46	39	34	60	48	44	26	44	49	45	43	47	48	23	47	34
Y_Contig_135	2307396	43	22	34	36	28	31	38	46	39	35	60	47	44	25	44	50	45	43	46	48	24	47	34
Y_Contig_135	2307397	43	21	34	36	29	31	38	46	39	35	59	47	43	25	46	50	44	42	46	48	24	47	34
Y_Contig_135	2307398	44	21	36	37	29	30	39	45	39	35	59	48	44	25	46	52	44	43	46	47	24	47	34
Y_Contig_135	2307399	43	21	37	37	29	31	39	46	39	35	60	48	44	25	46	53	43	43	46	47	24	47	34
Y_Contig_135	2307400	45	21	38	37	30	31	39	45	39	35	59	48	43	24	46	53	42	44	47	48	25	48	34
Y_Contig_135	2307401	45	21	38	37	30	31	39	45	39	36	59	48	44	24	46	52	42	44	47	48	24	47	34
Y_Contig_135	2307402	46	20	39	37	29	31	39	45	39	37	58	48	45	24	46	51	42	44	47	48	24	47	34
Y_Contig_135	2307403	46	20	40	36	29	30	39	45	37	37	59	48	45	24	47	51	42	42	47	48	24	46	34
Y_Contig_135	2307404	46	20	39	36	30	30	38	44	36	37	59	47	46	24	47	52	43	42	47	49	24	47	34
Y_Contig_135	2307405	46	20	39	36	29	30	38	44	36	37	59	47	46	23	47	49	43	42	47	49	23	47	34
Y_Contig_135	2307406	46	20	39	37	29	30	37	43	36	36	57	47	46	23	47	50	43	42	47	49	25	47	34
Y_Contig_135	2307407	46	21	40	37	29	30	38	44	37	36	55	47	47	23	47	50	44	43	48	49	26	46	34
Y_Contig_135	2307408	45	20	41	37	29	30	39	43	38	36	55	46	47	23	47	50	44	43	48	48	26	48	36
Y_Contig_135	2307409	45	20	41	37	28	30	39	42	38	36	54	46	46	23	47	49	43	42	48	48	26	48	36
Y_Contig_135	2307410	45	20	40	38	27	30	39	42	39	36	54	46	45	23	47	48	43	42	49	48	26	48	36
Y_Contig_135	2307411	45	20	39	38	27	31	39	42	40	35	54	47	45	23	47	49	44	42	49	48	27	47	36
Y_Contig_135	2307412	45	20	39	38	28	32	39	42	39	34	53	47	45	24	47	49	44	42	49	48	27	47	36
Y_Contig_135	2307413	45	20	38	38	30	32	38	43	39	34	53	47	45	24	48	48	45	40	47	48	27	47	36
Y_Contig_135	2307414	45	21	38	38	30	32	38	43	39	35	53	46	45	24	47	48	45	40	47	49	27	47	36
Y_Contig_135	2307415	42	21	38	37	31	32	39	42	39	35	52	46	45	24	44	47	44	41	48	48	27	47	36
Y_Contig_135	2307416	42	21	38	37	31	33	39	42	39	33	52	46	45	25	44	48	44	41	48	49	26	47	36
Y_Contig_135	2307417	42	21	38	35	31	33	39	42	39	33	53	47	46	24	44	48	45	41	49	48	27	48	37
Y_Contig_135	2307418	42	21	38	35	31	33	39	42	39	34	53	47	47	24	44	48	46	41	49	48	27	48	37
Y_Contig_135	2307419	42	21	38	36	31	33	39	42	42	35	52	47	47	24	44	47	46	40	49	49	27	48	38
Y_Contig_135	2307420	42	21	38	36	31	33	39	42	42	35	53	47	47	24	42	46	45	41	49	49	27	47	38
Y_Contig_135	2307421	42	21	38	36	30	33	39	41	42	33	52	47	46	24	42	46	45	41	49	50	27	47	38
Y_Contig_135	2307422	42	21	39	36	30	33	39	42	43	32	52	45	46	24	41	46	45	39	49	50	26	47	38
Y_Contig_135	2307423	43	21	39	36	30	33	39	42	42	32	54	45	46	25	40	46	46	39	49	50	26	47	38
Y_Contig_135	2307424	43	21	39	35	29	33	38	42	42	33	54	45	46	25	41	46	47	38	49	50	26	47	38
Y_Contig_135	2307425	43	21	39	34	29	33	38	42	42	33	53	44	46	25	40	46	47	38	49	50	26	47	38
Y_Contig_135	2307426	43	21	39	33	29	33	38	41	43	32	53	44	46	26	40	45	47	38	49	48	26	47	38
Y_Contig_135	2307427	41	21	38	33	29	33	38	42	43	32	55	45	46	26	40	47	47	39	50	47	26	48	37
Y_Contig_135	2307428	40	21	38	32	29	32	38	41	43	32	54	45	46	26	40	46	48	39	50	47	26	47	37
Y_Contig_135	2307429	41	21	37	32	27	32	37	41	43	32	54	45	46	26	40	46	47	40	50	46	27	47	37
Y_Contig_135	2307430	41	21	37	31	27	32	37	42	43	33	54	45	44	26	40	46	47	41	51	46	27	46	38
Y_Contig_135	2307431	42	21	37	31	27	32	35	42	43	34	55	45	45	26	40	46	47	41	51	46	27	47	38
Y_Contig_135	2307432	42	21	38	31	27	32	36	42	44	34	55	45	45	26	40	47	48	41	51	46	27	47	38
Y_Contig_135	2307433	43	20	38	31	27	32	36	43	44	34	56	45	45	26	40	47	48	41	52	46	27	46	38
Y_Contig_135	2307434	43	20	38	30	27	32	36	43	44	32	55	44	44	26	40	47	47	41	52	46	27	44	38
Y_Contig_135	2307435	43	20	38	31	26	31	35	43	44	32	56	44	43	26	39	49	47	40	52	46	27	45	39
Y_Contig_135	2307436	43	20	38	31	26	31	35	43	44	32	57	44	43	26	39	49	47	40	52	47	28	46	39
Y_Contig_135	2307437	43	20	39	30	26	31	33	43	43	33	58	44	43	26	39	48	48	40	52	48	28	46	38
Y_Contig_135	2307438	43	20	39	30	27	31	32	43	43	33	58	44	43	26	39	48	48	40	52	48	28	45	38
Y_Contig_135	2307439	43	20	38	28	27	33	30	43	42	33	58	43	44	25	39	49	46	39	53	47	28	45	38
Y_Contig_135	2307440	43	19	38	28	27	33	29	43	42	33	58	43	44	25	39	50	45	39	53	46	28	46	37
Y_Contig_135	2307441	43	20	38	28	27	34	29	40	42	33	58	41	43	25	39	49	45	38	53	47	29	47	37
Y_Contig_135	2307442	42	20	37	28	27	34	29	40	42	33	56	41	42	26	39	49	45	37	53	48	28	46	38
Y_Contig_135	2307443	42	20	37	28	27	34	29	40	42	33	56	41	42	26	39	49	44	37	53	48	28	46	39
Y_Contig_135	2307444	41	20	36	28	27	33	29	39	42	33	55	40	42	25	38	49	44	37	53	48	28	45	39
Y_Contig_135	2307445	41	20	36	28	27	33	29	39	42	33	55	40	42	25	39	49	44	37	53	47	28	45	40
Y_Contig_135	2307446	41	20	35	27	27	33	29	40	43	33	54	40	42	25	39	49	44	36	53	47	28	47	40
Y_Contig_135	2307447	41	20	35	27	27	33	28	40	43	33	52	40	42	25	39	49	43	36	53	47	28	47	40
Y_Contig_135	2307448	40	20	36	27	27	33	28	39	43	35	52	40	43	25	39	51	43	37	52	47	28	47	43
Y_Contig_135	2307449	41	20	36	26	27	33	28	39	42	35	52	39	45	24	39	51	42	37	51	47	28	47	43
Y_Contig_135	2307450	41	20	36	27	26	33	27	39	42	35	52	38	45	25	40	50	42	38	52	47	26	47	43
Y_Contig_135	2307451	41	20	38	28	26	33	27	40	42	36	52	38	46	25	40	50	42	38	52	47	26	45	43
Y_Contig_135	2307452	41	20	38	28	27	33	28	41	42	36	53	39	45	25	40	50	42	38	52	47	26	45	42
Y_Contig_135	2307453	40	20	39	28	28	31	25	41	40	36	52	39	46	25	40	51	41	39	53	48	25	45	41
Y_Contig_135	2307454	38	20	40	28	28	31	25	40	40	35	52	39	46	25	40	51	42	39	53	48	26	46	40
Y_Contig_135	2307455	39	20	40	28	28	31	25	40	41	35	52	39	46	25	39	50	42	39	54	48	27	46	40
Y_Contig_135	2307456	39	20	40	28	28	32	25	40	40	35	52	39	46	24	39	50	42	39	53	46	27	46	39
Y_Contig_135	2307457	40	21	40	28	29	32	25	40	40	35	52	39	46	24	39	50	42	39	54	47	27	47	39
Y_Contig_135	2307458	40	22	39	28	29	32	24	40	38	35	52	39	45	22	38	48	42	39	54	48	27	46	39
Y_Contig_135	2307459	40	21	38	28	28	32	22	41	38	35	52	39	45	21	39	49	42	39	54	47	27	45	39
Y_Contig_135	2307460	41	21	38	29	28	32	22	41	38	35	52	39	45	21	39	49	42	39	54	48	27	46	39
Y_Contig_135	2307461	41	21	38	29	28	32	22	40	38	35	52	39	45	21	39	49	42	39	54	47	27	46	39
Y_Contig_135	2307462	41	21	38	29	28	32	22	40	37	35	52	40	45	21	39	49	42	39	54	48	27	46	39
Y_Contig_135	2307463	41	21	38	29	28	33	22	39	37	35	51	39	45	21	39	47	42	38	52	48	27	47	39
Y_Contig_135	2307464	41	20	38	29	27	33	21	39	37	35	51	38	44	19	39	47	41	38	53	47	27	46	41
Y_Contig_135	2307465	42	19	38	29	27	33	21	39	37	36	52	37	43	19	39	47	41	38	53	47	27	46	42
Y_Contig_135	2307466	42	20	38	30	27	33	20	38	37	36	52	37	43	19	39	47	41	38	53	47	27	45	42
Y_Contig_135	2307467	42	20	37	30	27	33	20	38	37	35	53	36	43	19	38	46	40	38	52	47	27	45	42
Y_Contig_135	2307468	43	18	36	30	26	33	20	38	37	36	53	36	43	20	38	46	40	37	51	47	27	45	42
Y_Contig_135	2307469	43	18	36	30	26	33	21	38	37	36	53	36	43	21	39	46	41	37	51	48	28	45	42
Y_Contig_135	2307470	42	18	37	30	26	33	21	38	38	36	52	38	42	21	40	47	41	38	52	47	28	45	41
Y_Contig_135	2307471	42	18	37	30	26	35	22	37	37	37	51	38	41	20	40	48	40	38	52	47	28	44	40
Y_Contig_135	2307472	43	18	37	30	26	35	23	38	37	40	51	38	41	19	42	48	40	38	52	47	28	44	40
Y_Contig_135	2307473	42	18	37	31	27	36	23	38	37	40	51	38	40	19	43	49	41	38	52	47	27	44	40
Y_Contig_135	2307474	42	18	37	32	27	36	24	38	37	40	51	38	39	19	43	49	41	38	51	47	27	44	39
Y_Contig_135	2307475	42	18	37	31	27	36	25	38	38	40	51	38	37	19	43	49	41	38	51	47	27	44	39
Y_Contig_135	2307476	42	20	36	31	28	35	25	38	39	40	52	38	36	20	42	50	43	39	51	46	27	44	41
Y_Contig_135	2307477	42	19	36	31	28	35	25	38	39	40	51	38	36	20	42	51	43	39	50	46	27	44	41
Y_Contig_135	2307478	42	19	36	31	28	35	25	38	39	41	51	38	36	20	42	51	43	40	49	46	28	43	40
Y_Contig_135	2307479	43	19	36	31	28	35	25	40	39	42	50	38	36	20	43	53	43	41	49	45	28	44	39
Y_Contig_135	2307480	43	18	36	31	28	35	25	41	39	42	50	39	36	20	43	52	43	39	51	44	29	44	39
Y_Contig_135	2307481	43	18	36	31	28	34	25	41	40	42	49	37	35	20	44	52	43	38	51	44	29	45	38
Y_Contig_135	2307482	44	18	36	31	28	34	25	41	39	42	50	38	35	20	44	52	43	38	50	43	30	45	38
Y_Contig_135	2307483	44	18	37	33	28	34	24	42	39	41	50	40	36	20	43	52	45	39	50	43	30	45	38
Y_Contig_135	2307484	43	18	37	33	28	33	25	43	39	41	50	40	36	20	43	54	45	39	50	42	30	45	37
Y_Contig_135	2307485	44	18	36	33	28	34	25	44	39	41	50	40	36	20	44	54	46	39	50	42	31	45	39
Y_Contig_135	2307486	43	18	34	33	28	34	26	45	39	42	51	40	36	20	44	54	44	38	49	42	30	44	38
Y_Contig_135	2307487	43	18	35	33	28	34	26	45	39	41	53	40	36	20	44	53	44	38	49	39	31	44	38
