Y_scaffold1	487636	33	34	35	33	29	19	27	40	31	28	37	29	38	40	45	49	39	43	40	30	31	47	49
Y_scaffold1	487637	33	34	35	33	28	19	27	40	30	26	37	29	38	40	46	51	37	43	40	29	31	48	49
Y_scaffold1	487638	33	34	35	33	28	19	26	40	30	26	36	29	38	41	45	51	37	42	40	29	32	48	49
Y_scaffold1	487639	33	34	34	30	27	19	25	40	31	26	37	28	37	42	44	51	38	41	39	29	32	47	50
Y_scaffold1	487640	34	35	35	30	27	19	25	39	31	26	37	28	37	41	44	51	38	39	39	30	32	47	51
Y_scaffold1	487641	35	35	35	30	27	19	25	38	31	27	37	28	37	41	43	51	39	39	38	33	32	48	52
Y_scaffold1	487642	36	35	35	30	27	19	25	38	31	26	37	28	37	41	43	52	39	38	39	33	33	48	52
Y_scaffold1	487643	33	36	35	28	25	19	24	38	31	26	38	27	36	40	43	52	40	36	39	34	33	49	51
Y_scaffold1	487644	32	35	36	28	25	19	23	38	31	26	38	27	36	39	43	53	40	36	39	34	33	49	51
Y_scaffold1	487645	33	36	36	29	25	19	22	38	31	26	38	27	36	38	44	52	40	36	39	33	33	49	52
Y_scaffold1	487646	34	36	36	29	25	19	22	38	31	26	38	28	36	38	44	53	40	37	39	32	34	49	53
Y_scaffold1	487647	34	36	36	29	24	19	22	38	31	26	38	28	36	38	44	53	40	37	39	32	34	49	53
Y_scaffold1	487648	32	36	35	30	25	20	21	38	31	24	38	29	35	38	44	53	39	37	39	31	32	49	53
Y_scaffold1	487649	32	36	35	30	25	20	21	37	31	25	39	29	35	38	44	53	39	37	39	31	32	49	53
Y_scaffold1	487650	31	32	35	31	25	20	21	37	31	25	38	29	35	38	45	51	38	37	40	30	31	47	54
Y_scaffold1	487651	30	32	33	31	25	20	22	37	31	24	38	29	37	38	45	52	38	37	40	30	31	47	54
Y_scaffold1	487652	30	33	33	30	25	20	22	36	31	24	39	29	37	37	45	54	39	37	41	30	31	47	53
Y_scaffold1	487653	30	33	33	30	25	20	22	36	30	25	39	30	37	37	43	54	40	38	41	30	31	46	53
Y_scaffold1	487654	30	33	33	30	25	20	22	36	30	24	39	31	37	37	43	54	40	38	40	31	31	44	53
Y_scaffold1	487655	29	32	33	29	25	20	21	36	30	24	39	31	37	35	42	53	40	36	40	30	30	43	52
Y_scaffold1	487656	29	32	33	29	26	20	21	36	30	23	39	32	37	34	42	54	41	35	40	30	30	43	52
Y_scaffold1	487657	29	32	34	29	28	21	21	36	30	23	39	32	37	34	42	54	40	35	40	29	30	44	53
Y_scaffold1	487658	29	33	34	29	29	22	21	34	29	23	40	33	36	34	42	54	41	35	40	29	30	44	54
Y_scaffold1	487659	29	33	35	29	29	21	22	34	29	23	41	33	37	34	42	54	40	35	40	30	30	43	53
Y_scaffold1	487660	30	33	35	30	29	21	21	34	29	23	41	33	37	34	41	55	40	35	40	31	30	42	53
Y_scaffold1	487661	30	33	35	30	29	21	21	34	29	24	41	33	37	34	40	54	41	35	39	31	30	42	54
Y_scaffold1	487662	30	33	36	30	29	20	19	34	29	24	40	33	37	34	40	54	41	35	39	31	31	42	53
Y_scaffold1	487663	30	33	36	30	28	20	19	34	29	24	40	33	37	33	40	55	42	35	39	34	32	42	53
Y_scaffold1	487664	31	32	36	31	28	19	20	35	29	24	39	33	37	32	40	55	42	35	38	33	31	41	55
Y_scaffold1	487665	30	32	36	29	27	19	20	35	29	24	40	33	37	32	41	55	42	35	38	33	31	41	54
Y_scaffold1	487666	30	32	36	29	28	19	22	35	29	24	40	33	37	32	43	55	42	35	39	33	32	41	55
Y_scaffold1	487667	29	33	36	29	30	19	21	36	27	24	40	33	38	32	43	55	42	35	39	34	32	42	55
Y_scaffold1	487668	29	33	36	29	30	20	21	38	26	24	40	33	38	32	43	55	42	36	39	34	32	42	55
Y_scaffold1	487669	29	33	36	28	30	20	21	38	26	24	41	35	40	32	41	56	42	36	38	34	32	42	55
Y_scaffold1	487670	31	33	36	28	29	20	20	38	25	24	41	35	41	33	41	56	42	36	37	34	32	40	55
Y_scaffold1	487671	31	32	34	28	29	19	20	38	24	25	40	35	41	34	42	56	42	34	37	34	32	40	56
Y_scaffold1	487672	30	32	35	28	29	19	20	38	23	25	40	35	42	34	42	55	41	34	36	32	33	40	56
Y_scaffold1	487673	30	32	34	29	29	19	19	39	23	24	37	35	43	34	42	55	41	34	37	32	32	42	56
Y_scaffold1	487674	31	32	34	28	29	20	19	39	23	24	37	35	43	34	42	55	40	35	37	32	33	42	56
Y_scaffold1	487675	31	33	34	28	30	19	20	39	22	24	38	35	44	34	41	55	41	35	37	32	33	43	56
Y_scaffold1	487676	30	34	33	28	30	19	19	42	22	24	37	35	43	34	39	55	40	35	37	32	34	42	55
Y_scaffold1	487677	29	35	33	29	29	19	18	41	21	24	38	36	43	34	40	55	41	34	38	32	33	42	55
Y_scaffold1	487678	29	36	33	29	29	19	18	43	20	24	39	36	43	34	39	55	41	34	38	31	32	42	54
Y_scaffold1	487679	29	36	33	29	29	18	18	43	20	24	39	37	43	35	40	54	41	34	38	31	31	42	53
Y_scaffold1	487680	29	36	33	30	29	18	18	43	21	23	39	37	44	35	39	55	41	34	37	31	32	42	53
Y_scaffold1	487681	29	37	33	30	29	18	18	46	20	24	38	38	43	35	36	55	42	34	36	30	32	40	54
Y_scaffold1	487682	28	37	33	31	29	18	19	46	20	24	37	38	43	35	33	54	42	35	35	30	32	38	55
Y_scaffold1	487683	28	37	33	31	29	18	19	46	20	24	37	38	42	34	33	53	42	36	35	30	32	38	54
Y_scaffold1	487684	27	38	34	31	29	18	19	47	22	23	38	38	42	34	34	53	42	37	36	30	32	38	54
Y_scaffold1	487685	28	38	35	30	29	18	19	46	22	22	39	38	42	34	34	52	42	36	37	32	32	37	54
Y_scaffold1	487686	29	38	35	30	29	18	19	46	23	22	38	38	42	34	34	52	43	36	36	33	32	37	54
Y_scaffold1	487687	30	38	36	30	29	18	20	46	23	22	39	38	43	34	34	52	43	36	36	33	32	37	55
Y_scaffold1	487688	30	38	34	30	29	18	20	46	23	23	38	38	43	34	33	51	44	36	37	34	32	37	54
Y_scaffold1	487689	30	40	34	30	29	18	20	46	23	25	39	38	43	35	33	51	43	36	38	34	31	38	55
Y_scaffold1	487690	31	41	34	31	29	18	20	48	23	26	39	39	44	35	33	51	43	37	38	34	30	37	55
Y_scaffold1	487691	31	40	34	30	29	18	20	48	23	28	39	38	44	34	33	51	44	36	39	33	29	37	55
Y_scaffold1	487692	31	40	35	30	29	18	20	48	23	28	40	37	44	33	32	51	44	36	38	34	29	37	55
Y_scaffold1	487693	31	40	36	32	29	18	20	47	23	28	40	37	45	33	32	51	45	37	38	34	29	35	57
Y_scaffold1	487694	31	40	36	32	29	17	20	47	23	28	40	37	46	33	32	51	45	36	38	34	29	35	57
Y_scaffold1	487695	31	40	35	30	29	17	20	49	23	29	41	37	45	33	32	52	45	36	38	34	29	35	58
Y_scaffold1	487696	31	40	36	29	29	18	20	50	23	29	41	37	45	33	32	52	45	36	39	34	29	35	58
Y_scaffold1	487697	31	40	37	29	29	18	21	50	23	29	41	37	44	33	33	52	47	36	39	34	29	35	59
Y_scaffold1	487698	31	40	39	29	30	17	21	50	23	30	42	37	43	32	33	53	48	36	39	34	28	36	59
Y_scaffold1	487699	30	40	38	29	30	18	21	49	23	30	42	39	43	33	33	52	48	36	40	34	29	36	58
Y_scaffold1	487700	30	40	38	29	31	18	21	48	22	30	41	39	43	33	33	52	48	37	41	34	30	35	57
Y_scaffold1	487701	30	40	38	30	32	18	21	48	22	30	41	38	43	33	33	52	48	38	41	34	30	36	56
Y_scaffold1	487702	30	40	38	30	32	18	21	48	22	30	41	39	43	33	33	52	48	38	41	34	30	36	55
Y_scaffold1	487703	30	41	38	30	32	18	20	48	21	30	42	40	41	33	33	53	48	39	41	33	30	35	55
Y_scaffold1	487704	30	41	38	30	32	18	20	48	23	30	42	40	41	33	33	53	48	39	41	33	30	36	54
Y_scaffold1	487705	29	41	38	30	32	19	20	46	23	30	41	40	41	33	33	53	48	39	39	33	30	36	53
Y_scaffold1	487706	29	41	38	30	32	20	20	46	23	30	41	41	41	33	33	53	48	39	39	33	29	33	53
Y_scaffold1	487707	29	41	39	30	33	20	20	46	23	30	39	41	41	33	33	52	48	39	39	33	28	33	53
Y_scaffold1	487708	29	41	39	30	33	19	20	46	23	30	39	41	42	33	33	52	48	38	39	33	28	32	53
Y_scaffold1	487709	28	41	38	29	33	19	20	44	23	30	39	41	42	34	34	52	48	38	39	35	28	32	53
Y_scaffold1	487710	29	41	38	29	33	18	20	44	23	30	39	41	42	35	35	52	48	38	40	35	29	31	54
Y_scaffold1	487711	30	41	39	29	33	19	20	45	24	31	40	41	42	35	37	51	49	38	40	35	29	29	54
Y_scaffold1	487712	30	41	38	29	32	19	20	45	23	31	40	41	42	33	37	51	51	38	40	36	29	29	52
Y_scaffold1	487713	30	41	38	30	32	20	21	43	23	31	40	41	42	32	38	51	51	38	39	36	29	29	52
Y_scaffold1	487714	30	40	37	30	32	20	21	43	23	31	40	41	42	32	38	50	51	37	39	36	29	29	52
Y_scaffold1	487715	30	39	37	30	32	21	21	43	25	31	41	41	42	32	38	50	52	37	39	36	29	30	48
Y_scaffold1	487716	30	40	37	31	32	21	21	43	25	31	41	40	43	33	38	50	52	37	39	37	29	30	47
Y_scaffold1	487717	30	39	37	31	32	22	21	44	25	31	42	40	42	33	38	50	52	36	39	38	29	30	48
Y_scaffold1	487718	30	39	37	31	32	22	21	43	26	31	41	40	42	33	39	49	53	36	39	38	29	31	48
Y_scaffold1	487719	30	40	37	32	32	22	21	43	26	31	42	39	42	33	39	49	54	38	39	37	29	33	49
Y_scaffold1	487720	30	41	35	31	32	22	21	44	26	32	42	38	42	33	39	49	55	38	39	38	30	34	49
Y_scaffold1	487721	31	41	35	31	32	22	21	43	27	31	41	38	43	32	38	49	55	38	40	38	30	34	49
Y_scaffold1	487722	31	40	35	31	32	22	19	44	27	30	40	37	43	33	38	49	55	38	40	38	30	34	48
Y_scaffold1	487723	31	40	34	31	32	22	18	44	27	30	40	38	43	33	38	49	55	38	40	38	30	34	48
Y_scaffold1	487724	31	39	34	30	32	22	18	44	27	30	40	39	43	33	38	49	55	38	40	38	31	34	48
Y_scaffold1	487725	30	39	34	30	32	23	18	44	27	30	39	38	43	32	38	49	56	37	40	37	31	34	48
Y_scaffold1	487726	30	39	34	30	31	23	18	44	27	30	38	38	42	32	38	49	55	37	40	37	32	32	48
Y_scaffold1	487727	30	39	34	29	31	23	18	44	26	30	38	38	42	31	39	49	54	37	38	37	32	32	48
Y_scaffold1	487728	31	38	34	30	31	24	18	43	26	30	39	37	41	31	38	50	54	37	37	38	32	32	47
Y_scaffold1	487729	30	37	32	31	31	24	18	42	26	29	40	37	41	31	39	51	54	36	36	38	31	33	47
Y_scaffold1	487730	29	36	32	31	29	24	18	42	25	29	40	37	41	32	40	51	54	36	36	38	31	34	47
Y_scaffold1	487731	29	36	32	31	29	24	18	42	25	29	40	37	41	32	40	51	54	36	36	38	31	36	47
Y_scaffold1	487732	30	36	32	31	29	24	19	42	25	30	40	37	41	30	40	51	54	37	37	38	33	37	47
Y_scaffold1	487733	30	36	32	31	28	23	19	42	25	30	40	37	41	30	39	51	54	37	37	38	31	37	46
Y_scaffold1	487734	30	36	31	32	28	23	19	41	25	30	41	37	41	30	38	51	54	36	37	38	31	35	46
Y_scaffold1	487735	31	36	31	31	28	22	19	41	25	30	41	37	42	30	38	51	54	36	37	37	31	36	46
Y_scaffold1	487736	31	36	31	30	29	22	19	40	25	30	42	37	43	30	37	49	53	36	37	39	30	37	45
Y_scaffold1	487737	32	37	31	30	29	22	19	40	24	30	42	37	43	31	37	49	53	36	37	39	30	37	45
Y_scaffold1	487738	32	36	31	30	29	22	19	40	24	30	43	37	43	31	37	50	53	36	37	39	30	37	44
Y_scaffold1	487739	33	37	31	30	29	22	19	40	24	30	43	37	43	31	37	50	53	36	38	39	30	37	44
Y_scaffold1	487740	33	37	31	30	29	22	19	41	24	29	44	37	44	31	37	50	53	36	38	39	30	39	43
Y_scaffold1	487741	32	37	30	30	29	22	19	41	23	29	45	37	45	31	35	51	52	35	38	39	31	39	45
Y_scaffold1	487742	32	36	30	31	29	22	19	41	23	29	46	37	45	31	35	52	53	35	38	39	31	40	45
Y_scaffold1	487743	32	36	30	32	28	22	19	40	25	27	45	37	44	31	36	52	51	36	38	39	31	40	45
Y_scaffold1	487744	31	36	29	32	28	23	19	40	26	27	44	37	44	32	36	52	51	36	39	39	30	40	46
Y_scaffold1	487745	31	38	30	32	28	23	19	40	25	27	44	37	44	32	36	53	51	34	38	38	29	39	46
Y_scaffold1	487746	31	38	30	32	29	23	19	40	25	27	44	37	44	32	36	53	50	35	38	38	29	39	46
Y_scaffold1	487747	31	38	30	32	29	24	19	39	26	27	44	37	44	31	36	53	51	36	37	37	29	39	46
Y_scaffold1	487748	32	39	31	31	28	24	19	39	26	27	44	37	43	32	36	52	50	36	37	37	29	39	46
Y_scaffold1	487749	33	39	31	29	29	24	19	39	26	27	44	37	42	32	37	52	50	36	38	37	29	39	46
Y_scaffold1	487750	34	39	31	31	28	25	19	39	28	28	44	36	42	32	37	50	51	36	37	37	29	40	45
Y_scaffold1	487751	34	39	31	31	28	25	19	39	28	28	44	35	42	33	37	50	51	36	37	37	30	41	45
Y_scaffold1	487752	35	37	32	31	28	25	18	38	28	28	44	36	44	33	38	48	50	36	37	36	30	42	47
Y_scaffold1	487753	35	37	32	31	29	25	19	38	28	28	44	36	45	33	38	48	49	33	37	36	30	42	47
Y_scaffold1	487754	35	37	31	30	29	26	19	38	28	30	45	37	43	33	39	48	49	34	37	36	31	43	48
Y_scaffold1	487755	35	37	31	29	29	26	19	38	28	30	45	39	43	33	40	48	49	35	37	36	31	43	48
Y_scaffold1	487756	35	37	31	29	30	26	19	38	29	30	45	39	43	34	40	49	49	36	37	36	30	42	49
Y_scaffold1	487757	35	37	33	29	30	27	19	38	28	30	45	40	43	34	40	50	49	36	37	36	30	42	48
Y_scaffold1	487758	35	37	34	29	30	27	19	39	28	30	46	39	43	34	40	50	49	36	38	36	30	42	48
Y_scaffold1	487759	35	38	34	29	30	27	19	39	27	30	46	39	44	34	39	49	49	36	38	36	30	42	48
Y_scaffold1	487760	35	37	35	29	31	28	19	40	26	30	47	39	46	33	39	48	49	36	36	36	30	42	47
Y_scaffold1	487761	36	37	35	29	31	27	19	42	26	31	46	37	46	34	39	49	48	35	36	36	30	42	47
Y_scaffold1	487762	36	38	35	29	31	27	20	43	27	31	45	37	46	33	39	48	48	36	36	35	29	42	47
Y_scaffold1	487763	36	38	35	29	32	27	20	43	27	31	45	38	46	33	39	47	48	36	36	34	29	42	47
Y_scaffold1	487764	36	38	35	29	32	27	20	43	27	31	45	37	45	34	39	46	47	35	36	34	28	41	46
Y_scaffold1	487765	35	39	36	29	33	27	20	43	28	31	43	36	45	34	40	45	47	35	36	35	29	40	45
Y_scaffold1	487766	35	39	36	30	33	27	20	43	27	31	43	35	45	34	40	45	47	36	36	35	29	40	45
Y_scaffold1	487767	35	39	36	30	33	27	21	44	27	31	43	35	45	34	39	44	47	36	35	35	31	40	45
Y_scaffold1	487768	33	38	36	30	34	27	21	44	26	31	43	35	46	33	39	44	47	36	35	33	30	40	45
Y_scaffold1	487769	32	38	36	30	34	27	21	42	26	32	43	35	46	33	39	44	47	37	35	33	29	40	45
Y_scaffold1	487770	32	38	37	30	34	27	20	42	26	32	43	35	46	33	39	44	44	37	35	33	27	40	45
Y_scaffold1	487771	32	39	37	29	34	27	21	42	26	32	43	35	46	32	40	44	45	38	37	33	27	40	45
Y_scaffold1	487772	32	39	37	29	34	27	21	42	26	32	43	35	45	32	40	44	44	37	37	33	27	40	45
Y_scaffold1	487773	32	40	37	29	31	27	23	42	26	32	44	34	45	31	42	45	45	35	38	33	27	40	46
Y_scaffold1	487774	31	41	37	29	31	26	23	42	27	32	45	33	45	31	42	44	44	34	38	34	28	39	44
Y_scaffold1	487775	33	42	37	29	31	26	23	42	27	32	45	33	45	31	42	44	45	35	39	35	28	39	44
Y_scaffold1	487776	33	42	36	29	31	25	23	42	27	32	45	32	45	31	42	45	46	35	40	35	28	38	46
Y_scaffold1	487777	33	43	36	29	31	25	24	42	28	32	46	32	45	30	42	45	46	36	42	35	28	38	46
Y_scaffold1	487778	33	41	36	28	31	25	23	42	28	31	47	32	46	31	43	45	46	40	40	34	28	39	46
Y_scaffold1	487779	33	41	36	28	30	25	23	43	28	31	47	32	45	31	43	45	46	40	40	34	29	39	46
Y_scaffold1	487780	33	41	36	27	29	25	22	44	28	30	48	32	45	31	42	46	46	41	40	34	29	38	46
Y_scaffold1	487781	34	42	37	27	29	25	22	44	28	30	49	32	45	30	42	48	47	41	40	34	29	38	46
Y_scaffold1	487782	34	42	36	28	28	26	22	43	28	31	48	31	44	30	42	46	47	40	40	33	30	38	46
Y_scaffold1	487783	34	43	35	28	28	26	22	43	28	29	48	31	43	29	41	45	46	40	41	34	31	38	45
Y_scaffold1	487784	34	43	35	28	28	26	22	43	28	29	49	31	43	28	40	45	48	40	40	34	31	38	45
Y_scaffold1	487785	33	42	34	29	29	26	22	43	27	29	49	31	43	26	41	46	48	40	41	34	31	39	44
Y_scaffold1	487786	33	42	34	29	30	26	22	43	26	29	49	31	43	25	41	44	49	40	41	34	31	39	44
Y_scaffold1	487787	33	42	35	29	32	27	23	43	27	29	49	31	44	24	40	42	49	40	41	35	31	38	44
Y_scaffold1	487788	33	42	35	29	33	27	23	43	27	30	49	31	44	24	40	42	48	40	41	35	30	38	44
Y_scaffold1	487789	34	42	35	29	33	27	23	43	27	31	48	32	44	23	41	43	48	40	41	35	30	38	44
Y_scaffold1	487790	33	41	35	29	34	27	23	43	27	31	48	32	44	24	41	43	48	40	41	34	30	38	44
Y_scaffold1	487791	32	41	36	29	34	27	23	43	27	30	48	32	44	24	41	43	48	40	42	30	30	37	43
Y_scaffold1	487792	33	41	36	29	34	27	23	42	27	30	48	32	45	24	41	43	48	40	42	30	29	40	45
Y_scaffold1	487793	33	39	36	29	34	27	23	43	27	30	48	32	45	24	42	43	48	40	42	29	29	39	43
Y_scaffold1	487794	34	39	35	29	34	27	24	43	28	30	48	32	45	25	42	42	49	40	42	29	30	40	43
Y_scaffold1	487795	32	38	35	28	34	26	24	43	28	31	49	31	45	26	41	41	49	39	42	29	30	40	41
Y_scaffold1	487796	32	38	35	28	34	26	24	43	29	31	49	31	45	25	43	41	49	39	42	29	29	40	41
Y_scaffold1	487797	32	39	35	27	35	26	24	43	30	31	49	31	45	25	43	41	49	39	42	29	29	41	41
Y_scaffold1	487798	31	39	35	27	35	25	24	43	30	31	49	31	46	25	42	41	50	39	42	29	29	42	41
Y_scaffold1	487799	31	39	34	27	35	25	24	43	31	30	48	31	46	26	42	41	50	40	42	29	29	43	41
Y_scaffold1	487800	31	39	34	27	34	25	23	44	31	29	48	31	44	26	41	41	49	40	42	29	30	43	41
Y_scaffold1	487801	31	39	35	27	34	25	22	44	31	29	49	32	43	26	41	40	48	40	42	29	30	44	41
Y_scaffold1	487802	31	38	35	27	34	25	22	44	31	29	49	32	43	28	42	40	47	40	41	29	29	44	42
Y_scaffold1	487803	30	38	36	27	34	25	22	45	31	28	48	31	42	28	42	40	46	39	41	29	29	45	42
Y_scaffold1	487804	31	39	36	27	34	25	23	49	32	28	49	30	42	28	42	42	47	40	41	29	29	45	42
Y_scaffold1	487805	31	39	36	26	34	24	23	49	32	28	49	30	43	28	43	41	47	40	41	29	29	45	42
Y_scaffold1	487806	31	39	35	26	31	24	23	49	32	28	49	29	43	28	43	40	47	40	41	29	29	45	42
Y_scaffold1	487807	31	39	35	26	32	24	26	48	32	29	49	29	44	28	43	40	46	42	41	29	29	44	41
Y_scaffold1	487808	31	39	35	26	31	23	26	48	32	30	49	28	45	28	44	40	47	42	41	29	29	44	42
Y_scaffold1	487809	31	38	35	26	32	23	25	48	33	30	49	28	45	28	44	41	47	42	40	28	29	44	42
Y_scaffold1	487810	30	37	34	25	32	23	25	48	33	30	49	28	45	28	44	40	47	42	40	27	29	44	41
Y_scaffold1	487811	31	37	33	26	33	23	25	48	34	30	49	28	45	28	45	41	47	42	40	26	30	44	43
Y_scaffold1	487812	31	37	33	25	33	23	25	47	35	30	49	28	45	28	45	41	48	42	40	26	29	44	43
Y_scaffold1	487813	31	38	33	25	34	23	25	47	35	30	50	28	45	28	46	41	47	42	39	24	28	44	44
Y_scaffold1	487814	30	37	33	24	36	23	24	47	36	30	49	27	45	28	45	41	48	42	39	24	28	44	42
Y_scaffold1	487815	30	38	33	24	37	23	24	48	36	30	49	27	46	28	45	41	49	42	39	26	28	45	42
Y_scaffold1	487816	29	38	33	25	35	23	22	48	36	30	49	27	45	28	43	41	49	42	38	26	27	45	41
Y_scaffold1	487817	30	37	33	25	34	23	22	47	36	30	49	26	44	28	43	39	49	43	40	25	27	44	41
Y_scaffold1	487818	31	37	34	25	34	22	20	45	36	30	49	25	42	29	44	38	50	43	40	25	27	44	41
Y_scaffold1	487819	31	37	34	25	35	22	20	45	36	31	48	24	41	28	43	38	50	45	42	26	27	44	41
Y_scaffold1	487820	32	37	35	25	35	22	20	45	36	31	48	24	42	28	43	38	50	45	42	26	27	44	42
Y_scaffold1	487821	33	37	36	25	35	22	21	45	36	31	48	24	42	27	44	39	50	46	42	26	27	44	41
Y_scaffold1	487822	33	37	35	25	35	23	21	44	36	31	48	24	41	27	43	39	50	46	42	26	26	44	41
Y_scaffold1	487823	33	37	35	25	35	23	21	44	37	31	48	23	40	27	42	39	50	45	41	26	26	43	41
Y_scaffold1	487824	33	36	36	26	35	22	21	45	36	31	48	23	40	27	43	39	50	44	41	26	25	43	41
Y_scaffold1	487825	34	35	36	26	34	22	20	45	36	32	47	23	39	27	43	39	48	44	42	26	25	42	41
Y_scaffold1	487826	35	34	37	25	35	22	20	43	36	32	48	23	39	28	43	40	48	44	42	26	24	42	41
Y_scaffold1	487827	35	34	37	24	35	22	21	43	36	32	47	22	39	28	41	40	47	44	41	26	24	42	42
Y_scaffold1	487828	35	33	37	24	36	24	22	41	36	32	48	21	40	28	41	40	48	45	41	27	24	42	42
Y_scaffold1	487829	35	33	37	24	36	24	22	41	37	31	49	20	40	28	40	41	48	45	42	29	24	41	43
Y_scaffold1	487830	35	33	37	23	36	24	22	41	36	31	49	21	39	28	40	40	48	45	42	30	23	42	43
Y_scaffold1	487831	35	32	38	23	36	24	22	38	36	31	49	20	38	28	41	40	47	45	42	30	23	43	42
Y_scaffold1	487832	35	32	38	24	36	24	22	38	36	31	49	20	38	28	41	40	47	44	42	30	23	43	41
Y_scaffold1	487833	37	31	38	25	36	24	22	37	37	31	49	20	39	28	41	41	47	42	43	30	24	45	42
Y_scaffold1	487834	38	31	37	26	35	24	22	37	36	32	49	20	40	28	43	43	47	42	43	30	24	46	43
Y_scaffold1	487835	37	31	36	26	35	24	22	37	36	32	48	20	40	28	44	42	47	44	42	28	24	46	43
Y_scaffold1	487836	36	31	36	26	35	24	22	37	36	32	48	21	39	28	44	42	46	44	42	27	26	46	43
Y_scaffold1	487837	36	31	35	27	35	25	23	37	36	32	47	21	38	29	44	42	46	44	41	26	26	46	44
Y_scaffold1	487838	36	32	36	28	36	25	23	37	36	31	47	22	39	30	44	43	45	44	40	26	26	48	44
Y_scaffold1	487839	36	30	36	29	36	25	23	37	35	29	47	23	38	30	44	43	45	44	39	26	28	47	43
Y_scaffold1	487840	35	29	36	28	36	24	23	35	35	28	47	22	38	31	44	44	45	43	39	26	28	47	42
Y_scaffold1	487841	35	29	36	28	36	25	23	35	35	26	46	24	39	31	44	44	44	43	38	26	28	47	42
Y_scaffold1	487842	35	29	36	27	36	25	23	35	35	26	46	24	39	31	44	44	43	42	38	26	29	47	40
Y_scaffold1	487843	35	30	36	26	37	25	23	34	35	26	46	25	38	31	44	44	43	42	39	26	31	47	39
Y_scaffold1	487844	35	30	37	26	38	25	24	34	35	26	45	25	38	32	44	43	43	42	39	25	31	49	38
Y_scaffold1	487845	35	30	37	26	37	25	24	32	35	25	45	25	39	32	44	42	43	43	39	25	31	48	38
Y_scaffold1	487846	35	30	36	27	37	24	23	31	35	25	46	26	39	32	44	42	42	43	38	25	31	48	37
Y_scaffold1	487847	36	30	35	27	37	24	23	31	35	25	46	26	39	33	44	42	41	43	38	25	31	48	37
Y_scaffold1	487848	36	29	33	27	36	24	23	31	35	24	45	26	39	35	44	42	40	42	37	25	31	47	37
Y_scaffold1	487849	38	30	36	28	36	23	23	31	35	24	46	24	39	34	45	42	40	42	36	25	30	47	38
Y_scaffold1	487850	38	30	36	28	36	23	23	31	35	24	46	24	38	34	46	42	40	42	35	25	29	47	38
Y_scaffold1	487851	38	30	36	28	35	23	24	33	36	25	46	25	40	34	47	42	40	42	35	26	29	46	38
Y_scaffold1	487852	38	29	35	28	35	23	24	33	35	24	45	23	40	34	47	42	39	41	35	26	29	46	38
Y_scaffold1	487853	38	29	35	29	35	23	24	34	35	25	45	23	41	35	47	41	40	41	35	28	29	45	39
Y_scaffold1	487854	38	29	35	29	35	23	24	34	37	25	45	23	41	35	47	41	40	42	36	28	29	47	39
Y_scaffold1	487855	39	29	35	30	35	22	24	33	37	25	45	24	42	35	47	41	40	41	36	28	29	48	40
Y_scaffold1	487856	39	29	35	30	35	21	24	33	37	25	45	22	43	36	47	41	40	41	37	28	30	48	40
Y_scaffold1	487857	39	29	34	31	34	21	24	34	37	25	45	23	43	36	47	42	40	41	37	29	30	48	41
Y_scaffold1	487858	38	30	33	31	36	21	25	34	37	25	45	24	43	36	47	43	40	41	38	29	30	48	41
Y_scaffold1	487859	38	31	33	31	36	21	25	34	37	25	45	26	41	36	47	43	40	42	38	29	32	47	41
Y_scaffold1	487860	37	30	32	31	37	20	25	33	38	26	45	26	41	35	45	44	41	42	38	29	31	47	41
Y_scaffold1	487861	37	30	33	31	37	20	25	33	37	25	45	26	41	35	44	44	40	42	38	29	31	47	40
Y_scaffold1	487862	38	30	33	31	37	20	25	32	37	26	45	26	41	35	45	44	38	42	38	28	32	47	40
Y_scaffold1	487863	38	30	33	30	37	20	24	33	37	26	45	27	42	35	45	44	38	42	38	28	32	47	40
Y_scaffold1	487864	38	30	33	30	37	20	24	34	35	26	44	27	42	36	45	43	37	42	39	28	33	46	40
Y_scaffold1	487865	38	30	33	30	38	19	24	34	35	26	45	28	42	36	45	43	37	42	39	28	33	46	40
Y_scaffold1	487866	39	30	33	29	38	19	24	34	36	26	45	28	42	35	45	44	37	42	39	26	33	46	40
Y_scaffold1	487867	39	31	34	29	38	20	24	33	35	27	44	27	41	35	44	45	36	42	39	26	33	45	41
Y_scaffold1	487868	39	31	35	29	38	20	24	34	35	27	44	27	41	35	43	45	35	42	39	26	33	44	44
Y_scaffold1	487869	39	31	35	28	38	20	24	34	35	27	44	27	41	35	44	45	36	40	39	26	33	42	43
Y_scaffold1	487870	39	31	36	29	39	20	25	35	35	26	44	27	41	35	44	46	35	40	40	25	32	42	45
Y_scaffold1	487871	38	31	35	28	39	20	25	35	34	27	44	27	40	35	44	47	35	41	39	25	32	42	44
Y_scaffold1	487872	38	32	35	28	39	20	25	35	34	27	44	29	39	34	44	47	34	41	39	25	32	42	44
Y_scaffold1	487873	38	32	35	28	40	20	25	35	33	27	44	27	40	34	44	46	34	41	39	25	32	44	44
Y_scaffold1	487874	38	32	35	28	40	20	25	35	34	27	44	27	40	34	44	46	34	41	38	26	31	44	44
Y_scaffold1	487875	39	33	35	29	39	19	25	35	35	27	45	27	41	35	44	47	33	41	38	28	30	44	44
Y_scaffold1	487876	39	33	36	28	39	19	25	36	35	28	45	27	41	35	44	47	33	40	39	29	30	44	44
Y_scaffold1	487877	38	33	36	28	39	19	25	36	35	28	46	28	41	35	43	47	34	40	39	28	30	44	44
Y_scaffold1	487878	38	33	36	28	39	18	25	36	36	28	45	28	41	35	43	47	34	40	39	28	30	44	44
Y_scaffold1	487879	39	33	36	27	39	19	25	36	36	28	44	28	41	35	42	47	34	40	39	29	31	44	44
Y_scaffold1	487880	39	35	36	27	39	19	26	37	36	28	44	28	40	34	41	47	34	40	40	29	31	42	44
Y_scaffold1	487881	39	35	36	27	39	19	26	37	36	28	45	28	40	34	42	47	34	41	40	29	31	41	44
Y_scaffold1	487882	37	36	36	27	39	19	26	37	37	27	45	28	41	34	42	47	34	39	39	31	29	40	45
Y_scaffold1	487883	37	36	36	28	39	19	28	39	37	27	46	28	41	35	42	47	34	39	40	31	29	40	45
Y_scaffold1	487884	37	36	36	27	39	19	28	39	37	27	44	28	41	35	42	47	34	39	40	31	29	40	46
Y_scaffold1	487885	37	36	36	27	38	19	28	39	37	27	45	28	41	35	43	48	35	39	41	31	30	39	46
Y_scaffold1	487886	37	35	36	27	37	19	28	39	37	27	44	28	41	35	43	48	35	40	41	29	31	38	46
Y_scaffold1	487887	36	35	36	27	37	19	28	39	37	28	44	28	43	35	43	48	35	42	42	29	32	38	46
Y_scaffold1	487888	36	35	36	27	38	19	28	38	37	29	43	29	43	36	43	47	36	42	43	29	32	38	47
Y_scaffold1	487889	35	34	36	28	38	19	29	38	37	29	43	29	43	36	43	47	36	42	42	29	33	35	47
Y_scaffold1	487890	35	34	36	29	38	19	30	37	37	30	42	29	44	36	43	47	36	43	42	29	34	35	47
Y_scaffold1	487891	35	34	36	29	38	19	30	37	37	31	41	29	43	38	44	46	36	43	42	30	33	35	45
Y_scaffold1	487892	35	34	37	28	39	19	30	38	37	30	41	29	43	39	44	45	37	43	42	30	33	34	45
Y_scaffold1	487893	35	34	36	27	38	19	30	38	36	31	41	29	44	39	43	45	37	43	43	30	33	34	46
Y_scaffold1	487894	35	34	35	27	40	18	32	39	35	31	41	29	44	38	43	45	37	43	42	30	33	34	45
Y_scaffold1	487895	35	32	35	28	41	17	32	39	35	32	41	30	45	38	43	44	37	43	42	30	33	34	44
Y_scaffold1	487896	35	32	35	30	41	17	32	39	35	32	41	30	45	38	43	44	37	41	42	30	33	34	44
Y_scaffold1	487897	35	32	35	30	43	16	33	39	35	31	41	30	45	38	43	44	36	41	42	30	33	34	45
Y_scaffold1	487898	35	32	34	30	43	16	33	39	36	30	41	30	45	36	43	44	36	42	42	30	33	35	45
Y_scaffold1	487899	33	32	35	29	42	17	33	40	36	30	42	30	45	38	42	44	36	42	42	30	33	35	45
Y_scaffold1	487900	33	32	35	29	42	16	34	40	34	30	43	30	45	38	43	44	35	42	43	30	33	34	46
Y_scaffold1	487901	33	32	35	29	42	16	34	40	34	30	43	30	45	37	43	44	36	42	43	30	32	34	46
Y_scaffold1	487902	32	32	34	29	42	16	34	40	34	30	43	29	43	37	42	44	36	43	42	32	32	33	44
Y_scaffold1	487903	33	32	35	29	42	16	33	40	35	29	43	29	43	37	43	47	37	44	43	32	31	32	43
Y_scaffold1	487904	33	32	35	29	42	15	33	41	36	28	42	27	43	37	41	47	37	42	43	32	31	32	42
Y_scaffold1	487905	34	32	35	28	42	18	33	41	37	28	42	26	43	36	42	46	39	42	43	32	31	32	42
Y_scaffold1	487906	35	32	35	29	42	19	33	40	37	27	45	26	43	36	44	45	39	41	44	32	32	32	41
Y_scaffold1	487907	35	32	35	29	42	20	33	40	37	27	45	26	43	36	45	46	39	42	44	32	32	32	41
Y_scaffold1	487908	35	32	35	30	42	20	34	40	37	27	44	26	44	36	45	47	40	42	43	33	33	33	42
Y_scaffold1	487909	35	31	35	30	41	19	34	41	37	27	44	26	42	36	45	47	41	42	44	33	34	34	42
Y_scaffold1	487910	34	32	34	31	41	19	34	42	37	28	46	27	41	34	45	47	42	45	45	34	35	34	43
Y_scaffold1	487911	34	32	34	32	41	19	34	40	37	27	46	27	41	34	45	47	42	45	45	34	35	34	43
Y_scaffold1	487912	34	31	33	32	40	19	33	41	36	27	46	27	41	34	45	47	43	45	45	35	35	34	43
Y_scaffold1	487913	34	30	33	33	39	19	33	41	36	28	46	26	41	34	45	47	43	45	45	36	35	34	43
Y_scaffold1	487914	34	29	33	33	39	19	34	41	36	28	46	26	41	34	45	47	42	45	45	36	35	35	43
Y_scaffold1	487915	34	28	33	33	39	19	35	41	35	28	46	26	41	34	45	47	42	44	45	37	35	35	44
Y_scaffold1	487916	34	29	33	32	39	19	35	41	35	28	47	26	42	34	46	48	42	43	45	37	35	35	44
Y_scaffold1	487917	35	29	33	32	40	19	34	40	35	28	47	26	42	34	46	48	43	43	45	38	33	36	45
Y_scaffold1	487918	35	29	33	32	39	19	35	41	35	29	47	26	41	34	46	49	43	43	45	39	33	36	45
Y_scaffold1	487919	35	29	32	33	40	19	34	41	36	28	47	27	41	34	46	49	43	43	44	39	34	36	45
Y_scaffold1	487920	36	28	31	34	40	19	33	41	35	28	46	27	41	34	45	49	42	42	43	40	35	35	45
Y_scaffold1	487921	37	29	31	34	40	19	33	41	35	28	47	27	41	34	44	49	43	43	42	40	35	35	44
Y_scaffold1	487922	37	28	31	35	40	19	32	41	35	28	47	27	41	34	44	48	42	43	43	40	36	35	44
Y_scaffold1	487923	36	27	32	36	40	19	30	41	35	28	46	27	42	34	44	48	40	44	42	38	35	35	43
Y_scaffold1	487924	36	28	32	36	40	19	31	41	35	29	47	27	42	34	44	48	40	44	42	39	36	35	43
Y_scaffold1	487925	35	28	32	36	41	19	31	40	35	29	47	27	42	34	45	48	40	43	42	39	36	36	43
Y_scaffold1	487926	37	29	34	36	42	19	31	40	35	29	48	27	43	34	47	49	41	43	42	39	36	37	42
Y_scaffold1	487927	38	29	35	36	42	19	31	41	34	29	49	27	43	34	47	48	41	42	40	40	36	37	42
Y_scaffold1	487928	38	29	35	37	42	19	31	41	34	29	48	28	43	33	45	47	41	38	40	40	36	36	42
Y_scaffold1	487929	38	29	35	37	42	20	31	40	34	30	48	29	44	33	46	47	42	39	40	40	35	36	44
Y_scaffold1	487930	39	29	35	37	42	20	31	39	36	30	47	30	44	35	46	46	42	38	40	40	34	36	46
Y_scaffold1	487931	38	28	34	37	42	21	31	39	36	31	47	30	44	35	45	44	41	38	39	40	34	36	48
Y_scaffold1	487932	38	28	34	36	42	20	31	39	36	30	47	31	44	35	46	44	41	38	39	40	33	36	48
Y_scaffold1	487933	38	27	34	36	42	20	31	39	36	30	47	31	45	35	46	44	41	39	39	39	32	37	48
Y_scaffold1	487934	38	27	34	35	41	20	31	39	36	30	46	31	45	35	45	45	39	39	38	38	32	38	48
Y_scaffold1	487935	38	27	35	35	41	20	31	39	36	31	46	31	45	35	45	44	39	39	38	38	33	37	48
Y_scaffold1	487936	38	27	35	35	39	20	30	39	35	31	46	31	45	35	45	44	38	39	38	37	33	37	48
Y_scaffold1	487937	42	28	34	35	40	19	30	39	37	31	47	32	45	35	46	44	40	40	39	37	33	38	49
Y_scaffold1	487938	42	28	34	35	39	19	30	39	36	31	46	32	45	35	46	44	40	40	39	37	33	38	48
Y_scaffold1	487939	41	28	34	35	39	19	30	39	36	30	46	31	45	35	46	44	40	40	39	37	33	38	48
Y_scaffold1	487940	41	28	34	35	38	19	30	39	37	31	46	31	45	34	46	44	39	40	39	38	33	38	47
Y_scaffold1	487941	43	28	33	36	38	19	30	39	37	31	46	31	45	34	46	46	39	40	37	38	35	38	46
Y_scaffold1	487942	42	29	33	36	38	19	30	39	37	31	46	32	44	34	46	45	38	40	37	38	35	37	45
Y_scaffold1	487943	42	30	35	36	38	19	30	39	37	32	45	32	45	34	45	45	40	40	37	39	34	38	45
Y_scaffold1	487944	41	30	35	36	38	19	29	39	36	32	45	33	45	33	45	45	39	40	37	39	34	37	45
Y_scaffold1	487945	41	31	36	36	40	20	29	39	36	31	45	33	45	32	45	46	39	40	37	39	34	38	45
Y_scaffold1	487946	41	31	37	37	41	20	29	40	35	31	45	33	45	32	43	46	39	41	38	39	34	39	45
Y_scaffold1	487947	41	30	37	37	40	20	29	40	34	31	45	32	44	32	43	46	39	41	38	39	34	38	44
Y_scaffold1	487948	41	30	37	36	39	22	29	40	35	32	45	33	44	32	44	47	39	41	38	39	34	37	45
Y_scaffold1	487949	41	31	37	36	40	23	29	40	34	32	46	33	44	32	44	47	39	41	38	39	34	36	44
Y_scaffold1	487950	42	31	36	36	40	23	30	39	34	32	46	34	45	33	44	47	39	41	37	39	34	37	44
Y_scaffold1	487951	42	32	36	36	40	24	30	41	35	32	45	33	46	32	43	48	39	42	37	39	34	36	44
Y_scaffold1	487952	42	32	36	36	40	24	30	39	35	32	45	33	46	32	43	50	39	42	37	40	34	35	46
Y_scaffold1	487953	42	32	36	36	40	24	29	38	35	32	45	33	46	32	43	50	39	42	37	40	34	35	46
Y_scaffold1	487954	41	31	37	36	40	24	29	36	36	32	45	33	46	32	43	48	39	42	37	40	35	35	46
Y_scaffold1	487955	41	33	37	36	40	24	29	36	36	32	45	33	46	32	42	48	39	42	38	40	35	35	46
Y_scaffold1	487956	42	33	37	36	40	24	28	36	36	31	44	33	46	32	42	48	38	40	38	40	35	35	47
Y_scaffold1	487957	42	33	38	36	39	24	26	36	37	31	44	33	46	32	43	47	38	42	39	40	36	35	47
Y_scaffold1	487958	42	33	38	36	38	25	26	36	36	30	43	35	45	32	42	49	37	42	39	40	36	35	47
Y_scaffold1	487959	42	33	37	36	38	25	26	36	37	30	43	38	45	32	42	48	37	42	39	41	36	35	48
Y_scaffold1	487960	42	33	37	36	38	25	26	36	36	29	45	39	45	32	41	48	36	43	39	41	35	37	46
Y_scaffold1	487961	41	35	37	35	38	26	26	36	36	29	45	39	47	32	41	49	36	47	39	41	35	37	46
Y_scaffold1	487962	41	35	37	35	38	26	26	36	35	29	45	39	48	32	41	49	35	47	38	41	35	37	45
Y_scaffold1	487963	41	34	37	35	37	26	26	37	35	29	44	39	48	32	40	49	35	47	38	41	35	37	45
Y_scaffold1	487964	41	34	36	35	35	26	26	36	34	29	44	39	47	32	40	49	34	47	38	40	35	37	45
Y_scaffold1	487965	40	33	35	35	34	26	26	36	34	29	44	39	47	33	42	49	33	47	38	40	35	36	45
Y_scaffold1	487966	40	34	35	34	35	26	26	36	34	29	44	39	47	34	43	50	34	47	38	40	35	36	46
Y_scaffold1	487967	40	34	35	35	35	27	26	36	34	31	44	39	47	35	43	50	33	47	36	40	35	36	46
Y_scaffold1	487968	40	34	34	35	35	27	26	36	35	31	44	39	47	34	42	51	33	47	36	41	35	37	46
Y_scaffold1	487969	39	34	34	35	34	27	26	36	35	30	44	39	48	34	42	51	34	45	34	40	35	37	46
Y_scaffold1	487970	38	34	33	35	34	27	26	36	35	32	44	39	47	34	42	51	34	45	34	40	36	37	46
Y_scaffold1	487971	37	34	32	35	34	27	25	36	36	31	44	40	48	34	41	52	34	44	34	40	36	38	46
Y_scaffold1	487972	38	34	33	36	35	26	25	39	36	31	45	40	48	37	41	52	34	44	34	40	36	38	47
Y_scaffold1	487973	39	34	33	36	35	26	25	39	35	31	45	40	49	37	40	53	34	44	34	40	37	38	47
Y_scaffold1	487974	40	34	32	36	35	26	25	38	35	30	44	40	49	37	40	53	33	44	33	40	37	38	47
Y_scaffold1	487975	41	35	32	36	36	26	26	38	36	30	43	40	49	37	40	53	33	44	33	41	37	38	48
Y_scaffold1	487976	40	35	31	36	35	26	25	37	36	30	42	40	49	36	40	52	33	44	33	41	38	38	48
Y_scaffold1	487977	40	35	31	36	35	25	24	37	35	30	41	40	49	36	40	53	33	45	33	41	38	38	47
Y_scaffold1	487978	41	35	32	36	34	24	27	38	36	30	42	40	48	36	41	53	33	45	34	40	38	38	47
Y_scaffold1	487979	41	35	32	36	34	24	26	38	35	30	41	41	48	35	41	52	33	45	33	39	39	39	47
Y_scaffold1	487980	40	36	31	34	33	23	27	38	35	29	42	40	49	35	40	51	33	44	32	39	39	37	47
Y_scaffold1	487981	41	36	31	34	33	23	27	40	35	29	42	40	49	35	40	52	33	46	32	40	39	37	48
Y_scaffold1	487982	41	37	31	33	33	23	27	41	35	29	42	40	48	35	39	52	32	46	32	40	39	37	48
Y_scaffold1	487983	41	37	31	33	33	23	27	43	35	29	42	41	48	35	39	52	32	47	31	42	39	35	47
Y_scaffold1	487984	41	37	31	32	33	23	27	43	35	28	42	42	48	37	36	50	33	47	30	43	39	34	46
Y_scaffold1	487985	41	37	31	32	33	23	27	43	35	28	42	42	47	37	36	50	33	45	30	43	39	33	46
Y_scaffold1	487986	41	38	31	32	33	23	27	43	34	28	42	41	48	37	36	50	34	45	30	44	37	34	47
Y_scaffold1	487987	40	39	31	31	33	22	27	44	34	28	42	41	48	36	36	50	33	45	31	44	37	33	46
Y_scaffold1	487988	41	38	30	31	32	22	27	44	34	28	42	40	48	36	36	49	33	47	31	43	37	32	49
Y_scaffold1	487989	41	38	30	31	32	22	27	43	34	28	41	39	48	35	37	48	34	47	32	43	35	32	50
Y_scaffold1	487990	41	38	30	32	33	22	27	44	35	28	42	39	47	34	37	48	34	47	32	43	35	32	50
Y_scaffold1	487991	42	38	29	32	34	21	27	44	35	28	41	37	45	35	37	48	35	48	34	43	35	33	51
Y_scaffold1	487992	42	39	29	33	34	21	26	44	35	28	43	37	44	35	37	48	35	48	34	43	34	33	51
Y_scaffold1	487993	42	39	29	33	33	21	26	45	35	28	43	36	45	35	37	48	35	48	33	43	32	34	51
Y_scaffold1	487994	42	39	29	33	33	21	25	47	35	28	43	38	44	34	38	48	36	47	33	43	32	34	53
Y_scaffold1	487995	42	38	29	33	33	21	25	48	35	28	43	38	44	34	39	48	36	47	33	44	32	35	52
Y_scaffold1	487996	42	38	29	31	33	21	25	48	35	28	42	38	44	34	37	48	36	47	33	44	33	35	52
Y_scaffold1	487997	40	38	28	31	34	21	25	49	35	29	42	38	44	31	38	47	36	47	33	44	33	35	52
Y_scaffold1	487998	39	38	27	31	32	21	25	49	35	29	41	39	44	31	38	47	36	46	33	44	33	35	51
Y_scaffold1	487999	40	39	27	31	32	21	25	48	35	30	41	39	43	31	37	47	37	47	33	44	34	36	51
Y_scaffold1	488000	40	39	27	31	32	21	25	48	34	29	41	39	43	32	37	48	37	47	33	44	35	38	51
Y_scaffold1	488001	40	40	27	31	32	21	25	46	34	29	41	38	42	32	37	48	38	47	33	43	36	38	51
Y_scaffold1	488002	41	40	28	30	32	21	26	46	34	29	41	38	42	32	38	48	38	47	33	43	37	38	52
Y_scaffold1	488003	41	40	28	30	32	21	25	47	34	28	41	38	42	31	38	48	37	47	32	42	37	37	52
Y_scaffold1	488004	42	40	28	30	32	22	25	47	34	28	41	38	42	31	38	48	37	46	32	42	37	36	52
Y_scaffold1	488005	41	42	29	29	32	22	26	47	34	28	41	37	42	30	39	48	37	46	33	42	37	36	51
Y_scaffold1	488006	41	43	29	29	32	22	27	47	34	28	41	36	41	31	40	47	38	47	32	41	36	37	50
Y_scaffold1	488007	41	43	29	28	32	22	27	46	34	28	41	35	40	31	40	47	38	47	32	41	36	37	50
Y_scaffold1	488008	41	42	29	28	31	22	27	46	34	28	41	35	40	31	39	46	38	47	32	40	36	38	50
Y_scaffold1	488009	41	41	29	28	31	22	27	46	34	28	41	34	40	30	39	46	38	46	32	39	34	38	50
Y_scaffold1	488010	41	41	30	28	31	22	27	46	33	27	40	34	44	30	38	45	39	47	33	39	34	39	50
Y_scaffold1	488011	41	41	29	28	31	22	28	46	33	27	40	34	44	30	39	46	40	48	33	39	34	39	51
Y_scaffold1	488012	40	42	29	28	32	22	29	46	33	26	41	34	44	30	39	46	41	48	33	39	33	39	51
Y_scaffold1	488013	39	42	29	28	32	22	30	45	33	26	41	33	43	29	39	46	41	47	33	39	33	39	51
Y_scaffold1	488014	39	42	28	28	32	21	30	45	32	26	39	33	43	28	40	46	41	48	32	39	32	39	51
Y_scaffold1	488015	39	42	28	28	32	22	31	45	32	28	40	32	44	29	41	46	41	48	32	40	32	39	52
Y_scaffold1	488016	39	40	28	28	32	22	31	44	32	28	41	32	43	29	41	47	41	49	32	40	32	39	53
Y_scaffold1	488017	39	39	28	29	32	21	31	42	32	27	40	32	44	30	41	47	41	50	32	40	33	40	53
Y_scaffold1	488018	39	39	27	29	32	21	32	42	33	27	40	33	44	31	42	47	41	51	33	40	32	40	51
Y_scaffold1	488019	39	39	27	29	31	21	31	42	34	27	40	33	45	31	41	47	39	51	33	41	33	40	51
Y_scaffold1	488020	39	39	26	28	31	21	31	42	34	28	40	33	45	31	41	45	39	50	32	40	33	40	49
Y_scaffold1	488021	39	39	26	28	31	21	32	42	34	27	40	33	45	31	41	45	39	50	32	40	33	40	49
Y_scaffold1	488022	39	38	26	28	30	21	32	41	34	27	40	31	45	31	41	45	39	50	32	40	33	40	49
Y_scaffold1	488023	39	38	26	28	30	21	33	41	33	28	40	31	44	31	41	47	40	50	33	42	33	38	50
Y_scaffold1	488024	39	38	27	27	30	21	33	41	33	29	39	31	45	30	41	48	40	50	35	40	33	38	50
Y_scaffold1	488025	39	37	27	27	31	21	33	41	32	29	39	31	44	30	41	48	40	51	35	39	34	38	51
Y_scaffold1	488026	39	37	26	27	31	21	33	40	32	28	40	31	44	30	41	48	39	51	35	38	35	38	52
Y_scaffold1	488027	40	37	26	27	31	22	33	41	33	28	40	30	44	30	41	47	39	51	35	38	35	38	52
Y_scaffold1	488028	40	37	26	27	31	21	33	42	33	28	40	30	44	31	41	46	39	51	37	38	35	38	52
Y_scaffold1	488029	39	37	26	27	31	22	32	41	33	28	40	31	45	32	41	46	39	52	37	38	35	40	53
Y_scaffold1	488030	39	36	26	27	31	23	32	41	33	28	40	31	45	32	41	46	40	52	36	38	36	40	54
Y_scaffold1	488031	39	35	26	27	31	23	32	41	33	28	39	31	45	31	40	47	40	51	37	37	36	40	53
Y_scaffold1	488032	39	35	26	27	31	23	31	40	33	28	39	31	44	32	40	48	40	51	37	37	37	40	53
Y_scaffold1	488033	39	36	26	26	31	23	29	41	34	28	38	30	44	32	42	47	41	51	36	37	38	40	53
Y_scaffold1	488034	39	36	26	27	31	23	29	41	34	28	38	30	44	32	42	47	41	53	37	38	38	40	52
Y_scaffold1	488035	38	36	26	26	31	23	29	41	34	28	38	30	43	33	41	46	41	53	36	38	37	40	52
Y_scaffold1	488036	38	36	26	26	31	23	29	41	34	28	38	30	42	33	41	46	42	52	36	39	36	41	53
Y_scaffold1	488037	38	37	26	26	31	23	30	41	34	27	38	30	40	33	41	46	43	50	35	39	35	41	54
Y_scaffold1	488038	38	37	26	25	30	23	30	42	34	26	38	29	40	33	42	47	43	51	34	40	34	41	53
Y_scaffold1	488039	38	37	26	24	30	23	29	42	34	26	39	29	40	33	42	48	43	51	34	40	34	41	53
Y_scaffold1	488040	38	37	26	23	29	23	28	42	34	25	39	29	40	33	43	48	43	52	35	40	33	42	53
Y_scaffold1	488041	38	37	27	23	30	23	30	42	34	25	40	29	41	31	42	48	44	52	35	40	33	43	53
Y_scaffold1	488042	38	37	26	23	30	23	31	41	35	27	39	29	41	30	43	48	42	52	35	41	33	43	53
Y_scaffold1	488043	37	37	26	23	30	23	31	41	34	26	40	29	40	30	43	48	42	52	34	41	33	43	52
Y_scaffold1	488044	37	37	26	23	29	23	29	40	34	26	40	29	40	30	43	48	42	52	34	41	33	43	53
Y_scaffold1	488045	37	36	26	22	29	23	30	40	34	26	40	29	39	31	43	48	42	54	34	41	34	43	54
Y_scaffold1	488046	36	36	26	20	30	23	30	40	34	26	40	30	39	31	44	48	42	54	34	41	34	43	54
Y_scaffold1	488047	36	39	26	20	28	23	29	40	33	26	40	30	39	31	44	48	42	54	34	42	34	43	53
Y_scaffold1	488048	36	40	26	20	28	23	30	40	33	26	39	31	40	30	44	48	42	53	34	42	35	42	53
Y_scaffold1	488049	36	40	25	20	28	22	30	40	33	27	38	31	40	28	45	49	42	53	33	42	35	43	53
Y_scaffold1	488050	36	40	25	20	28	22	29	41	33	27	37	31	40	28	44	49	42	54	32	42	35	44	53
Y_scaffold1	488051	35	40	25	20	28	22	29	40	33	27	36	31	40	28	44	48	41	53	32	40	35	44	53
Y_scaffold1	488052	35	40	25	20	28	22	29	42	32	27	38	31	40	28	43	48	40	52	32	40	35	45	53
Y_scaffold1	488053	35	40	24	20	28	22	29	42	32	27	39	31	40	29	43	48	41	52	31	40	35	45	53
Y_scaffold1	488054	35	40	24	20	28	21	29	42	30	27	39	31	40	29	43	48	41	52	32	40	36	46	53
Y_scaffold1	488055	35	41	24	20	28	19	29	42	30	27	39	31	40	29	43	48	40	52	32	40	36	46	53
Y_scaffold1	488056	35	42	22	20	28	16	30	41	30	27	36	32	40	30	40	47	40	52	31	40	35	46	53
Y_scaffold1	488057	36	42	22	19	29	16	29	41	30	27	36	33	40	30	40	47	41	53	31	39	35	46	53
Y_scaffold1	488058	37	43	22	19	29	16	30	41	31	27	36	34	39	30	40	46	41	53	31	39	34	45	52
Y_scaffold1	488059	40	43	22	19	30	16	30	40	31	27	35	33	41	30	40	47	40	50	30	40	33	44	51
Y_scaffold1	488060	40	43	22	18	30	16	31	39	31	26	34	34	41	30	40	48	40	50	29	39	32	44	52
Y_scaffold1	488061	40	43	22	17	30	16	32	38	31	25	35	34	41	30	40	49	39	49	29	37	32	44	51
Y_scaffold1	488062	41	43	23	16	30	16	32	37	31	26	35	34	41	30	40	49	39	49	29	37	32	45	51
Y_scaffold1	488063	41	43	24	17	30	16	32	37	31	26	35	35	43	30	41	49	39	49	29	36	32	46	51
Y_scaffold1	488064	41	43	24	17	30	16	31	37	31	26	34	35	42	30	40	49	39	49	30	36	32	45	51
Y_scaffold1	488065	41	43	24	17	30	16	30	37	31	27	34	35	42	32	40	49	39	49	30	35	31	45	51
Y_scaffold1	488066	40	42	24	17	30	16	30	37	31	27	34	35	42	32	39	49	39	50	30	35	31	45	51
Y_scaffold1	488067	40	43	24	17	30	16	30	37	31	29	34	35	42	32	40	49	38	50	30	35	32	44	50
Y_scaffold1	488068	40	43	24	17	30	16	29	36	31	28	34	35	42	32	40	48	38	50	30	35	32	44	51
Y_scaffold1	488069	40	43	24	16	29	16	29	36	30	29	34	34	43	32	41	48	38	49	30	37	31	44	51
Y_scaffold1	488070	40	44	24	15	29	16	29	37	30	29	34	34	43	33	42	50	38	49	31	36	30	44	52
Y_scaffold1	488071	39	43	26	15	29	16	29	37	30	29	32	35	43	33	42	50	37	48	31	36	30	44	52
Y_scaffold1	488072	39	43	26	16	29	16	30	37	29	29	32	36	43	33	41	49	37	48	30	37	29	44	52
Y_scaffold1	488073	39	43	25	15	29	16	31	39	30	29	33	36	42	33	41	48	37	47	30	37	29	44	52
Y_scaffold1	488074	39	42	25	15	30	16	30	39	30	30	33	36	42	33	39	48	37	47	30	36	28	44	52
Y_scaffold1	488075	38	40	23	15	28	16	30	40	30	30	33	36	42	33	37	48	37	47	31	36	28	43	52
Y_scaffold1	488076	37	40	23	15	28	17	30	41	30	30	32	36	42	33	39	47	37	47	31	37	28	42	53
Y_scaffold1	488077	37	39	22	15	28	17	30	40	30	30	31	36	42	33	39	47	38	47	31	36	28	42	53
Y_scaffold1	488078	37	39	22	14	28	17	30	40	30	29	31	34	42	33	38	47	37	46	30	36	28	42	54
Y_scaffold1	488079	36	39	22	14	28	17	30	40	29	29	33	33	42	32	38	47	37	46	30	36	28	42	50
Y_scaffold1	488080	37	40	23	14	28	17	31	40	28	29	32	33	42	31	38	47	38	46	30	38	28	42	50
Y_scaffold1	488081	37	40	23	14	28	17	32	40	28	28	32	33	41	31	38	47	37	45	30	38	28	44	48
Y_scaffold1	488082	37	40	23	14	28	17	32	40	28	28	32	32	42	31	37	47	37	45	30	38	28	44	48
Y_scaffold1	488083	37	40	23	14	27	17	32	40	28	28	34	33	42	32	37	45	37	45	29	38	28	43	47
Y_scaffold1	488084	35	40	22	14	28	17	32	40	29	27	35	32	41	32	38	45	37	45	30	38	27	42	47
Y_scaffold1	488085	34	40	22	14	28	17	32	41	29	28	36	32	41	32	37	45	38	45	30	38	27	42	49
Y_scaffold1	488086	34	40	22	15	28	17	33	42	30	28	35	33	41	32	38	45	37	45	30	39	27	42	49
Y_scaffold1	488087	33	40	22	15	28	17	33	42	28	27	36	33	41	33	38	45	38	47	30	39	27	42	49
Y_scaffold1	488088	33	40	24	15	28	17	33	42	28	27	36	33	41	33	38	45	39	47	30	39	27	42	49
Y_scaffold1	488089	33	40	24	15	28	17	33	42	28	28	36	33	41	33	38	45	39	47	30	39	27	43	49
Y_scaffold1	488090	33	40	23	16	28	17	34	42	28	28	36	33	41	33	38	45	39	47	31	38	27	44	49
Y_scaffold1	488091	31	40	23	15	28	17	34	42	28	28	36	33	41	33	39	44	39	48	31	38	25	43	49
Y_scaffold1	488092	31	41	23	15	28	18	34	42	28	28	36	32	41	33	39	44	39	49	31	38	25	42	49
Y_scaffold1	488093	31	40	21	15	28	18	34	41	29	27	36	32	40	33	39	45	37	49	31	37	25	41	49
Y_scaffold1	488094	31	40	21	16	28	18	34	41	29	28	36	31	40	33	39	45	37	49	31	37	25	40	50
Y_scaffold1	488095	32	39	22	16	26	17	34	41	30	28	35	32	40	33	39	44	37	52	31	37	25	40	50
Y_scaffold1	488096	33	39	21	15	26	17	34	40	30	28	35	32	42	33	41	44	40	51	30	37	25	39	50
Y_scaffold1	488097	34	39	21	15	27	17	34	40	30	27	36	32	43	33	41	43	40	51	30	37	25	40	50
Y_scaffold1	488098	34	38	22	16	27	15	33	40	29	29	36	30	43	33	41	44	39	51	30	37	25	40	50
Y_scaffold1	488099	35	38	22	16	26	14	33	40	29	29	35	30	42	31	41	45	40	51	30	37	24	40	50
Y_scaffold1	488100	34	37	22	16	27	14	32	39	28	29	34	30	42	30	41	44	40	51	30	37	24	39	50
Y_scaffold1	488101	34	38	22	16	27	13	32	39	30	29	34	30	43	30	41	42	41	50	30	36	24	39	47
Y_scaffold1	488102	35	39	22	16	27	13	32	39	31	29	35	30	44	30	41	41	42	50	32	36	24	39	48
Y_scaffold1	488103	36	39	22	17	27	13	32	39	30	30	35	30	44	30	41	41	42	50	32	36	24	39	48
Y_scaffold1	488104	36	38	21	18	27	13	32	39	28	30	35	30	44	30	41	41	41	49	32	35	23	39	48
Y_scaffold1	488105	36	37	21	18	27	14	32	39	28	30	37	30	44	30	41	41	41	51	31	35	24	39	49
Y_scaffold1	488106	35	37	21	18	27	14	33	40	27	30	37	30	45	30	42	41	41	50	31	35	23	39	48
Y_scaffold1	488107	35	36	21	18	27	13	33	40	27	30	37	31	44	31	41	41	41	49	31	35	23	39	48
Y_scaffold1	488108	35	37	21	18	28	13	33	40	26	30	37	26	44	31	41	39	41	49	31	34	23	39	48
Y_scaffold1	488109	35	36	21	18	28	12	33	40	26	30	35	25	42	33	42	37	41	45	31	34	23	37	48
Y_scaffold1	488110	35	37	21	19	27	12	33	40	26	30	35	25	43	35	42	37	43	45	32	34	23	37	49
Y_scaffold1	488111	36	36	21	19	27	12	33	40	26	31	35	25	43	35	42	38	43	44	32	34	23	37	49
Y_scaffold1	488112	36	36	21	19	27	13	33	41	26	31	35	25	42	35	42	38	44	45	32	34	23	37	49
Y_scaffold1	488113	37	36	22	19	29	13	34	40	26	31	35	25	43	35	42	38	44	46	33	34	24	37	49
Y_scaffold1	488114	37	35	22	19	29	13	34	40	26	31	35	25	43	35	43	38	45	46	33	33	24	37	49
Y_scaffold1	488115	37	36	22	19	29	13	34	39	26	31	35	26	43	34	41	38	45	46	33	34	24	37	49
Y_scaffold1	488116	38	36	22	18	29	12	34	39	26	31	37	27	43	34	41	37	44	45	34	34	24	39	47
Y_scaffold1	488117	39	36	22	18	30	12	34	39	27	30	37	28	43	33	41	37	44	45	34	34	24	41	47
Y_scaffold1	488118	39	36	23	18	30	12	35	39	28	30	37	28	43	34	42	36	44	46	34	33	24	40	47
Y_scaffold1	488119	39	36	23	18	30	12	36	39	28	28	37	28	42	34	43	36	43	46	34	33	24	40	47
Y_scaffold1	488120	39	36	23	18	30	12	36	39	28	28	38	28	41	34	43	36	43	46	34	33	23	39	47
Y_scaffold1	488121	39	38	23	19	30	12	36	41	27	29	39	27	41	34	44	35	44	47	34	33	23	40	47
Y_scaffold1	488122	38	38	22	18	29	12	36	39	29	30	38	27	41	31	44	35	44	47	37	33	23	41	48
Y_scaffold1	488123	37	38	22	17	29	13	36	39	29	30	39	27	41	31	44	35	44	48	37	33	22	40	48
Y_scaffold1	488124	35	38	22	17	30	13	36	40	30	31	39	27	40	31	44	35	44	49	37	33	22	40	48
Y_scaffold1	488125	34	38	22	17	29	14	35	40	29	31	39	27	40	31	45	35	43	49	37	32	22	40	47
Y_scaffold1	488126	34	38	23	17	29	14	34	40	31	31	39	27	40	32	45	35	43	50	37	33	21	40	47
Y_scaffold1	488127	33	38	23	17	29	14	32	40	31	31	39	27	40	33	45	35	43	48	37	33	21	40	47
Y_scaffold1	488128	33	38	23	17	29	14	32	40	32	31	38	27	41	34	44	36	43	48	36	34	21	41	47
Y_scaffold1	488129	31	37	23	17	29	14	33	39	32	31	38	26	40	34	44	35	45	47	36	32	20	41	45
Y_scaffold1	488130	31	37	24	17	29	14	34	39	31	31	37	26	40	35	44	35	45	47	36	31	20	41	45
Y_scaffold1	488131	31	37	24	17	29	14	34	37	31	31	37	26	40	35	44	35	45	46	36	31	20	41	46
Y_scaffold1	488132	33	37	24	17	29	14	35	37	31	31	37	26	39	35	44	35	45	46	36	30	20	42	47
Y_scaffold1	488133	33	38	24	17	29	15	35	35	31	31	37	26	39	37	44	36	45	45	37	29	22	42	47
Y_scaffold1	488134	33	38	24	18	29	15	35	35	31	31	37	27	39	35	46	36	44	45	37	29	23	42	47
Y_scaffold1	488135	33	38	25	18	29	15	35	36	31	31	37	27	39	35	46	36	44	45	37	29	23	41	47
Y_scaffold1	488136	33	38	25	17	29	15	34	36	32	31	38	27	39	35	46	36	44	45	38	28	23	41	47
Y_scaffold1	488137	34	37	25	19	30	15	35	35	32	31	40	27	40	35	46	36	44	45	38	28	23	42	46
Y_scaffold1	488138	33	37	25	18	29	17	35	34	31	32	40	27	40	34	46	36	44	44	39	28	23	42	43
Y_scaffold1	488139	33	37	25	20	29	17	35	34	31	32	40	27	40	33	46	36	43	44	39	28	24	42	42
Y_scaffold1	488140	33	37	25	20	28	17	35	34	31	32	40	27	40	33	46	36	43	43	38	28	25	40	43
Y_scaffold1	488141	33	38	25	21	28	17	35	34	32	32	40	27	40	33	46	37	42	43	37	27	25	40	42
Y_scaffold1	488142	33	36	26	20	28	17	35	34	32	32	39	27	40	33	46	37	42	43	37	27	25	40	42
Y_scaffold1	488143	33	37	26	20	28	19	35	33	32	32	39	27	40	34	46	37	42	44	37	27	26	39	42
Y_scaffold1	488144	33	37	25	20	27	19	35	31	32	32	39	25	39	34	45	37	41	44	38	27	26	39	40
Y_scaffold1	488145	33	37	26	20	27	19	35	31	32	32	39	26	39	34	45	38	41	44	38	26	26	38	40
Y_scaffold1	488146	33	37	26	20	27	19	36	31	32	32	41	25	39	34	45	38	41	45	38	26	26	38	41
Y_scaffold1	488147	32	38	27	20	26	19	37	30	32	31	41	25	39	34	44	38	41	45	39	26	26	38	41
Y_scaffold1	488148	32	38	26	20	26	19	38	30	32	31	42	24	39	34	43	38	41	45	39	26	26	39	41
Y_scaffold1	488149	32	37	26	20	26	19	38	30	32	31	42	24	39	34	43	37	40	44	39	26	25	39	41
Y_scaffold1	488150	32	37	26	20	26	19	38	30	32	31	42	24	39	33	43	37	41	44	39	27	24	37	41
Y_scaffold1	488151	32	36	27	19	26	19	38	30	32	31	43	24	39	33	44	37	40	43	39	27	23	37	41
Y_scaffold1	488152	31	36	27	19	27	19	38	31	32	31	43	25	39	33	44	37	41	43	39	27	22	37	41
Y_scaffold1	488153	31	36	27	19	27	19	38	29	32	31	44	25	38	33	44	37	41	43	39	26	22	37	40
Y_scaffold1	488154	30	34	27	19	27	18	38	29	33	31	44	26	39	33	43	37	41	43	39	26	22	37	41
Y_scaffold1	488155	30	34	26	19	28	18	38	29	33	31	44	29	38	32	43	37	41	43	38	27	23	36	41
Y_scaffold1	488156	30	33	25	19	28	18	37	29	33	32	44	30	38	32	43	37	41	43	38	27	23	35	41
Y_scaffold1	488157	30	34	25	19	27	18	37	29	33	32	44	30	38	32	43	37	41	43	37	27	23	35	41
Y_scaffold1	488158	30	34	26	19	28	18	37	29	33	32	44	29	38	32	44	38	40	43	37	28	23	35	41
Y_scaffold1	488159	30	34	26	19	28	17	37	29	33	32	44	29	38	32	44	38	40	43	37	29	23	35	41
Y_scaffold1	488160	30	34	26	19	28	17	37	29	33	32	44	30	34	32	44	38	39	43	36	29	23	34	40
Y_scaffold1	488161	30	34	26	19	29	17	37	29	34	32	45	30	34	32	44	37	38	43	36	29	24	34	40
Y_scaffold1	488162	30	33	26	20	28	17	36	29	34	32	44	30	35	32	43	37	37	43	36	29	24	34	40
Y_scaffold1	488163	30	34	26	21	28	17	35	29	35	33	46	30	36	33	43	38	38	43	36	30	24	35	40
Y_scaffold1	488164	30	34	26	22	27	17	36	28	35	33	46	30	36	33	43	37	38	42	36	30	24	35	40
Y_scaffold1	488165	30	34	26	22	27	16	35	28	35	31	45	30	36	32	42	36	38	42	36	29	24	35	39
Y_scaffold1	488166	31	35	26	21	27	17	36	28	36	31	44	30	36	31	42	35	38	42	36	29	24	37	37
Y_scaffold1	488167	31	34	26	22	28	17	36	28	36	31	45	31	35	31	43	36	38	42	36	30	25	37	37
Y_scaffold1	488168	31	34	26	22	28	17	35	28	36	31	46	30	35	30	42	39	38	41	35	29	25	37	37
Y_scaffold1	488169	31	34	26	23	29	17	35	28	35	31	46	30	34	30	44	39	38	41	35	29	25	38	37
Y_scaffold1	488170	31	36	26	24	29	17	36	28	35	31	46	31	34	31	44	39	38	41	35	29	25	38	37
Y_scaffold1	488171	31	36	26	24	29	18	36	28	36	31	46	31	35	31	44	40	38	42	35	29	25	39	37
Y_scaffold1	488172	31	36	26	24	28	18	36	28	36	31	46	32	36	31	44	40	38	42	35	28	25	40	38
Y_scaffold1	488173	31	36	26	26	28	18	36	28	37	32	46	34	36	32	44	38	37	42	34	28	26	40	37
Y_scaffold1	488174	31	36	25	26	28	18	36	28	36	31	46	34	35	32	44	37	37	42	32	28	26	40	37
Y_scaffold1	488175	31	37	25	26	27	18	36	28	36	31	46	34	35	32	44	36	38	41	32	28	25	40	36
Y_scaffold1	488176	33	38	27	26	27	19	38	28	36	33	45	34	36	34	44	36	40	42	32	28	26	39	36
Y_scaffold1	488177	32	38	27	26	27	18	39	28	34	33	44	34	36	34	44	36	40	42	31	27	25	38	37
Y_scaffold1	488178	32	38	27	27	27	17	39	27	34	33	45	35	37	33	44	36	40	42	31	28	26	38	37
Y_scaffold1	488179	32	38	27	27	27	18	39	27	34	33	45	34	36	32	44	36	40	41	31	28	26	36	36
Y_scaffold1	488180	33	37	27	27	27	17	39	30	35	33	45	34	36	32	44	36	39	41	31	28	25	36	35
Y_scaffold1	488181	33	37	27	27	27	17	39	29	34	33	45	35	36	32	44	35	39	42	30	28	25	36	35
Y_scaffold1	488182	34	37	27	27	27	17	39	31	34	33	45	35	36	31	44	34	39	43	30	28	24	37	35
Y_scaffold1	488183	34	36	27	27	27	17	39	30	34	33	45	35	36	31	42	35	40	43	31	28	24	37	36
Y_scaffold1	488184	34	36	30	26	27	18	39	30	35	33	45	35	36	31	42	35	40	42	30	27	24	37	36
Y_scaffold1	488185	34	36	30	26	27	18	39	30	35	33	44	35	36	31	42	35	39	42	31	27	24	37	36
Y_scaffold1	488186	34	36	32	26	28	18	39	30	35	34	44	35	37	31	42	35	38	42	31	26	25	36	36
Y_scaffold1	488187	35	35	32	26	28	18	38	30	35	34	45	36	37	30	43	35	38	42	32	26	25	36	35
Y_scaffold1	488188	35	35	32	26	29	18	39	29	35	34	44	36	36	29	42	35	38	40	31	25	26	36	35
Y_scaffold1	488189	35	35	33	26	30	20	39	29	35	35	44	36	36	29	42	37	39	41	31	25	27	36	35
Y_scaffold1	488190	35	35	33	26	30	20	40	32	35	35	45	36	36	29	41	37	39	41	31	25	28	36	36
Y_scaffold1	488191	35	35	33	28	29	20	38	32	35	34	44	36	35	29	41	37	38	41	31	25	28	35	36
Y_scaffold1	488192	35	36	34	28	29	20	37	32	34	32	43	36	35	29	40	37	38	40	31	24	28	36	37
Y_scaffold1	488193	35	36	34	28	29	20	38	33	34	32	43	36	35	29	40	37	38	40	31	24	29	36	37
Y_scaffold1	488194	36	36	34	28	30	20	39	33	34	33	44	35	36	29	42	38	38	40	31	25	28	38	36
Y_scaffold1	488195	36	36	34	28	29	20	38	34	34	32	45	35	37	29	42	38	39	38	32	25	30	39	35
Y_scaffold1	488196	36	36	34	29	28	20	38	34	34	32	45	34	37	29	41	38	39	38	32	26	30	40	35
Y_scaffold1	488197	36	33	34	30	28	20	39	35	35	34	45	34	38	29	42	38	42	38	33	26	31	40	37
Y_scaffold1	488198	36	32	34	30	29	20	38	34	34	33	45	33	37	29	41	37	42	38	33	26	30	39	38
Y_scaffold1	488199	37	32	34	30	29	20	38	34	34	33	45	33	38	29	42	39	42	38	33	26	31	40	38
Y_scaffold1	488200	38	32	34	30	29	20	38	33	34	33	46	33	38	29	42	39	42	37	33	26	31	39	38
Y_scaffold1	488201	38	32	34	30	28	20	38	33	34	33	46	33	38	29	42	38	42	37	33	26	31	38	38
Y_scaffold1	488202	38	32	34	30	29	20	38	31	34	35	44	33	37	29	42	38	42	37	33	26	31	37	38
Y_scaffold1	488203	38	33	35	30	29	22	38	31	34	36	43	33	37	28	42	38	41	39	33	27	31	37	38
Y_scaffold1	488204	37	33	35	30	29	22	39	31	34	36	44	33	37	28	41	39	41	39	32	28	30	36	38
Y_scaffold1	488205	37	34	35	30	29	22	39	32	33	36	43	33	38	28	41	39	42	39	32	28	30	36	39
Y_scaffold1	488206	37	33	35	30	29	22	39	33	33	36	43	31	38	28	41	39	42	38	32	28	30	37	39
Y_scaffold1	488207	36	33	35	30	28	22	39	33	33	36	43	31	38	28	41	39	40	37	33	28	30	37	39
Y_scaffold1	488208	33	32	35	30	28	22	38	33	32	36	43	30	38	28	41	38	40	37	33	27	30	38	39
Y_scaffold1	488209	34	31	36	31	27	22	37	33	33	36	44	30	36	28	41	37	39	37	33	27	30	39	41
Y_scaffold1	488210	34	31	37	31	27	22	36	33	33	36	44	29	36	29	41	36	39	38	34	27	31	39	40
Y_scaffold1	488211	33	31	36	31	27	22	36	33	33	35	44	29	36	30	43	35	39	38	34	27	31	38	40
Y_scaffold1	488212	33	31	36	31	27	22	36	33	34	36	44	29	36	30	44	35	39	38	35	27	31	40	40
Y_scaffold1	488213	33	31	35	30	27	22	36	33	34	36	44	28	34	30	43	35	39	38	36	27	31	39	40
Y_scaffold1	488214	33	31	35	31	27	22	36	33	34	36	45	29	35	31	43	34	39	39	35	27	31	39	41
Y_scaffold1	488215	33	32	35	31	28	23	36	33	34	35	45	31	36	30	44	34	39	41	34	27	30	40	40
Y_scaffold1	488216	34	31	36	31	29	23	36	33	36	34	45	31	36	30	44	34	39	40	34	27	30	40	40
Y_scaffold1	488217	33	31	36	31	28	23	36	33	36	33	45	31	36	30	43	36	39	41	34	26	30	40	40
Y_scaffold1	488218	33	32	36	31	28	23	37	33	36	33	45	31	36	31	44	36	39	41	34	25	30	40	39
Y_scaffold1	488219	33	32	35	31	28	24	37	32	36	32	45	32	36	31	44	35	39	41	35	25	30	41	39
Y_scaffold1	488220	32	32	36	30	27	24	36	33	36	32	44	30	36	30	43	34	39	41	34	24	30	41	39
Y_scaffold1	488221	32	33	35	30	27	24	36	34	36	32	44	30	36	30	44	34	39	41	35	25	30	41	39
Y_scaffold1	488222	32	33	35	30	29	24	36	34	36	32	45	30	36	30	44	34	40	41	35	25	30	41	40
Y_scaffold1	488223	32	33	35	30	29	24	35	32	35	32	44	30	36	30	44	34	40	42	35	25	30	41	40
Y_scaffold1	488224	32	33	36	30	28	24	35	32	35	31	43	30	36	30	44	35	41	42	35	25	30	41	40
Y_scaffold1	488225	32	33	36	30	28	24	35	31	35	31	43	30	36	30	44	35	40	42	34	24	30	41	40
Y_scaffold1	488226	32	35	36	30	29	23	36	30	35	32	43	30	35	30	43	36	40	43	33	26	30	41	40
Y_scaffold1	488227	31	34	36	30	29	23	36	30	35	32	43	30	34	31	42	36	39	44	34	24	30	41	41
Y_scaffold1	488228	31	34	36	30	29	22	36	30	35	33	43	30	34	32	42	36	39	44	34	24	30	41	40
Y_scaffold1	488229	31	34	36	30	29	23	36	29	35	34	44	30	33	32	42	36	39	44	34	24	30	41	40
Y_scaffold1	488230	31	35	35	30	29	23	36	29	35	34	44	30	33	32	43	38	38	44	34	24	30	43	40
Y_scaffold1	488231	31	35	35	32	30	22	35	29	35	34	45	31	34	32	44	38	38	45	34	24	31	41	40
Y_scaffold1	488232	31	35	35	33	30	22	36	29	35	34	47	31	33	33	44	38	38	45	34	25	32	41	40
Y_scaffold1	488233	31	34	35	33	30	22	36	29	34	35	45	30	34	32	44	38	38	45	34	25	32	41	41
Y_scaffold1	488234	31	34	35	33	30	22	36	29	34	35	44	30	34	32	43	38	39	45	33	25	34	41	41
Y_scaffold1	488235	32	34	35	33	29	22	36	28	34	34	43	30	34	32	43	38	38	46	33	25	34	40	39
Y_scaffold1	488236	32	34	35	32	29	22	39	27	33	35	43	29	34	32	42	38	38	46	33	24	34	41	39
Y_scaffold1	488237	33	36	35	32	29	22	39	27	33	36	42	29	34	31	43	39	37	45	32	24	35	41	40
Y_scaffold1	488238	33	36	33	32	29	23	40	27	34	36	42	29	35	31	43	39	36	45	32	25	35	41	41
Y_scaffold1	488239	33	36	33	32	29	23	41	27	34	35	43	29	35	31	42	38	36	45	32	25	35	40	41
Y_scaffold1	488240	33	36	34	31	31	23	40	28	35	35	45	30	36	31	44	38	36	46	33	25	35	39	41
Y_scaffold1	488241	33	34	34	31	31	22	40	29	34	35	45	30	37	31	43	36	36	44	33	25	35	39	42
Y_scaffold1	488242	33	34	34	31	31	22	40	29	34	36	46	31	37	31	44	36	37	44	33	25	35	40	42
Y_scaffold1	488243	32	34	34	31	31	22	40	30	34	36	46	30	37	31	44	36	37	44	33	25	35	40	43
Y_scaffold1	488244	32	35	32	30	31	22	40	30	34	35	46	30	37	32	44	37	38	43	34	25	35	40	42
Y_scaffold1	488245	32	35	33	30	31	22	40	30	33	36	46	30	37	32	44	37	38	42	34	25	35	40	42
Y_scaffold1	488246	31	35	33	30	30	22	40	30	33	36	46	30	34	32	42	37	36	42	34	25	35	40	42
Y_scaffold1	488247	30	35	33	30	29	23	41	30	33	36	45	31	34	33	41	38	35	41	35	25	35	39	41
Y_scaffold1	488248	30	35	32	30	29	23	41	30	34	34	45	32	34	33	41	37	35	41	35	25	35	39	41
Y_scaffold1	488249	29	37	32	30	29	25	41	31	34	34	46	33	34	33	42	36	35	41	35	25	35	39	43
Y_scaffold1	488250	29	37	31	30	28	25	41	31	32	34	46	33	32	33	42	36	35	41	35	25	36	39	44
Y_scaffold1	488251	29	37	31	30	28	25	41	30	33	34	46	33	33	33	42	36	35	41	35	25	36	39	45
Y_scaffold1	488252	28	36	31	30	30	25	41	30	32	34	45	34	33	33	41	36	34	44	33	25	36	40	44
Y_scaffold1	488253	28	36	31	29	30	25	41	30	32	33	44	34	33	34	41	36	34	43	33	25	35	40	45
Y_scaffold1	488254	28	36	31	29	30	25	41	30	33	33	42	34	33	34	41	37	35	43	33	25	36	40	44
Y_scaffold1	488255	28	36	30	29	30	25	41	29	33	34	42	34	32	34	43	37	36	42	33	25	36	41	44
Y_scaffold1	488256	28	37	30	29	30	25	40	30	33	34	42	34	32	34	42	37	36	42	33	25	36	41	43
Y_scaffold1	488257	28	37	31	29	30	25	40	30	33	34	42	34	32	33	43	37	36	44	34	25	36	42	43
Y_scaffold1	488258	28	36	31	29	29	25	40	30	33	35	42	34	32	33	43	37	36	44	34	25	36	42	42
Y_scaffold1	488259	28	36	31	29	29	25	40	30	34	35	42	34	32	31	42	37	37	44	34	25	37	42	43
Y_scaffold1	488260	28	36	32	28	29	25	40	30	34	36	42	34	31	29	42	38	36	45	33	25	37	42	42
Y_scaffold1	488261	27	36	32	29	30	24	40	30	34	35	42	34	31	29	42	37	35	45	33	25	37	42	42
Y_scaffold1	488262	27	36	32	29	29	24	40	29	34	35	42	33	30	29	42	37	35	44	33	25	37	42	42
Y_scaffold1	488263	27	36	31	29	28	24	39	29	34	35	42	33	30	29	42	38	37	44	34	25	36	42	42
Y_scaffold1	488264	26	36	31	30	28	24	39	29	34	35	41	33	31	29	42	38	36	45	33	25	37	42	42
Y_scaffold1	488265	25	35	31	31	28	24	39	29	34	35	41	32	31	29	42	39	36	45	33	24	37	42	42
Y_scaffold1	488266	25	35	31	31	26	24	40	30	33	34	41	32	31	28	41	39	37	45	33	24	37	40	43
Y_scaffold1	488267	25	35	32	31	26	24	39	30	34	34	41	32	31	27	43	39	37	45	33	24	37	38	43
Y_scaffold1	488268	26	35	31	31	26	24	39	30	32	34	41	32	32	27	45	40	37	45	34	24	37	38	43
Y_scaffold1	488269	26	35	31	31	25	24	38	29	32	34	40	32	32	27	45	40	36	45	35	24	36	38	43
Y_scaffold1	488270	26	35	31	31	25	24	38	28	32	34	39	32	32	27	45	40	36	44	35	25	36	37	43
Y_scaffold1	488271	26	34	31	30	25	24	38	27	31	32	39	32	32	27	44	39	36	44	34	26	37	36	41
Y_scaffold1	488272	26	34	31	31	25	24	38	27	31	32	39	32	32	27	44	40	37	45	32	26	37	36	42
Y_scaffold1	488273	26	34	31	31	25	23	38	27	31	32	39	32	31	28	45	39	38	44	33	27	37	38	43
Y_scaffold1	488274	26	34	31	31	24	23	38	26	30	31	40	32	31	28	45	39	39	43	33	27	37	38	43
Y_scaffold1	488275	26	33	31	31	24	22	38	26	30	32	40	32	31	28	44	40	39	43	33	27	37	38	43
Y_scaffold1	488276	26	33	30	32	24	23	37	27	29	32	40	32	31	27	45	40	39	42	33	26	37	39	43
Y_scaffold1	488277	26	33	30	32	24	23	37	26	28	32	40	33	31	25	46	39	39	42	33	24	37	38	43
Y_scaffold1	488278	26	34	29	32	24	23	37	27	28	32	40	34	30	26	46	38	39	43	34	24	37	38	43
Y_scaffold1	488279	26	34	29	32	24	23	36	27	28	32	40	35	31	27	46	38	37	43	34	24	36	38	43
Y_scaffold1	488280	25	33	28	33	25	26	34	27	29	33	40	34	31	26	46	38	37	43	35	24	36	38	43
Y_scaffold1	488281	24	33	28	33	25	26	34	27	29	33	40	35	31	27	46	38	37	43	35	24	36	37	43
Y_scaffold1	488282	23	33	28	33	25	26	34	28	29	34	40	36	31	26	47	39	37	43	35	24	36	37	43
Y_scaffold1	488283	23	32	28	33	25	25	34	28	29	34	40	36	31	25	47	38	37	43	35	24	34	37	43
Y_scaffold1	488284	24	32	30	33	25	25	34	29	28	34	41	36	31	24	45	38	37	43	35	24	33	37	43
Y_scaffold1	488285	24	31	29	33	25	26	34	28	28	34	40	36	30	25	45	38	37	43	38	24	33	37	43
Y_scaffold1	488286	24	32	30	33	25	26	34	28	28	34	40	36	30	25	45	38	36	44	37	24	33	37	42
Y_scaffold1	488287	24	32	30	31	25	26	33	28	28	34	38	36	29	25	45	38	36	44	36	24	33	36	42
Y_scaffold1	488288	25	32	30	31	25	25	33	29	28	33	37	36	32	25	46	38	36	43	35	24	32	37	42
Y_scaffold1	488289	26	33	31	29	25	25	33	29	28	35	37	37	32	25	46	38	36	43	34	25	33	38	42
Y_scaffold1	488290	25	33	31	29	25	25	33	29	28	35	37	37	33	26	46	38	37	43	37	25	33	38	41
Y_scaffold1	488291	25	32	31	28	25	25	33	29	27	35	37	37	33	26	46	38	37	43	37	25	33	38	41
Y_scaffold1	488292	25	32	30	28	25	25	33	29	27	35	36	37	33	26	46	38	37	43	37	25	33	38	41
Y_scaffold1	488293	25	31	30	28	26	23	33	31	27	35	36	38	33	26	46	38	40	42	37	26	31	38	41
Y_scaffold1	488294	26	31	32	29	26	23	33	31	27	35	37	38	33	26	46	38	41	42	36	27	32	39	41
Y_scaffold1	488295	26	31	31	29	28	23	33	30	27	35	37	37	33	26	45	37	41	42	37	27	32	40	42
Y_scaffold1	488296	26	31	32	29	28	23	31	30	28	36	35	38	33	26	45	37	41	41	37	27	32	41	41
Y_scaffold1	488297	27	30	32	29	28	23	30	30	28	36	35	38	33	26	45	37	41	41	36	27	32	41	41
Y_scaffold1	488298	27	30	32	29	28	23	30	31	28	36	35	38	33	26	45	37	42	41	36	27	32	41	42
Y_scaffold1	488299	27	30	32	30	28	23	30	31	28	35	35	38	33	26	45	37	42	42	36	27	32	40	42
Y_scaffold1	488300	27	30	32	30	28	23	31	31	28	35	35	38	34	26	45	37	41	42	36	26	32	40	42
Y_scaffold1	488301	28	30	30	30	28	23	29	31	28	36	35	38	34	26	43	37	41	42	36	26	32	40	42
Y_scaffold1	488302	28	30	32	30	28	23	29	31	28	36	34	38	34	27	44	37	40	43	36	27	32	40	41
Y_scaffold1	488303	28	30	32	30	29	23	28	31	28	36	34	37	33	28	47	38	41	43	36	27	33	40	40
Y_scaffold1	488304	28	30	32	30	29	23	28	31	28	36	34	37	33	28	47	38	41	43	36	27	33	41	40
Y_scaffold1	488305	29	32	33	30	28	23	29	31	28	36	34	35	33	28	48	38	42	44	37	27	32	41	40
Y_scaffold1	488306	29	32	33	30	29	23	29	31	28	35	34	34	33	27	47	38	41	43	37	28	32	41	41
Y_scaffold1	488307	29	31	33	30	30	23	29	31	29	36	36	34	34	27	45	37	43	43	37	28	32	40	42
Y_scaffold1	488308	29	31	32	30	30	23	30	32	29	36	36	34	34	28	46	37	43	43	37	27	32	40	42
Y_scaffold1	488309	30	31	32	30	29	23	30	33	29	36	35	34	35	28	46	37	43	42	37	28	32	40	42
Y_scaffold1	488310	30	31	32	30	29	23	30	33	29	36	35	33	35	28	46	37	43	42	37	28	32	40	42
Y_scaffold1	488311	30	31	32	30	29	23	30	33	29	36	35	33	35	28	45	37	43	42	37	27	31	40	41
Y_scaffold1	488312	30	32	33	28	30	25	31	33	29	36	33	33	37	27	46	36	43	42	37	28	31	40	41
Y_scaffold1	488313	30	32	33	28	30	27	31	33	29	36	35	33	36	27	49	36	43	43	37	28	31	40	41
Y_scaffold1	488314	30	31	33	27	30	27	29	33	29	36	35	33	35	27	50	36	43	43	38	28	32	38	41
Y_scaffold1	488315	30	31	33	27	30	26	29	33	28	36	35	33	35	27	50	36	43	42	38	28	31	39	41
Y_scaffold1	488316	30	31	33	26	30	27	29	33	28	36	35	33	35	27	50	35	43	43	38	28	31	39	41
Y_scaffold1	488317	31	31	34	25	30	27	30	33	28	37	34	33	36	27	49	35	43	42	39	27	30	38	41
Y_scaffold1	488318	31	30	34	24	30	28	29	33	27	36	34	33	36	27	50	33	43	42	39	28	30	38	40
Y_scaffold1	488319	31	30	34	24	30	28	29	33	27	36	35	33	36	27	48	33	43	42	39	27	30	37	40
Y_scaffold1	488320	32	29	34	24	30	28	28	33	27	36	36	32	36	27	48	33	43	42	40	28	31	38	42
Y_scaffold1	488321	33	29	34	24	30	28	28	34	26	37	36	32	35	27	48	32	43	43	40	29	31	39	42
Y_scaffold1	488322	33	29	34	24	30	28	28	34	26	37	36	31	35	27	48	32	43	43	40	29	31	38	42
Y_scaffold1	488323	34	29	35	22	30	28	28	34	25	35	36	29	35	26	48	32	43	43	41	29	31	38	42
Y_scaffold1	488324	34	28	35	22	30	28	27	35	25	35	36	29	35	25	48	32	43	43	41	29	30	38	42
Y_scaffold1	488325	34	27	34	22	33	28	27	35	26	34	37	29	36	25	48	33	43	42	40	29	30	38	44
Y_scaffold1	488326	33	27	34	22	33	27	26	39	26	33	37	30	35	25	48	33	42	42	40	29	30	38	43
Y_scaffold1	488327	33	27	34	22	33	27	26	38	26	33	38	30	35	25	48	34	43	42	40	29	30	38	42
Y_scaffold1	488328	32	27	35	21	33	27	26	37	26	34	37	29	35	25	48	34	44	42	39	28	29	41	42
Y_scaffold1	488329	33	27	35	21	33	27	26	37	25	35	37	29	35	27	48	34	45	42	39	28	30	41	42
Y_scaffold1	488330	32	28	36	21	33	27	27	35	25	38	37	29	35	28	48	35	45	43	39	28	30	41	42
Y_scaffold1	488331	31	29	36	22	33	29	27	34	26	38	37	28	35	28	49	36	45	45	41	28	30	41	42
Y_scaffold1	488332	31	29	36	22	34	30	28	33	28	39	37	28	36	30	49	36	47	45	41	28	30	41	42
Y_scaffold1	488333	31	29	36	22	34	30	29	34	27	39	37	29	36	31	49	35	46	46	40	29	30	42	42
Y_scaffold1	488334	31	29	32	22	34	29	29	35	26	39	38	29	36	31	50	35	47	47	40	29	29	42	42
Y_scaffold1	488335	32	30	31	22	33	29	29	35	26	38	39	29	36	31	50	36	47	48	40	29	29	43	43
Y_scaffold1	488336	32	30	31	22	33	29	29	35	26	38	39	29	39	31	51	38	47	50	42	29	30	44	44
Y_scaffold1	488337	31	30	31	22	33	29	29	35	26	39	38	29	39	31	50	38	45	51	41	29	30	44	45
Y_scaffold1	488338	33	30	30	22	33	29	28	36	27	39	38	29	39	32	50	36	46	51	42	30	29	43	46
Y_scaffold1	488339	33	30	30	22	32	27	28	37	27	38	38	29	40	32	50	34	45	50	42	30	28	44	47
Y_scaffold1	488340	33	30	29	22	32	27	27	34	27	39	37	29	41	32	50	34	45	50	43	30	27	44	46
Y_scaffold1	488341	33	31	30	20	32	28	27	34	27	39	38	29	41	34	50	34	45	50	44	30	27	44	46
Y_scaffold1	488342	34	30	29	20	32	28	30	34	27	40	39	29	42	34	51	35	46	50	44	31	27	43	45
Y_scaffold1	488343	34	30	29	20	32	28	29	34	27	40	38	30	41	34	51	35	46	51	44	30	27	43	46
Y_scaffold1	488344	34	30	29	20	31	28	29	34	27	39	38	31	41	34	50	34	46	51	44	30	25	44	47
Y_scaffold1	488345	35	32	30	19	31	29	30	33	28	39	38	31	40	35	50	34	46	51	43	29	25	42	47
Y_scaffold1	488346	35	32	30	19	31	29	30	33	27	38	38	31	40	35	50	34	44	51	44	29	24	42	47
Y_scaffold1	488347	35	32	30	19	31	29	29	32	27	38	39	31	39	35	51	34	43	51	43	30	24	42	45
Y_scaffold1	488348	35	32	31	19	31	30	29	32	27	38	39	32	39	35	50	34	43	51	43	31	24	42	44
Y_scaffold1	488349	34	32	33	20	31	30	29	32	27	39	39	32	39	35	50	33	45	51	43	32	23	41	44
Y_scaffold1	488350	33	32	33	20	31	30	29	33	27	39	39	32	39	35	50	33	46	51	44	32	24	43	43
Y_scaffold1	488351	33	32	33	20	30	30	29	33	27	38	39	32	39	35	50	33	46	51	44	32	24	43	43
Y_scaffold1	488352	34	32	32	20	31	30	29	33	27	36	40	32	39	35	51	33	46	49	45	32	24	43	43
Y_scaffold1	488353	34	32	32	20	31	28	29	33	27	36	42	31	39	35	51	32	46	49	47	32	24	43	43
Y_scaffold1	488354	36	31	32	20	32	29	28	33	27	37	44	32	39	35	51	31	45	51	49	31	24	43	44
Y_scaffold1	488355	35	30	32	20	32	29	28	32	27	37	44	33	38	35	51	32	45	53	49	33	24	44	46
Y_scaffold1	488356	35	30	32	20	32	30	26	32	27	38	44	33	38	34	51	33	45	55	49	33	24	44	46
Y_scaffold1	488357	35	30	32	21	32	30	26	32	27	39	43	33	38	34	51	33	45	55	48	33	24	45	45
Y_scaffold1	488358	35	30	32	21	32	30	26	32	26	39	43	33	38	34	51	33	46	55	48	33	24	44	45
Y_scaffold1	488359	34	32	32	20	32	30	26	32	26	39	43	35	40	36	52	36	46	55	48	33	25	43	44
Y_scaffold1	488360	35	32	32	20	32	31	26	32	27	39	42	35	40	35	52	36	46	54	47	34	25	43	44
Y_scaffold1	488361	35	33	32	20	33	31	26	33	27	39	42	35	39	34	50	36	47	54	47	34	25	43	43
Y_scaffold1	488362	35	33	33	20	33	31	26	34	26	38	42	36	40	34	49	37	47	54	47	34	25	42	43
Y_scaffold1	488363	35	33	34	19	34	32	27	35	26	38	42	36	41	34	49	37	47	54	47	34	25	43	45
Y_scaffold1	488364	36	33	34	19	34	31	27	35	26	38	41	34	40	33	49	37	49	52	47	34	25	43	46
Y_scaffold1	488365	36	32	34	19	32	31	27	35	25	38	41	33	40	32	49	37	49	51	47	33	25	43	46
Y_scaffold1	488366	35	32	33	19	33	31	27	36	24	38	41	34	40	32	49	37	49	51	47	33	25	43	46
Y_scaffold1	488367	35	32	33	19	33	32	27	36	24	38	41	34	40	33	50	36	50	50	47	32	25	43	46
Y_scaffold1	488368	35	31	33	19	34	33	26	37	24	39	41	34	40	32	49	36	51	51	48	32	25	43	46
Y_scaffold1	488369	35	31	33	19	34	33	26	37	24	39	41	33	39	32	49	37	52	51	47	32	26	42	46
Y_scaffold1	488370	35	29	32	19	32	33	26	35	24	39	42	33	39	32	49	37	51	52	46	31	26	43	45
Y_scaffold1	488371	35	29	32	19	32	33	26	35	25	39	43	33	41	32	49	37	51	52	46	31	26	43	45
Y_scaffold1	488372	35	30	32	19	32	33	27	36	25	39	43	33	41	33	49	37	53	52	46	31	26	43	44
Y_scaffold1	488373	35	30	31	19	32	33	27	36	25	39	44	33	42	33	49	36	52	51	46	31	26	43	44
Y_scaffold1	488374	35	28	31	19	31	33	26	36	25	39	44	33	42	33	49	35	52	51	46	29	26	43	44
Y_scaffold1	488375	35	29	31	19	31	33	26	36	25	39	44	33	43	33	48	35	52	51	46	29	26	43	44
Y_scaffold1	488376	35	30	31	19	31	34	25	36	25	39	44	34	43	32	48	35	52	50	46	30	26	43	45
Y_scaffold1	488377	36	30	31	19	31	34	25	36	26	39	43	34	43	32	48	35	52	50	46	30	26	43	44
Y_scaffold1	488378	36	30	31	19	31	34	26	37	26	38	43	34	44	31	49	35	52	50	46	30	27	45	44
Y_scaffold1	488379	36	30	31	19	31	33	26	37	26	37	41	34	44	31	49	35	52	50	47	30	27	45	44
Y_scaffold1	488380	35	29	31	19	30	33	26	37	26	37	41	33	43	30	49	35	52	48	47	30	27	44	44
Y_scaffold1	488381	35	29	31	17	30	33	27	38	26	37	39	33	43	30	49	36	52	48	47	30	26	44	44
Y_scaffold1	488382	35	29	31	17	30	33	28	38	26	37	39	34	43	30	49	36	52	48	47	29	25	44	44
Y_scaffold1	488383	35	29	31	17	31	33	28	39	27	36	40	34	42	32	49	36	53	49	47	29	25	44	44
Y_scaffold1	488384	36	29	31	17	31	33	28	39	27	36	41	34	42	32	49	36	52	49	47	29	23	44	44
Y_scaffold1	488385	35	29	31	17	31	33	27	39	27	36	41	34	42	32	50	36	52	48	46	29	23	44	44
Y_scaffold1	488386	35	29	32	20	31	33	24	40	27	35	41	34	42	32	50	36	52	48	46	29	23	43	44
Y_scaffold1	488387	34	27	32	20	31	33	24	40	27	34	41	34	42	32	50	36	52	48	46	29	22	43	44
Y_scaffold1	488388	34	27	32	20	31	32	23	40	26	34	42	34	41	32	50	35	52	48	46	28	22	43	43
Y_scaffold1	488389	34	27	32	20	31	33	22	41	25	34	41	34	42	32	51	35	52	48	46	28	22	44	43
Y_scaffold1	488390	34	27	31	20	29	33	22	40	24	33	40	34	40	32	49	35	52	47	45	28	22	45	44
Y_scaffold1	488391	34	28	31	20	30	33	23	40	24	33	39	34	41	32	49	37	52	46	45	28	22	44	44
Y_scaffold1	488392	34	29	32	20	31	34	23	41	24	32	41	33	41	32	49	37	52	47	45	28	22	44	44
Y_scaffold1	488393	34	29	32	20	31	34	23	40	24	32	41	33	42	32	49	37	52	47	45	28	22	44	44
Y_scaffold1	488394	34	28	32	20	30	34	23	40	24	32	42	33	42	31	49	36	51	47	44	29	22	44	44
Y_scaffold1	488395	34	28	31	20	30	34	23	41	24	31	42	33	42	30	49	37	51	47	44	30	22	44	44
Y_scaffold1	488396	34	28	31	19	30	34	24	41	24	31	42	32	42	30	50	38	50	47	43	30	23	44	45
Y_scaffold1	488397	34	28	32	19	30	33	23	41	24	32	42	32	43	30	51	37	50	47	43	30	23	44	45
Y_scaffold1	488398	34	28	32	19	30	32	23	41	23	32	42	31	43	30	51	37	50	47	43	30	23	44	45
Y_scaffold1	488399	34	28	32	20	30	31	23	40	23	32	41	30	43	31	50	38	49	47	44	30	23	45	43
Y_scaffold1	488400	34	29	32	21	30	31	24	40	23	33	41	30	43	31	51	38	49	47	44	31	22	45	42
Y_scaffold1	488401	34	28	32	21	30	31	25	41	22	33	41	30	41	31	51	38	49	46	44	31	22	44	41
Y_scaffold1	488402	34	28	33	21	28	31	25	43	22	33	41	30	41	31	51	38	49	44	44	31	22	44	41
Y_scaffold1	488403	34	28	33	23	28	31	25	43	22	34	41	30	42	30	51	38	49	44	44	31	22	44	41
Y_scaffold1	488404	34	28	33	22	28	31	25	43	21	34	41	30	42	30	51	37	48	44	44	31	21	44	41
Y_scaffold1	488405	35	29	34	23	28	30	25	42	21	33	41	32	42	30	50	37	47	44	44	31	21	42	40
Y_scaffold1	488406	35	29	34	23	28	30	25	42	21	34	41	31	42	30	50	37	48	45	43	31	21	42	41
Y_scaffold1	488407	35	29	34	23	28	31	26	42	22	35	41	32	42	30	50	38	47	44	42	32	21	44	41
Y_scaffold1	488408	35	29	34	23	29	32	26	42	22	34	41	32	42	30	50	38	47	44	43	32	21	44	41
Y_scaffold1	488409	36	28	33	23	29	32	26	42	21	33	41	32	42	30	50	37	47	44	43	32	20	45	40
Y_scaffold1	488410	36	28	34	23	29	32	26	42	21	33	41	33	43	30	50	37	46	43	44	32	20	45	40
Y_scaffold1	488411	36	28	34	22	28	32	26	42	21	34	41	33	43	30	50	37	46	42	44	32	20	45	40
Y_scaffold1	488412	37	28	34	22	28	32	26	42	22	35	41	35	43	31	51	38	48	43	44	35	23	46	40
Y_scaffold1	488413	37	28	34	22	28	32	26	43	22	35	41	35	43	31	51	37	46	43	42	35	23	46	41
Y_scaffold1	488414	38	28	34	21	28	32	26	43	22	35	41	35	42	31	50	37	46	42	43	35	22	46	41
Y_scaffold1	488415	38	28	36	20	28	32	26	43	23	35	41	35	42	31	50	36	46	42	43	36	22	46	41
Y_scaffold1	488416	38	28	36	20	28	33	25	42	23	37	40	35	42	30	50	36	45	42	43	36	22	46	40
Y_scaffold1	488417	37	29	35	21	29	33	25	42	22	37	39	34	42	30	48	36	45	41	43	36	22	46	40
Y_scaffold1	488418	36	29	35	21	30	33	26	42	22	37	39	34	41	30	46	35	45	41	42	36	22	46	40
Y_scaffold1	488419	36	29	35	21	31	33	26	42	23	37	39	34	41	30	45	35	45	42	42	36	22	46	40
Y_scaffold1	488420	36	28	35	23	31	34	27	42	23	37	40	35	42	30	45	35	45	42	42	36	22	46	40
Y_scaffold1	488421	36	28	35	23	31	34	27	42	22	37	40	35	42	30	45	35	44	41	42	35	21	46	40
Y_scaffold1	488422	36	28	35	22	31	34	27	42	23	37	39	35	42	30	44	34	44	40	42	35	22	44	39
Y_scaffold1	488423	36	28	35	22	31	34	27	43	23	37	38	35	42	31	45	34	42	40	41	34	22	44	38
Y_scaffold1	488424	36	28	35	22	32	34	27	43	24	37	39	35	42	31	45	35	42	40	41	34	22	44	38
Y_scaffold1	488425	36	28	35	21	32	34	27	43	23	36	40	35	42	31	44	34	42	40	41	34	22	43	39
Y_scaffold1	488426	36	28	35	21	33	33	27	42	23	36	40	35	42	31	44	34	42	40	41	34	23	43	39
Y_scaffold1	488427	36	28	36	21	33	34	28	42	23	36	40	34	42	31	43	34	42	40	40	35	23	43	41
Y_scaffold1	488428	36	27	36	21	34	34	28	41	23	36	40	32	41	29	43	34	42	39	40	35	24	43	42
Y_scaffold1	488429	36	27	36	20	34	31	28	41	22	35	40	33	41	29	43	34	42	39	39	35	24	42	41
Y_scaffold1	488430	36	27	36	20	34	31	28	41	22	35	40	33	41	29	43	34	42	39	39	35	24	42	42
Y_scaffold1	488431	36	27	36	20	34	31	28	41	22	35	40	32	41	28	43	34	42	39	39	35	24	43	42
Y_scaffold1	488432	36	27	36	20	34	31	28	40	22	35	40	31	42	28	44	33	42	39	39	35	24	44	42
Y_scaffold1	488433	35	27	36	20	34	31	28	40	22	35	39	31	42	28	44	33	42	39	38	35	24	44	42
Y_scaffold1	488434	36	27	34	19	35	31	28	39	22	36	40	31	42	29	44	33	43	39	38	34	24	44	42
Y_scaffold1	488435	36	27	34	19	35	30	28	39	22	36	40	31	42	28	44	33	43	39	35	34	24	44	42
Y_scaffold1	488436	36	26	33	19	35	31	28	38	21	36	40	31	42	28	43	34	43	39	35	34	24	45	42
Y_scaffold1	488437	33	26	32	19	35	30	28	39	22	35	41	31	41	28	42	34	43	39	35	34	23	44	43
Y_scaffold1	488438	34	26	32	19	35	31	28	39	22	35	41	31	40	28	42	33	43	39	36	35	23	45	43
Y_scaffold1	488439	34	26	32	19	36	31	29	39	22	34	41	31	40	28	42	33	43	40	36	35	24	45	43
Y_scaffold1	488440	34	26	32	19	36	31	29	39	22	34	42	31	39	27	42	33	42	40	33	35	24	45	43
Y_scaffold1	488441	35	26	32	19	36	31	29	38	23	34	42	31	38	28	43	33	41	40	33	35	25	46	43
Y_scaffold1	488442	35	26	32	19	36	31	29	38	23	34	42	30	39	29	43	33	42	42	33	34	25	46	46
Y_scaffold1	488443	35	26	32	19	35	31	29	37	23	34	42	30	39	28	44	33	40	42	33	35	25	46	46
Y_scaffold1	488444	34	26	30	18	35	31	29	37	23	35	41	30	39	28	44	33	39	42	33	35	24	45	46
Y_scaffold1	488445	34	26	31	19	34	31	29	37	23	38	41	30	41	28	44	35	39	43	32	36	24	44	45
Y_scaffold1	488446	33	26	31	19	34	32	29	37	22	37	41	29	41	28	44	35	39	44	32	36	25	43	45
Y_scaffold1	488447	34	26	30	21	34	32	29	37	23	37	41	30	41	29	45	34	39	44	32	36	25	43	46
Y_scaffold1	488448	34	26	30	21	34	32	30	36	23	37	40	30	41	30	45	34	38	44	32	36	25	43	45
Y_scaffold1	488449	35	26	30	21	34	32	30	36	24	37	42	30	41	30	46	34	40	44	32	37	25	44	45
Y_scaffold1	488450	36	26	30	21	34	32	29	36	24	37	42	30	40	30	46	34	40	44	32	37	25	44	46
Y_scaffold1	488451	35	26	29	22	34	32	29	35	24	36	41	30	40	30	45	34	40	44	32	37	25	44	46
Y_scaffold1	488452	35	26	28	22	33	33	30	36	24	36	41	29	42	29	46	35	40	43	32	36	25	45	46
Y_scaffold1	488453	35	26	28	22	32	33	30	36	23	37	43	32	42	30	43	34	39	43	32	36	25	45	45
Y_scaffold1	488454	34	24	28	22	32	33	29	36	23	37	43	32	43	30	43	34	39	43	31	35	25	44	45
Y_scaffold1	488455	34	24	27	23	32	33	30	36	23	37	43	33	42	30	43	34	38	42	31	35	25	44	45
Y_scaffold1	488456	34	24	28	23	29	33	30	35	22	37	42	33	43	29	42	35	37	42	31	34	25	44	44
Y_scaffold1	488457	35	24	30	23	29	33	30	35	22	36	42	33	43	29	42	37	37	42	30	34	25	44	44
Y_scaffold1	488458	35	24	30	24	30	33	29	37	22	36	42	33	43	29	43	37	38	42	30	34	25	44	44
Y_scaffold1	488459	35	24	30	24	30	33	29	36	21	36	42	33	42	29	44	37	38	42	30	32	25	44	44
Y_scaffold1	488460	36	24	30	24	30	33	30	37	22	36	43	33	42	29	45	37	38	42	30	33	27	44	44
Y_scaffold1	488461	36	22	30	24	29	32	30	37	21	36	43	33	40	30	45	37	38	42	30	33	27	43	45
Y_scaffold1	488462	36	22	29	24	29	30	29	37	21	36	43	33	39	30	44	37	37	42	30	33	27	43	45
Y_scaffold1	488463	36	22	29	24	29	29	29	38	21	36	41	33	39	30	42	37	37	41	29	34	27	43	45
Y_scaffold1	488464	36	22	29	24	29	29	28	38	21	36	41	34	39	30	41	37	37	42	29	34	26	43	45
Y_scaffold1	488465	34	22	29	24	29	30	30	38	22	36	42	35	40	30	41	38	37	42	29	34	26	42	45
Y_scaffold1	488466	34	22	29	24	28	29	30	38	22	36	42	36	41	31	41	39	37	41	30	34	26	42	45
Y_scaffold1	488467	34	23	28	25	28	29	31	38	22	35	42	36	40	31	41	39	37	41	30	34	26	43	45
Y_scaffold1	488468	34	23	28	25	28	28	31	38	22	35	41	37	40	31	40	38	37	41	30	33	25	43	47
Y_scaffold1	488469	33	23	28	24	28	28	31	38	22	35	39	37	40	31	40	38	37	41	29	33	25	43	47
Y_scaffold1	488470	32	23	28	24	29	27	31	39	22	36	39	37	40	31	41	38	37	39	29	33	25	40	45
Y_scaffold1	488471	32	23	28	25	30	27	31	38	22	35	40	37	40	31	41	38	38	39	29	32	25	40	46
Y_scaffold1	488472	33	23	28	25	30	27	31	38	22	36	41	37	39	31	41	38	38	39	29	33	25	40	45
Y_scaffold1	488473	32	25	28	25	30	27	31	38	21	36	41	37	40	32	41	37	38	40	28	33	24	40	45
Y_scaffold1	488474	34	26	28	26	29	27	31	35	21	36	42	36	39	31	41	37	37	40	28	33	23	40	44
Y_scaffold1	488475	34	27	28	26	27	27	31	35	21	36	42	36	39	32	41	37	36	40	28	33	23	40	43
Y_scaffold1	488476	34	27	27	26	27	27	30	33	21	37	42	36	40	32	42	37	35	40	28	33	23	41	43
Y_scaffold1	488477	35	27	27	26	27	27	29	33	21	37	41	36	40	32	42	36	35	40	28	33	24	42	44
Y_scaffold1	488478	35	26	26	26	27	26	29	33	21	35	41	36	40	30	43	36	34	40	28	34	24	39	44
Y_scaffold1	488479	34	26	27	26	27	26	29	33	21	34	41	36	40	29	43	36	33	40	28	34	24	39	44
Y_scaffold1	488480	35	26	26	26	27	26	29	33	21	33	41	37	40	29	44	35	33	39	28	34	24	39	45
Y_scaffold1	488481	35	25	26	25	27	24	29	33	20	34	41	37	40	29	44	34	33	36	26	34	24	38	45
Y_scaffold1	488482	35	25	26	26	27	23	28	33	19	33	41	38	41	27	44	34	31	35	28	35	24	41	47
Y_scaffold1	488483	36	26	26	27	27	23	27	32	19	33	41	37	41	26	45	34	30	35	28	35	23	40	46
Y_scaffold1	488484	36	25	26	28	27	24	28	32	19	33	40	38	40	27	44	35	30	32	27	36	24	39	44
Y_scaffold1	488485	36	25	26	29	27	24	29	32	19	33	39	38	40	26	44	36	30	32	28	36	24	39	44
Y_scaffold1	488486	37	25	27	29	28	24	30	32	19	33	39	38	37	26	43	34	30	31	26	36	23	38	43
Y_scaffold1	488487	36	25	27	30	28	24	30	32	19	32	39	37	37	26	43	34	31	31	26	36	23	38	42
Y_scaffold1	488488	35	25	27	31	27	25	30	31	18	33	40	37	37	26	43	34	31	32	25	35	23	38	41
Y_scaffold1	488489	35	25	27	31	27	24	30	30	18	33	40	37	34	28	45	35	31	32	24	35	24	39	40
Y_scaffold1	488490	36	25	27	31	27	24	30	30	18	32	41	37	34	28	46	35	32	34	24	35	24	40	40
Y_scaffold1	488491	36	24	26	32	27	24	30	31	18	32	40	37	36	27	46	35	32	34	23	35	24	40	40
Y_scaffold1	488492	35	24	26	33	27	25	27	31	19	31	39	37	35	27	45	35	31	35	23	35	25	40	40
Y_scaffold1	488493	35	24	26	33	27	25	27	30	19	31	39	36	35	26	45	35	31	37	24	35	25	39	39
Y_scaffold1	488494	35	24	26	33	27	27	27	30	20	32	38	35	36	26	44	35	31	37	24	35	25	38	38
Y_scaffold1	488495	34	23	27	33	27	26	27	31	19	32	38	35	37	25	45	37	30	37	24	35	25	38	40
Y_scaffold1	488496	34	23	27	33	27	25	27	31	19	32	38	35	37	25	45	37	31	37	23	34	26	38	40
Y_scaffold1	488497	34	23	27	32	27	26	27	31	20	33	38	35	37	25	44	37	32	37	23	34	26	38	40
Y_scaffold1	488498	34	23	26	32	26	26	27	31	20	33	38	34	37	25	44	37	33	37	23	33	26	38	40
Y_scaffold1	488499	34	23	24	31	26	26	28	32	20	32	38	34	36	25	45	36	31	37	23	32	26	38	40
Y_scaffold1	488500	34	23	24	31	25	27	28	31	21	33	37	35	36	25	46	36	30	37	22	32	25	36	40
Y_scaffold1	488501	34	23	25	31	25	27	28	31	21	33	36	37	36	25	46	36	30	37	21	31	25	36	40
Y_scaffold1	488502	34	22	25	31	25	27	28	31	21	33	34	37	36	26	46	36	30	37	19	31	25	36	40
Y_scaffold1	488503	34	22	25	31	26	27	28	32	21	33	34	36	37	26	46	36	30	37	19	31	25	36	40
Y_scaffold1	488504	32	22	25	31	25	26	28	32	21	32	32	37	37	26	47	36	30	35	17	31	25	37	39
Y_scaffold1	488505	32	22	26	31	25	27	30	32	21	32	33	36	37	26	47	35	29	33	17	29	25	36	36
Y_scaffold1	488506	32	22	26	30	25	26	31	31	21	31	33	36	37	26	47	34	29	31	17	29	25	35	36
Y_scaffold1	488507	33	23	26	30	25	28	33	31	22	32	33	35	36	26	47	32	29	31	17	29	25	35	38
Y_scaffold1	488508	33	24	25	30	26	28	33	31	22	33	33	35	36	24	46	32	29	31	18	29	25	35	38
Y_scaffold1	488509	33	23	26	31	26	28	34	31	24	34	34	35	36	24	46	31	29	31	18	29	24	35	38
Y_scaffold1	488510	32	23	25	31	26	27	34	30	23	34	34	36	37	24	46	31	29	31	19	28	23	35	38
Y_scaffold1	488511	32	24	26	31	25	27	34	30	23	34	34	36	37	24	46	31	29	31	19	28	23	36	38
Y_scaffold1	488512	32	25	25	31	26	27	35	29	23	34	34	37	36	24	48	30	29	31	18	28	23	37	39
Y_scaffold1	488513	32	25	24	31	25	26	34	28	23	35	34	37	36	24	48	30	29	32	17	28	23	36	38
Y_scaffold1	488514	31	25	24	31	25	27	34	29	23	35	36	37	36	24	47	29	27	32	17	28	23	37	37
Y_scaffold1	488515	31	25	24	31	26	27	34	29	23	36	36	37	36	24	47	29	28	32	17	30	23	38	38
Y_scaffold1	488516	31	25	24	31	25	27	34	28	23	36	36	36	36	24	47	29	27	32	18	30	23	38	38
Y_scaffold1	488517	31	26	24	31	25	26	34	28	23	36	36	37	36	23	46	29	27	32	18	31	23	39	38
Y_scaffold1	488518	31	26	25	31	24	25	34	28	23	35	36	37	36	23	46	30	27	32	17	32	24	39	38
Y_scaffold1	488519	31	28	25	31	24	25	34	29	23	36	36	37	36	23	46	29	26	35	17	33	24	39	38
Y_scaffold1	488520	31	28	25	31	24	26	34	29	23	36	35	37	37	23	46	30	26	35	17	33	24	38	38
Y_scaffold1	488521	31	28	25	31	24	26	33	29	22	36	34	37	35	23	45	31	26	35	17	33	24	38	38
Y_scaffold1	488522	31	27	25	31	24	26	34	28	22	36	35	37	35	22	45	32	24	38	17	34	24	38	38
Y_scaffold1	488523	31	27	25	31	24	26	35	28	22	35	34	40	34	22	45	32	24	38	17	34	24	38	38
Y_scaffold1	488524	32	28	28	31	28	26	35	28	22	35	34	40	33	22	45	32	24	39	18	34	24	39	37
Y_scaffold1	488525	32	27	28	32	28	27	35	29	22	35	34	40	33	22	45	32	24	38	18	35	24	39	37
Y_scaffold1	488526	32	27	28	32	28	26	36	29	22	34	34	39	33	22	45	32	24	38	17	34	24	39	36
Y_scaffold1	488527	31	27	28	32	28	26	37	29	22	34	34	39	33	22	44	32	25	38	17	34	24	39	36
Y_scaffold1	488528	31	27	28	32	28	26	36	28	22	34	34	40	32	22	45	31	25	38	16	34	23	38	37
Y_scaffold1	488529	31	28	28	32	28	26	34	27	23	34	33	39	32	24	45	30	27	39	17	35	23	37	38
Y_scaffold1	488530	31	28	28	31	28	27	34	27	23	34	33	39	32	24	44	29	27	39	17	35	23	37	40
Y_scaffold1	488531	31	28	29	31	28	27	34	27	23	34	33	39	32	24	44	29	27	39	17	35	23	37	40
Y_scaffold1	488532	31	28	30	31	27	27	34	26	22	35	32	40	33	23	44	29	27	38	17	35	24	37	39
Y_scaffold1	488533	31	28	30	31	29	27	34	26	22	35	32	40	33	22	44	29	26	38	18	35	24	37	39
Y_scaffold1	488534	30	28	30	29	30	27	34	25	23	35	32	40	33	22	44	29	26	38	18	35	24	37	41
Y_scaffold1	488535	31	28	30	28	31	28	34	25	24	35	32	40	33	22	45	29	26	38	19	36	24	38	41
Y_scaffold1	488536	31	28	30	28	31	28	34	25	24	35	32	40	34	22	45	30	26	38	21	36	25	38	41
Y_scaffold1	488537	31	28	30	28	32	28	35	25	24	35	32	41	34	24	44	29	26	39	22	36	25	38	41
Y_scaffold1	488538	31	29	30	28	32	28	36	25	24	35	32	41	35	24	44	29	27	39	22	36	25	38	41
Y_scaffold1	488539	31	28	30	28	32	27	36	24	24	37	32	41	35	24	43	29	27	39	22	36	25	37	41
Y_scaffold1	488540	30	27	30	28	31	27	36	23	24	37	31	40	34	24	42	29	27	39	22	36	25	36	39
Y_scaffold1	488541	30	27	31	28	31	28	35	22	25	37	32	40	35	26	43	29	27	40	22	36	25	36	42
Y_scaffold1	488542	30	27	30	28	30	27	35	22	25	37	32	40	36	26	43	29	26	39	22	36	25	36	42
Y_scaffold1	488543	30	27	31	28	30	27	35	23	26	37	34	40	38	26	43	29	27	40	22	36	25	36	42
Y_scaffold1	488544	30	27	31	28	30	27	35	24	26	37	33	40	38	26	43	29	27	40	23	35	25	37	42
Y_scaffold1	488545	31	27	31	28	30	27	35	23	27	37	33	40	39	26	43	28	27	40	23	34	25	37	42
Y_scaffold1	488546	31	27	31	28	30	27	34	23	27	37	37	41	39	26	42	28	27	41	23	34	25	38	41
Y_scaffold1	488547	31	27	30	28	30	27	34	23	27	36	37	41	38	27	42	28	27	41	23	34	25	37	41
Y_scaffold1	488548	31	25	30	27	30	27	34	23	27	36	37	41	38	27	42	27	27	41	22	34	25	37	41
Y_scaffold1	488549	31	25	31	28	30	27	33	23	27	38	38	42	38	26	42	29	28	41	22	34	25	38	41
Y_scaffold1	488550	32	23	30	27	30	28	32	21	27	37	38	41	39	26	41	30	28	41	22	34	25	38	41
Y_scaffold1	488551	33	23	30	27	30	28	32	21	27	37	38	44	38	26	41	30	29	41	22	34	25	38	43
Y_scaffold1	488552	33	23	30	25	30	28	32	21	27	36	38	44	38	26	41	30	29	42	22	34	25	38	42
Y_scaffold1	488553	32	23	30	25	30	28	32	21	27	36	38	44	38	26	41	30	29	42	23	34	25	38	42
Y_scaffold1	488554	32	21	31	24	30	28	32	21	28	36	39	46	39	26	40	31	30	42	24	35	25	38	42
Y_scaffold1	488555	31	21	30	24	30	28	32	21	28	36	39	44	39	26	41	31	30	42	24	35	25	38	42
Y_scaffold1	488556	31	21	29	24	30	28	32	21	28	34	39	44	39	26	41	30	29	41	24	35	25	36	41
Y_scaffold1	488557	31	21	29	24	29	26	33	21	27	34	39	43	39	26	41	30	30	40	24	33	25	37	41
Y_scaffold1	488558	31	21	29	24	31	26	34	21	27	34	39	43	39	25	40	29	28	39	24	31	25	38	41
Y_scaffold1	488559	29	21	28	25	31	26	33	21	28	33	39	42	38	25	41	29	29	39	25	31	25	37	42
Y_scaffold1	488560	29	21	28	25	31	26	33	21	28	33	39	41	38	25	41	29	29	39	25	31	25	36	42
Y_scaffold1	488561	28	21	29	25	31	26	33	21	28	33	39	41	38	25	41	29	29	39	25	31	22	36	42
Y_scaffold1	488562	28	21	29	25	31	26	34	21	27	32	40	42	38	25	41	29	29	39	25	31	22	36	42
Y_scaffold1	488563	28	22	29	25	31	26	34	20	27	32	41	42	38	25	41	29	29	39	25	31	22	36	41
Y_scaffold1	488564	28	23	28	26	31	25	34	20	26	32	41	42	38	26	41	29	29	39	24	30	22	36	41
Y_scaffold1	488565	28	23	28	26	31	25	34	20	26	32	41	42	38	26	41	29	29	39	24	30	22	36	41
Y_scaffold1	488566	31	23	28	27	31	25	35	20	26	30	41	42	38	26	41	29	29	41	24	30	22	36	42
Y_scaffold1	488567	31	23	28	26	30	26	35	20	27	30	41	42	39	27	41	29	29	40	25	30	22	36	42
Y_scaffold1	488568	31	23	28	26	29	26	34	20	27	30	41	42	39	28	41	29	30	42	24	29	23	36	42
Y_scaffold1	488569	31	23	28	24	28	26	34	20	26	30	41	42	39	28	41	29	30	41	24	29	23	36	42
Y_scaffold1	488570	31	23	28	24	28	25	33	20	26	30	40	41	38	28	41	29	30	41	25	29	23	36	42
Y_scaffold1	488571	31	23	28	24	28	25	33	19	25	30	40	41	38	29	41	29	31	42	25	29	24	36	42
Y_scaffold1	488572	31	23	28	24	28	25	33	19	25	30	40	41	38	30	41	29	31	42	25	29	24	36	42
Y_scaffold1	488573	31	23	28	24	28	26	33	19	25	30	40	41	38	29	40	29	31	42	25	29	24	36	42
Y_scaffold1	488574	31	24	28	24	27	28	34	19	24	30	39	41	39	29	40	28	31	42	25	29	24	36	42
Y_scaffold1	488575	31	24	28	24	27	28	34	19	25	30	39	41	39	29	40	28	31	42	25	29	24	36	40
Y_scaffold1	488576	31	24	28	25	26	28	35	19	25	30	39	41	39	29	40	28	31	42	25	29	23	36	40
Y_scaffold1	488577	31	25	27	25	27	27	34	19	25	31	39	42	39	29	40	28	31	42	25	28	23	36	39
Y_scaffold1	488578	31	25	27	25	26	28	34	19	25	32	39	41	40	29	40	28	32	42	25	28	22	36	37
Y_scaffold1	488579	31	25	28	26	26	28	34	19	25	32	39	42	40	29	41	29	32	42	25	28	23	36	36
Y_scaffold1	488580	31	26	28	27	27	28	34	19	25	32	39	42	39	29	40	29	32	42	25	28	23	34	36
Y_scaffold1	488581	32	27	28	27	27	29	34	20	25	32	39	42	39	29	41	29	32	43	25	28	24	34	36
Y_scaffold1	488582	32	27	28	27	27	29	34	20	25	33	39	42	39	29	41	29	32	43	26	28	24	34	36
Y_scaffold1	488583	32	27	28	27	27	29	34	20	25	33	38	42	39	30	41	29	31	43	26	28	24	34	36
Y_scaffold1	488584	32	27	28	27	27	29	34	20	25	32	38	41	40	29	43	29	31	44	26	28	24	35	36
Y_scaffold1	488585	32	27	28	27	28	29	34	20	24	32	38	42	40	29	43	28	31	45	26	29	24	35	36
Y_scaffold1	488586	32	28	28	27	29	28	34	19	25	32	38	41	40	30	42	28	31	44	27	29	24	35	35
Y_scaffold1	488587	33	28	28	27	29	29	34	19	26	32	38	42	39	31	42	28	31	44	27	28	24	35	35
Y_scaffold1	488588	33	28	29	27	29	28	34	19	26	32	39	42	40	33	42	28	31	45	26	27	25	34	36
Y_scaffold1	488589	33	28	29	27	28	28	33	19	26	33	39	43	40	33	42	29	31	45	26	27	24	34	36
Y_scaffold1	488590	34	28	30	27	28	28	33	20	26	34	38	44	40	33	42	29	31	45	26	27	24	34	36
Y_scaffold1	488591	33	28	30	27	28	28	33	20	25	35	38	44	40	31	42	29	31	45	26	27	23	33	36
Y_scaffold1	488592	33	28	30	29	28	28	33	20	25	35	38	44	39	32	43	29	31	43	26	27	23	35	35
Y_scaffold1	488593	33	28	32	29	30	29	34	20	25	32	39	45	38	32	43	28	31	43	26	25	23	35	35
Y_scaffold1	488594	33	29	31	29	30	29	34	20	25	32	39	45	37	32	43	27	33	43	26	25	23	35	36
Y_scaffold1	488595	33	29	31	28	29	29	34	21	26	31	39	45	37	32	43	27	34	42	26	24	24	35	36
Y_scaffold1	488596	33	29	30	29	29	28	34	21	26	31	40	45	37	32	43	27	34	41	26	24	23	35	36
Y_scaffold1	488597	32	29	30	28	29	28	34	21	25	31	40	44	37	31	42	27	34	41	26	24	24	35	35
Y_scaffold1	488598	31	30	30	28	29	30	34	22	25	31	40	44	37	30	42	28	33	40	27	23	24	33	35
Y_scaffold1	488599	31	30	31	27	29	30	34	22	24	31	39	44	37	30	41	28	33	42	27	23	24	33	36
Y_scaffold1	488600	30	30	31	27	29	29	34	22	24	31	39	44	36	30	41	28	33	42	27	23	24	33	35
Y_scaffold1	488601	30	30	31	26	30	29	33	22	25	31	39	44	36	29	41	29	33	42	27	23	24	34	35
Y_scaffold1	488602	33	30	31	26	30	29	33	21	26	30	38	42	35	29	41	29	33	42	27	23	24	35	35
Y_scaffold1	488603	34	30	32	26	30	29	33	21	26	30	37	41	35	29	41	30	33	42	27	23	23	36	35
Y_scaffold1	488604	34	30	32	26	30	30	33	22	26	30	37	40	34	29	40	30	33	41	27	24	23	36	34
Y_scaffold1	488605	36	32	32	26	30	31	33	24	27	30	38	41	34	29	40	30	33	41	27	25	23	37	34
Y_scaffold1	488606	36	32	32	26	30	31	33	26	27	30	37	41	33	29	40	29	32	41	28	25	23	37	34
Y_scaffold1	488607	35	32	31	26	30	31	33	26	27	30	37	41	33	29	41	27	32	41	29	25	23	37	34
Y_scaffold1	488608	35	33	31	26	29	31	33	25	27	30	37	41	33	29	41	27	31	41	29	25	23	38	34
Y_scaffold1	488609	35	33	31	27	30	31	32	24	27	30	36	42	33	29	42	27	32	42	29	24	24	38	34
Y_scaffold1	488610	35	34	31	28	30	31	34	24	26	30	37	43	33	29	42	27	32	42	29	24	22	39	35
Y_scaffold1	488611	35	34	31	28	31	32	34	24	26	30	39	43	33	28	42	27	32	42	29	23	22	39	34
Y_scaffold1	488612	35	34	31	28	31	32	34	24	26	29	41	43	34	28	43	27	32	42	30	23	23	40	35
Y_scaffold1	488613	35	34	31	28	32	32	34	23	26	30	41	42	34	28	42	28	32	42	31	23	23	40	35
Y_scaffold1	488614	35	34	31	28	34	33	32	23	26	30	40	41	35	28	44	27	32	42	32	23	23	40	36
Y_scaffold1	488615	35	33	31	28	34	32	32	23	25	30	41	40	35	28	44	28	33	43	32	23	23	40	37
Y_scaffold1	488616	34	33	31	30	34	32	33	23	25	30	41	39	34	28	44	27	33	43	31	23	23	40	37
Y_scaffold1	488617	34	33	31	29	35	34	32	23	25	30	41	39	34	28	45	27	33	44	32	23	23	42	38
Y_scaffold1	488618	34	33	31	29	34	34	33	23	25	30	41	39	34	28	45	27	34	44	33	23	23	43	36
Y_scaffold1	488619	35	33	31	29	34	34	33	23	25	30	41	39	34	29	45	27	35	44	34	23	23	43	36
Y_scaffold1	488620	35	33	32	29	35	34	33	23	25	29	41	39	34	29	46	27	35	46	34	22	22	43	37
Y_scaffold1	488621	36	33	32	28	34	34	32	23	25	29	41	39	34	29	47	27	34	46	35	22	23	43	36
Y_scaffold1	488622	33	30	32	27	34	34	32	23	27	29	41	39	34	29	48	27	34	45	36	21	23	43	36
Y_scaffold1	488623	33	29	33	28	35	34	32	23	27	30	41	39	35	28	48	27	35	46	36	22	23	43	37
Y_scaffold1	488624	33	30	33	28	35	34	32	23	27	30	39	39	35	28	48	27	35	46	36	22	23	43	38
Y_scaffold1	488625	33	29	33	28	35	34	32	23	27	30	39	39	35	27	48	27	35	46	36	22	24	43	38
Y_scaffold1	488626	32	29	33	29	35	34	32	25	27	29	39	39	36	27	47	27	35	46	37	22	25	42	40
Y_scaffold1	488627	31	29	33	30	36	34	32	25	29	30	40	39	36	27	47	28	35	47	37	23	24	42	39
Y_scaffold1	488628	31	29	33	30	37	34	31	25	30	30	40	39	35	27	46	28	35	47	37	22	24	43	39
Y_scaffold1	488629	31	31	33	31	37	34	31	26	30	30	40	39	35	29	47	28	36	47	38	22	23	43	39
Y_scaffold1	488630	30	31	33	32	38	35	31	27	30	29	40	38	34	30	45	29	37	47	38	22	23	42	38
Y_scaffold1	488631	30	31	33	33	39	35	31	27	30	29	40	38	34	30	46	29	37	47	38	21	23	42	38
Y_scaffold1	488632	30	32	33	32	39	35	32	27	29	30	40	37	33	30	46	31	38	48	36	22	23	40	36
Y_scaffold1	488633	29	31	33	31	39	35	32	27	29	30	40	37	33	31	45	31	38	49	37	23	25	40	36
Y_scaffold1	488634	28	31	33	30	39	35	31	26	29	30	41	36	35	30	46	29	37	49	37	22	24	41	36
Y_scaffold1	488635	27	31	33	29	39	35	30	26	31	30	41	36	35	30	47	28	37	49	36	22	24	41	36
Y_scaffold1	488636	28	31	32	29	38	36	31	28	31	30	42	36	36	30	47	28	36	47	36	22	24	41	36
Y_scaffold1	488637	28	31	32	29	38	36	31	28	32	31	43	37	36	30	47	28	37	46	37	22	25	41	36
Y_scaffold1	488638	28	31	32	28	38	35	33	29	32	30	42	38	36	29	47	29	36	45	37	22	25	41	36
Y_scaffold1	488639	28	31	32	28	38	35	33	29	33	31	42	39	36	27	44	28	36	44	37	23	24	39	36
Y_scaffold1	488640	28	31	33	28	38	35	33	28	33	31	42	39	36	27	44	28	35	43	37	23	24	39	36
Y_scaffold1	488641	28	31	33	27	38	35	33	28	33	31	43	39	34	26	44	28	35	43	37	23	24	40	36
Y_scaffold1	488642	28	31	33	26	38	34	33	28	32	31	43	40	34	26	44	28	35	42	37	23	23	40	36
Y_scaffold1	488643	27	31	33	26	38	33	33	29	32	32	43	42	33	27	45	29	35	42	36	23	22	39	36
Y_scaffold1	488644	27	31	33	26	38	33	34	29	32	32	43	42	33	27	45	29	35	42	36	23	23	39	36
Y_scaffold1	488645	27	31	31	26	38	34	33	28	32	32	43	42	32	27	45	27	35	42	37	23	23	39	35
Y_scaffold1	488646	29	32	34	26	39	36	33	33	32	31	43	43	32	28	46	27	35	42	39	23	22	39	35
Y_scaffold1	488647	29	32	34	26	39	35	33	33	31	31	42	43	32	28	46	27	34	42	39	22	22	39	35
Y_scaffold1	488648	29	33	35	26	39	35	34	33	31	31	44	43	32	29	45	27	33	43	41	23	22	39	36
Y_scaffold1	488649	29	34	35	27	40	35	33	34	31	31	44	43	33	30	44	27	33	44	41	23	23	41	36
Y_scaffold1	488650	29	34	35	28	41	37	33	35	31	31	44	43	33	31	44	27	33	44	41	24	23	42	36
Y_scaffold1	488651	30	34	34	28	41	38	33	36	31	31	44	41	33	31	44	27	33	44	41	24	23	42	36
Y_scaffold1	488652	30	34	34	28	41	38	33	36	31	31	45	41	33	30	44	28	33	44	41	24	23	42	38
Y_scaffold1	488653	30	35	34	28	40	37	32	35	31	31	45	41	32	30	45	28	33	44	41	25	23	43	39
Y_scaffold1	488654	30	35	33	28	40	37	31	35	31	31	43	40	32	30	44	28	33	44	41	26	23	42	39
Y_scaffold1	488655	30	34	33	28	40	36	31	35	30	32	43	41	32	30	45	28	34	44	42	26	23	42	38
Y_scaffold1	488656	30	34	33	28	40	36	30	35	31	33	43	41	32	30	45	28	34	44	42	26	23	42	39
Y_scaffold1	488657	29	33	33	28	40	36	28	35	31	32	43	40	32	30	45	28	34	45	43	26	23	42	38
Y_scaffold1	488658	29	32	33	28	40	36	28	35	31	30	43	41	32	31	45	28	34	45	42	27	23	42	38
Y_scaffold1	488659	29	32	32	27	40	36	28	35	29	30	42	42	32	31	47	28	34	45	42	27	23	42	38
Y_scaffold1	488660	29	31	32	27	40	36	28	36	30	30	42	41	31	31	47	29	34	46	41	27	23	42	39
Y_scaffold1	488661	29	31	31	27	40	35	28	36	30	30	42	41	31	31	48	29	34	46	41	27	23	42	39
Y_scaffold1	488662	29	31	31	27	39	35	27	37	31	30	43	39	32	32	49	30	34	47	41	28	23	41	39
Y_scaffold1	488663	29	31	31	27	39	35	28	37	31	31	43	39	31	32	49	31	35	46	41	28	23	41	39
Y_scaffold1	488664	29	31	31	27	39	36	29	36	31	31	41	39	31	32	49	31	35	47	41	29	24	39	39
Y_scaffold1	488665	29	31	31	27	38	36	29	37	31	31	42	39	31	32	48	31	35	47	42	28	24	38	38
Y_scaffold1	488666	29	32	30	27	38	36	29	37	31	32	42	39	31	32	50	33	35	47	42	28	24	38	39
Y_scaffold1	488667	29	31	30	27	38	36	29	37	32	32	43	38	32	32	50	32	35	47	42	27	23	37	40
Y_scaffold1	488668	29	31	30	27	38	36	29	37	32	32	43	38	32	32	50	32	35	47	42	26	23	37	40
Y_scaffold1	488669	29	30	30	27	39	35	29	36	32	31	43	38	32	32	50	32	35	45	42	25	22	37	40
Y_scaffold1	488670	29	30	30	27	39	35	29	36	32	31	43	39	31	32	51	32	35	43	42	25	23	39	40
Y_scaffold1	488671	29	30	31	27	39	35	28	37	32	32	41	39	31	32	51	30	36	41	42	24	23	40	40
Y_scaffold1	488672	29	28	32	27	38	35	28	37	32	33	41	40	31	32	51	30	36	41	42	24	23	40	40
Y_scaffold1	488673	29	28	32	27	36	35	27	37	32	33	41	38	31	32	51	30	37	41	42	24	23	39	41
Y_scaffold1	488674	32	28	31	28	36	35	27	37	32	34	41	38	32	34	51	30	37	40	41	25	23	39	42
Y_scaffold1	488675	33	28	31	27	37	34	27	36	31	35	41	38	32	34	51	30	37	40	41	24	23	39	42
Y_scaffold1	488676	33	28	31	27	37	34	26	36	32	36	41	39	33	34	51	30	37	40	43	24	23	39	42
Y_scaffold1	488677	33	28	31	27	37	34	25	36	31	36	41	38	33	35	51	30	36	41	43	24	24	40	42
Y_scaffold1	488678	33	28	31	27	37	34	25	36	31	36	41	38	34	35	50	30	36	41	44	23	24	39	42
Y_scaffold1	488679	34	27	31	27	37	34	25	36	31	36	43	39	34	33	49	30	35	40	44	23	24	39	41
Y_scaffold1	488680	34	27	32	28	37	34	25	38	31	36	43	39	34	33	50	30	35	40	44	24	25	39	39
Y_scaffold1	488681	34	28	31	28	37	34	25	39	31	35	43	40	34	33	50	30	35	40	44	24	25	39	39
Y_scaffold1	488682	34	29	30	28	37	35	26	40	31	35	43	39	33	33	52	30	35	40	45	24	25	39	40
Y_scaffold1	488683	34	29	30	28	35	35	26	40	31	35	42	39	34	33	53	30	35	40	44	24	25	40	38
Y_scaffold1	488684	34	29	30	28	34	35	27	40	32	35	42	41	34	33	53	30	35	40	44	25	25	40	38
Y_scaffold1	488685	33	29	29	28	33	35	27	40	31	35	42	41	34	33	51	30	35	40	43	24	25	39	39
Y_scaffold1	488686	33	29	29	28	33	35	27	41	31	35	42	41	34	33	51	29	35	40	41	24	24	39	39
Y_scaffold1	488687	33	29	29	28	32	35	26	41	31	35	42	40	34	31	51	29	35	39	40	24	24	39	38
Y_scaffold1	488688	33	28	29	29	32	35	26	42	31	35	41	40	33	31	51	29	34	39	41	24	24	39	38
Y_scaffold1	488689	33	28	30	30	33	35	26	42	31	33	40	40	31	32	52	29	34	40	41	24	24	39	38
Y_scaffold1	488690	34	28	30	31	33	34	27	42	30	33	40	40	31	31	51	29	35	41	42	24	25	39	37
Y_scaffold1	488691	34	28	29	32	33	34	27	43	30	33	40	40	31	31	51	28	35	40	42	24	25	39	35
Y_scaffold1	488692	34	28	29	32	34	34	27	43	30	33	39	40	30	31	52	28	35	39	42	24	25	39	35
Y_scaffold1	488693	34	28	28	32	34	35	27	42	29	33	38	40	28	32	52	28	34	39	42	24	25	39	34
Y_scaffold1	488694	34	29	28	32	34	35	27	41	30	33	39	40	28	32	52	28	34	39	41	24	25	40	35
Y_scaffold1	488695	33	29	28	34	34	36	27	41	30	33	40	40	27	33	53	28	34	40	41	24	25	40	35
Y_scaffold1	488696	33	29	28	34	35	36	27	42	30	33	36	39	27	32	53	26	34	39	41	24	24	39	35
Y_scaffold1	488697	34	29	29	34	35	36	27	44	30	32	36	39	27	33	54	27	33	40	41	24	24	38	35
Y_scaffold1	488698	34	30	29	33	35	36	27	44	30	31	35	39	27	33	54	26	33	40	41	24	24	38	35
Y_scaffold1	488699	33	30	28	33	36	36	27	44	30	31	36	39	26	33	54	26	34	41	41	23	24	38	35
Y_scaffold1	488700	34	30	28	33	36	35	27	43	30	32	36	39	26	33	56	25	33	41	41	23	24	39	35
Y_scaffold1	488701	33	30	28	33	36	35	27	43	30	32	36	36	26	33	57	26	32	41	42	24	25	41	33
Y_scaffold1	488702	33	30	28	33	36	35	28	43	30	32	36	36	26	33	57	26	32	40	40	25	26	41	34
Y_scaffold1	488703	35	30	27	34	36	35	29	44	29	32	36	35	27	33	59	27	32	40	40	25	26	41	34
Y_scaffold1	488704	35	30	27	35	36	35	29	44	29	32	36	34	27	33	60	26	31	40	41	24	27	41	34
Y_scaffold1	488705	35	30	27	35	36	35	28	46	30	32	37	34	27	34	58	27	31	41	41	25	27	41	34
Y_scaffold1	488706	35	30	27	36	36	35	28	46	30	32	37	34	27	35	58	27	30	41	41	25	27	41	34
Y_scaffold1	488707	35	30	27	36	36	35	28	46	30	32	37	35	27	35	58	28	30	41	40	25	27	40	34
Y_scaffold1	488708	35	30	27	36	34	35	27	46	30	32	37	35	27	35	58	28	30	41	39	25	27	39	34
Y_scaffold1	488709	36	31	27	35	34	35	27	46	29	32	37	34	27	35	58	31	29	41	39	25	27	39	33
Y_scaffold1	488710	36	32	27	35	34	36	27	46	29	34	37	34	27	35	58	31	29	41	41	26	27	39	33
Y_scaffold1	488711	38	32	26	35	34	36	27	46	29	34	37	34	27	35	58	31	29	42	41	26	27	40	34
Y_scaffold1	488712	38	31	26	35	35	37	26	46	29	34	36	33	27	35	58	31	29	42	42	26	27	40	34
Y_scaffold1	488713	38	31	26	36	35	37	27	46	29	34	35	33	28	35	58	32	29	42	42	26	27	40	34
Y_scaffold1	488714	37	30	25	35	35	38	27	48	29	34	35	34	28	34	58	32	29	42	43	26	27	40	34
Y_scaffold1	488715	36	31	25	37	35	38	27	48	29	34	35	34	28	34	58	32	29	40	43	26	27	40	34
Y_scaffold1	488716	34	32	25	36	35	38	27	48	29	34	35	34	28	33	58	33	30	40	43	26	28	40	33
Y_scaffold1	488717	34	32	26	36	35	37	27	49	28	34	35	35	27	33	58	33	31	40	42	26	28	41	35
Y_scaffold1	488718	34	32	26	36	35	38	27	49	28	34	35	35	27	32	58	33	30	38	42	26	27	41	35
Y_scaffold1	488719	34	32	27	36	35	38	27	50	28	34	36	35	30	31	58	33	30	38	42	26	27	41	35
Y_scaffold1	488720	34	32	27	37	35	38	27	50	28	34	36	35	30	31	59	36	30	37	42	26	25	41	36
Y_scaffold1	488721	34	32	27	37	35	39	27	51	28	34	36	36	33	31	60	36	30	37	42	26	25	41	36
Y_scaffold1	488722	34	33	27	37	35	39	27	51	28	34	36	36	33	30	61	36	30	38	42	26	25	41	36
Y_scaffold1	488723	34	33	27	37	35	38	27	51	29	34	36	36	33	30	61	36	30	38	43	26	25	41	36
Y_scaffold1	488724	34	33	27	37	35	36	26	51	29	34	35	36	32	30	61	37	30	38	44	26	25	41	36
Y_scaffold1	488725	34	33	28	37	34	36	26	51	28	35	35	37	32	31	61	38	30	38	44	27	25	41	36
Y_scaffold1	488726	34	33	29	36	34	37	25	51	28	35	35	37	32	31	62	38	30	38	44	27	26	43	36
Y_scaffold1	488727	34	33	29	37	34	36	25	51	28	36	35	37	32	31	62	38	30	38	46	29	26	44	37
Y_scaffold1	488728	34	33	29	37	34	37	26	51	29	35	35	37	31	31	62	38	29	38	46	29	26	44	37
Y_scaffold1	488729	34	33	28	36	34	37	26	51	29	34	35	36	31	31	61	37	29	40	46	29	25	45	37
Y_scaffold1	488730	33	32	28	35	33	37	26	51	29	35	35	36	31	31	61	37	29	40	46	32	25	45	37
Y_scaffold1	488731	34	31	28	35	33	36	26	51	29	35	36	36	31	31	60	38	29	39	46	32	24	45	37
Y_scaffold1	488732	34	31	29	35	33	36	26	51	29	34	37	36	31	31	60	38	29	39	45	32	24	45	37
Y_scaffold1	488733	34	31	29	35	33	37	26	51	29	34	37	37	31	32	59	39	29	39	46	32	24	44	37
Y_scaffold1	488734	33	32	30	35	32	37	27	51	32	34	37	37	30	32	58	40	30	38	46	34	24	44	38
Y_scaffold1	488735	33	32	30	35	31	37	27	51	32	35	38	36	30	32	58	40	30	37	46	33	25	43	38
Y_scaffold1	488736	31	31	30	35	30	37	27	51	31	35	37	35	30	30	58	41	30	36	45	34	24	43	39
Y_scaffold1	488737	32	32	30	35	30	36	27	51	32	35	37	35	30	30	59	41	31	36	46	34	24	43	39
Y_scaffold1	488738	32	32	29	35	30	36	27	52	32	35	36	35	29	28	59	41	31	36	46	34	24	43	38
Y_scaffold1	488739	31	31	28	35	30	36	28	51	33	32	36	33	29	28	60	40	31	35	46	34	24	42	38
Y_scaffold1	488740	31	32	28	34	30	36	28	51	33	32	36	34	29	28	60	40	30	35	47	34	24	41	37
Y_scaffold1	488741	31	32	28	33	30	37	28	51	33	32	36	34	29	29	61	40	30	35	47	35	24	41	37
Y_scaffold1	488742	33	33	28	33	28	37	28	51	33	32	35	34	29	28	61	40	31	35	47	35	24	41	36
Y_scaffold1	488743	34	32	27	32	28	35	27	50	33	32	35	34	29	28	60	40	30	35	47	35	23	41	36
Y_scaffold1	488744	34	32	27	33	28	35	27	50	34	32	35	34	29	28	61	40	29	36	47	37	23	41	36
