Y_scaffold1	978445	28	24	35	41	25	32	30	33	38	26	44	48	27	34	40	33	25	54	45	31	24	48	35
Y_scaffold1	978446	28	23	36	41	25	32	30	33	38	26	43	47	27	35	39	33	25	56	45	30	24	49	36
Y_scaffold1	978447	28	23	36	41	25	31	30	33	38	27	42	48	27	35	39	34	26	56	45	30	24	51	36
Y_scaffold1	978448	28	23	36	41	26	31	30	33	39	27	44	48	27	35	39	34	26	55	45	30	24	51	35
Y_scaffold1	978449	27	21	36	42	26	31	29	33	39	27	44	47	27	35	39	33	26	54	45	32	24	52	35
Y_scaffold1	978450	28	21	38	43	26	32	29	34	40	27	45	47	27	35	39	32	26	55	47	32	24	53	35
Y_scaffold1	978451	26	21	38	43	26	31	29	34	38	27	46	47	27	35	40	32	27	54	45	31	24	54	35
Y_scaffold1	978452	29	21	38	43	26	31	29	34	38	27	46	47	29	36	41	31	29	54	45	31	24	54	36
Y_scaffold1	978453	29	21	38	44	26	32	30	35	38	27	46	49	30	37	41	31	30	55	45	32	24	54	35
Y_scaffold1	978454	31	21	38	43	26	32	30	34	38	28	46	49	30	38	41	29	31	56	42	32	24	55	35
Y_scaffold1	978455	31	23	36	43	26	32	30	34	38	29	45	50	30	38	40	28	31	56	42	32	24	56	35
Y_scaffold1	978456	31	23	36	42	26	32	30	35	38	29	46	50	31	38	39	28	31	55	42	32	24	56	35
Y_scaffold1	978457	31	23	36	42	26	32	31	35	38	29	45	50	31	38	37	28	31	56	42	32	24	55	35
Y_scaffold1	978458	31	23	36	42	26	32	31	35	37	28	44	50	31	38	37	28	31	56	42	32	25	55	35
Y_scaffold1	978459	31	23	35	41	26	32	30	35	36	28	42	50	31	39	37	28	31	56	41	32	25	55	36
Y_scaffold1	978460	30	23	34	41	26	32	31	36	36	28	43	49	32	39	36	28	30	56	41	33	27	57	38
Y_scaffold1	978461	30	23	34	41	26	32	31	37	36	27	43	49	32	38	36	28	30	55	42	33	27	57	38
Y_scaffold1	978462	29	23	33	42	26	32	31	37	37	28	43	50	30	38	37	29	30	55	42	33	27	56	38
Y_scaffold1	978463	29	23	33	42	26	31	31	38	37	28	43	51	30	38	36	30	30	54	42	33	27	55	38
Y_scaffold1	978464	29	22	33	42	26	31	30	37	37	28	43	51	30	37	36	30	30	54	42	33	27	54	38
Y_scaffold1	978465	30	22	33	43	26	31	30	37	37	28	44	50	30	36	35	29	30	54	42	33	27	54	38
Y_scaffold1	978466	29	22	33	43	26	31	30	37	37	28	44	50	30	36	35	29	30	54	42	33	27	55	38
Y_scaffold1	978467	29	22	33	43	25	30	30	37	37	28	43	50	29	36	35	30	29	54	42	33	27	55	38
Y_scaffold1	978468	29	22	33	44	25	31	30	38	37	30	44	50	29	38	36	30	29	55	42	34	27	55	38
Y_scaffold1	978469	29	22	33	44	26	31	29	38	36	30	44	50	29	38	36	30	29	54	43	33	27	55	38
Y_scaffold1	978470	29	21	33	43	26	30	29	38	35	30	44	50	29	38	35	30	29	54	44	33	27	55	38
Y_scaffold1	978471	29	24	34	43	27	30	30	38	35	30	44	51	29	38	36	32	29	54	43	34	27	54	41
Y_scaffold1	978472	30	24	34	43	28	30	30	38	36	30	44	51	29	38	35	33	29	54	43	34	27	54	41
Y_scaffold1	978473	30	24	34	41	28	30	30	39	36	30	44	51	29	38	36	33	29	55	43	34	26	54	41
Y_scaffold1	978474	29	24	33	40	27	31	30	39	35	30	43	52	29	39	36	33	29	54	43	35	25	54	41
Y_scaffold1	978475	29	25	33	40	27	31	30	39	35	29	43	52	29	39	36	33	30	53	44	34	24	54	40
Y_scaffold1	978476	28	25	33	40	27	31	30	37	35	28	44	50	29	37	35	33	30	53	44	34	24	55	39
Y_scaffold1	978477	29	25	33	40	27	31	30	37	35	28	45	51	30	37	35	33	30	53	44	34	23	55	39
Y_scaffold1	978478	29	25	33	40	27	31	30	37	35	29	44	51	30	37	35	33	30	52	44	34	23	54	38
Y_scaffold1	978479	29	26	33	40	27	30	30	37	34	29	44	51	30	37	34	33	30	52	45	33	23	53	38
Y_scaffold1	978480	29	26	33	40	27	30	30	37	34	29	44	52	30	37	34	33	30	52	45	33	23	53	39
Y_scaffold1	978481	29	26	33	40	26	30	32	36	34	31	44	53	30	38	34	32	30	52	46	32	23	52	40
Y_scaffold1	978482	28	26	33	40	26	31	32	36	35	31	44	53	29	38	35	32	30	52	46	32	23	52	39
Y_scaffold1	978483	28	26	33	40	27	31	32	36	35	31	44	53	29	37	35	32	30	52	46	32	25	52	39
Y_scaffold1	978484	28	26	33	39	27	31	33	36	35	31	44	51	29	37	35	32	30	51	48	32	25	52	38
Y_scaffold1	978485	28	27	33	39	27	31	31	37	37	30	43	53	30	37	38	32	32	51	49	34	24	53	38
Y_scaffold1	978486	28	27	31	39	27	30	30	36	36	31	43	53	30	37	39	33	32	50	49	34	24	52	38
Y_scaffold1	978487	28	26	32	39	27	30	28	37	36	31	43	53	30	37	39	33	32	50	49	34	24	52	37
Y_scaffold1	978488	29	28	32	39	27	31	27	38	36	30	42	54	30	37	39	35	32	51	49	34	24	52	37
Y_scaffold1	978489	29	28	32	39	27	31	26	37	35	30	40	54	30	37	39	34	32	51	50	34	25	53	37
Y_scaffold1	978490	29	28	33	39	27	29	27	37	35	31	40	54	30	36	39	33	32	52	50	34	25	52	37
Y_scaffold1	978491	28	28	33	39	27	29	27	37	35	32	41	55	30	39	39	34	32	52	50	34	26	52	38
Y_scaffold1	978492	28	27	33	39	27	29	27	37	35	32	41	55	30	39	39	34	32	51	50	34	26	52	38
Y_scaffold1	978493	28	27	34	39	27	30	26	36	35	32	41	54	28	39	39	34	32	51	50	34	26	53	37
Y_scaffold1	978494	28	27	34	40	27	30	26	36	35	31	41	56	28	39	39	34	30	51	51	34	26	53	37
Y_scaffold1	978495	28	27	34	40	28	31	27	35	35	31	42	56	29	38	39	35	29	51	51	34	26	53	37
Y_scaffold1	978496	28	28	34	40	28	31	27	35	36	31	42	56	29	38	39	35	29	52	51	34	26	53	37
Y_scaffold1	978497	27	29	33	39	28	31	27	35	36	31	42	56	29	38	39	34	29	51	51	34	26	53	36
Y_scaffold1	978498	27	29	34	39	28	30	27	35	36	31	42	56	29	38	39	35	29	52	51	34	26	53	35
Y_scaffold1	978499	27	29	34	39	28	30	27	35	36	31	42	56	29	38	39	35	29	52	51	34	27	52	35
Y_scaffold1	978500	26	30	35	39	27	31	27	35	37	32	42	56	29	38	38	35	29	52	52	35	27	53	35
Y_scaffold1	978501	26	29	36	39	27	32	27	34	38	32	42	56	29	38	38	35	28	51	52	36	27	53	35
Y_scaffold1	978502	26	29	36	39	26	32	27	34	38	33	42	56	29	37	40	35	28	50	54	36	27	53	36
Y_scaffold1	978503	26	29	36	39	26	32	27	34	38	33	42	56	29	37	40	35	28	50	55	36	27	53	35
Y_scaffold1	978504	26	29	35	39	27	31	27	34	37	33	41	57	29	37	39	35	28	50	53	36	27	54	35
Y_scaffold1	978505	26	28	35	39	27	31	27	34	37	33	41	58	29	37	39	35	28	50	52	38	29	55	34
Y_scaffold1	978506	26	28	34	36	27	31	28	34	36	33	41	57	29	35	39	35	28	50	49	38	29	54	34
Y_scaffold1	978507	27	28	33	36	27	32	27	34	37	32	43	58	29	35	40	36	28	49	48	38	29	54	35
Y_scaffold1	978508	27	28	33	36	27	32	27	34	37	32	43	58	29	35	41	36	28	48	48	38	29	54	35
Y_scaffold1	978509	27	28	33	35	27	32	27	33	36	32	43	57	28	35	40	36	28	49	47	38	29	54	35
Y_scaffold1	978510	27	28	33	35	27	32	27	34	36	32	41	57	28	36	41	36	28	49	47	39	29	52	34
Y_scaffold1	978511	27	28	33	35	27	32	27	34	36	32	41	56	28	37	41	36	28	49	47	39	29	52	34
Y_scaffold1	978512	27	28	32	35	27	32	27	34	37	32	40	55	28	37	41	35	28	49	47	38	29	52	34
Y_scaffold1	978513	31	29	32	35	27	32	28	35	38	32	41	55	28	37	43	36	29	50	50	39	29	55	37
Y_scaffold1	978514	32	29	32	34	27	32	28	35	39	32	42	55	28	38	43	37	29	51	50	39	29	57	37
Y_scaffold1	978515	33	28	32	34	27	31	28	35	39	32	42	55	27	38	44	37	29	50	50	38	29	57	37
Y_scaffold1	978516	33	29	33	34	28	30	29	35	40	32	41	55	27	38	44	37	29	50	50	38	28	56	38
Y_scaffold1	978517	33	29	33	33	29	30	29	36	40	32	41	55	27	38	45	38	29	52	50	38	28	56	38
Y_scaffold1	978518	33	29	31	32	28	31	29	36	41	32	42	55	27	38	45	37	29	52	50	37	28	57	39
Y_scaffold1	978519	32	29	31	31	28	31	29	36	40	32	41	56	27	37	45	37	29	52	49	36	28	56	38
Y_scaffold1	978520	31	29	31	31	28	31	29	37	40	33	41	56	26	37	45	37	30	52	50	37	27	56	39
Y_scaffold1	978521	32	29	31	30	28	31	29	37	40	32	41	55	26	37	45	37	30	52	50	38	28	56	39
Y_scaffold1	978522	32	29	31	30	28	32	29	38	40	32	41	53	27	38	46	37	30	52	50	40	29	56	39
Y_scaffold1	978523	32	28	31	30	29	32	29	39	40	33	43	53	26	38	47	37	30	52	50	40	29	56	38
Y_scaffold1	978524	33	28	31	29	30	32	28	39	40	32	44	53	26	38	46	37	30	50	50	40	29	56	38
Y_scaffold1	978525	33	28	30	29	30	32	28	40	40	32	45	53	26	38	45	37	30	50	50	40	29	56	39
Y_scaffold1	978526	32	28	31	29	28	32	29	40	39	32	44	53	27	38	46	40	29	50	51	40	28	55	40
Y_scaffold1	978527	31	27	31	29	28	32	29	38	39	32	44	53	28	38	46	40	29	50	52	39	28	55	40
Y_scaffold1	978528	31	27	31	29	28	32	28	38	38	32	45	53	28	38	46	40	29	50	53	39	28	55	40
Y_scaffold1	978529	32	27	32	29	28	35	28	39	37	33	45	54	28	39	47	41	28	50	52	39	28	55	40
Y_scaffold1	978530	32	28	31	29	28	35	28	39	37	33	45	53	28	39	47	41	28	50	52	38	28	55	39
Y_scaffold1	978531	32	29	29	29	28	35	28	38	37	33	46	53	28	38	47	41	28	49	51	38	28	54	40
Y_scaffold1	978532	32	31	29	30	28	35	28	38	37	33	47	53	28	38	48	41	30	49	51	38	28	54	40
Y_scaffold1	978533	32	32	29	30	28	35	28	38	37	33	47	54	28	38	48	41	30	48	52	38	29	54	40
Y_scaffold1	978534	33	32	29	29	28	34	29	37	37	33	47	54	28	38	48	42	30	48	53	38	29	54	39
Y_scaffold1	978535	33	32	29	29	28	34	29	37	38	33	48	54	28	38	49	42	30	48	53	39	29	54	39
Y_scaffold1	978536	33	32	28	29	27	35	29	36	38	33	48	54	28	38	49	42	31	48	54	38	29	56	39
Y_scaffold1	978537	33	32	29	29	27	35	28	36	38	33	48	53	28	38	49	42	31	48	54	38	30	56	39
Y_scaffold1	978538	33	32	30	29	27	35	28	35	38	33	48	53	28	38	49	41	31	47	54	38	30	56	39
Y_scaffold1	978539	33	32	30	29	27	34	28	34	38	33	48	53	28	39	47	42	32	45	54	38	30	56	40
Y_scaffold1	978540	33	32	30	29	27	34	28	33	38	33	49	52	28	39	47	42	32	44	55	38	30	56	40
Y_scaffold1	978541	33	32	30	28	27	35	28	33	38	33	49	52	28	39	46	42	32	45	55	38	30	55	41
Y_scaffold1	978542	34	32	30	27	28	35	28	33	38	34	50	52	29	40	46	41	30	45	54	38	28	55	40
Y_scaffold1	978543	35	32	30	28	28	34	28	33	38	34	49	51	29	40	46	40	30	45	54	37	29	55	40
Y_scaffold1	978544	36	32	30	28	28	35	28	34	40	34	49	51	29	40	46	40	29	46	54	37	29	57	40
Y_scaffold1	978545	36	31	30	28	28	35	28	36	40	34	50	51	29	40	46	40	29	46	54	37	29	56	39
Y_scaffold1	978546	35	32	31	27	27	35	28	37	40	33	51	49	28	40	44	41	29	48	53	37	29	57	40
Y_scaffold1	978547	36	32	31	27	27	35	28	37	40	33	51	49	29	40	44	40	29	48	54	37	29	56	40
Y_scaffold1	978548	36	32	32	27	28	35	28	37	39	33	51	49	29	41	44	40	31	49	54	37	29	56	40
Y_scaffold1	978549	37	32	32	29	27	35	28	37	39	33	51	48	29	41	44	41	31	49	53	38	29	56	40
Y_scaffold1	978550	37	32	32	30	28	35	29	37	39	32	49	49	28	42	43	41	31	48	52	38	30	58	39
Y_scaffold1	978551	37	32	32	29	28	34	29	37	39	32	49	49	27	42	43	41	32	48	52	38	29	58	39
Y_scaffold1	978552	36	32	32	28	28	34	28	37	40	33	49	48	27	41	43	42	31	47	53	38	28	57	39
Y_scaffold1	978553	37	32	32	28	28	32	28	37	40	33	49	49	27	41	43	43	32	48	52	38	28	56	38
Y_scaffold1	978554	37	32	31	27	29	32	27	37	40	33	49	48	27	41	42	43	34	47	52	37	28	57	38
Y_scaffold1	978555	37	32	30	28	29	32	27	37	39	33	49	47	27	41	42	43	35	46	50	37	27	57	38
Y_scaffold1	978556	37	31	29	27	28	32	27	38	39	32	49	46	26	41	43	44	35	47	50	37	26	59	38
Y_scaffold1	978557	37	29	28	27	28	32	27	37	38	32	48	47	26	40	43	43	35	48	49	38	26	57	38
Y_scaffold1	978558	37	29	28	27	27	32	27	38	38	33	48	47	27	40	43	43	35	49	49	38	26	57	39
Y_scaffold1	978559	37	30	28	27	27	33	27	36	38	32	48	47	27	39	43	43	34	49	49	38	25	57	40
Y_scaffold1	978560	38	30	28	26	26	33	27	36	37	32	48	47	27	38	43	41	34	49	49	38	25	57	38
Y_scaffold1	978561	39	28	28	26	26	33	28	36	37	32	47	47	26	37	43	41	34	49	49	37	25	56	37
Y_scaffold1	978562	38	27	27	28	26	33	29	37	37	33	47	45	27	36	43	41	35	50	48	39	24	55	35
Y_scaffold1	978563	37	27	27	28	25	33	30	37	37	32	48	45	27	37	44	41	35	51	47	40	23	55	35
Y_scaffold1	978564	38	27	27	28	26	32	30	37	37	33	48	44	27	37	43	41	37	50	47	39	23	55	38
Y_scaffold1	978565	38	28	28	28	26	32	30	39	37	33	48	44	27	37	43	42	37	50	47	39	23	56	39
Y_scaffold1	978566	38	28	29	26	26	32	31	39	36	34	48	44	27	37	43	42	37	50	48	39	23	56	42
Y_scaffold1	978567	37	29	29	26	25	31	30	38	37	34	48	43	26	37	44	42	38	50	47	39	23	56	42
Y_scaffold1	978568	37	30	27	27	26	31	30	38	37	35	49	43	26	37	44	41	38	50	47	39	23	56	42
Y_scaffold1	978569	37	30	27	26	26	31	30	38	37	34	48	43	26	36	44	40	38	50	47	38	23	56	40
Y_scaffold1	978570	37	30	26	26	26	30	30	38	36	34	48	43	26	35	44	40	38	50	47	40	23	55	40
Y_scaffold1	978571	37	30	27	27	27	30	31	38	36	34	47	43	26	36	44	40	38	48	45	39	23	55	40
Y_scaffold1	978572	37	31	27	27	27	30	30	38	36	34	47	43	26	36	45	40	38	47	45	38	23	55	40
Y_scaffold1	978573	36	31	28	28	27	30	28	38	36	34	47	43	27	36	44	40	38	47	45	37	22	56	40
Y_scaffold1	978574	35	32	28	27	27	29	28	39	36	34	44	43	27	36	44	40	39	47	46	37	22	56	40
Y_scaffold1	978575	35	32	28	27	27	29	28	38	36	35	44	41	28	36	45	40	39	47	46	37	21	55	40
Y_scaffold1	978576	35	32	28	27	27	29	28	38	36	35	43	41	28	36	45	40	39	47	46	36	21	55	39
Y_scaffold1	978577	34	32	27	27	29	28	29	39	35	35	43	42	28	36	46	41	39	46	45	36	21	55	40
Y_scaffold1	978578	34	32	27	27	29	28	29	40	35	35	43	42	28	36	46	41	39	46	45	36	21	55	39
Y_scaffold1	978579	34	32	27	27	30	28	28	40	34	35	42	43	28	38	46	42	39	46	43	36	21	53	40
Y_scaffold1	978580	34	31	27	26	30	27	28	39	34	35	42	43	28	38	46	42	38	46	43	36	22	53	39
Y_scaffold1	978581	33	32	28	26	30	27	28	39	34	34	40	43	28	38	46	41	38	46	43	36	21	54	38
Y_scaffold1	978582	34	32	28	27	30	27	28	39	34	33	40	43	27	36	46	42	37	45	43	37	21	52	39
Y_scaffold1	978583	35	33	28	27	30	28	28	40	35	34	40	43	27	36	45	42	37	45	43	37	21	52	39
Y_scaffold1	978584	35	33	28	27	29	29	28	39	35	34	40	42	26	36	44	42	36	44	43	38	21	52	39
Y_scaffold1	978585	35	33	28	27	28	29	28	39	35	34	40	41	26	33	44	40	36	44	43	38	21	52	39
Y_scaffold1	978586	35	33	28	27	28	30	28	39	35	33	40	41	27	34	44	39	35	44	43	38	21	52	39
Y_scaffold1	978587	36	33	28	27	27	31	28	39	34	33	41	41	27	35	45	39	36	45	42	38	21	50	39
Y_scaffold1	978588	37	33	27	26	27	31	27	39	33	33	41	41	25	35	45	39	37	44	41	36	21	51	40
Y_scaffold1	978589	39	33	27	26	29	31	27	39	32	33	43	42	24	36	45	39	37	44	41	38	21	52	40
Y_scaffold1	978590	40	33	27	26	30	31	26	38	32	33	44	42	25	36	45	39	37	44	41	38	21	50	40
Y_scaffold1	978591	40	33	27	24	29	30	26	37	32	33	42	42	26	36	42	38	37	43	41	38	21	50	39
Y_scaffold1	978592	40	33	27	24	29	30	26	37	33	34	42	42	26	37	42	38	37	43	41	37	21	50	40
Y_scaffold1	978593	40	33	27	24	28	30	26	36	32	34	42	42	26	36	42	38	37	43	41	36	21	49	40
Y_scaffold1	978594	39	34	26	25	27	30	25	36	34	34	42	44	26	38	43	40	36	43	42	35	21	49	40
Y_scaffold1	978595	39	34	26	25	27	30	25	36	34	35	42	45	26	39	43	41	36	43	42	35	22	48	40
Y_scaffold1	978596	39	35	25	26	27	31	25	36	34	35	42	47	26	38	44	41	36	41	43	36	22	49	39
Y_scaffold1	978597	39	35	26	26	27	31	25	36	34	34	42	47	26	38	44	39	35	42	43	36	22	47	40
Y_scaffold1	978598	39	35	26	26	26	31	25	37	33	34	40	47	27	38	44	39	36	41	43	37	22	47	41
Y_scaffold1	978599	39	35	25	25	26	31	25	37	34	34	40	47	27	38	44	40	36	41	43	35	22	46	41
