Y_scaffold1	1732561	38	34	36	30	36	27	38	33	23	30	36	24	32	20	39	40	21	45	42	25	28	45	42
Y_scaffold1	1732562	38	34	36	29	36	28	37	33	21	29	35	24	31	21	39	39	21	44	41	25	28	45	42
Y_scaffold1	1732563	38	34	36	29	36	28	37	33	21	29	35	24	31	21	39	38	21	43	42	25	28	45	42
Y_scaffold1	1732564	38	34	37	28	36	28	39	33	21	29	34	24	30	21	39	39	22	45	41	25	28	46	42
Y_scaffold1	1732565	38	33	37	28	36	27	39	33	22	30	34	25	31	21	38	39	22	45	41	26	29	46	42
Y_scaffold1	1732566	39	32	37	29	36	27	39	33	22	29	33	25	31	20	38	40	22	44	40	26	29	46	42
Y_scaffold1	1732567	37	33	37	28	36	27	39	32	22	29	33	25	31	20	39	39	22	44	40	26	29	47	42
Y_scaffold1	1732568	36	32	37	28	35	27	39	33	22	29	33	26	29	21	38	38	22	44	40	26	29	48	42
Y_scaffold1	1732569	36	33	37	29	35	28	38	33	23	29	33	26	29	22	39	38	22	44	42	26	29	48	43
Y_scaffold1	1732570	37	35	37	29	35	29	39	34	23	29	32	27	29	22	39	38	22	44	42	26	30	49	42
Y_scaffold1	1732571	37	35	35	29	35	29	40	34	24	29	32	27	30	22	39	38	22	44	42	26	31	50	42
Y_scaffold1	1732572	37	35	35	31	35	29	39	35	25	29	32	27	31	23	40	39	22	44	42	27	32	49	42
Y_scaffold1	1732573	38	35	36	31	36	29	38	36	26	29	31	27	31	23	40	38	22	42	42	28	31	47	42
Y_scaffold1	1732574	38	35	36	31	36	29	38	36	24	29	31	27	31	23	40	38	22	42	43	28	31	47	43
Y_scaffold1	1732575	38	34	34	31	37	29	38	36	25	27	31	26	31	23	39	38	22	41	44	28	31	48	43
Y_scaffold1	1732576	37	34	34	30	37	29	38	36	25	28	32	26	31	23	39	36	22	41	43	27	30	49	43
Y_scaffold1	1732577	37	33	34	29	38	30	38	36	26	28	31	26	31	23	39	36	22	41	44	27	31	49	43
Y_scaffold1	1732578	37	33	34	29	39	30	38	37	26	27	31	26	32	23	40	36	21	41	44	28	31	48	43
Y_scaffold1	1732579	37	32	34	29	39	31	38	36	26	28	31	26	32	24	39	37	21	43	44	29	31	47	42
Y_scaffold1	1732580	37	33	34	29	39	31	38	36	26	28	31	26	31	24	41	38	21	43	44	29	30	47	42
Y_scaffold1	1732581	37	32	34	28	38	31	38	35	26	28	31	25	31	24	40	38	21	43	44	29	29	47	41
Y_scaffold1	1732582	37	32	33	28	37	31	37	36	26	27	31	25	30	24	40	37	21	42	43	30	29	47	41
Y_scaffold1	1732583	37	33	32	29	39	31	37	37	27	28	31	26	30	24	40	41	22	42	43	32	30	46	41
Y_scaffold1	1732584	37	33	32	29	39	31	37	37	27	29	31	26	30	24	40	41	22	43	43	32	30	45	41
Y_scaffold1	1732585	37	33	31	29	39	31	36	37	27	29	31	27	30	24	41	42	22	43	42	32	30	46	42
Y_scaffold1	1732586	36	33	31	29	39	30	36	36	27	28	31	28	30	23	41	42	22	41	43	32	31	47	41
Y_scaffold1	1732587	36	32	31	29	39	30	36	36	26	28	31	30	30	23	42	42	23	41	43	31	31	47	39
Y_scaffold1	1732588	35	32	31	30	39	29	36	36	26	28	31	30	30	24	42	42	23	40	44	31	31	48	39
Y_scaffold1	1732589	34	32	33	29	39	30	35	37	26	28	31	30	30	24	42	43	22	41	44	33	31	47	39
Y_scaffold1	1732590	35	33	33	29	40	30	35	37	26	26	32	30	30	24	41	43	22	42	44	33	30	47	40
Y_scaffold1	1732591	35	33	32	29	39	30	37	37	26	25	31	30	30	24	42	43	22	41	44	33	29	49	40
Y_scaffold1	1732592	35	34	32	29	40	30	38	38	26	25	30	30	29	23	43	43	23	41	42	33	29	50	40
Y_scaffold1	1732593	34	35	32	28	39	30	37	38	26	25	30	29	29	23	44	42	23	42	42	32	29	50	40
Y_scaffold1	1732594	34	37	33	28	41	30	37	38	26	25	32	29	29	23	45	42	23	44	43	32	29	50	40
Y_scaffold1	1732595	34	36	33	27	41	30	38	39	23	25	32	29	31	23	44	43	23	44	43	32	29	50	39
Y_scaffold1	1732596	33	36	33	28	41	30	39	39	23	26	32	31	31	23	43	44	23	44	43	32	29	49	38
Y_scaffold1	1732597	33	36	34	28	42	31	39	39	23	27	30	31	32	23	43	45	23	44	42	32	29	48	38
Y_scaffold1	1732598	34	35	34	28	42	31	39	38	24	27	31	32	32	25	43	45	23	42	43	32	29	48	39
Y_scaffold1	1732599	34	35	34	27	41	30	38	38	23	27	31	32	32	25	43	46	23	42	43	32	29	47	39
Y_scaffold1	1732600	34	35	33	27	40	30	38	38	24	27	31	32	32	25	43	47	23	42	42	32	29	47	38
Y_scaffold1	1732601	34	35	34	27	41	31	37	39	24	28	33	33	32	25	42	47	24	42	41	31	29	47	38
Y_scaffold1	1732602	34	34	34	27	41	31	37	39	24	27	33	33	33	25	43	46	24	42	41	31	29	46	37
Y_scaffold1	1732603	34	34	35	26	40	31	36	38	25	26	33	33	34	26	43	45	23	42	41	31	29	46	38
Y_scaffold1	1732604	34	33	34	26	40	31	37	39	25	26	33	34	34	27	42	45	23	43	41	32	30	46	38
Y_scaffold1	1732605	35	33	33	28	40	30	38	39	25	26	33	34	34	27	42	45	23	42	43	32	30	46	38
Y_scaffold1	1732606	36	33	33	28	40	30	38	39	25	26	32	34	34	27	41	47	23	43	42	32	29	45	38
Y_scaffold1	1732607	36	33	33	28	39	29	36	40	25	26	33	34	34	27	41	47	24	43	42	32	29	43	38
Y_scaffold1	1732608	36	33	33	29	39	29	36	40	25	25	33	34	34	27	41	47	24	43	41	32	29	43	37
Y_scaffold1	1732609	36	32	33	31	39	29	36	39	25	25	32	33	36	27	40	46	23	43	41	32	29	43	36
Y_scaffold1	1732610	36	32	34	29	39	30	35	39	25	24	32	34	36	27	42	47	24	43	43	31	29	42	38
Y_scaffold1	1732611	36	32	34	29	40	31	35	38	25	24	31	34	35	26	42	47	22	44	44	31	29	41	38
Y_scaffold1	1732612	36	32	34	29	40	32	33	38	25	24	30	34	33	25	42	46	22	43	44	31	30	41	38
Y_scaffold1	1732613	36	31	34	29	40	32	33	38	25	23	30	34	33	25	43	46	22	41	44	31	30	40	38
Y_scaffold1	1732614	36	32	34	30	41	32	33	39	26	24	30	35	33	25	43	47	23	41	44	32	30	42	37
Y_scaffold1	1732615	35	32	34	31	40	33	34	39	26	23	30	36	33	25	43	47	23	42	44	32	30	42	36
Y_scaffold1	1732616	36	32	35	31	42	33	36	38	27	21	31	38	33	24	43	47	23	42	46	31	30	43	38
Y_scaffold1	1732617	36	33	35	31	43	33	35	40	27	21	30	38	32	24	43	46	23	42	46	31	30	43	39
Y_scaffold1	1732618	38	32	35	32	42	33	35	40	27	22	30	38	31	24	43	46	23	42	45	31	31	42	39
Y_scaffold1	1732619	36	32	34	32	42	34	35	40	27	22	30	38	31	24	42	46	23	42	45	30	29	42	38
Y_scaffold1	1732620	35	32	34	32	41	33	35	40	28	21	30	38	31	23	42	45	23	41	45	30	29	42	36
Y_scaffold1	1732621	35	33	34	32	40	34	36	40	29	21	29	38	31	23	43	45	23	41	46	30	29	42	36
Y_scaffold1	1732622	35	33	34	33	40	35	36	40	29	21	29	39	30	22	43	44	23	40	46	33	29	42	36
Y_scaffold1	1732623	34	33	34	32	40	35	36	40	29	22	29	37	30	22	41	44	24	40	45	33	29	42	35
Y_scaffold1	1732624	33	33	33	32	40	35	36	40	29	22	28	37	30	23	41	44	24	40	46	34	29	42	36
Y_scaffold1	1732625	34	33	32	33	39	35	36	40	31	22	29	37	30	22	41	44	24	41	45	35	29	43	36
Y_scaffold1	1732626	34	33	32	33	39	35	37	40	31	22	30	36	30	22	41	44	24	41	45	34	28	44	36
Y_scaffold1	1732627	34	33	32	32	38	35	37	40	32	22	30	36	30	22	41	43	25	41	46	34	27	44	36
Y_scaffold1	1732628	34	33	31	31	38	35	36	40	32	21	31	37	31	22	41	43	26	41	46	33	27	45	36
Y_scaffold1	1732629	33	34	31	31	38	34	36	40	32	21	30	36	30	23	39	42	26	41	46	33	27	44	37
Y_scaffold1	1732630	33	35	31	31	39	34	37	41	32	21	30	37	30	23	39	42	25	42	46	33	28	44	37
Y_scaffold1	1732631	34	35	31	31	40	34	38	41	32	22	30	37	31	24	39	42	25	42	46	34	28	44	36
Y_scaffold1	1732632	34	35	31	32	41	32	38	41	32	22	30	38	31	24	41	42	25	41	46	34	28	44	36
Y_scaffold1	1732633	34	35	32	32	41	31	38	41	32	22	29	38	31	24	41	42	24	41	46	34	28	44	36
Y_scaffold1	1732634	34	35	33	32	42	30	38	43	31	22	30	38	31	26	42	43	24	41	47	35	28	46	37
Y_scaffold1	1732635	34	36	33	32	42	30	39	43	32	22	30	38	32	26	42	43	24	42	47	36	28	46	36
Y_scaffold1	1732636	35	36	33	32	42	30	39	44	32	24	30	37	33	25	41	42	25	41	46	36	29	47	37
Y_scaffold1	1732637	34	36	33	32	42	30	39	43	32	24	29	37	32	25	41	42	24	41	46	36	29	47	36
Y_scaffold1	1732638	34	36	33	32	42	30	38	43	32	24	28	37	32	26	41	42	25	41	46	36	29	47	36
Y_scaffold1	1732639	33	36	33	32	41	29	38	43	31	24	28	37	32	26	42	42	25	41	47	36	29	47	37
Y_scaffold1	1732640	33	36	33	32	41	29	38	43	30	24	27	37	32	26	42	42	25	41	46	36	29	47	37
Y_scaffold1	1732641	34	36	33	31	39	29	39	43	30	24	27	37	32	26	42	42	25	42	45	36	29	46	38
Y_scaffold1	1732642	34	37	33	32	39	28	39	42	31	24	28	38	32	27	41	43	25	42	45	35	29	46	38
Y_scaffold1	1732643	34	38	33	32	40	30	39	43	32	24	28	38	31	27	41	44	25	43	45	35	30	46	38
Y_scaffold1	1732644	35	38	33	32	40	30	39	44	32	24	28	37	32	27	42	44	25	43	45	34	30	46	39
Y_scaffold1	1732645	36	39	33	32	40	30	39	43	33	24	28	37	32	27	42	44	25	43	45	34	31	46	39
Y_scaffold1	1732646	36	38	33	31	40	30	41	43	33	24	28	38	33	27	42	44	25	45	45	34	30	48	41
Y_scaffold1	1732647	37	38	32	31	41	30	42	44	33	25	28	38	33	27	43	44	26	46	45	34	30	48	41
Y_scaffold1	1732648	37	38	32	30	41	29	41	44	33	25	28	38	33	27	43	44	26	45	44	33	30	48	41
Y_scaffold1	1732649	37	38	32	30	41	29	41	45	33	26	28	38	32	27	43	44	26	45	44	33	30	47	41
Y_scaffold1	1732650	36	39	32	30	41	29	41	45	34	26	28	38	33	27	43	43	27	45	44	33	31	47	40
Y_scaffold1	1732651	36	37	32	31	41	29	42	44	34	25	28	37	32	26	44	42	27	46	44	33	31	48	39
Y_scaffold1	1732652	36	37	32	31	42	28	42	44	35	26	27	37	34	26	44	42	27	46	44	33	31	48	39
Y_scaffold1	1732653	37	37	32	31	42	28	42	44	35	26	26	37	35	26	43	42	27	46	44	32	31	48	39
Y_scaffold1	1732654	37	38	33	31	42	28	42	44	34	25	26	38	35	26	43	42	27	46	43	32	31	48	39
Y_scaffold1	1732655	37	38	33	31	41	28	43	44	34	25	26	38	35	26	46	42	28	46	43	33	31	48	38
Y_scaffold1	1732656	37	39	34	31	41	27	43	45	34	25	26	40	36	26	46	42	28	46	43	33	31	48	38
Y_scaffold1	1732657	37	38	34	31	42	27	43	45	34	25	26	41	36	27	45	41	28	47	42	33	31	49	38
Y_scaffold1	1732658	37	38	35	31	42	28	43	45	35	25	26	41	36	27	45	41	28	49	44	33	31	49	38
Y_scaffold1	1732659	37	40	35	31	43	28	43	46	35	25	27	41	36	27	45	41	28	49	43	33	31	49	39
Y_scaffold1	1732660	37	39	34	31	42	28	43	47	35	25	27	41	35	27	45	41	28	49	43	33	32	49	40
Y_scaffold1	1732661	35	40	34	31	41	28	43	49	34	25	27	41	35	27	45	40	28	50	43	32	32	49	40
Y_scaffold1	1732662	35	40	34	31	40	28	44	49	34	25	27	41	34	27	45	40	28	50	43	33	32	49	40
Y_scaffold1	1732663	34	40	34	31	40	28	44	49	34	24	27	39	34	26	45	41	27	50	43	34	32	49	40
Y_scaffold1	1732664	34	41	34	31	40	28	44	49	34	24	28	39	34	26	45	42	27	49	43	34	32	49	40
Y_scaffold1	1732665	34	41	33	31	40	28	44	49	34	24	28	38	34	26	45	42	26	50	43	35	32	50	40
Y_scaffold1	1732666	34	40	33	30	41	28	43	49	34	23	28	38	34	26	43	43	26	50	43	35	31	48	40
Y_scaffold1	1732667	35	40	33	30	41	28	43	49	34	23	28	38	34	26	43	43	26	51	44	36	32	49	40
Y_scaffold1	1732668	35	40	32	30	40	27	41	48	34	24	29	41	34	26	44	43	25	51	44	36	32	49	38
Y_scaffold1	1732669	35	39	33	28	40	27	39	47	35	24	29	41	32	26	44	41	26	48	44	35	32	49	37
Y_scaffold1	1732670	35	39	33	28	40	27	39	47	35	25	30	41	32	26	44	41	27	48	44	35	31	49	37
Y_scaffold1	1732671	35	40	33	28	39	26	39	47	35	25	30	41	31	26	43	41	27	48	43	35	31	49	37
Y_scaffold1	1732672	33	40	32	28	39	26	39	47	35	25	30	41	31	26	43	41	27	49	44	35	31	49	37
Y_scaffold1	1732673	33	40	32	28	39	26	39	47	35	25	31	38	31	26	43	40	27	49	44	35	31	49	37
Y_scaffold1	1732674	33	40	32	28	39	25	41	47	35	24	32	38	29	26	44	40	27	49	44	35	31	50	37
Y_scaffold1	1732675	33	40	32	28	39	25	40	47	34	24	32	38	29	27	44	40	27	47	43	35	30	49	37
Y_scaffold1	1732676	33	39	33	28	40	27	40	47	34	24	33	38	28	27	42	39	27	47	44	35	31	49	38
Y_scaffold1	1732677	32	39	33	28	41	26	40	48	34	24	33	39	28	27	42	39	27	48	45	36	31	49	37
Y_scaffold1	1732678	32	39	33	28	41	26	39	48	33	23	33	38	28	27	40	39	27	48	44	36	31	49	35
Y_scaffold1	1732679	32	40	32	28	40	26	40	48	33	24	33	38	27	26	39	39	27	48	45	37	30	49	36
Y_scaffold1	1732680	31	40	32	28	40	26	41	46	33	24	34	38	27	26	40	40	27	48	46	38	30	49	35
Y_scaffold1	1732681	31	39	32	28	40	27	41	46	33	25	34	38	27	26	40	41	26	48	47	38	30	49	35
Y_scaffold1	1732682	31	39	31	28	40	27	41	47	33	25	34	39	27	26	40	41	26	48	47	38	30	49	35
Y_scaffold1	1732683	31	39	33	27	40	27	41	48	34	24	34	39	27	28	39	42	26	49	47	39	30	49	35
Y_scaffold1	1732684	31	39	33	27	40	27	41	48	34	24	34	39	27	28	38	42	26	49	46	39	29	50	35
Y_scaffold1	1732685	31	39	31	26	40	27	41	48	33	24	34	39	27	28	38	41	25	49	45	39	28	49	35
Y_scaffold1	1732686	31	39	31	26	41	28	41	48	33	25	34	39	28	27	38	43	24	46	45	40	28	48	34
Y_scaffold1	1732687	31	39	32	26	41	28	41	47	33	25	34	39	28	26	38	43	24	46	45	40	27	48	33
Y_scaffold1	1732688	32	39	32	26	41	28	41	47	33	25	34	39	28	26	40	43	24	48	43	40	26	47	33
Y_scaffold1	1732689	32	39	32	26	41	28	41	47	34	25	34	39	28	27	40	43	24	48	43	40	26	47	33
Y_scaffold1	1732690	32	40	32	27	42	29	41	48	34	25	34	39	28	27	40	43	24	48	43	40	26	47	33
Y_scaffold1	1732691	33	40	32	28	42	30	41	48	34	26	35	40	28	27	40	41	24	48	43	39	26	45	32
Y_scaffold1	1732692	33	40	32	28	42	30	41	49	34	26	34	40	28	27	41	41	23	48	43	39	26	45	33
Y_scaffold1	1732693	33	40	32	28	40	31	41	49	34	26	35	40	28	27	41	42	23	48	44	39	26	45	33
Y_scaffold1	1732694	33	40	32	29	39	31	41	49	34	26	36	40	29	26	40	42	23	47	43	37	27	44	33
Y_scaffold1	1732695	33	40	32	29	39	31	41	49	34	26	36	39	29	26	40	42	23	46	43	37	27	44	33
Y_scaffold1	1732696	32	39	32	29	39	31	41	49	34	26	36	39	29	26	40	42	23	48	43	36	27	44	33
Y_scaffold1	1732697	32	39	32	29	39	31	42	49	34	27	36	40	29	26	40	42	23	48	43	37	26	44	33
Y_scaffold1	1732698	33	39	32	29	40	31	42	49	34	27	37	40	29	26	40	42	23	48	43	36	28	44	34
Y_scaffold1	1732699	32	39	32	29	40	31	42	47	32	27	38	39	29	26	40	42	24	48	43	36	28	43	34
Y_scaffold1	1732700	32	39	31	28	39	31	42	47	32	27	38	39	29	27	40	41	24	47	42	36	27	43	34
Y_scaffold1	1732701	32	39	31	29	39	31	42	47	32	27	38	39	28	27	40	41	24	47	42	36	27	43	34
Y_scaffold1	1732702	30	38	31	29	38	31	42	47	32	27	37	39	28	27	39	41	24	47	42	36	27	43	33
Y_scaffold1	1732703	30	38	29	28	37	31	40	47	33	27	38	39	28	27	39	41	24	46	42	37	27	44	33
Y_scaffold1	1732704	30	37	28	28	37	31	40	47	32	27	39	39	28	27	39	41	24	44	41	36	26	44	33
Y_scaffold1	1732705	30	38	29	28	37	31	40	47	32	27	39	40	28	27	41	41	24	46	42	36	26	44	33
Y_scaffold1	1732706	31	38	29	28	37	31	40	47	33	27	39	41	29	27	41	42	24	46	42	36	26	44	33
Y_scaffold1	1732707	31	38	28	28	37	31	40	47	33	27	39	42	29	27	41	42	23	46	42	37	27	44	33
Y_scaffold1	1732708	31	38	28	28	37	31	40	47	33	27	38	41	29	27	41	42	24	46	41	37	27	46	33
Y_scaffold1	1732709	31	38	28	29	37	32	40	47	33	27	37	41	29	27	41	44	23	47	41	36	26	46	33
Y_scaffold1	1732710	31	38	28	29	37	31	39	47	33	27	37	41	30	27	41	44	23	47	41	36	25	46	34
Y_scaffold1	1732711	31	37	28	30	37	31	40	46	33	27	37	41	30	26	41	43	23	47	41	36	25	46	34
Y_scaffold1	1732712	32	38	28	30	37	30	40	47	33	27	37	40	30	26	40	43	23	46	40	36	25	45	34
Y_scaffold1	1732713	32	38	27	30	37	31	40	47	33	27	38	40	31	26	40	43	23	46	40	37	25	45	36
Y_scaffold1	1732714	32	38	26	30	37	31	39	47	33	27	39	40	31	26	41	43	22	45	40	37	25	45	37
Y_scaffold1	1732715	32	38	26	30	37	31	39	47	33	27	40	40	30	26	41	43	22	45	40	37	25	46	38
Y_scaffold1	1732716	31	39	26	29	37	32	39	45	33	27	40	40	30	26	41	43	22	45	40	37	25	46	38
Y_scaffold1	1732717	31	38	26	28	37	32	39	45	33	27	40	40	30	25	40	44	22	45	40	37	25	46	37
Y_scaffold1	1732718	31	37	26	29	37	31	39	45	33	27	41	40	30	25	40	44	22	46	40	37	25	46	36
Y_scaffold1	1732719	32	37	26	29	37	31	39	45	32	27	41	40	31	25	41	45	23	46	37	37	25	46	36
Y_scaffold1	1732720	32	35	26	29	35	30	38	44	32	27	41	39	30	24	42	45	23	46	36	37	24	45	36
Y_scaffold1	1732721	32	36	26	29	36	30	38	44	31	27	41	39	29	24	42	44	23	46	37	36	24	44	36
Y_scaffold1	1732722	33	36	26	27	36	30	38	44	30	27	41	40	29	24	41	44	23	46	37	36	24	44	36
Y_scaffold1	1732723	32	36	25	27	34	31	38	43	28	27	41	40	29	24	41	45	24	46	35	35	26	44	36
Y_scaffold1	1732724	32	36	25	27	34	32	38	43	27	27	41	40	30	24	41	45	25	47	35	35	27	44	36
Y_scaffold1	1732725	33	36	25	27	34	32	38	43	27	27	41	41	29	24	41	45	25	47	35	35	27	44	36
Y_scaffold1	1732726	33	36	24	27	33	32	38	41	27	26	40	41	28	24	41	45	25	48	35	35	28	44	36
Y_scaffold1	1732727	33	36	24	27	33	32	38	41	27	26	40	42	28	24	42	44	25	48	35	35	27	44	36
Y_scaffold1	1732728	33	36	25	28	32	32	38	42	27	26	40	42	28	24	42	44	25	48	35	34	27	44	37
Y_scaffold1	1732729	33	36	25	29	33	31	38	42	27	25	40	42	28	23	42	43	26	46	36	33	27	44	37
Y_scaffold1	1732730	33	35	25	29	34	32	39	41	27	25	40	42	29	23	40	42	26	46	36	32	28	44	37
Y_scaffold1	1732731	33	35	25	28	34	32	39	40	27	25	40	42	29	23	40	42	26	46	36	32	28	45	37
Y_scaffold1	1732732	33	34	25	27	33	32	39	41	26	25	40	41	29	24	39	41	25	46	36	30	28	44	37
Y_scaffold1	1732733	34	34	25	27	33	32	39	41	26	24	40	41	29	24	39	37	25	45	35	30	28	43	36
Y_scaffold1	1732734	34	34	25	27	33	32	39	41	26	24	40	41	30	24	38	37	25	45	35	30	28	43	36
Y_scaffold1	1732735	34	34	25	28	33	32	40	41	26	25	41	40	30	24	38	37	25	46	35	30	28	44	36
Y_scaffold1	1732736	34	34	25	27	33	33	40	41	27	25	41	38	30	24	38	37	24	47	34	30	27	43	37
Y_scaffold1	1732737	34	34	25	27	34	34	40	41	27	25	40	37	30	24	37	37	24	47	34	31	28	43	37
Y_scaffold1	1732738	35	34	25	26	34	34	40	42	28	25	41	38	30	23	37	38	24	48	33	29	28	42	37
Y_scaffold1	1732739	35	34	24	26	34	33	40	41	28	25	40	38	30	23	38	38	24	47	35	31	28	42	37
Y_scaffold1	1732740	34	33	24	27	33	33	40	42	28	25	39	38	30	23	38	38	24	46	35	30	28	44	37
Y_scaffold1	1732741	34	33	24	27	33	34	38	42	27	25	40	38	30	23	37	39	25	46	36	30	28	42	38
Y_scaffold1	1732742	34	33	24	27	32	34	37	41	27	25	39	38	30	23	36	39	24	47	38	30	28	41	37
Y_scaffold1	1732743	34	32	24	28	32	34	36	41	27	27	39	38	30	23	35	39	24	46	37	30	28	40	38
Y_scaffold1	1732744	34	31	23	28	31	34	36	41	28	27	37	38	30	23	34	38	24	44	37	30	28	39	36
Y_scaffold1	1732745	34	31	23	28	31	34	35	40	28	27	37	38	28	23	34	37	24	45	37	30	28	39	36
Y_scaffold1	1732746	34	31	24	27	31	35	34	40	30	25	37	39	29	23	35	36	24	45	37	31	28	39	36
Y_scaffold1	1732747	34	31	23	27	30	34	34	39	29	25	37	39	28	23	35	35	24	45	37	31	28	39	36
Y_scaffold1	1732748	33	32	22	27	29	34	34	39	28	25	36	38	28	21	35	35	24	45	36	32	28	39	35
Y_scaffold1	1732749	33	32	21	27	29	34	35	39	28	25	37	38	28	21	35	34	25	44	37	31	28	38	35
Y_scaffold1	1732750	33	32	21	27	29	34	35	39	27	25	37	38	28	21	35	35	25	44	37	31	28	38	35
Y_scaffold1	1732751	33	33	21	27	28	33	36	38	27	24	37	38	28	21	35	35	24	44	37	31	28	39	35
Y_scaffold1	1732752	33	33	22	27	28	33	36	38	27	24	37	39	27	21	35	35	24	44	37	31	28	39	35
Y_scaffold1	1732753	33	33	21	27	28	33	37	39	27	24	37	40	26	19	35	35	24	45	37	31	28	39	34
Y_scaffold1	1732754	32	34	21	28	28	33	36	38	27	24	37	39	26	19	36	36	24	47	38	30	27	39	34
Y_scaffold1	1732755	29	34	21	26	28	32	35	39	27	24	37	39	27	19	36	36	24	46	37	30	27	39	34
Y_scaffold1	1732756	30	34	21	26	28	32	34	38	27	24	37	39	27	19	36	34	24	46	38	30	28	38	34
Y_scaffold1	1732757	31	34	21	26	28	32	35	37	27	24	36	40	27	19	37	34	23	46	38	30	29	39	34
Y_scaffold1	1732758	31	34	21	25	28	32	35	37	27	23	36	40	27	18	36	34	23	46	38	30	30	38	33
Y_scaffold1	1732759	31	34	21	23	28	32	34	37	27	23	36	39	25	19	35	34	23	47	38	30	30	38	33
Y_scaffold1	1732760	31	34	20	24	28	31	34	37	27	23	36	41	26	19	36	35	23	46	35	30	30	38	31
Y_scaffold1	1732761	31	34	20	25	28	31	34	37	27	23	36	41	26	19	36	36	23	46	35	30	30	40	31
Y_scaffold1	1732762	32	34	20	25	28	30	34	37	28	22	36	40	26	19	35	36	23	46	34	30	29	41	32
Y_scaffold1	1732763	32	35	20	25	28	30	34	37	28	23	36	40	26	19	35	36	23	46	34	30	29	41	33
Y_scaffold1	1732764	33	33	20	24	28	29	34	37	28	24	36	40	26	20	36	36	22	46	34	29	29	41	33
Y_scaffold1	1732765	34	33	20	23	30	28	33	37	28	24	36	39	26	20	36	36	22	45	34	29	29	41	33
Y_scaffold1	1732766	33	33	20	23	29	28	32	38	27	25	35	37	26	20	36	36	22	43	32	28	29	40	31
Y_scaffold1	1732767	34	32	21	24	28	28	31	36	27	24	36	37	26	20	37	36	23	43	33	29	28	41	30
Y_scaffold1	1732768	33	32	21	24	28	28	30	38	27	24	36	37	26	20	37	36	23	43	34	29	28	42	29
Y_scaffold1	1732769	33	31	21	24	27	26	30	36	26	25	36	38	26	20	37	37	24	43	33	29	28	42	30
Y_scaffold1	1732770	33	31	21	25	27	27	30	36	26	25	36	37	26	20	37	37	24	43	34	29	28	42	30
Y_scaffold1	1732771	32	31	22	26	27	26	30	36	25	25	36	37	26	20	36	37	24	43	33	29	28	41	30
Y_scaffold1	1732772	33	32	23	25	28	25	30	37	25	25	36	37	26	20	35	39	24	43	32	26	28	42	30
Y_scaffold1	1732773	33	32	23	25	29	25	30	39	24	26	35	38	27	20	35	39	23	43	33	26	28	43	31
Y_scaffold1	1732774	33	32	23	24	29	25	31	39	24	26	35	39	27	19	35	39	25	43	32	25	28	43	30
Y_scaffold1	1732775	32	33	23	24	29	25	31	39	23	26	35	39	27	19	35	39	26	42	32	25	28	42	31
Y_scaffold1	1732776	32	33	23	24	30	26	30	39	22	26	34	40	27	19	35	39	26	42	32	26	27	41	31
Y_scaffold1	1732777	32	32	23	24	30	26	30	39	22	26	33	40	27	19	35	39	26	41	32	26	27	41	31
Y_scaffold1	1732778	32	32	24	24	30	26	30	40	23	26	32	39	26	19	35	40	26	41	32	26	27	40	31
Y_scaffold1	1732779	32	31	24	24	30	27	30	40	23	27	32	40	26	18	35	40	26	43	32	26	27	39	30
Y_scaffold1	1732780	32	30	24	25	29	27	29	39	23	27	32	39	26	18	35	40	26	42	32	26	26	39	30
Y_scaffold1	1732781	31	30	24	25	28	27	29	39	24	27	32	40	27	17	36	41	26	42	33	25	27	39	31
Y_scaffold1	1732782	31	30	24	24	27	27	29	40	24	26	32	39	27	17	35	41	26	42	33	26	27	40	31
Y_scaffold1	1732783	31	30	23	24	25	27	29	39	24	26	32	39	29	16	34	41	27	41	32	26	27	39	30
Y_scaffold1	1732784	31	30	22	24	25	27	30	39	24	27	32	39	29	15	35	40	27	39	32	25	27	40	31
Y_scaffold1	1732785	31	29	22	24	25	27	30	39	23	27	33	39	29	17	35	40	28	39	32	24	27	41	31
Y_scaffold1	1732786	30	29	23	24	25	27	31	38	23	25	33	39	28	18	36	40	27	39	32	25	26	40	31
Y_scaffold1	1732787	30	29	23	25	25	27	32	38	23	25	33	39	28	18	35	41	26	39	33	25	27	40	31
Y_scaffold1	1732788	29	29	23	25	25	27	33	39	23	25	33	39	28	17	35	41	25	39	32	25	27	40	31
Y_scaffold1	1732789	29	29	23	25	25	27	33	39	24	25	33	39	28	17	35	41	25	39	32	25	27	40	31
Y_scaffold1	1732790	29	28	23	25	25	28	33	39	24	25	33	39	29	17	35	42	25	39	33	25	27	43	31
Y_scaffold1	1732791	30	27	25	25	26	28	32	39	25	25	34	39	29	17	35	42	25	38	33	25	28	43	32
Y_scaffold1	1732792	30	27	26	24	26	28	32	39	24	25	33	38	29	16	35	41	25	38	33	25	27	42	33
Y_scaffold1	1732793	29	26	26	25	25	26	32	39	23	26	33	38	29	16	35	40	25	37	33	25	26	42	32
Y_scaffold1	1732794	29	26	26	25	26	26	32	39	23	26	33	38	28	16	34	40	25	37	33	25	26	43	31
Y_scaffold1	1732795	28	27	26	25	26	26	32	39	22	27	33	39	28	16	34	40	25	37	35	25	26	43	31
Y_scaffold1	1732796	28	27	26	26	26	26	30	39	22	27	33	38	26	16	34	40	25	35	37	25	26	41	29
Y_scaffold1	1732797	28	27	26	26	26	26	29	38	22	27	33	38	27	16	33	40	25	34	37	26	26	41	29
Y_scaffold1	1732798	29	27	26	27	26	26	29	37	22	27	33	39	27	16	33	41	25	34	38	26	26	41	29
Y_scaffold1	1732799	29	27	26	27	26	26	29	38	22	26	33	39	27	16	33	41	25	34	38	27	26	42	29
Y_scaffold1	1732800	28	26	26	27	27	27	29	38	21	26	33	39	26	16	33	41	24	34	38	27	25	42	29
Y_scaffold1	1732801	29	26	27	26	27	27	28	38	21	26	33	39	26	17	32	41	24	33	38	27	25	41	29
Y_scaffold1	1732802	30	26	27	26	26	27	28	40	20	26	34	40	24	17	33	41	24	33	38	27	25	42	29
Y_scaffold1	1732803	29	27	26	26	26	27	28	41	19	26	34	40	23	17	33	41	24	33	38	27	25	42	29
Y_scaffold1	1732804	29	26	26	26	26	27	27	41	19	26	34	40	23	17	32	40	24	33	38	27	25	42	29
Y_scaffold1	1732805	29	26	26	26	27	28	27	41	20	27	34	40	23	17	30	41	23	33	38	28	25	42	29
Y_scaffold1	1732806	29	25	26	26	27	28	27	41	20	28	34	38	23	17	30	41	23	33	39	28	25	42	29
Y_scaffold1	1732807	29	25	27	26	26	28	27	41	20	28	35	37	23	17	31	41	23	32	41	28	25	41	30
Y_scaffold1	1732808	29	24	26	26	26	27	28	41	19	28	34	37	23	17	30	41	23	30	39	29	25	42	29
Y_scaffold1	1732809	29	23	26	26	26	27	28	40	19	28	33	37	23	17	31	41	23	30	39	29	25	43	31
Y_scaffold1	1732810	30	23	26	26	26	27	28	39	19	28	33	37	23	17	31	42	23	30	40	29	25	43	30
Y_scaffold1	1732811	31	22	26	26	27	27	28	37	19	28	34	37	23	17	31	41	23	31	40	27	25	43	31
Y_scaffold1	1732812	31	22	26	26	27	27	28	38	19	28	34	37	23	17	31	42	23	32	40	27	25	45	31
Y_scaffold1	1732813	31	22	27	26	27	27	27	38	19	29	34	37	23	18	31	41	23	31	40	27	25	44	31
Y_scaffold1	1732814	31	22	28	27	27	27	27	39	19	29	33	37	24	18	31	41	24	31	41	27	25	45	31
Y_scaffold1	1732815	31	22	28	28	27	27	27	39	19	29	33	37	25	18	31	41	24	30	41	26	25	44	31
Y_scaffold1	1732816	31	23	28	28	26	27	27	39	19	30	32	37	25	18	31	40	24	30	41	26	25	46	31
Y_scaffold1	1732817	30	23	28	28	26	27	27	38	19	30	31	37	25	18	31	40	24	29	41	25	24	45	31
Y_scaffold1	1732818	29	22	28	28	26	27	27	39	19	29	31	34	25	18	30	41	24	29	41	25	24	44	32
Y_scaffold1	1732819	30	23	26	28	26	27	27	40	18	29	30	35	26	19	30	39	22	30	41	25	24	44	32
Y_scaffold1	1732820	30	22	26	28	26	27	26	40	18	28	32	35	26	19	30	39	22	30	41	25	24	44	32
Y_scaffold1	1732821	30	22	26	28	26	28	26	40	19	29	33	35	26	19	31	39	22	31	41	26	25	44	33
Y_scaffold1	1732822	30	22	26	28	27	28	27	40	19	29	32	35	26	19	31	39	22	30	40	26	26	44	34
Y_scaffold1	1732823	30	22	27	28	28	28	27	40	19	29	32	35	26	19	32	39	23	30	41	26	26	44	34
Y_scaffold1	1732824	30	22	27	29	28	28	27	40	19	29	31	35	26	19	31	39	23	30	41	26	26	43	34
Y_scaffold1	1732825	30	22	27	29	28	28	27	41	20	29	32	35	27	19	31	39	24	31	43	26	26	43	34
Y_scaffold1	1732826	30	22	27	29	27	25	27	41	20	29	31	35	27	19	31	39	25	32	42	26	25	43	33
Y_scaffold1	1732827	30	22	27	29	26	25	28	40	20	29	31	34	27	19	31	39	25	32	42	25	25	43	33
Y_scaffold1	1732828	29	22	27	29	26	25	29	40	20	29	31	34	27	19	31	39	25	32	42	25	25	43	33
Y_scaffold1	1732829	29	21	27	29	26	25	29	40	20	28	31	34	27	19	30	40	27	32	41	24	25	43	33
Y_scaffold1	1732830	31	21	28	29	26	25	27	40	21	28	31	34	27	19	29	39	27	32	40	23	25	43	33
Y_scaffold1	1732831	31	21	28	29	26	24	27	40	21	27	31	34	27	19	29	38	27	32	39	23	25	43	33
Y_scaffold1	1732832	31	21	26	29	27	24	27	39	20	27	31	33	27	17	29	39	27	32	39	22	25	43	33
Y_scaffold1	1732833	31	22	27	29	27	24	29	37	20	27	31	34	27	17	29	38	27	32	39	22	25	42	33
Y_scaffold1	1732834	31	24	27	29	27	24	30	37	20	28	31	34	27	17	29	38	28	32	39	22	25	43	33
Y_scaffold1	1732835	31	24	27	29	27	24	30	37	20	28	31	34	27	17	29	37	29	32	40	21	27	43	33
Y_scaffold1	1732836	32	24	27	29	26	24	30	38	20	27	31	34	26	17	30	36	29	32	40	22	27	44	33
Y_scaffold1	1732837	31	24	26	29	28	24	30	38	19	27	31	34	26	16	30	36	28	31	40	22	27	44	33
Y_scaffold1	1732838	31	24	26	29	28	24	30	38	19	27	31	34	26	16	29	36	28	31	40	22	27	44	33
Y_scaffold1	1732839	31	24	26	29	28	24	30	38	19	27	31	34	26	16	29	36	28	31	41	22	27	44	33
Y_scaffold1	1732840	31	24	26	28	27	23	30	37	19	28	31	34	26	16	29	36	28	31	41	22	27	44	33
Y_scaffold1	1732841	30	25	26	28	27	22	30	37	20	27	30	33	26	17	29	36	28	31	41	22	27	44	33
Y_scaffold1	1732842	31	25	25	28	27	22	30	38	20	27	30	34	26	17	28	36	28	31	41	23	27	44	32
Y_scaffold1	1732843	31	25	25	28	27	21	30	37	20	28	29	34	26	17	28	35	28	31	40	23	27	44	32
Y_scaffold1	1732844	30	26	25	27	27	21	30	37	20	28	28	33	25	16	28	35	28	31	40	23	26	44	32
Y_scaffold1	1732845	30	26	25	28	27	21	30	38	20	28	28	32	25	16	28	35	28	31	40	22	26	44	32
Y_scaffold1	1732846	30	25	25	28	27	21	30	38	20	27	28	32	25	16	27	35	28	29	40	22	26	44	32
Y_scaffold1	1732847	30	26	26	28	27	21	31	38	20	27	28	32	27	16	28	35	28	29	40	22	26	44	32
Y_scaffold1	1732848	30	26	26	29	27	21	30	38	20	27	26	32	27	17	28	35	27	30	40	22	24	44	31
Y_scaffold1	1732849	30	26	26	29	27	20	30	38	20	27	26	32	27	16	28	35	28	30	40	23	24	44	33
Y_scaffold1	1732850	30	26	27	29	27	20	30	38	20	28	26	32	27	15	28	34	28	30	40	23	24	44	33
Y_scaffold1	1732851	31	26	27	28	27	20	31	38	20	28	26	32	27	15	29	35	28	30	42	24	23	45	33
Y_scaffold1	1732852	31	26	27	28	27	20	31	38	20	28	25	32	27	15	29	35	28	30	41	24	23	44	33
Y_scaffold1	1732853	31	26	27	28	27	20	31	39	19	28	25	32	27	15	29	35	28	30	42	24	23	44	34
Y_scaffold1	1732854	31	26	27	28	27	20	31	39	19	28	24	32	27	15	29	35	28	30	43	25	23	44	34
Y_scaffold1	1732855	31	25	26	28	27	20	31	40	19	28	24	31	26	15	27	35	28	28	42	25	23	44	34
Y_scaffold1	1732856	33	25	26	28	27	21	31	40	20	28	25	30	26	16	27	34	28	28	42	24	22	44	35
Y_scaffold1	1732857	33	25	26	29	29	21	31	40	20	28	25	30	26	16	27	34	27	28	42	24	22	42	35
Y_scaffold1	1732858	33	25	26	29	29	21	31	40	21	28	25	30	26	16	27	34	27	27	43	24	22	42	35
Y_scaffold1	1732859	33	25	27	28	29	20	31	41	21	28	26	30	26	16	27	31	27	27	43	25	22	42	35
Y_scaffold1	1732860	34	26	27	28	29	20	31	41	21	28	26	31	25	16	27	31	27	27	43	25	22	43	34
Y_scaffold1	1732861	34	26	28	27	29	20	31	42	21	28	26	30	25	16	27	31	27	27	43	25	22	43	34
Y_scaffold1	1732862	33	25	29	28	29	20	30	41	21	29	26	30	25	16	27	30	28	27	44	25	22	43	34
Y_scaffold1	1732863	33	25	29	28	29	20	32	41	22	29	25	29	24	16	27	30	28	26	44	24	22	43	31
Y_scaffold1	1732864	33	25	29	28	29	20	31	42	22	30	24	29	24	16	26	30	28	26	44	25	22	43	30
Y_scaffold1	1732865	33	26	29	28	29	20	31	42	21	30	23	29	24	16	26	30	28	26	44	24	21	43	30
Y_scaffold1	1732866	34	25	29	29	29	19	31	42	21	31	23	28	25	16	26	29	28	26	45	24	21	42	30
Y_scaffold1	1732867	34	25	30	27	28	20	31	43	21	32	22	28	24	15	26	28	27	26	45	24	21	41	31
Y_scaffold1	1732868	34	25	30	28	29	21	31	43	21	32	22	28	24	17	25	27	27	26	45	24	22	41	32
Y_scaffold1	1732869	34	25	29	28	30	21	31	43	21	32	24	28	24	17	24	27	27	26	45	24	22	41	32
Y_scaffold1	1732870	33	24	30	27	30	22	31	43	21	32	24	28	25	17	23	27	28	27	45	24	20	41	32
Y_scaffold1	1732871	33	25	30	27	29	22	32	43	21	32	25	27	25	17	24	27	28	27	44	24	20	41	32
Y_scaffold1	1732872	32	25	30	27	29	23	33	43	21	32	26	27	25	18	25	27	30	27	44	24	20	42	32
Y_scaffold1	1732873	33	25	30	28	29	22	33	43	21	32	26	27	26	18	25	27	29	27	44	25	18	41	32
Y_scaffold1	1732874	32	25	30	28	29	21	33	43	21	32	26	26	25	18	25	27	28	26	44	25	17	41	31
Y_scaffold1	1732875	32	27	30	28	31	20	33	43	21	32	26	26	25	19	27	27	29	27	44	25	16	40	31
Y_scaffold1	1732876	32	27	30	30	31	20	33	43	21	32	26	26	25	19	28	27	30	26	44	25	16	41	31
Y_scaffold1	1732877	32	27	30	31	31	20	33	43	21	33	26	25	25	19	29	28	30	27	44	25	17	41	31
Y_scaffold1	1732878	32	28	29	30	32	20	33	42	21	34	26	26	25	19	28	28	30	27	44	25	17	41	30
Y_scaffold1	1732879	32	28	29	30	31	20	33	42	21	34	26	26	25	19	28	29	29	27	43	25	17	41	30
Y_scaffold1	1732880	32	29	29	30	30	19	32	42	21	34	26	26	24	19	28	29	29	27	43	25	15	40	30
Y_scaffold1	1732881	32	29	29	30	30	19	32	42	21	34	26	27	24	20	28	29	29	27	43	25	15	40	30
Y_scaffold1	1732882	32	29	29	30	31	19	32	41	21	34	26	27	24	19	28	29	29	27	43	25	15	40	30
Y_scaffold1	1732883	31	31	28	30	32	19	32	42	21	36	27	27	23	20	29	31	30	30	44	26	15	40	30
Y_scaffold1	1732884	31	31	28	30	32	19	32	42	21	36	27	28	23	20	29	31	30	30	44	26	15	40	30
Y_scaffold1	1732885	32	32	28	30	32	20	31	42	21	35	26	28	23	20	29	34	30	30	44	26	15	42	30
Y_scaffold1	1732886	32	32	28	30	33	19	31	41	20	35	26	28	23	20	29	34	30	29	44	25	14	42	30
Y_scaffold1	1732887	32	32	28	30	32	18	31	40	19	35	26	28	24	20	29	34	30	30	44	25	15	42	30
Y_scaffold1	1732888	31	32	28	30	32	18	31	39	19	35	25	27	24	20	29	33	30	29	44	25	15	42	30
Y_scaffold1	1732889	31	32	28	30	33	18	31	39	19	35	25	27	25	20	28	32	30	31	42	23	15	42	30
Y_scaffold1	1732890	32	32	29	29	33	19	31	38	20	35	25	27	25	20	28	33	31	31	43	23	15	40	29
Y_scaffold1	1732891	32	32	29	29	33	18	31	38	20	35	24	28	25	20	29	32	30	31	42	24	16	40	28
Y_scaffold1	1732892	32	31	30	30	33	18	31	39	20	35	24	29	27	21	29	33	30	30	40	24	16	41	28
Y_scaffold1	1732893	32	31	29	29	33	18	31	39	19	33	24	30	27	21	29	33	30	31	40	24	16	41	28
Y_scaffold1	1732894	32	30	29	29	32	18	31	39	19	33	24	29	26	21	28	33	30	31	40	23	16	41	28
Y_scaffold1	1732895	32	31	30	30	34	18	31	38	17	34	25	28	27	22	29	34	30	30	41	23	16	41	28
Y_scaffold1	1732896	34	31	30	30	35	18	32	38	17	34	25	29	27	23	29	34	30	30	41	23	16	42	28
Y_scaffold1	1732897	34	31	30	31	36	18	32	39	17	34	25	29	27	23	30	34	30	30	41	22	16	42	28
Y_scaffold1	1732898	34	31	30	30	37	18	32	39	17	34	25	29	27	23	30	34	30	30	40	22	16	42	28
Y_scaffold1	1732899	34	31	30	30	37	18	31	39	17	34	24	29	27	23	30	33	29	32	40	22	16	42	28
Y_scaffold1	1732900	34	31	30	30	37	18	30	39	17	34	24	29	28	23	30	33	29	32	40	23	16	42	28
Y_scaffold1	1732901	34	31	30	32	37	19	31	39	18	34	22	28	28	23	29	33	29	32	40	23	16	41	29
Y_scaffold1	1732902	34	31	29	32	37	19	31	39	18	34	22	28	28	23	29	33	29	32	40	23	17	41	29
Y_scaffold1	1732903	34	31	29	32	38	19	30	39	17	34	22	27	29	23	29	33	29	30	40	23	17	41	29
Y_scaffold1	1732904	35	31	29	32	38	19	30	40	18	34	23	29	29	23	29	34	29	28	40	25	17	41	30
Y_scaffold1	1732905	35	31	29	32	38	19	31	39	20	34	23	29	28	23	29	34	29	29	39	25	17	41	30
Y_scaffold1	1732906	33	31	29	32	38	19	30	39	21	34	24	29	28	23	30	34	29	30	38	25	15	40	30
Y_scaffold1	1732907	34	31	29	33	38	20	30	42	21	36	26	28	28	23	30	34	29	30	39	25	17	40	31
Y_scaffold1	1732908	34	31	29	33	37	20	31	42	21	36	26	30	28	24	30	33	28	30	39	25	16	41	32
Y_scaffold1	1732909	33	32	29	33	38	21	32	43	21	36	26	31	28	23	30	33	28	30	39	25	15	41	32
Y_scaffold1	1732910	33	33	29	32	38	20	32	43	22	36	26	29	27	23	29	32	28	30	38	25	15	41	32
Y_scaffold1	1732911	33	33	29	32	38	20	32	43	22	36	26	29	27	23	29	31	28	30	39	25	15	39	33
Y_scaffold1	1732912	32	33	29	32	38	20	33	43	21	36	27	29	27	24	29	31	28	31	40	25	16	38	32
Y_scaffold1	1732913	32	32	29	32	38	20	33	43	21	35	27	30	27	24	29	32	28	31	40	25	16	41	32
Y_scaffold1	1732914	32	32	29	32	38	20	34	43	20	34	27	30	27	24	28	31	29	31	40	25	16	40	32
Y_scaffold1	1732915	31	32	29	32	37	21	33	43	20	34	27	31	27	24	28	31	29	33	40	25	16	41	32
Y_scaffold1	1732916	31	32	28	31	36	21	33	42	20	35	27	31	27	24	28	31	29	33	40	25	16	41	32
Y_scaffold1	1732917	30	33	27	30	36	21	35	42	20	36	26	31	27	24	27	31	28	33	39	24	17	41	32
Y_scaffold1	1732918	31	33	28	30	36	21	35	40	20	36	26	31	27	24	27	31	28	33	38	24	17	41	32
Y_scaffold1	1732919	31	32	27	29	36	20	36	39	20	34	26	30	27	24	27	30	28	33	38	24	17	43	31
Y_scaffold1	1732920	31	32	27	29	37	20	36	39	20	34	27	30	28	24	27	30	28	33	37	25	18	43	32
