Y_scaffold1	1734170	36	27	28	21	33	41	24	29	28	28	27	26	41	25	36	39	23	39	36	37	25	51	55
Y_scaffold1	1734171	35	27	28	21	32	41	24	29	28	28	27	26	41	25	36	39	23	39	36	37	25	51	55
Y_scaffold1	1734172	35	27	26	21	31	41	23	28	27	27	29	26	41	26	37	39	23	40	34	39	25	50	54
Y_scaffold1	1734173	35	27	25	21	32	41	23	28	27	27	29	26	41	25	37	39	23	40	33	39	25	53	54
Y_scaffold1	1734174	35	27	25	21	32	42	23	28	27	27	29	25	40	25	37	39	23	40	33	39	25	53	55
Y_scaffold1	1734175	35	26	25	21	32	41	23	28	27	27	29	25	40	25	37	39	23	39	33	39	26	53	55
Y_scaffold1	1734176	36	26	25	20	33	40	23	28	27	27	30	25	40	24	37	39	23	39	32	40	26	53	56
Y_scaffold1	1734177	35	24	26	20	32	39	23	28	27	27	31	24	39	24	37	39	23	39	32	39	25	53	55
Y_scaffold1	1734178	35	24	26	20	32	39	25	28	27	27	32	24	39	24	37	39	23	38	32	39	27	53	56
Y_scaffold1	1734179	35	25	26	20	32	39	25	28	27	27	32	24	40	24	37	39	23	38	32	39	27	52	58
Y_scaffold1	1734180	34	25	26	19	31	38	25	28	27	27	32	24	40	24	37	39	23	39	32	39	29	53	58
Y_scaffold1	1734181	33	26	26	19	32	38	25	28	28	26	32	24	40	24	37	39	23	40	32	39	29	53	58
Y_scaffold1	1734182	33	26	27	19	32	37	25	28	28	26	33	24	40	24	36	39	22	40	33	38	29	53	58
Y_scaffold1	1734183	33	26	27	18	32	37	24	28	28	26	33	24	39	24	35	39	22	40	31	38	29	52	58
Y_scaffold1	1734184	33	26	27	19	32	37	24	28	28	26	31	24	40	24	35	39	21	40	30	39	27	53	57
Y_scaffold1	1734185	34	27	27	19	32	37	25	27	28	26	31	24	41	24	36	38	21	40	31	39	28	53	57
Y_scaffold1	1734186	34	26	27	21	32	37	25	27	28	26	32	23	42	24	35	39	21	41	31	40	28	52	57
Y_scaffold1	1734187	34	26	28	20	32	37	25	26	28	26	32	23	42	24	35	39	21	41	31	40	28	52	57
Y_scaffold1	1734188	32	25	28	20	32	37	25	26	28	25	32	23	42	24	35	38	21	41	29	40	28	50	57
Y_scaffold1	1734189	32	25	29	20	32	37	27	25	28	25	33	23	44	24	35	39	21	41	29	40	28	51	57
Y_scaffold1	1734190	32	25	29	20	32	37	27	25	28	26	33	22	44	23	35	39	21	41	29	40	26	51	56
Y_scaffold1	1734191	32	25	29	20	32	37	27	25	28	26	33	22	44	24	34	39	21	41	29	40	26	50	56
Y_scaffold1	1734192	32	24	29	20	31	36	27	25	28	26	33	25	44	24	33	39	22	41	30	40	26	50	57
Y_scaffold1	1734193	35	24	29	20	30	36	26	24	29	26	32	25	44	24	33	39	23	42	29	40	26	51	58
Y_scaffold1	1734194	34	24	28	20	30	36	26	24	28	28	32	25	43	25	33	38	23	42	29	41	26	50	59
Y_scaffold1	1734195	33	24	28	20	31	36	25	23	28	28	31	25	44	25	33	38	24	43	29	41	25	50	58
Y_scaffold1	1734196	34	24	28	21	31	36	23	23	28	28	31	26	44	25	33	38	24	42	28	41	26	49	59
Y_scaffold1	1734197	34	24	27	22	31	36	23	23	28	27	32	26	44	25	35	38	24	42	28	41	25	49	59
Y_scaffold1	1734198	36	24	27	22	30	36	23	24	28	27	32	26	44	24	35	38	25	42	29	41	26	50	59
Y_scaffold1	1734199	35	24	27	21	29	36	23	24	27	28	32	26	44	23	35	37	26	42	29	41	26	50	59
Y_scaffold1	1734200	36	26	27	21	30	35	22	23	27	29	32	27	42	21	34	36	25	41	27	40	26	48	60
Y_scaffold1	1734201	36	26	28	21	32	35	22	22	27	29	32	27	42	22	34	36	25	41	27	40	27	48	60
Y_scaffold1	1734202	36	26	28	20	31	35	22	22	27	29	32	27	42	21	34	36	25	41	27	39	27	48	60
Y_scaffold1	1734203	36	26	28	20	32	35	22	22	27	29	32	27	42	22	34	36	25	41	26	39	27	48	60
Y_scaffold1	1734204	36	25	28	20	32	36	22	22	27	30	32	27	42	22	34	36	25	41	26	39	27	48	60
Y_scaffold1	1734205	36	23	28	20	32	36	22	22	27	29	31	27	42	22	34	35	24	41	26	36	27	47	60
Y_scaffold1	1734206	35	23	28	20	32	36	22	23	28	30	33	27	41	22	33	35	25	39	27	36	28	48	60
Y_scaffold1	1734207	35	24	28	20	32	36	22	23	28	30	33	27	40	22	33	35	27	39	27	36	27	48	60
Y_scaffold1	1734208	35	24	28	20	32	36	22	23	27	29	33	28	40	22	33	34	27	39	26	36	27	49	60
Y_scaffold1	1734209	35	25	28	20	32	38	22	23	28	29	34	28	39	22	33	32	28	41	25	37	27	50	60
Y_scaffold1	1734210	34	25	28	20	32	38	22	23	26	29	34	28	38	22	33	32	28	43	25	38	27	50	60
Y_scaffold1	1734211	34	23	28	21	32	37	22	24	26	28	34	28	39	22	34	32	28	43	25	39	27	49	61
Y_scaffold1	1734212	34	23	27	23	32	37	22	24	26	28	33	28	38	22	34	31	29	43	25	40	27	49	61
Y_scaffold1	1734213	34	23	27	23	32	37	22	24	25	27	33	28	38	22	35	30	30	43	25	40	27	49	60
Y_scaffold1	1734214	35	23	26	23	32	36	22	23	25	27	34	28	38	22	36	30	30	43	25	39	27	49	58
Y_scaffold1	1734215	34	24	26	23	34	36	22	23	25	27	34	29	38	22	35	29	30	44	26	39	26	50	58
Y_scaffold1	1734216	32	24	24	23	32	36	22	23	25	27	34	29	37	23	34	29	30	44	25	39	25	52	58
Y_scaffold1	1734217	32	24	24	23	31	35	22	23	25	28	34	29	37	23	35	29	30	43	26	39	25	52	58
Y_scaffold1	1734218	32	24	24	23	32	35	21	23	26	28	34	29	37	24	35	29	30	42	25	39	25	52	59
Y_scaffold1	1734219	32	25	25	23	32	34	20	23	26	28	35	29	37	24	35	29	30	42	25	39	24	52	58
Y_scaffold1	1734220	32	25	26	23	32	34	20	23	26	28	35	29	36	24	35	30	30	42	25	39	24	52	57
Y_scaffold1	1734221	32	25	26	23	32	33	20	23	25	28	35	29	36	25	35	30	32	41	25	41	25	52	57
Y_scaffold1	1734222	32	25	26	23	32	34	20	22	25	28	36	28	37	26	34	30	32	40	25	43	26	52	57
Y_scaffold1	1734223	32	25	24	23	33	33	21	22	24	28	36	28	37	26	33	29	33	40	24	43	26	53	58
Y_scaffold1	1734224	32	24	23	23	33	33	22	21	24	28	36	28	37	26	33	29	33	41	24	43	26	54	58
Y_scaffold1	1734225	33	24	23	23	33	33	22	20	24	28	35	28	35	26	33	28	32	41	23	43	26	54	57
Y_scaffold1	1734226	33	25	25	24	33	33	22	20	24	28	36	28	36	27	33	29	32	40	24	44	26	54	59
Y_scaffold1	1734227	33	25	25	24	33	33	22	20	24	28	36	27	35	27	33	29	32	40	24	43	26	55	59
Y_scaffold1	1734228	32	25	26	24	32	33	22	20	24	28	36	28	35	27	30	30	33	40	24	43	26	56	59
Y_scaffold1	1734229	33	25	26	24	32	33	22	21	24	28	37	28	34	27	30	31	33	41	24	43	26	56	59
Y_scaffold1	1734230	33	25	26	23	32	33	22	22	25	27	37	28	34	27	30	31	33	41	24	43	26	56	59
Y_scaffold1	1734231	34	25	26	22	32	33	22	22	25	27	37	28	33	27	31	32	33	41	24	43	26	56	58
Y_scaffold1	1734232	35	26	26	21	34	33	24	22	25	27	37	28	33	27	31	31	34	41	24	43	27	55	59
Y_scaffold1	1734233	35	26	26	20	34	34	24	22	23	26	37	28	32	26	32	31	35	41	25	42	28	54	58
Y_scaffold1	1734234	35	26	27	20	34	34	24	22	24	27	38	27	32	27	33	31	36	42	24	42	29	53	58
Y_scaffold1	1734235	34	28	27	20	34	34	24	22	24	29	37	27	32	28	33	32	36	42	25	41	29	52	58
Y_scaffold1	1734236	35	28	27	20	33	33	24	22	24	29	37	27	32	28	33	32	36	42	26	42	29	51	58
Y_scaffold1	1734237	35	28	28	20	33	33	24	21	24	29	38	26	32	28	33	32	34	42	28	42	30	51	59
Y_scaffold1	1734238	35	28	28	20	33	32	23	21	24	29	38	26	33	28	33	33	33	42	29	43	30	51	60
Y_scaffold1	1734239	35	28	28	19	33	31	23	22	23	29	37	26	33	28	34	32	33	42	29	44	30	51	61
Y_scaffold1	1734240	35	28	28	18	33	30	23	22	22	29	37	26	33	28	33	31	33	42	29	44	30	51	59
Y_scaffold1	1734241	35	29	28	18	33	29	23	22	26	29	37	26	32	28	33	32	32	41	29	42	30	51	61
Y_scaffold1	1734242	34	29	28	18	34	29	23	23	26	29	39	26	31	28	33	33	32	42	29	42	30	51	61
Y_scaffold1	1734243	34	29	27	18	34	29	23	23	26	29	38	26	31	28	35	33	33	42	29	42	30	50	61
Y_scaffold1	1734244	34	30	27	18	34	29	23	23	26	29	38	25	31	27	36	33	33	41	30	42	30	50	58
Y_scaffold1	1734245	33	30	27	18	34	29	23	23	26	30	37	26	31	26	36	34	32	42	30	41	30	49	58
Y_scaffold1	1734246	33	30	26	18	33	30	23	23	27	30	37	26	31	26	36	35	34	43	29	41	29	49	58
Y_scaffold1	1734247	34	30	26	18	34	30	23	23	27	31	36	26	32	26	36	34	34	43	29	40	29	49	58
Y_scaffold1	1734248	32	30	26	18	35	30	23	23	27	31	36	26	30	25	36	35	34	44	29	40	29	49	57
Y_scaffold1	1734249	32	29	26	18	35	30	23	23	27	31	36	26	30	25	36	35	34	44	29	39	29	49	57
Y_scaffold1	1734250	32	28	27	18	35	30	22	24	27	31	36	26	31	25	37	34	34	44	29	39	29	50	57
Y_scaffold1	1734251	33	28	27	18	35	29	22	24	26	31	36	25	32	25	37	32	35	44	29	40	29	50	56
Y_scaffold1	1734252	33	29	27	18	35	28	22	24	26	32	36	25	32	25	37	32	33	44	29	41	29	49	55
Y_scaffold1	1734253	33	28	27	18	36	27	22	24	24	31	35	25	32	25	37	32	33	43	29	41	29	49	55
Y_scaffold1	1734254	32	28	28	18	36	25	22	23	24	31	36	25	32	25	37	31	32	43	29	41	30	49	55
Y_scaffold1	1734255	32	28	28	18	36	25	22	22	24	31	37	24	32	25	37	31	31	43	29	41	30	46	55
Y_scaffold1	1734256	33	28	28	18	36	25	22	22	24	30	37	24	32	26	37	31	31	43	29	41	31	47	54
Y_scaffold1	1734257	32	28	29	18	35	25	23	22	23	30	37	25	30	26	37	32	31	42	30	42	30	47	55
Y_scaffold1	1734258	32	28	28	18	35	25	24	22	23	31	37	24	29	26	37	32	31	43	30	43	30	48	54
Y_scaffold1	1734259	32	28	28	18	35	25	24	22	22	30	37	24	29	26	37	32	31	43	30	43	30	48	54
Y_scaffold1	1734260	32	28	28	18	35	26	23	21	22	31	37	24	29	27	34	32	31	42	30	43	30	48	53
Y_scaffold1	1734261	32	28	29	19	34	27	23	22	22	30	36	24	29	29	35	32	31	42	33	43	31	49	53
Y_scaffold1	1734262	32	29	29	20	33	27	23	22	22	30	36	24	28	30	34	32	31	42	34	43	31	49	54
Y_scaffold1	1734263	32	27	30	19	33	27	23	23	22	30	36	24	28	30	34	32	31	41	34	43	32	48	55
Y_scaffold1	1734264	32	28	30	19	33	26	23	23	22	29	36	24	27	31	34	32	32	40	34	43	32	46	55
Y_scaffold1	1734265	32	28	30	19	33	26	22	22	22	29	37	25	27	31	34	32	32	39	32	43	32	46	54
Y_scaffold1	1734266	31	27	30	19	33	26	21	22	22	28	37	25	27	30	34	32	32	38	31	42	33	45	53
Y_scaffold1	1734267	31	26	30	20	33	27	21	22	23	28	38	25	27	30	34	33	32	38	31	42	32	46	54
Y_scaffold1	1734268	31	25	30	21	33	26	21	21	23	28	38	24	27	29	34	34	32	38	31	42	32	47	54
Y_scaffold1	1734269	31	25	30	21	33	25	21	21	23	28	38	24	27	29	34	34	32	38	29	42	32	47	54
Y_scaffold1	1734270	32	25	31	21	33	25	21	21	22	29	38	24	27	29	34	34	32	37	29	43	33	46	53
Y_scaffold1	1734271	33	25	30	21	33	25	20	21	22	29	38	26	27	29	33	34	32	37	29	43	33	47	53
Y_scaffold1	1734272	32	24	30	21	34	25	20	21	21	28	37	26	27	29	33	33	32	37	28	41	32	47	54
Y_scaffold1	1734273	32	24	30	21	34	25	20	21	21	28	36	26	26	29	33	33	32	37	28	41	32	47	54
Y_scaffold1	1734274	32	24	29	21	34	25	20	21	20	28	36	26	27	29	32	31	32	37	28	42	30	47	52
Y_scaffold1	1734275	32	23	29	21	33	25	20	21	20	28	36	26	27	29	32	30	33	36	28	41	30	47	51
Y_scaffold1	1734276	32	23	29	22	33	25	20	21	20	29	36	27	28	29	32	28	34	36	28	40	29	46	51
Y_scaffold1	1734277	32	23	29	22	33	25	20	21	20	29	37	27	29	28	31	29	34	36	28	41	29	46	51
Y_scaffold1	1734278	33	23	29	21	32	25	21	21	20	30	37	27	27	28	31	29	34	36	29	40	29	46	51
Y_scaffold1	1734279	33	23	29	21	34	25	20	21	21	31	36	26	27	28	31	28	34	36	31	40	29	45	50
Y_scaffold1	1734280	31	23	29	21	34	25	20	21	21	31	36	26	27	28	31	28	35	37	31	40	29	45	50
Y_scaffold1	1734281	32	22	28	21	34	25	20	21	21	31	36	26	27	28	31	28	35	37	31	40	30	46	49
Y_scaffold1	1734282	32	23	28	21	34	25	20	21	21	31	36	27	27	28	31	29	35	37	31	40	30	46	49
Y_scaffold1	1734283	33	23	28	20	34	25	19	22	21	31	37	27	27	27	31	29	35	37	31	42	30	46	48
Y_scaffold1	1734284	32	23	29	19	35	25	19	22	21	31	37	27	27	27	31	29	35	36	31	42	30	46	47
Y_scaffold1	1734285	31	22	28	19	35	25	19	22	21	31	36	27	27	27	31	29	35	36	32	42	31	46	46
Y_scaffold1	1734286	31	22	28	19	35	25	19	22	22	31	36	27	27	27	31	29	35	36	32	41	31	47	45
Y_scaffold1	1734287	31	21	28	20	35	24	18	23	23	31	36	27	27	27	31	29	35	36	32	41	31	47	45
Y_scaffold1	1734288	31	23	27	20	35	26	19	24	23	31	36	27	27	27	31	31	34	37	32	41	32	47	46
Y_scaffold1	1734289	31	23	27	20	34	26	20	25	24	30	37	25	27	27	30	30	34	36	32	41	32	47	46
Y_scaffold1	1734290	31	23	27	20	34	26	20	25	24	30	37	25	27	27	30	31	34	36	32	41	32	47	46
Y_scaffold1	1734291	32	23	26	20	34	26	20	25	24	30	37	25	28	27	30	31	34	36	31	41	32	47	46
Y_scaffold1	1734292	32	23	27	20	34	27	21	25	25	30	37	25	28	28	30	33	33	35	32	42	32	47	45
Y_scaffold1	1734293	32	26	27	20	33	27	22	25	25	29	37	25	28	28	31	32	33	34	33	41	32	47	45
Y_scaffold1	1734294	32	26	28	20	33	29	22	24	25	29	36	25	28	28	31	31	33	32	33	40	32	45	45
Y_scaffold1	1734295	32	26	28	20	33	28	22	24	25	29	36	26	28	28	32	30	33	32	34	39	31	45	45
Y_scaffold1	1734296	32	27	28	20	34	28	22	24	25	29	36	26	28	29	32	31	32	32	36	39	32	45	46
Y_scaffold1	1734297	32	27	28	20	34	28	22	24	25	29	36	26	27	29	32	31	31	32	36	39	32	45	46
Y_scaffold1	1734298	32	28	28	20	34	28	22	24	25	29	36	26	26	29	31	31	31	31	35	39	32	44	47
Y_scaffold1	1734299	32	28	28	21	34	28	23	25	25	29	35	26	27	29	31	31	30	31	35	38	32	46	47
Y_scaffold1	1734300	32	29	29	21	34	28	23	26	26	30	34	26	27	29	33	31	30	31	35	38	32	46	47
Y_scaffold1	1734301	32	29	29	21	34	28	23	26	26	30	34	26	27	28	33	31	30	31	35	37	32	46	46
Y_scaffold1	1734302	32	29	29	21	34	27	23	26	26	30	34	24	27	28	33	31	30	31	34	37	33	46	46
Y_scaffold1	1734303	32	29	29	21	31	26	23	26	27	31	34	24	27	28	33	32	29	31	35	38	33	48	46
Y_scaffold1	1734304	31	29	30	21	31	26	23	26	28	31	34	22	27	28	33	32	29	30	35	37	33	49	47
Y_scaffold1	1734305	30	29	30	22	31	26	23	27	28	30	34	22	27	27	31	31	29	30	36	36	33	49	47
Y_scaffold1	1734306	31	28	30	23	31	26	23	27	28	30	35	21	26	27	31	31	29	30	36	36	33	48	47
Y_scaffold1	1734307	31	28	30	23	30	25	23	27	27	30	35	21	26	27	31	30	29	30	36	36	33	48	47
Y_scaffold1	1734308	30	29	30	23	30	25	23	27	28	28	35	21	26	29	30	30	29	30	36	36	34	49	48
Y_scaffold1	1734309	29	29	31	23	30	25	24	28	28	28	35	21	26	28	30	30	28	30	36	36	33	49	48
Y_scaffold1	1734310	30	29	31	23	30	25	24	27	28	28	35	21	25	29	30	31	28	28	36	36	33	49	47
Y_scaffold1	1734311	30	29	31	23	30	25	24	27	28	28	34	22	25	29	30	32	28	28	36	36	33	48	47
Y_scaffold1	1734312	30	29	31	23	29	25	23	27	28	28	35	23	25	29	30	32	28	28	36	37	33	48	47
Y_scaffold1	1734313	30	30	32	23	30	25	23	26	27	29	35	23	25	29	30	33	28	27	36	37	32	47	47
Y_scaffold1	1734314	29	30	32	22	30	25	24	25	27	28	33	23	25	29	30	35	27	27	36	37	31	46	47
Y_scaffold1	1734315	29	30	31	21	30	24	24	25	27	26	33	23	26	29	29	35	27	27	36	38	31	46	47
Y_scaffold1	1734316	28	30	33	21	30	24	24	24	27	26	34	22	26	29	30	35	27	28	37	39	31	46	46
Y_scaffold1	1734317	28	30	33	21	31	24	24	25	27	26	34	22	26	30	30	35	27	29	37	39	31	45	47
Y_scaffold1	1734318	28	30	32	21	31	24	23	25	27	26	35	22	26	31	29	35	27	29	37	38	31	44	47
Y_scaffold1	1734319	28	30	32	21	31	24	23	24	27	26	35	22	26	31	29	35	27	29	36	38	31	44	47
Y_scaffold1	1734320	28	30	32	21	31	24	23	24	27	26	35	22	26	30	28	35	27	28	35	37	31	43	47
Y_scaffold1	1734321	28	31	32	21	31	25	23	24	27	26	35	22	27	30	28	36	27	28	36	36	32	43	48
Y_scaffold1	1734322	28	31	33	21	31	25	23	24	28	27	34	21	27	30	28	36	27	29	36	36	32	44	48
Y_scaffold1	1734323	28	31	33	21	30	27	23	24	28	28	34	21	26	30	28	36	27	30	36	36	31	41	48
Y_scaffold1	1734324	28	31	33	21	32	26	23	24	28	29	34	22	26	30	28	36	27	29	36	36	31	41	48
Y_scaffold1	1734325	27	31	33	21	30	26	23	24	28	30	34	22	26	30	28	37	27	29	36	35	31	41	47
Y_scaffold1	1734326	27	31	33	21	30	27	23	23	28	31	34	22	26	31	28	37	27	30	36	36	31	40	47
Y_scaffold1	1734327	29	31	32	21	30	27	24	23	29	31	33	22	26	31	28	37	27	30	36	36	32	40	46
Y_scaffold1	1734328	29	31	33	21	30	27	22	23	29	31	32	22	25	31	28	37	27	30	36	36	30	41	45
Y_scaffold1	1734329	29	30	33	21	30	27	22	23	29	32	32	22	26	31	28	37	27	30	36	37	30	41	43
Y_scaffold1	1734330	29	31	32	21	30	26	22	23	29	32	32	22	27	31	28	37	27	29	35	37	28	40	43
Y_scaffold1	1734331	29	29	32	21	29	26	22	23	28	32	32	22	27	31	28	38	27	28	35	38	28	41	43
Y_scaffold1	1734332	29	29	31	21	28	27	22	23	28	32	30	23	27	30	28	38	26	28	34	38	27	41	43
Y_scaffold1	1734333	29	30	31	20	28	27	22	23	28	33	31	23	27	30	29	37	26	26	34	38	26	41	42
Y_scaffold1	1734334	29	30	32	20	28	27	23	23	28	33	31	23	29	30	29	37	26	26	34	39	27	41	42
Y_scaffold1	1734335	29	30	32	20	28	28	23	23	28	33	31	23	28	30	28	37	26	26	34	39	27	41	42
Y_scaffold1	1734336	29	31	32	18	28	28	23	24	29	33	30	23	27	30	28	37	27	26	35	38	27	43	42
Y_scaffold1	1734337	31	31	32	18	29	28	23	24	29	33	30	23	27	30	28	37	27	26	35	38	27	42	42
Y_scaffold1	1734338	31	31	32	19	29	28	22	24	29	33	30	23	26	30	29	37	27	26	35	38	27	42	42
Y_scaffold1	1734339	31	31	30	19	29	29	21	25	28	33	28	23	26	30	30	36	27	26	35	39	28	42	42
Y_scaffold1	1734340	31	31	30	19	30	29	21	26	28	32	28	23	27	30	29	36	28	26	37	42	28	42	41
Y_scaffold1	1734341	31	31	30	19	30	30	21	26	28	32	28	20	27	29	29	36	28	26	37	41	28	42	41
Y_scaffold1	1734342	30	31	30	19	30	31	21	26	27	33	28	20	27	29	29	36	26	24	36	41	28	41	41
Y_scaffold1	1734343	28	31	30	19	30	31	21	26	27	33	28	21	27	29	29	36	26	24	36	42	28	41	41
Y_scaffold1	1734344	28	31	30	19	31	31	21	26	27	32	28	21	27	28	29	36	26	26	36	41	28	41	41
Y_scaffold1	1734345	28	31	30	19	30	31	21	26	27	32	28	21	26	28	29	35	25	25	37	41	29	41	41
Y_scaffold1	1734346	28	31	30	19	30	31	21	26	28	32	28	20	25	28	29	36	25	25	37	42	28	41	40
Y_scaffold1	1734347	27	30	30	18	30	30	21	26	28	33	27	21	25	28	27	36	25	25	37	42	27	41	39
Y_scaffold1	1734348	26	29	30	18	30	31	21	26	28	31	29	20	25	28	27	36	23	25	36	42	28	40	39
Y_scaffold1	1734349	26	29	32	18	30	31	21	27	28	31	29	20	25	29	27	37	23	25	36	42	29	41	38
Y_scaffold1	1734350	25	29	32	18	28	30	21	27	28	30	29	20	25	28	27	38	23	25	36	42	28	41	38
Y_scaffold1	1734351	25	29	32	18	27	30	21	27	30	30	30	20	25	29	27	39	23	25	37	42	28	42	38
Y_scaffold1	1734352	25	29	32	19	26	31	21	27	30	30	30	20	26	28	27	39	23	25	37	42	28	42	38
Y_scaffold1	1734353	26	29	32	19	26	31	21	27	30	30	30	20	26	28	27	39	25	25	37	43	28	42	37
Y_scaffold1	1734354	26	29	32	19	26	30	21	26	31	29	29	22	26	28	27	39	25	25	38	43	28	42	37
Y_scaffold1	1734355	27	29	32	20	27	30	21	26	31	29	29	22	27	28	27	39	25	25	39	43	27	43	36
Y_scaffold1	1734356	27	28	32	20	27	30	21	26	30	29	28	22	28	28	27	39	25	25	38	43	27	43	36
Y_scaffold1	1734357	27	27	32	20	28	30	21	26	30	30	27	22	28	29	28	38	23	25	39	43	27	43	37
Y_scaffold1	1734358	27	27	32	20	29	29	21	25	29	30	27	21	28	29	28	38	23	26	41	43	27	41	37
Y_scaffold1	1734359	27	26	32	20	29	28	21	25	29	30	26	21	28	29	28	39	22	23	42	42	27	41	37
Y_scaffold1	1734360	27	26	33	20	29	28	21	26	28	30	26	21	27	29	28	39	22	22	43	40	28	41	37
Y_scaffold1	1734361	27	26	34	19	29	28	22	26	29	30	27	21	28	29	28	41	21	22	43	40	28	41	36
Y_scaffold1	1734362	28	26	34	17	29	28	22	26	29	31	27	21	28	29	28	41	21	22	43	41	28	41	37
Y_scaffold1	1734363	28	26	34	18	29	28	22	26	29	31	26	22	28	29	27	41	20	23	43	41	28	41	37
Y_scaffold1	1734364	28	26	34	18	29	28	24	26	30	31	26	22	28	29	26	42	22	25	43	40	28	41	37
Y_scaffold1	1734365	28	25	34	18	28	29	24	26	29	31	26	21	29	28	27	42	22	24	42	39	28	39	37
Y_scaffold1	1734366	28	25	34	19	28	29	23	26	29	32	26	21	30	27	28	42	22	24	42	39	28	38	37
Y_scaffold1	1734367	29	25	34	19	28	30	23	26	29	32	26	21	31	29	28	43	22	24	41	39	28	38	39
Y_scaffold1	1734368	30	25	34	19	27	30	23	27	29	32	26	21	31	28	28	43	22	24	41	39	28	39	38
Y_scaffold1	1734369	30	24	33	19	27	30	23	27	29	32	26	21	31	28	28	43	22	24	43	39	29	39	38
Y_scaffold1	1734370	30	25	32	19	27	28	23	27	29	32	27	21	31	27	28	42	22	24	43	39	28	39	38
Y_scaffold1	1734371	32	26	32	19	28	28	23	27	29	32	27	21	31	27	29	42	21	24	43	37	27	39	39
Y_scaffold1	1734372	32	26	32	19	27	28	22	27	28	32	26	21	30	26	29	42	20	24	43	35	26	39	38
Y_scaffold1	1734373	32	25	32	20	26	28	22	27	28	32	26	21	30	26	30	42	20	23	43	35	26	39	38
Y_scaffold1	1734374	31	25	32	21	26	29	22	27	29	32	26	21	30	26	30	42	20	22	43	35	27	38	38
Y_scaffold1	1734375	31	25	33	21	26	29	23	27	29	32	26	21	31	26	30	43	20	22	43	35	27	37	38
Y_scaffold1	1734376	31	25	31	20	26	29	23	27	29	32	25	21	31	26	30	42	20	23	42	36	29	37	36
Y_scaffold1	1734377	31	26	31	20	26	29	23	27	29	33	25	21	31	26	30	42	19	23	43	36	29	37	36
Y_scaffold1	1734378	31	26	32	20	26	29	24	27	30	33	25	20	31	27	31	41	19	23	43	36	29	37	36
Y_scaffold1	1734379	30	26	32	21	26	29	24	26	31	35	24	20	31	27	31	40	19	22	43	36	29	37	36
Y_scaffold1	1734380	30	27	32	21	26	29	24	25	30	35	24	20	31	27	32	40	19	22	43	38	29	38	37
Y_scaffold1	1734381	28	27	32	21	25	29	24	25	30	35	24	20	31	27	31	39	19	22	43	38	30	38	37
Y_scaffold1	1734382	28	26	32	21	25	28	23	25	30	35	24	20	31	27	31	39	18	22	43	40	29	38	36
Y_scaffold1	1734383	28	26	32	21	25	27	23	25	30	35	24	20	31	29	32	40	18	22	43	40	29	39	37
Y_scaffold1	1734384	28	26	31	21	25	27	23	25	29	34	23	20	31	28	31	40	17	21	43	40	29	39	37
Y_scaffold1	1734385	27	24	31	21	26	27	24	25	29	33	24	20	32	27	31	40	17	22	44	40	29	39	37
Y_scaffold1	1734386	27	24	32	21	26	27	24	25	29	33	24	21	32	27	31	41	17	22	44	39	29	39	37
Y_scaffold1	1734387	27	24	31	21	26	27	24	25	29	34	23	21	32	27	32	41	17	22	41	39	28	39	36
Y_scaffold1	1734388	27	24	32	21	26	27	24	25	29	35	23	21	31	27	32	40	17	23	41	38	27	39	35
Y_scaffold1	1734389	28	24	32	21	26	27	24	24	29	35	23	21	31	27	32	40	17	22	41	37	27	39	34
Y_scaffold1	1734390	28	24	32	20	26	27	24	24	29	35	23	21	31	27	32	40	17	22	41	37	27	39	34
Y_scaffold1	1734391	28	25	32	20	26	27	24	24	25	36	23	22	31	27	32	39	17	22	41	38	27	40	30
Y_scaffold1	1734392	28	25	32	20	25	27	24	24	26	35	21	22	31	27	32	38	18	21	41	37	29	39	30
Y_scaffold1	1734393	28	25	32	20	26	27	24	25	26	35	21	22	31	26	30	38	18	21	42	37	29	39	30
Y_scaffold1	1734394	29	24	32	20	27	27	24	26	26	36	21	23	31	27	29	38	18	21	41	37	29	39	31
Y_scaffold1	1734395	29	24	32	20	27	27	24	26	27	36	22	23	31	27	29	37	17	19	41	37	29	39	32
Y_scaffold1	1734396	30	24	32	20	27	26	24	26	26	36	22	24	31	27	30	36	16	19	41	37	29	39	32
Y_scaffold1	1734397	30	24	32	20	25	26	23	26	26	36	22	24	31	27	31	35	16	18	42	37	30	39	32
Y_scaffold1	1734398	31	24	32	20	25	26	23	26	26	37	23	24	32	28	30	35	16	18	42	38	30	39	32
Y_scaffold1	1734399	31	24	32	20	25	26	23	26	27	37	23	24	31	28	30	35	16	18	42	38	30	38	32
Y_scaffold1	1734400	31	24	32	20	25	26	23	26	27	37	23	24	30	28	30	35	16	18	43	38	30	38	33
Y_scaffold1	1734401	30	24	32	20	25	27	24	26	27	36	23	24	31	28	31	35	15	18	44	36	31	38	33
Y_scaffold1	1734402	30	24	32	20	25	28	24	26	28	36	24	24	32	28	32	35	15	18	45	36	32	38	33
Y_scaffold1	1734403	30	24	32	20	24	28	24	26	28	36	24	24	32	28	32	35	16	18	45	36	32	39	33
Y_scaffold1	1734404	31	24	31	20	24	28	24	27	28	36	23	24	32	28	31	35	16	18	45	36	31	39	33
Y_scaffold1	1734405	31	24	31	20	24	29	24	28	27	36	22	24	32	28	32	36	16	18	45	36	31	39	35
Y_scaffold1	1734406	30	24	31	20	24	29	24	28	27	36	22	24	32	27	32	36	17	18	44	36	30	38	35
Y_scaffold1	1734407	30	23	31	20	24	28	23	28	27	36	22	23	32	26	32	35	17	18	44	37	31	38	34
Y_scaffold1	1734408	30	23	32	20	24	28	23	28	27	35	22	23	32	26	32	35	17	17	44	36	31	37	34
Y_scaffold1	1734409	30	23	32	20	24	27	23	28	27	35	22	23	33	26	32	35	17	17	44	36	31	37	34
Y_scaffold1	1734410	31	23	33	20	24	28	23	27	27	35	23	23	32	24	32	36	18	17	41	36	31	38	35
Y_scaffold1	1734411	32	24	33	19	24	28	23	27	27	36	23	23	31	24	31	36	18	17	42	36	30	38	35
Y_scaffold1	1734412	33	23	33	18	24	28	24	27	27	37	23	23	31	23	32	36	18	17	43	36	30	39	36
Y_scaffold1	1734413	33	23	32	18	25	28	24	26	27	37	23	24	31	23	32	36	18	17	43	37	29	40	35
Y_scaffold1	1734414	33	23	32	19	25	28	24	26	27	37	23	24	31	22	32	36	17	17	44	38	29	41	35
Y_scaffold1	1734415	33	23	32	19	26	28	24	26	27	37	22	23	31	22	32	36	17	17	44	37	29	40	35
Y_scaffold1	1734416	33	24	32	20	27	30	24	27	26	37	21	22	31	23	32	37	18	19	45	37	28	39	36
Y_scaffold1	1734417	33	24	33	18	27	31	24	27	26	37	21	22	32	23	32	36	18	19	45	37	28	39	35
Y_scaffold1	1734418	33	24	33	18	27	31	24	26	26	37	21	22	32	23	31	35	18	19	45	37	28	38	35
Y_scaffold1	1734419	33	25	32	18	27	31	24	25	26	36	21	22	32	23	31	36	18	20	45	38	28	38	35
Y_scaffold1	1734420	32	25	32	18	27	32	25	25	27	36	21	22	32	24	31	37	18	20	45	38	27	39	34
Y_scaffold1	1734421	31	26	32	18	27	32	25	24	27	36	21	20	33	24	31	37	18	20	45	39	27	38	34
Y_scaffold1	1734422	31	26	32	18	26	32	25	25	27	36	21	20	33	24	31	36	18	20	47	39	27	39	34
Y_scaffold1	1734423	31	27	32	18	26	32	26	25	27	36	22	20	34	24	31	36	18	21	47	39	27	41	34
Y_scaffold1	1734424	31	28	32	18	26	32	26	26	27	36	22	20	33	24	31	37	19	22	48	38	28	44	34
Y_scaffold1	1734425	32	28	32	18	25	32	26	26	27	36	22	20	33	24	32	37	18	22	48	40	28	44	34
Y_scaffold1	1734426	33	28	32	19	25	32	26	26	27	35	23	19	32	25	32	37	18	22	49	41	29	46	34
Y_scaffold1	1734427	32	28	32	19	25	32	26	27	27	35	22	19	31	25	32	36	18	22	49	40	29	48	34
Y_scaffold1	1734428	32	28	33	19	26	32	25	27	27	34	22	19	32	26	33	36	18	22	48	40	29	48	34
Y_scaffold1	1734429	32	28	33	21	25	31	25	27	26	33	23	19	32	26	34	37	18	23	48	40	29	48	34
Y_scaffold1	1734430	32	28	33	22	25	31	25	27	27	33	23	19	33	25	34	37	17	23	47	40	29	48	34
Y_scaffold1	1734431	33	28	35	22	25	32	25	27	27	33	24	19	33	25	34	36	17	23	47	40	28	47	34
Y_scaffold1	1734432	33	27	35	22	25	32	25	26	28	33	24	18	33	25	34	35	18	23	47	40	28	47	34
Y_scaffold1	1734433	33	27	34	22	25	32	25	26	28	33	23	18	33	25	34	35	18	23	47	37	28	47	35
Y_scaffold1	1734434	33	27	34	22	25	33	25	26	28	33	25	18	34	26	34	36	18	23	49	37	28	47	35
Y_scaffold1	1734435	33	26	33	22	25	32	24	25	28	33	25	18	35	26	34	38	18	23	49	37	28	47	35
Y_scaffold1	1734436	33	26	33	21	25	33	24	24	26	33	25	18	35	26	34	39	18	23	50	37	28	46	35
Y_scaffold1	1734437	33	26	33	22	25	34	24	24	26	33	25	19	35	26	35	39	18	23	50	39	28	47	35
Y_scaffold1	1734438	34	26	33	22	26	34	23	24	27	33	25	19	35	26	35	38	19	23	50	39	27	49	35
Y_scaffold1	1734439	34	26	33	22	26	34	22	23	26	33	24	20	35	27	35	38	20	23	50	38	27	49	35
Y_scaffold1	1734440	34	26	33	22	26	34	22	23	26	34	24	20	36	27	35	38	20	24	50	38	27	49	35
Y_scaffold1	1734441	34	27	33	22	26	34	22	24	26	34	24	20	35	26	35	38	20	24	50	38	27	49	35
Y_scaffold1	1734442	33	27	32	22	26	34	21	24	25	34	24	20	35	26	35	37	20	24	50	38	28	49	36
Y_scaffold1	1734443	34	24	31	23	26	34	21	24	25	34	25	20	35	26	34	37	20	24	49	38	28	50	36
Y_scaffold1	1734444	34	25	31	23	26	32	21	24	25	34	25	20	36	26	34	37	20	25	49	38	28	50	36
Y_scaffold1	1734445	34	25	31	23	26	32	21	25	25	35	25	19	36	26	33	36	20	25	48	38	27	52	35
Y_scaffold1	1734446	35	24	32	23	26	32	22	27	25	36	25	20	36	25	33	36	22	25	46	39	27	54	35
Y_scaffold1	1734447	35	24	32	23	26	32	22	27	25	36	26	20	36	25	34	36	22	25	46	40	27	54	35
Y_scaffold1	1734448	35	23	32	23	26	33	22	27	25	36	26	20	36	25	34	36	22	25	46	40	27	54	35
Y_scaffold1	1734449	35	23	32	22	26	34	21	26	25	36	26	20	35	25	34	36	22	25	46	41	28	52	35
Y_scaffold1	1734450	35	23	31	22	26	35	21	25	24	35	27	20	35	26	32	36	22	25	46	41	28	52	35
Y_scaffold1	1734451	35	23	31	22	28	35	21	25	24	35	27	20	35	26	31	36	22	26	46	41	27	51	35
Y_scaffold1	1734452	35	24	31	22	28	35	21	25	24	34	27	20	35	26	31	37	22	26	46	40	28	51	34
Y_scaffold1	1734453	36	24	31	23	28	36	21	25	25	35	27	20	35	26	31	37	23	26	45	40	28	51	35
Y_scaffold1	1734454	37	26	31	22	28	36	22	24	24	35	26	20	35	28	30	38	24	26	45	41	28	50	33
Y_scaffold1	1734455	38	26	32	21	28	36	22	24	25	35	26	20	35	29	30	38	25	26	44	41	28	50	33
Y_scaffold1	1734456	37	26	32	21	28	36	22	24	25	35	26	20	35	30	30	38	25	26	44	42	28	50	33
Y_scaffold1	1734457	37	26	33	21	28	36	22	24	25	35	26	20	36	30	30	38	25	26	44	41	28	50	33
Y_scaffold1	1734458	37	25	33	21	28	37	23	25	25	35	26	20	36	28	31	38	25	26	44	41	28	49	32
Y_scaffold1	1734459	38	25	32	21	30	37	23	24	26	35	27	20	36	28	31	37	25	26	44	41	28	49	32
Y_scaffold1	1734460	37	26	32	20	30	37	22	25	26	35	27	20	37	27	31	37	25	26	44	41	28	49	32
Y_scaffold1	1734461	37	26	32	19	29	36	22	25	26	35	27	19	37	27	31	37	25	26	45	41	28	49	32
Y_scaffold1	1734462	37	26	32	19	29	37	22	25	26	35	26	18	37	28	31	37	25	26	45	40	28	50	33
Y_scaffold1	1734463	37	26	32	19	28	36	22	25	26	34	26	18	37	28	31	36	25	26	45	40	28	50	33
Y_scaffold1	1734464	37	26	31	19	28	36	22	25	26	36	26	18	36	28	31	35	25	28	45	40	28	50	34
Y_scaffold1	1734465	37	26	31	19	28	36	22	25	27	36	26	18	37	28	31	35	25	28	45	39	28	50	34
Y_scaffold1	1734466	37	26	30	20	29	37	22	26	27	36	26	18	38	28	30	35	26	27	44	38	28	52	35
Y_scaffold1	1734467	37	26	30	20	28	38	22	25	27	36	26	18	38	28	30	35	26	26	44	38	28	52	33
Y_scaffold1	1734468	37	27	30	20	28	38	22	25	27	36	25	18	38	27	30	35	27	26	44	38	29	52	34
Y_scaffold1	1734469	37	28	30	20	28	38	22	25	27	36	25	18	37	28	30	35	27	27	45	38	28	52	33
Y_scaffold1	1734470	37	28	30	21	28	38	22	25	27	35	24	18	37	28	31	35	27	27	45	38	28	52	33
Y_scaffold1	1734471	38	27	30	21	28	37	22	25	27	35	24	18	37	28	31	34	27	27	45	38	28	52	32
Y_scaffold1	1734472	38	28	30	21	28	37	22	25	26	34	24	18	37	28	31	34	27	26	45	39	28	51	32
Y_scaffold1	1734473	38	29	30	21	28	35	22	25	26	33	24	18	37	28	31	34	27	25	45	40	28	51	32
Y_scaffold1	1734474	38	30	29	21	26	35	22	25	26	32	24	17	37	28	31	34	27	25	45	41	28	51	31
Y_scaffold1	1734475	38	30	29	21	26	35	22	25	26	32	24	17	38	28	31	33	27	25	45	40	28	51	31
Y_scaffold1	1734476	37	30	30	22	26	35	22	25	26	31	23	17	38	27	31	33	27	24	45	39	27	54	31
Y_scaffold1	1734477	36	31	30	22	26	36	21	25	26	31	23	17	39	27	31	34	27	25	47	40	29	54	31
Y_scaffold1	1734478	36	31	29	22	26	36	21	25	26	31	23	17	39	27	31	34	27	25	47	40	29	53	31
Y_scaffold1	1734479	36	31	29	22	27	36	21	26	26	30	23	17	38	27	31	34	27	26	47	40	29	53	31
Y_scaffold1	1734480	37	30	29	22	27	36	21	26	26	30	24	17	37	27	32	34	27	26	47	40	29	53	31
Y_scaffold1	1734481	37	30	29	22	28	36	21	26	26	31	24	17	38	30	32	33	29	26	47	39	29	52	31
Y_scaffold1	1734482	37	30	30	22	28	35	21	26	26	30	23	16	39	30	32	33	29	26	46	38	29	51	31
Y_scaffold1	1734483	36	29	30	23	28	35	20	26	26	30	23	16	38	30	32	33	30	26	46	39	29	51	31
Y_scaffold1	1734484	37	29	29	23	29	35	19	26	27	31	23	17	36	30	32	33	30	27	46	38	28	52	32
Y_scaffold1	1734485	37	29	29	23	29	34	19	26	27	32	23	17	36	31	33	33	29	27	47	38	28	51	34
Y_scaffold1	1734486	37	29	29	23	29	35	20	26	26	32	23	18	36	31	33	33	29	27	47	38	28	50	34
Y_scaffold1	1734487	34	29	29	22	29	34	20	26	26	32	23	18	35	31	32	33	29	28	47	38	27	51	34
Y_scaffold1	1734488	34	29	29	22	29	35	20	26	26	32	23	18	35	31	31	33	29	29	47	38	27	51	34
Y_scaffold1	1734489	34	29	29	22	29	37	20	25	27	33	23	18	35	31	32	34	29	30	47	38	27	51	34
Y_scaffold1	1734490	34	29	29	23	28	37	21	25	28	33	23	18	35	32	32	34	28	30	45	36	27	51	34
Y_scaffold1	1734491	34	29	30	23	28	36	21	26	28	32	23	18	36	33	32	35	28	30	46	36	27	52	32
Y_scaffold1	1734492	34	30	31	23	29	35	21	26	28	33	23	18	37	33	32	35	28	29	47	36	27	53	32
Y_scaffold1	1734493	34	30	31	23	29	37	21	27	28	33	25	17	37	34	32	36	28	29	47	35	27	53	32
Y_scaffold1	1734494	34	30	31	23	30	37	21	27	28	32	26	17	37	34	33	36	28	28	47	35	28	53	32
Y_scaffold1	1734495	34	30	31	23	30	37	21	27	27	32	27	17	37	34	32	36	28	29	46	36	27	54	33
Y_scaffold1	1734496	34	31	31	23	30	37	21	26	27	31	27	16	37	36	32	35	28	29	46	35	28	56	33
Y_scaffold1	1734497	35	31	31	23	30	38	22	26	27	31	27	16	37	36	32	35	29	30	47	35	28	56	33
Y_scaffold1	1734498	35	32	31	23	30	38	23	26	27	31	26	18	37	37	33	35	29	30	48	35	27	56	35
Y_scaffold1	1734499	35	32	29	23	30	38	24	25	28	31	26	18	37	36	33	34	29	30	48	35	26	55	35
Y_scaffold1	1734500	35	33	28	23	30	38	24	25	28	31	28	18	38	36	33	33	29	30	48	35	26	55	35
Y_scaffold1	1734501	35	33	28	23	30	37	24	25	26	31	27	18	38	36	33	32	29	30	49	35	26	54	35
Y_scaffold1	1734502	35	34	28	22	31	37	24	25	26	31	27	18	37	36	33	33	29	30	49	35	26	54	35
Y_scaffold1	1734503	33	34	28	23	31	37	24	25	26	31	27	18	37	36	33	33	27	30	49	34	26	53	36
Y_scaffold1	1734504	33	36	29	23	31	38	24	25	25	31	28	16	38	36	34	33	27	30	48	34	26	55	36
Y_scaffold1	1734505	32	38	30	22	31	38	24	25	25	30	28	16	38	36	34	33	27	30	47	34	26	54	36
Y_scaffold1	1734506	33	38	32	22	30	38	24	26	25	30	28	16	38	36	34	33	27	30	48	34	26	54	35
Y_scaffold1	1734507	33	38	32	22	30	38	24	26	25	30	28	16	39	35	33	33	27	30	47	34	26	55	36
Y_scaffold1	1734508	33	40	32	22	29	38	24	26	25	31	28	16	39	36	33	33	28	29	45	34	27	56	37
Y_scaffold1	1734509	33	40	31	22	29	39	24	26	25	32	28	15	40	36	33	32	28	29	43	34	26	57	40
Y_scaffold1	1734510	34	41	31	22	29	39	24	25	25	32	28	15	40	36	33	33	28	29	43	35	26	58	40
Y_scaffold1	1734511	35	41	30	22	29	39	24	24	24	32	27	15	39	36	33	31	29	29	43	35	26	58	40
Y_scaffold1	1734512	34	41	30	22	29	39	23	24	23	32	28	14	39	36	33	31	27	28	43	33	26	57	40
Y_scaffold1	1734513	34	42	30	21	29	40	23	24	24	32	30	14	39	36	33	32	27	28	43	33	26	58	42
Y_scaffold1	1734514	35	42	29	21	28	40	22	25	24	32	31	14	38	37	32	33	28	27	44	33	26	58	42
Y_scaffold1	1734515	35	42	29	21	27	39	22	25	25	34	33	18	38	38	33	33	28	27	45	33	26	58	42
Y_scaffold1	1734516	36	42	29	20	27	39	22	25	25	33	34	18	37	38	32	33	28	27	45	33	26	58	42
Y_scaffold1	1734517	34	42	30	20	27	38	22	24	24	32	34	18	36	36	31	32	28	27	44	33	25	57	41
Y_scaffold1	1734518	35	42	31	20	27	38	22	25	24	32	34	18	36	36	31	32	28	27	44	33	25	57	42
Y_scaffold1	1734519	35	40	31	21	27	38	22	25	24	32	32	18	37	36	30	33	27	28	43	33	25	58	42
Y_scaffold1	1734520	36	40	31	21	27	39	22	25	24	32	32	18	38	35	30	34	28	28	43	33	25	58	42
Y_scaffold1	1734521	35	40	31	21	26	39	22	25	24	32	32	18	38	35	29	35	29	28	43	33	25	58	42
Y_scaffold1	1734522	35	40	32	21	26	39	22	25	24	33	32	18	38	35	30	36	29	28	43	34	25	58	42
Y_scaffold1	1734523	35	40	32	21	26	40	22	25	24	33	32	19	40	35	30	36	29	28	43	34	25	58	43
Y_scaffold1	1734524	36	40	32	20	26	39	21	25	23	33	32	19	41	35	30	36	29	29	43	34	24	58	43
Y_scaffold1	1734525	36	40	31	20	26	39	20	26	23	33	32	19	41	35	29	36	29	29	43	34	23	58	43
Y_scaffold1	1734526	36	40	32	20	26	39	20	27	25	32	32	19	40	34	29	37	29	28	43	34	22	58	43
Y_scaffold1	1734527	36	41	32	20	26	40	19	27	25	32	32	19	40	34	29	38	29	28	42	34	22	56	43
Y_scaffold1	1734528	36	40	31	20	26	41	19	28	24	32	33	19	40	33	29	38	29	28	43	34	22	56	43
Y_scaffold1	1734529	36	40	31	19	26	41	19	28	23	29	33	19	40	33	29	38	29	29	43	34	22	57	43
Y_scaffold1	1734530	37	39	31	19	26	41	19	28	23	29	33	19	40	34	28	38	29	29	44	32	22	56	42
Y_scaffold1	1734531	37	40	32	19	26	41	19	28	23	31	34	21	40	34	29	38	29	30	44	31	21	56	43
Y_scaffold1	1734532	37	40	32	19	26	41	18	28	24	31	34	22	40	34	29	38	29	30	44	31	20	56	43
Y_scaffold1	1734533	37	40	32	19	26	41	18	28	24	31	34	22	40	32	27	37	28	31	43	31	19	55	42
Y_scaffold1	1734534	37	40	32	20	26	41	18	29	24	31	35	22	40	32	27	37	28	32	42	31	19	55	43
Y_scaffold1	1734535	37	41	32	20	26	41	17	29	24	31	35	22	39	32	27	36	28	31	41	31	19	55	43
Y_scaffold1	1734536	37	41	31	20	26	41	17	29	24	31	35	22	39	32	27	35	28	31	42	32	19	55	43
Y_scaffold1	1734537	37	41	30	20	27	41	17	29	24	29	37	22	39	32	27	36	28	30	43	32	19	55	44
Y_scaffold1	1734538	37	41	30	20	27	41	17	29	24	30	37	22	39	32	27	36	28	31	43	32	19	55	44
Y_scaffold1	1734539	37	40	30	20	28	41	17	29	24	30	37	23	39	33	26	36	28	32	43	32	19	55	44
Y_scaffold1	1734540	37	40	30	20	28	41	18	28	25	30	37	22	39	34	26	37	28	32	43	31	19	54	44
Y_scaffold1	1734541	37	40	30	20	28	41	18	28	25	30	37	22	39	34	26	37	28	33	43	31	18	55	44
Y_scaffold1	1734542	37	40	30	20	27	41	19	28	25	30	37	22	39	34	26	37	28	33	43	31	17	55	44
Y_scaffold1	1734543	37	40	30	20	27	42	19	27	26	30	37	22	39	34	26	37	27	33	42	31	17	55	44
Y_scaffold1	1734544	37	40	30	20	27	42	19	26	26	29	38	21	39	33	26	37	27	33	42	32	17	55	43
Y_scaffold1	1734545	37	40	30	20	27	42	19	26	26	29	37	20	39	33	27	37	27	33	42	32	17	55	42
Y_scaffold1	1734546	37	40	30	20	27	42	19	26	27	29	37	19	39	33	26	37	27	33	42	32	17	55	43
Y_scaffold1	1734547	35	40	30	20	27	43	19	26	27	28	37	19	38	33	25	37	27	33	41	32	16	54	43
Y_scaffold1	1734548	34	40	30	21	27	43	20	25	28	28	36	20	38	32	25	37	28	33	42	33	16	54	43
Y_scaffold1	1734549	34	40	30	21	27	44	19	25	27	28	36	20	37	32	25	37	28	33	41	33	16	54	43
Y_scaffold1	1734550	34	40	30	21	27	43	19	25	27	28	36	20	36	32	24	37	28	33	40	33	16	54	42
Y_scaffold1	1734551	35	40	31	21	29	43	19	26	27	28	37	21	37	32	24	38	28	33	40	33	15	55	42
Y_scaffold1	1734552	35	40	31	21	29	42	19	26	26	29	37	21	37	32	23	38	28	33	41	34	14	55	42
Y_scaffold1	1734553	35	41	32	21	29	42	20	26	26	30	37	21	37	32	23	38	27	33	41	34	14	55	42
Y_scaffold1	1734554	34	41	33	21	29	42	20	25	26	30	37	21	37	32	23	38	28	33	41	34	15	55	42
Y_scaffold1	1734555	34	41	34	21	29	42	20	24	26	30	37	21	37	32	22	37	28	34	41	34	15	55	40
Y_scaffold1	1734556	34	41	34	21	29	42	20	24	26	31	37	21	37	32	23	37	27	34	41	34	16	55	39
Y_scaffold1	1734557	34	41	33	21	28	42	19	24	26	32	37	21	37	32	23	37	28	34	41	33	15	55	39
Y_scaffold1	1734558	34	41	32	21	28	42	19	24	26	31	37	21	37	32	23	37	28	35	41	33	15	55	39
Y_scaffold1	1734559	34	41	33	21	28	42	19	24	26	31	37	21	36	32	26	37	28	35	41	34	15	53	40
Y_scaffold1	1734560	31	40	33	21	28	41	20	24	26	29	36	22	37	32	25	38	27	35	39	34	16	55	38
Y_scaffold1	1734561	32	40	33	21	28	41	19	24	28	29	36	22	38	32	25	38	28	36	39	35	16	55	37
Y_scaffold1	1734562	33	40	33	22	28	42	20	24	28	29	36	22	38	32	25	38	28	36	39	35	16	56	40
Y_scaffold1	1734563	34	40	33	22	27	42	20	24	28	29	37	21	38	32	26	38	27	35	39	34	16	55	40
Y_scaffold1	1734564	34	40	33	21	27	42	20	23	28	29	37	21	38	32	26	38	27	34	38	35	16	55	41
Y_scaffold1	1734565	34	40	33	21	26	40	20	25	30	29	37	21	39	32	27	37	27	35	39	35	16	56	41
Y_scaffold1	1734566	34	40	33	20	26	40	20	26	30	30	38	21	40	31	28	37	28	35	39	35	16	57	41
Y_scaffold1	1734567	34	40	32	20	26	39	20	26	30	30	38	21	39	31	28	37	28	35	39	35	16	57	41
