Y_Contig_135	579044	33	36	45	26	21	27	30	32	25	43	46	25	26	28	39	33	35	52	47	32	31	49	54
Y_Contig_135	579045	33	36	46	27	22	27	30	32	25	43	44	25	26	28	40	33	35	51	47	33	31	50	53
Y_Contig_135	579046	34	36	46	27	22	27	30	33	25	44	43	27	26	28	41	33	35	51	49	33	31	51	53
Y_Contig_135	579047	33	36	45	27	21	26	30	33	25	44	43	27	26	27	41	33	35	51	48	33	32	51	52
Y_Contig_135	579048	33	36	45	27	21	27	30	33	25	44	44	28	26	28	40	35	35	51	48	33	32	51	54
Y_Contig_135	579049	33	35	45	26	21	27	30	32	25	45	44	28	25	28	40	35	33	51	47	32	32	52	53
Y_Contig_135	579050	33	35	45	25	21	26	29	31	25	46	45	28	25	28	40	35	33	50	47	31	32	52	53
Y_Contig_135	579051	34	35	45	23	21	26	29	31	25	46	45	28	25	28	40	35	33	50	47	31	33	52	53
Y_Contig_135	579052	33	35	44	24	21	26	29	31	24	46	44	30	25	27	38	34	33	50	47	31	33	52	53
Y_Contig_135	579053	33	36	44	24	23	25	29	32	24	46	44	33	25	28	38	35	33	50	48	31	33	50	53
Y_Contig_135	579054	33	35	44	23	22	25	29	31	24	46	45	33	25	26	38	35	32	51	48	31	34	51	53
Y_Contig_135	579055	33	35	44	23	23	25	29	31	24	47	45	32	25	26	38	35	32	50	48	31	35	51	53
Y_Contig_135	579056	33	35	44	23	24	25	29	30	24	47	45	32	24	27	38	35	32	51	47	31	35	52	54
Y_Contig_135	579057	33	35	45	24	22	24	29	29	24	46	44	31	24	27	38	35	32	51	46	30	34	52	54
Y_Contig_135	579058	33	34	44	24	22	24	29	29	24	46	44	32	24	27	38	34	31	52	44	30	34	52	54
Y_Contig_135	579059	33	34	44	24	22	24	29	29	23	47	44	32	24	27	38	34	31	52	44	30	34	51	54
Y_Contig_135	579060	33	34	44	24	22	25	29	29	23	46	45	32	24	27	40	35	31	52	45	31	34	51	54
Y_Contig_135	579061	33	34	44	24	21	25	29	29	23	47	45	32	24	27	39	36	31	53	44	31	34	50	53
Y_Contig_135	579062	33	34	44	24	21	25	28	29	23	47	44	32	24	25	40	36	31	53	44	30	34	50	51
Y_Contig_135	579063	35	34	44	25	21	26	29	28	25	48	43	32	24	25	40	37	31	53	44	30	35	49	51
Y_Contig_135	579064	37	34	44	25	21	26	30	28	24	48	44	33	24	25	41	36	31	52	44	29	34	49	50
Y_Contig_135	579065	36	33	44	25	21	25	30	29	25	48	43	33	24	25	41	36	31	52	44	28	35	49	50
Y_Contig_135	579066	36	34	43	25	21	23	30	29	25	48	42	33	24	24	42	36	31	51	44	28	35	49	51
Y_Contig_135	579067	36	34	42	25	21	23	31	29	26	48	42	34	24	24	42	37	31	51	44	28	35	51	51
Y_Contig_135	579068	37	34	42	25	21	23	31	29	26	49	41	34	24	23	42	38	31	51	43	29	35	51	50
Y_Contig_135	579069	37	34	41	25	21	23	30	29	26	49	40	34	23	23	42	38	31	50	42	29	35	51	50
Y_Contig_135	579070	37	34	41	25	20	24	30	30	25	49	39	34	23	23	41	37	31	50	42	29	35	50	51
Y_Contig_135	579071	37	34	41	25	20	24	30	30	25	49	39	34	23	22	41	37	31	50	42	29	34	50	51
Y_Contig_135	579072	37	34	41	25	20	25	31	29	25	49	39	35	24	21	41	37	31	50	42	28	34	50	52
Y_Contig_135	579073	36	33	41	25	21	25	31	29	27	51	39	35	23	21	40	37	31	50	42	28	34	50	52
Y_Contig_135	579074	36	33	41	25	20	25	30	29	27	51	39	35	24	20	40	38	31	51	41	28	33	50	52
Y_Contig_135	579075	35	33	41	25	21	25	30	29	27	52	39	35	24	20	40	39	31	51	42	28	33	51	52
Y_Contig_135	579076	35	33	41	25	21	25	30	29	28	52	40	35	24	20	40	37	30	50	42	28	33	51	52
Y_Contig_135	579077	34	32	42	25	21	27	30	28	28	51	40	35	24	20	40	37	31	49	42	29	33	50	50
Y_Contig_135	579078	33	33	42	25	21	27	30	28	28	51	41	37	24	19	41	37	31	49	42	28	33	50	51
Y_Contig_135	579079	32	32	42	25	21	27	30	28	28	51	40	37	24	20	41	37	29	49	41	28	33	50	52
Y_Contig_135	579080	33	32	42	25	20	27	30	28	29	52	40	37	24	19	40	35	30	47	41	28	31	50	51
Y_Contig_135	579081	34	32	41	26	20	27	29	28	30	52	40	36	24	19	40	36	30	48	41	28	31	50	51
Y_Contig_135	579082	34	32	41	27	21	26	28	27	30	52	41	36	25	19	40	38	30	50	42	29	32	49	52
Y_Contig_135	579083	34	31	41	27	21	26	27	26	29	50	42	36	24	19	39	38	30	50	41	30	32	50	53
Y_Contig_135	579084	34	31	41	27	21	26	27	25	30	51	43	34	24	20	39	39	30	50	41	30	32	52	52
Y_Contig_135	579085	33	31	41	27	21	26	27	25	31	51	43	34	24	20	39	39	31	50	40	30	32	52	52
Y_Contig_135	579086	32	31	41	27	22	26	27	25	31	52	42	35	24	20	39	39	31	50	41	30	32	52	52
Y_Contig_135	579087	33	31	42	27	23	26	27	26	31	53	42	35	25	20	39	39	31	50	41	30	31	52	51
Y_Contig_135	579088	32	32	41	27	23	26	27	27	31	52	41	35	24	20	38	38	31	50	41	30	31	52	50
Y_Contig_135	579089	31	33	41	29	23	26	28	27	30	51	41	34	25	20	38	38	32	50	40	31	29	53	50
Y_Contig_135	579090	32	34	41	30	23	26	27	26	30	52	41	34	24	20	40	38	31	50	39	33	29	53	50
Y_Contig_135	579091	32	34	41	30	24	26	28	26	30	52	41	34	25	20	40	38	31	50	39	33	30	54	50
Y_Contig_135	579092	33	33	41	30	25	26	29	26	30	52	41	35	25	20	40	39	31	50	40	33	30	55	52
Y_Contig_135	579093	33	33	41	30	25	26	29	26	30	52	41	36	25	19	40	39	31	50	40	33	30	55	52
Y_Contig_135	579094	34	33	41	31	26	26	28	26	30	52	41	37	25	19	41	39	31	50	41	33	29	53	51
Y_Contig_135	579095	34	33	41	32	26	26	28	26	31	52	40	36	25	19	41	39	29	50	40	33	30	52	50
Y_Contig_135	579096	34	33	41	32	26	26	28	26	31	52	40	35	25	19	41	39	29	50	40	34	29	52	50
Y_Contig_135	579097	35	34	41	32	26	27	27	25	31	52	42	36	25	19	41	39	30	49	39	34	29	51	49
Y_Contig_135	579098	34	35	41	31	26	27	27	26	31	52	42	38	25	19	40	39	30	48	39	34	29	50	49
Y_Contig_135	579099	35	35	41	32	26	29	27	25	31	52	42	38	25	19	42	40	30	48	39	34	28	48	49
Y_Contig_135	579100	35	35	40	32	26	29	27	25	31	53	41	38	25	19	42	38	29	48	38	33	28	48	48
Y_Contig_135	579101	36	35	40	32	26	28	27	25	31	53	41	38	26	19	41	39	30	45	38	32	29	49	48
Y_Contig_135	579102	37	35	40	32	26	28	27	25	33	52	42	38	26	18	41	39	30	44	35	32	30	48	48
Y_Contig_135	579103	37	35	39	32	26	28	27	24	33	52	42	39	26	19	42	39	30	44	35	31	30	48	49
Y_Contig_135	579104	38	35	38	31	28	27	27	24	32	51	41	39	25	19	40	39	31	44	35	30	30	47	49
Y_Contig_135	579105	38	32	38	31	28	27	27	24	32	52	42	38	25	19	40	39	31	44	34	30	30	47	49
Y_Contig_135	579106	38	32	37	31	28	26	26	23	31	52	41	40	24	19	40	39	31	45	33	29	30	46	48
Y_Contig_135	579107	39	32	37	32	29	26	27	23	31	54	42	40	24	19	40	39	31	44	35	29	31	46	48
Y_Contig_135	579108	39	33	37	33	30	25	27	23	31	54	42	40	25	19	40	39	31	42	35	29	31	46	48
Y_Contig_135	579109	39	33	36	33	31	26	26	24	31	53	41	40	26	19	39	38	31	42	35	29	30	45	48
Y_Contig_135	579110	39	32	36	33	31	25	26	24	30	53	42	39	26	19	39	38	32	41	34	30	30	45	48
Y_Contig_135	579111	40	32	37	32	30	23	25	26	30	52	43	39	26	19	38	38	32	41	35	29	31	45	50
Y_Contig_135	579112	40	32	37	32	30	23	24	26	30	52	43	39	26	20	39	40	32	41	34	29	31	45	50
Y_Contig_135	579113	37	30	35	30	27	23	22	26	29	52	44	39	26	20	39	40	31	42	33	28	30	42	50
Y_Contig_135	579114	37	30	35	30	28	23	22	27	30	51	44	39	26	20	39	39	31	42	33	28	30	42	52
Y_Contig_135	579115	37	30	34	30	29	23	22	27	30	51	44	40	26	19	40	41	31	42	33	27	30	42	51
Y_Contig_135	579116	37	30	34	30	29	24	22	27	28	51	45	40	26	19	40	41	32	40	35	27	30	43	55
Y_Contig_135	579117	37	30	35	30	30	24	22	27	28	51	45	41	27	19	40	41	32	40	35	27	30	44	55
Y_Contig_135	579118	36	30	35	30	31	24	22	27	28	52	45	43	27	19	40	41	32	42	35	28	30	44	55
Y_Contig_135	579119	36	29	35	30	31	24	22	27	28	51	45	43	27	19	40	40	31	42	35	27	30	44	55
Y_Contig_135	579120	36	29	35	30	32	25	22	28	27	51	45	44	28	20	40	40	31	43	35	27	30	44	55
Y_Contig_135	579121	36	29	34	30	33	24	22	29	26	51	45	44	28	20	40	39	31	43	36	27	32	45	55
Y_Contig_135	579122	36	29	34	30	33	25	21	29	26	50	46	44	28	20	40	39	31	43	36	27	32	45	55
Y_Contig_135	579123	36	30	34	30	33	25	21	29	26	50	46	45	28	20	40	40	31	43	38	28	32	45	55
Y_Contig_135	579124	36	30	35	30	33	25	21	30	26	49	45	45	28	20	39	40	31	43	38	28	32	45	55
Y_Contig_135	579125	36	29	34	30	34	25	20	30	26	49	45	45	26	19	38	40	30	44	37	27	32	44	53
Y_Contig_135	579126	36	30	34	31	34	24	20	29	26	49	45	44	24	19	38	40	30	44	37	27	32	44	53
Y_Contig_135	579127	35	30	34	31	34	24	20	29	26	49	44	44	24	19	38	40	31	45	36	27	32	44	53
Y_Contig_135	579128	35	29	34	31	35	24	20	28	26	47	45	44	25	19	37	39	31	45	35	27	32	44	54
Y_Contig_135	579129	35	29	34	31	35	24	20	28	26	47	45	45	25	19	37	38	31	45	35	26	33	45	55
Y_Contig_135	579130	34	30	33	30	36	24	20	27	27	47	46	45	25	19	37	38	32	45	37	25	33	45	56
Y_Contig_135	579131	34	28	33	30	35	24	20	28	28	47	45	46	25	19	36	38	32	46	36	25	33	45	56
Y_Contig_135	579132	33	30	33	30	35	24	20	28	28	47	45	44	25	18	36	38	31	46	36	24	33	44	56
Y_Contig_135	579133	32	29	32	30	35	24	20	27	28	47	45	44	25	18	36	38	31	46	37	24	33	44	56
Y_Contig_135	579134	32	29	33	30	38	24	20	27	28	46	45	45	24	18	36	37	31	45	38	24	33	44	56
Y_Contig_135	579135	32	29	33	30	39	24	20	27	28	47	44	45	24	18	37	36	31	45	38	24	33	43	55
Y_Contig_135	579136	32	29	33	30	39	24	20	27	26	47	43	45	24	18	37	36	32	45	38	24	33	43	56
Y_Contig_135	579137	31	29	32	30	39	24	20	27	25	45	42	45	24	18	37	35	31	45	38	24	32	43	56
Y_Contig_135	579138	31	27	29	30	39	23	19	26	25	45	42	45	24	18	36	35	31	45	37	23	32	43	56
Y_Contig_135	579139	31	27	29	30	38	23	19	26	25	44	42	45	25	18	37	37	31	45	37	24	33	43	56
Y_Contig_135	579140	30	27	29	30	38	23	19	27	25	44	42	45	25	18	37	37	31	45	38	24	33	43	56
Y_Contig_135	579141	30	27	29	30	38	24	19	27	24	44	42	45	24	17	37	38	31	46	39	26	34	42	56
Y_Contig_135	579142	30	28	30	30	38	24	20	28	25	44	42	45	25	17	37	39	31	45	39	27	34	42	56
Y_Contig_135	579143	32	28	29	30	38	24	19	28	25	44	41	44	25	17	37	40	31	45	39	26	34	41	56
Y_Contig_135	579144	32	26	28	30	38	24	19	28	25	44	41	44	25	17	37	40	31	45	39	26	34	41	56
Y_Contig_135	579145	32	26	27	30	38	24	18	28	26	43	40	45	25	17	37	41	32	46	39	26	34	41	56
Y_Contig_135	579146	31	26	24	30	38	23	16	28	26	43	40	45	25	18	38	41	32	46	38	26	34	41	56
Y_Contig_135	579147	31	27	24	30	38	23	16	27	26	43	41	45	26	18	38	41	33	46	38	26	34	41	56
Y_Contig_135	579148	31	27	24	29	37	23	16	28	26	43	41	44	26	19	38	41	33	46	38	25	34	39	56
Y_Contig_135	579149	31	27	24	29	37	23	16	29	26	43	41	43	25	19	39	41	33	45	38	25	34	39	56
Y_Contig_135	579150	31	27	23	29	37	23	16	29	26	43	41	43	26	19	38	41	33	44	38	25	34	39	56
Y_Contig_135	579151	30	28	23	29	36	23	16	29	26	43	40	43	26	19	38	41	34	44	39	26	35	39	56
Y_Contig_135	579152	30	28	23	28	37	23	15	29	26	43	40	43	26	19	38	41	34	45	39	26	34	39	57
Y_Contig_135	579153	30	28	23	28	37	23	15	29	26	42	40	43	26	20	38	41	33	45	40	27	34	40	56
Y_Contig_135	579154	30	28	23	28	37	24	15	29	26	43	39	43	26	21	37	40	33	43	40	27	34	40	56
Y_Contig_135	579155	31	28	23	28	37	24	15	29	26	43	39	43	26	21	38	40	33	43	40	27	33	40	57
Y_Contig_135	579156	32	29	22	28	37	24	16	29	26	41	38	43	27	20	38	40	34	44	40	26	32	40	55
Y_Contig_135	579157	32	29	22	29	37	24	16	30	26	41	38	42	27	20	38	40	34	44	39	26	32	40	55
Y_Contig_135	579158	31	30	22	30	37	24	16	29	26	41	37	42	27	19	39	40	33	43	39	28	30	40	54
Y_Contig_135	579159	31	30	22	30	37	25	15	30	26	42	38	43	26	20	39	43	32	44	40	28	30	41	54
Y_Contig_135	579160	30	30	22	30	37	25	16	31	26	42	38	43	26	20	39	43	32	44	39	29	30	41	55
Y_Contig_135	579161	30	30	22	30	37	25	16	31	26	41	38	43	26	20	38	43	32	45	39	30	30	41	55
Y_Contig_135	579162	31	29	21	31	37	25	16	31	25	41	38	43	26	21	38	41	32	45	39	31	30	42	58
Y_Contig_135	579163	32	30	22	31	38	25	17	31	26	42	37	43	26	21	37	41	31	45	39	31	30	43	59
Y_Contig_135	579164	33	29	22	31	38	25	16	31	26	42	37	44	26	22	35	41	31	47	39	32	30	43	58
Y_Contig_135	579165	34	29	22	32	38	24	16	31	26	43	37	44	26	22	35	41	32	47	39	33	32	43	57
Y_Contig_135	579166	34	29	22	32	38	24	16	32	26	43	37	44	26	22	34	41	31	47	39	34	32	42	57
Y_Contig_135	579167	34	29	20	32	38	24	18	31	26	41	37	45	26	21	32	41	31	47	39	34	32	43	57
Y_Contig_135	579168	34	29	21	32	39	24	18	31	27	40	37	45	26	21	33	42	32	47	39	34	33	43	56
Y_Contig_135	579169	32	29	21	32	39	23	18	31	27	40	37	45	24	22	34	43	32	47	39	34	33	43	53
Y_Contig_135	579170	31	29	21	32	40	23	18	31	26	39	38	45	24	23	34	44	32	44	40	34	33	43	52
Y_Contig_135	579171	31	29	21	31	40	23	19	33	26	40	37	45	24	23	34	44	31	42	40	34	33	42	52
Y_Contig_135	579172	32	29	21	31	41	23	19	33	26	40	37	45	24	23	34	44	31	42	39	34	32	42	51
Y_Contig_135	579173	31	29	22	30	42	23	19	36	24	38	37	47	24	24	34	45	31	41	38	34	32	43	52
Y_Contig_135	579174	32	30	22	30	42	23	19	36	24	38	37	48	24	25	35	45	31	41	38	34	32	43	53
Y_Contig_135	579175	32	30	23	30	42	23	19	36	24	38	38	48	25	25	35	46	31	42	38	34	32	43	53
Y_Contig_135	579176	32	30	23	29	42	22	19	36	24	36	39	48	27	22	35	46	31	43	38	34	31	41	52
Y_Contig_135	579177	32	30	24	29	42	22	19	36	24	36	39	48	27	22	35	46	31	43	39	34	31	42	52
Y_Contig_135	579178	33	29	23	28	41	22	19	37	24	34	38	48	27	22	35	46	33	43	39	34	31	42	52
Y_Contig_135	579179	33	29	22	27	41	22	20	37	24	33	38	48	27	22	35	46	32	43	39	35	31	42	52
Y_Contig_135	579180	33	29	22	27	40	22	20	37	23	33	38	48	27	23	34	46	31	43	40	35	30	41	53
Y_Contig_135	579181	34	29	22	28	40	22	19	37	23	34	38	48	28	24	34	46	31	45	41	35	31	41	53
Y_Contig_135	579182	34	29	23	28	40	22	19	36	22	34	38	48	29	24	32	46	31	45	41	35	31	40	52
Y_Contig_135	579183	34	29	23	28	40	22	19	38	23	35	38	48	28	24	32	47	31	46	41	36	31	40	52
Y_Contig_135	579184	34	29	23	28	41	22	19	38	24	35	37	48	29	24	31	46	30	46	40	36	30	40	52
Y_Contig_135	579185	34	29	23	28	41	23	19	41	24	35	36	48	29	25	31	46	30	46	40	37	30	41	50
Y_Contig_135	579186	34	29	23	28	41	23	19	41	24	35	35	48	28	25	31	46	30	44	40	37	30	41	50
Y_Contig_135	579187	34	29	23	29	41	23	19	41	24	35	35	48	28	25	30	46	30	43	40	36	31	41	49
Y_Contig_135	579188	33	29	23	29	40	23	19	41	24	36	35	48	28	25	30	46	30	44	40	36	31	40	49
Y_Contig_135	579189	32	29	22	28	40	22	18	41	24	36	35	46	28	25	30	46	29	44	40	36	30	39	49
Y_Contig_135	579190	32	28	22	28	40	22	17	41	24	37	35	45	28	25	30	46	30	44	40	36	30	39	50
Y_Contig_135	579191	33	28	22	28	40	22	17	41	24	37	35	45	28	24	31	45	32	44	39	36	30	39	50
Y_Contig_135	579192	33	29	23	28	42	22	17	42	25	37	35	47	28	27	31	45	32	44	40	36	30	38	50
Y_Contig_135	579193	34	30	24	27	43	22	17	42	26	37	34	47	28	27	32	45	32	44	39	35	30	38	50
Y_Contig_135	579194	35	29	23	27	43	22	17	42	27	37	33	47	28	26	32	45	32	43	40	35	30	39	50
Y_Contig_135	579195	35	29	23	26	43	22	17	41	27	37	33	47	28	26	31	45	32	43	39	34	30	38	50
Y_Contig_135	579196	34	29	24	26	43	23	18	41	27	36	33	45	28	26	30	44	33	43	39	35	30	37	50
Y_Contig_135	579197	33	30	24	26	43	23	18	41	27	36	33	45	28	26	30	44	33	43	39	35	29	37	50
Y_Contig_135	579198	34	30	24	28	43	22	18	43	27	36	33	46	30	25	30	42	33	44	39	35	29	37	49
Y_Contig_135	579199	34	30	26	28	43	22	18	43	27	35	33	46	30	25	32	42	33	44	39	35	29	36	49
Y_Contig_135	579200	35	29	26	28	43	22	18	43	27	34	32	46	30	25	32	42	33	44	38	35	30	36	50
Y_Contig_135	579201	35	29	26	27	42	21	18	44	27	34	32	43	31	25	32	42	33	46	38	36	28	37	50
Y_Contig_135	579202	35	29	26	27	41	22	18	44	27	34	32	43	31	25	32	42	33	46	38	36	28	36	50
Y_Contig_135	579203	35	29	26	27	41	22	18	43	27	34	32	41	31	24	32	42	33	46	37	36	29	36	50
Y_Contig_135	579204	35	29	26	27	41	22	18	43	27	34	31	41	31	24	32	42	33	45	37	36	28	36	50
Y_Contig_135	579205	35	29	25	28	40	22	19	43	27	33	31	41	30	25	34	42	33	46	37	36	27	34	50
Y_Contig_135	579206	36	30	25	27	39	22	19	43	27	32	32	42	30	24	34	42	33	46	37	37	27	34	49
Y_Contig_135	579207	36	30	25	27	39	22	19	43	27	32	32	43	31	24	35	42	34	46	37	37	27	34	49
Y_Contig_135	579208	36	30	25	27	39	21	19	43	27	32	32	42	31	24	34	42	34	45	36	37	27	34	49
Y_Contig_135	579209	37	30	26	28	40	21	19	45	27	31	31	45	33	25	36	44	33	43	36	37	28	35	49
Y_Contig_135	579210	37	31	26	28	41	21	19	45	27	31	31	45	33	25	35	43	34	43	35	37	28	36	49
Y_Contig_135	579211	37	30	28	28	41	21	19	44	28	31	31	45	33	25	36	44	34	42	36	37	29	36	49
Y_Contig_135	579212	35	30	28	27	42	22	18	44	27	30	31	46	33	25	36	44	34	41	35	37	29	37	50
Y_Contig_135	579213	35	30	28	27	42	22	18	45	27	30	32	45	33	26	37	43	34	42	36	37	31	37	50
Y_Contig_135	579214	34	30	28	27	42	22	18	44	27	30	31	45	33	26	36	43	34	42	36	37	31	37	50
Y_Contig_135	579215	35	30	29	27	42	22	18	44	26	30	31	45	33	26	36	43	33	42	36	37	30	37	50
Y_Contig_135	579216	35	29	30	27	42	22	18	44	26	30	31	47	34	26	37	42	34	43	37	38	30	37	52
Y_Contig_135	579217	34	29	30	28	42	23	16	44	25	31	31	46	35	26	37	41	34	43	37	38	30	38	52
Y_Contig_135	579218	34	29	30	28	42	23	16	44	25	31	31	46	35	26	39	41	34	43	37	38	29	39	52
Y_Contig_135	579219	34	29	30	29	42	23	17	44	25	31	31	47	36	26	39	41	34	43	37	38	29	40	52
Y_Contig_135	579220	34	30	29	29	42	22	17	44	25	32	31	47	36	26	39	41	34	43	37	38	29	40	52
Y_Contig_135	579221	34	30	29	29	42	22	17	44	25	32	31	47	37	26	39	40	34	43	37	38	28	40	52
Y_Contig_135	579222	35	30	29	29	43	21	16	44	25	32	31	46	36	26	39	40	34	43	37	38	28	41	52
Y_Contig_135	579223	35	30	29	29	43	21	16	44	23	31	32	46	36	26	40	40	34	43	36	37	29	42	51
Y_Contig_135	579224	35	31	29	30	42	21	16	44	24	33	32	46	35	26	40	39	37	42	36	37	29	41	51
Y_Contig_135	579225	35	31	29	30	42	21	16	44	24	32	32	46	35	26	40	36	37	45	36	37	29	41	51
Y_Contig_135	579226	35	31	30	32	42	21	16	44	23	33	31	47	35	26	40	36	37	46	36	37	30	41	52
Y_Contig_135	579227	35	31	29	31	42	20	16	44	23	33	31	47	35	27	40	36	36	47	35	36	30	41	52
Y_Contig_135	579228	35	30	29	32	42	20	16	44	23	32	30	45	35	27	40	36	36	47	35	36	31	41	51
Y_Contig_135	579229	35	31	29	32	43	20	16	44	24	32	30	46	35	26	40	36	36	47	35	36	31	41	50
Y_Contig_135	579230	33	32	30	31	42	20	16	44	22	31	30	46	35	25	40	35	35	46	34	36	31	38	50
Y_Contig_135	579231	33	32	30	31	41	20	16	44	22	31	29	47	35	25	40	35	36	45	34	36	31	38	49
Y_Contig_135	579232	33	32	30	30	41	19	16	44	22	31	29	47	36	24	42	33	37	44	33	34	31	36	48
Y_Contig_135	579233	33	32	30	30	41	19	16	45	22	30	28	47	36	25	42	33	37	44	33	35	31	36	48
Y_Contig_135	579234	33	31	30	29	41	20	16	45	21	30	28	48	36	25	42	33	36	46	33	35	31	35	48
Y_Contig_135	579235	33	31	30	29	41	21	17	45	20	30	28	49	36	25	42	33	35	46	33	35	31	35	48
Y_Contig_135	579236	33	31	30	29	41	21	17	45	20	29	28	48	36	25	43	33	35	45	32	35	31	35	48
Y_Contig_135	579237	32	31	30	29	41	21	18	44	21	28	28	48	35	25	43	33	35	45	32	35	32	36	49
Y_Contig_135	579238	32	30	31	29	42	21	18	43	21	28	29	47	35	26	43	33	35	45	32	35	32	35	49
Y_Contig_135	579239	32	29	31	26	41	21	20	41	21	27	29	47	34	26	42	33	34	45	32	33	31	35	51
Y_Contig_135	579240	30	29	31	26	40	21	19	41	21	27	29	46	34	27	42	33	34	45	31	32	31	34	49
Y_Contig_135	579241	30	29	31	26	40	21	19	41	21	27	30	47	34	27	42	34	35	46	31	33	31	33	49
Y_Contig_135	579242	31	29	31	27	40	21	19	42	21	27	30	46	34	27	42	35	35	46	31	33	31	32	49
Y_Contig_135	579243	31	30	31	27	40	21	19	42	21	27	30	46	34	27	42	35	35	46	31	33	31	32	48
Y_Contig_135	579244	30	30	31	25	39	21	19	42	21	27	30	45	34	27	41	35	34	46	30	33	31	32	48
Y_Contig_135	579245	30	29	31	27	40	22	21	42	21	28	31	47	34	27	41	35	34	46	30	34	30	33	50
Y_Contig_135	579246	29	30	31	27	40	22	21	41	21	28	31	48	34	27	42	35	34	46	30	33	30	34	52
Y_Contig_135	579247	30	29	31	27	41	22	21	41	21	28	29	47	34	27	42	35	35	45	30	34	32	34	52
Y_Contig_135	579248	30	28	31	27	41	22	22	40	21	29	30	45	35	27	43	36	35	45	30	34	31	34	51
Y_Contig_135	579249	29	28	31	26	42	21	22	40	22	29	31	45	35	27	41	35	34	45	30	34	31	36	51
Y_Contig_135	579250	30	28	31	26	42	22	23	40	22	28	31	44	34	27	41	35	34	44	32	34	31	35	51
Y_Contig_135	579251	28	28	30	26	40	22	23	40	22	29	29	44	33	27	42	34	34	44	32	36	30	35	51
Y_Contig_135	579252	28	28	30	26	39	22	23	41	20	29	29	44	33	28	41	34	35	44	32	36	30	35	51
Y_Contig_135	579253	28	27	30	26	39	23	23	41	19	29	29	43	33	27	42	34	35	45	32	36	30	35	51
Y_Contig_135	579254	27	27	30	26	38	24	23	41	20	28	28	42	34	27	43	34	35	44	32	36	30	35	51
Y_Contig_135	579255	27	27	31	27	38	25	23	41	20	28	30	42	34	28	43	34	35	44	32	36	30	36	52
Y_Contig_135	579256	27	27	31	27	38	25	23	41	21	29	30	43	35	28	43	34	35	44	32	36	29	37	52
Y_Contig_135	579257	26	27	31	26	37	25	22	41	21	27	29	43	35	28	42	34	35	43	30	36	28	37	51
Y_Contig_135	579258	27	26	30	25	36	25	22	42	22	27	29	43	34	28	43	36	35	44	31	36	28	38	51
Y_Contig_135	579259	27	26	31	25	35	24	22	41	22	27	31	43	33	28	43	36	34	44	31	36	28	38	51
Y_Contig_135	579260	27	27	31	25	35	24	22	41	22	27	30	44	33	29	43	36	33	44	32	35	28	38	51
Y_Contig_135	579261	29	27	31	25	36	24	22	40	22	27	30	45	33	29	43	36	33	44	31	35	27	39	49
Y_Contig_135	579262	29	27	31	25	36	24	22	40	23	27	30	45	33	28	42	35	33	44	31	35	28	39	49
Y_Contig_135	579263	29	27	31	25	36	23	22	40	23	27	29	45	33	28	42	35	34	43	31	35	28	39	49
Y_Contig_135	579264	30	27	31	25	35	23	22	38	24	27	30	45	33	28	42	35	34	43	30	36	28	40	45
Y_Contig_135	579265	31	27	30	25	34	23	22	37	25	27	30	45	33	28	41	33	33	42	29	36	28	40	45
Y_Contig_135	579266	31	27	29	25	32	23	23	38	25	25	30	44	33	28	42	33	33	41	29	36	28	37	45
Y_Contig_135	579267	31	27	29	25	32	23	23	38	26	25	30	45	32	28	43	33	33	42	29	36	28	37	46
Y_Contig_135	579268	31	27	29	25	32	23	23	38	26	25	30	43	32	28	44	34	33	41	30	35	28	37	46
Y_Contig_135	579269	31	27	29	25	33	23	23	37	26	25	30	42	31	27	44	33	33	40	30	35	29	37	45
Y_Contig_135	579270	31	27	29	25	34	22	23	37	26	26	31	43	31	27	44	33	34	40	32	35	30	37	44
Y_Contig_135	579271	31	27	29	24	34	22	23	36	27	25	31	43	31	28	44	33	34	40	32	35	28	36	44
Y_Contig_135	579272	31	27	29	24	34	21	23	37	27	24	30	43	31	28	44	33	34	40	31	34	29	37	44
Y_Contig_135	579273	31	26	29	25	34	21	24	37	28	24	30	42	31	28	44	32	34	40	30	34	29	37	44
Y_Contig_135	579274	31	26	28	25	33	21	24	36	28	24	30	42	32	28	44	32	34	40	30	34	29	37	44
Y_Contig_135	579275	31	26	28	24	33	21	24	37	28	24	30	42	32	29	44	33	35	38	32	34	30	37	44
Y_Contig_135	579276	32	26	29	24	33	21	24	38	29	24	30	42	32	29	44	34	35	38	33	34	31	38	44
Y_Contig_135	579277	32	27	30	25	34	21	25	40	29	25	31	42	32	29	46	35	34	36	33	34	33	38	44
Y_Contig_135	579278	32	27	29	25	33	21	25	41	29	25	30	43	31	30	46	35	34	36	33	34	33	38	44
Y_Contig_135	579279	32	27	29	25	33	21	25	41	29	25	30	42	31	30	47	35	34	36	33	34	32	37	43
Y_Contig_135	579280	32	27	29	25	32	21	25	41	27	25	30	43	31	30	48	35	34	36	31	34	32	38	42
Y_Contig_135	579281	33	27	29	25	32	21	25	41	27	25	30	42	31	30	48	35	35	35	31	34	32	38	42
Y_Contig_135	579282	33	25	29	25	32	21	25	41	27	25	30	42	33	30	49	36	35	35	32	33	33	38	44
Y_Contig_135	579283	33	25	29	25	32	21	26	41	28	26	31	44	34	30	49	36	35	35	32	34	33	38	44
Y_Contig_135	579284	33	25	28	25	29	22	26	41	29	25	31	43	34	30	49	36	34	36	33	34	33	38	43
Y_Contig_135	579285	34	25	29	25	29	23	26	41	29	25	31	43	34	30	48	36	35	36	33	34	34	38	43
Y_Contig_135	579286	34	25	29	26	29	23	26	41	29	25	31	43	34	30	49	36	35	36	33	35	34	38	43
Y_Contig_135	579287	34	25	29	26	29	23	26	41	29	25	31	43	34	30	49	36	35	36	33	35	34	38	44
Y_Contig_135	579288	34	25	29	26	30	23	27	43	30	25	31	44	35	30	49	37	35	36	36	35	34	38	46
Y_Contig_135	579289	34	25	29	26	30	23	27	43	30	25	31	44	34	30	49	36	35	36	36	34	35	39	46
Y_Contig_135	579290	34	26	29	26	30	23	27	43	30	26	31	44	34	30	49	36	35	36	35	34	35	39	46
Y_Contig_135	579291	34	27	28	26	30	22	27	42	30	26	30	45	33	30	50	36	35	36	35	32	34	39	46
Y_Contig_135	579292	34	26	28	26	30	22	26	42	29	27	30	45	33	30	50	35	35	36	35	31	34	39	46
Y_Contig_135	579293	32	26	29	26	30	22	26	42	29	27	30	45	33	31	50	35	35	35	35	32	35	39	46
Y_Contig_135	579294	32	26	29	27	30	22	26	42	29	27	30	45	33	31	50	35	35	34	35	32	35	39	46
Y_Contig_135	579295	32	26	29	27	30	22	26	42	28	27	30	44	33	31	50	34	34	34	35	32	35	39	46
Y_Contig_135	579296	32	26	29	27	31	22	25	41	28	27	30	44	33	31	49	34	35	34	35	32	35	39	46
Y_Contig_135	579297	32	25	29	27	31	22	25	41	28	27	29	45	32	31	50	34	34	35	35	32	35	39	46
Y_Contig_135	579298	32	26	29	27	32	22	26	40	28	27	29	45	32	30	51	34	34	35	35	33	35	39	47
Y_Contig_135	579299	32	26	30	27	32	23	26	39	28	27	29	45	32	30	50	34	34	34	35	33	35	39	47
Y_Contig_135	579300	32	26	31	27	32	24	26	40	29	27	29	45	31	30	50	34	34	33	35	34	35	38	47
Y_Contig_135	579301	32	25	31	28	30	24	26	40	29	28	29	45	32	30	51	34	33	33	34	33	34	39	47
Y_Contig_135	579302	33	25	31	28	30	25	26	40	29	28	29	45	32	29	51	34	33	33	35	32	33	38	46
Y_Contig_135	579303	33	27	32	28	31	24	26	40	29	27	29	45	31	28	51	34	34	33	35	31	33	38	46
Y_Contig_135	579304	33	27	32	28	31	24	26	40	29	27	29	45	31	28	51	34	34	33	35	31	33	38	45
Y_Contig_135	579305	31	27	32	28	31	24	26	39	30	27	30	45	30	28	50	35	35	33	35	31	33	37	44
Y_Contig_135	579306	31	26	32	28	31	24	27	39	30	27	30	45	30	28	51	35	34	32	36	31	33	38	44
Y_Contig_135	579307	31	27	32	28	31	24	27	39	30	27	31	45	30	28	51	36	34	32	37	32	33	38	44
Y_Contig_135	579308	31	27	32	27	31	24	27	39	30	26	31	44	30	28	50	36	34	32	37	30	33	37	44
Y_Contig_135	579309	31	27	33	27	31	23	26	39	30	27	31	43	30	27	50	34	34	31	36	27	34	36	43
Y_Contig_135	579310	31	27	33	27	31	23	27	38	30	27	31	43	31	27	50	35	34	32	36	27	34	37	44
Y_Contig_135	579311	31	26	34	27	32	23	28	38	30	27	30	43	31	27	50	35	34	31	36	27	35	37	44
Y_Contig_135	579312	30	26	34	26	32	23	28	39	30	26	30	44	31	26	50	36	34	31	36	27	35	36	41
Y_Contig_135	579313	29	25	33	26	31	23	27	39	30	25	30	44	31	26	50	35	34	32	36	27	35	35	40
Y_Contig_135	579314	28	25	33	26	31	23	27	39	30	25	30	43	31	25	50	35	34	30	36	26	36	35	40
Y_Contig_135	579315	27	26	33	25	31	23	27	39	30	24	30	43	31	26	50	35	33	30	36	26	34	35	42
Y_Contig_135	579316	27	26	33	24	31	23	27	38	30	24	30	43	31	27	50	35	33	30	36	25	34	35	42
Y_Contig_135	579317	28	26	33	24	31	23	25	38	30	25	30	43	31	27	50	35	34	31	36	25	35	35	42
Y_Contig_135	579318	28	27	32	25	30	23	26	38	30	25	31	43	31	27	49	33	34	31	36	26	34	36	42
Y_Contig_135	579319	28	27	32	25	30	23	26	38	30	26	31	43	33	26	47	33	33	31	35	26	34	36	42
Y_Contig_135	579320	27	27	32	25	28	23	25	38	30	25	31	43	33	25	47	32	33	31	35	28	33	36	42
Y_Contig_135	579321	27	27	32	25	28	24	25	37	30	25	31	43	33	27	47	32	33	32	35	28	33	36	43
Y_Contig_135	579322	29	27	33	25	28	24	26	36	31	25	33	43	33	26	47	32	32	32	34	28	34	35	43
Y_Contig_135	579323	29	26	32	25	27	24	26	35	32	25	32	41	32	26	46	32	32	32	34	28	35	35	42
Y_Contig_135	579324	29	26	32	25	27	24	26	35	32	25	32	41	32	25	47	32	32	32	34	28	36	36	43
Y_Contig_135	579325	30	26	31	25	28	24	27	36	32	25	31	41	31	25	47	31	32	31	34	28	36	36	43
Y_Contig_135	579326	31	26	31	26	29	24	27	38	32	25	30	41	29	25	48	32	33	30	34	27	36	36	43
Y_Contig_135	579327	31	27	30	26	30	24	28	38	32	25	31	41	29	25	47	32	36	30	33	28	36	35	43
Y_Contig_135	579328	31	27	30	26	31	23	29	37	32	25	31	41	29	25	47	32	34	30	33	28	36	35	43
Y_Contig_135	579329	33	28	30	26	31	24	28	37	32	26	33	42	29	25	49	32	34	30	33	28	38	35	44
Y_Contig_135	579330	33	28	32	26	31	24	29	37	32	27	34	43	29	24	49	32	34	30	33	27	37	35	45
Y_Contig_135	579331	33	29	32	25	31	24	29	37	32	26	34	43	28	23	49	32	34	31	32	27	36	35	45
Y_Contig_135	579332	33	29	31	25	30	24	30	38	32	27	34	43	28	24	49	31	34	32	32	27	36	35	45
Y_Contig_135	579333	33	29	31	25	31	24	30	36	31	26	34	43	28	24	49	31	34	32	33	27	36	35	45
Y_Contig_135	579334	33	29	31	25	29	24	31	35	30	26	34	43	28	23	49	31	34	32	33	27	36	34	44
Y_Contig_135	579335	33	29	32	25	29	23	31	34	30	28	35	43	30	23	49	31	34	32	33	26	36	34	46
Y_Contig_135	579336	33	30	32	25	29	24	31	34	31	28	34	43	30	23	50	31	34	33	34	26	36	34	46
Y_Contig_135	579337	33	30	32	24	29	25	31	34	31	28	34	43	30	23	51	31	36	34	34	26	35	34	46
Y_Contig_135	579338	33	30	32	24	28	24	31	35	32	27	34	43	31	23	51	31	36	34	35	27	36	35	45
Y_Contig_135	579339	33	30	32	23	29	24	33	35	33	27	34	43	32	23	52	31	35	35	35	29	36	35	45
Y_Contig_135	579340	33	31	31	23	28	24	33	34	33	28	35	42	32	21	52	30	35	36	35	29	36	35	46
Y_Contig_135	579341	32	31	31	23	28	24	34	34	33	28	36	41	32	21	52	30	33	36	34	29	36	35	46
Y_Contig_135	579342	33	30	31	23	28	24	34	34	32	28	36	42	32	20	52	31	33	37	34	29	36	36	46
Y_Contig_135	579343	33	29	30	24	28	24	34	34	31	28	36	42	32	20	51	31	35	37	34	29	36	37	46
Y_Contig_135	579344	32	29	30	24	28	24	34	34	30	28	37	43	32	20	51	31	35	37	33	29	36	37	45
Y_Contig_135	579345	32	29	30	24	28	25	34	34	30	29	37	43	32	20	51	32	37	39	32	29	36	37	45
Y_Contig_135	579346	33	29	29	23	28	26	33	34	30	29	38	43	32	20	51	32	36	39	33	28	36	38	45
Y_Contig_135	579347	33	28	29	23	29	26	33	33	30	30	38	43	30	20	51	32	36	38	33	28	36	39	45
Y_Contig_135	579348	33	28	29	22	29	26	34	32	30	30	38	41	30	20	51	32	36	38	33	28	36	39	44
Y_Contig_135	579349	33	29	29	23	29	26	34	32	31	30	38	42	30	20	50	34	37	38	34	28	37	39	44
Y_Contig_135	579350	32	29	29	23	29	26	34	33	31	31	38	42	30	20	50	33	37	36	34	27	36	38	43
Y_Contig_135	579351	32	29	29	23	29	26	34	32	33	32	39	42	29	20	50	33	37	35	34	27	38	39	44
Y_Contig_135	579352	33	28	29	23	29	25	33	32	33	33	40	42	30	20	50	33	37	35	35	27	38	39	44
Y_Contig_135	579353	33	29	30	23	30	25	33	33	33	33	40	42	30	20	48	34	37	37	35	27	38	39	44
Y_Contig_135	579354	34	29	30	24	30	25	33	33	33	33	40	42	31	19	48	34	37	37	35	27	38	39	45
Y_Contig_135	579355	33	28	30	24	30	25	33	33	33	33	39	42	32	19	48	34	37	37	35	25	38	39	45
Y_Contig_135	579356	33	28	30	24	30	25	33	33	33	34	39	39	32	19	48	34	36	37	35	25	38	39	45
Y_Contig_135	579357	32	28	31	24	30	25	33	33	33	34	40	38	31	19	48	36	36	38	35	25	38	39	45
Y_Contig_135	579358	33	28	30	24	29	25	33	33	33	33	40	39	30	19	48	36	36	38	35	25	38	39	45
Y_Contig_135	579359	34	28	29	23	28	25	33	33	33	33	40	40	29	20	46	34	36	38	35	25	38	38	45
Y_Contig_135	579360	34	27	29	23	28	26	33	33	34	33	40	40	29	20	46	33	36	39	35	26	38	37	45
Y_Contig_135	579361	34	27	29	23	28	26	32	33	33	33	41	40	29	20	45	32	36	39	34	26	37	37	45
Y_Contig_135	579362	35	27	30	24	27	26	32	33	32	34	41	39	29	20	44	33	37	39	34	26	37	36	44
Y_Contig_135	579363	36	28	31	25	27	27	32	32	32	34	41	39	29	19	43	33	37	38	33	26	35	36	44
Y_Contig_135	579364	35	28	30	25	27	27	32	33	32	34	41	38	29	19	43	33	38	38	33	26	35	38	43
Y_Contig_135	579365	34	28	29	25	28	27	32	33	32	34	41	37	30	19	42	34	38	38	32	25	36	38	43
Y_Contig_135	579366	35	29	30	25	28	26	34	34	32	35	41	37	31	19	40	34	37	37	32	24	36	37	42
Y_Contig_135	579367	36	29	30	25	29	26	34	35	32	34	42	37	30	19	40	36	37	37	31	24	37	36	42
Y_Contig_135	579368	36	29	30	27	29	27	34	35	32	34	43	37	30	19	40	37	37	37	31	24	37	36	42
Y_Contig_135	579369	36	29	30	26	32	27	33	35	32	34	43	36	29	19	40	37	38	38	31	24	38	35	42
Y_Contig_135	579370	36	29	30	25	32	27	33	35	32	33	43	36	29	20	40	37	40	39	31	24	39	35	43
Y_Contig_135	579371	37	30	30	25	32	27	33	35	33	34	43	36	29	20	40	39	40	40	31	25	39	35	43
Y_Contig_135	579372	36	30	30	25	31	27	33	35	33	34	43	36	29	20	40	39	40	41	31	25	39	34	42
Y_Contig_135	579373	36	30	30	25	31	27	33	35	33	33	42	36	29	20	39	39	40	40	31	25	38	33	42
Y_Contig_135	579374	37	30	30	25	33	28	33	35	32	31	42	36	29	20	40	40	37	41	32	25	38	33	42
Y_Contig_135	579375	37	30	30	24	33	28	33	35	32	31	42	36	29	20	40	42	37	40	32	25	38	33	43
Y_Contig_135	579376	37	30	29	23	33	27	33	35	32	30	43	35	29	21	40	42	37	39	33	27	37	34	42
Y_Contig_135	579377	37	30	30	23	33	27	33	35	32	30	43	35	30	20	41	42	37	39	33	27	38	34	43
Y_Contig_135	579378	37	30	31	22	33	27	33	35	33	30	44	35	30	21	40	42	37	39	33	27	37	35	43
Y_Contig_135	579379	37	30	31	22	32	27	33	35	32	30	44	34	30	21	40	42	37	39	33	27	37	35	43
Y_Contig_135	579380	38	29	30	22	32	27	33	36	32	30	44	34	29	22	40	42	38	39	33	27	37	35	43
Y_Contig_135	579381	38	29	31	22	32	27	34	36	32	30	44	33	28	22	40	41	36	40	34	28	38	35	42
Y_Contig_135	579382	38	29	31	23	32	27	34	36	33	31	44	34	28	22	39	41	36	40	35	28	38	35	43
Y_Contig_135	579383	38	29	32	23	32	27	34	36	33	31	44	33	28	21	40	41	37	40	35	27	38	36	43
Y_Contig_135	579384	38	31	32	23	32	25	33	36	33	31	44	34	28	21	40	41	38	40	35	28	38	37	45
Y_Contig_135	579385	38	32	32	23	33	25	33	37	33	31	44	33	28	21	40	41	38	40	35	28	38	37	45
Y_Contig_135	579386	38	32	31	23	33	25	33	37	33	31	44	34	29	21	40	42	38	41	36	29	38	37	45
Y_Contig_135	579387	38	32	31	23	32	25	33	37	32	31	44	34	29	20	40	43	38	41	36	29	37	36	44
Y_Contig_135	579388	38	32	30	23	31	25	33	37	32	31	44	34	29	21	42	43	38	41	37	29	38	36	44
Y_Contig_135	579389	38	31	30	23	31	25	31	37	32	31	44	34	30	22	41	44	39	41	37	29	39	36	42
Y_Contig_135	579390	39	31	31	23	31	25	31	37	32	31	44	34	31	22	41	43	39	41	39	28	39	36	42
Y_Contig_135	579391	39	31	31	23	31	25	30	37	32	32	43	33	31	23	41	42	38	40	39	28	39	37	42
Y_Contig_135	579392	38	31	31	22	30	25	29	36	33	31	43	32	31	23	41	41	39	40	39	28	40	37	42
Y_Contig_135	579393	38	30	31	24	30	25	29	36	33	31	42	32	31	23	41	42	39	40	39	27	40	37	42
Y_Contig_135	579394	38	30	31	23	30	24	29	36	33	31	42	32	31	23	41	42	39	40	40	27	40	36	41
Y_Contig_135	579395	38	30	31	23	31	25	29	36	32	31	42	31	33	23	42	42	39	42	40	27	40	35	41
Y_Contig_135	579396	38	30	31	23	32	25	29	36	32	31	42	32	33	23	42	43	39	42	40	28	40	36	39
Y_Contig_135	579397	37	30	31	23	31	24	29	37	32	31	41	32	32	23	42	42	37	43	40	27	39	35	39
Y_Contig_135	579398	37	30	31	23	32	24	28	37	32	30	40	32	32	23	42	42	37	44	40	27	40	35	39
Y_Contig_135	579399	37	30	31	23	33	23	28	37	31	30	40	32	32	23	42	42	38	44	40	27	40	35	39
Y_Contig_135	579400	36	30	31	23	33	22	27	38	31	30	40	32	32	23	42	42	39	44	38	27	40	35	39
Y_Contig_135	579401	37	30	31	23	33	22	27	38	31	29	41	33	32	23	42	43	38	44	38	25	39	34	40
Y_Contig_135	579402	37	30	31	23	33	22	27	37	31	29	41	33	33	22	42	43	38	44	38	25	39	34	39
Y_Contig_135	579403	37	30	31	24	34	24	27	37	31	31	41	33	33	24	41	43	40	43	38	25	39	35	39
Y_Contig_135	579404	37	30	32	24	35	23	27	37	32	31	39	32	33	25	40	43	39	43	38	26	39	35	39
Y_Contig_135	579405	37	31	31	23	36	23	27	38	32	31	38	32	33	24	40	43	39	43	38	26	39	34	39
Y_Contig_135	579406	37	32	32	24	36	23	27	37	32	30	38	31	32	24	40	43	40	43	38	26	39	33	40
Y_Contig_135	579407	37	32	32	24	36	24	28	37	33	30	39	31	33	24	40	44	41	43	38	26	39	32	40
Y_Contig_135	579408	36	32	32	24	36	24	28	37	32	30	39	31	33	24	39	43	42	43	37	26	39	32	40
Y_Contig_135	579409	37	32	31	24	36	24	28	39	32	31	37	32	34	24	39	45	42	44	38	26	39	32	41
Y_Contig_135	579410	37	31	31	24	36	24	28	39	32	31	37	32	34	24	39	45	42	44	38	26	39	32	41
Y_Contig_135	579411	34	31	30	24	35	24	28	39	31	32	37	31	34	25	40	44	42	45	40	26	39	32	42
Y_Contig_135	579412	34	32	30	24	36	24	28	40	32	32	37	31	34	25	41	44	42	46	42	26	38	32	42
Y_Contig_135	579413	35	32	30	24	36	24	28	40	32	33	37	31	34	25	41	44	41	46	42	27	38	32	43
Y_Contig_135	579414	34	32	30	24	36	24	28	41	30	33	38	31	34	25	41	44	41	47	42	27	38	31	42
Y_Contig_135	579415	33	32	30	24	36	24	28	42	30	34	38	31	34	25	41	43	41	47	42	27	38	31	42
Y_Contig_135	579416	34	33	30	24	36	26	27	41	30	34	37	31	35	25	40	43	42	47	42	28	38	31	42
Y_Contig_135	579417	34	33	30	24	36	26	27	41	29	34	37	31	35	26	39	43	43	47	42	28	38	32	41
Y_Contig_135	579418	34	33	30	24	34	26	28	41	30	34	37	30	36	26	38	43	43	48	40	28	37	32	41
Y_Contig_135	579419	34	33	31	24	34	26	28	41	30	35	38	30	36	26	38	43	43	49	39	28	38	32	42
Y_Contig_135	579420	34	33	31	24	34	26	28	41	30	35	38	30	36	27	38	43	42	49	40	28	38	32	43
Y_Contig_135	579421	35	33	31	24	34	26	28	42	29	35	38	30	36	26	38	43	42	49	39	28	38	32	44
Y_Contig_135	579422	36	34	31	25	35	26	28	41	29	35	38	30	37	26	37	44	42	49	39	29	37	31	44
Y_Contig_135	579423	37	35	31	24	35	26	27	41	28	35	38	32	37	26	37	44	44	49	40	29	37	31	45
Y_Contig_135	579424	37	36	31	24	35	26	27	40	28	36	39	32	36	26	37	45	44	50	39	29	37	32	45
Y_Contig_135	579425	37	36	31	24	35	26	27	40	28	37	39	32	36	25	36	44	44	50	38	29	38	33	45
Y_Contig_135	579426	36	35	30	24	35	26	27	39	28	38	38	32	36	25	35	43	44	50	37	29	36	31	45
Y_Contig_135	579427	36	35	29	24	34	26	27	36	28	38	38	32	36	25	34	42	45	50	37	29	35	32	44
