Y_Contig_135	436493	38	27	27	20	35	31	35	28	43	40	40	33	45	23	44	52	27	33	29	38	40	58	50
Y_Contig_135	436494	38	27	27	20	35	31	35	28	43	40	40	33	45	23	44	52	27	33	29	38	40	58	50
Y_Contig_135	436495	38	27	27	20	35	30	34	29	43	41	40	33	45	23	42	52	27	34	29	39	40	58	50
Y_Contig_135	436496	38	27	26	22	35	31	35	30	43	41	39	32	45	23	42	52	28	34	30	38	39	56	50
Y_Contig_135	436497	39	28	26	22	32	31	35	30	43	41	40	32	45	23	42	51	28	34	32	38	39	56	52
Y_Contig_135	436498	40	28	27	22	32	31	35	31	42	40	39	32	45	23	44	52	28	34	32	38	40	56	52
Y_Contig_135	436499	41	27	27	23	32	31	35	31	40	40	39	31	45	22	44	52	27	35	32	38	40	57	52
Y_Contig_135	436500	39	27	26	23	32	31	34	31	40	40	39	31	45	22	44	52	26	34	31	37	40	55	52
Y_Contig_135	436501	39	27	26	24	32	31	34	32	41	40	41	31	46	22	43	53	28	34	31	37	41	54	52
Y_Contig_135	436502	39	26	26	24	31	31	33	32	41	40	41	32	47	22	43	53	28	34	31	37	41	54	51
Y_Contig_135	436503	39	26	26	26	32	31	33	32	41	40	41	32	46	22	43	52	29	34	31	37	41	55	51
Y_Contig_135	436504	39	26	26	27	32	31	33	33	41	40	41	32	46	22	42	53	29	34	31	36	42	56	51
Y_Contig_135	436505	38	26	27	27	32	31	33	33	41	40	41	34	46	22	42	53	29	35	31	36	42	56	52
Y_Contig_135	436506	38	26	27	27	32	31	33	33	40	39	42	34	45	22	41	53	29	35	31	36	42	56	51
Y_Contig_135	436507	38	26	27	27	32	31	33	33	40	40	42	34	45	21	41	55	30	35	31	36	43	57	51
Y_Contig_135	436508	38	26	27	26	32	30	32	33	40	40	44	34	45	21	41	54	29	35	31	36	43	56	52
Y_Contig_135	436509	38	26	27	26	32	29	33	33	41	40	44	34	45	21	42	54	29	35	31	37	43	56	52
Y_Contig_135	436510	38	26	27	27	32	29	33	33	40	40	44	33	45	21	41	53	29	36	31	37	41	55	51
Y_Contig_135	436511	38	26	28	27	31	28	33	34	40	40	44	33	45	21	42	53	28	36	33	37	41	55	51
Y_Contig_135	436512	37	26	28	27	31	29	34	34	40	40	44	33	44	22	43	53	28	36	32	37	41	55	51
Y_Contig_135	436513	37	26	28	27	30	30	34	34	40	40	42	33	44	22	43	51	28	36	31	36	41	55	51
Y_Contig_135	436514	37	26	28	27	29	30	33	33	39	39	42	33	42	21	43	51	28	36	31	36	41	55	51
Y_Contig_135	436515	37	26	28	28	30	30	33	33	40	39	42	33	42	22	44	51	28	36	32	36	40	55	51
Y_Contig_135	436516	36	25	28	28	30	30	33	33	41	40	42	33	42	22	44	51	28	36	32	36	40	54	51
Y_Contig_135	436517	36	25	29	28	30	31	33	33	41	40	42	34	42	22	44	52	28	35	32	36	40	54	51
Y_Contig_135	436518	36	25	31	28	30	31	33	33	40	40	43	34	41	22	45	52	27	35	31	36	40	54	51
Y_Contig_135	436519	35	25	31	27	29	32	33	34	39	40	44	34	41	22	46	52	28	35	31	37	40	54	51
Y_Contig_135	436520	34	25	31	28	29	32	32	34	39	40	44	33	42	22	46	52	27	35	31	37	40	54	51
Y_Contig_135	436521	38	24	30	28	30	33	32	33	39	40	44	33	43	21	47	52	27	34	31	38	40	54	51
Y_Contig_135	436522	38	24	32	28	30	33	30	33	39	41	43	33	43	21	45	52	27	34	31	39	40	54	51
Y_Contig_135	436523	38	25	32	28	30	33	30	33	39	41	42	33	42	21	44	52	27	34	31	39	39	54	50
Y_Contig_135	436524	40	25	32	28	30	33	30	33	39	41	42	33	42	19	45	51	27	34	28	39	38	54	51
Y_Contig_135	436525	41	26	33	28	31	33	30	33	40	41	42	34	43	19	44	51	27	33	28	39	38	53	51
Y_Contig_135	436526	41	26	33	28	32	33	30	33	40	41	43	34	43	19	44	51	27	35	28	39	37	53	51
Y_Contig_135	436527	41	28	34	27	32	33	30	33	40	41	43	34	43	19	44	51	27	35	28	39	37	53	52
Y_Contig_135	436528	41	28	34	27	32	33	30	33	40	40	43	34	44	19	44	50	27	35	27	39	37	53	52
Y_Contig_135	436529	40	28	34	27	32	33	30	33	39	40	43	34	44	19	44	50	27	34	27	39	37	53	52
Y_Contig_135	436530	41	29	34	27	32	33	30	33	39	40	44	32	44	20	44	48	27	35	27	37	37	55	54
Y_Contig_135	436531	40	29	35	27	32	33	28	33	39	40	45	31	45	20	44	47	26	36	28	38	37	55	55
Y_Contig_135	436532	41	29	34	27	35	33	27	32	37	39	43	31	45	21	44	48	26	35	28	37	36	55	56
Y_Contig_135	436533	41	29	34	28	34	33	28	32	37	39	42	31	44	21	44	48	26	36	27	36	36	54	56
Y_Contig_135	436534	44	29	34	27	34	33	28	31	37	40	42	31	44	21	44	48	26	36	27	36	35	54	57
Y_Contig_135	436535	44	29	34	26	34	33	27	31	37	40	42	31	44	21	44	49	27	37	27	36	35	54	56
Y_Contig_135	436536	44	29	34	26	34	33	28	32	37	40	42	31	45	20	44	49	27	38	27	36	35	54	56
Y_Contig_135	436537	44	29	34	26	33	33	29	32	38	39	43	31	45	20	44	49	26	38	28	36	35	54	56
Y_Contig_135	436538	44	30	33	26	33	33	29	34	38	39	44	31	44	21	45	49	25	39	28	35	34	53	55
Y_Contig_135	436539	44	30	32	26	33	32	28	35	37	39	44	31	44	22	46	49	25	38	28	35	34	52	57
Y_Contig_135	436540	45	31	31	26	33	32	28	35	37	39	44	31	45	22	47	49	25	38	28	35	33	52	56
Y_Contig_135	436541	44	31	31	26	33	32	27	34	37	37	44	31	44	24	48	48	25	38	27	35	33	52	57
Y_Contig_135	436542	44	31	31	26	32	32	27	35	37	36	44	32	44	26	47	49	24	38	28	35	33	52	58
Y_Contig_135	436543	44	31	31	27	32	32	27	35	37	36	44	32	44	26	48	49	24	36	28	36	31	50	58
Y_Contig_135	436544	43	31	31	28	32	32	27	35	37	37	43	32	45	26	48	49	24	35	29	37	31	50	58
Y_Contig_135	436545	43	31	31	28	32	32	27	35	38	38	43	32	44	26	47	49	25	35	29	36	31	50	59
Y_Contig_135	436546	45	33	32	29	33	31	27	35	37	38	43	32	44	26	47	49	26	35	29	36	31	51	58
Y_Contig_135	436547	45	33	31	29	32	30	27	35	36	37	44	33	45	26	47	49	26	35	29	36	31	51	58
Y_Contig_135	436548	44	33	31	28	32	30	26	35	33	37	44	32	45	26	46	49	26	35	29	37	31	50	57
Y_Contig_135	436549	45	32	32	27	32	29	27	35	30	37	43	32	45	26	46	49	26	37	29	37	31	48	57
Y_Contig_135	436550	45	32	32	27	32	30	27	35	30	37	43	33	47	26	46	50	26	37	29	37	31	48	57
Y_Contig_135	436551	44	32	32	27	32	30	27	35	29	37	43	34	47	26	47	50	26	37	30	37	32	49	58
Y_Contig_135	436552	44	32	32	27	33	31	27	35	29	38	43	34	47	26	47	49	27	37	31	39	32	51	58
Y_Contig_135	436553	43	32	31	27	34	31	27	34	29	38	43	33	47	26	46	49	26	37	31	39	32	52	58
Y_Contig_135	436554	42	32	31	27	34	30	27	33	29	38	43	33	48	28	46	48	26	37	31	40	31	52	58
Y_Contig_135	436555	42	32	31	27	34	29	27	33	27	38	43	32	48	29	47	49	26	37	31	41	29	51	57
Y_Contig_135	436556	42	32	31	27	34	29	29	33	28	38	43	32	48	30	47	49	26	37	31	43	29	51	57
Y_Contig_135	436557	42	32	31	26	34	30	29	33	28	38	44	33	48	29	47	50	26	37	32	43	29	51	58
Y_Contig_135	436558	42	32	31	26	35	30	30	33	28	39	44	34	48	29	47	50	26	37	32	42	29	50	58
Y_Contig_135	436559	42	32	31	26	35	31	31	33	28	39	44	34	49	29	47	49	27	38	35	42	29	49	58
Y_Contig_135	436560	42	32	31	27	35	31	31	33	27	39	44	34	49	28	47	48	27	38	35	42	30	48	59
Y_Contig_135	436561	42	31	31	27	36	31	31	33	27	39	45	34	49	27	46	48	27	38	35	42	31	48	59
Y_Contig_135	436562	41	31	31	27	36	31	31	33	27	39	46	34	48	27	45	48	26	38	35	42	31	49	59
Y_Contig_135	436563	41	31	31	27	36	31	31	33	27	39	46	34	48	27	45	48	26	38	35	42	32	48	59
Y_Contig_135	436564	41	31	31	27	36	31	31	34	26	40	46	36	49	27	47	48	28	38	36	43	32	50	59
Y_Contig_135	436565	42	32	31	27	36	31	31	34	26	40	47	36	48	27	47	48	28	38	36	43	32	50	60
Y_Contig_135	436566	43	32	31	27	36	31	31	36	25	40	46	36	49	27	46	49	28	37	36	43	32	51	59
Y_Contig_135	436567	42	32	31	27	37	31	31	36	24	40	46	36	50	27	47	49	28	38	36	42	32	52	59
Y_Contig_135	436568	41	30	31	27	37	31	32	36	21	40	45	37	49	27	47	50	28	39	36	41	31	50	59
Y_Contig_135	436569	41	30	30	27	37	31	32	36	21	39	45	38	49	27	47	50	28	39	37	40	31	50	58
Y_Contig_135	436570	41	30	30	27	37	31	32	36	21	39	45	38	49	27	47	50	28	39	37	40	31	50	57
Y_Contig_135	436571	41	30	30	27	37	32	32	36	22	39	45	38	49	27	47	50	28	39	37	41	31	50	57
Y_Contig_135	436572	41	30	30	27	37	32	31	36	22	39	45	38	49	27	47	50	28	39	37	41	31	51	57
Y_Contig_135	436573	41	30	30	26	37	32	31	36	22	39	45	40	49	27	48	51	28	41	37	42	31	53	58
Y_Contig_135	436574	41	30	30	26	37	32	31	36	22	39	45	40	49	28	48	51	27	41	37	42	31	53	58
Y_Contig_135	436575	41	30	30	25	37	32	30	35	22	38	46	40	49	28	48	50	27	41	38	41	31	53	58
Y_Contig_135	436576	41	30	30	25	37	32	29	35	21	38	46	40	49	28	48	50	26	41	37	41	30	53	58
Y_Contig_135	436577	41	29	29	25	37	32	29	36	21	38	46	40	49	28	48	49	26	40	37	41	30	52	57
Y_Contig_135	436578	41	29	31	25	36	30	30	35	21	39	46	39	48	27	47	50	26	40	36	41	29	52	58
Y_Contig_135	436579	41	29	32	25	36	30	30	35	22	39	46	39	49	28	46	49	26	41	36	41	29	52	58
Y_Contig_135	436580	41	29	32	24	36	30	30	35	20	39	46	39	49	28	47	49	25	41	36	41	28	52	58
Y_Contig_135	436581	41	29	32	24	36	30	29	35	20	39	47	40	50	28	47	49	25	41	36	41	28	53	58
Y_Contig_135	436582	40	29	31	24	35	30	28	35	20	39	47	40	50	28	47	48	25	41	36	43	28	53	57
Y_Contig_135	436583	40	29	31	24	35	30	28	35	20	39	47	40	50	28	48	48	25	42	36	43	28	53	57
Y_Contig_135	436584	40	29	31	24	35	29	28	35	20	39	46	40	50	28	48	48	25	42	37	43	29	52	57
Y_Contig_135	436585	40	29	31	24	35	30	28	36	20	39	46	39	49	28	49	48	25	42	38	44	29	51	58
Y_Contig_135	436586	39	30	31	24	37	30	30	35	20	39	47	39	49	28	49	48	25	42	38	43	29	51	58
Y_Contig_135	436587	39	30	31	24	38	29	30	35	20	39	47	39	48	28	50	48	25	42	39	42	29	51	58
Y_Contig_135	436588	38	27	30	24	39	29	30	36	19	39	44	38	48	28	48	48	25	42	38	43	29	51	58
Y_Contig_135	436589	37	27	30	24	39	29	31	38	19	39	45	38	48	28	48	48	25	42	39	43	30	50	58
Y_Contig_135	436590	37	27	29	24	38	29	32	38	19	38	42	39	49	28	48	48	24	42	39	41	32	50	55
Y_Contig_135	436591	37	27	29	24	36	30	32	38	19	37	41	39	49	28	48	48	24	42	38	42	32	50	54
Y_Contig_135	437922	36	37	27	22	23	24	42	32	26	48	37	46	36	23	44	43	0	39	47	38	19	41	47
Y_Contig_135	437923	37	37	27	22	23	24	42	32	25	47	37	46	36	23	46	43	0	38	48	38	19	41	47
Y_Contig_135	437924	37	36	26	22	23	24	42	32	25	47	37	46	35	24	48	42	0	38	49	39	20	41	47
Y_Contig_135	437925	36	35	27	23	22	25	42	30	25	48	37	47	35	24	48	41	0	38	49	39	19	41	46
Y_Contig_135	437926	37	33	26	24	22	25	41	30	24	48	37	48	35	24	48	41	0	38	49	40	18	42	45
Y_Contig_135	437927	37	33	26	23	22	25	41	31	24	48	38	49	37	25	48	41	0	38	49	40	19	43	45
Y_Contig_135	437928	37	33	25	23	22	25	41	31	24	48	38	49	37	25	46	41	0	38	49	40	19	43	45
Y_Contig_135	437929	37	33	24	23	21	25	41	30	22	46	38	50	37	25	45	41	0	38	48	40	17	43	42
Y_Contig_135	437930	37	33	24	23	22	25	40	30	22	46	38	50	35	25	44	40	0	38	49	39	17	43	41
Y_Contig_135	437931	37	33	24	23	22	25	40	30	24	45	37	52	35	25	45	41	0	38	50	39	17	44	41
Y_Contig_135	437932	38	33	24	23	22	25	40	30	23	45	37	52	35	26	46	41	0	39	50	39	17	45	41
Y_Contig_135	437933	38	33	24	23	22	25	40	31	23	45	37	52	35	26	46	40	0	39	50	39	17	45	41
Y_Contig_135	437934	38	34	24	23	21	25	40	31	23	46	38	52	35	27	45	40	0	38	50	38	18	45	41
Y_Contig_135	437935	40	34	24	23	21	26	40	31	23	48	37	51	35	27	44	40	0	38	50	37	18	45	41
Y_Contig_135	437936	40	34	25	23	21	26	40	31	24	47	37	51	34	26	44	40	0	37	50	37	18	45	41
Y_Contig_135	437937	40	34	25	23	20	26	40	31	24	49	38	53	33	26	45	40	0	37	50	37	19	45	41
Y_Contig_135	437938	41	34	25	23	20	26	40	32	24	48	39	54	32	26	45	40	0	39	50	37	19	46	41
Y_Contig_135	437939	41	34	25	23	20	26	40	32	24	48	39	54	32	26	45	40	0	38	48	37	19	47	40
Y_Contig_135	437940	41	33	25	23	20	25	40	32	25	48	40	53	33	25	45	40	0	38	47	37	19	48	41
Y_Contig_135	437941	41	33	25	23	20	25	40	32	25	47	39	52	33	24	46	39	0	38	46	37	19	48	41
Y_Contig_135	437942	41	33	25	23	20	25	40	32	25	47	39	51	33	24	46	37	0	38	46	37	19	48	41
Y_Contig_135	437943	41	33	24	22	20	24	37	33	24	46	40	50	32	24	45	37	0	38	46	36	20	48	40
Y_Contig_135	437944	41	33	24	22	20	24	37	33	24	48	40	50	32	24	45	36	0	38	46	36	20	48	40
Y_Contig_135	437945	41	35	24	21	20	24	37	33	25	47	40	49	32	24	45	36	0	38	46	36	20	47	40
Y_Contig_135	437946	42	33	24	21	20	24	36	33	25	46	40	49	32	24	45	37	0	39	46	36	20	47	40
Y_Contig_135	437947	43	33	25	21	21	24	36	33	25	47	38	49	32	24	44	38	0	39	46	36	20	46	40
Y_Contig_135	437948	43	33	25	23	20	24	36	32	25	46	38	47	32	24	44	38	0	39	47	37	20	46	40
Y_Contig_135	437949	43	33	25	23	21	24	35	32	25	46	38	46	32	25	44	38	0	38	47	37	20	46	40
Y_Contig_135	437950	44	33	26	24	20	24	35	32	25	45	39	47	31	26	44	38	0	39	46	35	20	46	40
Y_Contig_135	437951	44	33	27	25	21	24	35	32	26	45	39	46	31	26	43	38	0	39	45	35	20	47	40
Y_Contig_135	437952	44	33	27	25	21	24	35	32	26	45	39	45	33	26	44	39	0	39	44	35	20	47	41
Y_Contig_135	437953	42	32	27	25	20	24	35	32	26	45	39	47	33	26	44	37	0	39	44	35	20	47	40
Y_Contig_135	437954	42	32	27	26	20	24	35	32	26	44	39	46	34	26	45	37	0	39	44	35	19	48	38
Y_Contig_135	437955	42	32	27	26	20	25	34	32	25	44	39	47	34	26	45	37	0	39	44	35	19	48	38
Y_Contig_135	437956	43	32	27	26	20	25	35	32	25	44	41	47	34	27	45	37	0	39	43	35	19	48	39
Y_Contig_135	437957	43	30	26	25	20	25	37	31	26	44	41	47	34	26	45	37	0	40	42	36	19	48	39
Y_Contig_135	437958	43	29	26	26	20	24	36	31	26	44	40	47	34	26	44	37	0	40	42	35	19	48	39
Y_Contig_135	437959	43	30	26	27	20	23	34	31	26	43	40	46	33	26	45	37	0	40	42	35	19	48	39
Y_Contig_135	437960	43	30	26	27	20	23	35	30	26	43	40	46	33	26	45	36	0	40	42	36	21	48	39
Y_Contig_135	437961	43	31	26	27	20	23	34	30	26	43	39	46	34	26	46	36	0	41	42	36	21	49	38
Y_Contig_135	437962	43	31	26	27	20	23	34	31	26	43	38	47	33	26	46	37	0	41	42	35	21	49	38
Y_Contig_135	437963	43	31	26	27	19	23	34	32	27	43	39	46	35	26	44	37	0	42	41	35	21	48	38
Y_Contig_135	437964	43	32	26	27	19	23	35	33	27	44	39	47	35	26	45	38	0	42	41	35	21	48	38
Y_Contig_135	437965	44	32	26	27	19	23	35	32	27	44	39	47	35	26	44	38	0	41	41	36	21	48	38
Y_Contig_135	437966	43	31	26	26	18	23	35	32	28	44	38	47	35	27	44	39	0	41	41	36	21	47	37
Y_Contig_135	437967	43	31	26	25	19	23	34	33	28	44	37	50	35	27	44	39	0	42	40	36	22	48	37
Y_Contig_135	437968	44	31	27	25	20	22	34	33	27	43	37	50	35	27	43	38	0	41	40	36	22	48	37
Y_Contig_135	437969	44	31	27	25	20	22	34	33	28	45	37	51	35	27	43	38	0	41	40	36	22	48	37
Y_Contig_135	437970	43	30	28	25	20	22	34	33	28	45	38	51	34	27	43	38	0	41	40	36	22	48	36
Y_Contig_135	437971	44	30	28	26	20	22	34	33	27	45	37	50	34	27	42	37	0	39	40	36	22	48	37
Y_Contig_135	437972	44	29	28	25	20	22	34	34	27	44	36	49	35	27	42	38	0	39	40	36	22	47	35
Y_Contig_135	437973	44	29	28	25	20	22	35	34	27	45	36	49	34	28	42	38	0	38	40	36	23	47	35
Y_Contig_135	437974	43	30	28	24	21	20	35	34	27	45	36	49	34	28	43	38	0	38	40	36	23	47	36
Y_Contig_135	437975	43	30	29	24	21	21	35	34	27	45	36	50	35	28	44	40	0	39	40	37	23	48	37
Y_Contig_135	437976	43	29	29	24	21	21	35	34	26	45	35	51	35	28	46	41	0	40	40	36	24	48	38
Y_Contig_135	437977	43	29	29	24	21	21	34	35	26	46	35	51	35	29	46	41	0	40	38	36	24	48	38
Y_Contig_135	437978	42	29	29	24	21	22	34	35	26	45	36	50	35	29	47	42	0	40	37	36	24	48	40
Y_Contig_135	437979	43	30	30	24	21	22	34	35	26	45	36	50	35	29	47	42	0	40	37	36	24	49	42
Y_Contig_135	437980	43	30	30	23	21	22	34	35	26	45	37	50	35	29	49	42	0	41	37	36	25	49	42
Y_Contig_135	437981	42	30	30	23	22	23	34	35	28	45	37	50	36	29	48	42	0	41	37	36	25	49	42
Y_Contig_135	437982	42	31	30	23	23	23	34	35	28	46	37	50	36	29	48	43	0	41	36	36	25	48	42
Y_Contig_135	437983	41	31	30	23	23	24	34	35	28	46	37	51	36	29	48	43	0	41	37	35	25	48	43
Y_Contig_135	437984	41	31	30	23	23	25	33	35	28	46	36	51	36	29	48	44	0	40	37	34	25	48	45
Y_Contig_135	437985	41	31	30	23	24	25	33	35	28	46	36	51	36	29	48	45	0	42	37	33	26	48	45
Y_Contig_135	437986	41	31	30	23	24	25	33	34	28	46	36	51	36	29	49	45	0	43	37	33	26	48	45
Y_Contig_135	437987	41	31	30	23	24	25	33	35	29	46	36	51	37	30	49	46	0	43	37	34	24	49	46
Y_Contig_135	437988	41	31	30	23	24	25	33	34	29	46	35	51	36	30	48	46	0	43	36	33	24	49	48
Y_Contig_135	437989	41	31	30	23	25	25	31	34	29	46	35	52	36	30	48	46	0	43	37	33	24	49	48
Y_Contig_135	437990	41	31	30	21	25	24	31	34	29	46	34	52	36	30	48	46	0	43	36	33	24	49	48
Y_Contig_135	437991	40	31	30	21	25	24	31	34	30	45	34	52	35	30	48	46	0	43	36	34	25	49	48
Y_Contig_135	437992	40	31	30	21	25	24	31	34	30	45	34	53	34	30	48	46	0	42	36	34	25	47	48
Y_Contig_135	437993	40	32	30	21	25	25	31	34	30	45	35	53	34	29	48	46	0	43	36	35	26	47	48
Y_Contig_135	437994	41	32	30	21	25	25	32	34	30	45	35	53	34	29	48	46	0	43	36	35	26	47	47
Y_Contig_135	437995	39	32	30	21	25	24	31	35	30	45	35	53	34	29	48	45	0	44	36	35	26	46	46
Y_Contig_135	437996	39	32	30	21	25	24	31	35	30	45	35	53	34	29	48	45	0	44	36	36	26	47	46
Y_Contig_135	437997	38	33	30	21	25	24	31	35	31	45	33	53	33	29	47	44	0	44	36	36	26	48	47
Y_Contig_135	437998	38	33	31	21	25	24	30	35	32	44	34	52	33	29	47	45	0	45	36	36	26	48	47
Y_Contig_135	437999	37	33	31	21	24	24	30	35	32	43	34	52	33	29	47	45	0	45	36	37	27	48	47
Y_Contig_135	438000	37	33	31	21	24	23	30	35	32	43	34	53	32	29	47	45	0	45	36	37	27	48	47
Y_Contig_135	438001	37	33	31	21	24	23	30	35	31	43	34	53	32	29	47	45	0	45	35	37	27	48	47
Y_Contig_135	438002	38	33	32	21	24	22	30	35	31	43	34	55	31	29	48	45	0	44	35	37	27	48	49
Y_Contig_135	438003	38	32	32	22	24	23	30	36	30	43	34	55	31	31	49	46	0	43	35	37	27	49	49
Y_Contig_135	438004	38	32	32	22	24	22	29	36	30	44	34	55	32	31	50	46	0	43	34	37	27	50	49
Y_Contig_135	438005	37	31	32	22	23	22	28	34	31	45	34	55	32	31	51	47	0	43	35	38	27	48	49
Y_Contig_135	438006	37	32	33	22	23	22	28	34	31	44	36	54	32	32	50	47	0	42	35	38	27	47	49
Y_Contig_135	438007	36	32	34	23	22	22	29	32	30	43	35	55	34	32	50	46	0	42	33	38	26	47	51
Y_Contig_135	438008	37	32	34	24	22	22	30	32	30	43	35	55	37	32	50	45	0	42	33	38	26	47	51
Y_Contig_135	438009	37	32	34	24	22	22	31	32	30	42	35	56	37	33	49	45	0	41	35	38	26	47	52
Y_Contig_135	438010	37	31	34	24	22	23	31	32	29	42	35	56	37	33	49	45	0	41	35	38	26	47	52
Y_Contig_135	438011	37	31	33	24	23	22	31	32	28	42	33	56	37	33	48	45	0	41	35	37	25	47	50
Y_Contig_135	438012	37	31	33	25	23	22	30	32	28	42	33	56	37	33	48	45	0	41	36	37	25	47	50
Y_Contig_135	438013	37	31	33	24	23	22	30	32	28	42	33	56	37	33	48	47	0	41	36	37	25	47	50
Y_Contig_135	438014	38	31	33	24	23	22	30	32	28	41	33	57	37	32	47	47	0	40	36	37	25	47	50
Y_Contig_135	438015	38	31	32	24	23	22	29	32	28	42	33	57	37	32	48	45	0	40	36	38	27	48	50
Y_Contig_135	438016	38	31	32	24	24	23	29	32	27	41	33	56	37	32	48	44	0	39	35	38	27	48	49
Y_Contig_135	438017	39	31	32	24	26	24	30	32	27	41	33	56	37	33	48	44	0	39	35	38	27	47	48
Y_Contig_135	438018	39	31	32	24	26	24	32	32	28	41	33	56	38	33	48	45	0	42	35	38	27	47	49
Y_Contig_135	448523	35	34	43	45	26	30	40	47	30	63	57	50	37	48	78	36	73	65	39	36	44	62	60
Y_Contig_135	448524	35	34	44	46	26	30	38	47	30	62	57	49	38	50	78	37	72	65	39	36	45	62	60
Y_Contig_135	448525	36	35	44	46	26	30	38	47	31	62	59	49	39	51	78	37	72	67	39	36	45	61	61
Y_Contig_135	448526	36	35	44	46	27	32	38	47	31	64	59	48	39	51	78	37	72	68	39	36	44	63	62
Y_Contig_135	448527	37	35	44	46	28	34	39	47	32	64	59	48	41	51	78	38	74	68	39	36	45	63	61
Y_Contig_135	448528	38	35	43	46	28	35	39	46	33	65	58	48	42	51	79	38	74	67	39	36	45	63	60
Y_Contig_135	448529	38	35	42	47	28	36	39	46	33	65	58	48	42	51	79	38	75	66	39	35	45	64	60
Y_Contig_135	448530	39	36	42	47	28	36	39	46	33	65	58	48	42	51	79	38	75	65	39	35	45	64	60
Y_Contig_135	448531	39	37	42	49	27	36	39	47	35	66	60	48	42	53	79	39	75	67	40	35	46	64	61
Y_Contig_135	448532	39	37	44	49	25	37	39	46	35	66	60	48	42	53	77	37	77	66	40	35	47	64	60
Y_Contig_135	448533	38	37	44	51	24	37	39	46	36	69	60	47	42	54	77	37	77	66	40	35	46	64	61
Y_Contig_135	448534	38	37	45	50	24	37	39	46	36	68	60	47	41	54	77	37	77	66	40	35	47	65	61
Y_Contig_135	448535	38	37	44	50	24	37	39	46	36	68	61	46	41	53	76	37	77	66	40	35	47	65	60
Y_Contig_135	448536	38	38	45	50	24	38	39	45	37	69	61	46	41	54	77	37	79	66	41	35	47	65	60
Y_Contig_135	448537	38	38	49	50	24	39	39	44	37	70	60	46	41	54	77	37	78	67	42	35	48	65	61
Y_Contig_135	448538	38	37	50	50	25	39	39	45	36	69	60	47	41	55	77	36	78	67	42	35	48	65	61
Y_Contig_135	448539	38	38	50	51	26	40	39	45	36	70	60	48	42	57	78	36	78	67	44	35	48	65	61
Y_Contig_135	448540	37	37	48	51	26	40	38	45	37	70	60	48	42	58	79	36	78	67	44	35	49	65	61
Y_Contig_135	448541	37	37	48	52	27	40	39	45	38	69	60	48	42	57	80	36	78	67	46	35	50	66	61
Y_Contig_135	448542	37	36	48	52	28	41	39	45	38	69	60	48	43	57	80	36	78	67	45	35	50	66	61
Y_Contig_135	448543	37	36	48	52	28	41	39	45	37	68	59	48	43	57	78	36	78	67	45	34	50	67	60
Y_Contig_135	448544	37	38	48	53	28	39	39	45	38	67	59	47	42	57	78	36	78	67	45	35	49	65	62
Y_Contig_135	448545	37	38	48	53	29	39	40	45	38	67	59	47	43	57	78	36	77	67	45	35	50	66	61
Y_Contig_135	448546	37	38	47	53	29	39	40	45	38	67	59	47	44	56	79	36	77	67	45	35	51	66	61
Y_Contig_135	448547	37	38	47	52	29	40	39	45	38	67	60	47	44	57	80	36	77	67	45	35	51	66	62
Y_Contig_135	448548	37	38	47	52	30	41	38	47	38	66	60	47	45	57	79	36	76	66	46	35	50	66	62
Y_Contig_135	448549	37	38	47	52	29	41	37	47	36	67	60	47	45	58	80	37	77	66	45	35	50	65	62
Y_Contig_135	448550	37	38	47	52	30	41	37	47	36	66	60	47	45	58	80	38	77	66	45	35	50	65	62
Y_Contig_135	448551	36	35	47	52	30	41	37	47	36	66	60	47	46	58	80	38	76	65	45	35	50	65	62
Y_Contig_135	448552	36	35	46	53	30	41	38	47	36	65	59	47	46	58	81	38	74	65	46	37	51	67	63
Y_Contig_135	448553	36	35	46	53	30	42	39	47	36	65	60	46	46	59	80	39	74	65	46	37	51	67	64
Y_Contig_135	448554	35	35	46	53	30	42	39	47	36	66	62	47	45	59	80	39	75	65	46	38	51	68	64
Y_Contig_135	448555	35	35	47	53	30	39	39	47	36	65	61	46	45	58	80	38	75	66	46	39	51	68	63
Y_Contig_135	448556	35	36	46	52	30	40	39	46	36	65	61	46	45	58	81	38	75	66	46	38	51	68	63
Y_Contig_135	448557	36	36	46	52	30	40	39	46	36	65	59	46	45	58	81	38	75	65	46	38	51	68	62
Y_Contig_135	448558	37	35	45	52	30	40	39	45	36	65	58	46	44	58	81	38	76	63	47	38	51	67	63
Y_Contig_135	448559	38	35	45	51	30	40	37	45	36	64	58	46	44	58	81	38	75	62	47	39	51	66	65
Y_Contig_135	448560	39	35	46	51	29	40	37	44	36	64	58	46	43	58	83	38	76	62	48	39	51	66	65
Y_Contig_135	448561	38	34	47	51	28	39	37	43	37	64	59	46	43	57	82	37	76	62	48	39	51	66	63
Y_Contig_135	448562	39	34	47	52	29	40	37	43	36	63	57	46	43	57	81	37	75	62	48	39	52	65	63
Y_Contig_135	448563	39	34	48	51	29	40	37	43	35	63	57	45	44	57	81	37	76	62	47	39	51	64	63
Y_Contig_135	448564	39	34	48	50	30	40	36	43	35	63	56	45	42	57	79	37	76	62	47	38	51	63	64
Y_Contig_135	448565	39	33	48	50	29	41	35	43	35	63	56	45	42	57	79	37	76	62	47	38	51	63	64
Y_Contig_135	448566	39	35	48	49	29	41	35	42	35	64	55	45	42	57	79	37	76	62	47	38	52	63	65
Y_Contig_135	448567	39	35	48	50	28	41	35	42	35	63	55	44	42	57	78	37	75	62	47	37	51	62	64
Y_Contig_135	448568	39	35	48	50	28	41	36	42	35	61	55	43	42	56	77	37	75	62	47	37	50	62	65
Y_Contig_135	448569	39	36	46	50	28	41	36	43	35	59	54	43	42	56	76	36	75	61	47	37	50	64	65
Y_Contig_135	448570	39	36	46	50	28	40	36	44	36	59	53	43	41	55	76	36	75	61	47	37	50	65	64
Y_Contig_135	448571	40	35	46	50	28	42	36	45	36	59	53	43	41	55	75	37	74	61	47	36	50	65	64
Y_Contig_135	448572	39	34	45	50	29	41	36	45	35	58	51	43	40	55	75	37	75	61	45	35	50	65	64
Y_Contig_135	448573	39	34	45	50	30	41	36	45	35	58	51	42	40	55	74	37	74	61	45	35	49	65	65
Y_Contig_135	448574	40	34	45	50	29	41	36	46	36	58	50	41	40	55	74	38	72	61	45	35	49	65	65
Y_Contig_135	448575	39	34	45	50	29	41	36	46	36	58	49	41	40	55	73	39	70	61	45	34	48	64	65
Y_Contig_135	448576	39	34	44	50	29	41	36	48	36	57	49	42	38	55	73	39	69	61	45	36	47	63	66
Y_Contig_135	448577	39	34	42	50	29	41	35	49	36	57	49	42	37	56	72	39	68	61	45	36	47	62	65
Y_Contig_135	448578	40	34	42	50	29	40	35	49	35	56	49	42	38	57	72	40	68	58	44	36	47	62	64
Y_Contig_135	448579	40	33	43	49	29	38	32	49	35	56	49	42	38	56	72	40	68	58	44	36	48	62	63
Y_Contig_135	448580	40	33	43	49	29	38	32	51	36	56	49	42	39	56	72	41	69	57	44	37	48	63	62
Y_Contig_135	448581	40	33	43	49	29	38	31	51	36	56	48	42	39	56	72	41	71	57	45	38	48	63	62
Y_Contig_135	448582	40	32	43	50	29	38	30	50	36	55	49	42	40	56	73	41	71	58	43	38	48	62	62
Y_Contig_135	448583	40	30	43	48	30	38	30	50	36	55	50	43	40	54	72	41	69	58	43	38	47	62	63
Y_Contig_135	448584	39	30	44	48	30	39	30	50	36	55	49	43	40	54	72	42	69	57	43	38	47	62	63
Y_Contig_135	448585	39	29	44	49	30	39	31	48	36	56	48	43	40	53	71	42	67	53	42	39	47	62	62
Y_Contig_135	448586	39	29	45	48	30	40	31	47	36	56	48	43	40	53	70	42	66	54	42	39	47	63	62
Y_Contig_135	448587	38	29	45	46	31	40	31	47	37	56	48	45	40	54	70	43	66	54	42	39	47	63	62
Y_Contig_135	448588	38	30	45	45	31	39	31	47	37	56	51	46	40	53	70	43	66	54	42	38	47	60	62
Y_Contig_135	448589	39	30	45	46	31	39	31	47	37	55	51	46	40	54	70	43	65	54	42	37	47	60	60
Y_Contig_135	448590	40	30	44	47	31	39	30	48	37	56	51	46	40	53	70	44	62	54	43	36	47	60	61
Y_Contig_135	448591	40	31	43	47	31	39	30	48	37	54	52	46	40	53	70	44	60	54	43	36	47	60	61
Y_Contig_135	448592	40	31	43	47	30	38	30	48	37	54	51	46	40	53	70	45	60	52	45	36	47	59	61
Y_Contig_135	448593	40	31	43	46	29	38	30	48	37	53	51	46	40	52	67	44	59	52	44	36	47	57	60
Y_Contig_135	448594	40	32	43	46	29	39	30	47	38	53	50	46	41	50	67	44	59	51	44	35	47	57	60
Y_Contig_135	448595	39	32	43	46	28	37	29	46	38	52	49	46	43	50	66	44	59	51	45	35	45	58	59
Y_Contig_135	448596	39	33	43	46	27	37	29	46	38	50	49	46	42	49	66	44	59	51	45	34	45	58	59
Y_Contig_135	448597	39	33	42	46	27	37	30	46	37	50	49	46	41	49	65	43	60	50	45	34	45	58	58
Y_Contig_135	448598	40	33	42	47	28	36	30	45	36	50	50	45	43	49	66	41	60	50	46	34	44	60	60
Y_Contig_135	448599	40	34	43	48	28	36	30	45	36	50	50	45	42	49	67	43	60	49	46	34	43	60	60
Y_Contig_135	450006	32	24	27	11	22	29	26	43	35	18	10	36	35	16	19	36	18	14	38	35	13	48	48
Y_Contig_135	450007	31	23	27	11	24	27	26	43	35	17	9	36	35	16	19	35	18	14	39	33	13	48	49
Y_Contig_135	450008	31	23	28	11	25	28	26	42	35	16	9	38	35	15	19	34	17	13	39	32	13	50	49
Y_Contig_135	450009	32	23	28	11	25	28	25	41	35	16	8	38	34	15	19	34	16	12	40	32	13	49	50
Y_Contig_135	450010	31	23	27	11	24	28	25	41	35	16	8	38	34	14	19	33	16	11	38	32	13	49	50
Y_Contig_135	450011	31	23	25	11	24	28	25	40	35	17	8	38	34	14	19	34	15	11	38	32	13	50	50
Y_Contig_135	450012	31	23	25	10	25	29	25	40	34	17	8	38	34	14	18	35	15	11	38	32	13	49	51
Y_Contig_135	450013	32	23	25	10	25	29	25	40	34	17	8	38	33	14	17	35	16	11	38	33	13	50	50
Y_Contig_135	450014	32	24	24	9	25	30	25	40	35	17	8	37	33	14	17	35	16	11	38	33	13	51	51
Y_Contig_135	450015	31	24	23	9	25	29	24	40	35	16	8	37	34	14	18	34	16	11	37	33	10	51	50
Y_Contig_135	450016	32	24	23	9	24	29	24	40	34	16	8	38	34	14	18	34	16	11	37	32	10	51	50
Y_Contig_135	450017	33	24	23	9	24	29	25	40	35	16	9	37	34	14	18	34	16	11	37	34	10	51	50
Y_Contig_135	450018	33	25	23	9	25	30	24	40	35	16	8	37	34	14	18	34	16	11	37	34	10	51	50
Y_Contig_135	450019	33	26	23	10	25	30	23	40	35	16	8	37	34	14	18	33	16	11	37	34	10	50	50
Y_Contig_135	450020	33	26	22	10	25	31	23	40	35	16	8	36	34	14	18	34	16	11	38	34	8	50	51
Y_Contig_135	450021	33	27	22	10	25	30	23	40	35	15	8	36	34	14	18	34	16	11	38	34	7	50	49
Y_Contig_135	450022	33	27	22	9	25	30	22	40	36	15	8	36	34	14	18	34	16	11	40	34	7	50	49
Y_Contig_135	450023	33	28	22	9	24	30	22	41	37	15	8	36	34	14	19	35	15	10	40	34	7	51	49
Y_Contig_135	450024	33	29	22	9	24	29	22	41	37	15	9	36	34	14	19	35	15	10	39	34	7	51	49
Y_Contig_135	450025	33	29	22	8	25	29	22	41	38	15	9	36	34	15	19	36	15	10	39	34	7	51	49
Y_Contig_135	450026	33	29	22	8	22	29	22	41	38	15	9	36	33	15	19	36	15	10	39	34	7	51	49
Y_Contig_135	450027	31	30	22	8	22	28	22	41	38	15	9	35	33	14	19	38	15	11	38	34	7	50	51
Y_Contig_135	450028	31	30	22	9	22	28	23	41	39	15	9	35	33	15	19	38	16	11	38	34	7	49	51
Y_Contig_135	450029	30	29	21	9	22	28	23	41	39	15	9	35	33	15	19	38	16	12	38	34	7	48	51
Y_Contig_135	450030	31	29	22	9	22	28	23	41	40	15	9	35	33	15	19	38	16	13	37	34	7	49	51
Y_Contig_135	450031	30	29	24	9	22	28	23	41	41	15	9	35	32	15	19	38	16	13	37	35	7	49	52
Y_Contig_135	450032	30	29	25	9	24	28	23	41	41	15	9	35	32	15	20	39	17	13	37	33	7	49	53
Y_Contig_135	450033	29	29	25	10	24	29	23	41	41	15	9	35	33	15	20	40	17	13	37	32	8	48	53
Y_Contig_135	450034	30	28	24	11	24	29	23	41	41	15	9	35	33	14	20	40	17	13	37	32	8	48	53
Y_Contig_135	450035	31	28	25	13	24	29	23	41	41	17	9	36	33	16	21	39	17	13	36	32	8	50	54
Y_Contig_135	450036	30	28	25	13	24	30	23	41	41	17	11	36	33	17	21	39	17	13	36	32	7	51	54
Y_Contig_135	450037	31	28	25	14	23	30	24	42	41	17	13	36	34	18	22	39	17	13	37	32	7	51	54
Y_Contig_135	450038	31	28	25	15	23	30	24	41	40	17	13	36	33	18	22	39	17	13	36	32	6	51	54
Y_Contig_135	450039	31	28	25	15	23	31	24	41	40	19	13	37	33	18	22	39	17	13	36	32	6	51	55
Y_Contig_135	450040	31	27	25	15	23	31	25	41	40	19	13	36	34	18	22	39	17	13	37	31	7	51	55
Y_Contig_135	450041	31	27	25	15	23	31	25	40	39	20	14	36	34	19	22	39	18	13	37	31	7	50	54
Y_Contig_135	450042	32	28	25	15	23	31	25	40	39	20	14	37	34	19	23	39	18	13	36	31	7	51	54
Y_Contig_135	450043	32	28	25	15	23	31	25	42	39	20	14	37	34	19	25	40	19	14	35	32	7	51	54
Y_Contig_135	450044	31	28	25	15	23	30	26	42	39	20	14	37	34	18	26	40	19	14	35	31	7	50	54
Y_Contig_135	450045	31	29	25	15	24	31	23	43	39	19	14	34	35	18	27	40	19	14	35	31	7	50	55
Y_Contig_135	450046	32	29	25	15	24	32	23	43	38	19	14	34	35	18	27	40	19	14	35	31	7	50	54
Y_Contig_135	450047	32	30	25	15	24	31	23	43	37	19	15	36	35	18	28	40	19	15	35	31	7	50	54
Y_Contig_135	450048	32	30	26	15	24	31	23	42	37	19	15	36	36	19	28	40	19	16	35	31	7	52	53
Y_Contig_135	450049	32	30	26	15	24	31	23	42	36	19	15	36	37	19	30	41	19	17	36	31	10	52	53
Y_Contig_135	450050	32	30	26	15	24	31	23	42	36	19	15	36	37	19	29	41	21	16	36	31	11	52	51
Y_Contig_135	450051	31	31	26	17	24	31	23	42	36	19	16	36	37	19	29	42	21	16	36	31	12	52	52
Y_Contig_135	450052	31	30	26	17	25	31	23	42	36	19	16	34	38	20	29	42	20	16	36	30	12	52	53
Y_Contig_135	450053	31	30	26	17	25	30	23	43	36	19	16	34	39	20	29	43	20	16	37	30	12	52	53
Y_Contig_135	450054	32	30	25	17	25	30	23	42	37	20	16	34	39	20	29	43	21	16	37	30	12	52	54
Y_Contig_135	450055	33	30	25	16	25	30	23	42	37	20	16	32	39	20	29	44	22	16	37	30	12	51	54
Y_Contig_135	450056	31	30	25	17	25	30	23	42	37	20	16	32	39	21	29	44	21	16	36	30	12	51	53
Y_Contig_135	450057	31	32	25	17	25	30	23	42	37	21	16	32	39	21	29	44	21	16	36	30	12	52	53
Y_Contig_135	450058	31	32	25	17	25	30	22	41	37	21	16	32	39	21	29	45	21	17	36	29	12	52	53
Y_Contig_135	450059	31	33	26	17	25	30	22	42	35	22	16	34	39	21	28	45	22	18	38	29	12	52	52
Y_Contig_135	450060	32	34	25	17	25	30	22	42	35	22	16	34	39	23	28	44	22	18	37	29	12	52	52
Y_Contig_135	450061	32	33	25	17	24	30	23	42	35	22	16	33	39	24	29	44	22	18	38	29	12	51	52
Y_Contig_135	450062	31	33	26	17	23	29	22	42	34	22	15	34	39	24	27	43	21	17	40	29	12	52	52
Y_Contig_135	450063	31	33	26	17	23	28	22	42	34	22	15	35	39	24	27	43	21	18	40	29	12	52	52
Y_Contig_135	450064	31	33	26	17	23	28	22	43	34	22	16	35	39	24	27	43	21	18	40	29	12	52	53
Y_Contig_135	450065	30	32	25	17	23	28	22	43	34	22	16	36	41	23	28	42	20	18	40	29	12	53	54
Y_Contig_135	450066	29	32	25	17	23	28	23	45	33	22	16	36	40	22	28	42	19	18	40	29	13	54	55
Y_Contig_135	450067	31	32	25	17	23	28	24	45	33	22	16	36	41	22	28	42	19	18	39	29	13	54	55
Y_Contig_135	450068	30	32	25	17	21	28	24	44	33	22	16	36	40	22	28	41	19	18	38	28	13	52	55
Y_Contig_135	450069	31	32	25	17	21	28	25	44	33	22	16	36	40	22	28	42	20	18	37	28	13	52	55
Y_Contig_135	450070	31	32	25	18	21	28	27	44	33	22	16	36	41	22	29	43	20	19	38	28	13	53	55
Y_Contig_135	450071	32	32	24	18	21	29	27	46	33	23	16	35	40	22	29	43	20	19	40	28	13	53	56
Y_Contig_135	450072	32	32	26	18	22	29	28	45	33	23	16	35	39	22	29	43	20	19	40	28	13	53	55
Y_Contig_135	450073	32	32	25	18	22	28	28	45	33	23	16	35	39	22	29	43	20	19	40	28	13	53	57
Y_Contig_135	450074	33	32	25	19	22	27	27	45	33	23	17	34	39	22	29	44	21	19	40	28	13	54	57
Y_Contig_135	450075	34	32	25	19	22	27	27	45	32	23	17	34	39	22	29	45	21	19	40	27	13	53	56
Y_Contig_135	450076	35	32	25	19	22	27	27	45	32	23	17	34	38	22	28	44	21	20	40	27	14	52	57
Y_Contig_135	450077	35	32	25	20	23	27	27	47	32	23	17	34	38	22	28	45	21	20	40	27	14	52	57
Y_Contig_135	450078	35	32	25	19	23	27	27	48	31	23	17	32	38	22	29	45	25	21	42	27	15	52	58
Y_Contig_135	450079	35	32	25	19	23	27	27	48	31	23	17	32	38	22	29	44	25	21	42	27	15	53	58
Y_Contig_135	450080	35	32	25	19	22	27	26	48	31	22	17	33	38	22	29	44	25	22	42	27	15	53	58
Y_Contig_135	450081	35	33	25	18	23	27	27	49	30	22	18	34	38	24	30	45	26	23	42	28	16	54	58
Y_Contig_135	450082	34	33	25	18	23	28	27	49	30	23	17	33	37	25	30	44	25	23	42	28	16	53	58
Y_Contig_135	460976	38	22	34	24	19	25	30	48	25	22	44	34	42	35	50	44	38	57	39	32	28	62	60
Y_Contig_135	460977	38	22	33	24	19	26	30	48	25	22	45	34	42	35	50	44	39	57	42	31	28	62	60
Y_Contig_135	460978	39	22	33	25	19	26	29	48	25	23	46	34	42	35	50	44	41	58	42	31	28	62	60
Y_Contig_135	460979	40	21	33	25	19	26	29	49	25	23	46	34	42	35	50	45	42	58	42	32	28	63	61
Y_Contig_135	460980	40	21	33	25	19	26	29	49	25	23	46	34	42	35	51	45	41	57	43	32	27	63	62
Y_Contig_135	460981	42	21	34	24	19	27	29	49	25	23	46	34	42	35	51	44	41	57	43	32	27	62	62
Y_Contig_135	460982	42	20	34	24	19	28	28	49	25	23	46	34	42	36	52	44	41	56	43	32	27	62	63
Y_Contig_135	460983	42	20	35	24	19	28	28	52	25	22	46	34	42	36	51	44	41	56	43	32	26	60	63
Y_Contig_135	460984	41	20	35	24	20	28	28	52	23	23	47	34	43	36	51	44	41	55	43	32	26	60	63
Y_Contig_135	460985	41	21	36	24	21	27	28	52	22	24	48	34	43	37	51	44	42	55	43	31	27	60	62
Y_Contig_135	460986	41	21	36	25	21	28	28	52	22	24	48	34	44	37	52	44	43	55	43	31	29	60	62
Y_Contig_135	460987	41	22	36	27	21	28	28	52	22	24	48	34	44	37	52	43	43	55	43	31	30	61	63
Y_Contig_135	460988	40	22	36	27	21	28	28	52	22	24	48	33	43	39	51	43	43	55	42	31	30	60	64
Y_Contig_135	460989	40	22	36	28	21	28	28	51	24	23	48	33	43	39	52	44	45	56	43	31	30	61	64
Y_Contig_135	460990	41	21	36	29	21	28	29	52	26	23	49	32	43	40	52	43	45	56	45	32	30	61	64
Y_Contig_135	460991	40	21	34	29	21	28	29	52	27	23	49	31	42	40	52	43	46	54	45	33	29	61	63
Y_Contig_135	460992	41	21	33	29	20	28	28	52	28	23	49	31	42	39	52	43	45	54	44	33	30	61	63
Y_Contig_135	460993	41	20	33	29	20	28	28	52	27	22	49	30	42	38	52	43	44	54	44	33	30	60	62
Y_Contig_135	460994	41	21	34	29	19	27	28	51	26	21	49	29	42	39	52	42	46	55	44	33	31	60	62
Y_Contig_135	460995	41	21	35	30	19	25	28	51	26	21	50	29	41	40	52	42	46	57	45	33	31	60	62
Y_Contig_135	460996	41	21	35	29	19	25	28	51	27	21	50	29	41	40	52	42	45	57	45	33	31	58	62
Y_Contig_135	460997	40	21	34	29	19	25	27	51	27	21	50	29	40	41	53	41	45	56	45	33	31	57	64
Y_Contig_135	460998	40	20	34	29	19	25	27	51	27	21	50	30	40	41	54	40	46	57	45	33	31	57	65
Y_Contig_135	460999	40	20	34	28	19	25	26	51	27	22	50	31	40	42	54	39	46	56	45	33	31	56	66
Y_Contig_135	461000	40	20	35	28	19	25	26	51	28	22	52	32	40	43	55	39	46	56	45	33	32	56	66
Y_Contig_135	461001	40	19	35	28	19	25	26	51	29	22	52	32	40	42	55	39	46	55	45	34	32	56	66
Y_Contig_135	461002	40	19	35	29	19	25	26	52	28	22	53	32	40	42	55	39	46	55	45	34	32	57	65
Y_Contig_135	461003	40	19	35	29	19	25	26	51	28	22	53	33	40	42	55	40	46	54	45	34	32	58	65
Y_Contig_135	461004	39	19	36	27	19	25	26	51	28	22	53	33	40	41	54	40	46	54	45	33	32	58	65
Y_Contig_135	461005	39	19	36	28	19	27	25	51	28	23	53	34	41	43	56	40	46	54	45	33	32	58	65
Y_Contig_135	461006	39	20	36	28	19	27	25	50	28	24	55	35	41	43	57	40	46	54	45	33	32	57	65
Y_Contig_135	461007	40	20	36	28	19	27	26	50	28	24	56	35	41	43	56	40	45	53	45	33	32	58	65
Y_Contig_135	461008	39	19	35	29	19	27	26	47	28	24	55	35	41	44	57	41	45	53	46	33	32	60	64
Y_Contig_135	461009	39	18	34	29	19	27	26	47	28	24	56	34	42	44	57	41	45	53	46	33	33	60	64
Y_Contig_135	461010	39	18	35	30	19	27	27	46	28	24	56	34	42	44	58	42	45	53	46	34	32	59	63
Y_Contig_135	461011	40	18	34	30	19	27	27	46	27	24	56	34	43	46	58	43	45	53	46	34	32	59	64
Y_Contig_135	461012	40	17	33	29	18	27	27	45	27	25	56	34	43	46	57	43	46	53	46	34	32	60	64
Y_Contig_135	461013	40	18	33	29	18	27	26	45	27	25	57	34	44	45	58	43	45	52	46	34	32	59	65
Y_Contig_135	461014	39	19	34	29	17	27	26	45	27	25	56	34	44	43	59	44	45	52	44	34	32	59	65
Y_Contig_135	461015	38	19	34	28	17	27	26	45	27	25	56	34	43	42	60	44	44	53	45	35	31	59	64
Y_Contig_135	461016	38	19	34	28	18	27	25	45	27	25	56	34	43	42	62	44	44	52	46	36	31	59	65
Y_Contig_135	461017	39	19	34	28	18	27	25	45	28	24	55	34	43	42	60	44	44	53	46	36	31	59	65
Y_Contig_135	461018	39	19	34	28	18	27	26	46	28	25	55	35	43	43	60	45	44	53	46	36	31	60	65
Y_Contig_135	461019	38	19	34	27	18	26	26	46	27	24	54	35	43	43	60	45	44	52	46	36	31	60	65
Y_Contig_135	461020	38	18	34	27	18	26	27	46	27	24	54	35	43	45	60	46	44	52	46	36	30	60	65
Y_Contig_135	461021	38	18	36	28	19	26	27	46	29	24	52	35	43	43	59	45	42	51	45	36	31	61	64
Y_Contig_135	461022	39	17	36	28	18	26	28	46	29	24	52	35	42	45	59	46	42	51	45	35	30	61	64
Y_Contig_135	461023	39	16	35	28	18	26	28	48	29	24	52	35	43	45	58	47	43	51	44	35	30	62	65
Y_Contig_135	461024	39	16	35	28	19	26	27	48	29	23	50	35	43	45	58	47	44	51	45	34	30	62	65
Y_Contig_135	461025	40	15	36	28	20	27	26	48	29	23	50	34	43	45	58	46	44	51	45	34	30	61	64
Y_Contig_135	461026	40	15	36	28	19	27	26	48	29	22	49	34	43	45	58	45	44	50	44	34	31	61	64
Y_Contig_135	461027	41	15	38	28	19	27	26	48	29	22	49	34	43	45	58	45	44	50	44	34	31	61	64
Y_Contig_135	461028	40	15	38	28	19	27	25	48	30	22	48	34	43	43	58	44	43	50	43	34	31	61	64
Y_Contig_135	461029	42	15	40	28	19	29	25	48	30	22	48	35	43	43	59	44	44	51	43	33	31	59	65
Y_Contig_135	461030	41	15	40	28	19	30	25	48	30	21	48	36	43	43	59	44	45	51	44	33	31	59	65
Y_Contig_135	461031	41	15	40	28	20	30	25	49	30	22	47	36	44	43	59	43	44	50	45	33	31	59	63
Y_Contig_135	461032	43	15	40	29	20	30	25	48	30	22	47	36	45	43	58	44	41	50	46	32	32	58	62
Y_Contig_135	461033	44	15	39	29	20	30	25	48	29	22	47	36	45	43	58	44	41	50	46	32	32	59	61
Y_Contig_135	461034	45	16	39	29	20	31	25	48	29	22	47	36	44	44	58	44	43	51	46	32	32	60	61
Y_Contig_135	461035	45	16	39	27	20	31	25	47	29	22	48	36	43	44	58	43	42	51	45	31	31	60	62
Y_Contig_135	461036	45	16	39	27	20	30	25	45	28	22	46	37	45	44	58	44	43	51	44	31	31	59	62
Y_Contig_135	461037	45	17	39	28	20	31	25	45	28	22	45	38	45	44	59	44	43	51	44	31	31	58	62
Y_Contig_135	461038	45	18	39	28	18	31	25	45	28	22	42	38	44	42	59	44	42	51	43	31	31	58	61
Y_Contig_135	461039	46	18	39	28	18	31	26	46	28	22	42	38	44	43	58	44	42	51	43	32	32	58	61
Y_Contig_135	461040	45	18	40	28	18	31	26	46	29	23	44	36	45	43	58	44	42	52	43	32	32	59	61
Y_Contig_135	461041	46	18	40	28	18	31	26	45	29	23	44	36	44	44	58	43	43	52	43	32	31	58	60
Y_Contig_135	461042	45	19	40	28	18	31	26	46	29	23	43	38	44	45	58	44	43	51	44	32	32	58	60
Y_Contig_135	461043	45	19	40	28	18	30	27	46	29	23	43	37	45	45	58	44	43	51	44	33	32	59	60
Y_Contig_135	461044	45	20	41	28	19	30	27	45	28	23	43	37	45	45	58	44	43	51	43	33	32	60	59
Y_Contig_135	461045	45	20	41	28	19	30	27	45	28	22	43	37	43	45	59	44	43	50	43	33	32	60	59
Y_Contig_135	461046	45	20	41	28	19	30	27	45	28	22	43	37	43	44	57	43	44	50	42	33	32	60	60
Y_Contig_135	461047	45	20	42	28	19	30	26	45	28	22	43	36	45	44	56	40	44	53	42	33	32	60	59
Y_Contig_135	461048	45	20	42	28	19	30	26	45	30	22	43	36	45	44	56	40	46	52	43	33	32	60	59
Y_Contig_135	461049	44	20	42	27	19	30	26	46	30	22	43	36	44	43	56	40	46	52	43	33	33	60	59
Y_Contig_135	461050	44	20	42	27	18	30	26	45	30	22	43	36	44	44	56	40	46	52	43	33	33	58	59
Y_Contig_135	461051	42	20	41	29	18	31	26	47	30	22	43	36	43	45	57	40	45	52	44	33	33	59	59
Y_Contig_135	461052	42	20	41	29	18	32	26	47	30	22	43	36	43	46	56	39	45	52	44	31	32	57	58
Y_Contig_135	481958	26	30	26	19	30	31	28	31	42	36	43	32	44	35	40	35	42	35	34	34	29	36	24
Y_Contig_135	481959	26	30	26	19	28	31	28	32	42	36	44	33	43	35	40	35	42	35	34	33	30	35	24
Y_Contig_135	481960	25	30	26	19	28	31	27	32	42	36	44	33	43	35	40	36	42	35	34	34	30	34	24
Y_Contig_135	481961	24	30	26	18	27	31	27	32	42	36	44	33	41	35	40	35	41	35	33	34	30	33	25
Y_Contig_135	481962	26	29	26	19	27	31	27	33	43	37	44	32	41	35	39	35	41	35	33	35	30	35	25
Y_Contig_135	481963	26	30	26	19	27	32	27	33	43	37	44	32	41	35	38	34	41	35	34	35	30	35	25
Y_Contig_135	481964	26	30	26	19	28	31	27	33	43	37	44	32	40	35	39	34	41	35	34	34	30	35	25
Y_Contig_135	481965	26	30	26	19	28	31	27	33	43	37	44	32	40	35	39	34	42	34	34	35	30	35	25
Y_Contig_135	481966	26	29	26	19	28	31	27	36	43	37	42	33	40	35	39	34	42	34	35	38	30	36	25
Y_Contig_135	481967	26	29	26	19	28	31	27	36	42	38	44	34	39	34	40	34	42	34	37	38	30	36	25
Y_Contig_135	481968	27	29	26	19	28	31	27	36	42	39	44	34	39	34	40	35	42	34	37	38	30	36	26
Y_Contig_135	481969	27	29	26	20	28	31	27	37	43	41	44	35	39	33	40	35	42	35	37	38	30	38	26
Y_Contig_135	481970	27	29	26	20	28	31	27	35	43	41	44	35	39	33	39	34	41	34	37	36	30	37	26
Y_Contig_135	481971	26	29	26	21	28	31	26	35	44	40	44	36	39	33	40	34	41	33	38	38	29	37	26
Y_Contig_135	481972	26	29	26	22	28	31	27	36	44	38	45	37	39	32	40	34	40	35	39	38	29	37	26
Y_Contig_135	481973	27	29	26	22	28	31	27	36	44	38	45	36	40	32	40	35	40	35	39	37	29	37	27
Y_Contig_135	481974	27	29	26	22	28	31	27	37	44	37	43	36	40	32	40	35	40	35	39	37	29	38	27
Y_Contig_135	481975	28	29	26	22	28	30	27	36	43	37	44	36	41	32	40	35	40	35	39	37	29	38	27
Y_Contig_135	481976	27	29	26	23	27	30	27	35	43	37	43	36	41	34	40	35	40	33	39	36	29	39	27
Y_Contig_135	481977	26	29	27	23	27	30	27	35	42	36	43	35	41	32	40	34	41	34	38	36	30	39	27
Y_Contig_135	481978	26	29	27	23	27	30	27	35	42	35	43	36	40	32	38	34	39	33	38	36	29	38	27
Y_Contig_135	481979	26	29	27	23	27	30	27	35	41	35	44	36	40	31	38	35	38	33	39	36	29	40	27
Y_Contig_135	481980	27	29	27	23	28	30	27	35	41	35	44	36	40	32	38	35	39	33	39	36	30	40	27
Y_Contig_135	481981	27	28	27	23	30	32	27	35	41	35	43	36	40	32	38	35	39	34	39	36	30	39	27
Y_Contig_135	481982	28	28	27	23	30	32	27	35	41	35	43	36	40	32	38	35	39	34	39	37	30	41	27
Y_Contig_135	481983	28	28	28	23	30	32	27	35	41	35	43	37	40	32	38	36	38	34	40	37	30	41	27
Y_Contig_135	481984	28	28	28	23	30	32	27	34	41	35	43	37	40	32	39	36	38	34	39	37	29	41	28
Y_Contig_135	481985	28	28	28	23	30	32	27	34	41	34	43	37	40	32	39	37	38	34	39	37	29	41	27
Y_Contig_135	481986	27	28	28	23	30	32	29	34	40	34	43	37	40	31	39	37	38	34	38	37	29	40	27
Y_Contig_135	481987	28	28	28	23	31	32	29	34	39	34	44	37	41	31	38	36	38	35	38	39	29	41	29
Y_Contig_135	481988	29	28	28	24	31	32	30	33	40	34	45	36	41	31	38	35	38	35	38	39	30	41	30
Y_Contig_135	481989	29	28	28	24	31	32	30	33	39	34	45	37	41	32	38	35	38	35	38	39	32	41	30
Y_Contig_135	481990	30	28	28	23	31	32	30	33	38	33	45	37	40	32	38	34	38	35	38	39	33	41	29
Y_Contig_135	481991	30	28	28	23	32	32	30	34	37	34	45	37	40	32	38	34	37	35	38	39	32	40	30
Y_Contig_135	481992	30	28	28	22	32	32	30	34	37	34	45	37	40	32	38	33	37	34	39	39	32	40	31
Y_Contig_135	481993	30	28	28	21	32	32	30	34	37	36	46	38	39	32	38	33	37	34	39	39	32	40	32
Y_Contig_135	481994	30	28	28	21	32	32	30	32	36	35	46	38	39	32	39	33	37	34	41	39	32	42	32
Y_Contig_135	481995	31	27	27	21	31	30	30	34	37	35	44	38	39	32	39	33	37	34	41	40	32	43	32
Y_Contig_135	481996	31	27	28	22	31	30	30	34	36	35	45	38	39	32	40	33	37	34	40	40	32	43	33
Y_Contig_135	481997	31	28	28	22	31	30	30	34	36	32	46	38	39	31	40	33	38	34	38	40	32	43	33
Y_Contig_135	481998	30	28	27	21	31	29	30	34	36	31	46	38	38	31	40	33	38	34	37	40	32	42	33
Y_Contig_135	481999	30	28	27	21	31	30	29	34	37	31	45	37	38	31	40	32	38	34	37	40	32	42	33
Y_Contig_135	482000	29	28	26	21	31	30	28	34	37	31	45	37	38	31	40	32	38	35	37	40	32	42	34
Y_Contig_135	482001	29	28	26	21	30	30	28	33	37	31	46	38	38	31	40	32	38	35	38	41	33	42	34
Y_Contig_135	482002	30	28	25	22	30	30	28	33	36	31	46	38	38	30	40	32	38	35	38	41	33	41	34
Y_Contig_135	482003	28	28	25	22	30	30	29	33	36	31	46	39	36	30	40	33	39	34	38	41	33	41	34
Y_Contig_135	482004	30	27	25	22	30	30	29	33	36	31	46	39	36	30	40	32	38	34	38	41	33	41	33
Y_Contig_135	482005	30	25	24	22	30	30	28	33	38	31	46	38	35	30	40	32	37	34	38	41	32	41	34
Y_Contig_135	482006	31	25	25	22	30	30	28	33	38	32	46	37	35	29	39	32	37	34	38	40	32	41	34
Y_Contig_135	482007	31	24	25	22	30	30	28	33	38	32	45	37	34	29	39	32	36	35	38	41	32	41	35
Y_Contig_135	482008	30	25	26	23	29	30	27	33	38	32	44	36	34	29	39	32	36	35	37	40	32	41	35
Y_Contig_135	482009	30	25	26	24	29	30	26	33	37	32	44	36	34	29	39	33	36	35	37	40	32	40	35
Y_Contig_135	482010	29	25	26	24	29	30	26	34	37	32	44	36	34	29	39	33	36	35	35	40	33	40	35
Y_Contig_135	482011	29	25	26	24	30	30	26	35	37	35	46	36	35	28	38	32	35	36	35	41	34	40	36
Y_Contig_135	482012	28	25	27	24	30	30	26	36	37	35	46	37	36	28	37	32	35	37	35	41	34	41	37
Y_Contig_135	482013	30	25	27	24	30	29	26	37	37	35	45	37	36	29	37	32	36	37	35	41	34	41	35
Y_Contig_135	482014	30	24	27	25	30	29	25	37	37	34	44	38	36	27	37	32	36	36	34	40	34	41	35
Y_Contig_135	482015	30	24	27	25	30	28	25	38	37	34	44	38	37	27	37	33	36	37	34	40	34	42	35
Y_Contig_135	482016	30	24	27	25	30	28	24	38	36	34	42	37	37	28	37	33	36	37	34	40	34	42	35
Y_Contig_135	482017	30	24	27	24	30	28	23	38	35	33	42	37	37	28	37	33	37	38	34	40	34	42	35
Y_Contig_135	482018	31	24	27	24	30	28	23	38	35	33	43	38	37	28	37	33	37	38	34	40	33	42	35
Y_Contig_135	482019	33	24	26	24	31	28	23	38	35	33	45	38	37	28	37	35	38	38	34	40	33	43	35
Y_Contig_135	482020	33	24	26	24	29	28	22	39	35	33	43	36	34	28	39	34	35	36	33	41	34	42	34
Y_Contig_135	482021	33	24	26	24	29	28	22	39	36	33	43	36	34	28	41	34	36	37	34	41	34	43	33
Y_Contig_135	482022	33	24	26	24	28	28	22	40	37	33	44	36	35	29	41	34	36	38	33	41	33	45	33
Y_Contig_135	482023	33	23	26	24	29	28	21	40	37	33	45	36	35	29	40	34	36	38	33	39	33	45	36
Y_Contig_135	482024	33	23	25	24	29	28	21	40	36	32	44	36	34	29	40	34	36	39	34	39	33	46	36
Y_Contig_135	482025	33	24	24	25	29	27	21	41	37	32	44	36	35	27	40	35	38	39	33	41	33	46	36
Y_Contig_135	482026	33	24	25	25	30	27	21	41	37	32	43	36	35	27	40	33	37	40	33	42	33	45	35
Y_Contig_135	482027	33	23	26	25	29	27	22	41	38	32	43	36	35	27	40	33	35	40	33	42	33	47	35
Y_Contig_135	482028	33	23	26	25	27	27	22	41	38	32	44	36	35	27	39	33	35	40	33	42	33	47	34
Y_Contig_135	482029	34	23	27	25	27	27	22	41	38	33	45	37	36	26	39	33	35	40	33	42	33	46	33
Y_Contig_135	482030	34	24	26	26	28	27	22	41	39	32	45	37	36	26	39	33	35	40	33	41	34	46	34
Y_Contig_135	482031	34	24	25	26	27	28	23	42	39	31	45	37	37	26	39	32	34	40	34	41	34	47	33
Y_Contig_135	482032	34	22	25	26	26	27	24	42	40	31	45	37	36	25	39	32	34	40	34	41	34	47	33
Y_Contig_135	482033	34	21	25	27	26	28	25	41	40	31	45	38	36	26	39	33	35	40	34	41	34	48	33
Y_Contig_135	482034	36	21	25	27	27	29	25	41	40	31	46	38	36	26	38	33	35	40	34	41	34	48	33
Y_Contig_135	492567	38	31	29	26	30	30	39	42	29	33	44	40	40	29	41	49	45	48	35	31	23	48	40
Y_Contig_135	492568	38	31	29	26	30	29	39	42	30	34	44	41	40	29	41	49	45	48	35	30	23	48	39
Y_Contig_135	492569	37	30	29	25	31	29	39	42	30	34	44	41	40	29	41	48	45	48	35	30	23	48	40
Y_Contig_135	492570	37	31	29	25	31	31	38	42	31	35	43	39	40	29	41	48	44	49	36	30	22	47	40
Y_Contig_135	492571	37	30	28	25	31	31	38	42	31	35	44	38	40	31	41	48	43	49	36	30	23	47	39
Y_Contig_135	492572	36	30	28	25	31	31	39	42	32	35	46	38	40	30	41	49	43	49	37	31	23	47	42
Y_Contig_135	492573	36	30	28	25	30	31	39	42	31	35	45	38	40	30	42	48	43	48	37	31	23	47	42
Y_Contig_135	492574	36	30	28	25	30	30	39	41	31	35	45	38	40	30	42	48	43	47	37	29	23	47	42
Y_Contig_135	492575	36	30	29	24	29	29	39	41	31	35	45	39	43	32	42	49	44	46	35	29	24	49	43
Y_Contig_135	492576	36	31	29	24	29	28	40	41	31	35	44	40	43	32	43	47	44	45	34	29	24	48	44
Y_Contig_135	492577	37	31	29	24	29	29	40	41	31	35	44	40	43	32	43	46	44	46	34	29	24	49	44
Y_Contig_135	492578	36	31	29	24	29	29	40	41	30	36	45	40	43	33	43	46	44	46	34	29	25	49	44
Y_Contig_135	492579	36	31	28	24	28	29	41	40	30	36	45	40	43	33	43	46	44	45	34	30	25	48	44
Y_Contig_135	492580	36	31	27	24	28	29	41	40	30	37	45	40	44	33	42	46	45	45	34	30	25	50	44
Y_Contig_135	492581	35	31	27	24	28	29	40	40	30	37	45	40	44	33	42	49	46	45	34	30	24	50	44
Y_Contig_135	492582	35	30	27	24	27	28	40	40	30	37	45	40	44	33	41	48	46	45	34	30	24	49	45
Y_Contig_135	492583	35	30	27	24	27	28	40	40	30	37	45	39	44	33	41	48	46	46	34	30	24	50	45
Y_Contig_135	492584	34	30	26	24	28	28	40	40	30	36	45	40	44	33	41	48	46	46	34	29	23	50	45
Y_Contig_135	492585	34	30	26	24	29	28	40	40	30	36	45	41	44	33	41	49	45	45	34	30	23	50	45
Y_Contig_135	492586	34	30	26	24	29	28	40	39	31	37	45	41	42	33	42	49	45	45	34	30	23	50	45
Y_Contig_135	492587	33	29	26	24	29	27	40	39	30	37	46	41	39	33	42	49	45	45	34	30	23	49	45
Y_Contig_135	492588	34	31	25	24	28	27	42	38	30	37	44	39	38	33	43	50	45	45	33	30	23	50	45
Y_Contig_135	492589	34	31	25	24	27	27	43	38	31	37	45	39	38	33	43	50	45	45	33	30	23	50	45
Y_Contig_135	492590	34	31	25	24	27	27	44	38	31	37	45	39	38	33	43	50	45	45	34	30	23	49	45
Y_Contig_135	492591	33	31	25	24	27	27	45	39	31	38	45	38	38	33	43	51	45	46	34	31	24	49	45
Y_Contig_135	492592	33	31	26	24	27	26	45	39	32	38	46	37	37	33	44	51	44	46	33	31	23	48	45
Y_Contig_135	492593	33	31	26	24	27	26	45	39	34	38	46	37	37	33	43	52	44	46	32	31	21	47	44
Y_Contig_135	492594	31	31	25	24	28	26	45	39	33	38	47	37	37	33	43	52	44	47	32	31	21	47	44
Y_Contig_135	492595	31	31	25	23	28	26	45	39	33	38	47	37	37	32	43	51	44	47	32	31	21	45	45
Y_Contig_135	492596	31	31	25	23	28	26	45	38	33	38	47	37	37	32	44	51	45	47	31	30	21	46	45
Y_Contig_135	492597	31	32	25	23	28	26	45	39	33	37	48	37	36	32	44	50	45	47	31	30	21	45	46
Y_Contig_135	492598	31	32	25	23	28	26	45	40	33	37	48	37	36	32	44	50	45	47	31	30	20	45	44
Y_Contig_135	492599	31	32	24	23	28	26	45	40	32	38	48	38	36	33	43	50	45	46	30	31	20	45	44
Y_Contig_135	492600	31	32	25	24	28	26	45	41	32	37	48	38	37	34	43	50	45	46	30	31	20	45	43
Y_Contig_135	492601	31	32	25	24	28	26	45	43	32	37	48	37	37	34	43	50	44	46	30	31	21	45	43
Y_Contig_135	492602	31	32	25	24	28	26	44	43	32	37	48	36	37	33	43	49	43	46	30	30	21	44	43
Y_Contig_135	492603	31	33	25	23	27	26	43	43	31	37	48	36	38	33	43	49	41	46	31	30	21	45	43
Y_Contig_135	492604	31	33	25	23	27	26	42	43	30	37	48	36	37	33	43	48	40	46	31	30	21	43	43
Y_Contig_135	492605	31	33	26	24	26	25	43	43	29	36	48	36	37	33	43	48	41	46	31	31	21	43	41
Y_Contig_135	492606	31	32	26	24	26	24	44	43	29	36	47	36	36	33	43	47	39	45	30	31	21	43	40
Y_Contig_135	492607	31	32	26	24	27	25	43	43	30	37	47	35	37	32	43	47	37	45	30	32	21	43	41
Y_Contig_135	492608	32	32	26	23	27	26	42	43	30	37	46	34	37	32	44	46	37	45	30	32	21	43	40
Y_Contig_135	492609	33	33	26	23	27	26	43	43	30	37	45	35	37	32	44	47	36	45	30	32	21	43	41
Y_Contig_135	492610	34	32	26	23	27	27	42	43	30	37	44	34	36	32	43	47	36	46	29	31	20	41	42
Y_Contig_135	492611	33	32	26	23	27	27	43	43	29	37	44	34	35	31	44	44	36	44	30	31	20	41	42
Y_Contig_135	492612	32	32	25	23	27	27	43	43	29	37	45	35	35	32	44	44	36	44	28	31	20	41	41
Y_Contig_135	492613	31	31	24	23	27	26	44	43	29	36	43	35	34	33	44	44	38	44	29	30	21	42	41
Y_Contig_135	492614	31	31	23	23	29	26	43	43	29	35	43	35	34	33	44	45	39	43	29	30	21	42	41
Y_Contig_135	492615	32	31	22	23	29	26	42	43	28	36	43	35	33	33	44	45	39	43	28	29	21	43	40
Y_Contig_135	492616	31	31	22	24	29	26	43	43	28	37	43	34	33	33	44	44	38	43	28	29	21	44	40
Y_Contig_135	492617	31	31	22	24	29	26	43	44	28	37	42	34	33	33	44	44	38	42	28	29	21	45	39
Y_Contig_135	492618	31	31	22	24	29	27	43	44	28	36	41	34	33	32	44	44	38	42	28	29	21	45	41
Y_Contig_135	492619	31	31	22	24	29	27	43	43	28	36	41	34	32	32	44	43	37	42	28	29	21	44	40
Y_Contig_135	492620	32	31	22	26	28	27	44	44	28	36	41	35	34	32	45	43	37	42	28	29	21	44	39
Y_Contig_135	492621	32	31	22	26	27	28	43	46	28	36	41	35	34	32	46	43	37	41	28	28	20	44	39
Y_Contig_135	492622	32	30	23	26	26	27	43	45	28	37	41	36	34	32	45	43	37	41	27	28	20	42	39
Y_Contig_135	492623	31	30	23	26	26	27	44	45	27	38	41	37	34	32	45	43	36	40	26	27	20	41	40
Y_Contig_135	492624	31	30	23	26	26	27	44	45	27	39	41	37	34	32	45	43	36	41	26	27	20	41	40
Y_Contig_135	492625	31	30	24	26	29	28	44	45	28	39	41	38	34	32	45	41	36	41	26	27	20	42	41
Y_Contig_135	492626	31	31	24	26	29	28	45	45	29	38	40	39	34	32	46	41	36	41	26	27	20	42	43
Y_Contig_135	492627	31	32	23	26	29	28	45	46	31	38	40	39	32	33	46	41	35	41	26	26	21	42	44
Y_Contig_135	492628	30	33	23	26	29	28	45	46	31	39	38	39	33	34	46	41	35	42	27	27	22	44	45
Y_Contig_135	492629	30	33	23	26	29	28	46	46	30	37	38	40	33	33	46	41	35	41	26	27	22	44	44
Y_Contig_135	492630	30	33	23	26	28	28	46	47	31	37	38	41	35	33	46	42	34	41	26	29	21	44	44
Y_Contig_135	492631	30	33	23	26	28	28	46	46	31	36	38	41	35	33	47	42	34	41	26	31	21	44	44
Y_Contig_135	492632	31	33	23	26	28	28	46	47	31	36	38	41	35	33	47	45	35	41	27	33	21	44	44
Y_Contig_135	492633	31	33	23	27	28	28	46	47	30	36	38	42	35	33	47	44	34	40	27	33	21	44	44
Y_Contig_135	492634	31	33	23	27	28	28	46	45	30	37	38	42	35	34	46	44	34	40	27	34	22	43	44
Y_Contig_135	492635	31	33	22	28	28	28	46	44	30	37	39	42	35	35	44	45	34	40	26	34	22	43	46
Y_Contig_135	492636	31	33	21	28	29	28	46	45	31	38	39	42	35	35	43	45	34	38	26	34	22	44	46
Y_Contig_135	492637	31	33	21	28	29	27	47	45	31	37	39	41	36	35	44	45	34	38	26	34	22	45	46
Y_Contig_135	492638	32	33	23	27	29	27	51	45	31	38	40	42	36	35	44	45	34	38	27	34	22	46	46
Y_Contig_135	492639	32	35	23	27	28	27	51	45	31	38	41	44	36	35	44	44	34	38	27	35	22	46	47
Y_Contig_135	492640	32	37	23	27	28	27	50	44	31	38	41	44	36	36	44	45	34	38	27	35	23	46	47
Y_Contig_135	492641	32	36	23	27	29	27	50	44	31	38	41	44	37	36	44	45	35	38	27	35	23	47	47
Y_Contig_135	492642	31	36	23	26	28	27	49	44	30	37	41	43	37	36	45	44	35	38	27	35	23	47	47
Y_Contig_135	492643	29	36	23	27	28	27	49	44	30	38	41	43	36	36	43	44	35	38	26	34	24	48	47
Y_Contig_135	492644	28	36	23	28	28	28	49	44	30	39	41	42	38	35	43	44	35	38	26	33	26	48	47
Y_Contig_135	492645	27	35	23	29	28	29	49	44	31	39	41	41	38	35	44	44	35	38	26	34	26	48	46
Y_Contig_135	492646	30	35	23	29	28	29	48	44	31	39	40	41	38	34	45	44	36	38	26	34	26	48	47
Y_Contig_135	492647	30	34	23	29	27	29	49	44	31	39	39	41	37	33	44	41	37	38	25	33	25	49	48
Y_Contig_135	492648	30	34	23	29	27	30	49	44	31	39	39	41	37	34	44	41	38	37	26	33	25	48	46
Y_Contig_135	492649	30	34	23	28	27	30	49	43	31	38	39	41	38	35	44	41	38	36	26	34	25	48	46
Y_Contig_135	492650	30	35	23	28	27	31	49	44	31	38	39	41	37	34	44	41	38	36	25	34	25	49	46
Y_Contig_135	492651	30	34	23	28	27	31	48	44	31	39	39	40	37	34	44	41	37	36	24	34	26	49	47
Y_Contig_135	492652	31	36	23	29	27	31	48	44	32	39	39	40	38	34	43	42	37	36	24	34	26	49	47
Y_Contig_135	492653	31	36	23	30	26	31	48	46	32	40	39	40	38	34	43	41	37	36	24	33	26	48	48
Y_Contig_135	492654	31	37	23	28	26	31	48	46	32	39	39	40	38	34	43	41	39	36	24	33	26	47	48
Y_Contig_135	492655	31	35	23	28	26	31	48	43	33	39	38	40	38	35	42	39	39	34	24	33	26	45	48
Y_Contig_135	492656	31	35	23	28	26	32	48	40	33	39	37	43	38	35	42	39	39	35	23	34	26	45	48
Y_Contig_135	492657	31	35	23	28	26	30	48	40	33	40	37	43	38	33	42	39	38	36	22	34	27	41	48
Y_Contig_135	492658	31	35	23	28	26	30	48	40	33	41	37	43	38	34	43	39	38	36	22	34	28	41	49
Y_Contig_135	492659	31	36	23	28	26	30	48	40	33	42	37	43	38	34	43	39	38	35	22	33	28	40	50
Y_Contig_135	492660	31	36	24	28	26	30	48	40	33	41	38	43	38	34	43	40	38	35	22	33	28	40	50
Y_Contig_135	492661	31	37	26	28	26	30	48	38	32	41	38	43	37	35	41	39	36	35	21	32	28	40	47
Y_Contig_135	492662	31	37	26	27	26	31	49	39	33	41	38	43	37	35	41	39	37	35	20	32	28	40	49
Y_Contig_135	492663	32	37	26	27	26	31	49	39	33	42	38	43	37	35	41	39	37	35	21	33	28	41	49
Y_Contig_135	492664	32	37	27	27	26	31	49	39	33	42	38	45	37	35	42	39	37	36	22	33	29	41	50
Y_Contig_135	492665	31	37	27	26	26	31	48	37	33	43	38	45	37	35	43	40	35	34	22	33	29	42	49
Y_Contig_135	492666	30	36	25	26	26	31	48	37	32	41	38	44	37	35	42	39	32	33	22	33	28	43	49
Y_Contig_135	492667	31	35	25	26	26	31	48	37	32	40	37	41	37	34	42	39	32	33	22	33	28	43	49
Y_Contig_135	492668	31	36	25	26	26	31	49	36	32	40	37	42	37	35	41	39	32	34	22	34	28	43	49
Y_Contig_135	492669	30	36	23	27	27	31	47	36	32	40	38	43	37	36	42	40	32	32	22	34	27	43	49
Y_Contig_135	492670	29	36	23	27	27	32	47	36	32	40	37	42	37	34	42	40	33	33	23	34	27	44	49
