Y_Contig_135	577710	41	34	26	20	24	20	29	45	28	37	33	42	35	27	41	31	35	42	41	28	25	40	45
Y_Contig_135	577711	42	34	27	21	26	20	29	45	28	37	33	41	35	27	41	31	35	40	40	28	27	40	46
Y_Contig_135	577712	43	34	27	21	27	20	30	46	29	37	33	41	35	27	41	32	34	41	40	30	27	39	46
Y_Contig_135	577713	43	34	27	21	27	20	30	45	29	37	33	40	35	27	41	32	33	41	39	30	27	38	46
Y_Contig_135	577714	44	34	27	21	27	20	30	44	29	36	33	40	36	27	41	32	33	42	39	29	27	38	46
Y_Contig_135	577715	44	34	27	21	28	20	33	44	29	36	34	41	36	27	41	31	34	42	39	30	27	39	46
Y_Contig_135	577716	45	35	27	21	28	20	33	45	30	36	35	41	36	27	41	31	34	42	39	31	27	39	46
Y_Contig_135	577717	45	35	27	21	29	20	33	45	30	36	36	41	36	27	42	31	35	42	39	30	26	39	46
Y_Contig_135	577718	45	35	27	21	29	19	33	45	30	37	36	41	35	27	42	31	35	42	39	31	26	40	46
Y_Contig_135	577719	44	36	27	21	29	19	33	46	30	36	36	40	35	26	42	31	36	41	38	31	27	38	46
Y_Contig_135	577720	44	37	28	21	29	19	33	47	30	36	36	40	35	26	41	31	35	42	38	31	26	38	46
Y_Contig_135	577721	43	37	29	21	29	19	34	47	31	36	37	40	35	27	41	30	35	42	38	31	25	38	46
Y_Contig_135	577722	43	37	29	21	28	19	34	46	31	36	37	41	36	27	40	30	34	43	37	31	26	38	46
Y_Contig_135	577723	43	37	29	21	28	19	34	46	31	36	37	41	36	28	39	30	34	41	37	32	26	38	46
Y_Contig_135	577724	42	37	29	21	29	19	34	45	31	36	39	41	36	28	39	31	34	40	38	32	26	36	46
Y_Contig_135	577725	41	37	29	21	29	19	34	45	31	36	39	41	36	28	39	31	34	40	39	32	26	36	46
Y_Contig_135	577726	40	36	30	21	29	18	34	46	31	37	40	41	36	27	39	31	34	41	39	33	26	36	47
Y_Contig_135	577727	40	36	30	21	29	18	34	46	31	37	40	41	36	27	38	32	34	41	39	33	26	36	47
Y_Contig_135	577728	41	36	30	21	28	18	34	46	31	37	41	41	37	28	38	32	34	41	40	31	25	36	47
Y_Contig_135	577729	41	36	30	21	28	19	34	46	31	37	41	42	36	28	38	33	34	41	41	31	25	35	48
Y_Contig_135	577730	41	36	29	21	28	19	34	46	31	36	41	42	37	30	37	35	34	42	41	31	25	35	48
Y_Contig_135	577731	41	36	29	21	28	18	35	46	31	35	41	42	37	30	37	36	35	42	41	31	26	35	48
Y_Contig_135	577732	42	36	30	21	28	18	36	47	31	35	41	42	37	30	37	36	35	43	41	32	26	35	48
Y_Contig_135	577733	42	35	30	21	28	18	36	47	31	35	41	42	38	30	37	36	37	43	41	32	26	35	49
Y_Contig_135	577734	41	35	29	22	27	18	36	47	31	35	41	42	38	30	38	36	37	43	41	32	25	35	49
Y_Contig_135	577735	42	34	29	21	27	18	36	47	31	34	41	42	38	30	39	36	38	43	40	32	25	34	50
Y_Contig_135	577736	42	34	29	21	26	18	36	46	31	34	41	42	38	29	40	36	38	44	40	32	25	34	51
Y_Contig_135	577737	42	34	28	21	26	18	36	46	31	34	41	42	38	29	40	36	38	44	40	33	25	34	51
Y_Contig_135	577738	42	34	28	20	26	18	36	46	31	34	42	42	38	29	39	36	38	44	40	33	25	34	51
Y_Contig_135	577739	42	34	28	20	26	17	36	47	31	34	44	42	38	29	39	36	38	44	40	33	25	34	52
Y_Contig_135	577740	41	34	28	21	25	17	35	47	31	34	43	41	38	29	38	36	38	44	38	33	25	33	51
Y_Contig_135	577741	41	33	28	21	25	17	35	46	31	34	43	41	38	30	38	36	39	45	37	33	25	33	51
Y_Contig_135	577742	42	32	29	22	25	17	36	47	31	34	43	42	39	30	38	35	38	43	38	34	25	32	50
Y_Contig_135	577743	42	30	29	22	24	17	36	47	31	34	43	42	39	30	38	35	38	43	38	35	25	32	51
Y_Contig_135	577744	41	30	29	22	24	17	36	46	29	34	43	42	39	30	39	35	38	42	37	36	26	33	52
Y_Contig_135	577745	41	31	29	22	25	17	36	46	29	34	43	42	39	30	39	35	38	42	38	37	26	34	52
Y_Contig_135	577746	41	32	29	22	25	17	36	46	29	34	44	43	39	29	38	35	38	42	38	38	27	34	52
Y_Contig_135	577747	41	32	29	22	25	18	36	46	30	34	44	44	41	29	38	35	38	42	38	38	27	34	52
Y_Contig_135	577748	39	32	29	21	25	18	36	45	31	33	43	44	41	28	39	35	38	43	38	38	26	34	52
Y_Contig_135	577749	39	32	29	21	25	18	36	45	31	33	43	44	41	28	39	35	38	41	38	39	26	34	53
Y_Contig_135	577750	39	32	29	21	26	18	36	44	30	33	43	44	40	28	39	35	38	41	37	40	26	36	53
Y_Contig_135	577751	39	32	29	21	26	18	36	45	30	32	43	45	40	28	41	35	39	41	37	40	26	36	53
Y_Contig_135	577752	39	32	29	21	26	18	36	46	30	32	43	45	41	27	41	35	39	41	37	39	27	35	53
Y_Contig_135	577753	39	32	29	21	26	18	36	46	30	32	43	44	41	27	42	35	39	41	37	39	28	36	53
Y_Contig_135	577754	39	31	29	21	26	18	35	46	29	31	43	45	41	26	42	35	38	42	37	39	27	36	52
Y_Contig_135	577755	39	31	29	21	26	18	35	46	29	31	43	45	41	26	41	35	38	42	37	39	27	37	52
Y_Contig_135	577756	40	30	29	21	26	18	35	45	29	31	42	46	41	26	41	35	38	42	37	38	27	38	52
Y_Contig_135	577757	40	30	29	21	26	18	35	45	29	31	43	46	41	26	41	35	38	42	38	38	27	38	51
Y_Contig_135	577758	40	31	28	20	25	18	35	45	29	31	43	46	41	26	42	34	38	42	38	39	28	39	51
Y_Contig_135	577759	39	31	28	21	25	18	34	45	29	31	43	46	39	26	41	34	38	42	39	39	28	39	51
Y_Contig_135	577760	39	32	28	22	25	19	34	45	29	31	43	46	39	25	41	35	38	42	38	39	28	38	51
Y_Contig_135	577761	39	32	28	22	25	20	33	46	30	30	42	46	39	25	42	38	38	42	38	39	28	38	51
Y_Contig_135	577762	39	32	28	22	25	20	32	46	30	30	42	47	38	24	42	37	38	40	39	39	28	38	49
Y_Contig_135	577763	39	32	28	22	25	20	32	47	30	30	42	47	38	24	42	37	38	40	39	40	28	38	49
Y_Contig_135	577764	39	32	28	22	25	20	32	47	30	30	43	48	37	24	42	36	38	40	39	40	28	38	50
Y_Contig_135	577765	39	31	28	22	25	20	30	47	30	30	43	48	37	24	42	35	38	39	39	40	28	38	51
Y_Contig_135	577766	39	31	28	22	25	20	29	47	31	29	42	48	37	25	43	35	39	38	39	40	28	38	51
Y_Contig_135	577767	39	31	27	22	25	20	29	47	32	29	42	48	37	25	43	35	39	37	39	40	28	38	51
Y_Contig_135	577768	42	31	27	22	26	22	29	49	32	29	42	49	37	27	44	35	39	37	38	41	28	38	50
Y_Contig_135	577769	42	31	27	22	26	22	29	49	32	29	42	49	37	27	44	35	39	37	38	41	28	38	50
Y_Contig_135	577770	43	31	28	22	27	22	28	49	32	29	42	51	37	27	44	35	39	35	36	41	29	39	47
Y_Contig_135	577771	43	33	29	22	27	22	28	50	32	29	42	51	37	27	43	35	39	35	37	40	29	39	47
Y_Contig_135	577772	43	33	29	22	27	22	28	50	32	28	42	51	37	27	43	35	39	35	37	40	30	39	47
Y_Contig_135	577773	43	33	29	22	27	23	28	50	33	29	41	51	36	27	44	37	38	35	36	42	31	39	48
Y_Contig_135	577774	42	33	29	22	27	24	28	50	33	29	42	51	36	29	44	37	39	35	36	42	31	39	47
Y_Contig_135	577775	40	33	29	22	27	24	28	50	33	29	42	50	36	29	43	37	39	35	37	42	31	39	48
Y_Contig_135	577776	40	33	29	23	28	24	26	50	33	28	42	50	37	29	44	38	40	35	36	41	31	41	48
Y_Contig_135	577777	40	33	29	23	29	24	26	50	33	29	43	50	37	30	44	38	41	35	36	41	29	41	48
Y_Contig_135	577778	39	32	29	24	29	24	26	50	33	29	43	50	36	30	44	38	40	36	36	39	28	41	48
Y_Contig_135	577779	37	31	29	24	29	24	26	49	33	29	41	50	36	30	43	37	40	36	36	39	28	40	48
Y_Contig_135	577780	38	30	29	24	29	24	26	49	33	29	41	49	36	30	43	37	40	36	36	39	28	40	48
Y_Contig_135	577781	38	30	30	24	29	24	25	48	34	28	41	49	37	30	42	36	40	36	35	39	28	40	48
Y_Contig_135	577782	38	29	31	24	30	24	24	49	34	27	41	49	38	30	43	36	40	37	36	39	28	41	48
Y_Contig_135	577783	39	29	31	25	31	24	24	50	33	26	40	49	37	29	43	36	40	37	36	38	27	42	48
Y_Contig_135	577784	39	29	31	25	32	25	24	52	33	27	40	49	36	29	44	36	40	37	36	38	27	42	48
Y_Contig_135	577785	38	29	30	25	31	25	23	52	33	27	40	49	35	29	44	35	39	37	36	38	27	41	49
Y_Contig_135	577786	38	29	29	24	30	25	23	50	33	28	40	49	35	29	42	35	39	37	35	38	26	41	48
Y_Contig_135	577787	37	29	29	24	30	25	22	50	33	26	40	49	35	29	42	35	39	38	35	38	26	41	47
Y_Contig_135	577788	38	30	28	24	31	25	22	49	34	26	40	49	35	29	42	35	39	37	35	38	28	41	47
Y_Contig_135	577789	38	30	28	25	31	25	22	48	34	27	39	48	36	29	43	35	38	37	35	39	28	41	48
Y_Contig_135	577790	38	30	28	26	31	25	22	47	33	29	38	46	37	30	42	35	38	37	34	38	28	40	47
Y_Contig_135	577791	37	30	29	26	31	26	22	47	33	29	38	46	36	30	42	35	38	37	35	38	28	39	46
Y_Contig_135	577792	36	30	29	27	31	27	23	48	34	29	37	46	35	30	41	35	38	38	35	38	28	39	46
Y_Contig_135	577793	36	30	29	27	31	27	23	48	33	28	39	46	35	29	41	34	36	39	36	38	28	39	46
Y_Contig_135	577794	36	30	28	27	32	27	23	48	33	28	39	45	35	30	41	34	36	38	35	37	28	39	46
Y_Contig_135	577795	35	30	28	28	31	27	24	47	33	29	39	46	33	29	41	34	36	38	34	37	28	40	46
Y_Contig_135	577796	35	30	28	28	30	26	24	47	34	29	39	45	33	29	41	34	35	38	35	38	28	40	47
Y_Contig_135	577797	35	30	28	28	30	26	24	47	34	26	40	45	32	29	41	34	35	37	34	38	28	40	47
Y_Contig_135	577798	35	30	28	27	30	26	24	48	34	25	40	43	32	29	41	33	35	37	34	39	29	37	47
Y_Contig_135	577799	34	29	27	27	30	26	24	47	34	25	40	43	31	28	40	34	34	37	34	38	30	36	47
Y_Contig_135	577800	34	29	27	26	29	26	25	47	34	25	40	44	30	28	40	37	34	37	34	38	30	36	47
Y_Contig_135	577801	34	29	27	26	29	26	25	47	34	25	40	44	30	28	41	37	35	37	32	38	30	36	47
Y_Contig_135	577802	34	29	27	26	29	26	27	47	34	25	40	42	30	28	41	37	34	37	32	38	30	36	46
Y_Contig_135	577803	34	29	25	25	29	25	27	47	33	25	41	44	28	29	41	37	34	36	32	37	30	37	46
Y_Contig_135	577804	34	30	25	25	29	25	27	47	33	25	41	44	28	29	41	37	34	36	33	37	30	37	46
Y_Contig_135	577805	34	30	26	25	29	25	27	48	33	25	41	43	28	29	40	37	33	36	33	37	30	37	46
Y_Contig_135	577806	34	28	26	25	29	25	27	48	32	25	41	43	28	28	40	37	32	35	33	36	30	35	47
Y_Contig_135	577807	34	28	26	25	28	25	27	48	34	25	41	43	29	28	40	37	32	35	33	36	32	35	47
Y_Contig_135	577808	34	27	26	26	27	26	27	48	33	24	39	45	29	29	40	37	32	35	33	36	30	34	44
Y_Contig_135	577809	33	27	26	26	27	26	27	48	34	24	40	45	29	30	39	39	33	35	33	37	30	34	44
Y_Contig_135	577810	33	27	26	26	27	26	29	48	34	24	41	45	29	30	39	39	33	35	34	37	30	33	44
Y_Contig_135	577811	33	27	25	25	26	26	30	48	34	24	41	46	29	30	39	39	33	35	34	38	30	33	44
Y_Contig_135	577812	33	28	25	25	25	25	30	46	34	24	38	46	29	30	41	39	33	34	34	38	30	33	43
Y_Contig_135	577813	32	28	26	25	26	26	30	46	33	24	38	43	29	30	39	38	32	33	34	38	30	32	42
Y_Contig_135	577814	31	28	26	25	26	25	31	46	33	25	38	42	29	30	40	37	32	33	34	38	30	32	42
Y_Contig_135	577815	32	28	26	25	26	24	32	46	33	25	38	42	29	31	40	37	33	33	34	39	30	32	41
Y_Contig_135	577816	32	28	26	25	26	24	31	45	33	25	37	42	29	31	40	39	32	31	34	39	30	32	41
Y_Contig_135	577817	33	28	26	25	26	24	32	45	33	25	37	42	29	30	39	39	32	31	33	39	30	32	41
Y_Contig_135	577818	33	28	26	25	28	24	30	44	33	25	37	43	29	31	39	39	33	32	32	39	30	31	41
Y_Contig_135	577819	34	29	26	25	28	23	31	44	33	24	38	43	29	31	40	39	33	32	30	38	30	31	41
Y_Contig_135	577820	34	29	26	25	28	23	31	44	33	25	38	43	29	31	40	39	33	31	29	39	30	31	41
Y_Contig_135	577821	33	29	26	25	28	23	31	43	34	26	39	45	28	30	41	39	33	31	27	37	30	31	41
Y_Contig_135	577822	31	29	26	26	28	24	32	43	35	26	39	43	29	30	41	38	33	31	27	37	30	32	42
Y_Contig_135	577823	31	29	26	27	28	24	31	42	36	26	39	44	29	30	41	38	33	31	27	37	30	32	42
Y_Contig_135	577824	31	31	25	27	29	24	32	41	36	26	39	42	29	29	41	37	33	31	28	38	31	32	43
Y_Contig_135	577825	31	32	24	27	29	24	32	41	36	26	39	42	29	29	41	37	33	31	28	38	31	33	43
Y_Contig_135	577826	31	32	24	25	29	24	31	41	36	26	39	42	29	30	42	37	33	31	26	38	31	33	42
Y_Contig_135	577827	31	31	24	24	29	24	31	41	36	25	39	43	29	30	42	37	33	31	26	38	30	33	41
Y_Contig_135	577828	31	31	24	24	29	24	31	41	35	26	40	44	30	30	42	37	33	31	26	38	30	33	43
Y_Contig_135	577829	31	30	24	24	30	25	33	41	34	26	40	44	30	30	43	37	33	32	26	39	31	33	43
Y_Contig_135	577830	31	30	24	25	30	25	33	41	34	25	40	44	29	31	42	37	33	32	26	39	31	33	43
Y_Contig_135	577831	32	30	24	25	30	24	33	40	33	23	40	45	28	31	40	38	33	31	26	38	30	33	42
Y_Contig_135	577832	32	30	25	25	30	24	33	40	33	23	40	46	28	31	40	38	33	31	26	38	30	33	42
Y_Contig_135	577833	33	28	25	25	30	23	33	40	34	22	39	45	28	31	41	38	33	31	26	37	29	32	42
Y_Contig_135	577834	34	28	25	25	31	23	33	39	34	22	40	45	27	31	41	38	33	31	26	37	29	32	42
Y_Contig_135	577835	34	27	25	24	30	24	33	39	33	22	40	44	26	31	41	37	33	31	26	36	30	31	41
Y_Contig_135	577836	34	27	25	24	30	24	34	39	33	22	40	44	26	31	41	37	33	30	27	36	30	32	42
Y_Contig_135	577837	34	27	25	24	30	24	33	37	31	22	38	43	26	31	40	37	33	31	27	36	29	32	41
Y_Contig_135	577838	34	28	26	26	31	23	34	37	31	24	38	45	27	32	40	39	34	31	28	37	29	34	43
Y_Contig_135	577839	34	28	26	25	31	22	35	37	31	22	37	44	27	31	39	39	34	31	28	37	29	35	43
Y_Contig_135	577840	34	28	27	25	32	22	36	38	31	22	37	44	27	31	39	39	34	31	29	36	30	36	43
Y_Contig_135	577841	35	26	27	25	32	22	36	39	32	21	35	43	28	30	39	39	34	31	29	35	29	36	43
Y_Contig_135	577842	35	25	27	25	32	23	36	38	32	21	34	43	28	29	39	40	33	31	28	35	29	36	42
Y_Contig_135	577843	35	24	27	25	30	24	36	36	32	21	34	43	28	29	40	41	32	31	28	35	29	35	43
Y_Contig_135	577844	35	24	27	25	30	24	35	36	31	22	34	43	28	30	40	41	32	31	28	36	29	35	44
Y_Contig_135	577845	35	24	25	25	31	25	34	35	30	22	34	41	28	29	39	40	32	30	27	35	29	35	42
Y_Contig_135	577846	36	23	25	25	31	26	34	35	30	22	34	42	28	29	39	40	32	30	28	35	30	35	43
Y_Contig_135	577847	35	23	24	23	30	26	35	34	30	22	34	42	29	28	39	40	32	30	27	35	29	36	42
Y_Contig_135	577848	36	23	25	23	30	25	36	33	29	22	35	43	29	28	39	40	32	30	27	35	29	35	42
Y_Contig_135	577849	36	23	25	23	31	25	37	35	29	23	34	43	28	28	39	40	32	32	28	35	29	33	41
Y_Contig_135	577850	37	23	24	23	32	25	38	35	29	24	35	43	30	28	39	39	31	31	28	36	29	33	41
Y_Contig_135	577851	36	23	24	24	32	25	38	34	32	24	36	44	30	29	39	39	30	31	28	36	29	34	41
Y_Contig_135	577852	36	23	22	25	32	24	38	34	32	24	35	45	30	30	40	39	31	32	28	36	28	35	40
Y_Contig_135	577853	35	22	22	25	33	24	37	35	32	24	38	44	29	32	40	40	31	32	29	36	29	36	40
Y_Contig_135	577854	37	22	23	26	33	24	37	35	32	25	38	43	27	32	39	40	30	33	29	37	29	36	39
Y_Contig_135	577855	37	22	23	26	31	24	37	36	32	25	40	44	27	32	39	39	29	33	30	37	29	36	40
Y_Contig_135	577856	37	22	23	25	32	24	36	36	30	26	39	44	26	31	39	39	31	33	31	38	29	34	41
Y_Contig_135	577857	37	22	23	24	32	24	36	36	29	27	40	44	26	31	39	39	31	32	30	38	29	35	43
Y_Contig_135	577858	37	24	22	23	31	24	37	36	29	27	40	45	26	31	39	38	30	32	30	38	28	34	43
Y_Contig_135	577859	37	25	22	23	31	24	37	35	29	26	40	43	27	30	39	38	30	32	30	38	28	35	43
Y_Contig_135	577860	36	25	22	23	31	24	38	35	29	27	40	43	27	30	39	38	30	32	31	37	28	33	42
Y_Contig_135	577861	34	25	22	22	31	24	37	35	28	27	40	43	27	30	39	37	31	33	31	37	26	33	41
Y_Contig_135	577862	35	25	24	22	31	25	37	34	29	27	39	44	27	30	39	38	31	32	31	36	27	34	42
Y_Contig_135	577863	35	25	24	22	31	25	38	34	29	27	39	44	26	30	39	38	30	31	31	36	27	34	42
Y_Contig_135	577864	34	25	24	22	31	25	37	35	30	28	39	44	26	30	38	38	30	31	33	36	27	34	42
Y_Contig_135	577865	34	26	25	22	30	25	37	35	30	28	40	44	27	30	39	38	29	30	33	35	27	34	42
Y_Contig_135	577866	33	25	25	22	30	25	38	36	29	28	39	43	28	30	40	39	29	30	33	35	29	34	43
Y_Contig_135	577867	33	25	26	22	29	26	38	35	29	28	38	43	28	30	40	40	28	30	33	34	29	33	43
Y_Contig_135	577868	33	25	26	22	29	26	38	35	29	27	39	43	29	31	40	40	29	30	34	34	29	33	44
Y_Contig_135	577869	34	24	26	23	29	26	39	34	29	28	39	43	31	31	41	40	29	31	35	34	28	35	44
Y_Contig_135	577870	34	23	25	23	29	26	39	33	29	28	39	43	31	32	42	40	29	30	35	34	28	35	44
Y_Contig_135	577871	34	23	24	23	29	26	38	33	27	28	38	44	31	31	42	41	29	30	35	34	32	37	44
Y_Contig_135	577872	34	24	24	23	29	25	37	33	27	28	38	45	30	31	43	43	29	30	35	34	32	37	45
Y_Contig_135	577873	34	24	24	24	28	25	37	32	27	29	37	45	30	30	44	43	29	30	35	33	32	37	46
Y_Contig_135	577874	34	24	25	24	28	25	37	32	27	29	39	45	30	31	44	42	29	30	34	34	32	38	46
Y_Contig_135	577875	34	24	25	24	28	25	37	31	28	29	40	45	30	32	44	43	29	29	33	33	32	39	46
Y_Contig_135	577876	34	25	24	24	28	25	37	32	28	28	39	45	30	32	45	43	29	29	35	34	32	39	45
Y_Contig_135	577877	34	25	25	24	28	25	37	33	28	28	40	45	31	33	47	42	30	30	35	34	32	39	45
Y_Contig_135	577878	33	25	25	24	28	25	38	33	27	29	39	45	30	32	47	42	30	30	34	35	33	40	45
Y_Contig_135	577879	33	25	26	24	28	24	38	33	27	29	39	44	31	32	47	41	30	30	33	35	33	41	44
Y_Contig_135	577880	34	25	26	24	28	24	39	33	27	29	39	44	32	30	48	39	30	29	33	35	34	42	45
Y_Contig_135	577881	34	26	25	25	28	24	37	32	27	29	39	44	32	30	48	38	30	28	34	35	33	42	45
Y_Contig_135	577882	33	26	25	25	28	24	37	32	27	29	39	44	32	30	49	38	30	28	34	35	33	42	45
Y_Contig_135	577883	34	26	26	26	28	24	37	32	28	30	40	45	32	30	50	38	28	29	34	35	33	42	44
Y_Contig_135	577884	34	26	26	25	29	24	38	32	29	30	40	45	32	30	49	38	28	29	35	35	33	42	44
Y_Contig_135	577885	33	27	26	25	29	24	38	30	29	30	40	44	32	30	48	39	27	28	35	35	33	42	42
Y_Contig_135	577886	33	27	26	26	29	24	38	30	29	30	40	44	33	30	47	39	27	27	36	35	33	43	41
Y_Contig_135	577887	33	27	26	27	30	24	39	30	29	30	41	45	33	31	47	39	27	29	36	35	33	43	41
Y_Contig_135	577888	34	28	26	27	30	24	39	31	29	30	39	46	33	31	47	40	28	30	36	35	34	43	41
Y_Contig_135	577889	34	29	26	27	30	25	39	30	28	30	38	46	33	31	47	41	28	30	35	36	35	43	41
Y_Contig_135	577890	35	29	26	26	31	25	40	30	28	30	38	46	33	30	47	40	28	29	35	36	35	43	42
Y_Contig_135	577891	35	29	26	26	31	25	40	30	29	30	38	45	33	30	47	40	27	29	36	36	35	44	42
Y_Contig_135	577892	34	29	25	25	31	25	39	28	29	30	38	45	33	30	47	42	27	29	36	35	35	44	42
Y_Contig_135	577893	34	30	26	25	31	25	39	28	29	30	38	44	33	31	46	42	27	29	36	33	35	43	40
Y_Contig_135	577894	37	30	26	25	31	25	39	28	29	30	38	44	33	31	48	42	27	29	36	33	34	43	40
Y_Contig_135	577895	37	28	26	25	30	25	39	28	29	30	38	44	33	31	49	42	27	29	35	32	34	42	41
Y_Contig_135	577896	37	28	27	25	31	25	39	28	29	30	38	43	34	31	50	42	27	29	35	31	33	42	42
Y_Contig_135	577897	37	28	27	26	31	24	39	29	29	30	38	42	34	31	50	42	28	30	35	31	33	42	42
Y_Contig_135	577898	37	28	28	26	31	24	39	31	28	30	38	42	34	31	49	42	28	29	35	31	33	42	42
Y_Contig_135	577899	35	28	28	26	30	25	40	30	28	30	38	41	34	31	46	42	28	30	35	29	33	40	43
Y_Contig_135	577900	35	28	28	26	30	25	40	30	28	31	37	41	34	31	48	43	28	30	35	29	33	40	43
Y_Contig_135	577901	37	28	28	26	31	25	40	31	28	32	38	41	34	31	48	43	28	30	35	29	33	40	44
Y_Contig_135	577902	37	28	28	26	31	25	41	30	29	32	38	40	33	33	48	43	28	30	35	29	31	40	44
Y_Contig_135	577903	38	28	28	26	32	25	41	30	29	32	38	40	33	33	48	43	29	30	35	29	31	40	44
Y_Contig_135	577904	39	28	28	26	32	25	42	30	30	32	38	40	33	33	48	43	29	29	35	31	31	41	45
Y_Contig_135	577905	38	29	29	26	32	25	42	30	30	32	38	40	33	33	49	43	29	29	35	31	31	40	45
Y_Contig_135	577906	38	28	29	26	33	25	42	30	30	32	38	40	33	32	49	43	29	29	35	31	32	40	45
Y_Contig_135	577907	38	28	29	27	33	25	42	30	30	32	38	41	33	32	50	44	29	29	35	31	31	39	46
Y_Contig_135	577908	38	27	29	26	34	25	43	30	31	32	38	41	32	32	49	44	30	29	34	32	31	39	46
Y_Contig_135	577909	38	26	29	25	34	25	42	32	32	32	38	41	32	32	50	44	30	29	34	32	31	39	46
Y_Contig_135	577910	38	26	29	26	34	25	42	32	32	32	38	41	32	33	50	43	29	29	34	33	31	40	47
Y_Contig_135	577911	38	26	29	26	35	25	42	33	31	32	38	41	32	33	49	41	29	29	34	33	31	41	48
Y_Contig_135	577912	39	26	30	26	35	25	42	34	31	32	38	40	32	33	48	40	29	28	33	34	32	41	48
Y_Contig_135	577913	40	26	31	26	35	25	42	33	31	32	38	39	32	34	49	40	29	29	33	33	33	41	48
Y_Contig_135	577914	40	26	31	27	35	25	42	33	31	32	37	39	33	34	49	41	29	29	33	32	33	41	47
Y_Contig_135	577915	39	26	31	28	35	24	43	32	31	34	38	40	32	34	48	41	30	30	34	32	33	41	46
Y_Contig_135	577916	38	27	31	28	34	24	43	33	31	35	38	39	33	32	47	41	29	29	34	32	33	43	46
Y_Contig_135	577917	37	27	31	28	34	23	43	33	30	35	38	39	33	32	47	41	29	29	34	32	33	43	46
Y_Contig_135	577918	37	27	31	28	33	23	43	33	30	35	39	37	33	31	47	41	29	29	34	34	32	43	48
Y_Contig_135	577919	37	27	31	28	33	23	43	33	30	35	39	37	33	31	48	40	29	29	36	34	32	44	49
Y_Contig_135	577920	37	27	30	28	33	23	42	33	30	35	39	37	33	31	50	40	28	28	36	34	32	45	50
Y_Contig_135	577921	38	25	29	29	33	25	42	33	30	35	39	38	33	31	50	39	28	28	35	34	35	45	51
Y_Contig_135	577922	38	25	29	30	34	24	42	34	30	35	39	38	33	31	50	38	28	28	35	33	33	45	51
Y_Contig_135	577923	38	25	29	30	34	24	42	34	29	34	39	39	33	31	49	38	28	30	35	32	33	45	51
Y_Contig_135	577924	40	26	28	30	35	23	42	34	29	34	39	39	33	29	49	38	27	30	34	32	34	45	51
Y_Contig_135	577925	41	27	28	29	34	24	42	34	29	34	40	40	32	29	49	38	27	30	34	32	34	44	50
Y_Contig_135	577926	41	27	27	29	34	24	42	34	29	34	40	40	32	29	49	37	27	30	34	32	34	43	50
Y_Contig_135	577927	41	28	27	29	33	24	42	34	28	33	39	41	33	28	49	37	26	30	34	32	35	43	50
Y_Contig_135	577928	41	28	27	28	33	24	42	34	28	33	39	41	35	29	49	37	27	30	36	32	35	42	51
Y_Contig_135	577929	41	28	26	28	33	24	42	34	27	33	39	41	34	29	49	37	27	30	36	32	35	42	50
Y_Contig_135	577930	40	28	26	28	33	24	42	34	27	33	39	41	34	29	49	38	27	30	36	32	35	42	50
Y_Contig_135	577931	40	29	26	28	33	24	42	33	27	33	39	42	33	29	48	39	27	28	36	32	35	43	50
Y_Contig_135	577932	39	29	26	28	32	25	42	32	27	34	39	42	34	29	49	39	28	30	36	32	36	41	48
Y_Contig_135	577933	39	29	26	27	30	25	42	31	27	34	39	42	35	29	50	39	28	30	37	32	36	41	48
Y_Contig_135	577934	39	29	26	27	31	25	43	32	27	33	39	42	35	30	49	39	28	31	39	34	36	42	47
Y_Contig_135	577935	40	29	26	27	31	25	43	32	28	33	40	42	36	31	50	39	28	30	38	34	36	43	46
Y_Contig_135	577936	40	29	25	27	31	25	42	32	28	33	40	41	36	31	50	40	28	30	38	35	34	43	46
Y_Contig_135	577937	41	28	25	27	31	25	43	32	28	34	41	41	36	33	51	40	29	30	38	35	34	43	49
Y_Contig_135	577938	41	28	25	27	30	25	43	32	27	34	40	41	36	33	51	40	28	30	37	35	33	43	49
Y_Contig_135	577939	41	28	25	26	30	25	43	32	27	34	40	41	35	33	50	40	29	30	37	35	33	43	49
Y_Contig_135	577940	41	29	25	25	30	25	43	32	27	34	41	41	34	33	50	40	29	30	37	35	33	43	49
Y_Contig_135	577941	41	28	24	25	31	24	43	31	27	35	41	41	34	34	50	40	29	30	36	36	33	43	49
Y_Contig_135	577942	41	28	24	24	31	24	42	31	27	34	41	41	34	34	50	41	29	29	37	36	33	43	49
Y_Contig_135	577943	41	28	24	25	30	24	42	31	28	35	39	42	34	34	50	41	29	30	36	36	33	43	48
Y_Contig_135	577944	42	28	24	26	31	24	42	31	28	35	39	42	34	34	51	41	29	31	36	36	33	43	48
Y_Contig_135	577945	42	28	24	26	31	24	43	31	28	35	39	43	34	34	51	42	29	31	37	36	33	42	50
Y_Contig_135	577946	42	29	25	26	32	24	42	31	27	35	38	43	36	33	50	42	29	32	36	35	33	42	49
Y_Contig_135	577947	42	29	26	26	32	24	42	31	28	36	38	43	36	33	50	41	28	32	37	34	35	42	48
Y_Contig_135	577948	42	29	26	26	32	25	42	30	29	36	39	43	37	33	50	41	29	32	37	34	34	42	48
Y_Contig_135	577949	42	29	26	26	33	25	43	30	29	36	39	43	37	34	50	41	29	32	38	34	33	43	48
Y_Contig_135	577950	42	29	26	26	33	25	42	31	29	36	39	42	37	35	49	38	29	33	38	34	33	43	48
Y_Contig_135	577951	42	28	25	26	32	26	41	33	29	36	40	42	37	35	49	38	28	33	37	34	34	44	48
Y_Contig_135	577952	41	27	25	26	33	27	40	33	29	37	39	42	37	34	51	38	28	33	37	35	34	44	49
Y_Contig_135	577953	40	28	25	27	33	27	41	33	29	38	39	41	36	35	51	38	28	33	36	35	34	43	49
Y_Contig_135	577954	41	27	24	28	33	27	41	34	29	38	39	41	36	35	51	40	28	33	36	37	34	43	49
Y_Contig_135	577955	41	27	25	29	33	27	41	36	30	38	39	41	36	35	51	40	28	34	36	37	34	43	49
Y_Contig_135	577956	42	27	26	30	33	27	41	35	30	38	39	41	36	36	52	40	28	34	37	37	33	43	49
Y_Contig_135	577957	42	28	26	30	33	28	41	35	28	38	39	43	35	37	51	41	28	34	37	37	32	44	49
Y_Contig_135	577958	41	28	25	29	33	27	42	35	28	38	39	41	36	36	51	41	28	34	37	37	32	43	49
Y_Contig_135	577959	41	28	25	29	33	27	42	35	27	39	38	41	36	35	51	39	27	34	38	37	32	44	49
Y_Contig_135	577960	41	28	24	29	33	27	40	37	27	39	37	41	36	35	51	40	28	34	37	37	32	44	49
Y_Contig_135	577961	42	28	24	29	33	27	39	37	27	39	37	40	37	35	51	40	28	34	37	36	34	45	49
Y_Contig_135	577962	42	27	24	29	33	27	39	37	27	39	37	40	37	35	50	40	28	35	37	36	34	45	49
Y_Contig_135	577963	43	27	23	29	33	28	38	38	29	38	37	40	37	35	49	40	27	36	37	36	35	47	50
Y_Contig_135	577964	43	27	23	29	33	28	38	40	29	38	37	40	37	35	50	40	28	37	38	35	35	47	50
Y_Contig_135	577965	43	28	23	30	33	28	38	40	29	38	37	41	37	34	51	40	28	37	38	36	36	47	50
Y_Contig_135	577966	42	28	23	31	32	28	38	40	29	38	37	41	38	34	51	40	28	38	39	37	36	47	50
Y_Contig_135	577967	41	28	23	31	31	28	37	41	29	38	37	41	38	34	51	40	27	38	39	38	36	47	51
Y_Contig_135	577968	40	28	23	31	31	28	37	41	29	39	37	40	38	33	50	40	27	40	39	39	36	47	51
Y_Contig_135	577969	40	27	23	31	33	28	36	41	29	40	36	40	38	33	50	40	27	41	40	39	37	48	51
Y_Contig_135	577970	40	27	24	31	33	29	35	43	29	38	36	42	39	33	49	40	27	41	40	39	37	50	51
Y_Contig_135	577971	41	27	25	31	33	27	35	44	28	39	35	43	40	33	49	40	27	41	40	39	37	50	51
Y_Contig_135	577972	41	27	25	30	33	27	35	45	27	39	35	43	40	34	49	41	27	41	41	39	37	50	50
Y_Contig_135	577973	41	27	25	29	33	27	35	45	26	39	36	42	40	34	49	41	27	41	40	39	38	50	51
Y_Contig_135	577974	41	25	25	29	32	28	34	45	26	39	36	42	40	34	49	41	27	41	40	38	37	50	52
Y_Contig_135	577975	43	24	25	29	32	28	34	45	26	39	36	41	41	34	49	41	27	42	40	38	37	49	53
Y_Contig_135	577976	43	24	25	29	32	28	34	45	26	40	36	41	41	33	48	41	27	42	41	38	37	50	52
Y_Contig_135	577977	43	24	25	29	32	28	34	46	26	39	36	39	40	33	49	41	27	42	41	38	37	50	52
Y_Contig_135	577978	43	24	25	30	33	30	34	47	27	40	38	39	42	33	49	41	28	43	42	40	37	52	53
Y_Contig_135	577979	43	25	26	31	32	30	32	47	27	41	38	39	42	32	48	41	28	42	42	39	37	52	53
Y_Contig_135	577980	41	26	27	30	33	30	32	47	27	41	39	39	42	32	48	41	29	43	42	40	39	53	54
Y_Contig_135	577981	42	26	27	30	33	30	33	47	27	41	40	37	43	33	48	40	30	43	42	40	39	54	54
Y_Contig_135	577982	41	26	26	30	34	30	36	47	27	41	40	37	44	33	47	40	30	44	42	40	40	54	54
Y_Contig_135	577983	42	26	26	30	34	30	36	47	26	41	40	37	45	33	47	40	31	45	43	40	40	54	54
Y_Contig_135	577984	42	27	27	30	33	30	36	47	26	42	39	37	45	33	47	40	31	44	43	40	40	54	55
Y_Contig_135	577985	42	27	27	30	35	29	35	48	26	42	40	38	45	33	47	40	31	45	43	40	39	53	55
Y_Contig_135	577986	41	26	26	30	35	30	34	48	26	43	40	38	45	32	47	40	32	45	42	41	39	52	54
Y_Contig_135	577987	41	26	26	30	34	30	34	50	26	43	40	38	46	32	47	40	32	45	43	41	39	52	54
Y_Contig_135	577988	41	27	27	28	34	30	37	50	26	41	40	39	45	32	47	38	31	46	43	41	39	52	52
Y_Contig_135	577989	41	27	27	28	34	30	37	50	26	41	40	39	45	32	47	38	31	47	43	43	39	50	52
Y_Contig_135	577990	42	27	28	28	33	30	36	49	26	42	41	39	45	33	47	38	31	47	42	44	38	50	52
Y_Contig_135	577991	42	27	28	29	35	30	36	48	25	42	40	39	44	33	47	39	31	47	43	44	38	51	52
Y_Contig_135	577992	42	27	28	29	36	28	37	48	25	42	40	39	44	33	47	38	31	47	43	44	39	52	52
Y_Contig_135	577993	42	27	28	29	36	28	39	48	26	41	40	39	44	33	46	37	31	47	44	43	39	52	50
Y_Contig_135	577994	42	27	28	29	36	28	40	48	26	41	40	39	44	32	47	37	31	47	45	43	39	52	51
Y_Contig_135	577995	41	27	28	30	36	27	40	50	26	41	40	38	43	32	47	37	30	48	45	43	38	52	50
Y_Contig_135	577996	41	28	28	30	36	26	40	50	26	41	40	38	43	32	47	37	31	48	44	43	37	52	50
Y_Contig_135	577997	43	29	30	30	36	26	39	50	26	42	40	38	43	33	47	38	32	48	44	43	37	51	50
Y_Contig_135	577998	43	29	29	30	36	26	38	51	27	41	39	36	42	34	47	39	32	48	44	43	37	51	51
Y_Contig_135	577999	43	29	30	30	35	26	38	51	27	41	40	37	43	35	47	39	33	46	43	43	38	52	52
Y_Contig_135	578000	42	29	30	30	35	26	37	52	27	41	40	37	41	35	47	39	33	47	44	43	38	52	51
Y_Contig_135	578001	42	29	30	29	35	26	37	52	24	41	39	37	41	34	47	39	32	47	44	43	38	51	52
Y_Contig_135	578002	42	29	31	29	36	25	37	51	24	41	39	36	41	33	46	39	32	46	44	43	38	50	52
Y_Contig_135	578003	42	29	31	30	35	25	38	51	24	41	36	37	42	31	46	37	32	46	43	42	37	51	53
Y_Contig_135	578004	40	29	30	29	34	25	39	50	24	40	35	36	42	31	47	37	32	45	42	40	37	53	52
Y_Contig_135	578005	41	29	30	29	34	25	39	50	24	40	34	37	42	32	47	38	32	46	42	40	37	54	53
Y_Contig_135	578006	41	29	30	29	34	25	39	50	23	39	35	37	42	33	48	38	31	46	41	40	37	54	53
Y_Contig_135	578007	41	26	30	28	34	26	38	51	24	38	34	36	42	33	48	38	31	46	41	40	37	53	50
Y_Contig_135	578008	41	25	30	28	34	26	38	52	24	38	34	36	43	33	48	38	31	46	41	40	37	53	51
Y_Contig_135	578009	42	25	31	28	33	26	39	52	24	38	34	37	43	33	49	39	31	46	40	41	38	52	52
Y_Contig_135	578010	42	25	31	28	33	27	38	52	25	37	35	38	44	33	49	39	34	47	39	41	38	52	52
Y_Contig_135	578011	42	25	32	28	32	28	38	52	26	37	36	38	44	33	49	39	34	46	39	42	38	53	53
Y_Contig_135	578012	42	25	30	28	32	28	38	52	25	37	36	39	45	33	49	38	35	46	40	42	38	53	52
Y_Contig_135	578013	43	24	29	28	33	28	35	51	26	36	35	38	44	34	48	38	36	46	39	42	38	53	52
Y_Contig_135	578014	44	25	29	28	33	28	36	51	27	36	34	39	44	35	48	38	36	46	39	44	38	53	53
Y_Contig_135	578015	44	25	29	28	33	28	35	52	27	36	34	40	44	35	48	38	36	46	39	44	38	53	54
Y_Contig_135	578016	44	26	29	28	33	28	35	50	28	36	34	40	43	35	48	38	36	46	39	44	36	53	53
Y_Contig_135	578017	45	26	28	28	33	27	35	50	28	36	33	40	41	34	47	38	36	47	38	45	36	54	52
Y_Contig_135	578018	44	26	28	28	34	28	35	50	28	35	33	40	41	34	46	38	36	46	38	45	36	53	52
Y_Contig_135	578019	44	26	28	28	34	28	34	50	28	35	34	40	41	34	46	39	35	47	38	45	36	52	52
Y_Contig_135	578020	44	27	28	28	34	28	35	50	29	36	34	40	42	33	45	39	37	47	38	46	37	52	52
Y_Contig_135	578021	44	27	27	28	34	27	35	51	29	35	34	38	44	33	45	38	37	46	38	46	32	51	53
Y_Contig_135	578022	44	26	29	28	34	27	35	51	29	35	34	37	44	33	44	37	37	46	38	46	32	51	53
Y_Contig_135	578023	43	26	29	27	35	27	35	51	29	35	31	37	44	34	43	37	37	47	38	45	33	50	54
Y_Contig_135	578024	43	26	29	27	35	27	35	52	29	35	31	38	44	34	43	37	37	47	38	45	33	50	54
Y_Contig_135	578025	43	27	30	27	35	27	35	52	28	35	30	38	45	33	43	36	37	49	39	45	33	49	54
Y_Contig_135	578026	43	26	30	27	35	27	35	51	29	35	30	38	45	33	42	37	37	51	38	44	33	50	54
Y_Contig_135	578027	43	26	29	27	36	28	35	50	29	36	29	38	45	33	40	37	36	51	38	44	33	50	54
Y_Contig_135	578028	43	26	28	26	36	28	35	50	29	35	29	39	44	33	41	37	37	51	38	45	32	48	54
Y_Contig_135	578029	43	28	28	26	36	29	35	50	29	35	29	41	43	33	41	37	37	51	38	46	31	48	54
Y_Contig_135	578030	42	28	28	27	36	30	34	50	31	35	29	41	44	34	40	37	37	51	39	46	31	47	54
Y_Contig_135	578031	43	29	28	26	36	30	34	51	31	35	31	41	44	34	40	37	36	51	38	45	31	47	55
Y_Contig_135	578032	43	29	27	26	36	30	34	51	31	35	31	41	44	34	38	37	36	53	38	45	31	47	55
Y_Contig_135	578033	44	28	27	25	36	30	33	51	30	34	30	40	43	34	37	38	36	52	37	46	32	48	56
Y_Contig_135	578034	44	28	27	26	36	31	34	51	29	34	33	40	44	34	37	38	36	52	37	46	34	48	56
Y_Contig_135	578035	44	28	27	26	37	32	34	51	29	34	33	40	44	34	37	38	37	52	37	46	34	48	57
Y_Contig_135	578036	44	28	27	25	37	32	34	51	29	34	33	40	43	34	37	38	37	52	36	45	34	47	57
Y_Contig_135	578037	44	28	27	24	36	32	33	51	29	34	32	40	43	33	37	39	37	51	36	45	34	47	57
Y_Contig_135	578038	44	27	27	24	36	32	33	50	29	34	32	39	43	33	36	38	36	50	36	45	33	47	57
Y_Contig_135	578039	45	27	26	24	36	31	33	50	29	34	32	39	42	33	36	37	37	50	36	44	32	47	56
Y_Contig_135	578040	45	27	26	24	35	31	34	51	29	34	32	39	43	35	36	37	38	51	37	44	35	48	56
Y_Contig_135	578041	45	27	26	24	35	31	34	51	28	35	32	41	44	35	37	37	39	51	37	44	35	47	57
Y_Contig_135	578042	45	26	27	24	37	31	34	51	28	35	33	41	44	35	37	35	39	51	37	44	35	47	57
Y_Contig_135	578043	44	26	27	24	38	31	34	51	28	35	33	41	43	34	37	34	39	51	38	44	35	47	56
Y_Contig_135	578044	44	26	26	24	39	31	34	52	28	35	33	42	43	34	34	34	40	52	38	44	36	49	56
Y_Contig_135	578045	44	26	26	24	39	31	34	52	28	35	32	42	43	34	33	33	40	53	38	44	36	50	55
Y_Contig_135	578046	45	26	26	24	38	31	35	52	28	35	32	42	43	34	33	33	40	53	40	44	36	50	56
Y_Contig_135	578047	45	26	27	23	38	32	35	50	27	35	33	43	41	35	34	33	39	52	40	44	36	50	56
Y_Contig_135	578048	45	26	26	23	38	32	36	49	27	35	33	43	41	36	34	33	39	53	40	45	36	51	57
Y_Contig_135	578049	45	26	26	23	38	31	36	50	27	34	34	43	41	36	35	33	38	52	40	45	36	52	55
Y_Contig_135	578050	45	26	26	23	38	31	36	49	27	34	34	43	41	37	33	33	38	52	40	45	36	52	55
Y_Contig_135	578051	44	27	26	23	37	31	36	49	27	33	33	43	42	38	34	34	38	52	41	45	36	53	56
Y_Contig_135	578052	44	27	27	23	37	32	35	49	26	33	33	43	42	36	35	34	38	53	41	46	36	53	56
Y_Contig_135	578053	44	28	28	23	36	33	34	49	26	33	33	43	42	36	34	34	37	53	41	46	36	53	56
Y_Contig_135	578054	43	28	28	24	36	33	33	49	25	33	33	45	42	36	34	34	37	55	41	44	36	53	56
Y_Contig_135	578055	43	27	27	24	36	33	33	49	25	33	35	45	44	36	33	34	37	56	42	45	36	53	56
Y_Contig_135	578056	43	27	27	24	35	33	33	49	24	33	35	43	44	36	33	34	37	58	42	45	35	51	55
Y_Contig_135	578057	43	27	27	24	36	33	33	49	24	33	35	43	44	37	33	33	36	58	41	45	36	52	54
Y_Contig_135	578058	43	27	28	25	35	31	33	44	23	32	35	44	45	36	32	34	37	57	41	44	36	51	53
Y_Contig_135	578059	43	27	28	26	35	31	33	44	23	32	35	45	45	36	32	34	37	57	43	44	36	51	53
Y_Contig_135	578060	43	27	28	26	34	31	34	44	23	32	35	45	45	36	32	34	37	57	43	43	36	50	52
Y_Contig_135	578061	43	27	28	28	34	31	35	44	23	32	36	45	46	36	32	34	37	59	43	42	36	50	53
Y_Contig_135	578062	42	27	27	28	35	31	35	44	23	32	36	45	46	37	32	35	37	61	44	42	36	50	53
Y_Contig_135	578063	41	27	27	28	35	31	35	44	23	33	36	45	46	36	31	35	37	60	44	42	35	50	54
Y_Contig_135	578064	41	27	27	27	36	31	35	44	23	33	36	45	45	36	31	34	37	60	44	42	35	50	54
Y_Contig_135	578065	41	27	27	26	37	31	35	44	23	31	37	44	46	36	32	34	36	60	43	42	35	50	54
Y_Contig_135	578066	42	26	27	27	37	31	36	43	22	31	38	44	45	36	32	34	36	60	44	42	35	48	54
Y_Contig_135	578067	42	26	27	27	38	32	36	42	22	31	38	44	45	35	31	34	36	60	42	41	35	49	53
Y_Contig_135	578068	42	26	27	27	38	32	36	42	22	30	40	44	45	35	31	34	36	60	42	42	35	48	53
Y_Contig_135	578069	42	26	28	27	38	32	36	42	22	30	40	43	45	35	29	35	36	60	42	42	34	47	52
Y_Contig_135	578070	43	26	28	27	38	32	36	42	22	31	40	43	45	35	31	35	36	60	42	43	34	46	52
Y_Contig_135	578071	43	27	28	26	38	31	37	41	22	31	42	43	45	36	31	35	36	60	42	43	32	46	51
Y_Contig_135	578072	44	28	28	26	38	31	37	40	22	31	42	44	45	36	31	35	36	60	42	43	32	46	51
Y_Contig_135	578073	44	28	28	26	38	31	37	40	22	31	42	43	45	36	31	35	36	58	42	43	32	46	50
Y_Contig_135	578074	41	26	28	26	36	31	36	40	22	31	40	43	45	36	31	35	36	58	42	43	31	46	50
Y_Contig_135	578075	41	26	28	26	36	30	36	40	23	31	40	42	45	36	31	35	35	58	43	44	31	46	50
Y_Contig_135	578076	42	26	28	26	36	30	36	40	23	31	40	42	45	37	30	35	35	58	43	44	31	46	51
Y_Contig_135	578077	42	25	28	26	36	30	36	40	23	32	40	41	44	37	29	35	35	58	44	44	32	46	51
Y_Contig_135	578078	42	25	29	26	37	30	36	40	23	32	41	41	44	36	29	34	35	57	43	45	33	46	50
Y_Contig_135	578079	42	25	29	26	37	32	36	40	23	32	41	42	44	37	29	34	35	57	43	45	33	45	51
Y_Contig_135	578080	43	25	29	26	37	32	36	40	23	32	41	42	44	38	29	35	35	58	44	45	33	45	51
Y_Contig_135	578081	43	24	29	26	37	32	36	40	23	32	41	42	44	39	29	34	35	58	44	45	32	45	51
Y_Contig_135	578082	43	24	28	26	36	31	36	39	23	31	41	42	43	38	27	34	35	55	40	43	32	45	53
Y_Contig_135	578083	43	24	28	26	36	30	36	39	23	31	41	42	44	38	27	34	35	55	42	43	32	45	54
Y_Contig_135	578084	43	24	29	26	36	31	35	38	23	31	42	42	44	38	28	34	35	56	42	43	32	44	54
Y_Contig_135	578085	42	24	29	25	36	31	35	38	23	30	41	42	43	37	27	35	35	57	42	44	32	43	54
Y_Contig_135	578086	42	24	29	25	36	33	35	39	23	30	41	43	43	37	27	35	35	58	43	43	32	44	54
Y_Contig_135	578087	41	24	29	25	36	33	34	39	24	29	40	43	43	35	26	35	34	58	43	43	33	44	52
Y_Contig_135	578088	40	24	29	25	36	33	34	39	24	29	40	43	43	35	26	35	34	58	43	44	33	44	52
Y_Contig_135	578089	40	24	29	25	36	33	34	39	24	28	40	43	43	35	26	35	34	58	43	43	33	44	53
Y_Contig_135	578090	40	23	30	25	35	33	34	39	24	26	39	43	43	34	26	35	34	57	43	43	33	44	53
Y_Contig_135	578091	41	23	30	26	36	33	34	39	25	26	39	43	43	33	29	35	34	57	42	43	34	44	53
Y_Contig_135	578092	43	23	31	26	36	33	34	39	24	27	39	43	43	33	29	34	35	58	43	43	34	44	53
Y_Contig_135	578093	44	23	31	25	36	33	35	40	23	26	40	42	44	32	29	35	35	58	43	43	34	44	54
Y_Contig_135	578094	43	23	31	24	35	33	34	40	23	26	40	42	44	32	28	35	35	57	43	43	34	45	54
Y_Contig_135	578095	43	23	31	23	35	32	34	39	23	25	40	41	44	32	28	34	35	57	42	43	34	45	52
Y_Contig_135	578096	43	22	29	23	37	32	35	40	23	24	40	42	42	32	29	35	35	56	41	43	33	44	54
Y_Contig_135	578097	43	22	29	23	37	32	35	40	22	24	40	42	41	32	29	36	37	56	41	43	33	44	54
Y_Contig_135	578098	44	22	29	23	37	31	36	40	21	24	39	43	41	31	29	36	36	56	41	43	34	44	54
Y_Contig_135	578099	44	22	29	23	36	31	36	41	21	24	39	43	42	31	30	37	37	57	40	43	34	43	54
Y_Contig_135	578100	45	22	29	23	37	30	36	40	21	24	39	42	42	30	29	37	38	56	40	43	34	43	54
Y_Contig_135	578101	46	22	29	23	38	30	36	38	21	24	38	42	42	31	29	37	39	56	40	43	33	43	54
Y_Contig_135	578102	47	22	29	23	38	29	36	38	21	23	39	42	42	31	28	37	39	56	40	43	33	43	53
Y_Contig_135	578103	48	21	29	23	38	29	35	38	21	22	39	43	42	30	28	37	39	56	41	44	33	43	53
Y_Contig_135	578104	47	21	29	22	38	30	35	36	21	22	40	43	42	30	29	37	39	56	41	42	33	43	53
Y_Contig_135	578105	47	21	28	21	38	31	35	34	20	23	41	44	42	31	29	37	39	55	42	44	33	44	53
Y_Contig_135	578106	46	21	27	19	38	33	35	34	20	24	41	44	42	30	29	37	39	55	41	45	33	44	53
Y_Contig_135	578107	46	20	27	19	38	32	34	35	20	26	42	42	41	29	30	35	39	55	41	44	33	42	53
Y_Contig_135	578108	46	20	27	19	39	33	34	35	20	25	42	42	41	29	30	36	40	55	41	44	33	42	55
Y_Contig_135	578109	46	20	27	20	39	34	34	35	21	25	42	42	42	29	30	36	40	55	41	44	33	42	55
Y_Contig_135	578110	47	21	27	20	39	34	34	34	22	25	42	42	43	29	30	36	40	55	41	44	33	42	55
Y_Contig_135	578111	45	21	27	20	39	34	34	34	21	25	42	42	42	29	30	36	40	55	41	44	31	41	55
Y_Contig_135	578112	44	21	27	19	39	34	34	34	20	25	42	42	43	30	29	36	40	53	40	44	30	40	55
Y_Contig_135	578113	44	21	27	19	38	32	35	33	19	25	42	42	44	31	32	36	40	53	40	44	30	39	56
Y_Contig_135	578114	43	21	27	19	38	32	34	31	19	25	43	42	44	31	33	36	39	53	40	45	30	39	56
Y_Contig_135	578115	43	22	30	18	39	32	34	31	19	25	43	41	45	32	32	36	38	53	41	44	30	39	56
Y_Contig_135	578116	43	22	31	18	39	33	34	31	19	25	43	42	45	32	32	34	38	51	40	43	30	39	57
Y_Contig_135	578117	44	22	31	18	41	33	34	31	19	25	43	42	45	32	34	33	38	51	41	42	30	39	56
Y_Contig_135	578118	45	22	31	20	41	34	34	31	19	24	43	42	45	32	35	34	38	49	41	41	30	39	58
Y_Contig_135	578119	45	22	31	20	39	34	35	31	19	23	43	42	45	32	36	34	37	48	40	41	29	38	58
Y_Contig_135	578120	46	22	31	21	39	34	35	31	19	23	43	41	46	32	36	34	37	48	41	40	29	36	59
Y_Contig_135	578121	45	22	31	21	39	35	35	30	19	23	43	39	45	32	36	34	37	48	42	42	30	36	61
Y_Contig_135	578122	46	22	31	21	39	35	35	30	20	23	43	39	44	32	36	35	37	49	41	42	31	35	61
Y_Contig_135	578123	47	23	31	22	39	35	35	30	20	23	42	39	43	33	36	35	37	48	41	42	30	36	59
Y_Contig_135	578124	47	23	31	22	39	34	35	30	20	24	42	39	44	33	36	35	37	48	41	43	30	38	58
Y_Contig_135	578125	46	23	33	24	39	35	37	31	20	24	43	39	44	33	36	35	38	49	42	44	30	38	57
Y_Contig_135	578126	46	23	33	24	39	35	37	31	20	23	40	39	44	33	36	35	38	50	41	43	30	37	57
Y_Contig_135	578127	46	22	33	24	38	36	37	31	20	23	40	39	43	33	35	34	38	50	40	43	30	37	58
Y_Contig_135	578128	46	21	36	23	39	34	37	31	19	23	39	40	42	33	36	34	38	49	41	43	30	36	57
Y_Contig_135	578129	46	22	36	22	39	33	37	31	19	22	40	40	42	33	36	34	40	49	42	43	29	36	57
Y_Contig_135	578130	47	21	35	21	38	35	37	32	19	22	39	40	42	33	37	34	39	50	43	42	27	35	56
Y_Contig_135	578131	45	21	35	22	37	36	34	32	20	22	38	41	39	32	37	34	37	47	43	42	26	34	56
Y_Contig_135	578132	44	21	35	22	37	36	33	32	20	22	38	41	39	33	37	33	37	47	45	42	26	34	56
Y_Contig_135	578133	45	21	35	22	38	36	33	32	21	22	38	41	40	33	37	33	37	48	46	42	26	35	56
Y_Contig_135	578134	45	19	34	22	38	36	34	33	21	21	38	42	41	33	38	33	37	48	46	42	27	35	55
Y_Contig_135	578135	45	20	34	22	36	36	34	32	21	21	39	42	41	33	38	34	37	47	46	42	27	35	55
Y_Contig_135	578136	45	20	34	22	36	35	34	32	21	20	38	41	42	33	39	34	37	47	45	41	27	35	55
Y_Contig_135	578137	45	20	34	23	36	35	33	31	21	20	38	41	41	33	39	34	37	46	44	41	27	34	55
Y_Contig_135	578138	45	19	33	23	36	35	31	31	22	20	38	41	41	33	39	34	37	45	45	40	27	34	55
Y_Contig_135	578139	46	19	32	23	36	36	31	31	22	19	38	43	41	33	39	34	38	46	45	37	28	35	55
Y_Contig_135	578140	46	19	33	23	36	36	31	32	22	19	38	43	41	32	39	34	38	47	46	40	28	36	56
Y_Contig_135	578141	46	19	33	22	34	36	31	32	22	19	38	43	41	32	40	33	39	47	46	40	27	35	57
Y_Contig_135	578142	46	19	33	22	33	36	30	32	22	19	38	43	41	32	40	33	39	47	46	40	27	34	57
Y_Contig_135	578143	47	20	33	22	33	36	29	32	21	19	38	43	41	32	40	33	39	48	45	42	27	35	58
Y_Contig_135	578144	46	21	33	21	33	37	28	33	21	19	38	43	41	32	40	33	38	48	45	43	27	36	57
Y_Contig_135	578145	46	21	33	22	35	37	28	31	21	18	38	43	41	32	40	33	38	47	46	43	27	36	57
Y_Contig_135	578146	46	21	33	22	36	37	28	32	21	18	39	43	42	32	40	33	38	48	46	43	27	36	58
Y_Contig_135	578147	45	21	31	21	36	37	28	32	21	17	39	43	42	31	40	32	37	48	46	43	27	36	58
Y_Contig_135	578148	44	21	31	21	37	38	28	30	20	17	39	43	42	31	40	31	37	48	46	43	27	35	57
Y_Contig_135	578149	43	21	30	22	38	39	29	30	20	17	38	43	42	30	40	31	36	48	48	43	28	36	56
Y_Contig_135	578150	41	21	30	22	38	39	28	29	20	16	37	43	42	30	40	31	37	47	47	41	28	37	56
Y_Contig_135	578151	41	22	30	22	39	39	28	30	20	16	37	42	42	30	40	31	37	48	47	41	28	38	55
Y_Contig_135	578152	41	22	29	22	38	39	28	30	20	16	37	42	42	30	40	31	37	48	48	41	29	39	55
