Y_Contig_135	579483	46	38	28	32	37	23	27	43	26	46	46	42	38	29	42	46	46	54	42	34	31	41	44
Y_Contig_135	579484	46	39	28	32	38	22	26	42	26	46	46	42	35	29	42	46	46	56	42	34	31	42	42
Y_Contig_135	579485	47	38	28	32	38	23	27	43	26	46	46	43	37	29	43	46	47	57	42	35	31	42	42
Y_Contig_135	579486	48	38	28	32	38	23	27	44	26	46	49	44	37	29	45	46	47	56	41	35	31	42	42
Y_Contig_135	579487	48	38	29	33	37	22	27	44	25	46	51	44	37	29	44	46	45	55	41	35	31	42	42
Y_Contig_135	579488	48	38	29	33	37	22	27	43	26	45	51	44	36	29	44	46	45	54	42	34	30	42	42
Y_Contig_135	579489	48	38	29	34	37	22	26	43	26	45	51	44	35	29	43	46	45	53	42	32	30	43	41
Y_Contig_135	579490	47	37	29	34	38	22	27	44	27	44	51	44	36	29	44	46	46	52	42	32	30	44	41
Y_Contig_135	579491	47	37	29	34	38	23	26	44	27	44	50	44	36	29	43	46	47	52	42	32	30	44	41
Y_Contig_135	579492	47	37	29	34	39	23	26	44	27	44	50	43	36	29	43	45	46	51	42	32	30	43	41
Y_Contig_135	579493	46	37	30	33	39	23	26	44	28	44	50	42	36	31	43	45	45	51	42	32	30	43	41
Y_Contig_135	579494	46	38	30	34	39	23	26	44	28	44	49	42	37	31	43	45	44	51	42	33	30	42	41
Y_Contig_135	579495	47	38	31	34	39	22	26	44	28	44	49	43	37	32	43	45	44	49	42	33	30	42	41
Y_Contig_135	579496	47	38	31	35	39	21	26	44	28	44	49	43	37	32	43	45	46	49	41	33	31	42	41
Y_Contig_135	579497	47	38	32	34	38	21	26	44	28	43	48	43	37	32	43	45	47	49	42	33	31	41	41
Y_Contig_135	579498	46	37	32	34	38	21	25	44	28	43	48	43	37	32	44	43	47	49	41	33	31	41	41
Y_Contig_135	579499	46	37	31	33	38	21	25	43	27	43	48	42	38	32	43	43	46	49	41	33	30	41	41
Y_Contig_135	579500	46	37	30	33	39	21	25	43	27	42	48	43	38	32	43	43	46	49	42	33	30	40	42
Y_Contig_135	579501	47	37	33	33	40	21	25	44	25	41	48	43	38	32	43	43	46	49	43	33	28	41	41
Y_Contig_135	579502	46	37	32	33	40	21	26	44	26	40	47	43	38	32	43	43	46	48	42	33	27	41	41
Y_Contig_135	579503	46	36	32	33	39	21	26	43	26	40	47	43	38	32	43	43	46	46	42	33	27	41	42
Y_Contig_135	579504	45	36	32	32	40	21	26	43	26	40	47	44	37	32	43	43	46	45	42	33	27	41	41
Y_Contig_135	579505	46	36	30	33	40	21	26	43	26	39	46	44	36	31	42	42	46	44	43	33	28	41	41
Y_Contig_135	579506	46	36	30	33	40	21	26	42	26	39	46	44	36	31	42	43	46	45	44	33	27	41	42
Y_Contig_135	579507	46	36	30	33	40	22	26	42	26	39	46	44	36	31	43	43	46	45	44	33	27	41	42
Y_Contig_135	579508	44	36	29	34	40	22	26	42	26	40	46	42	36	33	43	43	46	45	44	34	27	41	42
Y_Contig_135	579509	44	36	29	35	40	22	26	41	26	40	46	41	36	32	43	45	46	49	44	34	27	41	42
Y_Contig_135	579510	45	36	28	35	40	22	26	41	25	40	47	41	36	32	43	45	45	49	44	34	27	41	42
Y_Contig_135	579511	45	36	28	34	40	22	26	41	25	40	46	41	36	32	44	46	45	49	44	34	27	41	42
Y_Contig_135	579512	45	36	27	34	40	21	26	41	25	39	46	41	36	32	44	45	45	49	44	34	27	41	42
Y_Contig_135	579513	45	35	27	34	40	20	29	42	25	39	45	41	36	32	44	46	46	49	44	34	27	42	43
Y_Contig_135	579514	46	35	27	34	40	20	29	41	25	40	45	41	36	33	44	46	45	49	44	34	27	40	42
Y_Contig_135	579515	47	36	27	34	39	20	30	41	25	40	46	41	34	33	43	47	45	50	44	34	26	40	43
Y_Contig_135	579516	46	36	27	33	39	20	29	40	25	39	46	42	33	33	43	47	45	50	44	34	26	41	43
Y_Contig_135	579517	45	36	27	32	38	20	30	40	25	38	47	42	35	33	43	46	45	50	44	34	25	42	43
Y_Contig_135	579518	45	36	27	31	37	19	30	40	25	38	46	42	35	33	43	45	45	50	44	34	25	41	43
Y_Contig_135	579519	45	36	27	31	35	19	30	41	26	38	46	43	35	33	43	45	44	49	44	34	24	41	43
Y_Contig_135	579520	45	36	27	32	35	19	30	40	26	38	46	43	35	33	43	45	43	47	44	36	23	41	42
Y_Contig_135	579521	45	35	27	32	35	19	30	40	25	37	47	43	34	33	44	42	43	48	45	35	23	41	42
Y_Contig_135	579522	45	34	27	33	35	19	30	40	25	37	47	43	34	33	44	41	43	47	44	35	23	41	42
Y_Contig_135	579523	45	34	27	35	36	19	30	41	25	37	47	44	34	34	44	41	43	46	45	37	23	42	43
Y_Contig_135	579524	45	34	27	36	34	18	31	42	25	37	49	44	34	34	43	41	44	47	44	37	23	42	43
Y_Contig_135	579525	45	35	27	36	34	18	31	42	25	37	49	44	34	34	44	40	45	47	46	38	23	43	42
Y_Contig_135	579526	46	36	27	36	35	18	31	42	25	37	48	44	34	33	44	40	45	46	45	36	23	43	42
Y_Contig_135	579527	46	36	27	36	35	18	31	42	25	37	48	44	33	33	44	40	45	46	45	36	22	43	42
Y_Contig_135	579528	46	36	26	37	35	18	31	42	24	37	47	44	33	32	44	40	45	46	45	36	22	43	42
Y_Contig_135	579529	45	35	26	37	35	18	31	42	24	37	47	45	33	32	43	40	45	46	45	36	22	43	42
Y_Contig_135	579530	45	35	25	37	35	18	31	41	23	36	46	45	33	31	43	41	44	45	43	37	22	44	43
Y_Contig_135	579531	45	36	25	37	35	18	31	41	23	37	46	45	33	31	43	41	44	45	43	37	21	45	43
Y_Contig_135	579532	46	36	25	36	36	18	31	41	23	37	46	44	33	31	43	42	44	45	43	37	21	45	42
Y_Contig_135	579533	46	35	24	36	36	18	31	40	23	37	46	44	33	31	43	42	43	45	43	37	21	44	43
Y_Contig_135	579534	46	35	25	36	35	19	31	39	23	37	46	43	33	31	43	42	43	44	43	36	21	43	41
Y_Contig_135	579535	46	34	25	36	35	19	31	40	23	37	47	43	34	32	42	42	43	44	44	36	21	43	41
Y_Contig_135	579536	47	34	25	36	34	20	31	40	23	38	47	42	33	32	42	41	43	43	43	35	21	43	41
Y_Contig_135	579537	47	35	25	36	34	20	29	40	23	39	46	42	33	33	42	40	43	44	43	35	21	44	41
Y_Contig_135	579538	47	35	25	36	34	20	29	41	23	39	46	42	34	33	40	41	43	44	43	36	20	46	42
Y_Contig_135	579539	47	36	25	37	34	20	29	41	23	39	45	42	33	31	40	41	42	44	43	36	20	47	42
Y_Contig_135	579540	47	36	24	37	34	21	29	42	23	39	45	42	31	30	42	42	42	44	41	36	20	47	42
Y_Contig_135	579541	47	36	24	38	34	23	30	42	23	38	45	42	31	29	42	42	42	44	42	36	20	47	42
Y_Contig_135	579542	47	36	24	38	33	23	30	42	23	38	45	43	31	29	42	41	41	44	42	37	19	47	42
Y_Contig_135	579543	47	36	25	35	33	23	30	42	23	38	45	43	31	29	42	41	42	44	42	38	19	47	42
Y_Contig_135	579544	47	36	25	35	33	23	29	42	23	38	45	43	32	29	42	41	42	43	41	38	20	47	42
Y_Contig_135	579545	47	36	25	35	32	23	29	42	23	38	45	43	30	29	42	41	42	43	41	38	20	47	41
Y_Contig_135	579546	48	35	25	35	31	23	29	42	23	38	45	42	30	29	41	41	42	43	41	37	20	46	41
Y_Contig_135	579547	48	35	25	35	30	24	29	41	23	38	45	43	30	30	41	41	43	41	41	37	19	46	42
Y_Contig_135	579548	48	35	25	35	30	24	29	41	23	38	46	44	30	30	40	41	43	41	41	37	18	46	42
Y_Contig_135	579549	48	35	25	36	29	24	29	41	23	38	46	44	30	30	40	41	42	41	41	37	18	45	42
Y_Contig_135	579550	49	36	26	36	29	24	30	41	24	38	46	44	30	32	41	43	41	43	42	37	19	46	42
Y_Contig_135	579551	48	36	26	36	29	23	30	41	24	38	47	43	29	30	41	42	39	43	42	37	19	47	41
Y_Contig_135	579552	48	36	26	35	28	21	30	41	24	36	48	43	29	30	41	42	38	43	43	37	20	47	41
Y_Contig_135	579553	48	36	26	35	28	22	31	41	23	36	48	43	28	30	41	42	38	43	43	37	20	46	41
Y_Contig_135	579554	48	36	25	35	27	22	32	41	22	36	49	43	28	29	41	42	38	43	43	36	20	46	41
Y_Contig_135	579555	49	35	25	35	27	22	32	40	23	36	49	43	29	30	42	42	39	43	43	38	20	46	40
Y_Contig_135	579556	50	35	24	34	27	22	33	40	21	36	50	43	29	30	42	42	38	44	43	38	20	47	40
Y_Contig_135	579557	51	35	24	34	27	21	32	40	21	36	50	43	28	30	42	41	37	43	43	38	20	47	40
Y_Contig_135	579558	51	35	25	34	27	21	32	41	23	36	50	42	27	32	42	40	36	43	43	38	20	47	39
Y_Contig_135	579559	52	34	25	34	27	21	32	38	23	36	50	41	27	32	42	38	36	42	42	38	20	47	39
Y_Contig_135	579560	52	35	25	34	27	21	33	39	23	36	51	41	27	30	41	38	36	41	40	38	21	47	39
Y_Contig_135	579561	52	35	25	35	28	21	34	39	23	35	50	41	27	30	41	38	36	41	39	38	21	47	40
Y_Contig_135	579562	54	35	25	35	27	21	34	37	23	34	48	41	27	30	40	38	36	39	37	36	21	47	40
Y_Contig_135	579563	53	37	25	35	27	21	34	38	25	34	49	41	27	31	41	38	36	40	37	36	22	47	40
Y_Contig_135	579564	54	37	26	35	29	21	34	38	25	34	49	41	28	31	41	39	36	40	37	36	22	48	41
Y_Contig_135	579565	54	37	26	35	29	21	34	37	24	34	49	40	29	31	41	40	36	40	37	36	23	48	40
Y_Contig_135	579566	53	36	26	35	29	19	34	37	24	34	49	39	28	32	41	40	36	40	37	35	23	49	39
Y_Contig_135	579567	53	36	26	35	28	20	35	37	24	35	49	39	28	31	41	40	35	39	38	35	23	48	39
Y_Contig_135	579568	53	36	26	35	28	20	34	40	24	35	48	39	27	31	41	39	35	38	38	35	22	48	40
Y_Contig_135	579569	53	36	25	35	28	20	34	40	25	34	48	39	27	31	40	39	35	37	38	35	22	50	39
Y_Contig_135	579570	53	37	25	35	27	20	34	40	25	33	48	39	27	32	40	40	35	37	37	35	23	50	38
Y_Contig_135	579571	52	38	25	35	27	20	34	39	25	34	48	39	27	32	41	40	35	37	38	35	23	50	37
Y_Contig_135	579572	51	37	25	34	26	20	34	39	25	34	48	39	26	32	41	39	35	37	39	34	23	50	37
Y_Contig_135	579573	51	37	25	34	26	20	34	39	25	34	48	37	27	33	41	39	32	37	38	34	23	50	36
Y_Contig_135	579574	51	36	26	35	26	20	35	40	26	34	47	38	29	33	41	38	33	36	40	35	22	49	37
Y_Contig_135	579575	52	35	26	36	26	21	35	41	26	33	47	37	29	33	41	38	33	36	40	35	22	49	37
Y_Contig_135	579576	53	35	26	36	26	21	34	41	25	33	47	37	30	33	41	38	33	37	40	35	22	48	37
Y_Contig_135	579577	53	35	26	35	26	21	34	41	25	31	46	37	30	33	41	38	32	37	40	36	22	47	37
Y_Contig_135	579578	51	35	25	34	25	21	34	41	25	31	46	37	30	32	41	38	31	37	39	36	22	47	38
Y_Contig_135	579579	50	35	26	34	25	21	33	41	25	32	43	37	30	32	41	37	31	37	39	36	21	46	38
Y_Contig_135	579580	49	35	26	34	24	21	32	41	25	32	44	38	31	32	41	37	31	36	39	36	21	45	38
Y_Contig_135	579581	48	35	25	33	23	20	32	41	25	32	44	38	31	32	40	36	31	35	38	36	20	44	39
Y_Contig_135	579582	48	35	25	33	23	20	32	41	25	32	44	38	31	32	40	36	33	35	37	37	20	44	38
Y_Contig_135	579583	48	35	26	34	23	20	32	41	25	33	44	37	31	32	40	36	33	35	36	37	20	44	39
Y_Contig_135	579584	47	35	26	34	23	20	32	41	25	34	44	37	29	32	40	36	32	37	36	38	20	45	38
Y_Contig_135	579585	47	36	26	34	23	20	32	42	25	34	43	37	30	32	39	35	32	36	35	38	19	45	38
Y_Contig_135	579586	47	35	26	34	23	20	32	43	25	33	42	36	30	32	34	36	32	35	35	38	19	45	38
Y_Contig_135	579587	46	34	27	34	23	19	32	43	25	35	44	35	29	32	36	36	34	34	35	38	20	44	38
Y_Contig_135	579588	46	34	27	33	23	19	33	43	25	34	44	35	29	32	35	36	34	34	34	38	21	44	37
Y_Contig_135	579589	45	34	27	32	23	19	33	43	25	34	44	33	29	31	35	36	32	34	34	38	21	44	37
Y_Contig_135	579590	45	34	27	32	23	19	35	43	24	35	45	32	29	32	34	36	33	35	34	38	21	47	37
Y_Contig_135	579591	45	35	27	31	23	20	34	43	25	35	46	31	29	32	34	36	33	35	34	38	21	47	37
Y_Contig_135	579592	45	34	27	31	23	20	34	43	25	35	46	30	29	32	34	36	33	35	34	38	21	47	36
Y_Contig_135	579593	45	34	27	30	22	20	34	43	26	34	46	30	29	31	34	36	33	35	34	38	21	47	36
Y_Contig_135	579594	45	33	27	30	22	20	35	42	26	35	45	30	29	31	34	36	33	35	34	37	21	48	37
Y_Contig_135	579595	45	34	27	30	21	21	34	42	26	35	45	31	29	32	34	36	36	35	33	38	20	48	36
Y_Contig_135	579596	43	33	27	30	22	21	33	42	27	36	45	31	28	31	34	36	36	34	33	38	20	48	36
Y_Contig_135	579597	42	31	27	30	22	21	33	42	28	37	45	31	28	31	34	36	36	34	32	38	20	50	37
Y_Contig_135	579598	41	31	27	30	22	21	34	42	28	36	45	30	28	31	34	35	36	35	32	36	20	50	36
Y_Contig_135	579599	41	31	27	29	22	22	34	41	28	36	44	31	28	31	35	35	36	35	32	33	20	50	36
Y_Contig_135	579600	41	31	27	29	22	22	35	42	28	35	48	32	28	31	34	35	36	35	32	33	20	50	39
Y_Contig_135	579601	39	31	27	29	22	22	35	42	27	35	48	32	27	32	34	35	38	35	32	31	19	50	39
Y_Contig_135	579602	39	31	27	28	21	21	36	43	26	35	47	32	27	31	33	35	36	35	32	31	19	50	39
Y_Contig_135	579603	39	33	27	28	21	21	36	43	26	35	47	33	27	32	32	36	36	35	33	31	19	50	40
Y_Contig_135	579604	39	33	27	29	20	21	36	43	26	34	46	33	27	30	32	36	36	35	32	31	19	50	39
Y_Contig_135	579605	39	33	28	29	20	21	36	43	27	35	47	32	27	30	32	36	38	35	33	32	19	51	40
Y_Contig_135	579606	38	34	28	29	19	22	36	42	28	35	47	32	26	30	34	38	38	37	33	31	19	51	39
Y_Contig_135	579607	39	34	27	30	18	22	35	42	28	35	47	32	26	31	34	37	39	36	33	31	19	50	40
Y_Contig_135	579608	39	34	27	31	18	23	35	42	28	35	46	32	26	31	34	38	40	37	33	31	19	50	40
Y_Contig_135	579609	39	33	27	31	18	24	35	42	28	35	46	31	26	31	34	38	41	37	33	31	20	48	40
Y_Contig_135	579610	38	33	27	31	18	24	35	42	28	35	47	31	26	31	34	38	43	36	33	31	20	47	41
Y_Contig_135	579611	37	32	28	31	19	24	35	40	29	33	46	30	26	31	34	37	42	35	33	31	20	47	40
Y_Contig_135	579612	38	32	28	33	19	24	34	39	29	33	46	30	26	31	35	40	42	36	34	32	20	47	40
Y_Contig_135	579613	38	32	28	34	19	24	34	39	29	33	46	30	26	32	36	39	42	38	35	32	20	47	40
Y_Contig_135	579614	38	32	28	33	18	24	33	38	29	31	46	29	26	32	36	37	42	38	34	31	19	47	41
Y_Contig_135	579615	38	31	27	33	18	24	33	39	29	30	46	29	26	32	37	37	42	40	35	31	20	47	43
Y_Contig_135	579616	37	31	26	32	17	24	33	39	28	30	46	30	26	32	38	37	42	40	36	31	20	47	45
Y_Contig_135	579617	37	31	26	32	17	24	33	38	28	30	45	29	25	32	37	37	42	41	36	30	20	48	45
Y_Contig_135	579618	36	31	27	32	17	23	33	39	28	31	44	30	24	31	37	37	42	41	37	31	19	49	44
Y_Contig_135	579619	36	31	26	32	17	23	34	40	28	31	46	30	25	31	36	36	42	40	37	30	19	49	44
Y_Contig_135	579620	34	32	26	30	18	23	34	39	27	31	46	31	25	32	37	37	42	42	36	30	19	49	44
Y_Contig_135	579621	34	31	26	30	19	24	34	38	30	31	45	30	25	32	36	37	42	43	36	30	18	49	44
Y_Contig_135	579622	34	31	25	30	19	24	33	37	30	31	45	30	25	31	34	36	42	43	37	30	19	49	44
Y_Contig_135	579623	35	32	25	30	19	25	33	37	30	31	45	30	27	31	35	37	42	44	37	30	19	49	45
Y_Contig_135	579624	35	32	26	29	20	25	34	36	31	30	46	30	27	31	34	37	42	44	37	29	19	49	44
Y_Contig_135	579625	35	33	26	28	19	25	34	36	33	31	46	30	27	31	34	37	43	44	37	27	19	49	43
Y_Contig_135	579626	35	32	26	29	19	25	33	36	33	31	46	30	27	31	34	36	43	44	37	27	19	49	43
Y_Contig_135	579627	35	33	26	29	19	24	33	36	33	30	45	32	28	31	35	36	43	44	37	27	19	49	43
Y_Contig_135	579628	35	33	24	29	19	24	32	36	33	30	45	32	29	31	35	36	44	43	37	27	19	48	44
Y_Contig_135	579629	35	32	24	29	20	24	32	35	33	29	45	30	29	32	35	36	44	43	37	27	19	48	44
Y_Contig_135	579630	35	32	24	29	20	25	33	35	33	29	45	30	30	32	36	36	44	43	38	27	19	48	44
Y_Contig_135	579631	35	33	25	29	19	25	33	36	33	29	45	30	30	32	36	38	42	43	37	27	19	50	44
Y_Contig_135	579632	36	33	25	30	19	25	33	34	33	29	45	29	28	32	36	38	42	43	37	27	19	48	45
Y_Contig_135	579633	36	34	25	30	19	25	33	34	33	29	45	29	28	32	36	39	42	42	37	27	19	49	45
Y_Contig_135	579634	36	33	25	30	18	25	33	34	33	27	45	29	27	32	35	39	42	41	36	27	19	49	45
Y_Contig_135	579635	35	33	25	31	19	25	33	33	34	27	45	27	26	32	32	40	42	41	36	26	19	49	45
Y_Contig_135	579636	35	33	25	30	19	25	34	33	34	29	41	27	26	32	33	40	42	41	36	26	19	50	45
Y_Contig_135	579637	35	33	24	30	19	25	34	33	35	29	42	27	26	32	33	40	42	42	37	26	19	50	45
Y_Contig_135	579638	36	33	24	31	19	25	34	33	34	29	42	27	27	32	33	41	42	42	36	26	20	49	45
Y_Contig_135	579639	36	33	24	30	19	25	34	33	33	29	42	27	27	32	33	41	42	42	36	26	20	48	45
Y_Contig_135	579640	36	33	24	30	18	26	33	32	32	29	42	27	26	32	32	41	42	42	37	26	20	47	44
Y_Contig_135	579641	36	33	23	30	18	25	33	33	32	29	43	29	26	31	32	41	41	43	39	26	20	48	44
Y_Contig_135	579642	36	33	23	30	18	25	33	33	32	29	43	30	26	30	32	41	41	43	39	26	20	48	44
Y_Contig_135	579643	36	33	23	28	18	25	33	34	33	29	44	29	24	31	32	40	40	43	38	27	20	48	44
Y_Contig_135	579644	36	33	23	28	18	25	33	34	34	29	44	29	24	31	32	40	40	43	38	26	22	48	44
Y_Contig_135	579645	35	33	22	28	18	25	33	34	34	28	44	28	24	30	33	41	40	43	38	26	22	48	44
Y_Contig_135	579646	34	33	23	28	18	25	33	34	34	28	43	28	24	31	33	41	38	43	39	26	22	48	44
Y_Contig_135	579647	34	33	24	28	18	25	33	35	34	28	43	28	24	30	34	43	38	43	39	26	22	48	45
Y_Contig_135	579648	34	33	25	28	18	25	34	35	34	28	43	28	24	30	35	43	38	43	39	27	22	48	45
Y_Contig_135	579649	34	33	25	29	18	25	34	35	34	28	43	28	26	30	35	44	38	43	39	27	23	48	45
Y_Contig_135	579650	34	33	26	29	16	25	34	35	34	30	43	27	26	31	35	44	38	43	38	27	24	48	45
Y_Contig_135	579651	34	34	23	29	16	25	34	34	34	30	42	27	27	31	35	45	38	43	37	27	24	47	45
Y_Contig_135	579652	34	34	23	29	16	26	33	34	33	30	43	27	26	33	35	45	38	43	37	27	24	47	46
Y_Contig_135	579653	34	34	24	29	16	27	34	34	34	30	43	26	26	33	35	44	38	43	37	27	24	47	45
Y_Contig_135	579654	34	34	24	29	16	27	34	34	35	30	43	26	26	33	35	44	38	43	38	27	24	47	45
Y_Contig_135	579655	33	34	24	28	16	27	34	34	35	30	43	26	26	33	35	43	39	43	37	27	25	48	45
Y_Contig_135	579656	34	34	24	28	16	27	34	34	35	31	43	26	28	34	35	43	39	42	36	28	25	48	44
Y_Contig_135	579657	34	34	24	28	16	26	34	35	35	31	43	26	28	34	34	42	39	42	36	27	25	48	45
Y_Contig_135	579658	34	37	24	27	16	26	34	36	34	30	44	27	29	34	34	41	41	39	36	26	25	48	45
Y_Contig_135	579659	34	37	24	26	16	26	34	37	34	31	44	28	29	34	34	40	42	39	36	26	25	48	45
Y_Contig_135	579660	33	37	24	26	16	25	35	37	34	31	43	29	30	34	34	40	42	40	36	26	25	48	44
Y_Contig_135	579661	33	36	24	26	16	25	33	37	34	31	43	29	30	34	34	38	41	41	36	27	25	48	44
Y_Contig_135	579662	32	36	24	25	16	25	32	37	34	31	44	30	30	34	36	40	41	40	36	28	25	49	44
Y_Contig_135	579663	32	36	24	25	16	25	32	37	34	31	44	30	31	34	36	40	43	41	36	28	25	50	45
Y_Contig_135	579664	33	36	24	26	16	25	33	37	34	30	44	31	31	33	36	41	43	42	36	28	25	50	45
Y_Contig_135	579665	33	35	24	26	16	25	33	37	34	30	43	30	32	34	36	39	43	42	36	28	25	49	44
Y_Contig_135	579666	33	35	23	26	16	25	33	39	35	30	43	30	32	36	36	39	43	42	36	29	25	50	44
Y_Contig_135	579667	35	35	23	26	16	25	34	38	35	30	41	30	30	36	36	38	44	43	37	31	25	50	45
Y_Contig_135	579668	35	35	23	27	16	25	35	38	35	30	42	31	30	37	36	38	44	43	37	32	25	51	45
Y_Contig_135	579669	35	35	23	27	16	25	35	37	35	30	42	31	30	37	36	38	44	43	38	32	25	53	46
Y_Contig_135	579670	35	34	23	26	16	25	35	37	35	30	42	32	30	36	36	40	43	43	38	31	26	53	46
Y_Contig_135	579671	35	34	24	26	17	26	35	38	35	30	41	32	30	37	35	40	43	42	38	31	26	53	46
Y_Contig_135	579672	35	35	24	24	17	26	35	37	35	30	42	33	30	37	35	41	43	43	37	30	26	53	46
Y_Contig_135	579673	34	35	24	23	17	27	35	38	35	30	43	33	30	36	35	43	43	42	38	29	27	53	45
Y_Contig_135	579674	34	34	24	23	17	27	34	37	35	30	41	33	30	36	35	43	41	42	37	29	27	54	45
Y_Contig_135	579675	34	34	24	23	17	27	34	37	35	30	41	33	30	36	34	43	41	42	36	28	27	53	45
Y_Contig_135	579676	33	33	24	23	16	28	34	38	35	30	41	33	30	36	34	43	41	42	36	28	27	52	45
Y_Contig_135	579677	33	33	26	24	17	29	34	38	35	31	42	33	30	38	34	44	41	42	36	28	28	52	44
Y_Contig_135	579678	33	33	26	23	17	29	34	38	35	31	43	33	30	38	34	44	41	42	36	28	28	52	44
Y_Contig_135	579679	33	33	26	23	17	29	35	38	35	31	43	32	30	38	34	44	41	42	36	27	28	51	44
Y_Contig_135	579680	33	33	26	23	18	29	34	38	37	31	47	32	31	38	34	44	41	43	36	27	28	50	43
Y_Contig_135	579681	33	33	26	23	18	30	34	38	37	30	47	32	31	38	34	44	42	43	36	27	28	50	43
Y_Contig_135	579682	32	34	26	23	20	30	34	38	39	31	47	33	31	38	34	43	42	44	36	27	28	50	43
Y_Contig_135	579683	31	34	25	23	20	30	34	38	40	31	47	33	31	38	33	43	42	43	36	27	28	50	44
Y_Contig_135	579684	31	33	25	23	20	28	34	38	40	30	47	33	30	37	33	43	41	43	35	27	28	51	44
Y_Contig_135	579685	31	35	25	23	20	28	34	37	40	30	47	33	30	37	33	43	41	43	35	27	28	51	44
Y_Contig_135	579686	31	35	25	23	20	28	34	38	40	30	47	33	30	36	33	43	41	43	35	27	28	51	44
Y_Contig_135	579687	31	34	25	23	20	29	34	38	40	29	47	33	30	36	33	43	41	44	35	27	27	50	44
Y_Contig_135	579688	31	34	25	23	20	29	34	37	40	29	48	33	29	36	33	42	41	44	34	26	27	49	43
Y_Contig_135	579689	31	34	25	22	20	29	34	37	40	29	48	33	30	36	34	42	42	46	34	26	27	49	43
Y_Contig_135	579690	30	34	26	23	20	28	34	36	40	29	48	33	31	36	32	41	42	46	34	26	27	49	44
Y_Contig_135	579691	30	34	27	22	20	27	33	36	40	29	50	33	31	36	32	41	42	46	33	26	27	49	44
Y_Contig_135	579692	30	35	26	22	21	27	34	36	40	29	50	33	30	36	32	41	41	46	33	24	27	49	44
Y_Contig_135	579693	30	35	26	22	21	27	34	36	40	30	51	33	30	37	32	41	42	46	34	24	27	49	44
Y_Contig_135	579694	30	35	27	22	22	27	34	36	40	30	52	33	30	37	33	41	42	46	34	24	27	49	44
Y_Contig_135	579695	30	36	28	22	23	26	34	36	40	30	52	32	31	37	32	41	42	45	35	24	28	51	44
Y_Contig_135	579696	29	36	27	22	23	26	34	36	40	30	52	32	32	36	32	39	43	44	35	24	28	51	44
Y_Contig_135	579697	30	37	27	22	23	25	33	36	40	30	52	31	32	35	33	39	42	44	34	24	29	51	43
Y_Contig_135	579698	31	37	27	21	23	25	34	36	39	30	51	30	32	35	33	39	43	44	35	24	28	51	43
Y_Contig_135	579699	31	37	27	21	23	25	34	35	39	30	51	30	32	34	33	39	43	44	35	24	28	50	44
Y_Contig_135	579700	31	36	27	21	24	25	34	35	39	30	50	30	32	34	32	39	43	44	38	24	29	49	44
Y_Contig_135	579701	31	36	27	21	24	25	34	35	39	30	50	30	32	34	31	39	43	44	38	24	29	49	44
Y_Contig_135	579702	32	37	27	21	24	24	32	35	39	31	48	31	32	35	31	39	44	45	37	23	28	49	44
Y_Contig_135	579703	32	38	27	21	24	24	32	36	39	31	48	33	32	35	31	40	44	46	37	23	28	50	45
Y_Contig_135	579704	32	39	27	22	24	24	32	37	39	31	48	33	32	35	31	40	44	46	38	23	28	50	47
Y_Contig_135	579705	31	39	27	22	24	23	32	37	38	31	48	33	31	34	30	40	43	46	38	22	28	50	47
Y_Contig_135	579706	30	38	27	23	25	23	31	37	38	31	47	34	32	34	31	40	43	45	38	23	28	50	46
Y_Contig_135	579707	31	39	27	25	25	23	31	38	38	31	47	35	32	36	31	41	43	45	38	25	28	52	47
Y_Contig_135	579708	31	40	27	25	25	24	31	37	36	31	47	35	32	34	31	41	44	45	38	25	28	52	47
Y_Contig_135	579709	30	40	27	25	25	25	31	36	36	30	47	36	32	34	31	41	44	45	39	25	28	52	48
Y_Contig_135	579710	30	39	28	25	25	26	30	36	37	30	46	36	32	34	31	41	44	45	39	25	27	52	47
Y_Contig_135	579711	30	39	29	24	24	26	29	36	36	30	47	36	34	34	31	41	44	45	40	26	27	51	47
Y_Contig_135	579712	28	39	29	25	24	26	29	37	36	30	47	36	34	34	31	41	44	45	40	26	27	51	46
Y_Contig_135	579713	27	37	28	25	22	26	29	36	34	30	46	36	34	33	31	41	44	45	40	26	26	51	46
Y_Contig_135	579714	27	39	29	25	22	26	30	37	34	30	46	35	33	33	31	40	44	45	40	27	27	50	45
Y_Contig_135	579715	27	39	29	25	22	26	31	38	34	30	47	35	34	33	31	40	44	45	40	27	26	50	46
Y_Contig_135	579716	27	39	29	25	22	26	31	39	34	30	48	35	34	33	31	40	44	45	40	27	27	49	46
Y_Contig_135	579717	27	39	29	26	22	25	30	37	34	29	48	35	35	33	31	40	44	45	39	27	27	49	46
Y_Contig_135	579718	27	39	29	26	22	25	30	36	33	29	47	35	35	33	32	40	44	45	39	28	27	48	45
Y_Contig_135	579719	27	39	29	26	22	25	30	36	32	29	47	35	35	31	32	40	44	45	39	28	25	46	46
Y_Contig_135	579720	27	38	29	26	22	25	30	37	32	29	47	35	35	31	32	39	44	45	39	28	25	46	46
Y_Contig_135	579721	27	37	29	26	22	25	30	37	32	28	47	35	35	31	31	39	44	45	39	28	25	46	46
Y_Contig_135	579722	27	37	29	25	22	26	32	37	32	30	47	35	36	32	32	40	47	46	38	30	25	46	45
Y_Contig_135	579723	26	36	29	25	22	27	33	36	32	30	47	34	36	31	32	40	46	46	38	30	25	46	45
Y_Contig_135	579724	27	37	28	26	22	27	32	36	32	29	48	35	34	31	32	40	46	47	37	29	25	47	46
Y_Contig_135	579725	27	37	28	25	22	26	32	35	33	30	50	36	34	32	34	40	45	47	37	29	24	46	46
Y_Contig_135	579726	27	38	28	25	22	26	32	35	33	30	50	36	33	32	34	40	45	46	37	29	24	46	46
Y_Contig_135	579727	27	38	28	25	22	27	32	35	33	30	50	36	33	32	34	40	46	46	38	28	24	46	45
Y_Contig_135	579728	27	38	28	25	22	27	32	35	34	30	51	35	33	32	34	40	47	46	37	28	24	47	44
Y_Contig_135	579729	27	38	28	25	22	27	32	36	34	30	50	34	32	32	34	40	48	46	36	28	25	47	45
Y_Contig_135	579730	27	38	28	25	22	28	32	37	34	30	50	34	33	32	34	40	48	46	36	28	25	48	44
Y_Contig_135	579731	27	38	30	25	22	28	33	37	35	30	50	34	33	32	35	42	48	46	36	28	25	48	44
Y_Contig_135	579732	27	38	31	25	23	28	34	38	35	30	50	34	33	32	35	42	46	46	36	29	25	48	44
Y_Contig_135	579733	28	38	30	24	23	28	34	39	35	29	50	34	33	32	35	42	51	46	37	28	25	48	43
Y_Contig_135	579734	28	38	30	24	23	28	34	39	35	29	50	34	34	32	35	42	51	44	37	29	25	47	44
Y_Contig_135	579735	29	37	30	24	23	28	34	39	35	30	50	34	33	32	35	41	52	45	36	29	25	48	44
Y_Contig_135	579736	29	37	30	24	23	28	34	38	36	30	51	34	34	32	35	41	53	45	36	29	25	48	44
Y_Contig_135	579737	30	37	29	24	23	28	34	38	37	28	50	34	34	31	33	41	51	46	36	29	26	50	45
Y_Contig_135	579738	31	37	30	24	23	28	33	38	37	29	51	34	34	31	33	41	52	46	36	29	25	50	45
Y_Contig_135	579739	31	37	29	24	23	28	32	38	35	28	51	34	35	31	33	41	53	46	36	29	26	48	44
Y_Contig_135	579740	31	38	29	24	23	28	31	37	35	27	50	34	35	31	33	41	52	46	36	29	26	47	45
Y_Contig_135	579741	31	37	29	24	23	27	31	37	35	27	50	34	35	31	35	41	52	46	36	29	26	47	45
Y_Contig_135	579742	33	37	29	25	22	27	31	38	35	27	50	34	36	31	35	42	53	46	36	29	27	47	45
Y_Contig_135	579743	33	36	29	25	22	26	31	38	34	27	50	33	36	31	35	43	52	46	37	29	27	47	45
Y_Contig_135	579744	33	37	29	25	22	26	31	39	35	26	50	33	36	29	35	43	51	45	38	29	27	46	44
Y_Contig_135	579745	33	38	29	25	21	26	31	40	33	26	50	32	36	29	36	43	50	45	38	29	27	44	44
Y_Contig_135	579746	34	38	29	25	21	26	32	41	34	25	50	32	36	29	36	43	50	45	39	29	27	44	44
Y_Contig_135	579747	34	38	29	25	21	26	32	41	34	24	52	32	36	29	36	43	50	45	39	29	27	44	44
Y_Contig_135	579748	36	38	29	25	21	26	31	41	34	24	52	32	36	29	36	43	51	44	40	29	27	44	46
Y_Contig_135	579749	35	38	30	25	21	25	30	41	34	24	52	31	36	29	35	43	50	44	39	30	27	43	45
Y_Contig_135	579750	35	38	30	25	21	25	29	40	34	26	48	30	36	29	35	44	49	45	39	30	27	44	43
Y_Contig_135	579751	35	38	30	25	21	25	28	40	34	26	48	30	36	29	35	44	49	45	40	30	27	44	43
Y_Contig_135	579752	34	37	30	25	21	25	29	40	33	26	48	30	36	28	36	43	49	45	40	31	27	44	43
Y_Contig_135	579753	34	36	29	27	21	25	29	40	33	26	48	29	36	28	36	43	48	45	42	32	27	44	43
Y_Contig_135	579754	35	36	29	27	22	25	30	41	33	25	48	29	36	28	36	43	47	44	43	32	27	43	42
Y_Contig_135	579755	35	37	29	28	22	25	30	43	33	25	47	29	36	28	36	44	47	44	43	33	26	44	42
Y_Contig_135	579756	35	36	31	28	22	24	30	43	32	25	45	29	36	28	34	42	47	42	43	33	26	42	40
Y_Contig_135	579757	34	36	32	28	22	24	30	42	32	25	45	29	37	26	34	42	45	42	43	33	26	42	40
Y_Contig_135	579758	34	36	32	28	22	23	31	42	32	26	46	30	39	27	34	41	45	41	45	33	26	42	40
Y_Contig_135	579759	34	37	32	28	22	22	31	42	32	27	46	31	39	28	34	42	43	41	45	33	25	43	41
Y_Contig_135	579760	34	37	32	28	22	22	31	42	31	27	47	30	39	29	33	41	41	41	44	33	25	43	40
Y_Contig_135	579761	34	37	31	29	24	22	31	42	31	27	47	30	39	29	33	41	41	41	43	33	25	43	40
Y_Contig_135	579762	33	37	31	27	24	22	32	43	31	28	46	30	40	29	32	38	42	40	42	32	25	44	40
Y_Contig_135	579763	33	37	31	26	24	22	32	43	31	28	46	30	39	28	32	39	42	39	41	33	25	46	40
Y_Contig_135	579764	34	37	31	26	24	22	32	44	31	28	46	30	40	28	32	39	42	40	42	33	25	46	41
Y_Contig_135	579765	33	38	31	26	25	22	32	43	31	28	46	29	40	28	30	39	41	39	41	35	24	45	38
Y_Contig_135	579766	34	38	30	26	25	23	32	42	31	28	46	29	40	28	29	39	41	38	40	35	24	46	38
Y_Contig_135	579767	34	38	29	26	25	23	32	41	33	27	46	30	40	30	29	38	42	38	39	34	24	45	38
Y_Contig_135	579768	34	38	29	26	25	24	32	43	33	27	46	29	40	30	29	38	43	38	40	34	24	45	38
Y_Contig_135	579769	35	38	29	26	25	24	31	41	33	28	45	29	40	31	29	37	44	38	40	34	25	45	38
Y_Contig_135	579770	36	36	29	26	24	24	31	42	31	28	45	29	40	30	27	37	44	36	39	34	25	46	38
Y_Contig_135	579771	35	36	29	27	23	23	31	42	30	28	45	29	40	30	27	36	45	35	40	34	25	46	38
Y_Contig_135	579772	35	36	29	27	23	23	30	42	32	28	45	31	39	30	28	35	45	34	39	35	24	46	38
Y_Contig_135	579773	35	35	29	27	23	22	30	42	32	28	45	32	39	31	27	35	45	34	39	35	24	46	38
Y_Contig_135	579774	35	36	28	27	22	24	29	42	30	28	43	33	39	31	28	35	46	35	40	35	24	47	39
Y_Contig_135	579775	35	35	28	27	22	24	29	42	29	27	42	33	39	31	29	35	45	34	40	34	24	47	40
Y_Contig_135	579776	36	34	28	26	22	26	29	44	29	26	42	32	38	31	29	35	44	34	41	34	24	47	40
Y_Contig_135	579777	36	35	28	26	22	26	29	44	29	26	42	32	38	31	29	35	46	34	41	34	24	47	40
Y_Contig_135	579778	36	36	28	26	22	27	30	44	29	26	42	33	37	31	29	35	45	34	41	34	26	47	39
Y_Contig_135	579779	35	36	27	26	22	27	29	44	29	27	43	33	36	30	28	34	45	34	40	34	26	47	40
Y_Contig_135	579780	35	35	28	26	22	27	29	43	29	27	43	33	36	30	28	33	45	34	40	34	26	46	41
Y_Contig_135	579781	33	34	28	25	22	27	29	43	30	27	44	33	36	30	28	32	45	35	41	34	25	44	40
Y_Contig_135	579782	33	35	28	25	22	27	28	43	30	27	44	33	36	30	28	32	45	36	41	34	25	44	40
Y_Contig_135	579783	34	35	28	25	22	26	28	43	30	27	44	33	36	30	28	32	45	36	41	34	25	44	40
Y_Contig_135	579784	34	35	27	26	22	26	28	43	31	27	44	34	36	30	28	32	45	35	42	35	26	45	41
Y_Contig_135	579785	34	36	27	25	21	26	30	42	29	27	45	34	36	30	28	31	44	36	42	35	26	46	41
Y_Contig_135	579786	34	36	27	25	21	26	29	42	30	26	45	34	36	30	28	31	44	36	43	36	26	45	41
Y_Contig_135	579787	35	36	29	25	21	27	29	42	30	26	44	34	36	30	28	32	44	37	42	36	26	45	41
Y_Contig_135	579788	34	37	29	24	23	27	30	42	30	26	44	34	35	30	28	32	44	37	42	36	25	45	41
Y_Contig_135	579789	34	37	29	24	23	26	31	42	30	27	43	35	35	30	28	33	45	37	43	36	25	45	41
Y_Contig_135	579790	34	37	30	24	23	26	32	42	30	27	42	34	35	30	28	33	45	36	40	37	25	45	41
Y_Contig_135	579791	35	37	32	24	22	27	32	42	29	27	43	32	35	31	28	33	45	36	40	37	26	45	41
Y_Contig_135	579792	35	37	31	24	22	27	32	42	29	27	45	33	36	31	28	33	45	36	40	37	26	45	42
Y_Contig_135	579793	35	37	31	24	22	27	32	41	28	27	44	33	36	31	29	33	45	36	40	36	25	45	42
Y_Contig_135	579794	35	37	31	24	24	27	32	41	27	28	44	33	36	31	30	33	45	36	40	36	24	46	42
Y_Contig_135	579795	36	37	31	24	25	27	32	41	27	28	45	33	36	32	29	33	45	36	40	36	24	46	43
Y_Contig_135	579796	37	37	30	25	25	27	33	41	27	28	45	33	36	31	29	33	45	36	39	38	24	45	43
Y_Contig_135	579797	38	37	27	25	25	27	33	40	28	28	45	33	36	31	26	31	45	36	39	38	25	45	42
Y_Contig_135	579798	38	37	27	25	25	27	32	40	29	28	45	33	36	31	26	31	45	36	39	38	25	45	42
Y_Contig_135	579799	38	37	27	24	25	28	32	40	29	28	45	35	34	31	26	30	45	36	39	38	24	45	42
Y_Contig_135	579800	38	36	27	24	26	27	32	41	29	27	46	35	34	29	27	30	46	37	41	39	23	45	42
Y_Contig_135	579801	38	36	27	24	27	27	32	41	30	27	47	35	33	30	28	29	46	37	41	39	23	45	43
Y_Contig_135	579802	39	36	27	26	27	27	32	41	31	27	47	35	33	29	29	29	47	37	41	39	23	46	43
Y_Contig_135	579803	40	36	27	27	26	26	33	41	30	27	47	35	33	29	29	29	48	38	40	39	22	46	43
Y_Contig_135	579804	40	36	27	26	27	26	33	41	29	28	47	35	33	29	29	29	48	38	40	39	23	46	44
Y_Contig_135	579805	40	37	27	26	28	26	34	42	29	28	47	35	33	29	30	29	47	38	40	39	22	45	44
Y_Contig_135	579806	39	37	27	26	28	26	34	43	29	27	47	35	31	30	30	29	47	38	40	39	23	45	45
Y_Contig_135	579807	38	37	27	26	28	26	34	42	29	27	46	35	31	30	31	29	47	39	40	39	23	45	45
Y_Contig_135	579808	38	34	27	27	28	26	34	41	30	27	46	34	30	29	31	30	45	39	40	40	23	45	46
Y_Contig_135	579809	38	34	27	28	28	26	35	41	30	26	46	33	30	30	31	30	44	39	40	40	23	45	46
Y_Contig_135	579810	38	34	27	29	29	27	34	41	30	26	46	32	29	30	31	31	44	38	40	40	23	45	46
Y_Contig_135	579811	38	34	27	30	28	26	34	42	30	26	45	31	29	31	28	29	43	37	40	39	23	44	46
Y_Contig_135	579812	38	34	28	32	29	26	34	41	30	29	46	31	29	31	28	29	43	38	41	39	23	44	46
Y_Contig_135	579813	38	34	28	33	29	26	34	41	30	29	46	32	30	31	28	29	42	37	41	40	24	43	45
Y_Contig_135	579814	37	34	28	32	29	26	34	41	30	29	46	31	30	31	28	28	43	36	41	40	24	43	45
Y_Contig_135	579815	36	34	28	32	29	26	33	41	30	29	46	31	29	31	28	28	43	36	41	40	24	43	45
Y_Contig_135	579816	36	35	28	32	30	26	33	40	29	29	47	31	29	29	28	28	43	37	41	39	25	42	45
Y_Contig_135	579817	34	35	28	32	30	26	32	40	29	30	47	31	29	29	28	28	42	37	40	37	25	41	44
Y_Contig_135	579818	34	35	28	31	30	26	31	40	28	30	47	30	29	29	28	28	42	37	40	36	26	40	44
Y_Contig_135	579819	35	38	27	31	31	25	31	39	30	30	45	26	31	29	30	24	44	36	38	36	24	39	43
Y_Contig_135	579820	35	37	27	31	31	25	31	41	30	30	45	26	31	29	30	24	44	38	38	35	25	40	44
Y_Contig_135	579821	35	37	27	31	30	24	31	41	30	30	45	26	31	28	30	25	44	38	38	35	25	40	44
Y_Contig_135	579822	35	37	28	31	30	25	31	41	30	30	46	26	31	28	31	25	44	40	38	35	26	40	44
Y_Contig_135	579823	35	37	28	31	30	25	31	40	30	30	47	26	31	28	31	25	44	40	38	36	26	39	44
Y_Contig_135	579824	38	38	27	29	29	24	31	40	30	29	48	27	31	29	31	27	45	41	38	36	26	38	44
Y_Contig_135	579825	38	38	26	29	29	24	31	40	30	29	48	27	31	29	31	27	45	41	38	36	25	37	44
Y_Contig_135	579826	38	40	27	29	28	23	31	39	30	29	46	27	31	27	30	26	45	41	39	38	25	38	46
Y_Contig_135	579827	39	40	27	29	28	23	31	39	30	29	46	27	31	27	30	25	45	41	39	39	26	39	46
Y_Contig_135	579828	39	40	27	29	29	24	30	39	29	29	44	27	31	27	30	25	45	41	39	40	26	40	46
Y_Contig_135	579829	39	40	27	29	29	24	30	39	29	29	43	28	31	27	31	25	45	41	41	40	27	40	46
Y_Contig_135	579830	40	38	27	29	27	23	30	39	27	29	42	28	30	27	31	26	44	40	41	39	28	40	46
Y_Contig_135	579831	40	38	27	29	26	23	30	39	28	29	42	29	30	27	31	27	45	40	41	39	28	40	47
Y_Contig_135	579832	40	38	27	29	25	23	30	39	27	28	42	29	30	27	31	28	45	39	41	41	28	40	47
Y_Contig_135	579833	40	38	27	29	25	25	30	39	27	29	43	30	30	27	31	29	46	40	41	41	30	40	46
Y_Contig_135	579834	39	39	27	30	26	25	30	39	27	29	43	30	30	27	31	29	46	40	41	41	30	40	46
Y_Contig_135	579835	39	37	27	30	26	25	30	39	27	29	42	30	30	27	31	30	46	41	41	41	30	40	46
Y_Contig_135	579836	39	36	27	30	26	24	30	38	28	30	41	30	30	27	31	32	46	39	42	41	30	39	46
Y_Contig_135	579837	40	36	27	30	26	24	30	38	28	30	42	30	30	27	31	32	47	39	42	42	30	38	46
Y_Contig_135	579838	40	36	27	30	26	24	31	39	28	31	43	30	30	27	31	32	47	39	42	42	30	38	46
Y_Contig_135	579839	40	37	26	29	26	24	31	39	28	31	44	30	28	27	30	33	46	37	42	42	30	38	45
Y_Contig_135	579840	40	37	26	29	26	24	31	39	28	32	43	30	28	27	30	33	46	37	42	42	30	39	46
Y_Contig_135	579841	40	36	25	29	25	23	31	39	28	32	43	30	28	27	30	33	46	39	42	43	30	38	46
Y_Contig_135	579842	40	36	25	29	25	23	31	39	28	32	43	29	28	26	31	33	46	39	42	43	29	39	48
Y_Contig_135	579843	41	36	26	29	26	23	31	40	28	31	43	30	28	28	31	33	47	41	42	43	30	40	50
Y_Contig_135	579844	41	37	25	29	25	24	32	41	28	32	43	30	27	28	30	34	47	44	42	43	30	40	51
Y_Contig_135	579845	44	36	24	29	24	24	32	41	28	32	43	30	27	28	32	34	48	45	41	43	29	38	51
Y_Contig_135	579846	44	36	24	29	24	24	32	41	28	32	43	30	26	28	32	34	48	45	41	43	29	38	51
Y_Contig_135	579847	43	35	25	29	24	24	32	41	28	32	43	31	27	28	31	34	48	44	41	43	28	38	51
Y_Contig_135	579848	42	34	26	29	24	24	31	41	28	32	43	31	27	29	31	34	48	45	40	43	27	38	52
Y_Contig_135	579849	42	34	26	29	24	24	31	41	28	32	44	31	27	29	31	34	48	45	39	43	27	38	53
Y_Contig_135	579850	42	34	26	30	23	24	31	41	29	33	44	31	28	29	31	34	48	46	37	43	27	38	53
Y_Contig_135	579851	42	35	26	30	23	24	31	41	29	33	44	30	28	29	32	35	48	47	37	43	27	38	53
Y_Contig_135	579852	42	34	27	30	23	24	31	41	30	33	44	31	28	29	33	35	47	47	37	43	27	38	53
Y_Contig_135	579853	42	33	27	30	23	24	31	40	30	33	44	29	28	29	33	34	47	47	38	43	27	37	52
Y_Contig_135	579854	42	33	28	29	23	25	31	39	30	34	44	29	28	29	34	36	47	48	37	43	29	37	50
Y_Contig_135	579855	43	33	28	28	23	25	31	39	30	34	44	29	27	30	34	36	48	48	37	43	29	39	50
Y_Contig_135	579856	42	32	28	28	22	25	32	38	30	34	44	28	27	30	34	37	48	48	37	42	29	39	50
Y_Contig_135	579857	41	32	28	27	22	25	32	38	31	34	43	28	27	28	34	36	50	48	38	41	29	38	49
Y_Contig_135	579858	41	31	28	27	22	24	32	38	31	35	43	28	27	29	34	37	50	50	38	41	29	38	49
Y_Contig_135	579859	40	31	28	28	22	24	32	39	31	35	43	27	28	29	34	37	50	50	37	41	29	38	48
Y_Contig_135	579860	40	32	27	29	22	23	32	39	30	35	43	27	28	29	34	37	50	51	37	43	29	38	49
Y_Contig_135	579861	40	32	26	29	22	23	32	39	30	36	44	27	26	29	36	37	51	51	37	42	29	39	48
Y_Contig_135	579862	41	31	26	30	22	23	33	38	30	36	44	27	26	29	36	37	51	51	37	42	29	39	48
Y_Contig_135	579863	41	30	27	30	22	23	33	37	30	35	44	27	25	29	35	37	51	51	37	43	28	40	49
Y_Contig_135	579864	42	29	26	32	22	24	33	37	30	35	45	27	25	30	35	38	51	51	37	42	28	42	49
Y_Contig_135	579865	43	29	26	32	22	24	32	36	30	35	44	28	24	31	35	38	51	51	37	42	28	42	48
Y_Contig_135	579866	43	29	26	32	22	24	32	36	30	37	43	28	25	30	36	38	51	51	37	42	28	42	48
Y_Contig_135	579867	44	29	26	31	22	24	32	36	30	37	44	28	24	30	36	38	51	52	38	43	28	42	49
Y_Contig_135	579868	44	29	26	31	22	25	33	37	31	38	44	28	24	30	35	38	51	53	38	42	28	42	49
Y_Contig_135	579869	44	29	26	31	22	25	33	37	31	38	45	28	23	29	35	38	51	53	38	42	28	42	48
Y_Contig_135	579870	44	29	26	31	22	24	32	36	31	38	45	28	23	29	35	38	50	53	38	42	28	42	48
Y_Contig_135	579871	45	29	26	31	22	24	32	37	32	37	47	28	22	30	34	37	50	54	37	41	28	42	49
Y_Contig_135	579872	45	29	26	31	22	24	31	37	32	36	47	28	22	30	34	37	49	53	37	40	28	42	49
Y_Contig_135	579873	44	28	26	30	22	23	30	38	31	35	46	26	22	30	34	38	50	52	36	40	28	41	49
Y_Contig_135	579874	44	28	26	30	22	23	30	38	30	36	47	26	22	30	33	39	50	52	37	41	28	41	49
Y_Contig_135	579875	44	27	25	30	22	22	30	38	30	36	46	26	22	29	32	39	51	52	37	42	28	42	49
Y_Contig_135	579876	44	28	25	30	22	23	30	38	30	35	47	26	23	29	32	42	51	52	37	42	29	42	49
Y_Contig_135	579877	44	28	25	30	22	23	30	39	30	36	48	26	23	29	32	42	50	53	36	42	29	42	49
Y_Contig_135	579878	44	28	25	30	22	23	31	39	29	36	49	26	23	29	32	43	49	54	36	42	29	42	48
Y_Contig_135	579879	44	28	24	30	22	24	31	39	30	36	49	26	23	29	32	44	48	54	37	42	28	42	47
Y_Contig_135	579880	45	28	24	30	22	23	31	38	30	36	49	26	22	29	33	45	48	54	37	42	28	41	48
Y_Contig_135	579881	45	30	24	30	22	23	31	38	29	36	50	26	22	29	32	45	48	54	38	42	28	42	48
Y_Contig_135	579882	45	30	23	31	21	23	31	37	30	36	50	26	22	29	33	46	48	55	39	40	28	45	48
Y_Contig_135	579883	45	30	23	31	21	23	31	36	32	36	50	26	23	29	34	46	43	54	39	40	28	45	48
Y_Contig_135	579884	44	30	24	31	21	23	31	36	32	35	50	27	22	29	34	46	43	54	39	38	28	45	47
Y_Contig_135	579885	44	31	26	31	21	23	31	35	32	34	50	27	22	30	35	46	42	55	40	38	28	44	48
Y_Contig_135	579886	44	31	27	32	21	23	31	35	32	34	49	27	21	32	35	46	41	55	40	38	28	44	48
Y_Contig_135	579887	43	31	28	32	21	23	32	35	30	34	48	27	23	32	35	46	41	54	40	39	26	42	48
Y_Contig_135	579888	42	31	27	32	21	23	32	34	30	32	47	27	22	31	36	47	40	55	40	39	25	43	48
Y_Contig_135	579889	42	31	27	32	21	23	32	34	30	32	47	27	22	32	36	47	39	54	40	39	25	43	49
Y_Contig_135	579890	43	30	27	31	21	24	32	34	30	32	46	27	22	32	36	47	39	54	40	40	26	43	48
Y_Contig_135	579891	43	30	28	31	21	24	32	33	30	32	46	27	23	34	34	45	38	54	39	40	25	43	48
Y_Contig_135	579892	41	30	28	31	21	24	33	33	30	32	47	27	22	35	34	46	38	54	39	40	25	45	48
Y_Contig_135	579893	41	29	28	31	22	24	33	32	30	32	47	27	22	35	34	46	38	54	39	40	25	44	49
Y_Contig_135	579894	41	29	29	31	22	24	32	32	29	32	47	28	22	36	34	46	38	54	38	39	25	44	50
Y_Contig_135	579895	42	28	29	31	22	24	32	31	30	32	47	28	22	36	33	46	38	54	38	39	26	45	50
Y_Contig_135	579896	41	28	29	31	22	24	32	30	29	32	48	28	22	36	34	46	38	54	38	39	26	45	51
Y_Contig_135	579897	42	28	31	31	22	24	32	30	30	32	46	28	22	36	34	46	38	55	39	39	26	44	52
Y_Contig_135	579898	41	29	31	31	22	24	32	30	30	31	46	29	22	36	34	46	37	55	39	39	26	44	50
Y_Contig_135	579899	41	31	30	30	23	24	32	29	30	32	46	31	22	36	34	45	37	55	39	39	27	44	51
Y_Contig_135	579900	42	32	30	30	23	24	33	29	30	31	46	31	22	36	34	45	37	55	39	39	28	43	52
Y_Contig_135	579901	42	33	30	30	23	24	33	31	30	31	46	31	22	36	33	45	36	55	38	40	28	43	52
Y_Contig_135	579902	42	33	30	30	24	24	32	31	30	31	46	31	23	36	33	45	37	55	37	39	28	43	53
Y_Contig_135	579903	42	33	30	29	24	24	32	31	30	31	46	31	23	36	34	45	38	57	34	39	28	43	52
Y_Contig_135	579904	42	33	30	28	26	26	32	30	30	31	46	31	23	37	34	45	38	57	33	37	28	42	52
Y_Contig_135	579905	43	32	30	27	26	26	33	29	30	31	46	32	23	38	34	44	38	57	33	37	28	42	53
Y_Contig_135	579906	43	33	28	27	27	26	33	29	31	31	47	32	21	38	34	45	37	58	33	38	29	44	54
Y_Contig_135	579907	43	33	27	28	28	26	32	29	31	31	47	31	20	38	34	45	37	58	33	38	29	44	53
Y_Contig_135	579908	43	33	27	27	28	26	32	29	31	30	48	31	20	37	34	46	37	58	33	39	29	44	52
Y_Contig_135	579909	43	33	27	27	29	27	32	30	31	29	50	30	23	38	34	46	38	58	33	39	29	45	53
Y_Contig_135	579910	44	33	27	27	29	27	32	30	31	29	49	30	23	37	34	46	38	58	33	39	29	45	53
Y_Contig_135	579911	44	33	29	26	27	27	33	31	32	29	49	30	23	37	34	46	38	58	33	39	29	44	54
Y_Contig_135	579912	44	32	30	26	27	26	32	30	33	28	50	30	23	37	33	45	37	58	32	37	30	40	52
Y_Contig_135	579913	44	32	32	27	27	27	32	31	33	29	50	30	24	37	35	45	37	56	32	37	30	41	52
Y_Contig_135	579914	43	32	32	27	27	27	32	30	33	29	50	30	23	37	35	45	37	55	32	37	30	41	51
Y_Contig_135	579915	44	33	33	28	26	27	32	30	34	29	50	30	23	38	35	45	37	55	33	36	30	43	51
Y_Contig_135	579916	43	33	33	28	26	28	32	30	35	30	51	30	23	38	35	45	39	57	33	36	30	44	52
Y_Contig_135	579917	43	33	35	28	26	27	32	29	34	29	51	30	24	36	35	45	38	58	33	36	30	45	52
Y_Contig_135	579918	44	35	36	29	26	27	32	28	34	29	51	30	24	36	35	46	38	58	33	37	30	46	52
Y_Contig_135	579919	43	35	37	29	26	28	32	28	34	29	50	30	23	35	35	46	37	58	33	37	29	46	52
Y_Contig_135	579920	42	35	37	29	26	28	33	27	36	29	50	29	23	35	35	45	37	58	33	37	29	45	52
Y_Contig_135	579921	42	36	38	28	26	28	34	29	34	30	52	30	23	35	35	46	39	57	34	38	29	48	51
Y_Contig_135	579922	41	36	38	28	26	28	34	29	34	30	52	29	23	35	34	46	39	57	34	37	29	48	50
Y_Contig_135	579923	41	36	38	29	26	28	34	29	34	30	52	28	22	34	35	48	40	57	36	37	29	48	50
Y_Contig_135	579924	41	35	39	29	26	26	34	30	34	30	52	28	22	34	34	48	40	56	36	37	30	47	49
Y_Contig_135	579925	41	35	39	29	26	26	34	30	34	30	53	28	23	34	34	48	40	56	35	37	30	47	49
Y_Contig_135	579926	41	35	39	29	27	24	34	28	34	30	53	27	23	34	33	48	40	56	35	37	30	47	49
Y_Contig_135	579927	41	34	40	29	28	25	34	28	34	31	54	27	23	34	33	49	38	57	35	38	30	48	50
Y_Contig_135	579928	41	34	41	29	29	25	33	28	34	31	54	26	23	34	33	49	38	57	35	38	28	48	50
Y_Contig_135	579929	41	34	41	29	28	24	33	28	34	31	52	26	22	35	33	50	38	58	35	39	28	48	49
Y_Contig_135	579930	41	34	41	30	29	24	34	29	34	32	52	26	22	35	34	51	38	58	36	40	28	48	50
Y_Contig_135	579931	43	34	41	30	30	24	33	29	33	32	51	27	22	35	34	51	38	57	35	42	28	49	49
Y_Contig_135	579932	43	33	42	30	30	24	33	29	33	32	51	27	22	35	34	51	38	56	35	42	28	49	49
Y_Contig_135	579933	42	33	42	30	30	25	32	29	33	32	51	28	22	35	35	51	38	57	35	42	28	50	49
Y_Contig_135	579934	42	33	42	29	30	25	32	29	33	32	51	27	22	35	34	52	38	57	33	40	27	49	49
Y_Contig_135	579935	41	32	42	29	30	25	31	29	33	32	50	27	22	35	35	52	38	57	33	40	27	50	49
Y_Contig_135	579936	41	32	42	29	30	25	31	29	32	32	50	27	22	35	35	52	38	57	32	39	27	50	50
Y_Contig_135	579937	41	33	40	29	31	25	30	29	31	32	50	28	22	35	35	51	38	55	32	39	27	50	51
Y_Contig_135	579938	41	32	40	29	29	27	29	29	31	32	50	28	22	35	35	50	37	56	33	39	28	50	51
Y_Contig_135	579939	41	32	40	29	30	27	28	29	32	32	50	28	22	35	35	50	36	56	33	39	28	51	51
Y_Contig_135	579940	41	33	40	30	31	27	28	28	32	32	50	28	22	35	35	50	36	56	33	39	30	51	51
Y_Contig_135	579941	40	32	38	30	31	26	29	29	32	32	50	28	22	34	36	50	37	56	33	40	29	50	51
Y_Contig_135	579942	40	32	39	30	31	27	29	29	32	33	48	27	21	34	37	52	37	58	35	40	29	51	50
Y_Contig_135	579943	40	32	39	31	32	27	30	30	32	33	48	27	21	34	36	52	37	58	35	40	30	50	50
Y_Contig_135	579944	40	32	39	31	30	27	31	30	32	33	48	27	21	34	35	52	37	58	35	41	29	49	50
Y_Contig_135	579945	39	32	39	31	29	27	31	31	32	33	47	27	21	33	35	51	37	58	35	41	29	49	49
Y_Contig_135	579946	38	32	39	30	29	29	32	31	31	33	48	28	22	33	35	51	39	58	36	39	28	50	49
Y_Contig_135	579947	38	32	39	31	29	29	33	31	30	33	48	28	22	33	35	51	40	58	35	38	28	50	50
Y_Contig_135	579948	38	32	39	31	29	29	33	31	30	32	48	28	22	33	35	51	41	58	35	38	28	50	51
Y_Contig_135	579949	37	32	39	31	27	29	34	30	30	32	49	26	22	32	34	51	40	58	34	38	28	50	48
Y_Contig_135	579950	38	32	40	31	27	29	34	30	30	32	49	26	22	32	34	51	40	57	34	38	28	50	48
Y_Contig_135	579951	38	34	40	32	27	29	34	30	29	32	48	26	22	32	33	51	40	57	35	38	29	50	48
Y_Contig_135	579952	37	34	40	30	27	29	34	30	28	32	48	27	22	32	32	51	39	57	35	38	29	50	48
Y_Contig_135	579953	36	34	40	29	27	29	32	31	28	33	48	27	22	32	32	51	38	56	35	38	29	50	48
Y_Contig_135	579954	36	34	40	29	26	30	32	31	28	33	48	27	24	32	32	52	38	56	36	38	30	51	48
Y_Contig_135	579955	36	33	40	29	25	31	31	30	28	34	48	27	24	32	31	52	38	56	36	39	30	51	49
Y_Contig_135	579956	36	33	40	30	25	31	31	29	28	34	48	27	24	30	31	53	39	56	37	38	29	51	49
Y_Contig_135	579957	37	33	40	30	26	31	31	28	28	35	48	28	24	30	30	52	39	55	39	38	29	52	48
Y_Contig_135	579958	37	33	40	29	26	31	31	28	27	35	48	28	24	30	30	52	39	54	40	38	30	52	47
Y_Contig_135	579959	37	33	40	29	26	31	30	28	27	35	48	30	24	29	30	51	39	53	40	39	32	52	47
Y_Contig_135	579960	37	33	40	28	25	30	30	28	27	35	48	30	25	29	30	51	39	53	40	39	32	52	47
Y_Contig_135	579961	36	33	40	27	25	30	30	27	27	35	48	30	24	28	30	52	39	53	41	38	32	52	47
Y_Contig_135	579962	36	33	40	25	26	30	30	27	28	32	49	30	23	28	30	52	39	53	40	39	30	53	49
Y_Contig_135	579963	36	33	40	26	26	30	30	27	28	32	49	29	23	28	30	52	39	53	40	38	30	52	50
Y_Contig_135	579964	36	33	40	26	26	30	29	27	29	32	49	30	23	28	31	53	39	54	41	38	30	52	50
Y_Contig_135	579965	36	34	40	26	26	30	29	28	29	32	49	30	23	27	31	53	39	54	41	38	30	52	51
Y_Contig_135	579966	37	33	40	26	25	30	29	27	29	32	49	31	23	27	31	53	39	54	41	38	29	52	51
Y_Contig_135	579967	37	32	40	26	25	31	28	27	30	31	50	31	23	27	32	54	39	54	41	38	30	55	52
Y_Contig_135	579968	36	32	40	26	24	31	29	27	29	31	49	31	22	27	32	53	37	54	40	38	29	55	52
Y_Contig_135	579969	37	30	40	26	24	31	29	27	29	31	49	31	21	27	32	53	37	54	40	38	29	54	52
Y_Contig_135	579970	37	30	40	26	24	31	29	25	29	31	51	32	21	27	32	53	38	52	41	38	28	53	52
Y_Contig_135	579971	37	30	40	26	24	30	29	26	29	31	49	32	21	27	32	53	38	50	41	37	27	53	53
Y_Contig_135	579972	37	31	39	26	24	30	29	26	29	32	49	32	21	27	31	53	38	50	41	37	27	54	53
Y_Contig_135	579973	36	31	39	26	24	30	29	26	29	32	48	32	22	27	32	52	37	50	41	37	27	54	53
Y_Contig_135	579974	36	31	39	26	24	30	29	26	29	32	48	32	22	26	32	51	38	50	41	37	27	54	53
Y_Contig_135	579975	36	30	39	26	25	30	29	27	29	33	48	32	22	26	32	51	39	50	41	37	28	53	52
Y_Contig_135	579976	37	29	38	27	25	30	29	27	29	33	48	32	22	26	33	51	39	50	41	36	29	53	52
Y_Contig_135	579977	37	30	39	28	24	29	29	28	29	33	49	33	22	26	33	51	39	50	41	36	28	53	52
Y_Contig_135	579978	37	30	39	28	24	29	29	29	30	33	49	33	23	27	33	51	39	50	41	35	28	52	53
Y_Contig_135	579979	37	30	39	28	24	29	29	29	30	33	49	32	24	27	32	51	39	50	39	35	28	52	53
Y_Contig_135	579980	37	31	39	29	24	29	29	29	29	33	49	31	24	27	33	51	39	50	39	35	27	52	53
Y_Contig_135	579981	37	31	40	29	24	29	29	29	29	33	50	30	25	27	33	50	39	50	39	35	27	52	52
Y_Contig_135	579982	37	31	40	29	24	29	29	29	29	33	50	29	25	27	33	48	39	50	39	33	26	52	51
Y_Contig_135	579983	37	31	40	29	24	27	29	29	29	33	51	30	25	27	34	50	39	50	39	33	25	52	53
Y_Contig_135	579984	37	30	40	28	23	27	29	30	30	33	51	30	25	27	34	50	40	52	39	33	25	51	54
Y_Contig_135	579985	37	30	40	29	23	27	29	30	30	33	51	30	25	27	34	49	41	51	38	33	25	51	54
Y_Contig_135	579986	37	30	40	29	23	27	29	30	29	32	51	30	25	27	34	47	41	51	38	32	25	51	54
Y_Contig_135	579987	36	30	40	29	23	27	30	29	29	32	50	31	25	28	34	47	40	53	38	32	26	51	55
Y_Contig_135	579988	36	31	40	29	23	27	29	29	30	32	51	31	25	28	34	47	40	53	38	32	26	51	55
Y_Contig_135	579989	35	30	40	29	23	27	29	29	30	31	49	31	25	28	34	45	40	53	38	32	26	50	54
Y_Contig_135	579990	36	30	40	29	23	28	29	29	30	31	49	31	25	29	34	45	41	53	38	32	27	51	54
Y_Contig_135	579991	36	30	39	29	22	28	29	30	30	32	48	31	25	29	34	45	40	51	38	31	27	52	54
Y_Contig_135	579992	36	30	39	29	22	28	29	30	30	32	48	31	25	30	33	45	39	50	39	31	27	52	52
Y_Contig_135	579993	36	31	39	29	22	28	29	29	30	32	48	30	25	28	33	45	39	50	39	31	26	51	50
Y_Contig_135	579994	35	30	39	29	22	27	28	28	30	31	47	30	25	28	33	44	39	47	39	31	26	51	49
Y_Contig_135	579995	34	30	40	29	22	27	29	28	31	31	48	31	26	28	32	44	38	47	41	31	27	51	50
Y_Contig_135	579996	34	30	39	29	22	27	30	28	31	32	48	30	25	29	32	44	37	47	41	31	27	51	50
Y_Contig_135	579997	34	30	38	29	23	27	30	28	31	32	47	30	26	28	32	43	36	47	42	31	27	51	48
Y_Contig_135	579998	34	30	38	29	23	27	30	28	31	33	48	30	26	28	32	43	36	46	43	31	27	53	48
Y_Contig_135	579999	33	30	38	28	23	27	30	29	31	32	48	30	25	29	31	42	37	46	45	31	27	53	47
Y_Contig_135	580000	34	30	38	28	24	27	30	29	31	32	49	30	26	29	32	42	38	47	45	31	27	53	47
Y_Contig_135	580001	34	29	39	28	24	27	30	29	31	31	49	31	26	30	32	42	38	46	45	31	27	54	47
Y_Contig_135	580002	34	29	39	27	24	27	31	29	30	31	49	30	26	29	31	43	38	44	44	31	27	54	47
Y_Contig_135	580003	33	29	38	27	24	27	31	29	30	30	49	30	26	28	29	41	38	43	44	30	27	53	47
Y_Contig_135	580004	34	29	38	27	24	26	32	29	30	31	49	31	26	28	29	41	38	43	44	30	27	53	47
Y_Contig_135	580005	34	29	38	28	24	26	32	29	30	31	49	32	27	29	29	42	37	43	44	30	27	53	47
Y_Contig_135	580006	35	30	39	29	25	26	31	29	30	31	49	32	27	29	29	41	37	44	46	30	27	52	47
Y_Contig_135	580007	35	31	38	29	25	26	31	29	29	31	49	32	28	30	29	41	34	43	45	30	28	51	47
Y_Contig_135	580008	35	31	38	31	25	26	31	30	29	31	50	33	28	29	29	40	34	43	45	30	28	51	47
Y_Contig_135	580009	35	31	38	30	25	25	31	30	29	31	50	33	28	29	29	41	34	43	45	30	28	51	47
Y_Contig_135	580010	35	31	38	29	25	25	31	30	29	30	48	33	28	29	29	41	34	42	44	28	28	50	46
Y_Contig_135	580011	35	31	38	29	25	25	30	31	29	30	49	33	28	29	28	41	33	42	44	28	28	50	46
Y_Contig_135	580012	34	31	38	28	25	25	29	32	29	30	50	33	28	29	28	42	33	42	44	29	28	50	46
Y_Contig_135	580013	33	31	37	28	25	25	30	33	29	30	50	33	28	29	28	41	33	43	46	28	28	49	45
Y_Contig_135	580014	32	31	37	26	25	24	30	33	29	30	49	33	28	28	29	40	34	43	46	28	28	48	45
Y_Contig_135	580015	32	31	37	26	25	24	30	33	29	29	49	32	29	27	29	40	35	44	46	28	28	48	45
Y_Contig_135	580016	32	31	37	26	25	24	30	33	29	28	49	32	28	27	30	40	34	43	46	28	28	48	45
Y_Contig_135	580017	32	31	37	26	25	23	29	34	29	28	49	32	28	27	30	40	34	43	47	27	28	48	44
Y_Contig_135	580018	32	31	40	26	25	23	29	33	29	27	49	32	29	27	30	41	34	42	47	27	28	48	44
Y_Contig_135	580019	33	32	40	27	25	23	29	33	29	27	49	32	29	27	30	41	34	42	47	27	28	48	44
Y_Contig_135	580020	33	32	40	27	25	23	28	33	29	27	50	32	29	26	30	41	34	42	47	29	28	48	44
Y_Contig_135	580021	32	32	40	27	25	23	28	33	28	27	48	33	29	26	30	41	33	41	47	30	28	49	44
Y_Contig_135	580022	32	32	40	27	25	23	28	32	28	27	47	33	29	26	30	41	33	41	47	29	28	51	44
Y_Contig_135	580023	33	32	40	27	25	23	29	32	28	27	47	33	29	26	30	42	34	41	47	29	28	51	43
Y_Contig_135	580024	33	33	40	27	25	23	29	32	28	26	46	33	29	26	30	41	34	41	46	29	28	51	43
Y_Contig_135	580025	34	33	40	27	25	23	29	32	29	26	47	33	29	26	31	41	34	41	46	28	28	50	43
Y_Contig_135	580026	35	33	40	27	26	22	30	32	29	26	46	33	28	27	32	38	34	41	46	29	27	50	43
Y_Contig_135	580027	35	34	40	28	26	23	30	31	30	25	45	33	29	27	33	38	34	40	46	29	28	50	43
Y_Contig_135	580028	35	34	40	28	26	24	29	31	30	24	43	33	29	27	33	37	34	39	45	29	29	49	43
Y_Contig_135	580029	35	35	40	28	26	23	29	30	30	25	43	33	29	27	33	35	34	39	44	29	29	49	43
Y_Contig_135	580030	34	36	40	28	26	23	28	30	30	25	43	33	29	27	32	33	34	39	45	29	29	48	43
Y_Contig_135	580031	35	35	39	27	26	24	29	30	30	25	42	34	29	27	32	35	34	39	44	30	29	47	44
Y_Contig_135	580032	36	35	39	27	26	25	29	30	30	25	42	34	29	28	31	34	34	39	44	30	29	45	44
Y_Contig_135	580033	35	35	38	27	26	25	29	30	28	25	42	34	28	28	31	34	34	38	42	30	29	46	43
Y_Contig_135	580034	35	34	36	28	27	27	29	31	29	25	43	33	28	28	31	35	34	38	42	30	30	46	43
Y_Contig_135	580035	35	34	36	28	27	27	29	31	30	25	43	34	28	29	30	35	34	37	42	30	30	46	43
Y_Contig_135	580036	35	34	35	27	27	27	29	31	29	25	43	34	28	27	30	35	34	37	42	30	30	46	43
Y_Contig_135	580037	35	35	36	27	27	29	28	31	30	27	43	34	26	27	30	36	35	37	42	29	29	48	43
Y_Contig_135	580038	35	35	36	27	28	29	28	31	30	27	43	36	27	27	29	35	35	36	44	29	29	48	44
Y_Contig_135	580039	36	36	36	27	28	29	28	31	30	27	44	36	27	26	30	35	35	36	45	29	29	48	43
Y_Contig_135	580040	36	36	35	27	28	28	29	32	30	27	44	37	28	25	31	36	36	37	45	28	29	48	43
Y_Contig_135	580041	36	37	35	27	27	28	28	32	30	27	44	37	29	24	31	35	36	37	45	28	29	47	43
Y_Contig_135	580042	37	37	35	28	27	29	28	32	31	27	43	37	29	24	32	35	36	38	45	28	29	46	43
Y_Contig_135	580043	37	37	35	28	28	29	28	32	31	27	43	37	29	25	32	35	36	38	45	29	29	46	42
Y_Contig_135	580044	36	37	34	28	28	29	29	32	32	27	43	36	30	24	32	35	36	39	45	30	29	45	43
Y_Contig_135	580045	36	37	34	28	28	29	29	32	31	27	43	36	31	24	33	35	38	39	45	30	28	45	43
Y_Contig_135	580046	35	37	32	28	29	29	28	33	30	27	42	36	31	24	32	36	38	39	43	30	28	45	41
Y_Contig_135	580047	35	37	32	28	29	29	28	33	30	27	42	36	31	24	32	36	38	38	43	30	28	45	40
Y_Contig_135	580048	34	36	32	28	29	29	28	33	30	27	42	35	31	24	33	36	39	38	42	29	28	45	40
Y_Contig_135	580049	35	37	34	29	29	31	28	33	30	29	43	33	33	25	34	36	41	37	42	30	27	47	41
Y_Contig_135	580050	35	36	34	29	30	31	27	33	30	29	44	33	33	25	35	36	41	37	43	31	26	47	40
Y_Contig_135	580051	35	35	34	30	30	31	27	31	30	29	44	35	33	25	37	37	42	38	43	31	26	48	40
Y_Contig_135	580052	35	35	35	29	29	31	27	31	30	29	44	36	32	25	37	37	40	37	43	31	26	48	39
Y_Contig_135	580053	35	35	35	29	29	31	27	31	30	29	44	36	32	25	36	37	40	36	43	30	26	48	40
Y_Contig_135	580054	33	35	35	30	26	29	25	30	31	30	44	35	32	25	36	37	40	37	42	30	26	49	39
Y_Contig_135	580055	33	35	35	30	26	29	25	30	31	30	44	35	32	25	36	36	40	37	42	30	26	47	40
Y_Contig_135	580056	34	34	35	30	25	29	26	32	30	31	43	36	32	25	36	37	40	36	42	30	26	47	39
Y_Contig_135	580057	34	34	36	30	24	29	27	32	30	32	44	36	32	25	36	36	40	36	42	29	26	47	39
Y_Contig_135	580058	34	34	36	30	24	29	27	31	30	32	41	36	31	24	37	36	40	36	42	30	26	47	38
Y_Contig_135	580059	33	33	36	30	23	29	27	32	30	32	41	37	29	23	39	35	39	36	42	31	26	45	40
Y_Contig_135	580060	33	33	36	30	23	30	26	33	31	32	42	37	29	24	39	36	39	36	42	31	26	45	41
Y_Contig_135	580061	33	32	34	30	25	30	26	32	31	32	42	37	29	24	40	37	41	37	42	32	26	45	41
Y_Contig_135	580062	35	32	34	30	25	31	26	33	31	33	41	37	28	25	40	38	42	36	42	32	25	45	42
Y_Contig_135	580063	36	32	32	29	25	31	26	32	31	32	41	37	27	25	38	38	42	36	42	32	25	44	43
Y_Contig_135	580064	35	32	32	29	25	31	27	32	31	32	42	38	27	24	38	38	43	36	42	32	25	43	43
Y_Contig_135	580065	36	32	31	28	25	31	27	32	30	32	42	38	27	25	40	39	43	36	41	32	25	43	43
Y_Contig_135	580066	36	32	31	28	25	30	27	32	29	31	41	38	27	25	40	39	42	34	41	34	27	42	42
Y_Contig_135	580067	36	32	29	29	25	30	27	32	28	31	41	38	26	25	40	39	41	33	41	34	27	41	42
Y_Contig_135	580068	35	31	29	28	25	30	29	32	28	31	42	38	27	25	40	38	41	33	41	33	27	41	42
Y_Contig_135	580069	35	31	28	28	25	30	29	31	28	31	42	38	27	25	41	37	39	33	41	34	27	41	43
Y_Contig_135	580070	36	30	27	28	25	30	29	31	27	30	43	37	29	26	41	37	39	34	41	36	28	40	43
Y_Contig_135	580071	37	30	28	28	25	30	28	30	27	31	41	36	29	26	41	37	38	35	39	35	28	38	43
Y_Contig_135	580072	38	30	28	28	25	31	28	30	28	31	41	36	29	26	41	37	38	35	39	35	28	38	45
Y_Contig_135	580073	38	30	28	30	25	31	28	30	28	31	42	36	30	26	40	36	37	35	37	35	28	38	45
Y_Contig_135	580074	39	30	27	30	25	32	28	29	28	31	42	37	31	26	40	37	36	36	36	35	28	38	45
Y_Contig_135	580075	39	31	28	30	25	33	28	30	28	31	41	37	30	26	40	37	36	36	36	35	29	38	45
Y_Contig_135	580076	38	31	28	30	24	33	29	30	28	31	41	37	30	27	40	38	37	36	36	35	29	38	45
Y_Contig_135	580077	40	33	28	30	24	31	29	30	28	30	40	37	30	27	40	37	37	35	37	35	29	38	44
Y_Contig_135	580078	40	32	27	30	23	32	29	30	28	31	41	37	30	28	41	37	38	36	38	35	29	39	44
Y_Contig_135	580079	40	32	26	30	22	32	30	29	28	30	42	37	30	27	41	35	38	35	38	33	29	39	44
Y_Contig_135	580080	40	33	25	29	22	32	29	29	28	29	42	37	30	27	41	35	38	35	37	33	29	40	42
Y_Contig_135	580081	38	33	26	29	21	32	29	29	28	29	42	37	30	28	42	36	40	36	38	31	29	39	42
Y_Contig_135	580082	38	33	27	29	21	33	29	29	28	29	42	37	30	28	42	36	40	37	38	32	31	39	42
Y_Contig_135	580083	38	34	29	29	21	35	29	29	28	29	43	36	30	28	40	36	40	36	39	32	31	37	41
Y_Contig_135	580084	38	34	29	30	22	35	29	29	27	29	43	36	30	28	40	35	40	36	39	32	31	37	41
Y_Contig_135	580085	38	34	29	30	22	37	29	30	27	30	44	36	30	28	40	36	41	36	39	32	32	36	41
Y_Contig_135	580086	38	34	29	30	21	37	29	30	27	30	44	36	30	28	40	36	41	36	39	32	33	36	41
Y_Contig_135	580087	39	33	29	30	22	36	28	30	27	30	44	35	30	29	40	36	42	36	40	33	34	36	40
Y_Contig_135	580088	39	33	29	30	22	34	28	30	28	29	44	35	30	29	40	36	42	35	39	33	33	36	42
Y_Contig_135	580089	39	33	29	29	21	35	28	30	27	29	44	34	30	29	42	36	43	35	38	33	33	36	42
Y_Contig_135	580090	39	32	28	29	22	35	28	30	27	29	44	34	30	29	41	36	43	35	39	34	32	36	42
Y_Contig_135	580091	39	33	28	29	22	35	27	29	27	29	43	34	30	29	41	36	42	36	40	36	32	36	42
Y_Contig_135	580092	39	33	27	29	22	34	27	29	27	28	43	34	30	29	41	34	42	34	39	36	32	35	43
Y_Contig_135	580093	39	33	27	28	21	34	25	28	27	28	43	34	30	28	41	34	42	34	39	36	31	35	43
Y_Contig_135	580094	39	33	27	28	21	34	25	30	28	28	42	34	30	28	42	34	43	34	40	36	32	36	43
Y_Contig_135	580095	39	33	27	28	21	32	25	31	28	29	43	34	30	28	43	36	42	34	39	36	32	36	43
Y_Contig_135	580096	38	33	27	28	21	34	25	31	29	29	43	34	29	28	43	36	42	35	40	35	32	36	42
Y_Contig_135	580097	39	33	28	27	21	34	24	31	29	29	43	34	29	28	43	37	42	36	41	35	32	36	42
Y_Contig_135	580098	39	33	27	27	21	33	23	32	29	29	42	34	29	29	44	37	42	36	41	35	32	37	42
Y_Contig_135	580099	39	33	27	27	21	33	23	32	29	29	42	34	29	29	44	37	42	37	41	35	32	37	42
Y_Contig_135	580100	37	34	26	26	21	34	23	33	29	29	42	34	30	30	44	37	42	39	40	36	32	37	44
Y_Contig_135	580101	37	33	26	25	21	34	23	34	29	29	43	34	31	30	45	37	44	39	40	36	31	38	45
Y_Contig_135	580102	37	33	26	25	22	34	24	34	30	28	42	33	31	30	45	37	44	39	39	37	29	36	45
Y_Contig_135	580103	37	33	26	25	22	33	24	33	30	27	42	33	31	30	45	37	44	39	39	37	29	36	45
Y_Contig_135	580104	37	33	26	25	23	34	24	33	30	28	42	34	29	30	46	36	45	39	39	40	29	36	46
Y_Contig_135	580105	39	34	27	25	24	34	24	33	30	27	42	34	29	30	50	36	45	40	39	39	30	36	45
Y_Contig_135	580106	39	34	27	25	24	34	23	33	30	28	42	34	29	30	50	35	44	40	39	39	30	36	44
Y_Contig_135	580107	38	34	27	25	23	34	23	33	30	27	42	34	29	30	50	36	44	40	37	39	30	35	44
Y_Contig_135	580108	38	34	27	25	23	34	23	33	30	27	42	34	29	30	50	36	44	40	36	38	29	35	44
Y_Contig_135	580109	38	34	27	23	23	34	23	37	30	28	43	33	28	33	50	36	44	41	37	38	27	37	46
Y_Contig_135	580110	38	34	27	23	22	34	23	37	29	29	42	33	28	33	50	36	43	42	37	37	27	37	45
Y_Contig_135	580111	39	34	27	22	22	34	23	37	29	29	41	33	29	34	50	35	43	43	36	38	27	38	45
Y_Contig_135	580112	40	34	26	22	21	34	23	37	29	29	41	34	29	34	50	36	44	43	36	38	27	38	44
Y_Contig_135	580113	40	34	26	22	21	34	23	37	29	29	41	34	29	34	50	36	44	43	36	38	27	38	43
Y_Contig_135	580114	40	34	26	22	21	34	23	37	28	29	41	33	29	34	49	35	43	42	35	38	27	38	43
Y_Contig_135	580115	40	33	27	23	22	34	23	37	28	29	40	33	29	35	48	36	44	42	35	38	27	39	42
Y_Contig_135	580116	40	33	28	23	22	35	23	37	28	29	41	34	29	35	47	36	45	43	35	38	27	36	42
Y_Contig_135	580117	40	34	28	23	23	34	23	37	28	29	42	35	30	35	48	35	45	43	35	39	26	36	41
Y_Contig_135	580118	40	34	28	23	23	34	22	38	28	30	42	35	30	34	47	35	46	43	35	41	26	36	42
Y_Contig_135	580119	40	34	28	23	23	34	23	38	27	30	42	34	30	34	47	35	46	43	35	41	27	37	42
Y_Contig_135	580120	40	34	28	23	23	35	23	38	27	30	41	35	30	34	47	37	46	43	35	42	28	37	41
Y_Contig_135	580121	40	34	28	23	24	35	23	37	27	30	41	35	30	34	47	36	46	43	35	43	29	37	40
Y_Contig_135	580122	42	33	28	23	24	35	23	38	27	29	42	35	30	34	48	37	47	44	36	43	29	36	40
Y_Contig_135	580123	40	33	28	23	25	35	23	38	27	29	42	35	29	34	47	37	47	43	37	43	29	36	40
Y_Contig_135	580124	39	32	28	23	24	35	23	38	28	29	42	34	29	34	47	37	46	43	38	43	28	36	40
Y_Contig_135	580125	39	32	28	24	24	35	23	39	28	29	42	34	30	35	47	37	46	44	38	43	27	37	41
Y_Contig_135	580126	39	32	29	23	24	35	23	39	28	29	42	33	30	35	46	37	46	44	37	44	27	37	40
Y_Contig_135	580127	39	31	28	22	24	35	23	38	28	29	41	33	29	34	46	37	47	44	37	43	27	36	39
Y_Contig_135	580128	40	31	28	22	24	35	23	39	29	29	42	33	29	34	46	37	47	44	37	43	27	36	40
Y_Contig_135	580129	40	32	28	22	24	35	23	39	30	29	43	33	28	34	46	37	48	44	37	44	27	37	40
Y_Contig_135	580130	39	32	28	22	24	35	23	40	30	30	42	33	27	35	45	38	48	45	37	44	27	37	40
Y_Contig_135	580131	40	32	28	22	25	35	23	40	29	30	42	33	27	35	45	38	48	44	37	44	27	38	38
Y_Contig_135	580132	40	33	28	24	26	35	23	41	30	30	42	33	27	35	44	38	48	44	37	44	27	38	38
Y_Contig_135	580133	40	34	29	24	26	35	24	42	30	29	42	32	29	37	45	37	47	42	37	44	27	38	37
Y_Contig_135	580134	40	34	29	24	27	36	24	41	29	29	43	32	30	37	45	38	47	42	37	44	27	38	37
Y_Contig_135	580135	40	35	29	24	27	36	24	41	29	29	43	32	30	37	45	38	46	44	38	44	27	38	37
Y_Contig_135	580136	40	35	29	24	27	36	24	41	29	30	43	32	30	37	45	38	46	43	38	44	27	38	36
Y_Contig_135	580137	41	35	29	24	28	36	23	41	30	30	42	32	30	37	45	39	47	42	38	44	27	39	36
Y_Contig_135	580138	42	33	29	25	28	36	23	41	29	30	42	32	30	38	45	39	48	43	39	44	27	40	36
Y_Contig_135	580139	43	33	29	25	28	36	23	41	29	30	42	32	31	37	46	39	47	43	39	44	26	39	36
Y_Contig_135	580140	42	33	30	25	28	35	23	41	30	31	42	32	31	37	46	40	48	44	39	44	26	39	36
Y_Contig_135	580141	43	33	31	25	28	36	23	40	30	30	43	32	31	37	46	40	50	45	40	44	27	40	36
Y_Contig_135	580142	43	33	31	27	28	36	22	40	30	30	43	32	31	37	46	40	50	45	40	44	27	40	39
Y_Contig_135	580143	42	32	31	27	28	36	22	40	30	31	43	31	30	37	46	40	50	44	40	44	28	40	39
Y_Contig_135	580144	42	32	30	27	28	37	21	40	29	31	42	31	31	37	45	40	50	44	39	44	28	40	38
Y_Contig_135	580145	43	32	31	27	29	38	21	40	29	30	44	31	31	36	45	40	50	44	38	44	27	40	39
Y_Contig_135	580146	44	32	31	27	29	40	21	40	29	30	44	31	31	36	46	40	50	44	38	44	27	40	39
Y_Contig_135	580147	44	32	32	27	28	40	21	40	29	30	45	32	32	36	47	41	50	44	37	45	28	40	39
Y_Contig_135	580148	44	32	32	27	28	40	21	41	30	30	44	32	33	36	48	42	50	45	36	45	28	38	41
Y_Contig_135	580149	45	32	33	28	27	40	21	40	30	30	43	32	32	35	48	42	49	43	37	45	28	38	41
Y_Contig_135	580150	45	33	32	28	27	40	21	40	30	30	44	32	32	34	47	42	49	43	37	46	28	37	41
Y_Contig_135	580151	47	33	33	28	28	41	22	40	30	30	44	33	34	34	49	43	49	44	37	46	28	37	41
Y_Contig_135	580152	48	33	32	28	28	41	21	40	30	31	44	34	34	34	49	43	50	44	37	46	28	37	41
Y_Contig_135	580153	48	33	32	28	29	42	21	40	30	32	45	34	34	34	49	43	50	44	38	46	27	37	42
Y_Contig_135	580154	47	34	32	28	30	43	20	40	30	31	45	33	34	36	50	43	51	44	38	46	26	36	42
Y_Contig_135	580155	47	35	32	28	30	43	20	40	30	31	45	32	33	35	50	42	51	44	38	46	27	36	42
Y_Contig_135	580156	48	34	31	29	30	43	20	40	30	30	45	32	33	35	50	43	51	43	36	48	27	38	42
Y_Contig_135	580157	49	32	31	29	30	41	20	41	30	30	44	31	32	34	50	43	51	43	36	48	26	38	42
Y_Contig_135	580158	49	31	31	27	30	41	21	40	30	30	44	30	32	34	50	43	51	42	36	48	26	38	42
Y_Contig_135	580159	49	30	31	27	30	42	21	39	30	30	45	30	31	34	50	43	51	42	36	48	27	38	43
Y_Contig_135	580160	49	30	31	28	30	43	21	39	30	30	44	30	31	34	49	43	51	42	37	48	27	38	43
Y_Contig_135	580161	51	30	31	27	30	44	21	37	30	30	43	30	32	34	50	42	52	41	37	48	27	38	43
Y_Contig_135	580162	51	30	31	27	30	44	22	37	30	30	43	31	32	34	51	43	52	42	38	49	28	38	44
Y_Contig_135	580163	51	30	32	27	31	44	21	36	30	30	43	31	32	35	51	43	52	42	36	49	28	39	44
