Y_scaffold2	282939	40	42	32	23	26	35	30	24	26	26	23	32	26	19	52	41	27	35	27	26	26	46	41
Y_scaffold2	282940	40	43	33	23	25	35	30	24	26	26	23	31	26	19	51	41	27	35	27	26	26	45	41
Y_scaffold2	282941	40	43	33	23	25	35	31	25	26	26	22	31	26	19	51	41	27	36	26	27	25	44	41
Y_scaffold2	282942	41	43	33	24	24	34	31	25	26	26	23	31	26	18	51	41	27	36	25	27	25	44	41
Y_scaffold2	282943	40	44	34	25	23	34	31	25	26	25	23	31	26	19	50	40	26	37	25	28	25	43	38
Y_scaffold2	282944	40	44	35	24	23	34	31	26	26	26	23	31	26	19	50	39	26	37	24	25	25	44	38
Y_scaffold2	282945	40	43	35	24	23	34	31	26	27	26	23	31	26	19	50	39	25	37	25	25	25	44	38
Y_scaffold2	282946	41	43	35	25	23	33	32	26	25	26	23	31	27	19	50	38	25	38	27	25	24	44	37
Y_scaffold2	282947	41	43	36	25	23	33	32	25	25	26	23	31	27	18	51	38	25	38	27	24	24	43	37
Y_scaffold2	282948	41	43	36	25	23	33	32	25	25	26	23	31	28	18	51	38	24	39	27	24	24	43	36
Y_scaffold2	282949	41	42	36	24	23	33	32	25	25	27	23	30	28	18	49	38	23	38	27	24	24	42	36
Y_scaffold2	282950	41	42	35	24	23	32	31	23	25	27	23	30	28	17	50	36	23	38	27	21	23	42	36
Y_scaffold2	282951	41	43	35	24	23	32	31	23	25	26	22	30	28	16	50	36	23	40	27	22	23	43	35
Y_scaffold2	282952	41	44	34	24	23	32	31	23	25	26	22	30	28	16	50	36	23	40	27	22	23	43	35
Y_scaffold2	282953	42	44	34	24	23	32	30	23	25	25	22	30	28	16	50	36	23	40	28	23	23	43	36
Y_scaffold2	282954	43	44	34	24	23	32	30	23	25	25	21	30	28	16	48	36	24	40	28	23	23	43	36
Y_scaffold2	282955	42	44	34	24	23	33	31	23	25	26	21	29	28	16	48	36	24	40	28	24	23	46	37
Y_scaffold2	282956	42	43	34	24	23	33	31	23	25	25	20	29	28	15	47	35	24	40	28	24	23	46	37
Y_scaffold2	282957	43	43	33	24	24	34	31	23	24	25	19	29	28	15	47	34	23	41	28	24	23	46	37
Y_scaffold2	282958	43	43	33	23	25	33	31	23	24	24	19	29	28	16	47	34	23	40	28	23	23	46	37
Y_scaffold2	282959	42	43	33	22	23	33	31	23	24	24	19	29	28	16	46	34	23	38	28	23	23	46	37
Y_scaffold2	282960	43	43	34	23	23	33	31	24	24	24	18	29	29	16	44	34	23	38	28	23	23	47	37
Y_scaffold2	282961	43	43	34	23	22	34	31	24	23	24	18	29	29	16	44	35	23	38	27	23	24	47	37
Y_scaffold2	282962	43	40	32	23	23	34	33	24	21	24	18	29	30	14	44	35	23	38	27	23	25	47	37
Y_scaffold2	282963	42	38	32	23	22	34	33	25	21	24	18	29	30	15	43	35	22	38	27	24	25	47	36
Y_scaffold2	282964	43	39	32	23	23	34	33	25	21	24	17	29	31	15	43	36	22	38	26	24	25	48	35
Y_scaffold2	282965	43	39	32	23	22	34	34	25	21	24	17	28	31	14	43	37	21	38	26	24	25	48	35
Y_scaffold2	282966	43	39	31	23	22	34	35	25	22	24	17	28	31	14	44	37	21	39	26	24	25	48	35
Y_scaffold2	282967	45	39	31	23	22	34	35	25	22	24	17	28	32	14	43	37	21	38	26	25	25	48	35
Y_scaffold2	282968	43	39	31	23	21	34	35	24	22	24	17	28	32	14	42	37	21	39	26	25	24	48	35
Y_scaffold2	282969	43	39	32	23	21	33	34	24	22	24	16	28	32	14	43	38	21	39	26	25	23	48	35
Y_scaffold2	282970	43	38	33	24	21	32	34	25	22	24	16	27	32	14	43	38	21	41	28	26	23	49	35
Y_scaffold2	282971	43	38	35	23	22	31	34	25	22	24	17	27	32	14	44	38	22	41	28	26	23	49	36
Y_scaffold2	282972	43	38	35	23	22	32	34	25	22	24	17	28	33	14	44	35	22	41	28	26	23	49	36
Y_scaffold2	282973	43	38	35	23	22	31	34	25	22	24	17	28	35	14	44	35	21	41	28	26	23	49	36
Y_scaffold2	282974	43	37	35	24	22	32	36	25	22	25	17	28	35	14	42	35	21	42	28	26	22	47	36
Y_scaffold2	282975	42	38	35	24	21	31	36	26	23	25	17	28	35	14	42	35	21	42	28	26	22	46	36
Y_scaffold2	282976	42	38	35	24	20	31	36	27	23	25	17	28	35	16	41	35	21	42	28	27	22	46	36
Y_scaffold2	282977	42	39	36	25	20	31	36	26	24	25	18	29	35	16	41	34	21	42	28	27	22	47	35
Y_scaffold2	282978	41	39	36	25	20	31	35	26	24	25	18	29	35	16	39	35	21	42	28	27	22	47	35
Y_scaffold2	282979	41	38	37	26	20	32	35	27	24	25	18	29	35	16	39	35	20	42	26	26	22	48	36
Y_scaffold2	282980	41	37	38	26	22	32	35	27	25	25	18	28	35	16	39	35	20	43	25	27	22	48	36
Y_scaffold2	282981	41	37	38	26	22	32	34	27	24	25	18	27	34	16	40	35	19	42	25	26	23	47	36
Y_scaffold2	282982	41	37	38	26	22	32	34	26	24	25	18	27	33	17	40	35	20	43	25	27	24	47	36
Y_scaffold2	282983	41	37	38	25	24	31	34	26	24	26	18	28	31	17	41	35	20	43	25	27	24	49	36
Y_scaffold2	282984	42	37	37	25	24	31	34	26	24	26	18	28	31	17	43	34	20	44	25	27	23	49	36
Y_scaffold2	282985	42	38	35	25	23	31	34	26	24	26	18	28	30	17	44	33	21	44	24	27	22	48	37
Y_scaffold2	282986	43	38	35	25	23	31	34	26	24	26	18	27	30	18	44	33	21	44	23	27	23	48	37
Y_scaffold2	282987	43	38	34	25	23	31	34	25	24	25	18	27	30	18	44	33	21	44	23	27	23	47	37
Y_scaffold2	282988	42	37	34	25	23	31	35	24	24	25	17	27	30	17	43	33	21	44	23	25	23	47	37
Y_scaffold2	282989	44	37	34	25	25	32	37	26	24	25	17	27	30	17	42	34	20	44	23	23	23	47	37
Y_scaffold2	282990	44	37	35	24	25	33	38	26	24	25	18	27	30	17	43	34	20	43	23	24	23	48	37
Y_scaffold2	282991	43	37	34	23	25	32	37	26	24	25	17	27	30	17	43	34	20	43	23	24	23	47	36
Y_scaffold2	282992	43	35	34	23	25	33	37	26	24	25	17	26	30	17	42	34	20	44	22	24	22	47	36
Y_scaffold2	282993	43	35	34	24	25	33	36	26	24	25	17	26	29	17	42	34	20	44	22	24	22	48	35
Y_scaffold2	282994	42	35	34	24	26	33	36	26	24	24	18	26	29	17	42	33	19	44	25	25	22	50	34
Y_scaffold2	282995	42	35	34	24	26	33	37	26	24	24	19	26	29	17	42	32	19	44	25	24	22	50	34
Y_scaffold2	282996	42	34	34	24	26	33	36	26	24	24	19	26	29	17	43	32	20	44	25	24	22	50	35
Y_scaffold2	282997	41	34	34	23	26	33	37	26	24	25	19	26	28	17	42	32	20	42	25	25	21	50	35
Y_scaffold2	282998	42	34	34	23	27	32	37	26	24	25	19	26	28	17	42	32	20	42	25	24	22	50	35
Y_scaffold2	282999	42	33	34	23	27	32	38	26	24	25	19	26	28	17	42	31	21	42	25	23	23	49	35
Y_scaffold2	283000	42	34	34	22	27	33	38	27	24	25	19	26	28	17	42	31	20	42	25	23	23	48	35
Y_scaffold2	283001	41	34	35	22	27	32	38	26	24	25	19	26	28	17	42	31	20	43	26	23	24	48	35
Y_scaffold2	283002	41	34	35	22	27	32	38	26	24	25	21	26	29	17	42	31	20	43	26	23	24	48	34
Y_scaffold2	283003	42	34	35	22	26	32	38	26	24	24	21	25	29	18	42	32	20	44	26	23	24	48	34
Y_scaffold2	283004	43	34	35	23	26	32	38	25	24	24	22	25	30	20	43	33	20	44	26	23	24	48	34
Y_scaffold2	283005	44	34	35	24	26	32	38	25	24	24	22	25	30	20	44	32	20	44	26	23	24	48	34
Y_scaffold2	283006	43	34	35	24	26	32	37	25	24	24	23	25	30	19	43	32	19	43	26	23	24	48	35
Y_scaffold2	283007	42	34	35	24	28	31	37	25	25	24	24	25	31	19	44	32	19	43	26	23	24	48	36
Y_scaffold2	283008	43	36	35	24	28	31	37	26	25	23	23	25	30	19	44	31	20	43	26	23	24	48	36
Y_scaffold2	283009	43	36	35	24	28	31	37	25	25	23	23	26	30	20	44	31	21	44	25	23	26	47	36
Y_scaffold2	283010	43	36	34	24	28	31	37	25	25	23	26	26	30	20	43	31	22	44	25	23	26	46	36
Y_scaffold2	283011	43	34	34	23	27	31	37	26	25	23	25	27	30	19	44	31	21	45	25	23	25	46	34
Y_scaffold2	283012	43	34	34	23	27	31	37	27	26	24	25	27	31	19	44	31	21	45	27	23	24	46	34
Y_scaffold2	283013	43	34	34	24	27	31	37	26	26	25	25	28	31	19	44	31	21	44	28	23	23	46	34
Y_scaffold2	283014	44	34	35	24	27	31	36	26	26	25	25	28	32	19	44	31	21	45	27	23	23	46	34
Y_scaffold2	283015	44	35	35	25	28	31	36	26	26	25	25	28	31	19	43	31	21	45	27	23	23	47	35
Y_scaffold2	283016	44	34	35	24	28	31	36	27	25	25	25	30	31	19	43	30	20	45	26	23	23	48	34
Y_scaffold2	283017	42	34	35	24	28	31	37	27	25	25	26	31	32	19	42	30	20	46	26	21	23	49	33
Y_scaffold2	283018	42	34	35	23	28	31	38	27	25	25	26	31	32	19	42	30	20	46	25	21	23	49	34
Y_scaffold2	283019	42	34	36	23	28	31	38	27	25	27	26	30	32	19	42	30	20	48	25	21	23	48	33
Y_scaffold2	283020	42	34	36	23	27	30	38	27	24	27	27	30	32	19	42	30	20	48	25	21	22	48	33
Y_scaffold2	283021	42	34	36	23	27	30	38	28	24	27	27	31	32	19	42	30	20	48	25	21	22	47	33
Y_scaffold2	283022	43	34	36	23	27	28	37	27	24	27	27	31	32	19	42	30	20	48	24	23	22	46	33
Y_scaffold2	283023	44	34	36	24	27	29	37	29	24	27	27	30	32	20	42	31	21	48	23	23	22	49	34
Y_scaffold2	283024	43	36	35	24	27	29	35	29	22	27	27	29	32	20	41	30	21	47	22	23	22	48	34
Y_scaffold2	283025	42	36	35	24	27	29	35	29	22	27	29	30	32	20	41	30	21	47	22	24	22	48	33
Y_scaffold2	283026	43	36	35	24	27	29	35	29	21	27	29	31	32	20	41	30	20	48	22	24	21	49	34
Y_scaffold2	283027	43	36	35	24	28	27	35	30	21	27	29	31	32	20	41	30	20	48	22	24	21	48	33
Y_scaffold2	283028	43	35	34	24	28	28	35	30	21	28	29	32	32	21	41	30	21	49	23	24	21	48	34
Y_scaffold2	283029	43	35	34	24	28	28	35	30	21	27	29	33	32	21	41	31	21	48	23	24	21	48	33
Y_scaffold2	283030	43	35	34	25	29	27	35	29	21	27	29	33	32	21	41	31	21	48	23	24	21	49	33
Y_scaffold2	283031	43	35	34	25	29	27	35	28	20	26	29	33	32	21	41	30	21	48	23	24	21	49	33
Y_scaffold2	283032	42	36	35	25	29	28	35	29	21	25	29	31	32	22	41	30	22	51	22	23	22	51	34
Y_scaffold2	283033	41	36	35	25	30	28	35	32	21	25	29	31	32	22	40	30	22	51	23	23	22	52	34
Y_scaffold2	283034	41	36	34	25	30	28	35	32	20	26	30	31	33	22	41	30	22	51	23	23	22	52	34
Y_scaffold2	283035	41	37	34	25	29	28	35	32	20	26	30	31	33	22	42	30	22	51	23	23	22	52	34
Y_scaffold2	283036	41	37	34	26	28	28	34	32	20	26	30	31	33	22	42	31	22	50	24	23	22	52	35
Y_scaffold2	283037	41	37	34	26	29	27	34	32	20	26	30	32	33	22	42	31	22	49	24	23	21	51	35
Y_scaffold2	283038	41	37	34	26	29	27	35	31	20	26	29	32	33	22	41	31	21	49	25	23	21	51	35
Y_scaffold2	283039	43	37	34	27	31	28	35	31	21	26	29	32	34	23	41	30	22	49	25	23	21	52	35
Y_scaffold2	283040	43	35	34	27	31	27	36	30	19	26	29	30	33	23	40	30	22	47	25	22	20	52	35
Y_scaffold2	283041	43	35	34	27	31	27	35	30	20	26	29	31	33	23	40	30	22	47	26	22	19	52	35
Y_scaffold2	283042	43	35	34	27	31	27	35	30	20	26	29	31	33	23	40	31	22	47	26	22	19	52	35
Y_scaffold2	283043	44	35	34	27	31	27	35	30	20	26	29	31	33	23	39	31	22	47	25	22	19	52	35
Y_scaffold2	283044	42	35	33	27	32	27	35	30	20	26	28	30	33	22	38	31	22	46	25	22	20	51	35
Y_scaffold2	283045	42	36	36	27	33	28	35	30	20	26	28	32	33	22	38	31	22	46	26	22	20	52	35
Y_scaffold2	283046	42	36	35	27	33	29	34	30	20	26	28	31	33	22	38	29	22	47	26	22	21	52	34
Y_scaffold2	283047	42	36	36	26	33	29	34	29	20	25	28	31	33	22	39	29	23	47	26	22	21	52	34
Y_scaffold2	283048	42	37	36	26	33	29	34	29	20	24	29	31	32	22	38	29	22	47	26	23	21	51	34
Y_scaffold2	283049	42	37	35	24	33	30	34	29	20	25	30	32	32	22	39	29	21	47	26	25	21	51	35
Y_scaffold2	283050	42	37	35	24	33	30	34	29	20	25	30	32	31	22	39	29	21	47	26	25	21	51	35
Y_scaffold2	283051	42	36	35	24	32	31	34	29	20	25	30	32	30	22	39	29	21	47	26	26	21	52	35
Y_scaffold2	283052	41	37	36	24	32	32	35	32	20	25	30	32	29	22	39	28	23	47	25	26	21	52	36
Y_scaffold2	283053	41	37	36	24	32	33	35	32	20	25	30	32	28	22	39	28	23	47	25	26	21	50	36
Y_scaffold2	283054	41	36	37	24	33	33	35	33	20	25	30	31	28	22	39	28	22	47	25	26	19	50	36
Y_scaffold2	283055	41	36	37	24	33	33	35	35	20	25	30	31	29	23	38	28	22	47	25	26	19	50	37
Y_scaffold2	283056	41	37	38	24	33	33	35	35	20	25	30	31	30	23	38	28	24	46	25	26	19	50	37
Y_scaffold2	283057	41	37	37	24	32	33	34	35	20	25	31	31	28	23	38	28	24	46	25	26	19	50	37
Y_scaffold2	283058	41	37	37	24	32	34	34	36	20	25	31	31	28	23	38	28	24	46	26	26	19	49	37
Y_scaffold2	283059	40	37	36	24	32	33	34	36	20	25	31	31	28	24	36	28	24	46	26	26	19	49	36
Y_scaffold2	283060	41	38	36	24	32	33	34	35	20	26	31	31	28	23	34	29	24	46	27	26	19	51	37
Y_scaffold2	283061	41	38	35	24	31	33	34	35	20	27	31	30	28	23	35	28	23	47	27	26	19	50	36
Y_scaffold2	283062	41	38	34	23	31	34	34	35	19	25	32	30	28	24	35	26	23	46	28	27	18	49	36
Y_scaffold2	283063	41	37	33	23	31	34	34	35	19	26	32	29	28	24	35	25	23	46	29	27	18	49	38
Y_scaffold2	283064	41	37	33	23	30	33	34	35	19	26	31	29	28	24	35	25	23	46	29	27	19	47	39
Y_scaffold2	283065	40	37	33	23	31	33	34	35	19	26	31	30	28	24	35	25	23	46	29	27	19	46	39
Y_scaffold2	283066	41	37	33	24	31	34	34	35	19	26	30	30	28	24	35	25	23	45	29	26	19	46	38
Y_scaffold2	283067	40	38	33	24	30	35	33	35	19	27	30	30	28	24	34	25	22	45	29	26	20	46	37
Y_scaffold2	283068	39	36	33	23	30	35	32	35	19	28	30	30	28	24	34	25	22	45	30	26	21	46	37
Y_scaffold2	283069	39	36	33	23	29	36	33	35	19	29	30	30	28	24	34	25	22	44	31	26	21	47	37
Y_scaffold2	283070	38	36	32	23	29	36	32	35	19	29	30	30	28	24	34	25	22	44	31	26	21	47	36
Y_scaffold2	283071	38	37	32	24	29	37	32	34	19	28	30	30	27	24	34	26	22	43	31	26	21	47	36
Y_scaffold2	283072	38	37	32	24	29	37	32	34	19	28	30	30	27	24	34	25	22	43	31	26	21	47	36
Y_scaffold2	283073	36	37	32	25	29	37	32	35	19	28	30	30	27	24	33	25	22	43	31	26	21	48	35
Y_scaffold2	283074	36	37	32	25	29	37	32	35	19	28	30	30	27	23	33	25	23	43	31	26	22	46	35
Y_scaffold2	283075	36	37	33	25	29	37	33	35	19	29	30	29	27	23	33	24	23	43	30	26	22	46	34
Y_scaffold2	283076	36	37	33	25	29	37	33	35	19	28	30	30	27	24	33	24	23	42	30	26	22	45	34
Y_scaffold2	283077	36	37	32	25	30	36	33	35	19	29	30	31	28	24	34	24	23	42	30	26	21	45	33
Y_scaffold2	283078	36	36	30	26	30	36	33	35	19	29	30	30	27	24	34	23	23	42	30	27	21	45	33
Y_scaffold2	283079	36	35	30	26	30	36	32	35	19	28	30	30	25	24	34	23	23	42	30	26	21	45	33
Y_scaffold2	283080	36	33	30	26	30	36	33	35	20	28	31	29	25	24	32	22	23	42	31	26	21	45	33
Y_scaffold2	283081	36	33	30	26	30	36	32	36	20	28	31	28	25	24	32	23	23	44	31	26	21	46	33
Y_scaffold2	283082	36	32	30	26	30	36	31	36	20	28	31	28	24	24	32	22	24	45	31	25	21	46	33
Y_scaffold2	283083	35	30	30	26	30	36	31	36	20	27	29	27	24	24	32	22	23	46	30	25	21	46	34
Y_scaffold2	283084	35	30	29	25	30	34	32	38	20	27	29	27	25	24	30	22	23	46	30	25	21	46	35
Y_scaffold2	283085	34	31	30	24	30	34	34	37	20	28	29	26	25	23	30	23	23	47	30	25	21	47	34
Y_scaffold2	283086	34	31	31	24	30	32	31	37	20	28	28	26	24	23	30	23	23	47	30	25	20	48	34
Y_scaffold2	283087	34	30	29	25	31	30	31	35	19	28	27	26	24	24	28	23	22	47	30	24	19	49	33
Y_scaffold2	283088	33	31	29	25	31	30	32	35	20	28	26	26	24	24	28	24	23	47	30	24	20	49	33
Y_scaffold2	283089	33	32	29	25	32	29	32	34	20	29	25	26	24	24	27	24	23	46	30	24	20	50	33
Y_scaffold2	283090	33	33	29	25	32	29	33	35	20	29	25	26	24	24	27	24	23	46	30	24	21	50	33
Y_scaffold2	283091	32	33	29	25	32	29	33	35	20	29	26	26	24	24	27	25	23	47	31	23	21	50	33
Y_scaffold2	283092	31	32	28	25	32	29	34	35	20	29	26	26	24	24	27	25	23	46	31	23	21	50	33
Y_scaffold2	283093	31	32	27	25	32	29	35	35	20	29	27	26	24	23	27	25	23	44	31	22	21	50	33
Y_scaffold2	283094	31	31	26	24	32	29	34	34	19	28	27	26	23	23	29	25	23	43	30	23	21	50	33
Y_scaffold2	283095	31	32	26	24	32	29	34	34	19	30	28	26	22	24	29	25	23	43	30	23	21	51	34
Y_scaffold2	283096	30	32	26	24	33	29	34	34	19	30	28	26	22	24	29	25	23	43	28	23	21	51	34
Y_scaffold2	283097	31	32	25	24	33	30	34	34	19	30	28	26	22	25	28	25	23	43	28	23	21	52	34
Y_scaffold2	283098	31	32	25	24	33	30	34	34	19	30	27	26	21	25	28	25	23	42	28	23	22	52	34
Y_scaffold2	283099	31	32	25	24	33	30	34	34	19	30	27	26	22	25	28	25	23	42	28	22	22	52	34
Y_scaffold2	283100	33	33	25	24	33	31	34	34	20	30	28	28	22	25	27	26	23	43	28	22	22	52	35
Y_scaffold2	283101	33	31	25	24	33	31	33	34	20	30	28	28	23	25	27	27	23	42	28	21	21	51	36
Y_scaffold2	283102	32	30	25	24	33	31	33	34	20	30	29	28	23	25	27	29	23	42	28	20	21	52	36
Y_scaffold2	283103	32	30	25	25	33	31	32	34	21	30	29	28	23	25	27	29	23	42	28	19	21	49	36
Y_scaffold2	283104	33	31	25	25	34	30	33	34	21	30	29	28	23	25	27	30	22	42	28	20	21	49	36
Y_scaffold2	283105	32	31	25	25	33	30	33	34	21	29	29	28	23	26	27	30	22	41	28	20	21	49	36
Y_scaffold2	283106	32	33	25	25	33	31	33	34	21	29	29	28	23	26	29	30	22	41	28	20	21	50	37
Y_scaffold2	283107	32	33	25	25	33	30	33	34	21	29	29	29	24	26	29	30	22	41	28	20	21	50	37
Y_scaffold2	283108	31	33	25	25	32	30	33	34	22	29	29	29	23	25	29	30	22	41	28	20	21	49	38
Y_scaffold2	283109	31	33	25	24	33	30	33	34	23	29	29	29	25	25	29	31	23	42	28	20	21	50	38
Y_scaffold2	283110	31	33	24	24	33	29	33	33	23	29	30	29	24	25	31	30	22	42	28	20	20	50	38
Y_scaffold2	283111	32	33	24	23	33	28	34	33	23	29	30	29	24	25	31	30	22	43	28	20	20	50	38
Y_scaffold2	283112	32	33	24	23	32	29	32	33	24	29	30	29	23	25	31	30	22	43	28	21	19	49	39
Y_scaffold2	283113	33	33	24	23	32	29	32	32	24	29	31	29	23	24	31	30	23	42	28	21	20	49	39
Y_scaffold2	283114	32	32	25	23	32	29	32	32	24	30	31	29	22	24	31	29	23	41	28	21	21	48	39
Y_scaffold2	283115	32	32	25	23	32	30	31	32	24	30	31	29	23	25	31	29	23	40	28	21	21	48	39
Y_scaffold2	283116	32	32	25	23	32	31	30	32	24	31	31	29	24	25	30	29	23	39	28	21	21	49	39
Y_scaffold2	283117	31	32	25	23	32	33	30	32	22	31	31	29	23	27	30	28	23	39	28	20	21	49	40
Y_scaffold2	283118	31	32	24	24	32	33	30	32	22	31	31	29	23	27	30	28	23	38	28	20	22	49	40
Y_scaffold2	283119	31	32	24	22	32	33	30	33	22	31	31	29	23	27	30	27	23	38	28	19	22	49	41
Y_scaffold2	283120	32	32	24	23	33	33	30	33	22	31	31	30	23	27	30	28	22	37	26	19	21	48	41
Y_scaffold2	283121	32	31	22	23	32	33	30	34	22	31	31	30	22	27	29	29	23	37	27	19	21	47	39
Y_scaffold2	283122	32	31	22	22	32	32	30	34	22	30	31	29	20	27	29	29	24	38	27	20	21	47	38
Y_scaffold2	283123	32	31	23	22	32	31	29	34	23	30	31	29	21	27	29	30	24	39	27	20	22	47	38
Y_scaffold2	283124	32	31	23	23	32	32	29	34	23	31	31	29	21	27	29	30	24	38	28	21	22	50	38
Y_scaffold2	283125	33	31	23	23	32	32	29	32	22	31	33	29	21	27	29	30	24	38	28	21	22	50	38
Y_scaffold2	283126	33	31	23	23	32	32	29	32	22	31	33	29	21	25	29	30	24	38	28	21	22	50	39
Y_scaffold2	283127	33	31	21	22	33	32	29	32	21	31	32	28	21	26	29	31	24	39	29	21	22	49	39
Y_scaffold2	283128	33	31	20	21	34	31	29	32	21	31	32	28	21	26	29	31	25	39	29	21	22	50	38
Y_scaffold2	283129	33	31	20	21	34	31	28	32	21	32	32	29	21	25	29	32	25	39	29	20	23	49	38
Y_scaffold2	283130	33	32	20	22	32	31	28	32	20	33	32	29	22	26	29	32	25	39	29	20	23	49	39
Y_scaffold2	283131	33	32	20	22	32	31	29	32	20	33	32	29	22	26	28	32	25	39	29	20	23	49	39
Y_scaffold2	283132	33	33	20	22	32	31	31	32	20	33	33	29	22	26	28	32	24	38	29	19	22	49	39
Y_scaffold2	283133	33	34	20	23	30	30	31	32	20	32	33	28	22	27	26	32	24	38	29	19	22	48	39
Y_scaffold2	283134	32	35	20	23	30	30	31	32	20	32	33	28	22	27	25	32	24	37	30	19	22	49	39
Y_scaffold2	283135	32	34	20	24	30	30	31	32	21	32	33	28	22	27	25	32	23	38	30	19	22	50	38
Y_scaffold2	283136	33	34	20	24	31	31	31	32	21	32	33	28	22	26	25	32	23	38	31	19	21	50	38
Y_scaffold2	283137	33	34	20	24	31	31	31	32	21	32	33	28	22	26	25	32	23	38	32	19	21	50	38
Y_scaffold2	283138	32	33	20	24	29	31	28	30	21	32	33	28	22	26	24	31	23	39	32	20	22	51	38
Y_scaffold2	283139	33	34	20	24	29	30	28	31	21	32	33	28	22	26	23	32	23	39	32	19	23	50	38
Y_scaffold2	283140	32	35	20	24	29	29	27	31	21	32	33	28	22	26	23	32	23	39	32	19	23	51	38
Y_scaffold2	283141	32	35	20	24	29	29	27	31	21	32	33	29	22	26	23	32	23	40	33	20	23	51	38
Y_scaffold2	283142	32	35	20	24	29	28	28	31	21	32	34	29	22	26	24	31	23	39	33	20	23	51	38
Y_scaffold2	283143	32	36	22	23	29	28	29	31	22	32	34	28	22	26	24	31	23	40	33	21	23	49	38
Y_scaffold2	283144	32	36	22	24	28	28	29	31	21	32	33	28	22	26	24	31	23	40	30	20	23	47	39
Y_scaffold2	283145	33	36	22	24	28	29	28	31	21	32	32	29	22	29	24	31	23	40	30	20	23	47	40
Y_scaffold2	283146	33	37	22	24	28	29	28	31	21	32	32	30	22	29	23	32	23	40	30	20	23	46	39
Y_scaffold2	283147	33	37	22	24	28	29	27	31	21	31	32	31	22	29	23	32	23	40	31	19	23	46	39
Y_scaffold2	283148	32	37	21	24	28	30	26	31	22	31	33	31	23	29	23	33	23	40	33	19	21	46	40
Y_scaffold2	283149	32	37	21	24	28	30	26	31	22	31	33	31	23	29	24	34	23	40	33	19	21	46	40
Y_scaffold2	283150	32	36	20	24	28	29	26	30	21	31	33	30	23	28	24	35	24	40	33	19	20	45	40
Y_scaffold2	283151	32	36	22	25	28	29	27	30	21	31	34	30	24	29	26	36	25	40	32	19	20	45	40
Y_scaffold2	283152	32	37	22	25	29	29	27	30	21	31	33	30	23	30	27	36	25	40	32	19	20	45	40
Y_scaffold2	283153	32	37	22	24	29	29	27	32	21	31	33	30	22	29	27	35	25	39	32	19	20	46	40
Y_scaffold2	283154	31	37	22	23	29	29	27	32	21	31	34	30	23	27	27	34	25	39	32	19	20	46	40
Y_scaffold2	283155	30	37	22	22	29	29	27	32	21	31	34	30	23	27	26	34	25	39	32	19	20	47	40
Y_scaffold2	283156	30	37	22	22	28	29	28	32	21	31	34	30	23	27	25	34	25	39	32	19	20	47	39
Y_scaffold2	283157	30	37	22	22	27	29	28	32	20	32	33	30	23	27	25	34	25	39	32	19	20	47	38
Y_scaffold2	283158	31	35	22	23	27	30	28	31	20	32	33	30	24	27	25	34	24	39	32	19	20	47	38
Y_scaffold2	283159	31	35	22	23	27	30	28	31	20	32	33	29	24	26	25	34	23	38	32	19	18	47	38
Y_scaffold2	283160	31	36	23	23	27	30	28	32	20	32	31	30	24	27	25	34	23	38	32	19	18	48	38
Y_scaffold2	283161	32	37	23	23	27	30	28	31	23	32	31	30	25	28	24	34	23	37	32	19	18	49	38
Y_scaffold2	283162	32	38	23	23	27	30	28	30	23	31	31	30	25	28	24	35	24	37	30	19	18	48	39
Y_scaffold2	283163	32	38	23	22	27	30	28	30	23	30	31	29	25	28	24	35	25	37	30	19	18	48	39
Y_scaffold2	283164	31	37	22	21	26	30	28	30	23	30	31	29	24	28	24	36	25	36	31	19	18	47	38
Y_scaffold2	283165	32	38	22	21	26	30	28	30	23	30	32	27	25	28	24	36	25	36	30	19	19	47	39
Y_scaffold2	283166	32	39	22	21	27	30	29	29	23	30	33	27	25	29	24	36	25	37	30	19	19	47	39
Y_scaffold2	283167	32	40	23	21	27	30	28	30	23	30	32	26	24	29	25	36	25	36	31	19	19	46	40
Y_scaffold2	283168	32	40	23	21	28	30	27	31	24	30	32	27	24	29	25	36	25	36	31	19	19	46	39
Y_scaffold2	283169	32	40	22	21	28	30	27	31	24	29	32	27	25	30	25	36	25	34	31	19	19	46	40
Y_scaffold2	283170	32	40	22	21	29	30	27	31	25	29	31	27	25	30	25	36	25	34	31	19	19	46	40
Y_scaffold2	283171	32	41	22	22	29	30	28	30	25	29	30	27	25	30	25	38	25	35	31	17	19	46	39
Y_scaffold2	283172	32	41	23	22	30	29	28	30	25	30	30	27	26	29	25	38	25	36	31	17	19	45	38
Y_scaffold2	283173	31	41	23	21	30	30	28	28	25	30	31	28	26	29	25	37	24	36	32	17	19	43	38
Y_scaffold2	283174	31	39	24	22	30	30	28	28	25	30	31	28	26	29	25	38	26	37	32	17	19	43	37
Y_scaffold2	283175	32	39	24	21	30	30	28	28	25	30	29	27	26	29	25	38	27	37	32	16	19	43	37
Y_scaffold2	283176	31	39	25	21	30	30	28	28	25	30	29	27	27	29	25	39	28	37	32	16	20	42	36
Y_scaffold2	283177	31	39	25	21	29	30	28	27	25	30	29	27	27	29	25	38	28	37	32	16	20	42	36
Y_scaffold2	283178	32	39	26	21	30	29	28	27	26	29	29	26	27	28	26	40	27	36	31	16	20	44	35
Y_scaffold2	283179	33	40	26	21	29	29	29	27	26	29	29	25	28	28	27	40	27	37	31	16	20	44	35
Y_scaffold2	283180	33	39	26	21	29	29	30	28	26	29	29	25	30	28	27	40	27	37	31	16	20	43	39
Y_scaffold2	283181	33	40	25	21	31	31	30	28	25	28	29	25	30	28	27	42	27	35	31	16	20	42	39
Y_scaffold2	283182	33	40	25	21	31	31	31	27	25	28	29	25	30	28	27	43	29	34	31	16	20	42	38
Y_scaffold2	283183	33	40	26	21	30	32	31	24	25	28	29	25	30	28	27	43	29	34	30	16	21	42	38
Y_scaffold2	283184	33	40	26	20	30	32	33	24	25	27	28	25	30	28	26	44	29	34	30	17	21	42	38
Y_scaffold2	283185	34	40	26	20	31	32	33	24	26	27	28	26	30	28	25	43	29	34	30	17	21	41	38
Y_scaffold2	283186	34	40	26	20	31	32	35	24	26	27	28	26	30	28	25	42	29	36	29	17	21	41	37
Y_scaffold2	283187	34	40	26	20	30	31	34	24	27	26	28	26	29	28	26	42	28	36	28	17	21	40	38
Y_scaffold2	283188	32	40	26	19	30	31	34	24	27	26	28	26	29	28	26	42	28	36	28	18	21	40	39
Y_scaffold2	283189	32	41	26	19	28	31	34	25	27	26	28	29	30	27	26	42	28	36	28	18	21	39	39
Y_scaffold2	283190	32	41	26	20	29	31	33	25	27	26	28	29	30	27	26	42	28	36	28	18	21	39	37
Y_scaffold2	283191	32	41	26	20	29	32	33	25	27	26	28	28	31	27	26	42	28	36	27	18	21	40	37
Y_scaffold2	283192	32	43	26	21	29	32	33	24	28	27	29	28	33	28	27	41	28	37	27	18	21	40	37
Y_scaffold2	283193	32	43	26	21	30	32	33	24	29	27	30	28	33	28	27	41	28	38	27	18	22	40	37
Y_scaffold2	283194	32	43	26	21	28	32	33	24	30	27	31	29	33	28	27	41	27	38	27	18	21	41	37
Y_scaffold2	283195	32	42	23	21	28	31	33	24	30	27	31	28	33	28	27	41	27	39	26	18	22	41	37
Y_scaffold2	283196	32	43	23	21	28	30	33	23	30	27	31	28	33	28	27	41	29	38	27	18	22	41	37
Y_scaffold2	283197	32	43	22	21	28	30	33	23	30	27	30	28	33	28	27	41	28	39	28	17	22	41	37
Y_scaffold2	283198	32	43	22	21	27	30	33	22	30	27	29	28	33	28	27	41	28	39	29	16	22	41	37
Y_scaffold2	283199	32	43	22	21	27	29	34	22	29	26	29	28	33	29	26	41	28	39	29	15	22	42	36
Y_scaffold2	283200	32	43	21	21	28	29	34	22	29	26	29	28	34	29	26	41	27	39	29	15	22	42	37
Y_scaffold2	283201	33	43	21	22	28	28	33	22	30	28	30	28	36	29	27	43	29	39	29	14	23	42	37
Y_scaffold2	283202	33	42	21	22	28	26	34	20	30	29	30	28	36	29	26	44	29	39	29	14	23	42	38
Y_scaffold2	283203	34	41	21	22	28	26	34	21	30	29	30	28	36	29	26	44	28	39	29	14	23	42	39
Y_scaffold2	283204	34	41	20	23	28	27	34	20	29	29	30	28	36	29	26	44	28	39	29	15	23	42	39
Y_scaffold2	283205	34	40	21	23	28	27	34	19	29	29	30	29	35	29	26	44	30	38	29	15	23	42	38
Y_scaffold2	283206	34	39	20	23	28	27	34	19	29	29	30	29	34	29	26	45	29	38	29	15	23	42	39
Y_scaffold2	283207	34	40	20	23	29	28	35	19	29	28	29	29	34	29	27	45	29	38	29	15	23	41	40
Y_scaffold2	283208	34	40	20	23	30	27	35	18	29	28	29	30	34	29	27	45	29	39	28	15	23	41	40
Y_scaffold2	283209	33	42	21	24	31	27	37	19	30	28	28	30	35	28	26	45	29	39	27	15	23	40	42
Y_scaffold2	283210	33	42	21	24	31	26	37	19	30	28	28	30	35	28	26	45	29	39	27	15	23	40	41
Y_scaffold2	283211	33	42	21	24	32	27	38	19	31	27	28	31	36	28	27	45	29	39	26	15	23	41	43
Y_scaffold2	283212	33	42	21	24	32	26	38	19	31	27	28	32	36	27	28	45	29	39	26	15	23	41	43
Y_scaffold2	283213	33	42	21	24	32	26	38	19	31	27	28	32	36	27	29	45	30	41	25	16	23	40	41
Y_scaffold2	283214	32	42	21	24	32	27	38	19	30	27	28	34	36	27	29	45	30	41	25	17	22	40	41
Y_scaffold2	283215	32	42	21	24	31	27	38	19	30	27	28	33	36	27	29	45	30	41	25	17	22	40	42
Y_scaffold2	283216	31	42	21	23	31	28	38	19	30	27	28	33	37	27	28	45	30	42	25	17	21	40	41
Y_scaffold2	283217	32	41	21	23	31	27	38	19	30	26	28	33	37	27	28	46	30	42	26	17	21	40	41
Y_scaffold2	283218	33	41	21	24	31	27	37	20	30	25	28	34	37	27	30	46	30	43	25	17	20	41	41
Y_scaffold2	283219	33	41	22	25	32	26	37	20	32	24	28	34	37	28	30	46	30	43	24	17	20	42	42
Y_scaffold2	283220	33	41	22	26	33	27	37	21	32	25	28	35	37	28	30	47	30	43	24	17	20	42	42
Y_scaffold2	283221	33	40	22	26	33	27	37	21	32	25	28	35	39	28	30	46	30	43	24	18	20	42	42
Y_scaffold2	283222	33	40	22	27	33	27	37	20	32	25	30	35	40	28	30	46	30	43	24	18	20	41	42
Y_scaffold2	283223	33	40	22	26	33	27	37	20	32	25	29	35	40	28	30	46	30	43	24	18	20	41	44
Y_scaffold2	283224	33	40	22	26	34	27	37	20	32	25	30	35	41	28	30	46	29	44	24	19	19	41	45
Y_scaffold2	283225	33	40	21	26	34	27	36	20	32	24	30	35	41	28	30	46	29	44	23	19	19	41	45
Y_scaffold2	283226	33	40	21	26	34	27	36	20	32	24	30	34	41	27	31	46	29	45	23	19	19	40	45
Y_scaffold2	283227	34	40	22	25	33	27	35	20	32	23	31	33	42	27	30	46	29	45	24	19	19	40	45
Y_scaffold2	283228	36	40	22	25	33	27	35	20	32	22	32	34	43	27	30	47	29	45	24	18	19	40	45
Y_scaffold2	283229	36	40	23	25	32	27	35	20	30	21	31	35	44	27	32	47	29	44	25	18	20	41	45
Y_scaffold2	283230	36	40	23	25	32	27	36	20	30	22	31	35	44	27	34	49	29	44	24	18	20	41	46
Y_scaffold2	283231	36	41	23	25	33	27	36	20	30	22	32	35	44	27	34	49	29	44	24	18	20	40	46
Y_scaffold2	283232	36	41	23	25	34	27	36	20	30	22	32	35	44	27	34	49	28	43	24	18	20	40	46
Y_scaffold2	283233	36	41	23	25	34	27	36	20	30	22	32	35	44	28	34	50	28	42	24	18	20	41	45
Y_scaffold2	283234	36	41	23	25	34	27	36	18	31	22	32	35	43	27	34	50	28	42	24	18	20	41	45
Y_scaffold2	283235	37	40	22	25	34	27	34	18	31	21	32	35	43	27	34	49	28	41	24	18	20	40	45
Y_scaffold2	283236	37	40	21	25	34	27	34	18	31	21	32	35	43	27	34	49	28	41	24	18	20	39	45
Y_scaffold2	283237	37	40	21	23	33	27	34	18	31	21	32	36	43	26	35	50	28	40	23	18	20	39	45
Y_scaffold2	283238	37	39	21	23	33	27	33	18	31	20	33	37	43	26	36	49	27	40	24	19	19	39	45
Y_scaffold2	283239	37	39	21	23	32	27	33	17	31	19	33	37	43	26	36	50	27	40	24	19	19	39	45
Y_scaffold2	283240	38	38	21	23	32	27	32	17	31	19	32	37	43	27	36	51	27	39	23	19	22	39	45
Y_scaffold2	283241	38	38	22	25	32	27	32	18	31	19	32	37	43	27	36	51	27	39	23	20	22	39	45
Y_scaffold2	283242	38	38	24	25	33	27	30	19	31	19	32	37	43	27	37	51	27	40	23	20	22	41	45
Y_scaffold2	283243	39	39	24	25	33	27	30	19	32	19	33	37	43	27	37	52	27	40	23	21	22	40	45
Y_scaffold2	283244	39	39	24	25	33	28	30	19	32	20	33	37	44	27	36	52	27	40	24	20	22	40	45
Y_scaffold2	283245	39	38	24	25	33	28	30	19	32	18	32	37	44	26	36	52	27	40	24	20	22	39	44
Y_scaffold2	283246	39	38	25	25	32	28	30	19	32	18	32	37	45	26	36	52	27	40	24	21	22	38	44
Y_scaffold2	283247	38	38	25	25	32	28	30	19	32	18	32	37	45	25	36	51	27	40	24	22	22	38	44
Y_scaffold2	283248	37	38	25	25	33	28	30	19	33	18	32	37	44	25	36	51	27	40	24	22	21	39	43
Y_scaffold2	283249	36	37	25	25	33	28	30	19	33	17	32	36	43	25	37	50	27	40	24	22	21	39	43
Y_scaffold2	283250	36	37	25	25	33	27	30	19	32	17	31	35	43	25	37	50	28	39	24	22	21	39	43
Y_scaffold2	283251	36	37	25	25	34	28	30	19	33	18	31	35	43	25	37	49	28	38	25	22	21	39	43
Y_scaffold2	283252	36	37	28	25	34	28	30	19	33	18	30	35	44	25	37	47	28	38	24	22	21	38	42
Y_scaffold2	283253	35	37	28	24	34	28	30	20	32	18	30	35	44	25	37	47	28	38	24	22	21	38	41
Y_scaffold2	283254	35	37	28	24	33	28	29	20	32	18	30	35	44	25	37	47	28	38	24	21	21	38	41
Y_scaffold2	283255	35	36	28	25	33	28	28	20	32	18	32	35	44	24	36	47	28	38	25	22	21	38	41
Y_scaffold2	283256	35	36	28	25	33	28	29	20	32	18	32	35	43	24	35	47	29	38	25	22	22	37	39
Y_scaffold2	283257	36	37	28	26	33	28	29	20	33	18	32	34	43	24	35	47	29	38	25	22	22	37	39
Y_scaffold2	283258	36	37	28	26	33	28	29	20	32	18	32	34	43	24	35	47	29	38	25	22	22	37	39
Y_scaffold2	283259	36	37	28	26	32	28	29	20	31	20	32	34	41	25	35	46	28	37	25	22	22	37	39
Y_scaffold2	283260	36	37	28	27	32	28	29	20	32	20	31	34	41	25	33	46	28	36	25	22	22	37	39
Y_scaffold2	283261	35	38	28	27	32	28	28	20	32	21	31	34	41	27	34	46	28	36	25	22	22	38	39
Y_scaffold2	283262	36	38	28	27	32	27	28	21	31	21	31	34	41	27	34	47	28	37	25	21	22	38	38
Y_scaffold2	283263	35	39	28	27	32	27	28	21	31	21	31	34	41	27	35	47	27	37	24	20	21	38	39
Y_scaffold2	283264	35	40	27	27	31	26	29	21	30	20	31	34	40	26	37	46	27	37	24	20	20	37	40
Y_scaffold2	283265	35	40	27	27	31	26	29	21	30	20	31	34	40	26	38	46	28	38	24	20	20	37	40
Y_scaffold2	283266	35	40	27	27	31	25	29	21	30	20	31	34	40	25	39	46	28	38	24	21	21	37	40
Y_scaffold2	283267	34	40	27	27	31	23	29	21	30	20	32	34	41	24	39	46	28	38	24	21	21	37	40
Y_scaffold2	283268	35	40	27	26	31	23	29	21	30	20	32	34	41	24	38	46	28	38	24	22	20	38	40
Y_scaffold2	283269	35	40	26	26	31	23	29	20	30	21	32	34	41	24	38	46	28	38	24	22	20	38	39
Y_scaffold2	283270	34	40	26	25	31	23	30	20	30	21	32	33	41	24	38	45	28	39	24	22	20	39	39
Y_scaffold2	283271	34	40	26	25	31	24	30	19	30	20	32	33	41	24	38	44	27	38	23	21	20	39	39
Y_scaffold2	283272	35	40	26	25	32	24	29	19	30	20	32	33	41	24	38	44	26	38	24	21	20	39	39
Y_scaffold2	283273	35	40	25	25	32	24	29	19	29	19	32	33	40	24	38	44	26	37	24	21	19	39	39
Y_scaffold2	283274	35	40	26	24	32	24	29	19	30	19	31	35	40	24	38	44	27	37	23	20	19	36	39
Y_scaffold2	283275	34	39	26	24	32	24	29	19	30	19	30	35	40	24	41	44	27	38	23	20	19	36	39
Y_scaffold2	283276	34	41	26	24	32	26	30	19	30	19	30	35	40	25	41	44	27	38	22	19	19	36	38
Y_scaffold2	283277	34	40	26	24	31	26	30	18	31	19	30	35	40	25	41	43	27	37	22	19	19	35	38
Y_scaffold2	283278	34	40	26	24	30	27	30	20	32	20	30	35	41	25	41	42	26	37	22	20	19	35	38
Y_scaffold2	283279	34	40	26	24	30	27	30	21	32	20	30	35	41	25	42	41	27	38	22	21	18	36	38
Y_scaffold2	283280	34	39	26	23	30	27	30	21	32	20	30	35	40	24	42	42	27	37	22	21	18	36	37
Y_scaffold2	283281	34	39	26	23	30	27	29	21	33	20	30	35	41	24	42	42	27	37	22	22	17	36	37
Y_scaffold2	283282	34	38	27	23	30	27	27	21	33	20	29	36	41	23	44	42	27	37	22	22	18	36	37
Y_scaffold2	283283	34	39	27	22	30	27	27	21	34	20	29	37	41	22	44	42	27	38	22	22	18	35	38
Y_scaffold2	283284	34	38	27	21	30	27	27	21	34	21	29	38	41	22	43	42	27	39	21	22	18	34	38
Y_scaffold2	283285	34	38	27	21	30	27	28	22	33	21	29	38	41	22	43	42	28	38	21	22	18	34	38
Y_scaffold2	283286	32	38	27	21	29	26	29	22	33	21	29	37	41	22	44	42	28	38	20	22	18	34	37
Y_scaffold2	283287	33	39	27	21	29	26	29	22	33	21	29	37	41	22	44	42	28	39	20	22	18	34	37
Y_scaffold2	283288	33	39	27	21	29	26	29	23	33	21	29	37	41	23	45	42	28	39	20	21	16	33	37
Y_scaffold2	283289	31	37	27	21	29	26	29	22	34	21	28	38	41	23	46	41	28	40	20	23	16	33	37
Y_scaffold2	283290	31	36	26	22	29	26	29	22	34	21	28	38	41	23	46	41	28	40	20	23	16	33	37
Y_scaffold2	283291	31	36	26	22	29	26	29	22	34	22	28	37	41	23	46	41	29	39	19	22	16	33	37
Y_scaffold2	283292	31	36	26	23	29	26	28	22	35	22	27	37	42	23	46	43	29	39	19	23	16	33	38
Y_scaffold2	283293	31	35	24	23	30	26	27	23	35	22	27	37	42	23	46	43	29	38	19	22	16	33	38
Y_scaffold2	283294	30	35	24	22	29	25	27	23	36	22	29	35	42	20	47	42	28	38	19	23	16	33	36
Y_scaffold2	283295	30	35	24	22	29	25	27	23	36	22	30	35	42	21	47	43	28	40	19	23	16	34	36
Y_scaffold2	283296	30	35	24	22	29	25	27	23	36	22	30	34	42	21	47	43	28	40	18	23	16	34	36
Y_scaffold2	283297	30	35	24	22	29	24	28	24	37	22	29	34	42	21	46	41	26	40	17	23	16	35	35
Y_scaffold2	283298	30	36	24	22	29	25	28	24	37	22	29	34	42	21	46	42	26	40	16	23	17	36	35
Y_scaffold2	283299	30	36	24	23	29	25	28	24	38	22	29	34	41	21	46	42	26	40	17	23	17	36	35
Y_scaffold2	283300	30	36	24	23	28	25	27	24	38	22	28	35	41	20	44	40	25	40	18	23	17	36	35
Y_scaffold2	283301	30	36	22	23	28	25	27	24	38	22	28	36	41	19	44	40	25	39	19	23	17	36	35
Y_scaffold2	283302	32	35	22	23	29	25	27	25	38	22	28	36	41	20	43	40	26	39	19	24	19	37	35
Y_scaffold2	283303	31	35	22	25	29	25	27	23	38	22	29	36	41	20	42	41	26	39	19	24	19	36	35
Y_scaffold2	283304	32	35	22	25	29	25	28	23	39	22	27	36	40	20	44	41	26	39	19	24	19	36	35
Y_scaffold2	283305	32	35	22	26	29	25	28	24	39	21	26	36	39	20	44	42	26	39	19	24	19	35	35
Y_scaffold2	283306	32	36	22	27	29	25	28	24	39	22	26	36	39	20	44	42	26	39	19	24	19	35	37
Y_scaffold2	283307	31	37	22	27	29	26	28	25	39	23	26	37	40	20	44	42	26	40	19	24	19	35	37
Y_scaffold2	283308	30	38	21	26	29	25	29	24	39	23	26	37	39	20	44	42	26	40	19	24	19	34	37
Y_scaffold2	283309	30	37	21	26	29	25	29	25	39	23	26	36	39	19	44	43	27	41	19	24	19	36	37
Y_scaffold2	283310	31	37	21	26	29	25	29	26	39	23	25	36	40	19	44	43	26	41	20	24	18	36	37
Y_scaffold2	283311	30	36	20	26	29	25	30	26	36	24	25	35	39	18	44	43	26	41	19	24	18	35	37
Y_scaffold2	283312	30	37	20	26	30	25	30	26	35	24	26	35	38	18	44	42	26	41	19	24	18	35	36
Y_scaffold2	283313	30	37	20	26	30	25	30	26	35	24	26	35	39	18	44	42	25	41	19	24	18	35	36
Y_scaffold2	283314	29	37	20	27	30	25	31	27	35	25	25	36	38	19	44	43	25	42	18	25	18	35	37
Y_scaffold2	283315	29	37	20	27	30	25	31	28	35	25	25	36	39	18	44	43	25	41	18	25	18	34	36
Y_scaffold2	283316	31	37	20	27	29	26	31	28	35	25	25	36	39	17	45	44	25	40	18	25	18	34	36
Y_scaffold2	283317	31	36	19	27	29	26	31	27	36	25	25	36	39	17	44	44	26	39	17	25	18	34	35
Y_scaffold2	283318	31	36	19	27	28	26	31	26	35	25	25	35	40	18	44	44	26	39	17	25	18	34	34
Y_scaffold2	283319	31	36	19	28	29	27	31	27	35	25	25	35	39	17	44	44	26	40	17	25	18	34	34
Y_scaffold2	283320	30	36	20	28	28	27	31	27	34	25	25	35	39	17	44	43	26	40	17	25	19	34	34
Y_scaffold2	283321	30	36	19	29	28	27	30	28	34	25	26	35	39	17	45	42	27	40	17	25	19	35	35
Y_scaffold2	283322	30	36	19	29	27	27	31	28	34	24	26	35	38	17	45	42	27	39	17	25	21	35	35
Y_scaffold2	283323	30	36	18	28	27	26	31	28	34	24	25	34	39	17	45	41	26	41	16	25	21	35	35
Y_scaffold2	283324	30	36	18	28	27	26	32	28	35	24	25	34	39	18	44	42	28	40	16	25	22	37	35
Y_scaffold2	283325	30	36	18	29	27	27	32	28	35	25	25	34	39	18	44	43	27	39	16	25	22	36	35
Y_scaffold2	283326	31	36	17	29	27	27	34	28	35	26	26	33	38	20	45	42	27	38	16	25	21	36	35
Y_scaffold2	283327	31	36	17	30	27	28	34	28	35	26	26	33	38	20	44	41	27	40	16	25	21	35	36
Y_scaffold2	283328	30	36	17	30	26	28	34	28	35	26	26	33	38	20	44	40	27	40	16	25	21	36	36
Y_scaffold2	283329	30	35	17	30	26	28	33	28	35	26	26	33	37	20	43	39	27	39	16	25	22	36	35
Y_scaffold2	283330	30	35	18	30	26	25	32	27	35	27	27	33	35	19	43	39	26	40	16	26	23	36	32
Y_scaffold2	283331	32	34	19	30	25	25	33	27	35	27	27	33	36	19	43	38	26	41	16	26	23	37	32
Y_scaffold2	283332	32	35	20	30	25	26	32	27	35	27	27	32	36	19	43	37	24	41	17	26	22	39	32
Y_scaffold2	283333	32	35	19	30	25	25	32	27	36	28	27	32	36	19	43	37	24	41	17	26	21	40	32
Y_scaffold2	283334	32	35	20	30	25	25	31	27	37	29	27	32	35	19	43	36	24	42	18	27	22	40	33
Y_scaffold2	283335	31	34	20	29	24	25	31	27	36	29	28	31	35	20	43	36	24	42	19	28	22	40	33
Y_scaffold2	283336	31	34	20	29	24	25	29	27	36	29	28	31	35	20	43	36	24	40	19	28	22	40	33
Y_scaffold2	283337	31	34	20	29	25	25	30	27	34	30	28	31	35	20	42	36	24	42	19	28	22	42	33
Y_scaffold2	283338	32	35	20	29	25	25	30	27	34	30	28	29	37	20	43	35	24	42	19	27	22	42	32
Y_scaffold2	283339	32	34	20	29	25	25	30	27	34	30	28	28	37	20	43	35	24	43	19	27	24	42	33
Y_scaffold2	283340	32	35	20	28	24	24	30	28	34	30	30	29	37	22	44	36	24	44	19	27	24	42	33
Y_scaffold2	283341	31	35	20	27	24	23	30	29	34	29	30	30	36	22	44	36	24	45	19	27	24	42	33
Y_scaffold2	283342	33	33	20	27	24	23	30	29	33	29	29	30	34	22	43	36	24	44	19	27	24	42	33
Y_scaffold2	283343	33	33	20	28	23	23	30	29	32	29	28	31	34	22	43	36	24	43	20	27	23	42	33
Y_scaffold2	283344	33	33	20	29	23	23	30	29	31	29	28	30	34	22	43	36	25	44	20	27	23	41	33
Y_scaffold2	283345	33	33	20	29	23	23	30	29	31	29	28	29	34	22	44	36	24	44	21	28	24	40	33
Y_scaffold2	283346	33	32	21	29	23	23	30	29	31	29	28	29	34	22	44	37	23	44	20	28	23	40	33
Y_scaffold2	283347	33	32	21	29	23	23	31	30	31	29	28	29	34	23	43	37	23	43	19	28	24	40	33
Y_scaffold2	283348	33	32	21	29	24	23	31	30	31	29	28	28	34	23	44	37	23	44	18	28	24	40	33
Y_scaffold2	283349	32	33	21	29	24	23	30	30	32	29	29	28	34	23	44	37	23	45	18	28	24	39	34
Y_scaffold2	283350	30	33	21	28	23	23	30	30	32	28	28	28	34	24	43	36	23	45	19	28	24	39	33
Y_scaffold2	283351	31	33	21	28	23	23	30	30	31	27	28	28	32	24	43	36	21	45	19	28	23	38	32
Y_scaffold2	283352	31	34	21	28	22	23	29	30	31	26	28	28	32	24	43	35	20	45	20	28	23	38	31
Y_scaffold2	283353	30	34	21	28	23	24	30	29	32	26	28	29	32	24	43	36	20	45	20	28	23	39	30
Y_scaffold2	283354	30	34	21	29	23	23	30	29	32	26	28	29	32	25	43	36	20	45	20	27	23	39	31
Y_scaffold2	283355	32	34	20	29	23	23	29	29	32	26	29	28	32	24	43	35	18	45	20	28	23	40	31
Y_scaffold2	283356	32	33	19	29	22	22	28	29	32	26	29	29	32	25	42	34	18	45	20	28	23	40	30
Y_scaffold2	283357	32	31	19	28	20	22	27	30	32	27	29	29	32	27	42	33	18	47	20	28	23	40	27
Y_scaffold2	283358	32	31	18	28	19	22	27	31	31	27	30	28	32	27	45	33	18	46	20	28	23	40	27
Y_scaffold2	283359	32	31	18	28	19	22	27	31	32	28	30	27	32	27	45	34	18	46	21	28	23	40	27
Y_scaffold2	283360	32	31	18	28	19	22	26	31	31	29	30	27	32	26	44	35	19	46	21	27	23	40	27
Y_scaffold2	283361	31	31	18	28	20	21	27	32	31	29	30	26	31	27	43	35	19	45	21	27	23	39	25
Y_scaffold2	283362	31	31	18	28	20	21	27	32	31	29	30	28	31	27	42	35	19	45	22	27	23	41	25
Y_scaffold2	283363	31	32	18	28	20	22	27	32	31	28	30	27	32	27	42	35	18	43	22	26	23	41	24
Y_scaffold2	283364	31	32	19	28	20	23	27	32	31	28	30	27	32	29	42	35	18	43	22	25	25	41	24
Y_scaffold2	283365	32	32	20	28	20	24	27	32	31	28	32	27	32	30	42	35	18	43	22	25	25	41	25
Y_scaffold2	283366	32	33	20	28	20	22	26	32	31	28	32	27	32	30	42	35	18	42	22	25	25	42	26
Y_scaffold2	283367	30	33	20	28	21	22	26	32	31	28	33	27	32	30	42	35	19	41	22	25	25	42	26
Y_scaffold2	283368	30	33	20	29	21	22	26	31	32	28	33	27	32	30	40	35	19	42	23	24	25	41	26
Y_scaffold2	283369	30	33	19	28	20	22	26	32	31	28	33	27	32	30	40	35	19	42	23	24	25	39	26
Y_scaffold2	283370	30	33	20	27	20	21	25	31	31	27	33	26	31	31	40	35	19	43	24	24	25	39	27
Y_scaffold2	283371	30	33	21	26	20	20	26	32	31	27	33	26	30	31	40	36	19	43	24	24	25	39	27
Y_scaffold2	283372	30	33	21	25	20	20	27	33	31	27	31	26	30	31	40	36	20	43	25	25	25	39	27
Y_scaffold2	283373	30	33	21	26	22	20	27	34	31	27	33	26	30	31	41	37	20	43	25	25	25	38	24
Y_scaffold2	283374	30	33	21	27	21	20	27	34	32	27	32	26	29	31	41	38	20	44	25	24	25	38	24
Y_scaffold2	283375	30	32	21	27	21	20	27	35	32	27	32	26	29	31	39	38	20	44	24	24	25	38	25
Y_scaffold2	283376	30	32	22	27	23	20	27	35	32	28	31	26	28	31	39	38	21	44	25	24	25	38	26
Y_scaffold2	283377	29	32	22	27	23	20	27	35	33	28	31	26	29	31	39	37	21	44	25	24	25	38	27
Y_scaffold2	283378	28	32	23	27	22	20	27	35	33	28	31	25	28	33	39	36	21	44	26	24	25	38	27
Y_scaffold2	283379	27	32	23	27	22	20	27	36	33	28	31	25	28	33	37	35	23	43	25	24	24	38	27
Y_scaffold2	283380	27	32	23	27	22	20	26	35	33	27	30	25	28	33	36	33	23	43	25	24	24	39	27
Y_scaffold2	283381	27	32	23	28	21	20	26	35	34	28	30	25	29	34	36	33	24	42	25	24	25	39	28
Y_scaffold2	283382	27	32	23	28	21	20	26	35	34	28	30	24	29	35	37	33	24	42	25	24	26	40	28
Y_scaffold2	283383	27	32	23	28	21	20	26	36	35	28	30	24	29	36	37	32	24	42	25	24	26	40	27
Y_scaffold2	283384	26	32	23	28	21	21	26	36	34	28	30	25	29	36	37	32	24	43	25	24	27	40	28
Y_scaffold2	283385	26	32	23	28	21	21	26	36	35	28	30	25	29	36	36	31	24	44	25	24	26	39	28
Y_scaffold2	283386	26	32	23	28	21	22	26	36	35	29	31	25	29	36	36	32	24	44	25	24	26	39	29
Y_scaffold2	283387	27	31	23	28	21	22	27	37	35	29	31	25	29	37	36	32	24	44	24	24	26	40	30
Y_scaffold2	283388	27	31	24	28	21	23	27	37	34	29	32	26	29	37	35	32	24	44	24	25	26	40	30
Y_scaffold2	283389	27	32	24	28	21	23	27	37	34	30	32	27	30	37	35	31	24	44	24	25	24	39	30
Y_scaffold2	283390	26	32	24	28	21	22	27	38	34	30	32	27	30	37	35	30	24	44	24	25	23	39	30
Y_scaffold2	283391	26	33	21	26	20	22	27	37	34	30	33	27	30	37	34	30	24	44	24	25	23	38	30
Y_scaffold2	283392	26	33	21	26	20	22	27	36	34	30	33	28	31	37	34	30	24	44	24	25	23	37	30
Y_scaffold2	283393	25	32	21	26	20	22	27	36	33	30	32	28	32	37	33	29	24	44	24	24	23	37	30
Y_scaffold2	283394	25	32	22	26	20	22	27	36	33	29	33	28	31	37	34	29	24	45	23	24	23	37	29
Y_scaffold2	283395	25	32	21	26	20	22	27	36	33	29	34	28	31	37	34	29	24	45	23	23	23	38	30
Y_scaffold2	283396	25	32	21	27	20	22	27	37	33	29	34	28	32	37	34	29	24	46	24	23	23	38	31
Y_scaffold2	283397	25	32	21	27	20	23	27	37	33	29	34	28	33	37	34	29	25	47	24	23	24	38	31
Y_scaffold2	283398	25	32	21	27	20	23	27	37	33	29	34	28	33	37	34	29	25	47	24	23	24	37	31
Y_scaffold2	283399	25	32	21	27	20	23	27	37	33	29	34	28	33	37	34	29	25	47	24	23	24	38	31
Y_scaffold2	283400	26	32	22	28	21	24	29	37	33	28	35	28	34	37	35	30	24	47	25	23	24	38	32
Y_scaffold2	283401	26	32	22	28	20	23	31	39	32	28	35	28	34	37	35	30	24	47	24	23	24	39	31
Y_scaffold2	283402	26	31	20	28	20	23	31	39	33	28	35	28	33	37	35	30	24	47	25	23	24	39	31
Y_scaffold2	283403	27	30	20	28	20	25	31	39	36	28	37	28	33	37	35	30	25	47	26	23	25	39	31
Y_scaffold2	283404	27	30	20	28	21	25	32	39	36	28	37	28	33	37	35	30	25	48	26	23	25	39	31
Y_scaffold2	283405	27	30	20	27	21	24	32	39	36	28	35	28	33	37	35	30	25	48	25	22	25	39	32
Y_scaffold2	283406	27	30	21	27	21	25	31	39	36	29	35	28	33	37	35	30	24	49	25	22	24	39	33
Y_scaffold2	283407	26	29	21	26	21	25	31	39	35	29	35	28	33	37	34	30	24	49	25	22	24	39	33
Y_scaffold2	283408	26	29	21	26	23	25	32	39	35	27	36	29	34	36	34	30	26	49	25	22	24	38	34
Y_scaffold2	283409	26	29	21	26	23	25	32	39	36	26	36	29	34	36	34	30	26	49	27	22	24	37	34
Y_scaffold2	283410	26	29	21	25	23	25	32	39	35	26	37	29	34	35	34	30	26	49	27	22	24	39	35
Y_scaffold2	283411	25	29	21	25	24	25	32	38	35	26	37	29	34	34	34	30	26	48	27	22	24	39	35
Y_scaffold2	283412	25	29	21	26	24	25	32	38	35	26	37	29	34	34	34	29	26	48	27	22	24	39	35
Y_scaffold2	283413	25	28	21	26	24	25	32	38	35	26	36	29	34	34	33	29	26	49	27	22	24	39	34
Y_scaffold2	283414	26	27	22	26	24	25	31	38	35	25	36	30	34	34	31	29	26	49	27	22	24	40	35
Y_scaffold2	283415	27	28	22	27	24	25	31	39	35	25	36	31	35	34	29	29	25	49	27	21	23	41	35
Y_scaffold2	283416	27	28	22	28	24	25	31	39	35	26	37	31	35	34	30	29	25	49	27	22	23	41	34
Y_scaffold2	283417	28	28	22	28	25	26	31	39	35	26	36	31	34	34	30	29	25	49	28	22	23	40	34
Y_scaffold2	283418	28	28	22	28	25	26	32	39	36	26	36	31	34	34	30	29	25	49	28	22	23	40	34
Y_scaffold2	283419	28	28	22	28	25	26	32	39	36	25	36	31	34	34	31	29	26	50	28	22	23	40	34
Y_scaffold2	283420	28	28	23	28	25	26	31	38	35	24	36	31	34	34	31	29	26	48	28	22	23	39	34
Y_scaffold2	283421	29	28	22	28	25	25	31	38	35	24	36	30	34	34	31	29	26	49	28	22	23	39	34
Y_scaffold2	283422	28	28	22	28	25	25	31	39	35	24	36	30	34	34	32	30	26	49	27	22	23	40	34
Y_scaffold2	283423	29	28	22	28	25	25	31	39	35	25	36	30	34	34	32	30	25	49	27	22	23	41	34
Y_scaffold2	283424	29	28	22	28	25	25	30	39	36	25	36	30	35	34	32	31	25	50	27	23	23	41	34
Y_scaffold2	283425	30	29	23	28	25	24	30	39	36	26	37	30	36	34	29	32	25	49	28	23	23	41	34
Y_scaffold2	283426	31	30	23	28	25	24	30	39	36	26	37	30	36	33	29	32	25	49	28	23	25	41	34
Y_scaffold2	283427	31	30	23	28	25	24	30	39	35	26	37	30	36	33	29	32	25	49	28	22	25	41	34
Y_scaffold2	283428	31	30	23	28	25	24	30	37	34	26	37	30	35	33	29	32	25	49	28	22	25	41	34
Y_scaffold2	283429	31	30	23	28	25	25	30	36	34	25	37	30	35	33	28	32	24	48	28	21	26	40	34
Y_scaffold2	283430	31	30	24	30	25	24	31	36	34	24	39	30	35	33	28	31	24	49	28	21	27	41	34
Y_scaffold2	283431	31	30	24	31	25	25	31	36	33	25	39	30	34	34	28	31	24	49	28	20	27	41	34
Y_scaffold2	283432	31	30	23	31	26	26	31	36	34	25	39	29	34	34	26	31	24	52	28	20	26	42	35
Y_scaffold2	283433	31	28	23	31	26	26	31	36	33	24	39	29	34	34	27	31	24	51	28	20	26	43	34
Y_scaffold2	283434	31	28	23	31	26	26	31	38	33	24	39	28	34	34	28	32	24	50	28	20	26	44	34
Y_scaffold2	283435	31	28	23	31	26	26	31	37	33	24	40	28	34	34	28	32	24	50	28	20	26	43	34
Y_scaffold2	283436	32	28	23	31	26	26	31	37	33	24	40	28	35	34	27	33	24	49	28	20	26	43	34
Y_scaffold2	283437	32	27	24	31	26	26	31	37	33	24	40	28	36	34	26	33	25	50	27	20	26	43	34
Y_scaffold2	283438	32	27	24	31	26	26	31	36	33	24	40	27	36	33	25	33	25	49	27	19	26	43	35
Y_scaffold2	283439	32	27	24	31	26	26	31	37	32	24	40	27	36	33	26	33	25	48	27	18	26	44	35
Y_scaffold2	283440	33	27	24	30	26	26	31	38	32	24	40	27	36	33	26	33	25	48	27	18	27	43	35
Y_scaffold2	283441	33	27	24	30	26	26	31	39	32	24	40	27	36	33	26	33	24	48	27	19	27	43	36
Y_scaffold2	283442	33	27	24	29	26	26	32	40	31	24	40	27	35	34	26	31	24	48	28	19	27	43	36
Y_scaffold2	283443	33	27	24	29	26	26	32	39	30	24	40	27	35	35	26	31	25	49	28	19	27	43	37
Y_scaffold2	283444	32	27	24	29	26	26	32	39	30	24	38	27	35	35	26	31	26	49	28	18	27	43	38
Y_scaffold2	283445	32	27	25	29	26	26	32	39	31	24	37	28	36	34	26	32	26	47	28	18	27	43	38
Y_scaffold2	283446	33	27	25	29	26	25	33	39	29	25	37	29	37	35	26	33	26	47	28	19	27	42	38
Y_scaffold2	283447	33	27	25	29	27	25	32	38	29	25	37	29	36	35	26	33	27	47	28	19	27	42	38
Y_scaffold2	283448	33	28	25	29	27	25	33	38	29	25	37	29	36	35	27	32	27	47	29	19	27	41	38
Y_scaffold2	283449	33	29	25	28	28	25	33	38	28	26	37	28	36	35	27	32	27	48	27	19	27	41	38
Y_scaffold2	283450	33	29	25	27	28	25	33	38	28	27	37	28	36	36	27	32	27	48	26	19	27	41	40
Y_scaffold2	283451	34	29	25	27	27	25	34	37	28	27	37	27	36	36	28	32	27	48	27	19	26	42	40
Y_scaffold2	283452	32	29	25	27	26	25	34	37	28	27	36	27	36	35	28	32	26	49	27	19	25	41	40
Y_scaffold2	283453	32	29	25	25	26	25	34	37	27	27	35	27	36	35	28	31	26	49	28	19	25	41	40
Y_scaffold2	283454	31	30	25	25	27	25	33	37	27	27	36	27	37	35	26	32	26	50	28	19	25	42	41
