Y_scaffold2	219985	39	35	34	31	34	28	25	26	29	38	27	37	30	31	43	30	24	37	29	31	22	42	42
Y_scaffold2	219986	39	35	33	33	34	28	24	26	30	37	27	40	30	31	42	30	25	37	29	31	22	43	42
Y_scaffold2	219987	39	34	34	32	34	28	24	26	29	38	27	40	30	30	42	30	25	37	30	31	22	43	42
Y_scaffold2	219988	39	34	34	32	35	28	24	26	30	37	27	40	30	30	43	30	24	37	31	31	22	44	42
Y_scaffold2	219989	39	34	34	33	36	28	24	26	30	38	26	40	30	30	43	30	25	36	31	32	22	44	42
Y_scaffold2	219990	39	35	34	33	35	29	24	26	30	38	25	40	31	30	43	30	24	36	31	34	22	43	43
Y_scaffold2	219991	39	35	34	33	35	28	24	26	30	38	26	38	31	30	43	30	24	36	31	34	22	42	42
Y_scaffold2	219992	39	36	34	33	35	29	24	26	30	38	26	38	31	29	43	30	24	36	31	34	23	42	42
Y_scaffold2	219993	40	36	34	33	34	29	24	26	30	38	26	38	31	29	43	30	23	36	31	34	23	45	42
Y_scaffold2	219994	40	35	34	33	34	29	24	26	30	38	27	38	32	29	41	30	24	36	31	34	25	46	43
Y_scaffold2	219995	41	35	34	33	32	29	24	26	30	38	27	38	32	29	40	30	24	37	31	34	25	47	43
Y_scaffold2	219996	40	35	34	33	32	29	24	26	31	38	26	38	31	29	40	29	24	37	31	34	25	46	42
Y_scaffold2	219997	41	35	35	32	31	29	24	26	31	39	25	38	31	29	40	30	24	37	31	34	25	47	44
Y_scaffold2	219998	41	35	34	32	31	29	24	26	31	39	26	39	31	28	39	30	23	37	31	34	25	47	44
Y_scaffold2	219999	41	34	34	32	30	29	24	26	31	37	26	39	31	27	39	30	23	37	30	35	25	47	44
Y_scaffold2	220000	41	34	35	32	30	29	24	25	31	37	25	40	32	28	39	29	22	37	31	35	25	48	43
Y_scaffold2	220001	41	34	35	32	30	28	24	25	32	37	26	40	32	28	39	29	21	36	31	35	25	45	43
Y_scaffold2	220002	42	35	35	32	30	29	24	24	32	36	26	40	32	28	39	29	21	36	31	35	26	45	43
Y_scaffold2	220003	41	35	34	31	28	29	25	24	31	36	26	40	32	28	39	29	22	35	30	34	26	45	43
Y_scaffold2	220004	41	37	34	31	29	30	25	24	31	36	26	40	33	28	39	30	22	35	30	34	26	45	43
Y_scaffold2	220005	40	36	34	31	29	30	25	24	31	37	26	40	33	27	39	30	22	35	30	33	26	45	43
Y_scaffold2	220006	40	36	33	31	29	30	25	24	31	37	26	39	33	27	40	31	22	34	30	32	26	45	44
Y_scaffold2	220007	40	36	33	31	30	30	25	23	30	37	27	39	33	27	41	31	22	33	30	33	27	45	44
Y_scaffold2	220008	41	37	33	31	29	30	25	22	30	38	27	39	33	27	41	32	22	33	30	34	26	45	44
Y_scaffold2	220009	40	37	33	30	29	30	24	22	30	38	27	38	33	27	41	32	22	32	30	34	26	45	43
Y_scaffold2	220010	38	36	32	32	28	30	23	23	30	37	27	38	33	26	41	33	22	31	30	34	27	43	42
Y_scaffold2	220011	39	36	32	32	28	30	23	24	30	37	27	38	33	26	42	33	21	31	31	34	28	43	43
Y_scaffold2	220012	39	36	32	32	28	30	23	25	30	37	27	38	32	26	41	33	22	33	32	33	28	43	42
Y_scaffold2	220013	39	36	32	31	28	30	23	27	30	37	27	37	32	25	40	32	21	33	32	32	27	43	41
Y_scaffold2	220014	40	37	33	31	28	30	22	27	31	37	28	37	31	24	39	32	20	32	31	32	27	42	41
Y_scaffold2	220015	40	37	33	31	28	30	22	27	31	37	29	37	31	24	40	32	20	33	31	31	27	42	42
Y_scaffold2	220016	40	37	34	31	28	30	22	27	32	37	29	38	31	25	41	32	20	33	31	31	26	42	42
Y_scaffold2	220017	40	37	35	31	28	30	23	27	32	37	28	38	32	26	41	32	20	33	31	32	26	43	44
Y_scaffold2	220018	40	37	35	31	28	29	22	28	32	37	28	38	32	26	41	32	20	33	31	32	26	44	44
Y_scaffold2	220019	40	37	35	31	28	29	22	28	32	37	27	38	32	26	40	32	20	32	31	32	26	43	44
Y_scaffold2	220020	40	36	36	30	28	29	22	28	31	38	27	37	31	26	40	32	20	32	30	32	26	43	44
Y_scaffold2	220021	41	35	37	30	27	30	23	28	32	38	29	37	31	26	40	32	21	30	30	32	26	44	44
Y_scaffold2	220022	40	35	38	30	27	30	23	27	31	38	29	37	30	26	40	31	21	30	30	32	26	45	42
Y_scaffold2	220023	40	35	37	30	27	29	23	27	31	38	27	37	30	26	40	32	22	30	31	32	26	44	43
Y_scaffold2	220024	41	35	37	30	27	28	23	27	32	42	27	37	30	25	40	32	21	30	31	32	26	45	43
Y_scaffold2	220025	40	36	35	29	27	28	23	27	34	41	27	37	30	25	39	30	21	30	30	32	25	45	43
Y_scaffold2	220026	39	38	35	29	27	28	23	27	36	41	27	38	30	25	39	30	21	30	30	32	25	46	43
Y_scaffold2	220027	41	38	35	29	27	29	23	27	36	41	27	38	30	25	38	32	21	32	31	33	25	47	43
Y_scaffold2	220028	40	38	35	28	26	30	23	26	35	39	27	38	31	25	38	32	21	32	31	32	25	47	43
Y_scaffold2	220029	40	38	35	28	27	30	23	26	35	39	27	37	31	25	38	31	20	31	31	32	24	47	43
Y_scaffold2	220030	40	38	36	29	28	30	24	28	34	38	27	34	32	26	40	32	20	31	31	35	25	47	44
Y_scaffold2	220031	40	38	35	29	28	29	24	28	34	38	27	34	32	26	40	31	20	31	31	35	25	47	44
Y_scaffold2	220032	41	38	35	29	28	29	24	28	34	38	27	34	32	26	40	32	20	31	30	35	25	47	44
Y_scaffold2	220033	41	37	36	29	29	28	24	28	35	39	29	33	32	27	40	33	20	33	32	35	26	47	43
Y_scaffold2	220034	41	36	35	29	29	29	23	28	34	39	29	33	32	26	40	33	20	34	32	36	26	49	43
Y_scaffold2	220035	41	36	35	29	29	28	23	27	34	40	28	34	31	26	39	33	20	32	34	36	25	50	43
Y_scaffold2	220036	41	37	35	29	30	28	25	27	34	41	29	34	31	26	39	33	20	33	34	36	25	51	44
Y_scaffold2	220037	41	38	35	29	30	27	25	27	34	42	30	35	31	26	39	34	21	33	34	36	25	51	45
Y_scaffold2	220038	42	38	33	29	30	27	26	27	34	42	31	34	31	26	39	34	21	33	35	36	25	51	43
Y_scaffold2	220039	42	37	33	29	30	27	26	27	34	42	31	34	31	26	39	33	21	34	35	35	25	51	42
Y_scaffold2	220040	42	37	33	29	29	27	25	27	33	42	31	33	31	26	39	34	22	33	34	35	25	51	42
Y_scaffold2	220041	40	37	33	30	29	27	25	27	33	43	31	33	31	26	39	34	22	34	32	35	25	52	42
Y_scaffold2	220042	40	37	33	29	29	26	25	27	33	43	31	33	31	26	39	34	22	34	32	35	26	50	41
Y_scaffold2	220043	40	38	33	28	29	26	25	28	33	44	31	33	31	26	39	34	22	34	32	35	26	50	39
Y_scaffold2	220044	40	37	33	29	29	26	25	28	33	43	32	32	31	26	38	34	22	35	32	35	23	49	39
Y_scaffold2	220045	41	37	35	30	29	26	25	29	34	43	32	32	32	26	38	34	22	35	32	35	23	49	39
Y_scaffold2	220046	41	37	35	30	30	27	25	29	35	43	32	32	32	26	37	34	22	35	32	35	23	49	39
Y_scaffold2	220047	41	36	35	32	31	27	25	29	35	43	33	32	33	25	37	34	23	35	32	34	22	50	39
Y_scaffold2	220048	41	36	35	32	31	27	26	29	35	43	33	32	33	25	38	35	23	35	32	34	21	50	39
Y_scaffold2	220049	41	36	36	31	31	27	26	27	35	42	33	31	34	26	38	34	23	35	31	34	20	50	38
Y_scaffold2	220050	41	36	36	30	31	26	26	27	35	42	33	31	34	26	38	34	23	35	31	34	20	50	38
Y_scaffold2	220051	41	37	36	31	32	26	27	28	34	41	34	32	34	27	39	35	24	34	33	35	21	51	39
Y_scaffold2	220052	41	37	36	32	32	26	27	28	33	43	35	32	34	27	39	34	23	34	32	35	20	50	39
Y_scaffold2	220053	41	38	35	32	32	26	27	28	32	43	35	33	33	27	39	33	23	36	32	35	20	49	39
Y_scaffold2	220054	42	38	33	31	32	27	26	28	32	43	34	34	33	27	39	33	23	37	32	35	22	50	39
Y_scaffold2	220055	42	38	33	31	32	27	26	28	32	43	34	34	33	27	39	33	23	37	32	35	22	49	39
Y_scaffold2	220056	42	38	33	31	32	28	27	29	33	43	35	34	34	27	39	32	23	36	32	35	21	49	40
Y_scaffold2	220057	42	38	33	31	32	28	27	29	33	41	34	35	34	27	39	31	24	37	32	34	21	48	39
Y_scaffold2	220058	42	38	33	30	32	28	27	29	33	41	34	35	33	28	39	31	23	35	32	34	21	48	38
Y_scaffold2	220059	42	38	33	30	33	27	27	28	34	41	34	35	33	28	39	31	23	35	32	34	22	48	38
Y_scaffold2	220060	42	38	33	29	33	28	27	28	34	41	34	32	33	28	38	31	23	35	31	35	22	47	38
Y_scaffold2	220061	42	37	33	31	33	28	26	28	35	42	35	32	33	28	38	30	23	35	32	35	21	46	40
Y_scaffold2	220062	42	37	32	31	33	27	25	28	36	41	35	31	33	28	39	29	23	35	32	35	21	46	40
Y_scaffold2	220063	43	37	33	31	33	27	24	28	36	41	35	31	34	29	39	29	24	35	32	34	19	47	40
Y_scaffold2	220064	43	37	32	30	33	26	24	28	36	41	35	30	33	28	39	28	24	36	33	34	20	47	40
Y_scaffold2	220065	43	37	32	29	33	26	24	28	36	39	36	30	34	27	39	28	24	35	33	34	19	47	42
Y_scaffold2	220066	42	37	32	28	35	26	24	28	36	39	36	30	34	27	38	29	22	35	33	34	19	48	43
Y_scaffold2	220067	42	37	32	27	35	26	24	28	36	39	37	30	34	26	37	29	22	35	33	33	19	48	42
Y_scaffold2	220068	41	35	32	28	34	26	24	28	35	39	38	30	34	25	37	30	22	34	33	33	19	49	43
Y_scaffold2	220069	40	35	32	29	35	26	24	28	36	39	38	31	35	25	39	31	22	34	33	34	19	49	44
Y_scaffold2	220070	39	36	32	29	35	26	24	28	36	39	38	32	35	24	39	31	22	35	33	34	20	48	44
Y_scaffold2	220071	39	36	33	30	36	26	23	29	36	39	39	32	34	24	39	31	22	34	33	32	20	48	46
Y_scaffold2	220072	40	35	33	30	36	28	24	30	36	38	40	32	34	25	40	30	24	34	33	33	20	47	46
Y_scaffold2	220073	40	35	33	30	36	29	24	30	36	37	40	30	34	25	40	30	24	33	33	33	21	47	45
Y_scaffold2	220074	40	34	33	30	35	29	25	29	36	37	40	30	35	25	40	30	23	32	34	33	21	48	45
Y_scaffold2	220075	40	34	33	30	35	28	25	30	36	37	40	31	35	25	40	30	23	33	34	33	21	48	45
Y_scaffold2	220076	39	35	33	30	35	28	25	30	36	36	40	31	35	25	42	30	23	34	34	33	21	47	45
Y_scaffold2	220077	41	35	33	30	35	28	27	29	36	36	40	31	35	26	40	30	23	33	33	33	21	48	46
Y_scaffold2	220078	42	35	33	31	34	28	27	29	37	36	40	31	35	26	40	31	23	32	33	34	20	47	46
Y_scaffold2	220079	42	36	34	31	33	29	27	29	37	36	40	29	34	26	40	31	23	32	33	33	22	46	46
Y_scaffold2	220080	42	37	34	31	34	29	28	30	36	36	40	28	34	27	38	31	23	33	33	33	21	45	46
Y_scaffold2	220081	42	37	35	31	34	29	28	30	36	36	40	28	34	26	39	31	23	33	33	34	21	45	46
Y_scaffold2	220082	42	37	36	31	34	30	28	30	36	36	40	29	33	26	39	31	23	33	32	34	21	45	46
Y_scaffold2	220083	43	35	36	31	34	30	28	30	36	36	40	29	33	26	40	31	23	34	32	33	22	45	47
Y_scaffold2	220084	43	35	35	30	34	32	29	30	36	35	41	29	34	25	41	31	23	34	32	33	22	45	46
Y_scaffold2	220085	43	35	35	30	33	32	30	30	36	36	41	29	33	25	41	31	23	34	32	33	22	45	45
Y_scaffold2	220086	42	35	35	30	33	32	29	31	36	36	41	30	33	25	41	31	23	33	32	33	22	45	45
Y_scaffold2	220087	41	36	36	31	33	32	28	31	36	36	42	31	33	25	41	31	23	33	32	33	22	44	44
Y_scaffold2	220088	41	36	36	31	33	32	28	31	36	36	41	31	33	25	41	31	23	33	32	33	22	45	43
Y_scaffold2	220089	41	36	36	29	33	32	30	30	36	36	41	31	32	25	40	31	23	32	32	33	22	45	44
Y_scaffold2	220090	41	36	36	28	33	32	30	30	37	36	40	31	32	25	40	31	23	32	31	34	22	45	44
Y_scaffold2	220091	41	37	36	28	33	32	30	30	37	38	40	31	32	25	40	31	23	32	31	35	22	45	44
Y_scaffold2	220092	42	37	37	28	32	32	30	30	37	38	40	31	32	25	40	30	22	32	30	35	22	45	44
Y_scaffold2	220093	43	36	37	29	32	32	30	30	37	38	40	31	32	25	40	30	22	32	29	35	22	45	43
Y_scaffold2	220094	43	36	36	29	32	31	30	30	38	38	41	31	32	25	40	29	22	32	31	35	22	45	43
Y_scaffold2	220095	44	36	36	29	31	31	30	30	38	38	41	31	31	26	40	30	22	32	31	35	22	45	43
Y_scaffold2	220096	45	36	36	30	29	31	30	30	39	38	41	31	31	26	39	31	23	32	31	35	22	46	43
Y_scaffold2	220097	45	36	36	30	29	31	30	29	39	38	41	31	30	25	38	31	21	32	30	35	22	46	43
Y_scaffold2	220098	45	36	37	31	29	30	29	28	39	37	42	32	30	25	39	31	21	32	30	34	22	46	42
Y_scaffold2	220099	45	36	37	30	29	30	29	28	39	37	42	32	30	25	39	31	22	32	30	34	22	46	42
Y_scaffold2	220100	45	36	37	30	28	30	29	27	39	37	42	32	31	25	40	31	22	32	30	35	22	45	43
Y_scaffold2	220101	45	37	37	30	28	30	29	27	39	37	42	31	31	25	39	31	22	32	30	35	22	45	43
Y_scaffold2	220102	45	37	36	30	29	30	30	27	40	37	43	31	30	26	39	32	23	32	30	35	22	45	43
Y_scaffold2	220103	42	37	36	30	30	31	30	26	40	36	43	32	29	26	40	31	23	34	28	34	22	45	42
Y_scaffold2	220104	41	38	37	30	30	31	33	26	40	37	43	32	29	26	40	31	23	34	28	34	23	45	42
Y_scaffold2	220105	40	37	36	30	28	31	32	27	40	36	42	31	29	25	41	30	23	35	28	34	24	45	42
Y_scaffold2	220106	40	37	37	30	28	31	32	27	40	36	41	31	29	25	41	30	23	36	28	34	24	45	43
Y_scaffold2	220107	40	37	37	30	28	31	32	27	40	36	41	31	29	24	42	30	23	36	28	34	25	45	42
Y_scaffold2	220108	38	37	36	30	29	29	32	27	40	35	41	31	28	24	42	30	22	34	28	34	25	46	43
Y_scaffold2	220109	38	37	36	30	29	29	32	27	41	35	42	31	28	24	42	30	22	34	28	34	25	48	43
Y_scaffold2	220110	38	37	36	30	29	29	32	27	41	35	42	31	28	23	42	30	22	34	28	34	25	49	43
Y_scaffold2	220111	38	37	36	30	26	29	32	26	40	34	41	32	28	23	42	30	22	34	28	34	26	50	42
Y_scaffold2	220112	38	37	36	30	25	29	31	25	40	35	41	32	28	24	43	31	23	34	28	34	26	50	42
Y_scaffold2	220113	36	36	36	30	25	29	31	25	40	34	41	32	28	24	42	31	23	34	28	34	26	50	42
Y_scaffold2	220114	38	35	37	30	26	29	31	25	41	34	41	33	28	24	41	31	22	34	28	34	26	51	43
Y_scaffold2	220115	38	35	37	30	26	32	31	25	41	34	40	35	28	26	41	31	22	34	29	34	26	51	43
Y_scaffold2	220116	38	35	37	30	26	33	32	24	40	34	40	35	26	27	41	30	22	34	29	34	26	51	43
Y_scaffold2	220117	38	35	37	30	25	33	33	24	40	34	40	33	25	27	43	30	22	35	29	35	27	52	43
Y_scaffold2	220118	39	35	37	30	26	33	33	26	39	34	39	34	26	27	43	30	22	33	29	36	27	52	43
Y_scaffold2	220119	39	35	36	30	26	33	33	27	39	33	38	34	26	27	42	31	22	33	29	36	27	51	43
Y_scaffold2	220120	39	34	36	30	26	34	34	26	39	34	38	34	25	27	42	31	21	33	28	36	28	50	43
Y_scaffold2	220121	38	34	36	28	27	33	34	26	39	33	40	34	25	27	41	31	21	34	28	36	28	50	43
Y_scaffold2	220122	38	34	36	28	27	32	34	26	39	33	38	34	25	27	40	31	22	34	28	36	29	49	43
Y_scaffold2	220123	40	33	36	28	27	32	34	26	38	33	37	35	25	27	39	32	22	35	28	38	29	50	43
Y_scaffold2	220124	39	33	35	29	28	32	34	26	37	33	37	35	25	27	38	32	21	35	28	38	29	49	44
Y_scaffold2	220125	39	32	35	29	28	32	35	26	37	33	37	35	25	27	38	32	21	35	29	39	30	49	44
Y_scaffold2	220126	39	32	35	30	29	32	35	27	37	33	37	35	25	25	39	32	21	35	28	39	30	49	44
Y_scaffold2	220127	39	32	35	30	28	32	36	27	37	33	37	35	25	25	41	32	21	35	28	39	30	49	43
Y_scaffold2	220128	39	32	35	30	27	32	36	27	36	33	37	35	25	25	40	30	21	35	28	37	30	48	41
Y_scaffold2	220129	39	33	35	29	27	32	36	27	36	33	37	35	25	24	40	30	21	35	28	37	29	48	41
Y_scaffold2	220130	40	33	34	30	27	33	36	27	36	33	37	35	25	24	40	31	21	35	28	36	29	48	41
Y_scaffold2	220131	40	33	34	30	27	33	36	27	36	33	37	35	25	24	41	31	21	35	28	36	30	48	39
Y_scaffold2	220132	40	33	34	30	27	33	36	28	36	33	37	35	24	23	41	32	21	35	28	36	30	48	40
Y_scaffold2	220133	39	34	34	31	27	33	35	28	36	33	37	35	23	23	41	31	21	35	28	36	30	48	40
Y_scaffold2	220134	39	35	34	31	27	34	35	28	36	33	37	35	23	23	41	31	22	35	28	36	31	48	42
Y_scaffold2	220135	38	36	35	31	27	33	35	28	35	33	38	34	24	23	41	30	22	35	28	35	31	49	42
Y_scaffold2	220136	38	36	35	29	27	33	36	28	34	32	38	30	24	23	41	30	21	35	28	35	31	48	42
Y_scaffold2	220137	39	36	34	29	27	32	36	28	34	31	38	30	24	24	41	30	21	36	27	35	31	48	42
Y_scaffold2	220138	39	35	34	30	26	33	37	29	32	31	38	30	24	24	40	31	21	36	26	35	31	47	42
Y_scaffold2	220139	39	35	34	29	25	33	37	29	32	30	38	30	24	24	40	31	20	36	26	34	31	47	42
Y_scaffold2	220140	39	34	34	28	25	33	38	31	32	31	37	31	25	24	41	31	20	36	25	32	33	47	42
Y_scaffold2	220141	38	34	34	28	25	33	38	31	32	31	37	31	25	24	41	31	20	36	25	32	33	46	42
Y_scaffold2	220142	38	33	34	28	25	33	38	31	32	31	37	31	25	25	41	31	20	37	25	32	32	47	41
Y_scaffold2	220143	38	33	34	29	25	33	38	31	32	31	37	31	25	25	41	31	20	37	25	32	32	45	41
Y_scaffold2	220144	37	33	34	29	25	33	38	31	32	31	37	31	24	25	41	31	19	36	25	32	31	43	40
Y_scaffold2	220145	36	33	34	29	27	33	38	31	32	30	37	31	24	25	41	31	19	36	25	32	31	43	40
Y_scaffold2	220146	36	33	34	29	27	33	38	31	31	30	37	31	24	25	41	31	19	36	25	32	31	43	39
Y_scaffold2	220147	36	34	33	30	27	33	38	31	31	30	37	31	25	26	40	30	19	36	25	32	31	43	39
Y_scaffold2	220148	36	34	33	30	27	33	38	31	31	30	37	30	25	26	40	31	19	36	25	32	31	44	38
Y_scaffold2	220149	36	34	33	31	27	33	39	31	31	30	37	30	25	25	40	31	19	38	25	31	31	44	39
Y_scaffold2	220150	36	34	32	31	27	33	39	31	31	31	37	30	24	25	40	31	19	37	24	32	31	44	39
Y_scaffold2	220151	36	34	31	31	28	33	39	31	30	31	38	31	24	25	40	32	19	37	24	32	31	44	39
Y_scaffold2	220152	35	33	31	31	28	32	39	31	30	31	38	31	24	25	40	32	19	37	24	32	30	44	39
