Y_scaffold2	220218	38	41	29	31	28	28	35	37	26	27	37	31	28	26	41	34	24	40	22	27	33	41	36
Y_scaffold2	220219	38	39	29	31	27	28	35	37	26	27	37	30	29	27	39	34	24	40	22	26	34	40	35
Y_scaffold2	220220	38	39	29	31	27	28	35	37	26	27	38	30	30	27	39	34	25	40	22	26	33	41	35
Y_scaffold2	220221	36	39	28	30	26	26	34	35	26	27	36	31	30	26	39	34	24	40	22	26	34	42	34
Y_scaffold2	220222	36	39	28	30	27	26	34	35	26	27	37	31	30	27	38	34	23	40	24	25	34	43	34
Y_scaffold2	220223	36	40	28	30	27	25	34	35	25	27	38	31	32	27	38	34	23	40	24	25	33	43	34
Y_scaffold2	220224	36	41	28	30	28	26	33	35	24	27	38	31	31	27	38	34	23	40	23	25	34	42	34
Y_scaffold2	220225	35	41	28	30	29	26	32	34	23	27	38	30	31	26	38	34	24	40	23	27	34	41	33
Y_scaffold2	220226	35	40	28	31	32	27	32	34	23	27	38	31	31	27	36	34	24	39	24	27	35	41	33
Y_scaffold2	220227	36	40	28	32	32	26	31	34	23	27	38	31	31	27	36	34	24	39	24	27	35	41	32
Y_scaffold2	220228	35	40	28	31	32	26	30	34	23	28	38	31	31	26	36	33	24	39	24	26	35	41	32
Y_scaffold2	220229	36	39	27	31	32	24	31	33	23	28	38	32	31	26	35	33	24	40	25	26	33	43	32
Y_scaffold2	220230	36	38	27	32	31	24	30	34	23	28	38	32	31	25	34	34	24	38	25	26	32	43	32
Y_scaffold2	220231	37	39	26	32	32	24	30	34	23	27	38	32	31	25	34	34	25	38	25	25	32	43	31
Y_scaffold2	220232	37	39	25	32	32	23	30	34	23	27	37	31	31	25	34	34	25	38	25	25	32	43	31
Y_scaffold2	220233	37	39	25	33	32	23	30	34	23	27	37	31	33	25	33	34	25	37	25	25	31	43	30
Y_scaffold2	220234	38	38	25	33	32	23	29	34	24	27	36	31	32	25	32	34	25	38	25	25	31	43	30
Y_scaffold2	220235	39	38	25	33	32	23	28	34	24	26	36	31	32	26	32	34	25	38	25	25	31	45	30
Y_scaffold2	220236	39	39	25	34	33	23	28	33	24	27	35	30	32	26	32	35	26	38	25	25	31	45	30
Y_scaffold2	220237	39	38	24	33	33	24	28	33	24	27	35	29	32	26	32	35	26	38	25	25	31	45	31
Y_scaffold2	220238	39	38	24	34	35	25	26	33	24	27	35	29	32	26	33	35	26	38	25	24	31	44	30
Y_scaffold2	220239	39	38	24	35	35	25	26	33	24	27	36	29	32	26	33	35	26	38	25	24	31	44	30
Y_scaffold2	220240	39	39	24	35	35	25	26	33	23	27	36	29	33	25	33	35	26	38	25	23	31	44	30
Y_scaffold2	220241	38	38	24	35	36	25	26	33	23	26	36	29	33	25	34	35	26	40	26	22	31	45	30
Y_scaffold2	220242	38	38	23	36	36	24	26	32	23	26	37	29	33	25	34	35	26	40	27	22	31	46	30
Y_scaffold2	220243	38	38	23	36	37	24	26	32	24	26	37	29	33	26	34	36	26	40	27	24	31	46	30
Y_scaffold2	220244	37	37	22	36	37	24	26	32	22	27	36	29	33	26	34	36	26	40	25	24	31	46	30
Y_scaffold2	220245	36	37	23	36	37	24	26	32	22	27	37	29	34	25	35	35	25	41	25	24	31	45	30
Y_scaffold2	220246	36	38	23	35	37	24	27	32	22	27	38	30	34	25	36	34	25	41	25	24	31	45	31
Y_scaffold2	220247	36	37	25	35	37	24	27	32	22	27	37	31	35	26	36	35	25	41	25	24	32	46	31
Y_scaffold2	220248	36	37	24	34	37	24	27	32	22	27	37	30	35	26	35	35	25	40	25	24	32	46	31
Y_scaffold2	220249	37	37	24	35	36	24	27	32	23	27	36	30	35	25	35	35	23	39	25	24	33	46	31
Y_scaffold2	220250	37	37	26	35	36	24	28	32	23	26	37	30	34	25	34	34	23	39	25	23	33	46	30
Y_scaffold2	220251	37	36	27	35	36	24	28	32	24	26	37	31	34	25	34	34	23	38	25	24	34	46	30
Y_scaffold2	220252	36	36	27	36	36	24	27	32	23	27	36	30	34	25	33	34	23	37	25	24	34	47	31
Y_scaffold2	220253	36	36	26	36	35	24	27	32	23	26	36	29	34	25	33	34	23	36	25	24	34	48	31
Y_scaffold2	220254	37	35	25	37	35	24	25	32	23	26	36	29	34	25	34	34	23	38	25	24	34	48	31
Y_scaffold2	220255	37	35	25	37	35	24	25	31	23	26	36	29	34	25	33	34	23	37	25	24	33	48	31
Y_scaffold2	220256	37	37	25	37	35	25	25	31	24	26	36	29	35	25	34	34	23	37	26	24	33	48	29
Y_scaffold2	220257	38	37	25	37	34	26	25	31	24	26	36	29	35	25	34	35	23	37	26	24	32	48	29
Y_scaffold2	220258	38	37	25	37	34	26	26	31	24	26	36	29	35	25	34	35	23	37	27	24	32	47	30
Y_scaffold2	220259	40	38	25	39	35	26	26	31	24	26	35	29	35	25	35	35	23	37	27	24	33	46	30
Y_scaffold2	220260	40	38	25	39	35	27	26	31	24	26	35	29	35	25	35	36	24	37	28	24	33	45	31
Y_scaffold2	220261	40	38	25	39	35	27	26	31	24	26	36	28	35	25	35	36	24	37	28	24	32	44	31
Y_scaffold2	220262	40	39	25	40	35	27	26	31	24	25	37	28	36	24	34	37	24	38	30	24	32	45	31
Y_scaffold2	220263	39	39	24	40	35	27	26	31	24	25	37	27	36	24	34	37	24	38	30	24	33	46	31
Y_scaffold2	220264	39	39	24	40	34	27	27	30	23	25	37	27	36	24	34	37	24	38	30	25	33	45	30
Y_scaffold2	220265	39	40	24	40	34	25	26	30	24	25	37	25	37	24	34	37	24	39	29	26	33	46	30
Y_scaffold2	220266	39	40	24	40	34	24	27	31	24	25	38	25	37	23	35	38	24	39	30	26	33	46	30
Y_scaffold2	220267	40	40	24	40	34	24	26	31	25	25	38	25	37	23	33	38	24	38	30	25	32	45	30
Y_scaffold2	220268	40	41	24	41	33	24	27	30	25	26	39	25	36	23	33	39	24	38	30	24	32	45	30
Y_scaffold2	220269	40	41	24	42	34	24	26	29	25	28	39	25	37	23	34	38	24	38	30	24	31	47	30
Y_scaffold2	220270	40	41	24	42	34	24	26	29	25	27	38	26	37	23	34	38	24	38	31	24	32	47	29
Y_scaffold2	220271	40	41	23	41	33	24	26	29	26	26	37	27	37	23	34	39	24	37	31	24	32	49	29
Y_scaffold2	220272	41	41	23	41	33	24	26	29	26	26	37	27	37	24	34	39	23	37	31	24	32	49	28
Y_scaffold2	220273	39	41	24	41	33	24	26	30	27	26	37	27	38	24	34	39	23	36	31	24	31	50	28
Y_scaffold2	220274	40	41	24	40	32	24	26	30	27	27	37	28	38	24	34	39	23	36	30	25	31	50	27
Y_scaffold2	220275	40	41	24	39	31	24	24	29	27	27	37	28	38	24	33	39	23	36	30	25	31	51	27
Y_scaffold2	220276	40	41	24	39	31	24	24	29	27	27	37	28	38	25	35	39	23	36	30	25	31	51	27
Y_scaffold2	220277	41	41	25	39	31	25	24	30	27	27	38	28	38	25	33	39	23	36	30	25	31	51	27
Y_scaffold2	220278	42	41	25	39	31	25	25	30	27	27	39	28	38	25	33	39	23	36	30	25	31	52	27
Y_scaffold2	220279	43	40	27	38	32	25	25	31	27	27	39	28	38	25	33	39	23	39	30	25	31	51	27
Y_scaffold2	220280	43	41	28	38	32	26	26	31	27	27	40	27	38	26	33	38	23	39	30	25	31	52	27
Y_scaffold2	220281	43	41	28	38	33	26	26	31	27	27	41	27	38	26	32	38	23	39	30	25	30	52	29
Y_scaffold2	220282	43	40	28	38	34	27	26	30	28	27	40	28	38	26	32	37	24	39	30	25	30	53	28
Y_scaffold2	220283	44	40	28	38	34	26	26	30	29	27	40	28	38	26	32	37	24	39	33	25	31	53	28
Y_scaffold2	220284	44	38	28	38	34	26	26	30	29	27	41	28	39	26	33	37	23	40	33	25	30	54	27
Y_scaffold2	220285	43	38	27	38	34	26	26	31	29	28	40	28	38	26	33	37	24	40	33	25	31	53	27
Y_scaffold2	220286	43	39	27	40	34	26	25	31	29	28	41	28	38	26	34	37	24	40	33	25	32	54	28
Y_scaffold2	220287	42	39	27	40	34	26	25	31	30	28	42	28	38	26	35	36	24	39	34	25	32	54	30
Y_scaffold2	220288	42	39	27	40	34	26	24	30	30	28	44	29	39	26	35	36	24	40	34	25	32	54	30
Y_scaffold2	220289	43	40	27	40	34	27	24	30	30	28	44	29	40	26	34	36	24	40	34	25	32	54	30
Y_scaffold2	220290	43	40	27	40	34	27	24	28	30	27	44	28	38	26	34	37	24	40	34	25	30	54	29
Y_scaffold2	220291	43	40	28	39	35	28	24	28	30	27	45	28	38	25	38	38	24	40	34	26	30	54	29
Y_scaffold2	220292	43	40	29	39	35	28	24	28	31	28	46	28	38	25	38	38	24	39	34	26	30	54	30
Y_scaffold2	220293	43	40	29	39	35	28	24	30	31	29	47	30	39	25	38	39	24	39	34	26	30	54	30
Y_scaffold2	220294	43	39	29	39	35	28	24	30	31	29	47	30	38	25	38	39	24	39	34	26	30	54	30
Y_scaffold2	220295	43	40	29	38	33	28	24	30	31	30	47	31	39	26	39	39	24	39	34	26	31	54	32
Y_scaffold2	220296	43	41	29	38	33	28	24	30	31	30	47	31	39	25	39	39	24	39	35	26	31	55	33
Y_scaffold2	220297	43	40	29	38	34	28	24	30	31	30	47	31	39	25	39	39	24	39	35	26	31	54	32
Y_scaffold2	220298	44	40	29	38	34	28	24	31	31	30	47	32	39	25	39	39	24	39	35	26	31	53	32
Y_scaffold2	220299	44	40	29	37	34	28	23	31	31	30	47	31	39	25	39	39	24	37	37	25	31	54	31
Y_scaffold2	220300	44	40	29	37	34	28	23	31	31	29	47	31	39	25	39	39	24	37	37	25	31	54	31
Y_scaffold2	220301	44	41	29	37	34	29	23	32	31	30	46	30	40	26	39	40	24	37	37	25	31	54	31
Y_scaffold2	220302	44	41	29	36	34	29	24	31	31	30	46	30	40	26	39	40	25	37	37	25	31	54	31
Y_scaffold2	220303	45	41	28	36	33	31	25	32	31	30	47	30	42	25	39	40	27	38	38	25	31	53	32
Y_scaffold2	220304	46	41	28	35	33	31	25	32	31	30	48	30	42	25	39	41	28	39	39	25	31	53	32
Y_scaffold2	220305	46	42	28	35	32	32	25	32	30	29	47	30	42	25	39	41	27	38	39	24	29	53	32
Y_scaffold2	220306	46	42	29	35	32	32	25	33	30	29	47	30	43	25	38	41	27	38	39	24	29	54	31
Y_scaffold2	220307	46	42	29	35	32	31	25	33	30	28	47	30	43	25	38	41	27	38	40	23	29	54	31
Y_scaffold2	220308	46	42	29	35	32	31	25	32	30	29	45	31	42	25	38	41	27	38	39	22	29	53	30
Y_scaffold2	220309	46	42	30	35	32	31	25	34	30	29	45	31	42	25	39	41	27	37	39	23	29	52	30
Y_scaffold2	220310	46	42	30	35	33	31	25	34	29	29	46	31	42	24	39	43	26	38	41	23	29	51	31
Y_scaffold2	220311	46	42	30	35	32	32	25	34	29	28	46	32	41	24	39	42	26	37	42	23	28	51	32
Y_scaffold2	220312	46	42	30	36	32	32	25	34	29	28	47	32	41	24	40	42	26	37	42	23	28	51	33
Y_scaffold2	220313	44	42	30	37	32	32	26	34	29	27	47	32	41	24	40	41	25	37	42	23	28	51	33
Y_scaffold2	220314	44	42	31	37	32	33	26	34	30	28	47	32	41	25	40	41	25	37	42	23	28	51	33
Y_scaffold2	220315	44	43	31	37	33	33	26	33	30	28	47	32	40	25	40	40	25	37	42	23	29	50	33
Y_scaffold2	220316	45	43	30	37	33	33	26	34	30	28	47	32	40	25	40	39	25	41	42	23	29	50	33
Y_scaffold2	220317	45	42	30	38	33	33	27	33	29	30	48	32	40	25	37	39	25	41	41	23	29	50	33
Y_scaffold2	220318	45	42	30	38	33	33	27	33	29	30	48	31	40	25	37	39	25	40	41	23	29	50	31
Y_scaffold2	220319	45	40	31	38	33	33	27	33	29	30	48	31	43	25	38	39	26	40	42	23	27	51	31
Y_scaffold2	220320	45	40	31	38	33	33	27	33	29	30	48	31	44	25	38	39	26	41	42	23	27	52	31
Y_scaffold2	220321	47	38	31	38	33	33	27	32	29	30	48	30	44	25	38	38	26	40	42	23	27	53	31
Y_scaffold2	220322	47	39	31	38	33	33	27	32	29	30	48	30	44	25	38	38	26	40	41	23	27	52	30
Y_scaffold2	220323	47	39	31	39	33	33	28	32	28	30	49	31	43	25	38	39	25	40	41	24	27	52	31
Y_scaffold2	220324	48	39	30	39	33	33	28	32	29	30	48	31	42	25	36	40	24	40	41	24	27	51	31
Y_scaffold2	220325	48	38	30	39	33	33	28	33	29	29	48	31	41	25	35	40	24	41	42	24	27	50	31
Y_scaffold2	220326	49	36	30	38	33	33	28	32	30	29	47	31	41	25	35	39	25	41	42	24	27	48	30
Y_scaffold2	220327	49	36	30	38	33	33	28	31	30	29	47	31	41	25	35	39	25	41	41	24	27	48	31
Y_scaffold2	220328	49	37	30	38	33	33	27	30	31	29	47	31	41	25	35	39	25	41	42	25	28	48	31
Y_scaffold2	220329	49	37	31	38	33	33	27	30	31	29	48	31	40	25	36	39	25	41	42	25	27	49	30
Y_scaffold2	220330	49	37	32	37	32	33	27	29	30	29	48	31	40	25	35	39	26	43	42	24	27	49	30
Y_scaffold2	220331	49	36	32	37	32	33	27	29	30	29	46	32	40	26	34	39	26	43	41	24	28	48	30
Y_scaffold2	220332	49	37	32	37	32	33	27	29	30	29	46	31	39	26	34	40	25	43	42	23	28	48	30
Y_scaffold2	220333	48	37	31	35	32	32	27	27	31	29	45	31	38	25	34	40	25	43	43	23	27	49	30
Y_scaffold2	220334	48	36	31	35	33	32	27	27	31	30	45	30	38	24	35	40	25	43	42	23	28	49	30
Y_scaffold2	220335	49	36	31	35	34	32	27	25	31	30	44	30	38	23	35	40	25	43	43	22	28	49	29
Y_scaffold2	220336	49	34	32	35	33	32	28	25	32	29	43	30	37	22	35	38	24	40	43	21	28	49	30
Y_scaffold2	220337	49	35	32	36	33	32	29	24	32	29	44	30	38	22	36	37	24	39	43	21	28	49	30
Y_scaffold2	220338	50	35	32	36	33	32	29	24	32	29	44	30	38	22	36	37	24	39	43	21	26	50	30
Y_scaffold2	220339	50	33	32	36	33	31	29	24	32	30	44	30	38	21	36	37	24	39	44	21	26	49	29
Y_scaffold2	220340	51	33	32	36	34	30	28	24	32	30	44	30	38	21	36	37	24	39	42	21	26	50	29
Y_scaffold2	220341	51	33	33	36	35	30	28	24	32	29	44	30	38	21	36	37	24	39	42	21	26	50	29
Y_scaffold2	220342	50	33	33	35	36	30	28	24	32	29	45	30	38	22	36	36	23	39	42	21	26	51	29
Y_scaffold2	220343	50	33	33	33	36	29	28	24	32	28	45	30	37	22	36	37	24	39	42	21	26	50	28
Y_scaffold2	220344	50	33	33	32	36	29	28	24	32	28	45	29	37	22	36	37	23	39	42	21	26	50	27
Y_scaffold2	220345	48	33	32	31	36	29	28	24	30	28	44	29	37	22	36	38	23	39	42	21	26	49	27
Y_scaffold2	220346	49	32	33	32	37	29	27	24	30	28	44	29	37	22	38	38	25	39	42	22	27	51	28
Y_scaffold2	220347	49	32	33	32	37	29	27	24	30	28	44	28	37	22	38	38	25	39	42	22	27	51	28
Y_scaffold2	220348	48	32	33	32	37	29	27	24	30	29	45	29	37	22	38	38	25	38	42	22	27	51	28
Y_scaffold2	220349	48	32	32	32	36	29	27	24	30	30	45	28	37	22	39	38	25	37	41	21	27	52	30
Y_scaffold2	220350	48	32	32	32	36	29	27	23	30	31	45	28	36	22	39	38	25	36	42	20	27	51	30
Y_scaffold2	220351	47	31	32	32	36	28	27	25	29	31	43	28	37	21	38	37	25	35	42	19	28	52	29
Y_scaffold2	220352	47	31	32	32	36	28	27	25	28	31	44	29	37	22	38	37	26	36	42	19	30	53	29
Y_scaffold2	220353	47	31	32	32	36	28	28	25	28	31	43	29	37	22	38	37	26	36	42	19	30	53	29
Y_scaffold2	220354	47	31	32	32	35	28	28	25	29	31	43	29	37	23	38	36	26	36	42	19	29	53	29
Y_scaffold2	220355	46	31	32	32	35	28	28	25	29	31	42	28	37	23	38	35	26	36	43	19	29	54	29
Y_scaffold2	220356	46	32	31	33	34	28	28	25	28	31	42	28	37	23	38	35	26	36	43	19	29	52	30
Y_scaffold2	220357	46	32	30	33	34	27	27	25	28	30	42	28	37	22	37	35	25	35	41	19	29	51	29
Y_scaffold2	220358	46	33	32	34	34	27	27	25	28	31	43	28	37	22	34	35	25	37	40	19	30	52	29
Y_scaffold2	220359	44	33	32	33	34	27	27	26	28	30	42	28	38	22	34	35	25	37	40	19	30	53	29
Y_scaffold2	220360	44	33	32	33	34	27	27	26	28	30	42	28	38	23	33	34	25	37	40	19	30	54	29
Y_scaffold2	220361	45	32	32	33	31	26	27	26	23	30	42	28	38	22	33	33	23	36	40	20	30	55	28
Y_scaffold2	220362	45	32	32	33	31	26	28	26	23	30	42	28	38	22	33	33	23	36	40	20	31	55	29
Y_scaffold2	220363	45	32	32	33	31	26	28	26	23	31	43	29	39	23	33	33	23	36	40	21	31	55	29
Y_scaffold2	220364	43	33	31	33	31	25	28	26	23	31	43	27	39	23	33	32	22	36	40	21	31	56	29
Y_scaffold2	220365	39	31	31	33	30	25	27	24	23	31	43	27	39	23	32	32	21	36	39	21	29	56	29
Y_scaffold2	220366	39	31	32	33	31	25	27	24	23	31	43	27	38	23	32	32	22	36	39	21	29	56	29
Y_scaffold2	220367	39	29	32	33	31	25	27	23	24	31	43	27	38	22	32	32	22	36	39	21	30	56	29
Y_scaffold2	220368	39	30	32	33	31	24	27	24	24	31	44	27	38	22	32	32	21	37	39	21	31	56	29
Y_scaffold2	220369	39	30	32	34	31	24	27	24	24	31	45	26	37	21	31	32	21	36	39	21	31	55	29
Y_scaffold2	220370	39	30	32	34	31	24	27	24	25	31	45	25	37	21	31	33	21	36	39	21	31	54	28
Y_scaffold2	220371	42	30	32	34	31	24	27	24	25	31	45	25	37	21	31	33	22	37	39	21	30	54	28
Y_scaffold2	220372	42	30	32	35	30	25	27	24	25	31	45	25	37	21	32	33	22	37	38	22	31	54	28
Y_scaffold2	220373	42	28	33	34	28	24	28	24	26	32	43	24	35	20	34	33	21	36	37	21	30	54	28
Y_scaffold2	220374	42	28	33	34	28	23	28	24	26	33	43	24	36	20	35	33	21	36	37	21	29	55	28
Y_scaffold2	220375	42	28	33	34	27	23	28	24	26	34	43	24	36	20	35	33	21	36	37	20	29	56	28
Y_scaffold2	220376	43	29	34	34	26	23	28	25	27	34	44	24	36	20	36	33	21	36	38	20	29	57	28
Y_scaffold2	220377	42	29	34	33	26	23	28	25	28	34	44	25	36	20	36	34	21	37	39	20	29	56	28
Y_scaffold2	220378	42	29	34	33	26	23	28	25	28	33	44	25	35	21	36	34	22	37	38	20	29	56	28
Y_scaffold2	220379	41	29	34	33	26	23	27	25	29	33	44	24	35	21	36	34	22	36	38	20	29	55	28
Y_scaffold2	220380	40	28	34	33	26	23	27	24	29	33	44	24	35	21	38	33	22	37	38	20	30	56	29
Y_scaffold2	220381	41	28	34	33	25	23	27	25	29	33	44	24	35	21	38	34	21	37	38	20	30	56	29
Y_scaffold2	220382	41	28	34	33	25	23	27	25	29	33	44	24	35	21	38	34	21	37	38	20	31	57	29
Y_scaffold2	220383	40	28	34	32	25	23	27	25	28	33	44	24	33	21	38	36	21	37	38	20	31	57	30
Y_scaffold2	220384	40	28	34	32	25	23	27	25	30	34	45	24	33	22	37	36	21	36	38	20	31	58	30
Y_scaffold2	220385	40	28	34	32	25	23	28	25	30	34	45	24	33	21	37	36	21	36	39	20	31	57	31
Y_scaffold2	220386	40	28	34	29	24	23	28	25	31	34	45	24	33	21	37	35	20	36	39	20	31	57	30
Y_scaffold2	220387	40	28	34	29	23	21	29	25	31	34	45	24	33	21	37	36	20	37	39	21	31	57	30
Y_scaffold2	220388	40	27	35	28	22	21	30	25	31	35	44	24	31	21	37	36	20	37	39	22	32	57	30
Y_scaffold2	220389	41	27	36	28	22	21	31	25	31	35	44	24	31	21	37	37	20	37	39	22	33	57	30
Y_scaffold2	220390	41	27	36	28	22	21	31	25	33	35	44	24	31	21	36	37	21	36	39	22	33	56	30
Y_scaffold2	220391	42	27	37	28	21	21	31	25	34	34	44	24	31	21	37	37	21	35	39	22	33	56	32
Y_scaffold2	220392	41	28	37	29	20	21	31	25	33	34	43	24	31	20	37	37	21	36	38	23	33	55	32
Y_scaffold2	220393	41	28	37	28	20	21	31	25	33	34	43	24	31	20	37	36	21	36	38	22	33	54	32
Y_scaffold2	220394	42	28	35	28	21	21	32	25	33	33	44	24	31	21	36	37	21	36	38	22	34	56	33
Y_scaffold2	220395	42	28	35	28	22	21	33	25	34	33	43	23	30	21	35	37	21	35	38	22	35	56	32
Y_scaffold2	220396	43	27	35	29	24	21	32	25	34	33	43	23	30	21	37	39	21	37	38	22	35	57	32
Y_scaffold2	220397	43	27	33	29	24	21	32	25	34	33	43	22	29	20	37	38	21	38	39	22	35	56	32
Y_scaffold2	220398	43	27	33	29	24	21	32	25	34	33	43	22	29	21	37	38	21	38	39	22	35	56	32
Y_scaffold2	220399	42	28	35	28	25	21	33	27	35	34	43	23	31	21	39	38	22	38	39	26	35	56	33
Y_scaffold2	220400	42	29	34	28	25	21	32	27	35	34	42	23	31	21	39	38	22	38	39	26	35	56	33
Y_scaffold2	220401	42	29	34	28	25	22	32	27	35	35	44	22	31	21	40	38	23	38	40	25	34	56	33
Y_scaffold2	220402	42	29	34	27	25	22	32	27	35	35	44	23	32	21	40	38	23	38	40	25	34	57	33
Y_scaffold2	220403	43	29	34	28	26	22	32	29	35	35	45	24	33	21	40	38	25	37	40	25	34	56	35
Y_scaffold2	220404	43	28	34	27	26	22	32	29	34	35	45	24	32	22	40	38	25	35	39	27	33	56	36
Y_scaffold2	220405	43	28	34	27	26	22	32	29	34	35	46	24	32	22	40	39	26	35	39	27	34	56	36
Y_scaffold2	220406	44	28	34	26	26	23	32	29	34	35	47	24	32	22	40	40	26	35	40	27	35	57	37
Y_scaffold2	220407	44	28	34	26	26	23	34	29	34	35	47	24	32	22	39	39	26	35	40	27	36	57	37
Y_scaffold2	220408	43	27	34	25	26	23	33	29	35	35	47	24	32	22	39	39	26	35	39	27	35	58	38
Y_scaffold2	220409	42	29	34	25	25	24	33	29	34	35	47	24	32	22	38	41	26	35	39	27	36	58	38
Y_scaffold2	220410	42	28	35	25	25	24	33	29	37	35	47	24	33	22	38	40	25	38	39	27	36	58	37
Y_scaffold2	220411	42	28	35	25	26	24	33	30	37	35	47	24	32	22	39	40	24	37	38	27	36	57	37
Y_scaffold2	220412	42	28	35	26	26	24	33	30	38	36	46	24	32	23	39	38	25	37	37	27	39	57	37
Y_scaffold2	220413	42	28	36	26	27	24	33	30	38	36	47	24	32	23	39	38	25	37	37	28	38	56	38
Y_scaffold2	220414	40	28	36	26	27	24	32	30	38	36	49	24	31	23	39	39	26	37	37	27	38	55	38
Y_scaffold2	220415	41	28	36	27	27	25	34	30	38	36	49	25	31	21	40	39	26	37	37	27	39	55	38
Y_scaffold2	220416	41	28	36	27	27	25	33	29	39	36	48	25	31	21	39	39	25	37	36	27	39	55	38
Y_scaffold2	220417	41	31	37	27	27	25	32	29	38	37	49	24	32	21	39	40	25	38	36	28	39	55	39
Y_scaffold2	220418	41	30	37	27	27	25	32	29	39	36	49	24	33	22	39	40	25	38	36	29	39	56	39
Y_scaffold2	220419	42	30	37	26	26	24	32	29	39	35	49	25	32	23	38	40	27	38	36	29	40	55	39
Y_scaffold2	220420	42	30	37	26	26	24	31	29	39	36	49	24	33	23	38	40	27	38	34	29	40	55	39
Y_scaffold2	220421	42	30	37	26	27	24	32	30	38	36	49	23	33	24	38	40	27	38	34	29	40	52	39
Y_scaffold2	220422	41	30	37	26	27	24	32	30	38	36	49	23	34	24	38	40	29	38	34	28	39	52	39
Y_scaffold2	220423	41	31	36	27	27	24	31	29	38	36	49	23	33	24	38	39	30	38	34	26	39	51	40
Y_scaffold2	220424	40	31	36	27	28	24	31	30	38	35	49	22	33	24	39	39	30	39	34	27	39	52	40
Y_scaffold2	220425	40	32	36	27	28	24	31	30	38	35	49	22	33	24	41	39	30	39	34	26	40	52	40
Y_scaffold2	220426	39	32	36	27	29	25	31	31	38	35	49	22	33	24	40	42	30	40	34	26	40	52	40
Y_scaffold2	220427	40	32	35	27	29	25	31	30	38	35	48	22	33	25	40	43	30	41	34	27	40	52	40
Y_scaffold2	220428	38	32	33	27	29	25	30	29	39	35	47	22	33	25	41	43	30	40	34	27	40	50	40
Y_scaffold2	220429	38	31	33	27	29	25	29	30	39	35	47	23	32	26	41	43	30	38	34	27	40	50	40
Y_scaffold2	220430	38	31	32	27	30	23	29	30	39	35	46	23	32	25	41	43	30	38	34	27	41	50	40
Y_scaffold2	220431	38	32	31	27	30	23	32	31	40	35	46	24	32	25	41	44	30	38	35	27	41	50	39
Y_scaffold2	220432	38	32	31	27	29	22	34	31	39	35	46	24	32	25	41	44	29	38	35	28	41	49	39
Y_scaffold2	220433	37	31	31	26	29	22	35	31	38	34	46	24	33	25	40	44	29	38	32	28	41	48	38
Y_scaffold2	220434	37	31	33	26	30	22	35	31	38	34	46	24	34	25	40	44	29	38	32	29	41	49	38
Y_scaffold2	220435	38	31	33	26	31	22	35	30	38	34	47	24	34	25	41	44	28	38	33	29	39	50	38
Y_scaffold2	220436	39	30	35	25	31	22	35	30	38	34	46	24	34	25	40	44	28	39	33	29	40	50	37
Y_scaffold2	220437	39	30	35	24	31	22	35	30	37	34	45	24	34	24	39	44	28	39	33	29	40	50	36
Y_scaffold2	220438	39	30	37	24	31	21	35	30	37	34	44	25	33	24	39	44	29	38	33	29	40	50	36
Y_scaffold2	220439	39	29	37	23	31	20	35	31	37	34	44	25	32	24	39	44	31	38	33	29	41	50	36
Y_scaffold2	220440	40	29	37	23	31	19	34	32	37	34	43	25	32	24	39	42	31	39	33	29	41	50	36
Y_scaffold2	220441	40	30	36	23	30	19	35	31	37	33	43	25	33	24	36	41	32	39	33	28	40	49	36
Y_scaffold2	220442	40	31	36	24	30	19	36	31	36	33	42	25	33	24	36	41	32	39	33	28	40	50	35
Y_scaffold2	220443	40	30	36	24	30	19	36	30	37	32	41	23	33	24	36	41	32	39	33	29	40	50	35
Y_scaffold2	220444	41	30	36	24	30	19	36	30	37	32	42	22	32	23	35	41	32	39	34	29	40	50	34
Y_scaffold2	220445	42	30	36	24	31	20	36	30	38	32	42	22	32	23	36	41	33	39	33	29	39	49	32
Y_scaffold2	220446	42	29	36	25	30	20	36	30	38	32	42	22	32	23	36	42	33	39	33	30	39	49	33
Y_scaffold2	220447	42	29	36	25	31	20	36	30	38	32	42	23	32	23	36	42	33	39	33	30	39	49	34
Y_scaffold2	220448	41	30	36	25	32	20	36	28	38	31	42	22	33	22	36	41	34	39	32	30	39	48	34
Y_scaffold2	220449	41	30	36	25	33	20	36	28	38	31	42	22	33	22	36	41	34	39	32	30	39	47	34
Y_scaffold2	220450	41	29	36	25	32	20	36	28	38	31	42	22	32	22	35	41	34	39	32	30	40	47	35
Y_scaffold2	220451	41	29	37	25	32	20	36	28	38	32	42	22	32	22	35	42	34	39	32	30	40	47	35
Y_scaffold2	220452	41	29	37	25	32	20	35	28	39	32	42	22	32	22	35	42	33	39	31	30	40	47	35
Y_scaffold2	220453	40	29	36	25	32	18	34	27	39	32	41	22	30	22	35	42	33	38	32	30	40	47	34
Y_scaffold2	220454	39	31	36	27	33	17	34	27	39	32	40	22	31	23	35	41	32	37	31	30	40	47	34
Y_scaffold2	220455	39	30	35	27	33	17	33	28	39	32	40	22	30	23	35	42	32	37	31	30	40	47	34
Y_scaffold2	220456	39	30	35	26	33	17	34	27	39	32	40	22	30	23	36	42	33	37	31	30	39	46	34
Y_scaffold2	220457	39	30	35	26	33	18	34	27	39	32	40	22	32	23	37	42	33	39	30	29	39	46	35
Y_scaffold2	220458	39	30	35	26	33	19	34	28	39	33	40	21	32	24	36	42	33	39	30	29	39	47	35
Y_scaffold2	220459	39	31	34	27	33	19	34	26	40	33	40	21	32	24	36	41	33	39	29	29	40	47	36
Y_scaffold2	220460	40	32	35	27	32	19	35	26	40	33	39	21	32	24	36	40	33	39	28	29	40	47	35
Y_scaffold2	220461	40	32	35	27	31	18	35	27	40	33	39	20	32	25	36	40	33	40	27	29	40	47	34
Y_scaffold2	220462	40	32	35	27	31	18	34	27	40	33	38	20	32	25	35	39	34	40	27	29	40	48	33
Y_scaffold2	220463	40	32	35	26	31	18	32	27	40	33	38	20	32	25	35	39	34	40	27	29	40	48	34
Y_scaffold2	220464	40	32	34	26	31	17	32	27	39	32	38	20	33	25	36	39	34	40	27	29	40	48	34
Y_scaffold2	220465	41	32	35	26	31	17	32	27	39	33	39	20	33	25	36	39	34	39	27	29	40	48	33
Y_scaffold2	220466	40	31	36	24	31	18	31	26	40	31	38	20	33	26	36	39	34	37	27	29	40	49	33
Y_scaffold2	220467	41	31	36	24	32	18	32	26	41	30	38	20	33	26	35	39	34	37	27	29	40	49	33
Y_scaffold2	220468	41	32	35	24	32	19	32	26	42	30	38	20	29	26	35	40	34	37	26	29	40	49	33
Y_scaffold2	220469	42	32	35	24	32	19	32	26	42	30	38	21	29	26	35	40	35	37	26	29	40	49	33
Y_scaffold2	220470	42	32	35	25	32	19	32	27	42	31	39	21	29	26	36	40	35	37	27	29	40	49	33
Y_scaffold2	220471	40	31	35	25	32	19	32	27	43	30	39	21	29	26	36	40	35	38	27	30	40	48	34
Y_scaffold2	220472	40	31	34	24	32	20	33	27	44	30	39	21	30	26	37	40	35	38	27	29	40	49	33
Y_scaffold2	220473	41	31	35	24	32	20	32	27	45	30	38	22	30	26	38	39	35	39	27	29	40	49	33
Y_scaffold2	220474	40	31	35	24	32	20	31	27	44	30	39	23	30	26	38	38	35	40	27	29	41	49	33
Y_scaffold2	220475	40	31	35	24	32	20	31	27	44	30	39	23	30	26	39	39	35	39	26	29	41	50	33
Y_scaffold2	220476	39	31	35	24	33	20	32	28	43	30	39	23	30	27	39	39	34	39	28	29	41	50	33
Y_scaffold2	220477	39	31	35	24	33	20	32	29	42	30	38	23	29	27	39	39	34	40	27	28	40	50	32
Y_scaffold2	220478	39	30	35	24	32	20	32	29	42	31	38	24	29	27	39	39	34	39	27	28	41	50	32
Y_scaffold2	220479	39	30	35	24	32	22	34	29	44	32	37	24	29	27	38	39	35	41	27	28	44	49	32
Y_scaffold2	220480	39	30	35	24	32	23	34	29	44	34	37	25	29	27	38	39	34	39	27	28	44	48	32
Y_scaffold2	220481	40	30	35	24	34	23	34	29	44	34	37	25	30	26	38	39	34	39	27	28	43	48	33
Y_scaffold2	220482	41	29	35	24	33	23	34	29	44	34	37	25	30	27	38	38	34	39	26	28	43	48	33
Y_scaffold2	220483	41	29	35	25	33	23	34	29	43	35	37	25	30	27	38	37	34	39	26	28	43	47	33
Y_scaffold2	220484	41	29	35	25	33	24	34	29	44	34	37	25	30	27	37	37	34	39	26	28	42	47	33
Y_scaffold2	220485	40	29	35	26	32	24	33	30	46	34	37	25	30	27	37	37	34	38	26	28	42	47	33
Y_scaffold2	220486	40	29	34	26	32	24	33	30	44	34	37	24	30	27	37	37	34	38	26	28	42	47	32
Y_scaffold2	220487	39	28	35	26	32	24	32	30	44	34	36	25	29	28	36	38	34	38	27	28	43	47	32
Y_scaffold2	220488	38	28	36	26	32	24	31	30	44	34	36	25	29	28	36	38	34	38	27	28	43	47	32
Y_scaffold2	220489	38	28	36	26	31	24	31	30	44	33	36	26	29	28	37	37	36	39	26	28	43	47	32
Y_scaffold2	220490	37	28	36	26	30	24	31	30	43	33	36	27	30	28	37	38	36	39	26	28	43	46	32
Y_scaffold2	220491	37	28	35	26	28	26	31	30	44	33	35	27	30	28	37	38	36	39	27	28	44	45	32
Y_scaffold2	220492	38	28	35	26	28	26	32	30	45	33	35	26	30	27	38	38	36	38	27	31	44	45	32
Y_scaffold2	220493	37	28	35	26	28	26	32	30	45	33	34	28	30	28	37	37	35	38	28	31	45	47	32
Y_scaffold2	220494	37	28	34	26	27	26	33	30	45	33	34	28	30	30	37	38	34	38	28	31	45	47	32
Y_scaffold2	220495	37	28	35	25	27	27	33	31	45	33	34	28	30	31	37	38	33	38	28	30	44	46	33
Y_scaffold2	220496	37	28	35	25	27	27	33	33	45	33	34	28	30	31	36	37	33	38	28	30	44	46	32
Y_scaffold2	220497	37	29	35	25	27	29	33	33	45	33	34	28	30	31	36	37	33	39	28	30	44	46	32
Y_scaffold2	220498	37	29	34	25	28	29	33	32	45	32	35	28	31	31	36	37	33	39	27	31	44	46	32
Y_scaffold2	220499	37	30	35	25	28	29	33	31	45	31	35	28	31	31	35	37	33	40	27	32	44	47	30
Y_scaffold2	220500	38	30	35	24	28	29	33	31	45	30	34	28	31	32	36	37	33	40	27	32	44	47	30
Y_scaffold2	220501	38	30	35	24	28	29	33	32	45	29	34	28	30	32	37	37	33	39	27	32	43	46	30
Y_scaffold2	220502	38	30	36	24	28	29	33	32	47	29	33	27	30	31	37	38	33	39	27	33	42	45	30
Y_scaffold2	220503	37	30	37	24	28	29	32	32	47	29	33	27	30	31	37	38	33	39	27	33	42	45	30
Y_scaffold2	220504	39	30	37	24	28	29	32	31	46	29	33	27	30	30	37	38	33	39	27	33	42	45	29
Y_scaffold2	220505	39	30	37	24	29	29	32	31	46	30	33	27	31	30	37	38	33	40	26	33	42	44	29
Y_scaffold2	220506	38	29	38	23	29	29	32	32	46	30	34	28	31	30	37	37	33	40	26	33	42	45	29
Y_scaffold2	220507	39	29	37	22	29	29	32	31	46	31	35	28	30	30	37	38	33	39	28	34	41	45	29
Y_scaffold2	220508	39	28	36	22	29	29	32	31	46	30	34	28	30	30	37	40	33	38	28	33	40	44	29
Y_scaffold2	220509	40	29	36	22	29	29	33	31	46	30	35	28	29	30	38	40	33	38	28	33	40	43	29
Y_scaffold2	220510	39	29	35	23	29	30	33	31	46	31	35	29	29	29	39	40	33	38	28	33	40	43	28
Y_scaffold2	220511	40	29	35	24	29	30	33	31	46	31	35	29	28	29	39	40	33	38	29	33	41	43	28
Y_scaffold2	220512	40	29	36	24	30	30	32	31	46	31	35	30	28	30	39	40	34	38	29	33	40	43	28
Y_scaffold2	220513	41	29	36	24	30	30	32	31	46	30	34	29	27	31	39	40	36	38	29	32	40	43	28
Y_scaffold2	220514	42	29	36	24	30	30	32	31	46	30	34	29	28	30	39	41	36	38	29	32	40	42	28
Y_scaffold2	220515	42	29	36	24	30	30	32	31	46	30	35	30	28	30	40	42	36	38	29	32	40	42	28
Y_scaffold2	220516	42	29	35	24	29	30	32	31	46	31	35	30	28	30	40	42	35	39	30	32	40	42	28
Y_scaffold2	220517	42	28	35	24	29	30	32	30	45	31	34	30	28	30	40	42	36	39	30	32	39	42	29
Y_scaffold2	220518	42	28	35	25	30	30	32	30	45	31	34	30	28	30	41	43	37	39	30	33	38	43	29
Y_scaffold2	220519	43	28	35	25	30	30	32	30	45	31	33	30	28	30	42	42	36	39	30	33	37	43	29
Y_scaffold2	220520	41	29	36	26	31	30	32	30	44	31	33	31	28	30	42	41	36	40	31	33	37	43	29
Y_scaffold2	220521	40	30	37	26	32	30	32	30	44	31	34	31	28	31	42	41	35	39	31	33	37	43	29
Y_scaffold2	220522	40	30	37	25	32	29	32	30	44	31	33	31	29	30	41	41	35	39	30	32	36	42	29
Y_scaffold2	220523	40	31	36	25	32	30	31	30	46	30	33	31	29	31	40	42	35	39	30	32	37	42	29
Y_scaffold2	220524	39	30	36	26	31	30	32	29	45	28	33	30	28	30	38	41	34	39	28	32	38	40	29
Y_scaffold2	220525	40	30	36	27	31	30	32	29	45	28	33	31	28	30	38	41	34	39	29	32	38	39	29
Y_scaffold2	220526	40	30	35	27	31	30	32	29	45	28	34	31	28	30	38	41	34	39	29	32	38	39	29
Y_scaffold2	220527	40	30	35	29	31	31	34	31	45	28	35	32	30	30	39	42	34	40	29	32	38	39	29
Y_scaffold2	220528	41	30	36	29	31	31	34	31	44	28	35	32	30	30	39	42	34	42	29	32	38	40	29
Y_scaffold2	220529	43	31	37	29	31	32	34	31	44	28	35	32	30	30	39	42	35	41	29	32	38	40	30
Y_scaffold2	220530	43	31	37	28	31	32	34	31	44	28	35	32	30	30	37	42	35	41	29	32	37	39	29
Y_scaffold2	220531	42	32	37	28	31	32	34	30	44	28	35	32	31	30	37	41	35	42	29	32	37	39	30
Y_scaffold2	220532	42	32	38	28	31	32	35	31	44	28	35	32	31	30	37	41	35	43	30	33	36	38	30
Y_scaffold2	220533	42	32	38	29	31	32	35	31	44	29	35	32	31	30	37	39	35	43	31	34	37	38	29
Y_scaffold2	220534	42	33	38	29	31	31	36	31	42	28	34	32	32	29	37	39	35	43	31	34	37	37	29
Y_scaffold2	220535	43	33	39	29	31	32	35	32	43	28	34	32	32	29	37	39	35	43	30	34	37	36	28
Y_scaffold2	220536	43	32	39	29	31	32	35	32	42	27	34	32	32	30	37	40	36	43	30	34	37	36	28
Y_scaffold2	220537	43	32	39	29	31	32	34	32	43	27	36	33	33	30	37	41	36	42	30	33	38	36	28
Y_scaffold2	220538	43	32	38	29	31	32	33	32	43	26	36	33	33	30	36	41	36	42	30	32	37	37	29
Y_scaffold2	220539	42	32	37	30	31	32	32	32	43	26	36	33	33	30	36	40	36	42	30	32	36	37	29
Y_scaffold2	220540	42	32	37	30	31	32	32	32	41	28	36	33	34	30	37	41	35	42	30	32	36	37	29
Y_scaffold2	220541	42	33	37	30	31	32	32	32	40	29	36	33	34	32	36	42	35	41	30	31	37	38	28
Y_scaffold2	220542	42	32	37	29	31	34	32	33	40	29	36	33	34	33	36	42	35	42	30	32	37	38	28
Y_scaffold2	220543	42	32	37	30	31	34	31	35	40	29	36	33	34	32	36	43	36	42	30	32	37	38	28
Y_scaffold2	220544	41	32	40	30	30	34	32	37	40	30	36	33	34	32	37	42	36	42	30	32	36	36	27
Y_scaffold2	220545	41	32	40	30	29	34	31	37	39	30	37	33	34	32	37	43	36	42	30	32	35	36	27
Y_scaffold2	220546	40	32	40	30	27	34	31	37	39	29	38	33	34	32	35	41	36	41	30	32	35	35	28
Y_scaffold2	220547	41	32	40	30	27	34	31	37	39	29	38	33	34	32	35	41	35	42	29	30	33	36	28
Y_scaffold2	220548	41	32	38	30	27	34	30	37	37	29	38	33	32	32	34	44	35	42	30	28	33	36	28
Y_scaffold2	220549	41	31	39	30	27	34	30	37	37	29	38	32	32	34	33	44	35	42	30	28	33	36	29
Y_scaffold2	220550	42	30	39	32	28	33	30	37	36	30	38	33	33	35	32	44	34	42	30	28	34	38	29
Y_scaffold2	220551	42	30	38	33	29	33	30	36	37	29	38	33	32	36	32	44	34	42	29	28	34	36	28
Y_scaffold2	220552	42	30	38	33	30	33	29	36	37	28	38	32	32	36	31	44	34	42	29	28	34	36	29
Y_scaffold2	220553	41	30	38	33	29	32	29	35	37	28	38	31	32	35	30	44	33	42	29	29	34	36	26
Y_scaffold2	220554	40	30	38	33	30	32	29	35	37	28	38	31	32	35	30	44	33	42	29	28	34	36	26
Y_scaffold2	220555	40	29	37	33	30	31	29	35	37	29	37	31	32	36	31	43	33	42	30	28	33	37	26
Y_scaffold2	220556	38	29	37	34	30	30	30	35	37	29	36	31	33	36	31	42	34	43	29	28	32	36	27
Y_scaffold2	220557	38	30	37	34	30	29	28	36	37	29	36	31	35	37	31	42	34	43	29	28	31	37	27
Y_scaffold2	220558	38	30	37	34	30	30	28	36	36	29	36	31	36	37	31	42	34	44	29	29	31	36	25
Y_scaffold2	220559	39	29	37	34	31	29	28	36	36	29	36	31	36	37	31	41	34	45	28	30	30	35	25
Y_scaffold2	220560	40	29	36	34	31	28	29	36	33	29	36	32	36	37	31	42	34	42	30	30	30	36	26
Y_scaffold2	220561	40	30	37	33	30	28	29	36	33	28	35	32	36	37	31	43	35	43	30	30	30	37	26
Y_scaffold2	220562	40	31	37	32	30	28	29	36	32	28	35	32	36	36	31	43	35	43	31	30	27	39	26
Y_scaffold2	220563	40	31	36	32	29	28	29	37	32	29	34	32	36	36	31	43	35	43	31	29	27	41	25
Y_scaffold2	220564	41	31	36	32	30	28	29	37	32	29	32	32	36	36	31	43	34	43	31	29	27	42	25
Y_scaffold2	220565	41	30	35	31	30	27	27	37	31	29	32	31	36	36	30	43	35	42	31	28	26	43	25
Y_scaffold2	220566	41	30	35	31	30	27	27	37	30	29	32	31	36	36	30	42	35	42	31	28	26	43	25
Y_scaffold2	220567	40	27	34	32	30	27	27	36	30	28	32	31	35	36	30	40	35	41	31	27	26	42	24
Y_scaffold2	220568	41	27	34	31	31	27	28	36	29	27	31	30	34	35	30	40	34	42	34	26	25	44	26
Y_scaffold2	220569	42	27	34	31	32	27	28	37	30	27	32	30	34	34	30	41	33	42	34	26	25	44	26
Y_scaffold2	220570	42	27	34	31	31	27	28	37	31	26	32	30	34	34	31	39	32	42	35	26	24	45	26
Y_scaffold2	220571	42	27	34	31	30	28	28	36	31	26	32	30	34	33	32	39	33	42	36	26	24	45	26
Y_scaffold2	220572	42	27	34	30	31	28	28	36	31	27	33	30	34	32	32	39	32	42	38	26	24	46	26
Y_scaffold2	220573	42	26	34	30	31	29	28	36	30	27	33	30	34	32	32	39	31	42	38	26	24	46	26
Y_scaffold2	220574	43	26	35	30	31	29	28	35	31	28	33	31	35	33	31	40	31	41	38	24	24	45	26
Y_scaffold2	220575	43	26	35	30	31	29	28	35	31	28	33	31	35	33	29	40	31	41	38	24	23	44	26
Y_scaffold2	220576	43	26	35	30	30	28	28	34	31	28	33	32	35	32	28	37	31	40	38	24	23	44	26
Y_scaffold2	220577	41	26	35	30	29	27	28	34	30	28	33	32	35	31	27	37	32	39	38	23	23	43	26
Y_scaffold2	220578	41	26	35	30	29	27	28	34	31	28	34	33	36	31	27	38	32	39	38	24	23	45	26
Y_scaffold2	220579	41	26	35	30	29	27	28	34	31	28	34	32	36	30	27	38	32	39	38	24	23	45	26
Y_scaffold2	220580	41	26	35	30	29	27	27	33	31	28	33	32	36	30	27	39	32	39	38	24	23	45	26
Y_scaffold2	220581	41	25	36	30	28	27	25	33	30	28	33	32	37	30	28	39	33	39	37	25	24	45	25
Y_scaffold2	220582	41	25	36	30	28	27	23	33	30	28	34	31	37	30	29	40	33	39	38	24	24	46	25
Y_scaffold2	220583	41	25	35	29	26	27	22	33	30	28	34	31	34	30	31	41	33	38	37	23	23	45	25
Y_scaffold2	220584	41	25	34	29	26	28	23	33	30	28	34	31	37	30	31	41	33	38	37	23	23	44	25
Y_scaffold2	220585	41	25	34	29	26	28	23	34	31	28	33	31	38	30	30	41	33	38	37	23	23	44	25
Y_scaffold2	220586	39	25	32	29	26	28	23	34	31	29	33	31	38	30	30	41	33	37	37	23	22	43	25
Y_scaffold2	220587	39	25	32	29	26	28	23	34	31	29	33	31	38	30	30	41	33	37	36	23	22	43	24
Y_scaffold2	220588	41	26	30	29	26	28	23	36	32	29	34	29	39	30	30	41	32	37	36	23	22	44	24
Y_scaffold2	220589	40	26	30	29	26	28	23	35	32	29	34	29	39	30	30	41	31	37	36	23	21	44	24
Y_scaffold2	220590	40	26	32	29	26	28	23	34	33	29	34	29	39	30	30	42	31	37	36	23	21	46	24
Y_scaffold2	220591	40	28	31	29	27	28	23	34	36	29	33	29	38	30	30	42	31	37	38	23	21	46	25
Y_scaffold2	220592	40	27	31	28	27	28	22	34	36	29	34	30	37	30	31	42	32	37	39	22	21	46	25
Y_scaffold2	220593	40	27	32	28	27	28	23	35	36	29	34	30	37	30	31	42	32	37	39	22	22	46	25
Y_scaffold2	220594	40	27	32	30	27	28	24	35	36	28	34	30	37	30	33	42	32	37	39	22	22	47	25
Y_scaffold2	220595	39	27	32	31	27	27	25	35	36	28	35	30	37	30	32	42	31	37	40	23	22	47	25
Y_scaffold2	220596	40	27	32	30	27	27	25	35	36	28	35	30	37	30	32	42	31	38	40	22	22	47	24
Y_scaffold2	220597	40	27	32	30	26	27	26	35	36	28	35	30	36	30	32	41	31	39	40	22	22	47	23
Y_scaffold2	220598	40	27	33	30	25	26	27	35	37	28	35	31	36	30	32	41	30	41	40	22	22	48	23
Y_scaffold2	220599	40	27	35	30	24	26	28	35	37	28	35	31	36	31	32	41	30	41	40	22	23	48	24
Y_scaffold2	220600	40	27	34	29	24	26	28	36	38	28	34	31	36	31	34	41	30	41	40	22	22	49	24
Y_scaffold2	220601	40	27	34	29	24	26	28	36	38	27	34	31	36	31	35	40	29	41	40	22	22	49	24
Y_scaffold2	220602	40	27	34	28	24	26	28	36	37	28	34	31	36	31	35	40	29	42	41	23	22	49	24
Y_scaffold2	220603	40	27	34	28	24	26	28	36	37	28	34	31	36	31	35	40	30	43	40	23	22	49	25
Y_scaffold2	220604	40	26	34	28	23	26	28	36	37	28	35	31	35	30	35	40	30	43	40	23	22	49	27
Y_scaffold2	220605	40	26	34	29	23	26	28	35	37	28	35	33	35	30	35	39	31	44	40	23	22	49	28
Y_scaffold2	220606	40	26	35	29	23	25	29	35	38	29	35	33	33	30	33	39	30	43	40	23	22	49	27
Y_scaffold2	220607	40	26	35	29	23	25	29	35	39	29	35	33	34	30	33	39	30	42	40	23	22	49	27
Y_scaffold2	220608	40	26	35	28	23	24	29	35	39	27	35	33	34	29	33	40	30	42	41	23	22	51	28
Y_scaffold2	220609	40	26	34	28	23	25	28	34	38	26	35	33	35	29	34	40	30	43	42	23	22	51	27
Y_scaffold2	220610	41	25	34	28	23	26	28	34	38	26	35	33	35	29	36	40	30	43	42	23	22	53	28
Y_scaffold2	220611	42	25	34	29	23	26	28	34	38	28	37	33	35	29	36	41	31	42	42	23	24	53	30
Y_scaffold2	220612	42	25	34	29	23	26	29	34	38	28	37	33	35	30	36	41	31	42	42	24	24	52	30
Y_scaffold2	220613	41	25	34	30	23	27	29	34	38	28	36	33	36	30	36	42	31	42	42	24	25	53	29
Y_scaffold2	220614	41	24	34	31	23	28	29	34	38	29	36	33	35	29	37	42	31	42	43	24	24	53	29
Y_scaffold2	220615	41	24	33	32	23	28	30	34	38	28	36	33	35	29	37	44	31	42	43	25	24	53	29
Y_scaffold2	220616	42	23	32	32	23	27	30	34	37	28	37	33	34	29	37	44	31	41	43	25	24	52	29
Y_scaffold2	220617	40	23	32	32	22	27	30	34	36	28	37	33	34	29	37	44	30	41	43	25	24	52	29
Y_scaffold2	220618	40	24	33	32	22	26	31	33	35	27	38	31	34	29	37	44	29	40	42	25	25	52	29
Y_scaffold2	220619	40	24	33	32	22	26	31	33	35	27	38	31	34	29	37	44	29	41	42	25	25	51	29
Y_scaffold2	220620	40	24	33	31	22	27	31	34	36	27	37	31	34	29	36	45	29	41	42	25	26	51	29
Y_scaffold2	220621	40	24	33	31	22	27	31	34	35	27	37	31	34	29	36	45	29	41	42	25	26	51	28
Y_scaffold2	220622	40	24	33	31	22	26	30	34	34	27	37	30	34	29	35	45	29	42	42	25	26	50	28
