Y_scaffold2	282675	37	31	34	28	27	36	40	36	24	33	31	33	29	24	47	35	28	36	44	29	26	50	37
Y_scaffold2	282676	37	33	34	28	27	37	40	37	25	32	30	33	29	24	47	35	28	36	44	29	26	47	37
Y_scaffold2	282677	37	32	34	28	27	37	40	37	25	31	30	33	29	24	47	35	28	36	44	29	26	49	36
Y_scaffold2	282678	36	32	34	28	27	37	40	37	25	31	32	36	29	24	46	35	29	37	44	29	27	49	36
Y_scaffold2	282679	37	32	35	28	27	36	40	37	25	31	32	36	29	24	47	34	29	37	44	30	27	49	36
Y_scaffold2	282680	37	33	35	28	26	36	41	37	26	30	32	36	28	24	47	34	29	38	44	31	27	49	36
Y_scaffold2	282681	37	33	36	28	26	36	41	38	25	30	32	36	28	23	47	34	30	38	44	31	27	50	36
Y_scaffold2	282682	37	33	36	28	26	36	41	37	23	30	32	36	28	23	47	34	30	38	44	31	27	51	36
Y_scaffold2	282683	38	33	37	28	26	36	40	37	23	30	32	36	29	23	47	35	31	38	44	31	27	52	35
Y_scaffold2	282684	38	33	39	27	25	36	40	38	23	30	32	36	30	23	48	34	31	38	45	31	27	52	36
Y_scaffold2	282685	38	33	39	27	25	36	40	37	23	30	32	37	30	23	46	34	31	39	45	31	26	52	37
Y_scaffold2	282686	38	33	40	28	25	37	40	37	23	31	32	37	30	24	46	34	31	39	46	30	26	52	37
Y_scaffold2	282687	38	33	40	28	24	37	40	37	23	31	32	37	30	24	46	34	31	39	45	30	26	52	37
Y_scaffold2	282688	39	33	40	27	23	36	40	37	23	30	31	37	29	24	47	34	31	39	45	30	25	52	37
Y_scaffold2	282689	39	33	40	27	23	36	40	37	23	29	31	37	28	24	47	34	31	39	45	30	25	53	37
Y_scaffold2	282690	39	32	39	27	24	36	40	37	23	29	31	37	28	24	47	34	31	39	44	30	26	53	37
Y_scaffold2	282691	39	32	38	28	24	36	41	37	23	28	31	37	28	24	48	34	31	39	45	30	26	53	37
Y_scaffold2	282692	39	32	38	28	24	36	41	37	23	28	31	37	28	24	48	34	31	38	45	30	26	53	37
Y_scaffold2	282693	39	32	38	26	24	36	41	36	22	28	31	37	28	22	47	34	31	38	45	30	26	53	37
Y_scaffold2	282694	38	32	38	26	24	36	41	35	22	28	31	35	28	21	47	33	30	38	46	30	26	53	37
Y_scaffold2	282695	38	32	38	26	24	37	41	35	22	28	31	35	28	21	47	33	31	38	46	30	26	53	37
Y_scaffold2	282696	37	32	38	26	24	37	41	35	21	29	31	35	27	21	47	33	31	38	46	29	26	53	37
Y_scaffold2	282697	38	32	39	26	24	38	41	35	22	29	31	36	27	20	47	33	31	38	45	29	25	53	37
Y_scaffold2	282698	37	30	39	26	24	38	40	34	22	28	31	36	27	20	47	32	31	38	45	28	25	52	37
Y_scaffold2	282699	37	30	39	26	24	38	40	33	22	29	31	36	27	20	48	33	31	40	44	28	25	52	36
Y_scaffold2	282700	38	30	39	25	24	38	40	33	22	29	31	36	27	20	48	33	30	40	44	27	25	52	37
Y_scaffold2	282701	37	29	39	25	23	37	40	33	22	29	31	36	27	20	48	33	29	40	44	27	25	52	37
Y_scaffold2	282702	36	29	39	24	24	36	40	33	23	28	31	36	28	20	48	33	29	40	45	27	23	52	37
Y_scaffold2	282703	36	28	39	24	24	36	40	33	22	28	32	36	27	21	48	33	29	40	45	27	23	52	37
Y_scaffold2	282704	36	27	39	23	24	36	40	33	22	28	33	36	28	21	49	32	29	40	45	27	23	52	37
Y_scaffold2	282705	37	28	40	23	24	36	40	34	22	28	33	37	28	21	49	32	29	40	45	29	24	52	37
Y_scaffold2	282706	36	28	40	23	24	36	40	34	22	28	33	37	28	20	49	32	29	40	44	29	24	51	37
Y_scaffold2	282707	36	28	39	24	23	36	40	34	22	28	33	37	29	20	48	31	28	39	44	30	24	52	37
Y_scaffold2	282708	36	27	39	24	22	35	39	34	23	27	32	35	29	19	48	29	29	38	42	30	22	51	35
Y_scaffold2	282709	37	27	39	24	22	35	39	34	23	27	32	35	29	19	48	28	31	38	42	30	22	51	35
Y_scaffold2	282710	38	27	39	24	22	35	39	34	23	27	33	33	29	19	48	28	30	37	42	30	22	51	36
Y_scaffold2	282711	38	27	38	25	22	35	39	34	23	27	33	33	29	20	48	28	30	37	42	30	23	53	36
Y_scaffold2	282712	38	27	38	25	23	35	39	33	23	27	33	33	30	20	48	28	30	37	42	30	23	53	35
Y_scaffold2	282713	38	27	36	25	23	35	39	33	23	27	33	33	30	20	47	27	29	37	42	30	23	54	35
Y_scaffold2	282714	38	27	36	22	24	34	39	33	23	26	33	33	28	20	47	28	29	37	40	30	24	55	36
Y_scaffold2	282715	39	25	36	22	24	36	39	33	22	25	32	32	28	18	44	26	29	36	37	29	23	54	36
Y_scaffold2	282716	40	24	36	22	25	36	39	33	21	25	32	32	28	18	43	25	29	37	37	29	23	56	36
Y_scaffold2	282717	40	24	36	22	25	36	39	33	21	25	32	32	28	18	43	25	29	37	36	29	23	57	37
Y_scaffold2	282718	40	24	36	21	24	36	39	33	21	25	32	32	28	18	43	26	29	38	36	29	23	58	39
Y_scaffold2	282719	40	24	36	21	24	36	39	33	20	25	32	33	28	18	42	26	29	38	36	29	22	58	39
Y_scaffold2	282720	41	24	37	22	24	35	39	33	21	25	33	33	28	18	44	26	29	38	36	29	21	60	39
Y_scaffold2	282721	40	23	37	22	24	35	39	31	21	25	33	33	28	18	43	26	29	38	36	29	21	60	39
Y_scaffold2	282722	39	22	36	22	24	35	40	31	21	25	33	33	28	17	44	26	29	38	36	29	21	59	39
Y_scaffold2	282723	38	21	35	22	24	35	40	31	21	26	33	32	28	17	45	26	30	38	36	29	21	59	38
Y_scaffold2	282724	38	20	35	23	24	35	40	31	21	26	33	32	28	17	46	26	30	38	37	29	21	59	38
Y_scaffold2	282725	38	19	35	23	24	35	40	31	21	26	34	31	28	17	47	26	30	38	37	29	21	58	38
Y_scaffold2	282726	37	19	35	23	24	34	38	31	21	26	34	31	28	18	47	26	30	38	36	29	21	58	38
Y_scaffold2	282727	37	20	35	23	24	34	38	31	21	26	35	30	28	18	46	26	30	37	36	29	21	56	39
Y_scaffold2	282728	36	21	35	23	24	34	38	31	21	26	35	30	28	18	45	26	31	36	35	28	21	56	39
Y_scaffold2	282729	36	21	35	22	24	32	38	31	21	26	35	30	29	18	45	26	30	38	36	28	21	56	39
Y_scaffold2	282730	35	21	35	21	24	32	37	31	22	29	35	29	29	18	47	27	30	38	34	29	21	55	39
Y_scaffold2	282731	35	21	34	20	24	32	36	31	22	29	35	29	29	18	47	26	30	37	34	29	21	54	39
Y_scaffold2	282732	36	21	34	20	24	33	36	30	22	28	37	29	29	18	47	26	30	38	36	29	21	54	39
Y_scaffold2	282733	36	21	34	20	24	32	36	30	22	29	36	29	29	18	47	26	30	37	36	29	21	54	39
Y_scaffold2	282734	36	21	34	20	24	32	36	30	23	30	37	29	29	18	47	26	29	36	35	29	21	53	38
Y_scaffold2	282735	36	22	34	20	24	32	34	30	23	30	37	28	30	18	48	26	30	36	37	29	21	54	39
Y_scaffold2	282736	37	22	34	19	24	32	34	30	23	30	37	29	30	18	48	26	30	36	37	29	21	53	38
Y_scaffold2	282737	35	22	33	19	24	31	34	29	23	30	37	29	29	17	48	26	30	36	38	29	21	53	39
Y_scaffold2	282738	34	22	32	18	24	30	34	29	23	31	37	28	29	17	48	27	30	35	38	29	22	52	39
Y_scaffold2	282739	34	22	32	18	25	28	33	29	23	31	37	27	29	18	48	27	31	35	40	29	22	52	39
Y_scaffold2	282740	35	22	31	19	25	28	32	28	23	30	38	26	29	18	48	27	31	34	40	28	22	50	39
Y_scaffold2	282741	36	22	31	19	25	28	31	27	23	30	37	26	30	18	46	27	31	34	40	28	22	50	40
Y_scaffold2	282742	37	22	31	19	25	28	32	27	23	31	37	26	30	19	45	26	30	35	41	28	21	50	41
Y_scaffold2	282743	37	22	30	20	25	27	31	27	23	31	37	26	30	21	44	26	30	35	41	28	22	50	42
Y_scaffold2	282744	37	22	31	20	25	27	30	27	23	31	38	26	30	21	43	26	31	34	40	28	22	50	42
Y_scaffold2	282745	37	22	31	19	25	27	30	27	22	30	38	26	30	21	43	26	31	34	40	28	22	49	40
Y_scaffold2	282746	37	22	32	20	25	28	30	28	22	30	37	26	30	21	44	25	31	35	40	28	21	48	40
Y_scaffold2	282747	37	22	32	21	25	28	31	28	23	30	36	26	30	20	44	25	32	35	38	28	21	48	39
Y_scaffold2	282748	37	22	32	21	24	28	31	28	23	30	36	26	30	20	44	25	31	35	37	27	21	48	39
Y_scaffold2	282749	37	22	33	22	22	28	31	28	23	30	36	27	30	20	44	25	31	36	37	27	21	50	39
Y_scaffold2	282750	38	22	33	23	22	29	32	28	23	31	36	27	30	20	44	25	31	36	37	27	21	50	38
Y_scaffold2	282751	38	22	34	23	22	29	32	28	23	31	36	27	30	20	45	26	31	36	36	27	21	52	38
Y_scaffold2	282752	39	22	34	23	22	29	30	29	23	31	36	27	30	20	44	26	31	36	36	27	21	52	38
Y_scaffold2	282753	40	21	33	23	21	29	30	30	22	31	36	26	30	20	45	26	31	36	36	27	20	52	38
Y_scaffold2	282754	40	21	33	23	21	29	30	30	22	30	36	26	29	20	45	26	31	36	36	27	20	53	38
Y_scaffold2	282755	42	21	32	23	20	29	28	30	22	30	36	26	29	20	44	26	31	36	37	27	20	53	38
Y_scaffold2	282756	41	22	32	23	20	27	29	30	22	30	38	27	29	20	43	26	31	36	37	27	17	51	39
Y_scaffold2	282757	41	23	32	23	20	27	29	30	24	31	37	26	29	20	43	26	31	35	37	27	17	51	41
Y_scaffold2	282758	42	23	32	23	20	27	29	29	24	32	38	26	30	20	43	26	31	35	38	27	17	50	41
Y_scaffold2	282759	43	23	32	23	19	27	29	28	23	32	38	26	28	20	43	26	30	35	39	27	17	49	42
Y_scaffold2	282760	42	23	32	23	18	29	30	27	23	32	38	27	27	20	43	26	28	35	39	27	17	51	42
Y_scaffold2	282761	42	24	32	25	17	29	29	27	23	31	36	27	27	20	43	26	29	35	39	27	17	52	41
Y_scaffold2	282762	41	23	33	26	18	28	29	27	23	31	35	28	27	20	43	25	30	35	39	28	17	52	41
Y_scaffold2	282763	41	23	34	27	19	30	30	27	24	31	35	28	27	20	43	27	30	35	39	28	17	51	41
Y_scaffold2	282764	42	23	34	27	19	30	30	26	24	30	35	27	27	21	43	27	29	35	38	29	17	51	41
Y_scaffold2	282765	42	22	34	27	20	29	30	26	24	30	35	28	27	21	43	27	29	36	38	29	17	50	41
Y_scaffold2	282766	42	23	34	28	20	30	31	26	24	30	35	29	27	22	43	27	28	38	40	29	16	54	42
Y_scaffold2	282767	43	22	34	28	20	30	31	27	23	30	35	29	27	22	44	28	28	38	41	29	17	53	43
Y_scaffold2	282768	43	22	34	28	21	31	31	27	23	30	35	30	27	23	44	27	29	38	41	29	17	53	41
Y_scaffold2	282769	43	22	34	28	22	33	31	26	23	30	34	30	27	23	43	27	29	37	42	29	17	53	41
Y_scaffold2	282770	43	22	35	28	21	33	30	26	23	30	33	31	28	24	41	27	29	38	42	28	17	54	42
Y_scaffold2	282771	42	21	35	28	20	33	30	27	23	30	34	31	28	24	40	26	29	38	42	28	17	54	42
Y_scaffold2	282772	43	21	35	28	20	33	31	26	23	30	33	31	28	23	40	24	29	37	42	28	17	54	43
Y_scaffold2	282773	43	20	35	28	21	33	31	26	22	30	32	31	28	24	40	24	29	36	42	27	17	54	43
Y_scaffold2	282774	43	21	34	28	21	34	32	25	23	31	32	30	29	24	40	24	29	36	43	27	18	54	43
Y_scaffold2	282775	43	21	35	28	21	34	33	24	23	32	33	30	28	24	40	23	28	36	43	27	18	55	44
Y_scaffold2	282776	43	21	36	29	21	33	33	25	24	32	33	29	27	23	40	23	29	35	42	27	18	55	44
Y_scaffold2	282777	43	21	35	30	21	33	32	24	24	32	31	30	27	23	39	23	29	35	41	27	18	54	44
Y_scaffold2	282778	43	23	35	30	21	33	34	24	24	33	31	28	27	23	39	23	29	34	41	27	19	53	42
Y_scaffold2	282779	42	23	35	29	21	34	34	25	23	33	31	29	27	23	39	23	29	35	41	27	18	53	43
Y_scaffold2	282780	43	23	35	29	22	34	35	25	23	33	32	28	27	24	39	22	29	35	41	26	18	53	42
Y_scaffold2	282781	43	23	35	29	24	32	35	25	23	33	32	28	28	24	37	23	30	34	41	25	18	53	42
Y_scaffold2	282782	43	23	35	30	23	32	34	25	23	33	32	27	28	23	37	23	31	34	41	25	18	53	42
Y_scaffold2	282783	44	23	35	30	23	32	34	24	23	33	32	27	28	23	37	23	31	34	41	25	20	55	41
Y_scaffold2	282784	44	23	34	30	24	32	34	26	23	33	32	27	28	23	37	23	31	34	41	25	20	55	41
Y_scaffold2	282785	44	23	32	31	24	33	34	26	24	33	31	26	29	23	36	24	31	34	42	25	19	57	41
Y_scaffold2	282786	45	23	32	31	24	33	33	26	25	33	31	26	31	23	36	24	30	35	41	26	20	55	42
Y_scaffold2	282787	43	23	32	31	24	33	33	25	24	32	32	26	31	23	36	24	30	35	41	26	20	57	41
Y_scaffold2	282788	44	23	31	31	24	33	32	25	24	31	32	25	31	24	36	24	29	35	38	25	21	57	40
Y_scaffold2	282789	44	24	31	31	24	33	32	25	24	31	32	24	31	24	36	23	29	35	38	23	22	56	40
Y_scaffold2	282790	44	24	30	31	25	33	32	26	24	31	32	24	31	24	37	22	29	35	38	23	22	57	40
Y_scaffold2	282791	44	24	30	31	25	33	30	26	23	30	33	24	30	25	37	22	29	34	39	22	23	58	40
Y_scaffold2	282792	44	23	31	31	26	34	30	26	22	30	33	24	30	25	36	22	29	34	38	22	22	58	40
Y_scaffold2	282793	45	22	30	31	27	33	29	26	21	30	31	24	30	26	35	22	30	36	37	21	21	58	41
Y_scaffold2	282794	45	22	30	32	27	33	28	26	21	30	30	24	30	26	33	23	30	36	38	24	21	58	41
Y_scaffold2	282795	44	20	30	32	27	33	28	26	21	30	30	24	31	25	33	23	31	36	38	24	21	58	41
Y_scaffold2	282796	43	21	30	32	27	34	28	26	23	30	30	24	30	25	33	24	31	36	38	24	22	58	42
Y_scaffold2	282797	42	21	30	32	27	34	28	27	23	30	29	24	30	26	33	25	31	35	38	25	22	59	42
Y_scaffold2	282798	39	21	29	32	25	34	28	24	23	29	30	24	29	25	32	24	32	35	38	24	22	58	42
Y_scaffold2	282799	39	22	29	33	25	34	28	24	23	28	30	25	29	25	34	24	33	36	38	25	22	59	42
Y_scaffold2	282800	39	22	29	33	25	35	29	26	23	27	30	25	28	26	34	26	33	36	38	28	23	59	42
Y_scaffold2	282801	39	23	28	33	25	33	27	26	23	28	30	25	28	26	34	26	33	36	38	28	24	59	42
Y_scaffold2	282802	38	23	28	33	24	33	28	26	23	27	30	25	28	27	33	26	31	35	38	28	24	58	42
Y_scaffold2	282803	38	23	29	33	24	33	27	24	23	28	30	25	28	27	33	25	30	34	38	27	23	56	41
Y_scaffold2	282804	38	23	29	32	24	33	27	24	23	28	31	25	28	27	35	25	30	34	38	27	23	56	41
Y_scaffold2	282805	38	22	29	32	24	33	27	24	23	28	30	25	28	27	35	25	30	34	38	27	23	56	41
Y_scaffold2	282806	39	23	27	32	24	33	27	24	23	29	31	26	27	28	36	26	29	33	38	27	23	54	41
Y_scaffold2	282807	38	23	27	32	24	33	27	24	23	29	31	26	27	28	36	27	30	33	38	27	23	54	41
Y_scaffold2	282808	38	23	27	33	24	32	27	24	23	28	31	25	27	27	35	26	29	32	38	28	23	53	40
Y_scaffold2	282809	39	23	27	32	26	32	27	24	23	28	31	25	26	27	36	26	29	34	38	28	23	53	40
Y_scaffold2	282810	39	23	27	31	26	32	27	23	23	27	32	25	26	27	38	26	29	33	38	28	23	52	40
Y_scaffold2	282811	39	23	28	33	27	34	27	23	25	28	32	25	27	27	37	26	29	34	37	28	22	52	40
Y_scaffold2	282812	39	26	30	33	26	33	27	23	26	27	32	25	27	29	37	26	28	33	37	28	22	53	39
Y_scaffold2	282813	40	28	30	33	27	32	27	23	27	27	32	25	27	29	37	26	29	33	38	28	22	52	40
Y_scaffold2	282814	40	28	30	33	27	32	27	23	27	27	33	25	27	29	37	26	28	34	39	28	21	52	41
Y_scaffold2	282815	40	28	29	33	26	32	27	23	27	27	33	25	26	29	37	26	28	33	39	26	21	52	41
Y_scaffold2	282816	40	28	30	33	26	32	27	23	27	27	33	26	26	29	37	25	28	33	39	26	21	51	41
Y_scaffold2	282817	39	28	30	33	26	32	26	23	28	27	33	26	26	29	38	24	28	33	38	26	20	51	41
Y_scaffold2	282818	40	27	29	33	27	31	26	23	29	27	33	26	26	28	38	24	27	32	38	26	21	51	40
Y_scaffold2	282819	40	27	29	34	27	32	26	24	27	27	34	25	26	28	37	24	27	32	38	26	22	51	40
Y_scaffold2	282820	40	28	29	34	27	33	26	24	27	27	34	26	26	26	37	24	27	32	38	26	22	51	40
Y_scaffold2	282821	40	28	29	34	27	33	26	23	26	27	34	25	26	26	37	24	27	32	38	26	23	51	41
Y_scaffold2	282822	40	29	29	34	27	33	25	23	26	27	34	25	26	25	37	26	27	32	37	26	23	51	41
Y_scaffold2	282823	40	29	29	34	27	33	25	23	26	27	34	25	26	25	37	27	28	32	37	26	23	51	42
Y_scaffold2	282824	40	30	29	34	27	33	25	23	26	27	34	25	26	25	38	27	28	32	37	26	24	53	41
Y_scaffold2	282825	39	30	28	34	28	33	25	22	26	27	34	25	26	25	38	27	28	32	37	25	24	53	40
Y_scaffold2	282826	39	28	28	34	29	32	25	21	25	27	34	25	26	25	38	27	28	32	37	25	24	54	40
Y_scaffold2	282827	39	28	27	34	29	32	25	22	25	27	34	25	26	25	38	28	28	31	37	24	23	52	41
Y_scaffold2	282828	40	27	27	34	29	32	26	22	25	27	32	22	26	25	40	28	27	30	37	23	23	52	40
Y_scaffold2	282829	39	28	26	34	29	32	24	22	25	27	32	22	26	25	40	28	28	29	39	23	23	52	40
Y_scaffold2	282830	39	29	25	34	29	32	25	21	24	27	32	22	26	26	40	28	27	28	40	22	23	51	40
Y_scaffold2	282831	39	29	25	34	29	32	26	21	24	27	32	23	27	26	40	28	28	29	40	23	23	51	40
Y_scaffold2	282832	38	29	23	33	29	32	26	21	25	27	32	23	27	26	40	27	27	29	40	23	23	49	40
Y_scaffold2	282833	38	29	23	34	29	33	26	22	25	27	32	23	27	26	39	27	27	29	39	23	23	49	39
Y_scaffold2	282834	38	29	23	34	29	33	26	21	25	27	32	23	28	26	38	28	27	29	39	23	24	49	39
Y_scaffold2	282835	38	29	24	34	29	32	26	21	25	27	32	23	28	25	38	29	27	28	38	22	24	49	38
Y_scaffold2	282836	38	29	23	33	29	33	26	21	25	26	32	23	29	25	38	29	27	28	39	22	24	50	38
Y_scaffold2	282837	38	29	24	33	29	33	26	22	25	26	32	24	29	25	38	29	27	28	40	22	25	50	39
Y_scaffold2	282838	37	29	24	33	29	33	26	22	25	27	32	24	29	26	37	29	27	28	40	23	25	51	39
Y_scaffold2	282839	38	30	23	33	29	33	26	23	25	27	33	25	29	26	40	29	28	28	40	26	25	50	39
Y_scaffold2	282840	39	31	23	34	28	33	26	23	25	27	33	25	29	26	40	29	28	29	40	26	24	50	39
Y_scaffold2	282841	40	31	24	34	28	34	26	23	25	27	34	25	28	26	39	29	28	29	39	26	24	51	40
Y_scaffold2	282842	40	33	24	34	28	34	26	23	25	27	34	26	28	26	39	30	28	29	40	26	25	51	40
Y_scaffold2	282843	40	33	24	34	28	34	27	23	25	27	34	27	29	26	40	30	28	29	40	26	25	52	41
Y_scaffold2	282844	41	33	24	34	28	34	27	23	26	28	33	27	29	26	40	31	29	29	39	26	25	52	42
Y_scaffold2	282845	41	33	24	34	28	33	27	23	26	28	33	27	29	26	40	32	28	29	39	27	25	52	42
Y_scaffold2	282846	41	33	24	34	28	33	27	23	26	27	33	27	29	25	40	32	28	29	39	27	25	52	42
Y_scaffold2	282847	41	34	25	35	28	32	28	23	25	27	33	26	29	25	40	32	28	29	39	27	25	53	41
Y_scaffold2	282848	41	34	25	35	29	33	28	23	25	27	33	26	30	25	40	33	28	31	39	28	26	53	41
Y_scaffold2	282849	42	35	26	35	29	33	28	23	25	26	33	26	30	25	40	33	28	29	39	29	26	54	41
Y_scaffold2	282850	41	35	26	36	29	33	28	23	25	26	33	26	29	25	40	33	29	29	39	29	26	55	40
Y_scaffold2	282851	42	35	26	36	29	33	28	24	25	26	33	27	29	26	40	33	29	29	38	29	25	56	40
Y_scaffold2	282852	42	35	26	36	28	34	28	24	25	26	33	27	29	26	40	32	29	29	37	29	25	56	41
Y_scaffold2	282853	42	35	26	37	29	34	28	24	25	27	31	28	29	25	39	32	29	29	37	28	25	56	41
Y_scaffold2	282854	42	34	25	37	29	34	28	24	25	27	31	27	28	25	39	32	29	29	37	28	24	56	41
Y_scaffold2	282855	41	34	25	37	29	34	28	24	25	27	31	27	28	25	39	33	29	29	37	27	24	56	41
Y_scaffold2	282856	41	34	25	37	29	34	29	24	25	27	31	27	27	26	39	33	29	29	37	27	24	56	41
Y_scaffold2	282857	41	34	25	36	29	34	29	24	25	27	31	27	26	26	40	33	29	29	37	26	24	55	41
Y_scaffold2	282858	43	33	25	36	29	36	29	24	25	27	31	27	27	26	39	33	29	30	37	26	24	55	41
Y_scaffold2	282859	42	33	25	36	29	35	29	25	25	28	32	27	27	26	39	34	27	30	38	26	24	56	41
Y_scaffold2	282860	40	33	26	36	29	35	29	25	25	28	31	27	27	26	40	34	27	30	38	26	24	56	40
Y_scaffold2	282861	40	33	26	35	29	35	29	25	25	28	31	27	27	26	40	34	27	30	38	26	24	55	41
Y_scaffold2	282862	40	35	26	36	28	35	29	25	25	28	31	27	26	26	40	34	28	30	38	26	24	55	42
Y_scaffold2	282863	40	35	26	36	29	35	29	25	25	28	32	27	26	26	40	34	28	30	38	26	25	55	42
Y_scaffold2	282864	40	35	26	36	28	35	30	25	25	28	32	27	26	26	40	33	28	31	39	26	25	54	41
Y_scaffold2	282865	39	35	26	36	28	33	30	25	25	28	32	27	27	26	40	33	28	31	39	26	25	54	41
Y_scaffold2	282866	39	36	26	37	27	33	30	25	25	28	32	27	27	26	41	33	28	30	39	26	25	52	42
Y_scaffold2	282867	39	36	26	37	27	33	30	25	25	28	32	27	27	26	41	32	28	31	40	26	25	50	40
Y_scaffold2	282868	41	36	25	38	27	33	30	25	26	28	32	27	27	26	40	33	29	31	42	28	25	50	40
Y_scaffold2	282869	41	36	24	37	27	33	30	25	26	28	32	27	27	26	40	33	29	31	42	28	25	51	41
Y_scaffold2	282870	40	36	24	37	28	33	30	25	26	28	31	27	27	26	40	33	29	31	42	28	25	49	41
Y_scaffold2	282871	40	36	24	37	28	33	30	25	26	28	31	27	27	26	40	33	29	31	42	28	25	49	41
Y_scaffold2	282872	40	36	24	37	29	35	29	26	26	27	31	27	27	26	38	33	28	31	42	28	26	50	42
Y_scaffold2	282873	40	36	24	37	28	35	30	26	26	27	31	28	27	26	38	33	28	31	43	28	26	51	42
Y_scaffold2	282874	40	36	25	36	28	36	31	26	27	27	31	28	27	26	38	34	28	32	42	28	26	51	43
Y_scaffold2	282875	42	36	25	36	28	36	31	26	27	27	30	28	26	26	38	34	28	33	43	28	26	52	44
Y_scaffold2	282876	42	36	25	36	28	36	32	26	29	27	29	29	26	25	38	34	29	33	43	27	27	51	44
Y_scaffold2	282877	42	36	24	36	28	38	32	26	29	27	29	29	26	25	37	35	29	33	43	27	27	52	44
Y_scaffold2	282878	42	36	25	36	28	38	32	26	29	26	29	29	26	25	35	34	28	33	43	27	27	52	44
Y_scaffold2	282879	42	36	25	36	28	38	32	26	29	26	29	29	25	25	34	33	28	32	42	27	27	51	45
Y_scaffold2	282880	41	35	25	36	28	39	32	26	28	23	28	29	25	25	33	33	27	32	40	26	27	50	44
Y_scaffold2	282881	41	35	25	36	28	39	32	28	29	24	28	29	25	25	33	34	27	32	40	26	27	50	44
Y_scaffold2	282882	42	35	25	36	28	38	32	28	29	24	27	30	25	25	33	34	27	31	39	26	27	50	44
Y_scaffold2	282883	43	35	25	36	28	38	32	28	29	26	27	30	25	25	34	34	27	31	40	27	27	50	44
Y_scaffold2	282884	43	35	26	36	28	38	32	28	29	26	26	31	26	24	34	34	27	31	40	27	27	50	44
Y_scaffold2	282885	43	34	26	37	28	38	32	28	29	26	26	31	25	24	34	34	27	31	39	27	27	50	44
