Y_scaffold2	367474	31	26	38	29	27	29	33	38	28	27	39	29	27	34	27	34	38	50	42	27	27	48	32
Y_scaffold2	367475	32	26	38	29	28	29	33	37	29	26	39	29	27	35	27	34	37	50	42	27	27	49	32
Y_scaffold2	367476	32	25	38	30	26	29	33	37	29	26	39	29	27	35	27	34	37	48	42	26	28	49	32
Y_scaffold2	367477	31	25	38	30	26	29	31	37	29	26	39	29	27	35	27	35	37	48	42	26	27	49	31
Y_scaffold2	367478	31	26	37	31	26	29	31	37	28	26	39	29	27	35	27	36	37	47	44	27	26	50	31
Y_scaffold2	367479	31	26	37	31	26	28	30	37	28	25	38	29	27	36	26	36	37	47	46	25	26	48	30
Y_scaffold2	367480	32	27	37	31	26	28	30	37	28	24	38	29	27	35	26	36	37	47	47	25	26	48	30
Y_scaffold2	367481	31	26	36	31	25	28	31	37	28	24	38	28	26	34	26	36	36	47	47	25	26	48	31
Y_scaffold2	367482	31	26	36	31	23	28	31	37	29	24	38	29	26	34	26	36	36	48	45	25	26	47	31
Y_scaffold2	367483	30	26	36	31	22	28	30	37	29	24	37	29	26	33	26	36	36	46	45	25	26	47	31
Y_scaffold2	367484	30	26	36	31	22	27	31	37	30	24	37	29	26	33	27	35	35	46	45	25	27	47	31
Y_scaffold2	367485	30	26	36	31	22	27	30	37	29	24	36	28	26	33	27	35	34	47	45	25	27	47	30
Y_scaffold2	367486	30	26	36	31	22	27	30	37	28	24	37	29	25	33	27	35	34	47	45	25	28	47	30
Y_scaffold2	367487	30	26	36	31	22	27	30	37	28	24	37	29	27	32	27	35	34	47	45	25	28	47	30
Y_scaffold2	367488	30	26	36	31	22	27	29	37	27	24	35	29	27	31	28	35	34	47	45	25	28	47	31
Y_scaffold2	367489	30	27	36	31	23	27	28	37	26	25	35	29	27	31	28	35	34	47	45	25	28	47	31
Y_scaffold2	367490	30	27	35	31	23	27	28	37	26	25	35	29	26	31	28	36	34	45	45	25	28	47	31
Y_scaffold2	367491	30	28	35	32	22	26	28	35	25	26	35	29	26	31	29	36	34	47	44	25	28	46	31
Y_scaffold2	367492	29	28	34	32	23	26	28	34	26	26	36	29	26	31	29	36	36	47	43	25	28	45	31
Y_scaffold2	367493	29	28	34	31	23	27	28	35	26	26	37	29	26	31	29	36	36	45	43	24	28	45	32
Y_scaffold2	367494	29	28	34	31	24	27	28	35	26	27	37	31	26	31	28	36	36	46	44	24	28	45	32
Y_scaffold2	367495	29	28	34	31	24	26	28	35	26	27	37	31	26	31	28	36	37	45	44	24	28	45	33
Y_scaffold2	367496	29	28	35	30	25	26	30	35	26	26	36	31	26	31	29	36	37	45	43	24	28	44	34
Y_scaffold2	367497	29	28	35	30	25	26	29	35	26	26	35	30	25	31	29	37	37	45	42	24	28	44	34
Y_scaffold2	367498	30	28	35	30	25	26	29	35	25	26	34	30	25	31	29	36	37	45	42	24	28	44	34
Y_scaffold2	367499	30	28	34	30	25	25	30	36	24	26	34	30	25	31	28	36	38	45	42	24	27	44	34
Y_scaffold2	367500	29	28	34	30	25	25	30	36	24	26	34	28	25	31	27	37	37	45	42	24	27	44	34
Y_scaffold2	367501	29	28	34	30	25	25	29	36	24	25	34	28	26	31	28	37	37	45	41	24	27	46	33
Y_scaffold2	367502	28	29	34	30	26	25	29	36	25	25	34	28	26	30	28	36	37	46	41	24	27	46	33
Y_scaffold2	367503	28	29	34	30	26	25	29	36	26	25	34	28	26	30	28	37	37	47	42	24	29	49	33
Y_scaffold2	367504	28	29	34	30	26	25	28	36	26	25	34	28	26	30	28	36	37	47	42	24	29	49	33
Y_scaffold2	367505	28	29	34	30	26	25	28	35	26	26	34	28	26	30	28	36	36	47	42	24	29	49	33
Y_scaffold2	367506	28	29	35	30	26	26	28	36	26	27	34	27	26	31	29	35	36	47	42	24	29	50	33
Y_scaffold2	367507	27	29	36	30	27	26	28	36	26	27	34	26	26	31	29	35	36	47	41	24	28	50	33
Y_scaffold2	367508	27	29	36	30	27	26	28	36	26	27	35	26	26	30	29	35	36	46	40	24	28	50	33
Y_scaffold2	367509	28	29	37	30	27	26	27	37	26	27	35	26	24	30	29	35	36	47	40	24	28	50	32
Y_scaffold2	367510	28	29	37	30	27	26	27	37	26	28	35	27	24	30	29	35	36	47	41	24	28	50	31
Y_scaffold2	367511	28	30	37	31	28	28	28	37	26	28	35	27	24	30	29	35	36	48	41	24	29	51	31
Y_scaffold2	367512	28	30	37	31	27	28	27	37	27	28	35	26	24	30	29	35	36	47	42	23	28	51	33
Y_scaffold2	367513	27	31	37	31	27	28	27	37	27	28	34	26	24	30	29	35	35	47	41	23	27	51	33
Y_scaffold2	367514	27	31	37	30	27	28	27	37	27	28	34	26	24	30	29	36	35	46	41	22	27	51	34
Y_scaffold2	367515	27	31	37	30	27	27	27	37	26	28	34	26	24	30	29	36	36	45	41	22	27	52	34
Y_scaffold2	367516	27	31	37	29	27	27	27	37	26	29	34	25	24	30	29	36	36	46	40	20	27	52	34
Y_scaffold2	367517	27	31	37	29	26	27	27	37	26	29	34	25	24	30	29	36	36	46	39	20	27	52	34
Y_scaffold2	367518	28	33	36	29	26	27	27	38	26	29	34	25	24	30	29	36	35	45	40	20	27	52	34
Y_scaffold2	367519	28	34	36	29	28	27	28	37	27	30	35	25	25	30	29	36	36	47	39	19	28	52	34
Y_scaffold2	367520	28	34	34	28	28	28	28	37	27	30	36	25	24	30	29	37	36	47	39	19	27	51	34
Y_scaffold2	367521	28	35	33	28	28	28	28	37	27	30	36	25	24	30	29	37	36	46	39	18	27	52	34
Y_scaffold2	367522	27	35	33	28	29	28	28	37	27	30	37	24	25	30	28	37	36	46	40	17	27	52	34
Y_scaffold2	367523	27	33	32	28	29	28	28	37	26	30	38	24	25	30	27	37	36	46	40	17	27	52	33
Y_scaffold2	367524	27	33	32	28	30	28	28	36	25	30	38	24	25	30	29	38	36	46	41	17	27	53	33
Y_scaffold2	367525	28	33	32	28	30	29	28	36	26	31	38	25	26	30	29	38	36	45	41	17	27	53	33
Y_scaffold2	367526	28	33	33	28	30	29	29	36	27	31	38	24	25	29	29	38	36	45	41	18	28	53	33
Y_scaffold2	367527	28	33	32	28	30	29	29	37	27	31	39	25	25	29	29	37	37	45	40	18	28	53	35
Y_scaffold2	367528	28	33	31	28	30	29	29	37	27	31	40	25	25	29	29	37	36	45	40	19	27	52	35
Y_scaffold2	367529	28	33	30	28	30	29	29	37	27	31	40	25	25	29	29	36	36	45	40	20	27	51	34
Y_scaffold2	367530	27	33	30	28	30	29	30	37	28	32	40	25	25	29	29	39	36	45	40	20	27	50	34
Y_scaffold2	367531	27	33	29	28	30	29	29	37	27	32	40	25	24	29	29	39	35	45	40	20	27	50	33
Y_scaffold2	367532	27	34	29	28	30	30	30	38	27	32	41	25	24	30	30	41	35	45	40	21	28	50	33
Y_scaffold2	367533	27	34	29	28	30	30	30	38	27	32	41	26	24	30	28	41	35	45	40	21	27	51	32
Y_scaffold2	367534	26	34	29	28	30	31	30	39	27	32	42	26	24	30	28	40	35	45	40	21	26	50	31
Y_scaffold2	367535	26	34	28	27	30	31	30	38	28	32	42	25	24	29	28	40	35	45	39	20	26	50	32
Y_scaffold2	367536	25	35	28	27	29	33	31	38	27	32	41	25	24	29	27	40	34	46	41	21	25	48	30
Y_scaffold2	367537	24	35	28	26	29	35	31	39	27	32	41	25	23	29	29	40	35	47	41	21	25	48	30
Y_scaffold2	367538	24	35	27	26	29	35	31	39	27	33	41	25	23	29	29	41	35	48	41	23	25	48	30
Y_scaffold2	367539	24	35	29	26	29	35	30	39	27	33	41	25	23	29	29	41	35	48	41	23	26	48	31
Y_scaffold2	367540	24	34	29	26	29	34	30	39	27	33	41	27	22	29	29	41	35	48	41	23	26	48	32
Y_scaffold2	367541	24	33	29	25	30	33	29	40	27	32	40	27	22	29	29	41	35	49	42	23	26	47	32
Y_scaffold2	367542	24	32	29	25	29	32	29	40	27	32	39	27	21	29	28	42	35	49	42	23	27	47	32
Y_scaffold2	367543	24	32	29	25	30	32	28	40	27	32	38	29	21	29	28	42	35	50	42	23	27	47	32
Y_scaffold2	367544	24	33	30	25	31	32	28	40	27	31	38	29	21	29	28	42	35	50	42	23	27	47	31
Y_scaffold2	367545	24	33	30	24	30	32	28	40	27	31	38	31	21	29	27	41	33	50	43	23	28	47	31
Y_scaffold2	367546	24	32	31	23	30	32	28	38	27	30	38	31	21	29	29	42	33	51	43	22	28	47	33
Y_scaffold2	367547	24	32	31	23	30	32	28	37	27	30	37	31	21	29	29	42	33	51	42	22	28	48	32
Y_scaffold2	367548	24	32	30	23	30	32	27	37	27	30	37	31	21	29	27	44	33	50	40	23	28	47	32
Y_scaffold2	367549	24	32	30	23	30	32	27	37	27	30	37	32	21	29	27	44	33	50	40	23	28	47	32
Y_scaffold2	367550	24	32	31	23	30	32	27	38	27	30	36	32	20	29	27	44	33	51	40	24	28	47	32
Y_scaffold2	367551	24	31	31	23	30	32	27	37	27	30	36	33	20	27	28	44	32	52	40	24	29	48	33
Y_scaffold2	367552	25	31	31	23	30	31	27	36	27	30	35	33	20	27	28	45	32	52	39	24	29	48	32
Y_scaffold2	367553	25	31	31	22	30	31	27	35	27	29	35	33	19	28	28	45	31	52	39	24	29	49	32
Y_scaffold2	367554	25	31	31	22	30	31	27	35	27	31	35	33	19	27	28	45	31	53	40	24	30	47	32
Y_scaffold2	367555	25	31	31	22	30	32	27	34	27	31	34	32	19	27	28	45	31	52	40	23	30	47	32
Y_scaffold2	367556	25	30	31	22	30	32	27	34	27	31	34	32	19	26	28	44	31	52	41	23	28	46	32
Y_scaffold2	367557	25	30	30	21	29	32	27	34	27	31	35	33	19	25	29	42	32	53	41	24	28	46	32
Y_scaffold2	367558	25	30	30	21	30	31	27	34	27	30	35	34	19	25	29	42	31	53	41	25	28	46	32
Y_scaffold2	367559	26	32	30	21	30	29	27	34	27	28	34	34	19	25	29	42	31	52	41	26	28	47	32
Y_scaffold2	367560	26	33	30	21	29	28	27	34	26	29	34	33	19	25	28	42	31	52	41	29	28	47	31
Y_scaffold2	367561	25	33	31	21	29	28	27	34	25	29	33	33	19	25	28	42	31	51	41	29	28	47	31
Y_scaffold2	367562	25	33	30	23	29	28	27	34	25	28	33	33	20	26	28	42	32	50	41	29	27	47	32
Y_scaffold2	367563	25	33	30	23	29	27	27	34	25	28	33	32	20	26	29	42	32	51	41	30	27	48	32
Y_scaffold2	367564	25	33	28	23	29	27	27	34	25	28	33	30	22	26	30	42	32	51	41	30	26	47	33
Y_scaffold2	367565	26	32	28	23	29	27	27	34	25	28	33	30	22	26	30	42	31	51	41	30	26	48	32
Y_scaffold2	367566	26	32	28	23	29	27	27	34	24	28	33	30	22	26	30	42	31	51	40	30	26	48	32
Y_scaffold2	367567	27	32	27	23	28	27	26	35	24	27	32	30	22	26	30	42	30	51	41	30	27	48	32
Y_scaffold2	367568	27	30	27	22	28	27	26	34	24	26	32	30	22	26	31	41	30	50	40	29	27	48	31
Y_scaffold2	367569	27	30	27	23	28	27	26	34	24	26	32	30	22	26	31	39	29	50	39	29	27	48	31
Y_scaffold2	367570	26	30	27	24	28	27	27	35	24	25	32	30	22	27	31	39	28	48	39	29	25	47	31
Y_scaffold2	367571	26	30	27	24	28	26	27	35	24	25	32	31	22	27	30	40	29	48	39	29	25	46	31
Y_scaffold2	367572	26	30	28	24	28	25	26	37	24	25	33	33	22	27	30	39	29	49	39	29	25	47	31
Y_scaffold2	367573	25	31	28	26	28	25	25	37	24	24	33	33	22	28	30	38	28	49	39	29	25	47	31
Y_scaffold2	367574	25	31	28	27	28	25	25	37	24	22	32	33	23	28	30	38	28	49	39	29	26	47	31
Y_scaffold2	367575	26	30	27	28	28	24	25	37	24	22	31	32	22	27	30	38	27	49	39	28	26	47	31
Y_scaffold2	367576	26	29	27	28	28	24	25	35	24	21	31	32	22	27	30	38	26	49	39	28	26	47	32
Y_scaffold2	367577	26	30	26	28	28	24	25	35	24	22	31	32	22	27	30	38	26	49	39	28	26	47	32
Y_scaffold2	367578	25	31	26	28	28	25	25	35	24	22	31	32	22	27	30	38	26	50	39	28	26	47	32
Y_scaffold2	367579	25	31	25	29	29	25	24	35	24	23	30	32	22	26	30	37	26	50	39	28	26	47	32
Y_scaffold2	367580	25	31	25	28	32	25	24	35	24	23	31	32	22	26	30	37	26	50	39	28	25	47	31
Y_scaffold2	367581	26	31	25	26	32	25	23	35	24	24	31	31	21	25	31	35	26	50	39	28	25	46	33
Y_scaffold2	367582	26	31	25	26	32	26	23	35	24	25	32	31	21	27	31	35	25	51	39	28	25	47	33
Y_scaffold2	367583	26	32	24	26	33	26	23	35	24	25	31	31	20	27	31	36	25	51	39	28	25	47	33
Y_scaffold2	367584	26	32	24	27	33	26	23	36	24	25	30	31	20	27	30	36	25	51	39	28	25	47	34
Y_scaffold2	367585	24	32	24	26	33	26	23	36	24	25	29	32	20	27	29	35	26	50	38	28	25	47	34
Y_scaffold2	367586	24	31	24	26	33	26	24	36	24	25	28	32	20	26	29	35	26	49	38	27	25	49	33
Y_scaffold2	367587	24	31	23	26	33	26	24	36	24	23	28	32	20	26	29	35	26	49	38	27	25	50	33
Y_scaffold2	367588	24	31	22	26	33	25	25	36	24	23	28	34	21	26	30	35	25	49	37	27	25	51	33
Y_scaffold2	367589	23	31	21	26	33	25	25	34	24	23	28	34	21	26	30	35	25	49	37	26	25	49	33
Y_scaffold2	367590	23	31	21	26	35	26	25	34	24	25	29	36	22	26	30	35	25	49	37	26	25	49	33
Y_scaffold2	367591	23	31	21	26	35	26	25	34	23	25	29	36	24	26	31	34	24	49	36	26	24	49	33
Y_scaffold2	367592	23	31	20	26	35	27	25	35	23	24	29	36	23	26	31	34	24	50	34	26	23	49	33
Y_scaffold2	367593	23	31	20	26	35	27	26	35	23	24	29	37	23	29	31	33	24	50	34	26	23	49	33
Y_scaffold2	367594	23	31	20	25	35	26	25	37	23	24	29	37	23	29	31	32	24	50	34	26	23	49	33
Y_scaffold2	367595	23	32	20	24	36	26	25	37	24	24	29	37	23	29	31	33	24	50	32	26	24	50	33
Y_scaffold2	367596	24	32	20	23	37	26	25	37	24	24	29	37	24	29	31	33	24	49	32	26	24	49	33
Y_scaffold2	367597	24	32	20	23	37	26	24	37	24	24	29	37	24	29	33	34	24	48	32	26	24	49	33
Y_scaffold2	367598	24	32	20	23	36	26	23	36	24	24	30	37	24	29	33	34	24	48	33	26	24	48	34
Y_scaffold2	367599	25	31	20	23	32	26	23	36	25	25	30	37	24	28	33	34	24	48	31	26	23	48	34
Y_scaffold2	367600	25	31	20	23	32	26	23	35	24	25	30	36	25	28	33	34	24	48	31	27	23	48	34
Y_scaffold2	367601	27	30	20	23	32	26	22	34	24	25	32	36	24	27	33	34	23	48	31	27	23	49	35
Y_scaffold2	367602	26	30	19	23	32	26	22	34	24	26	32	36	24	27	33	34	22	49	30	27	24	49	35
Y_scaffold2	367603	26	30	19	23	32	25	21	34	23	27	32	36	24	27	34	34	21	49	29	27	24	49	34
Y_scaffold2	367604	26	31	19	23	32	25	20	34	23	27	32	36	24	27	34	34	21	49	29	27	24	49	34
Y_scaffold2	367605	24	31	19	23	32	25	20	34	23	27	32	37	23	27	34	34	21	49	30	28	25	49	33
Y_scaffold2	367606	24	31	19	24	32	25	19	34	23	27	32	37	23	27	34	33	21	49	30	26	25	49	34
Y_scaffold2	367607	24	31	19	24	32	25	19	34	24	27	33	37	24	26	34	33	22	51	30	26	25	50	34
Y_scaffold2	367608	24	31	19	24	32	25	19	33	26	28	33	37	24	26	35	33	22	51	29	26	25	50	35
Y_scaffold2	367609	22	31	19	25	32	26	20	32	26	28	33	37	24	27	35	33	21	51	29	25	25	51	34
Y_scaffold2	367610	22	30	19	25	31	25	20	32	26	28	33	37	24	27	35	33	21	50	29	25	25	50	34
Y_scaffold2	367611	23	30	18	25	31	25	20	32	27	28	34	37	24	26	35	33	21	50	30	25	27	50	34
Y_scaffold2	367612	23	29	18	25	31	25	20	32	25	28	34	37	24	26	35	33	21	50	30	25	27	49	34
Y_scaffold2	367613	22	29	17	26	31	25	19	32	25	28	34	38	24	26	35	33	19	50	31	27	27	49	34
Y_scaffold2	367614	22	28	17	26	31	25	18	31	25	28	34	36	24	26	35	33	18	50	31	27	27	49	34
Y_scaffold2	367615	22	29	18	27	31	26	20	32	26	28	34	36	23	26	35	33	17	50	31	26	24	49	33
Y_scaffold2	367616	22	29	18	27	32	27	20	32	26	28	34	36	22	26	35	33	17	47	30	26	24	48	34
Y_scaffold2	367617	21	28	18	27	31	27	22	31	26	28	32	36	22	26	35	32	18	47	31	26	24	48	34
Y_scaffold2	367618	21	28	18	27	31	27	22	31	26	28	31	36	22	26	35	32	19	47	30	26	24	48	34
Y_scaffold2	367619	22	30	18	27	32	27	22	30	25	28	31	35	23	26	35	33	19	46	29	26	25	49	36
Y_scaffold2	367620	22	30	18	27	33	27	22	30	25	28	31	35	24	26	35	33	19	46	28	25	25	49	35
Y_scaffold2	367621	22	30	18	26	32	26	22	30	24	28	31	36	24	26	35	34	18	46	28	25	25	49	35
Y_scaffold2	367622	22	30	18	25	32	26	22	30	23	27	31	36	23	24	35	34	19	47	29	25	26	50	34
Y_scaffold2	367623	22	30	17	25	31	26	22	30	23	27	31	37	21	24	33	35	19	49	28	25	26	50	34
Y_scaffold2	367624	23	31	17	27	31	26	23	28	23	28	30	38	22	25	33	35	19	50	28	25	26	50	34
Y_scaffold2	367625	22	32	17	27	31	26	23	28	21	28	30	38	22	24	33	35	19	50	31	25	26	49	35
Y_scaffold2	367626	23	32	17	26	32	27	24	29	21	28	31	38	22	24	33	35	19	50	31	26	25	50	35
Y_scaffold2	367627	23	32	17	26	32	27	24	29	21	28	31	38	23	23	33	34	19	50	30	26	25	50	36
Y_scaffold2	367628	23	31	17	24	32	27	24	29	21	28	31	38	23	24	33	34	19	50	29	25	25	49	36
Y_scaffold2	367629	23	31	17	24	32	27	25	29	21	28	31	38	23	23	33	34	19	49	27	25	26	49	36
Y_scaffold2	367630	22	31	17	24	32	27	25	29	20	28	31	37	23	23	33	34	19	48	26	24	25	48	36
Y_scaffold2	367631	22	32	18	24	33	27	25	29	19	28	31	37	23	23	34	36	21	48	27	25	25	48	36
Y_scaffold2	367632	23	32	18	24	33	27	27	29	19	28	31	38	23	23	34	36	21	48	27	25	25	47	36
Y_scaffold2	367633	23	32	18	26	33	27	27	29	19	29	32	38	23	23	34	36	21	49	27	25	25	47	36
Y_scaffold2	367634	23	32	18	26	33	28	27	29	19	29	32	38	23	23	34	36	21	49	27	25	26	47	36
Y_scaffold2	367635	23	33	18	27	33	28	27	29	19	30	32	38	23	22	34	36	21	47	27	26	27	47	36
Y_scaffold2	367636	23	33	18	27	33	28	27	29	19	30	32	37	23	23	34	36	21	47	27	26	26	47	36
Y_scaffold2	367637	23	33	18	27	33	27	27	30	19	32	32	37	22	23	34	37	20	49	27	26	26	48	36
Y_scaffold2	367638	22	34	18	27	33	28	27	30	19	32	32	37	22	23	33	37	21	49	27	28	26	50	35
Y_scaffold2	367639	22	33	18	27	32	28	27	30	19	31	32	37	24	23	33	37	21	49	27	28	26	49	35
Y_scaffold2	367640	22	34	18	27	32	28	28	30	19	30	32	38	25	23	33	38	21	49	27	28	26	50	35
Y_scaffold2	367641	22	33	18	26	32	28	28	29	19	30	32	38	25	23	32	37	21	47	27	29	26	50	35
Y_scaffold2	367642	22	33	18	26	31	28	28	29	18	30	31	39	25	23	33	37	20	47	27	29	26	49	36
Y_scaffold2	367643	22	33	18	26	31	27	28	28	19	29	30	37	25	23	33	37	21	47	27	30	26	49	35
Y_scaffold2	367644	22	33	19	26	30	27	28	28	19	29	30	37	25	22	33	37	21	48	26	30	27	49	34
Y_scaffold2	367645	23	33	20	26	30	28	26	28	19	29	30	37	25	22	32	37	21	49	26	31	27	49	35
Y_scaffold2	367646	23	33	20	27	30	28	27	28	19	29	30	37	25	22	32	37	21	49	26	31	27	49	35
Y_scaffold2	367647	23	34	20	27	30	28	27	29	19	30	30	37	25	21	32	37	22	50	27	31	27	49	35
Y_scaffold2	367648	22	35	20	27	30	28	26	28	19	30	30	37	25	21	32	37	21	50	27	31	27	50	35
Y_scaffold2	367649	22	35	21	27	31	28	26	28	19	30	31	37	25	21	31	37	22	50	27	32	27	50	35
Y_scaffold2	367650	22	36	22	27	31	29	26	28	19	31	31	37	25	20	31	37	22	50	28	32	27	52	35
Y_scaffold2	367651	22	36	22	27	31	29	26	28	19	31	32	38	25	20	31	37	22	49	28	32	27	51	35
Y_scaffold2	367652	22	36	22	27	30	29	26	29	17	31	33	39	25	20	32	36	22	48	27	32	26	49	35
Y_scaffold2	367653	22	36	23	27	30	29	26	29	17	31	33	39	25	20	32	36	22	47	27	32	25	49	35
Y_scaffold2	367654	22	36	23	27	29	28	27	28	17	31	33	39	25	19	32	36	22	47	27	32	25	50	35
Y_scaffold2	367655	22	37	22	28	29	28	27	29	18	29	33	40	26	19	33	36	22	47	27	32	25	50	35
Y_scaffold2	367656	22	37	21	28	28	28	27	29	18	29	33	40	26	19	33	36	22	48	27	33	25	50	35
Y_scaffold2	367657	22	37	21	28	28	28	27	29	18	29	33	40	26	19	33	36	23	48	27	33	25	50	35
Y_scaffold2	367658	22	37	21	28	29	29	27	29	18	29	32	40	27	19	33	36	23	48	27	33	25	50	35
Y_scaffold2	367659	21	37	21	28	29	31	29	28	18	29	32	40	28	19	33	36	24	49	27	33	25	50	35
Y_scaffold2	367660	21	36	21	29	29	31	30	28	18	29	32	39	29	19	33	37	24	49	26	32	25	50	35
Y_scaffold2	367661	21	37	21	28	28	29	30	28	18	29	32	39	29	19	33	37	24	49	26	32	24	49	35
Y_scaffold2	367662	21	37	21	28	28	29	30	29	18	29	34	39	29	19	33	37	25	48	25	32	24	49	34
Y_scaffold2	367663	22	36	21	28	28	29	30	29	18	29	34	39	29	21	33	37	25	48	27	32	24	49	35
Y_scaffold2	367664	22	36	21	28	28	29	31	30	18	29	34	39	29	21	33	37	25	48	27	32	24	50	34
Y_scaffold2	367665	23	37	21	28	28	29	32	30	18	29	34	39	29	21	32	38	24	48	28	32	24	49	34
Y_scaffold2	367666	23	37	21	28	28	29	32	31	19	28	34	40	29	21	32	38	24	47	28	32	25	49	36
Y_scaffold2	367667	23	37	22	28	28	29	32	30	19	28	33	40	29	22	32	38	24	47	28	32	25	49	36
Y_scaffold2	367668	22	35	23	28	28	30	31	30	19	28	33	40	29	22	32	38	24	45	27	32	25	50	36
Y_scaffold2	367669	23	35	23	29	26	30	31	30	18	28	34	40	29	22	32	38	24	45	27	32	24	50	36
Y_scaffold2	367670	23	35	23	29	26	29	32	31	19	28	34	40	30	22	33	37	24	44	27	32	24	50	36
Y_scaffold2	367671	23	34	23	29	27	29	32	31	20	28	34	40	29	22	33	37	24	44	26	32	24	49	35
Y_scaffold2	367672	23	34	23	30	26	29	32	31	20	28	34	40	29	22	33	37	24	45	26	32	24	49	36
Y_scaffold2	367673	23	34	23	30	26	29	32	31	20	28	33	40	29	22	33	37	25	46	26	32	24	50	36
Y_scaffold2	367674	24	34	23	30	24	29	32	31	20	28	33	40	29	22	31	37	25	46	26	32	24	50	36
Y_scaffold2	367675	23	34	23	31	24	28	32	31	20	29	34	39	28	22	32	37	26	46	27	32	25	50	37
Y_scaffold2	367676	23	35	21	31	24	28	31	31	19	29	34	40	28	22	32	38	26	46	27	31	24	50	37
Y_scaffold2	367677	24	35	21	30	24	28	31	31	20	29	33	39	28	23	35	41	25	46	27	31	24	50	37
Y_scaffold2	367678	24	35	21	30	24	28	31	31	20	29	32	39	28	23	34	41	25	46	27	30	24	50	38
Y_scaffold2	367679	24	34	21	31	24	29	31	31	21	29	32	38	28	23	34	41	25	46	27	30	23	51	38
Y_scaffold2	367680	24	34	21	32	24	28	30	30	20	28	32	39	28	23	34	37	26	46	28	30	24	53	38
Y_scaffold2	367681	24	34	21	32	24	28	30	30	20	29	31	39	28	23	34	36	26	45	29	29	24	53	38
Y_scaffold2	367682	24	34	21	34	24	30	31	31	21	29	31	39	28	22	33	37	26	45	29	29	24	54	38
Y_scaffold2	367683	24	34	21	35	24	29	32	31	21	30	30	38	28	22	34	37	26	45	30	29	24	53	38
Y_scaffold2	367684	24	35	21	35	25	29	32	31	21	30	30	38	29	23	34	37	26	45	31	29	24	53	39
Y_scaffold2	367685	24	34	21	35	25	27	33	32	20	30	31	40	29	24	34	38	26	43	30	29	24	53	40
Y_scaffold2	367686	24	34	21	34	25	27	32	32	21	31	31	40	29	24	33	39	27	44	30	28	24	52	42
Y_scaffold2	367687	24	36	21	34	25	25	32	31	21	31	31	40	29	24	32	39	26	43	30	28	24	53	44
Y_scaffold2	367688	24	36	21	34	26	25	32	31	21	30	31	40	29	25	32	38	26	42	30	26	24	54	44
Y_scaffold2	367689	24	36	20	34	26	25	32	31	21	31	31	41	29	25	32	38	26	42	30	26	23	55	43
Y_scaffold2	367690	25	36	20	34	25	25	34	31	21	31	31	39	30	25	32	38	26	41	30	26	23	55	42
Y_scaffold2	367691	25	36	20	34	24	25	34	30	21	32	31	38	30	24	31	37	27	42	29	27	24	55	45
Y_scaffold2	367692	25	36	21	34	26	25	36	30	21	32	31	38	30	24	31	36	27	43	29	27	23	55	45
Y_scaffold2	367693	25	36	21	34	25	25	37	31	21	32	31	37	30	24	31	36	27	44	29	27	23	56	45
Y_scaffold2	367694	25	35	20	34	24	25	37	31	21	32	31	36	29	24	31	36	27	45	29	28	23	56	45
Y_scaffold2	367695	25	35	20	34	24	24	37	31	21	32	31	35	29	24	29	35	27	45	29	28	23	56	44
Y_scaffold2	367696	26	36	21	34	25	24	37	31	21	33	31	35	29	24	30	35	27	45	29	28	23	56	44
Y_scaffold2	367697	26	36	21	34	25	24	37	31	22	32	31	35	29	24	30	33	27	45	29	28	23	55	44
Y_scaffold2	367698	26	36	21	35	25	24	39	31	22	31	31	35	29	24	30	32	27	45	28	26	23	55	45
Y_scaffold2	367699	27	38	21	35	25	24	39	31	22	31	31	34	29	24	31	32	28	45	29	26	23	53	45
Y_scaffold2	367700	27	38	21	35	25	25	39	30	22	31	31	34	30	25	32	33	28	45	29	26	23	52	45
Y_scaffold2	367701	27	38	21	35	25	25	39	30	23	31	31	33	30	25	31	33	28	44	29	26	22	53	44
Y_scaffold2	367702	26	38	21	35	25	25	40	30	23	31	32	34	30	25	32	32	28	44	29	26	22	52	44
Y_scaffold2	367703	26	39	20	35	25	25	40	30	23	30	31	35	30	24	33	32	28	44	29	26	22	52	44
Y_scaffold2	367704	26	39	20	35	25	25	40	30	23	29	32	35	30	24	34	32	28	43	29	26	23	52	44
Y_scaffold2	367705	26	39	20	35	25	23	41	30	23	29	32	35	30	24	36	32	28	43	29	26	24	52	43
Y_scaffold2	367706	27	38	20	35	25	23	41	30	23	29	31	35	30	25	36	32	27	43	28	25	26	52	43
Y_scaffold2	367707	27	38	21	35	24	23	41	30	23	29	31	34	31	26	36	32	27	42	28	26	27	52	44
Y_scaffold2	367708	27	38	21	35	24	23	41	29	23	29	31	33	31	26	36	31	27	42	28	25	27	51	44
Y_scaffold2	367709	26	38	21	36	24	23	41	29	23	28	31	33	31	26	36	32	28	42	28	21	27	49	44
Y_scaffold2	367710	26	37	21	35	24	24	41	29	24	29	31	33	31	26	36	33	28	42	28	21	27	49	43
Y_scaffold2	367711	26	37	20	35	24	24	42	29	24	29	31	33	31	26	36	33	29	42	28	21	27	49	44
Y_scaffold2	367712	26	37	20	34	24	23	42	29	24	29	31	32	30	25	36	33	28	42	28	21	27	49	44
Y_scaffold2	367713	25	38	20	34	24	23	42	29	25	30	31	33	31	25	34	33	28	43	29	20	26	50	44
Y_scaffold2	367714	25	38	21	33	24	23	43	29	26	30	31	34	29	25	35	33	28	42	29	20	26	50	43
Y_scaffold2	367715	24	40	21	33	24	23	43	29	26	30	32	34	29	25	35	34	28	42	29	20	26	49	43
Y_scaffold2	367716	24	40	20	32	24	23	43	29	26	30	32	34	29	25	36	35	28	41	29	20	26	50	43
Y_scaffold2	367717	24	40	19	32	24	23	43	28	26	30	32	34	29	25	36	35	29	41	29	20	26	50	44
Y_scaffold2	367718	24	40	19	32	24	23	43	28	26	30	32	34	29	25	36	34	28	41	29	20	26	49	44
Y_scaffold2	367719	24	41	19	32	24	24	43	28	26	30	32	34	29	25	35	37	28	41	29	20	26	49	44
Y_scaffold2	367720	25	41	19	31	24	25	42	27	25	30	33	33	29	24	36	36	27	41	29	20	26	50	44
Y_scaffold2	367721	25	41	19	31	25	25	42	26	25	30	32	33	29	24	36	36	27	41	29	20	26	51	49
Y_scaffold2	367722	25	41	19	31	25	24	42	25	25	30	32	31	29	24	36	36	27	41	29	20	26	50	49
Y_scaffold2	367723	25	40	20	29	26	25	43	25	25	31	33	32	29	23	38	36	27	42	28	20	26	49	49
Y_scaffold2	367724	25	40	20	29	26	25	42	24	25	31	33	34	28	23	38	36	27	42	29	20	25	49	50
Y_scaffold2	367725	25	40	20	28	26	25	42	24	25	31	33	35	28	23	38	36	27	42	29	19	25	49	50
Y_scaffold2	367726	24	40	20	28	26	25	42	24	26	31	34	35	28	23	38	36	27	42	30	19	26	50	49
Y_scaffold2	367727	24	39	20	28	26	25	42	24	25	30	34	35	28	23	38	36	27	42	30	19	26	50	49
Y_scaffold2	367728	24	38	21	28	26	24	42	26	25	29	34	35	28	23	38	36	27	42	30	19	26	50	49
Y_scaffold2	367729	24	38	22	27	25	24	42	25	26	28	34	34	28	23	38	36	27	43	30	19	26	50	50
Y_scaffold2	367730	25	37	22	27	23	24	42	26	26	29	33	34	28	23	40	37	27	42	30	19	27	50	49
Y_scaffold2	367731	24	37	22	28	23	25	42	27	26	28	33	34	28	22	39	37	27	41	30	19	27	51	48
Y_scaffold2	367732	24	36	22	29	23	24	42	26	26	27	32	34	28	22	39	36	27	41	30	19	27	50	48
Y_scaffold2	367733	24	36	22	28	23	24	42	25	27	27	32	34	27	21	39	36	27	41	30	19	27	49	47
Y_scaffold2	367734	24	36	22	29	24	24	42	25	28	27	32	33	27	22	39	36	27	41	30	19	27	49	47
Y_scaffold2	367735	24	36	22	30	24	24	41	25	28	27	32	33	27	22	39	36	27	42	30	19	27	48	47
Y_scaffold2	367736	25	36	22	30	24	24	41	24	28	27	32	33	28	22	39	36	27	42	31	19	27	46	46
Y_scaffold2	367737	26	36	22	30	24	27	41	24	28	27	32	32	27	22	39	36	27	43	32	19	27	45	46
Y_scaffold2	367738	26	36	22	30	24	26	40	23	28	27	32	31	28	22	38	36	27	44	32	19	27	45	46
Y_scaffold2	367739	26	37	23	30	24	26	40	24	30	26	31	32	28	22	38	36	27	42	32	19	27	45	46
Y_scaffold2	367740	26	37	23	30	23	26	40	25	30	26	31	31	27	23	38	35	27	42	32	19	27	45	46
Y_scaffold2	367741	26	37	23	31	23	26	40	24	30	26	31	31	25	21	37	36	27	42	33	19	28	45	46
Y_scaffold2	367742	27	37	23	31	23	26	41	24	30	26	31	33	25	21	38	37	28	42	33	21	28	45	46
Y_scaffold2	367743	27	37	24	31	23	26	40	24	30	26	31	32	25	20	38	37	28	43	33	21	28	45	46
Y_scaffold2	367744	27	37	24	31	23	26	40	22	31	26	31	32	26	21	38	37	29	43	34	21	28	46	46
Y_scaffold2	367745	28	36	24	31	22	26	40	21	30	26	31	32	26	21	38	37	29	43	34	21	27	45	46
Y_scaffold2	367746	28	36	25	31	21	26	40	21	30	26	33	31	25	21	38	37	29	43	34	21	27	45	46
Y_scaffold2	367747	28	36	25	31	21	26	40	21	30	26	33	31	25	21	36	37	29	43	34	21	27	45	46
Y_scaffold2	367748	27	37	26	31	21	27	40	21	30	25	32	32	25	21	36	37	29	43	35	21	28	45	47
Y_scaffold2	367749	27	37	27	31	21	27	40	23	30	25	32	32	25	21	36	37	29	43	35	22	28	44	47
Y_scaffold2	367750	27	37	27	31	21	27	41	23	30	25	32	32	24	21	36	37	32	44	35	21	29	44	47
Y_scaffold2	367751	25	36	27	31	21	27	40	23	30	24	30	32	24	21	36	37	32	44	35	22	28	43	46
Y_scaffold2	367752	26	36	27	31	21	28	40	23	30	24	30	33	24	21	36	37	32	42	35	22	27	43	46
Y_scaffold2	367753	26	36	27	31	21	29	40	23	30	23	29	32	24	20	35	36	32	42	35	22	27	43	45
Y_scaffold2	367754	26	35	27	31	21	29	39	23	30	24	29	32	24	23	35	37	32	41	34	22	26	42	44
Y_scaffold2	367755	26	35	27	31	21	29	39	23	30	24	29	32	24	23	35	37	33	41	35	21	26	42	45
Y_scaffold2	367756	27	35	26	30	21	29	39	23	31	24	29	32	24	23	35	37	33	42	35	21	26	42	47
Y_scaffold2	367757	27	35	26	30	21	29	39	23	30	24	28	32	23	23	35	37	32	42	35	21	26	41	47
Y_scaffold2	367758	28	35	26	30	21	28	39	23	28	23	28	32	23	23	34	38	32	42	35	21	26	41	46
Y_scaffold2	367759	28	35	26	28	21	29	38	23	28	24	27	32	23	22	35	39	33	43	35	21	26	40	46
Y_scaffold2	367760	27	35	26	28	21	29	38	23	27	24	27	32	23	22	37	39	33	44	35	21	25	41	46
Y_scaffold2	367761	28	36	26	29	21	30	38	23	27	24	27	32	23	22	37	40	33	44	34	21	23	42	48
Y_scaffold2	367762	28	36	26	28	21	30	38	24	27	24	28	31	23	22	37	40	33	44	34	20	23	42	48
Y_scaffold2	367763	29	37	27	27	21	29	36	24	26	24	28	30	24	22	37	40	33	44	33	19	23	42	49
Y_scaffold2	367764	29	37	27	27	21	29	36	24	27	24	28	30	25	22	37	40	33	45	33	19	23	42	49
Y_scaffold2	367765	29	38	28	27	20	30	36	23	28	24	28	30	25	22	37	40	32	45	34	19	23	43	48
Y_scaffold2	367766	30	38	28	27	21	29	36	23	28	24	29	30	24	22	37	40	34	46	34	19	23	42	48
Y_scaffold2	367767	31	37	27	27	21	29	35	23	28	24	29	31	24	22	38	40	33	46	33	19	23	42	48
Y_scaffold2	367768	31	38	27	28	21	29	36	23	28	24	30	31	24	23	38	40	33	47	33	19	22	43	48
Y_scaffold2	367769	32	37	27	28	21	29	36	23	28	25	30	31	24	23	38	40	33	48	34	19	23	44	47
Y_scaffold2	367770	32	37	27	28	20	30	36	23	28	25	30	31	23	23	38	40	33	48	34	19	23	43	47
Y_scaffold2	367771	32	37	27	28	20	30	36	23	28	25	31	31	23	23	38	39	32	50	34	19	24	43	47
Y_scaffold2	367772	33	38	27	29	20	30	36	23	28	25	32	33	23	23	38	40	32	49	34	19	24	43	47
Y_scaffold2	367773	32	37	27	27	21	30	36	23	30	25	32	32	23	22	38	39	32	46	34	19	24	43	48
Y_scaffold2	367774	31	38	27	27	20	30	35	24	31	25	31	31	22	21	38	40	33	47	31	19	24	43	47
Y_scaffold2	367775	31	38	27	27	20	30	35	24	31	26	31	31	22	21	38	40	34	47	31	20	25	42	47
Y_scaffold2	367776	31	38	27	28	21	29	34	25	31	26	32	31	23	21	38	40	34	47	31	19	25	42	47
Y_scaffold2	367777	31	37	28	28	21	29	33	25	31	26	32	31	23	21	38	40	33	46	31	18	25	42	46
Y_scaffold2	367778	31	37	27	28	21	29	32	25	31	26	32	31	23	20	40	39	33	47	31	18	24	42	46
Y_scaffold2	367779	31	37	28	28	21	29	31	26	32	26	32	31	24	20	41	38	33	47	31	18	24	42	46
Y_scaffold2	367780	31	37	28	28	22	29	31	26	32	26	32	31	24	20	41	38	33	47	31	18	24	43	46
Y_scaffold2	367781	31	36	28	28	21	29	31	27	32	26	32	31	24	21	42	38	33	47	30	18	24	43	45
Y_scaffold2	367782	30	36	29	29	21	29	29	27	32	25	32	30	24	21	41	38	33	46	30	18	23	43	45
Y_scaffold2	367783	30	36	29	27	22	28	29	27	33	25	31	30	24	21	41	38	34	46	30	19	22	43	45
Y_scaffold2	367784	30	35	29	26	22	28	29	28	33	25	31	31	24	21	41	38	35	46	30	18	21	43	45
Y_scaffold2	367785	30	35	29	25	22	30	31	28	33	24	30	31	24	20	40	38	35	46	30	18	21	43	45
Y_scaffold2	367786	30	35	29	25	22	30	31	28	33	25	30	31	25	20	40	37	35	46	30	19	21	43	45
Y_scaffold2	367787	31	35	29	26	22	30	31	27	33	23	30	32	24	20	40	37	36	45	30	20	22	43	46
Y_scaffold2	367788	32	34	29	27	23	30	31	27	33	23	30	32	24	20	40	38	36	45	31	20	22	41	46
Y_scaffold2	367789	33	34	29	27	23	30	33	27	33	24	30	33	24	20	40	39	36	45	31	20	22	41	46
Y_scaffold2	367790	33	34	29	28	23	31	32	27	33	24	30	32	23	20	40	37	36	45	31	20	22	40	46
Y_scaffold2	367791	33	34	29	28	24	31	32	27	33	24	29	34	23	20	39	39	36	45	31	19	22	41	45
Y_scaffold2	367792	33	34	29	29	24	31	32	27	32	24	30	33	23	20	39	40	36	45	31	19	22	41	45
Y_scaffold2	367793	33	34	29	29	24	31	32	27	32	24	31	33	23	20	39	40	35	46	32	17	22	41	45
Y_scaffold2	367794	33	35	28	29	24	31	32	27	32	24	31	33	23	21	39	41	34	44	32	17	21	41	45
Y_scaffold2	367795	32	35	28	29	23	30	33	27	33	24	31	33	23	21	39	41	34	43	32	16	21	41	43
Y_scaffold2	367796	32	35	27	28	23	30	32	28	33	24	31	33	23	21	39	42	34	43	34	16	21	41	43
Y_scaffold2	367797	32	34	27	28	23	30	33	28	33	24	31	33	24	22	39	43	33	43	33	16	21	41	43
Y_scaffold2	367798	32	34	26	28	22	30	33	28	34	24	30	33	24	22	39	43	32	43	33	17	21	39	43
Y_scaffold2	367799	32	33	25	28	22	29	33	28	35	24	30	33	23	22	39	43	32	43	32	16	21	39	44
Y_scaffold2	367800	33	33	25	28	23	30	33	28	36	23	31	33	23	23	39	43	32	43	32	16	22	37	44
Y_scaffold2	367801	33	33	24	28	23	30	33	28	36	23	30	32	25	23	39	44	32	44	32	16	22	37	44
Y_scaffold2	367802	33	32	24	29	23	30	33	28	36	24	29	31	25	24	39	44	32	46	32	16	22	38	44
Y_scaffold2	367803	33	32	24	29	23	30	33	29	36	26	29	31	25	25	38	44	32	47	32	16	22	37	44
Y_scaffold2	367804	33	31	24	29	23	30	32	28	36	25	29	32	26	27	38	45	32	47	32	16	22	37	44
Y_scaffold2	367805	33	31	24	28	23	31	32	28	35	26	29	31	25	27	38	45	33	47	32	17	22	36	44
Y_scaffold2	367806	33	31	26	28	24	30	30	28	35	26	30	31	26	27	38	45	33	46	32	16	22	37	44
Y_scaffold2	367807	33	32	26	28	23	29	30	28	35	26	30	31	24	27	38	45	33	47	33	16	22	37	44
Y_scaffold2	367808	33	32	26	28	23	30	30	29	35	26	30	31	24	28	38	45	34	46	33	16	22	37	44
Y_scaffold2	367809	33	32	26	27	23	30	30	29	35	27	30	32	23	28	38	48	33	46	34	16	22	37	44
Y_scaffold2	367810	33	33	26	27	24	30	29	29	36	28	30	32	23	28	40	47	33	45	35	16	22	37	45
Y_scaffold2	367811	33	32	26	27	24	30	28	29	36	28	29	33	23	28	40	47	33	46	36	16	22	37	45
Y_scaffold2	367812	33	31	26	28	24	30	28	29	36	28	28	33	23	28	40	47	32	47	36	16	22	37	46
Y_scaffold2	367813	32	31	26	29	24	31	28	30	37	28	28	34	23	27	40	47	32	47	35	16	22	37	46
Y_scaffold2	367814	32	31	27	29	24	32	27	29	38	28	28	34	23	27	40	46	33	47	35	16	22	37	46
Y_scaffold2	367815	31	30	27	29	24	32	28	29	38	28	28	34	23	27	40	45	33	47	35	16	22	37	46
Y_scaffold2	367816	32	30	27	29	24	33	28	28	37	28	28	33	23	27	40	45	34	47	36	16	21	37	44
Y_scaffold2	367817	32	29	26	29	24	33	28	28	37	28	28	33	23	26	40	45	34	47	36	16	21	37	44
Y_scaffold2	367818	32	29	25	28	25	32	29	28	37	27	27	33	22	26	39	45	33	47	37	16	21	36	45
Y_scaffold2	367819	30	29	25	28	25	32	28	28	36	27	26	33	22	27	39	45	33	48	38	16	21	37	45
Y_scaffold2	367820	30	29	25	29	25	32	28	27	36	27	26	33	21	27	39	45	33	49	38	16	21	37	45
Y_scaffold2	367821	30	29	26	29	24	32	28	27	36	27	27	33	21	27	39	46	33	50	38	18	22	37	44
Y_scaffold2	367822	31	29	26	28	24	32	28	27	36	27	27	33	21	27	39	46	32	49	37	18	22	38	44
Y_scaffold2	367823	31	29	26	28	24	32	28	27	36	27	27	34	21	28	39	46	32	48	37	18	22	37	44
Y_scaffold2	367824	30	29	26	28	25	32	28	27	36	28	27	34	21	29	39	45	32	48	38	19	22	37	45
Y_scaffold2	367825	30	29	26	28	25	32	29	27	35	26	26	34	22	29	40	46	31	49	38	20	23	38	44
Y_scaffold2	367826	30	28	26	28	25	33	29	27	35	26	26	33	22	29	40	44	31	49	38	20	23	38	44
Y_scaffold2	367827	30	28	26	28	25	34	29	27	35	26	26	33	23	29	37	44	31	49	38	21	23	39	44
Y_scaffold2	367828	30	28	26	27	26	34	29	27	35	26	26	32	23	29	37	44	31	48	38	22	23	38	43
Y_scaffold2	367829	30	28	26	27	27	33	28	27	34	26	26	32	23	29	37	44	31	48	38	21	23	36	43
Y_scaffold2	367830	30	28	26	25	27	33	28	27	34	26	26	31	23	29	37	44	30	48	37	21	23	36	43
Y_scaffold2	367831	30	28	26	26	27	34	29	27	34	25	26	31	23	29	37	44	30	48	36	21	23	38	43
Y_scaffold2	367832	30	28	26	25	27	32	28	26	33	25	26	31	23	29	37	43	30	49	36	21	23	37	42
Y_scaffold2	367833	31	28	26	24	27	32	27	26	33	24	26	31	23	29	36	43	30	48	35	21	23	37	41
Y_scaffold2	367834	32	28	26	24	27	34	26	26	33	24	24	29	22	28	36	44	30	48	34	21	23	37	41
Y_scaffold2	367835	33	29	26	24	27	34	26	25	33	23	24	29	22	27	37	43	30	47	33	21	23	37	41
Y_scaffold2	367836	33	29	24	24	26	34	25	25	32	23	24	29	22	27	38	42	29	47	33	20	23	37	40
Y_scaffold2	367837	34	28	24	24	27	34	26	25	32	23	24	29	22	27	38	42	30	47	33	22	23	37	40
Y_scaffold2	367838	34	28	24	24	26	34	26	25	32	23	24	29	22	26	38	42	30	48	33	22	23	37	40
Y_scaffold2	367839	34	28	24	24	26	34	26	25	33	23	24	28	22	26	39	42	30	49	33	22	23	36	40
Y_scaffold2	367840	33	29	24	24	26	34	26	25	33	23	24	28	21	26	39	42	30	48	33	22	23	36	40
Y_scaffold2	367841	33	29	25	24	26	34	26	25	33	22	24	28	21	27	39	42	29	46	33	22	22	35	38
Y_scaffold2	367842	32	29	24	24	26	34	25	25	33	22	24	28	21	27	39	42	29	46	33	22	22	35	38
Y_scaffold2	367843	31	29	25	25	26	34	24	24	33	22	24	30	21	27	39	42	29	45	33	22	22	36	39
Y_scaffold2	367844	32	29	25	26	26	34	24	24	33	23	24	32	22	27	40	42	29	44	33	21	22	36	39
Y_scaffold2	367845	32	30	24	26	26	34	24	24	33	23	24	32	22	27	40	42	30	44	32	21	21	36	40
Y_scaffold2	367846	31	29	23	26	25	34	24	24	33	23	25	32	23	27	39	42	31	43	32	21	22	36	39
Y_scaffold2	367847	30	29	23	25	25	34	23	24	32	23	25	32	23	27	38	42	31	43	32	21	23	36	38
Y_scaffold2	367848	30	29	23	26	25	34	22	24	32	23	28	33	23	27	38	43	31	44	31	22	23	36	39
Y_scaffold2	367849	30	28	23	26	25	34	22	24	32	23	28	33	23	27	37	43	30	45	31	22	23	36	39
Y_scaffold2	367850	31	28	23	26	25	34	22	24	32	24	28	33	22	26	36	42	30	44	31	22	23	36	39
Y_scaffold2	367851	31	28	23	27	25	34	23	24	31	24	29	33	22	26	36	42	30	44	31	22	23	34	40
Y_scaffold2	367852	31	28	23	27	25	34	22	24	31	24	28	31	22	26	34	42	30	44	31	22	23	34	40
Y_scaffold2	367853	31	27	23	27	26	34	22	25	31	24	28	31	22	26	35	42	30	45	31	22	22	34	40
Y_scaffold2	367854	31	27	23	27	26	34	22	25	31	24	28	31	22	26	34	43	30	46	30	22	21	34	41
Y_scaffold2	367855	31	27	23	27	27	34	21	25	31	24	28	31	22	25	32	43	30	46	30	22	20	34	41
Y_scaffold2	367856	30	27	23	27	28	34	21	25	32	24	29	31	22	26	32	44	30	46	30	23	18	35	41
Y_scaffold2	367857	31	27	22	27	28	34	21	25	32	24	30	32	21	25	32	45	31	47	32	23	17	35	41
Y_scaffold2	367858	31	27	22	27	28	34	21	25	32	24	30	32	21	25	32	45	31	48	32	23	18	35	41
Y_scaffold2	367859	31	25	22	26	28	34	21	25	32	24	30	32	21	24	32	44	30	49	32	23	18	35	41
Y_scaffold2	367860	31	26	22	26	28	33	21	25	31	22	30	32	22	26	32	43	31	48	32	23	18	35	42
Y_scaffold2	367861	31	26	22	26	28	33	20	25	31	22	30	32	22	26	32	43	30	48	32	23	18	34	41
Y_scaffold2	367862	31	26	22	26	28	33	20	25	32	22	30	32	22	26	32	43	30	49	34	23	18	34	41
Y_scaffold2	367863	32	27	21	26	29	34	19	26	31	22	30	32	21	26	31	43	30	48	34	23	19	34	41
Y_scaffold2	367864	32	27	21	26	30	34	19	26	30	22	29	32	21	26	31	42	30	48	35	23	19	34	41
Y_scaffold2	367865	32	26	22	26	30	34	19	26	30	22	29	32	21	26	29	41	30	48	35	23	19	33	42
Y_scaffold2	367866	32	27	23	27	30	34	19	26	30	22	30	32	23	26	30	41	30	48	34	24	19	35	42
Y_scaffold2	367867	32	27	23	26	30	34	20	26	31	23	30	32	23	27	31	40	29	48	34	24	19	35	41
Y_scaffold2	367868	33	27	23	27	30	33	20	27	31	23	30	32	23	27	31	39	30	48	34	25	19	35	42
Y_scaffold2	367869	33	26	23	27	30	34	20	27	31	23	30	33	23	27	31	40	31	48	34	25	20	35	43
Y_scaffold2	367870	33	26	23	27	30	33	20	27	31	22	29	32	23	27	31	41	31	48	34	25	20	35	43
Y_scaffold2	367871	33	26	23	27	28	33	20	27	32	23	29	32	23	27	31	41	31	48	34	25	20	34	38
Y_scaffold2	367872	34	26	23	27	28	33	20	27	32	23	28	32	23	27	31	41	31	48	34	25	20	34	39
Y_scaffold2	367873	34	26	22	27	28	32	19	27	32	23	28	32	23	27	29	41	31	48	35	25	20	35	39
Y_scaffold2	367874	35	27	22	26	28	32	20	27	34	23	28	31	24	27	29	42	31	48	34	25	20	35	40
Y_scaffold2	367875	34	27	22	26	28	32	20	27	34	23	28	30	24	27	29	42	31	48	36	25	19	35	40
Y_scaffold2	367876	34	27	22	26	28	32	20	27	34	23	28	30	24	27	29	43	32	49	35	25	19	35	40
Y_scaffold2	367877	35	27	22	27	28	32	21	26	34	23	28	31	24	27	29	43	33	49	35	25	19	35	40
Y_scaffold2	367878	35	27	21	27	28	32	21	25	34	23	29	31	25	27	29	43	33	48	35	25	19	35	40
Y_scaffold2	367879	35	28	20	27	28	32	20	26	33	22	29	31	25	27	29	43	33	47	35	25	19	35	39
Y_scaffold2	367880	34	28	20	27	27	31	20	26	33	22	29	31	25	27	28	42	33	46	35	25	18	35	39
Y_scaffold2	367881	34	28	20	26	27	30	20	25	34	22	29	31	25	28	29	42	34	46	36	25	19	34	40
Y_scaffold2	367882	34	28	20	25	26	30	20	25	33	22	30	31	25	27	29	42	34	46	37	25	19	35	40
Y_scaffold2	367883	34	28	20	24	26	30	20	25	32	22	31	31	25	26	30	42	33	46	38	25	19	35	40
Y_scaffold2	367884	35	29	20	23	25	30	20	25	32	22	31	31	25	26	30	42	33	46	38	25	19	35	40
Y_scaffold2	367885	35	29	20	23	25	30	21	25	32	23	31	31	25	26	31	42	33	45	39	25	19	35	41
Y_scaffold2	367886	34	30	20	23	25	30	22	25	34	23	31	31	24	26	32	42	33	45	40	25	19	35	41
Y_scaffold2	367887	33	30	20	24	26	27	22	27	34	23	31	31	24	26	32	42	33	44	40	25	19	35	41
Y_scaffold2	367888	34	30	20	24	27	28	22	27	34	24	31	31	23	26	32	42	33	44	41	25	19	35	41
Y_scaffold2	367889	34	29	19	24	28	28	22	26	32	24	32	30	23	26	32	43	33	44	41	25	19	35	41
Y_scaffold2	367890	34	29	19	24	28	27	21	25	32	24	32	28	23	25	32	40	32	43	42	24	19	35	43
Y_scaffold2	367891	35	29	19	23	28	27	21	25	32	24	33	27	24	25	32	40	32	44	41	24	20	35	43
Y_scaffold2	367892	34	29	19	23	28	27	21	25	32	24	33	27	24	25	32	41	32	44	41	24	20	35	43
Y_scaffold2	367893	34	29	18	23	28	27	21	25	32	24	33	27	24	25	32	41	31	43	41	24	20	35	44
Y_scaffold2	367894	34	30	18	23	29	27	21	25	31	26	33	27	24	24	32	42	31	43	42	24	20	34	44
Y_scaffold2	367895	33	30	18	23	29	27	21	25	31	26	34	27	24	24	32	41	31	43	42	24	21	34	45
Y_scaffold2	367896	34	30	17	23	29	27	21	25	30	27	32	27	24	24	33	41	31	44	40	24	22	34	46
Y_scaffold2	367897	34	30	15	23	29	26	22	23	30	27	32	26	24	24	33	40	31	44	40	23	21	34	45
Y_scaffold2	367898	34	29	15	23	29	26	22	23	30	27	32	26	24	24	33	41	31	44	40	23	21	34	44
Y_scaffold2	367899	34	29	15	24	29	26	22	23	30	27	33	26	24	24	33	41	29	43	41	23	21	34	44
Y_scaffold2	367900	34	29	15	24	29	26	21	23	30	27	33	26	24	25	33	41	28	43	41	23	21	34	45
Y_scaffold2	367901	34	29	15	24	28	26	21	25	30	29	33	26	24	25	33	41	28	44	41	22	21	34	45
Y_scaffold2	367902	34	29	15	24	28	26	21	26	30	29	33	25	24	25	33	41	28	45	41	22	21	34	46
Y_scaffold2	367903	34	29	15	25	28	25	21	26	30	29	34	26	24	25	33	41	28	46	41	23	21	34	46
Y_scaffold2	367904	34	29	15	25	28	25	22	26	30	28	33	25	24	22	33	40	29	46	41	23	21	34	46
Y_scaffold2	367905	34	29	15	25	28	25	22	26	30	28	33	26	24	23	34	40	29	46	40	23	21	34	46
Y_scaffold2	367906	33	28	15	25	28	25	23	26	29	28	34	26	24	23	34	40	28	45	40	24	21	34	44
Y_scaffold2	367907	33	28	15	25	29	25	23	26	29	29	34	26	24	23	34	40	28	45	40	25	21	34	44
Y_scaffold2	367908	32	28	15	25	29	25	24	26	29	32	34	26	24	23	34	39	27	45	40	25	21	34	44
Y_scaffold2	367909	33	28	16	25	29	24	24	26	30	31	34	26	24	23	35	39	27	45	40	25	22	34	44
Y_scaffold2	367910	33	28	16	25	29	24	24	26	30	31	33	26	24	23	33	38	27	44	40	25	22	33	44
Y_scaffold2	367911	33	27	16	24	29	23	24	28	30	32	33	26	24	23	34	37	28	44	40	25	22	32	42
Y_scaffold2	367912	34	27	17	24	29	23	27	27	30	32	32	27	24	23	34	38	28	45	40	25	22	32	42
Y_scaffold2	367913	33	26	16	24	29	23	27	28	29	32	34	27	23	23	34	38	28	46	40	25	22	32	41
Y_scaffold2	367914	32	26	16	24	29	23	27	28	29	32	34	27	22	23	34	38	28	45	40	25	22	32	42
Y_scaffold2	367915	32	25	15	24	29	23	27	29	28	32	34	27	22	23	34	37	28	45	39	25	22	32	42
Y_scaffold2	367916	31	27	15	24	28	23	28	30	28	32	35	28	22	23	34	38	26	45	39	26	22	32	43
Y_scaffold2	367917	30	27	16	24	27	23	29	31	28	33	36	27	23	22	34	38	26	45	40	27	23	30	43
Y_scaffold2	367918	31	27	16	24	27	24	29	31	28	33	35	27	23	22	34	38	26	44	40	27	24	30	43
Y_scaffold2	367919	30	27	16	26	27	24	29	31	28	32	34	27	23	22	34	38	26	44	39	27	24	30	42
Y_scaffold2	367920	30	27	17	26	28	23	29	32	28	32	33	27	24	22	35	38	27	44	39	27	24	29	42
Y_scaffold2	367921	30	27	17	26	28	23	29	32	28	32	33	27	24	22	35	38	27	42	39	27	24	29	42
Y_scaffold2	367922	29	26	19	25	28	23	29	33	28	32	32	25	24	23	35	37	27	42	38	28	23	29	42
Y_scaffold2	367923	29	26	19	26	27	23	29	33	26	31	32	27	24	24	35	37	27	42	39	28	23	29	41
Y_scaffold2	367924	29	24	19	26	27	23	29	31	24	31	32	27	24	25	35	37	27	41	39	28	22	29	41
Y_scaffold2	367925	30	24	20	28	27	23	29	31	24	30	33	28	24	25	36	38	26	41	39	27	22	29	41
Y_scaffold2	367926	30	24	20	27	26	23	29	31	24	30	32	28	23	25	36	39	26	41	39	27	22	29	41
Y_scaffold2	367927	30	24	19	27	26	23	29	31	24	30	32	28	22	26	36	38	26	43	39	28	22	29	41
Y_scaffold2	367928	29	25	18	28	26	24	29	31	23	30	33	29	22	26	34	38	26	42	39	28	22	30	41
Y_scaffold2	367929	30	26	18	29	26	24	29	31	23	30	33	29	21	27	33	38	25	42	39	28	22	29	42
Y_scaffold2	367930	31	26	18	29	25	24	29	30	22	31	33	29	22	26	32	38	25	42	39	30	22	29	42
Y_scaffold2	367931	31	27	18	29	26	24	29	30	23	31	33	29	22	27	32	38	25	43	40	29	22	29	43
Y_scaffold2	367932	32	27	17	29	26	24	29	30	22	31	33	30	22	27	32	38	24	43	40	29	23	30	44
Y_scaffold2	367933	32	28	17	29	25	24	29	31	22	31	33	30	22	27	32	39	23	43	41	29	24	30	44
Y_scaffold2	367934	32	28	17	29	24	23	28	30	22	31	33	29	22	27	32	42	23	44	41	29	24	31	44
Y_scaffold2	367935	31	28	17	28	24	23	27	30	22	31	33	29	21	27	33	41	21	43	42	27	24	30	44
Y_scaffold2	367936	31	28	19	29	24	23	27	30	22	30	33	29	21	27	33	42	21	43	41	26	24	30	44
Y_scaffold2	367937	30	28	19	28	24	23	27	30	22	30	33	28	21	27	34	42	21	43	41	26	23	30	43
Y_scaffold2	367938	30	28	19	28	23	22	25	30	22	29	33	28	20	27	34	42	22	43	43	25	23	31	44
Y_scaffold2	367939	30	28	19	28	24	22	26	30	22	29	33	28	20	28	35	42	22	43	44	25	23	31	44
Y_scaffold2	367940	30	28	19	28	24	21	26	30	22	29	33	28	20	29	35	43	22	43	44	25	23	31	46
Y_scaffold2	367941	30	28	19	28	24	22	26	30	23	30	33	26	21	29	36	40	23	44	44	25	23	30	47
Y_scaffold2	367942	30	28	19	27	24	22	26	30	23	30	32	26	21	29	36	40	23	44	44	25	23	30	47
Y_scaffold2	367943	30	28	18	27	24	22	26	31	24	31	31	26	21	29	38	40	23	43	43	25	23	31	47
Y_scaffold2	367944	31	27	18	27	24	22	26	31	24	33	32	27	21	28	38	40	24	43	43	25	23	32	47
Y_scaffold2	367945	31	28	18	29	24	25	25	30	25	33	33	27	21	28	38	41	25	43	44	25	23	32	47
Y_scaffold2	367946	31	29	18	29	24	25	24	30	27	33	33	27	20	28	38	40	25	42	42	25	23	32	47
Y_scaffold2	367947	31	28	18	29	24	25	24	30	28	33	33	28	20	29	38	41	26	42	43	25	23	32	47
Y_scaffold2	367948	31	28	18	29	24	25	24	30	28	33	33	28	20	29	38	41	26	42	43	24	23	34	47
Y_scaffold2	367949	32	28	19	30	26	25	24	31	28	34	33	28	20	30	38	41	26	42	43	24	23	33	46
Y_scaffold2	367950	31	28	19	30	26	24	24	31	27	34	33	28	21	29	38	40	26	42	43	24	22	33	46
Y_scaffold2	367951	31	28	19	30	26	24	24	30	27	34	33	28	19	29	38	39	26	42	43	24	22	34	48
Y_scaffold2	367952	31	28	19	29	26	24	24	31	27	33	33	28	20	28	36	39	26	40	43	24	22	33	49
Y_scaffold2	367953	31	28	18	29	26	25	24	30	28	31	33	30	20	28	36	40	27	39	44	24	22	34	49
Y_scaffold2	367954	31	28	18	30	26	25	25	30	28	31	33	29	19	26	36	39	26	39	44	24	22	34	49
Y_scaffold2	367955	31	28	18	31	27	24	25	31	28	32	33	29	19	26	37	41	26	39	44	23	22	35	49
Y_scaffold2	367956	31	28	16	31	27	25	25	31	28	32	32	29	18	26	38	42	27	39	43	24	22	34	49
Y_scaffold2	367957	31	27	16	31	27	25	27	31	28	33	32	30	18	27	38	42	26	38	42	24	22	35	49
Y_scaffold2	367958	31	27	17	31	27	23	27	30	28	32	32	30	18	26	39	40	25	37	42	25	22	36	49
Y_scaffold2	367959	31	27	18	31	27	24	28	31	28	32	32	29	18	26	38	39	25	37	41	26	22	36	49
Y_scaffold2	367960	31	26	19	32	27	24	28	31	27	31	32	30	18	26	38	39	25	37	40	26	22	36	48
Y_scaffold2	367961	32	26	20	32	27	24	28	31	28	31	33	29	18	26	38	39	25	35	40	26	22	36	48
Y_scaffold2	367962	32	26	20	31	27	23	29	30	27	32	34	28	18	26	39	39	25	36	39	26	22	38	46
Y_scaffold2	367963	32	26	20	30	28	23	29	30	26	32	34	28	19	25	39	39	27	36	39	26	22	38	45
Y_scaffold2	367964	32	26	19	30	28	22	28	31	25	32	34	30	19	25	39	39	26	36	39	26	22	38	45
Y_scaffold2	367965	32	26	19	30	28	22	27	31	25	32	34	30	19	25	39	39	26	36	38	26	22	38	45
Y_scaffold2	367966	31	27	19	30	28	21	27	32	28	32	34	31	20	25	39	39	26	37	37	28	22	39	46
Y_scaffold2	367967	31	27	18	31	27	21	26	32	28	32	34	31	20	25	40	39	26	37	36	28	22	39	46
Y_scaffold2	367968	31	27	18	31	27	22	27	32	29	33	34	31	20	25	39	39	26	38	36	29	22	39	46
Y_scaffold2	367969	32	27	18	31	27	22	27	32	30	33	34	31	20	24	40	39	26	36	35	29	22	38	46
Y_scaffold2	367970	31	27	17	30	27	22	28	32	29	33	33	31	21	24	40	39	26	35	35	27	22	38	45
Y_scaffold2	367971	31	27	17	30	27	22	28	32	29	33	32	31	21	24	41	38	26	35	35	28	22	38	46
Y_scaffold2	367972	31	27	17	30	27	22	28	32	29	33	32	31	21	24	41	39	26	35	34	29	22	37	46
Y_scaffold2	367973	31	28	17	31	27	23	29	32	29	34	33	30	23	22	41	39	26	35	34	29	22	36	46
Y_scaffold2	367974	32	28	17	30	26	23	29	32	29	33	33	30	22	22	40	39	26	36	33	27	22	36	45
Y_scaffold2	367975	32	28	17	30	26	23	28	32	31	33	33	32	22	22	39	38	26	36	34	27	20	35	45
Y_scaffold2	367976	32	28	17	30	26	22	28	32	31	33	33	32	21	22	39	37	26	36	34	26	20	36	45
Y_scaffold2	367977	31	28	17	30	26	22	28	33	30	34	33	32	21	22	39	36	27	37	34	26	20	35	44
Y_scaffold2	367978	31	28	18	31	26	23	28	34	31	35	33	33	21	22	40	36	27	37	34	26	21	36	44
Y_scaffold2	367979	31	28	19	31	25	23	28	35	31	35	33	33	21	22	40	37	27	37	37	26	20	37	44
Y_scaffold2	367980	33	29	19	31	25	23	28	35	31	35	33	33	21	22	40	38	27	37	37	26	20	37	44
Y_scaffold2	367981	32	30	19	30	24	22	27	35	31	36	34	33	21	22	40	38	27	36	37	26	20	35	44
Y_scaffold2	367982	32	30	19	30	24	24	28	35	31	36	35	33	21	24	40	38	27	36	38	26	21	35	44
Y_scaffold2	367983	31	30	19	30	24	24	28	35	31	36	35	33	21	24	40	37	26	36	38	26	21	36	43
Y_scaffold2	367984	31	29	20	31	24	22	28	35	31	36	35	33	21	24	40	38	26	36	38	26	22	36	43
Y_scaffold2	367985	30	28	20	31	24	22	28	35	31	36	37	33	21	24	40	38	26	36	38	26	23	36	41
Y_scaffold2	367986	30	28	20	31	25	22	28	35	31	35	37	33	21	24	39	38	26	36	39	28	23	36	40
Y_scaffold2	367987	29	27	20	31	24	22	27	35	31	35	37	34	21	24	39	38	26	35	39	26	23	35	40
Y_scaffold2	367988	29	27	20	31	24	22	27	35	31	35	37	35	21	24	38	38	26	35	39	26	23	35	40
Y_scaffold2	367989	29	27	20	31	24	22	26	36	32	35	37	35	21	24	38	38	26	34	39	26	24	36	41
Y_scaffold2	367990	29	26	20	31	25	23	27	36	32	35	37	37	21	24	39	38	26	34	40	26	24	36	41
Y_scaffold2	367991	29	26	20	31	25	23	29	36	32	35	38	38	21	23	39	41	27	35	41	26	24	36	41
Y_scaffold2	367992	29	26	20	31	24	23	28	36	32	35	38	37	21	23	39	41	27	35	41	26	24	36	42
Y_scaffold2	367993	29	26	20	30	25	23	29	36	32	35	38	36	21	24	40	41	27	35	42	26	24	35	41
Y_scaffold2	367994	28	26	20	29	25	23	29	36	32	33	38	35	19	24	39	42	26	35	44	26	23	34	41
Y_scaffold2	367995	28	26	20	29	25	23	29	37	32	34	38	35	19	24	40	43	26	35	45	26	23	34	40
Y_scaffold2	367996	28	26	20	29	25	23	29	37	32	34	37	35	20	24	40	44	26	35	45	26	22	35	40
Y_scaffold2	367997	28	26	20	28	25	23	29	37	32	34	37	35	20	25	40	44	26	35	46	26	22	35	40
Y_scaffold2	367998	28	26	21	29	25	23	29	38	32	34	34	35	20	25	40	43	26	34	46	26	22	35	40
Y_scaffold2	367999	28	25	21	29	25	22	29	38	32	33	34	35	20	25	40	43	26	33	46	26	23	35	40
Y_scaffold2	368000	27	25	21	29	25	22	28	38	32	33	34	35	20	25	40	43	26	34	46	26	23	35	39
Y_scaffold2	368001	27	25	23	29	25	22	29	38	33	34	33	35	20	25	41	43	27	35	48	27	25	36	39
Y_scaffold2	368002	28	25	24	29	24	22	30	37	34	34	33	35	20	25	40	43	27	34	48	27	25	36	38
Y_scaffold2	368003	28	25	24	29	24	22	30	37	34	34	32	35	21	25	40	43	27	34	48	28	25	37	38
Y_scaffold2	368004	28	26	24	29	24	22	30	37	34	34	32	35	21	25	39	42	27	33	48	28	25	37	39
Y_scaffold2	368005	28	26	24	30	23	22	30	37	34	34	32	36	22	24	39	42	27	34	48	28	25	36	39
Y_scaffold2	368006	28	26	24	30	22	23	30	37	34	34	31	36	22	24	40	42	27	33	48	26	25	36	38
Y_scaffold2	368007	28	26	24	31	22	23	30	38	34	35	30	35	22	24	41	42	27	33	47	26	25	36	38
Y_scaffold2	368008	28	25	24	31	22	23	30	38	34	36	30	35	21	23	41	42	27	31	46	26	24	36	38
Y_scaffold2	368009	29	25	25	31	22	23	30	38	34	36	30	35	21	22	41	42	27	31	46	26	24	35	38
Y_scaffold2	368010	29	25	26	33	23	23	31	38	34	36	31	35	22	22	41	43	26	31	47	26	24	35	39
Y_scaffold2	368011	29	25	26	33	23	23	31	38	34	36	31	35	22	23	42	43	26	31	48	26	24	35	39
Y_scaffold2	368012	29	23	25	33	23	22	31	37	34	36	32	35	23	23	42	43	26	30	46	26	24	35	39
Y_scaffold2	368013	28	23	25	33	22	24	31	37	34	36	32	35	23	23	43	43	26	31	46	26	25	36	39
Y_scaffold2	368014	28	22	25	33	21	24	31	37	34	36	32	35	22	23	43	43	26	32	45	26	25	36	39
Y_scaffold2	368015	28	22	27	33	21	24	31	38	34	36	32	35	21	24	43	44	26	32	45	26	25	37	38
Y_scaffold2	368016	28	21	26	32	21	24	31	38	33	36	31	35	21	24	42	44	26	32	45	25	25	35	38
Y_scaffold2	368017	28	21	27	32	21	24	30	37	33	35	31	35	21	24	41	44	25	32	45	25	26	36	37
Y_scaffold2	368018	28	21	27	32	21	24	31	37	34	35	32	35	22	26	41	44	25	32	47	24	26	36	37
Y_scaffold2	368019	28	21	28	33	21	23	31	37	34	35	32	34	22	26	40	42	24	32	48	24	25	35	36
Y_scaffold2	368020	28	21	28	33	21	23	31	37	34	36	32	34	22	26	42	41	24	32	48	24	25	35	37
Y_scaffold2	368021	28	21	28	34	22	23	31	37	33	35	32	34	23	26	43	41	24	32	48	24	26	35	37
Y_scaffold2	368022	27	21	28	34	22	23	31	37	33	35	32	34	23	27	44	41	25	31	47	24	26	34	36
Y_scaffold2	368023	26	21	28	34	22	23	30	37	31	35	32	34	23	27	44	41	25	31	47	24	26	34	35
Y_scaffold2	368024	26	20	28	34	22	23	32	37	31	35	33	33	22	27	44	41	25	31	47	24	26	34	35
Y_scaffold2	368025	26	20	28	34	22	23	32	37	32	35	33	34	22	27	44	41	25	31	45	24	26	35	35
Y_scaffold2	368026	26	20	28	34	22	23	32	37	31	35	33	34	22	27	44	40	24	30	45	24	26	34	35
Y_scaffold2	368027	25	20	29	34	22	24	31	37	31	36	32	33	22	27	45	40	23	30	45	24	26	33	35
Y_scaffold2	368028	25	20	29	34	23	25	31	37	31	36	33	33	21	27	45	40	24	32	46	24	26	33	36
Y_scaffold2	368029	26	19	29	34	23	25	31	36	31	36	34	33	21	27	45	41	24	32	46	24	26	33	36
Y_scaffold2	368030	26	19	29	34	23	25	31	35	31	36	34	33	21	27	45	41	24	32	45	24	25	33	35
Y_scaffold2	368031	26	19	29	34	23	25	31	35	30	36	34	33	21	26	44	41	23	32	46	24	25	33	35
Y_scaffold2	368032	26	19	29	34	23	25	31	35	30	36	33	33	21	26	44	41	23	32	45	24	25	32	35
Y_scaffold2	368033	27	22	29	35	24	25	31	36	30	36	32	33	21	26	44	41	23	32	45	25	25	32	35
Y_scaffold2	368034	27	22	29	36	25	25	31	36	30	36	32	33	21	26	44	41	23	33	45	25	25	33	35
Y_scaffold2	368035	27	22	29	36	26	25	30	37	30	35	32	33	21	26	43	41	23	33	44	25	25	33	35
Y_scaffold2	368036	27	21	29	36	25	24	29	35	28	34	32	33	21	26	42	41	25	33	42	25	25	33	35
Y_scaffold2	368037	27	22	29	35	24	25	29	35	29	34	32	33	21	26	42	41	25	33	41	25	25	33	36
Y_scaffold2	368038	26	22	29	35	24	26	29	35	29	33	32	33	22	26	42	41	25	32	40	25	25	33	36
Y_scaffold2	368039	26	22	29	35	23	27	29	36	29	33	31	33	22	26	42	40	26	32	40	25	25	33	36
Y_scaffold2	368040	26	22	29	35	23	27	29	36	29	33	31	33	22	26	41	40	27	32	39	24	24	33	34
Y_scaffold2	368041	25	22	29	35	23	27	29	36	29	33	30	33	21	26	41	40	27	32	39	24	23	33	34
Y_scaffold2	368042	25	22	30	35	22	28	29	37	30	32	30	34	22	26	42	39	28	32	37	24	23	33	33
Y_scaffold2	368043	25	22	30	35	22	28	29	37	30	31	30	34	23	26	42	38	28	33	37	24	23	33	33
Y_scaffold2	368044	25	22	30	35	22	28	29	37	30	31	30	34	23	26	42	38	29	34	37	24	23	33	33
Y_scaffold2	368045	26	22	30	35	22	28	29	37	30	31	29	35	23	26	43	38	30	34	37	24	22	34	32
Y_scaffold2	368046	25	22	30	35	22	28	29	38	30	30	29	35	23	26	42	38	30	33	37	24	21	34	31
Y_scaffold2	368047	25	22	30	36	22	28	28	38	30	30	29	35	23	26	43	38	30	33	37	25	21	35	31
Y_scaffold2	368048	25	22	30	36	23	28	28	38	30	30	29	37	23	26	43	37	30	33	37	25	21	35	31
Y_scaffold2	368049	26	22	30	35	23	28	28	38	30	30	28	37	23	25	43	37	30	33	36	25	21	35	31
Y_scaffold2	368050	26	22	30	35	23	28	29	35	30	30	28	37	24	25	43	39	30	33	36	25	20	36	30
Y_scaffold2	368051	25	22	30	35	23	27	29	35	30	29	28	38	24	26	43	40	30	32	35	25	20	36	29
Y_scaffold2	368052	25	22	30	36	23	27	29	35	31	29	28	38	24	26	43	40	30	32	35	24	20	36	29
Y_scaffold2	368053	25	22	30	36	23	27	29	35	31	29	27	38	24	26	43	40	29	32	35	24	20	36	30
Y_scaffold2	368054	25	22	30	37	23	27	28	35	31	29	27	37	24	26	43	40	29	32	35	24	20	36	30
Y_scaffold2	368055	25	22	30	37	23	27	28	35	31	29	27	37	24	25	42	40	28	32	35	23	20	36	31
Y_scaffold2	368056	25	22	30	37	23	27	27	35	31	29	26	37	24	25	42	40	28	32	35	23	20	36	31
Y_scaffold2	368057	27	22	31	38	23	27	28	35	32	28	26	37	25	25	44	39	29	31	35	23	20	37	32
Y_scaffold2	368058	27	22	31	38	23	27	28	35	32	25	26	37	26	25	43	39	29	30	35	23	20	37	32
Y_scaffold2	368059	26	22	31	38	23	27	28	35	31	25	26	37	27	25	43	39	29	32	35	23	19	37	32
Y_scaffold2	368060	26	22	31	38	23	27	28	34	32	26	26	37	27	25	43	39	29	32	35	23	19	37	32
Y_scaffold2	368061	26	22	31	38	23	27	28	33	33	25	26	37	27	26	42	38	29	31	35	23	19	37	32
Y_scaffold2	368062	25	23	30	38	23	28	25	33	33	25	26	37	27	26	42	38	29	31	35	24	19	37	32
Y_scaffold2	368063	26	23	30	38	23	28	26	32	33	25	24	38	27	26	42	39	29	30	35	24	19	37	31
Y_scaffold2	368064	26	23	29	38	23	28	26	32	33	25	24	38	27	27	43	39	29	31	35	23	19	38	30
Y_scaffold2	368065	26	23	29	38	23	27	25	31	33	26	25	38	27	27	43	39	29	31	35	23	19	38	31
Y_scaffold2	368066	26	22	29	38	23	27	24	31	34	26	23	37	27	27	43	38	29	30	35	22	18	38	32
Y_scaffold2	368067	26	22	30	38	23	28	24	31	34	25	24	37	26	28	42	38	28	30	34	23	18	38	32
Y_scaffold2	368068	25	21	30	37	23	29	24	31	34	25	24	37	26	28	42	38	28	30	34	23	17	38	32
Y_scaffold2	368069	25	21	30	35	23	29	24	31	34	25	24	37	26	28	42	38	28	30	35	23	16	39	32
Y_scaffold2	368070	25	22	29	35	22	29	24	30	34	25	24	37	25	28	41	38	27	31	37	23	15	40	32
Y_scaffold2	368071	25	23	29	35	22	30	24	30	34	25	24	37	28	28	41	38	27	31	37	23	15	40	32
Y_scaffold2	368072	25	23	27	35	22	30	24	29	34	25	24	37	28	27	42	38	27	31	37	22	15	40	33
Y_scaffold2	368073	25	23	27	34	21	30	24	30	34	25	24	35	28	26	42	37	26	31	36	22	15	40	33
Y_scaffold2	368074	25	23	27	32	21	30	24	30	34	25	24	36	28	26	43	37	27	31	36	22	15	40	34
Y_scaffold2	368075	24	23	27	32	21	30	24	30	34	25	23	35	29	26	42	36	27	31	36	22	15	40	34
Y_scaffold2	368076	24	25	27	32	21	31	24	29	34	26	23	35	29	26	45	35	27	31	37	22	15	40	35
Y_scaffold2	368077	24	25	27	32	21	32	24	29	34	26	24	36	29	25	45	35	27	29	37	21	17	40	35
Y_scaffold2	368078	24	23	27	31	21	31	24	29	34	27	23	34	29	25	44	35	27	29	37	21	17	39	34
Y_scaffold2	368079	24	23	27	30	21	31	24	28	36	27	23	34	29	24	44	35	29	29	37	22	17	39	34
Y_scaffold2	368080	24	23	27	30	21	31	24	28	36	26	24	34	28	24	44	36	29	31	37	21	17	39	35
Y_scaffold2	368081	24	22	27	30	21	30	24	28	35	26	24	34	28	23	44	37	29	30	36	21	17	39	36
Y_scaffold2	368082	23	21	27	29	21	30	24	28	35	26	24	34	28	23	44	37	30	31	36	21	16	38	35
Y_scaffold2	368083	23	21	27	29	21	30	24	27	35	26	24	34	28	23	44	34	30	30	35	21	15	37	35
Y_scaffold2	368084	23	21	27	29	21	29	24	27	35	26	24	34	28	23	44	33	30	30	35	21	15	37	36
Y_scaffold2	368085	23	21	27	29	21	29	25	28	35	26	25	34	28	23	43	33	30	30	34	21	15	37	36
Y_scaffold2	368086	23	21	25	28	21	29	26	28	35	27	25	34	29	23	43	32	30	30	34	21	15	37	36
Y_scaffold2	368087	23	21	26	28	21	29	26	28	35	27	25	33	28	23	42	33	29	30	33	21	15	36	36
Y_scaffold2	368088	23	20	26	27	20	29	27	30	35	27	25	35	28	22	42	31	29	29	32	21	15	36	33
Y_scaffold2	368089	23	20	26	27	20	29	26	31	35	27	25	35	28	23	42	31	30	29	32	21	15	36	33
Y_scaffold2	368090	23	20	27	27	20	28	26	31	35	27	25	35	29	22	43	31	30	29	32	21	15	36	33
Y_scaffold2	368091	24	20	29	27	20	28	26	31	34	27	25	36	29	22	42	31	29	31	33	21	15	37	34
Y_scaffold2	368092	24	20	30	28	20	28	27	31	34	27	26	36	29	22	44	30	29	31	33	23	16	38	35
Y_scaffold2	368093	24	20	30	28	20	28	27	31	33	26	26	36	29	22	42	30	29	32	33	23	16	37	36
Y_scaffold2	368094	23	20	30	29	20	29	27	31	33	24	25	35	29	23	42	30	29	32	33	23	16	36	36
Y_scaffold2	368095	24	19	30	27	20	28	27	31	31	24	24	35	30	24	42	28	28	32	33	24	16	36	36
Y_scaffold2	368096	24	18	30	27	20	29	27	31	30	24	24	36	30	23	42	27	28	32	34	26	16	36	36
Y_scaffold2	368097	26	18	30	27	21	29	27	30	29	23	24	36	30	22	42	27	29	32	33	26	16	36	36
Y_scaffold2	368098	26	18	30	27	21	29	28	30	28	23	24	36	30	22	42	28	29	32	33	26	16	34	36
Y_scaffold2	368099	25	18	29	26	19	29	29	29	27	22	25	36	30	22	42	28	29	34	33	28	17	34	36
Y_scaffold2	368100	26	18	29	26	18	29	31	30	28	22	24	36	29	22	43	29	29	34	33	28	17	34	36
Y_scaffold2	368101	26	18	29	27	18	29	31	30	28	22	24	37	31	22	43	29	30	34	33	28	17	33	34
Y_scaffold2	368102	27	18	30	27	18	29	31	29	27	22	24	36	30	23	43	28	30	35	33	28	17	34	33
Y_scaffold2	368103	29	18	30	27	19	28	30	29	27	22	24	35	30	22	43	29	29	35	32	28	17	33	33
Y_scaffold2	368104	29	18	30	26	19	28	30	28	27	21	25	35	30	22	42	28	29	35	33	28	17	33	35
Y_scaffold2	368105	29	19	30	25	18	29	30	28	27	20	25	35	30	22	41	27	29	36	33	28	17	32	35
Y_scaffold2	368106	29	19	30	25	17	28	30	28	27	20	25	34	30	22	40	26	28	36	33	27	17	32	35
Y_scaffold2	368107	29	19	30	25	17	28	28	28	27	20	26	34	30	21	39	26	28	37	33	27	18	31	35
Y_scaffold2	368108	29	19	28	25	18	28	28	28	28	21	26	34	30	21	39	26	28	37	34	26	18	31	35
Y_scaffold2	368109	29	19	28	25	18	27	28	27	28	21	26	34	30	21	39	26	29	37	34	25	18	32	35
Y_scaffold2	368110	29	19	27	24	17	27	28	27	28	21	26	33	30	23	38	26	29	38	34	25	18	32	35
Y_scaffold2	368111	28	19	26	24	17	27	28	27	27	22	25	33	30	23	38	26	30	39	34	25	18	32	35
Y_scaffold2	368112	28	19	27	24	16	27	28	26	27	21	24	33	29	23	38	26	30	38	34	25	18	31	36
Y_scaffold2	368113	28	19	28	24	16	27	28	27	27	21	24	34	29	23	38	26	30	38	34	25	19	30	36
Y_scaffold2	368114	28	19	28	24	16	27	29	26	25	21	24	33	30	23	38	26	30	37	34	25	19	30	37
Y_scaffold2	368115	29	19	28	24	18	27	29	26	26	21	24	32	30	23	38	26	29	38	34	24	20	29	36
Y_scaffold2	368116	29	18	30	24	20	27	29	26	26	21	26	33	29	23	39	26	30	38	36	24	21	30	37
Y_scaffold2	368117	30	18	30	23	20	27	28	26	26	21	25	33	31	23	38	26	30	38	37	23	21	31	38
Y_scaffold2	368118	31	18	30	23	21	28	28	26	25	20	25	33	31	22	39	26	30	37	37	23	21	31	38
Y_scaffold2	368119	30	18	30	23	21	28	28	26	24	20	26	33	31	23	38	26	31	38	38	23	21	32	38
Y_scaffold2	368120	31	20	30	23	21	29	27	26	25	20	26	33	31	23	38	26	32	38	38	23	21	33	39
Y_scaffold2	368121	31	20	30	24	21	30	27	26	25	20	26	33	31	23	38	26	32	38	39	22	21	33	38
Y_scaffold2	368122	31	20	30	24	21	31	27	26	25	20	26	33	31	23	38	25	32	39	39	21	21	33	38
Y_scaffold2	368123	32	20	31	23	22	30	26	26	25	20	25	33	30	23	38	25	32	39	41	22	21	33	38
Y_scaffold2	368124	31	20	31	23	23	30	26	27	25	21	25	33	31	23	38	25	32	38	41	22	21	33	38
Y_scaffold2	368125	32	21	31	23	23	31	27	29	24	23	25	31	33	23	40	27	32	40	41	22	21	34	39
Y_scaffold2	368126	32	21	32	23	24	30	27	29	24	23	25	32	34	22	41	27	32	39	41	22	21	33	38
Y_scaffold2	368127	31	20	32	22	23	30	27	27	24	21	26	31	34	22	40	27	30	40	39	21	19	32	38
Y_scaffold2	368128	31	20	31	23	23	29	27	26	23	21	26	31	34	22	40	27	31	40	39	21	19	32	38
Y_scaffold2	368129	31	20	31	23	23	29	27	25	23	21	26	31	34	22	40	26	31	40	39	21	19	32	38
Y_scaffold2	368130	30	20	31	24	24	29	27	25	23	22	26	31	35	22	41	25	31	40	39	24	19	32	40
Y_scaffold2	368131	30	19	31	24	24	29	27	25	23	21	25	31	35	21	42	25	32	40	39	24	19	32	40
Y_scaffold2	368132	30	19	32	24	24	27	26	25	23	21	24	33	35	20	43	25	32	40	38	24	18	33	40
Y_scaffold2	368133	31	20	31	23	23	27	26	25	23	21	22	34	35	21	44	24	33	40	38	23	17	32	40
Y_scaffold2	368134	31	21	31	24	23	27	27	25	24	21	24	35	36	22	44	26	33	41	38	23	18	32	41
Y_scaffold2	368135	31	21	31	24	23	27	27	26	24	21	25	35	36	24	44	26	33	41	37	23	18	32	41
Y_scaffold2	368136	31	21	31	25	23	27	28	26	24	22	25	36	36	24	44	26	33	42	37	22	18	33	41
Y_scaffold2	368137	31	21	31	25	23	27	28	27	24	22	26	35	36	26	44	26	33	42	37	22	19	33	41
Y_scaffold2	368138	31	21	31	26	23	28	28	26	23	22	26	34	36	26	44	26	33	42	37	22	19	31	40
Y_scaffold2	368139	31	21	31	26	23	28	28	26	23	22	26	35	36	27	44	26	34	42	36	22	18	31	41
Y_scaffold2	368140	33	22	32	26	22	29	27	26	24	24	26	34	36	27	43	26	34	43	36	22	18	32	40
Y_scaffold2	368141	33	22	31	26	23	30	25	26	24	24	25	33	36	27	43	23	34	42	35	22	18	32	40
Y_scaffold2	368142	33	22	31	26	23	30	25	26	24	25	25	34	36	28	43	23	35	43	35	22	18	32	39
Y_scaffold2	368143	33	22	30	26	22	30	24	26	24	25	25	35	36	27	42	23	35	44	35	22	18	32	39
Y_scaffold2	368144	33	21	30	26	22	30	25	27	24	25	25	34	36	27	42	22	36	46	33	22	18	32	39
Y_scaffold2	368145	33	21	30	26	22	31	25	27	26	24	25	34	36	27	41	21	36	46	33	22	18	33	39
Y_scaffold2	368146	33	21	30	27	22	31	25	27	26	24	25	34	35	27	42	20	37	46	33	22	18	33	40
Y_scaffold2	368147	33	21	30	27	22	31	25	27	26	24	26	34	35	27	42	20	37	47	32	22	20	34	39
Y_scaffold2	368148	33	21	30	26	22	32	26	26	26	24	26	34	35	28	42	20	37	47	32	21	20	34	39
Y_scaffold2	368149	33	21	30	25	22	32	25	26	26	24	26	34	35	28	42	20	37	48	32	22	19	34	39
Y_scaffold2	368150	34	21	29	25	22	32	26	26	26	24	26	34	36	28	43	21	36	47	31	21	20	34	39
Y_scaffold2	368151	35	22	29	25	22	32	26	26	26	23	26	34	36	28	42	21	38	46	30	22	19	35	40
Y_scaffold2	368152	34	23	28	25	22	32	26	27	26	23	26	34	36	28	43	21	38	46	30	22	19	35	40
Y_scaffold2	368153	34	23	28	26	22	32	26	27	26	23	26	34	35	28	43	23	38	46	31	21	20	35	40
Y_scaffold2	368154	34	22	29	26	22	32	26	29	26	23	26	34	35	28	44	24	38	46	31	24	20	35	39
Y_scaffold2	368155	34	22	30	25	23	32	26	29	27	23	26	33	35	28	44	22	38	45	31	24	20	36	40
Y_scaffold2	368156	35	22	31	25	23	32	26	29	26	23	27	33	36	28	43	22	37	45	31	24	20	38	41
Y_scaffold2	368157	35	22	31	24	23	32	26	28	26	22	28	33	36	28	43	22	37	45	30	24	20	38	41
Y_scaffold2	368158	35	22	31	25	23	32	26	28	26	21	28	33	36	28	43	22	37	45	30	24	20	39	41
Y_scaffold2	368159	35	23	30	25	23	32	25	28	26	21	28	33	36	30	44	23	37	45	30	24	20	39	40
Y_scaffold2	368160	36	23	30	23	22	32	25	29	27	21	28	34	35	30	44	23	37	47	31	24	23	39	39
Y_scaffold2	368161	36	23	30	23	22	31	25	30	27	21	28	34	36	30	43	23	37	47	30	24	22	39	40
Y_scaffold2	368162	36	23	31	23	22	30	25	30	28	21	27	34	35	30	43	23	37	48	30	24	21	39	40
Y_scaffold2	368163	36	23	31	23	22	31	25	30	28	23	28	33	35	31	42	23	37	48	30	24	22	39	40
Y_scaffold2	368164	36	23	29	23	22	31	25	30	28	23	28	33	35	31	42	22	38	48	30	24	22	38	40
Y_scaffold2	368165	36	23	29	23	23	32	25	29	28	23	28	33	35	31	44	22	38	48	30	24	22	39	40
Y_scaffold2	368166	37	23	30	22	23	32	25	29	27	23	28	33	35	30	45	23	39	48	31	24	22	40	40
Y_scaffold2	368167	36	23	28	22	23	32	25	29	26	24	28	33	35	28	44	24	40	48	29	24	21	40	40
Y_scaffold2	368168	37	23	28	21	23	32	25	29	26	24	27	34	34	28	44	24	41	48	30	24	21	41	40
Y_scaffold2	368169	37	23	28	21	23	32	25	29	26	23	27	34	34	28	44	24	41	48	29	24	21	41	40
Y_scaffold2	368170	37	24	28	21	23	33	25	30	26	23	27	35	34	28	42	24	41	48	29	24	21	43	38
Y_scaffold2	368171	37	24	27	20	22	33	25	30	27	23	27	35	33	28	42	24	41	48	29	24	20	43	38
Y_scaffold2	368172	38	25	27	20	24	33	25	30	28	24	27	35	34	27	41	25	40	48	29	24	20	43	38
Y_scaffold2	368173	38	25	27	20	24	33	25	30	28	24	27	35	34	27	41	25	40	48	29	24	20	43	38
Y_scaffold2	368174	38	25	28	20	24	33	24	30	28	24	26	34	34	27	41	24	40	48	30	24	20	44	37
Y_scaffold2	368175	38	25	28	20	26	33	24	31	27	23	26	34	34	28	41	24	40	49	31	24	21	43	37
Y_scaffold2	368176	38	25	29	19	25	33	24	31	27	23	25	34	34	28	41	24	40	49	31	24	21	43	37
Y_scaffold2	368177	38	25	29	20	26	32	24	31	27	25	24	34	34	28	41	24	40	49	32	24	22	44	36
Y_scaffold2	368178	37	25	29	20	28	32	24	31	27	25	24	34	34	29	41	24	40	48	32	24	22	44	36
Y_scaffold2	368179	38	25	29	20	28	32	24	31	27	25	23	34	34	29	41	23	41	48	32	24	22	44	36
Y_scaffold2	368180	38	25	29	20	28	32	24	31	27	25	23	34	34	29	40	23	41	48	32	24	22	44	36
Y_scaffold2	368181	37	23	29	19	28	32	24	30	27	26	24	34	34	29	40	23	42	48	31	23	22	44	37
Y_scaffold2	368182	37	23	31	19	28	32	24	30	28	26	24	34	34	29	41	23	42	48	30	23	22	44	37
Y_scaffold2	368183	37	24	31	19	28	33	24	30	28	26	24	35	34	29	43	23	42	48	30	23	22	44	37
Y_scaffold2	368184	36	23	31	18	27	33	24	30	28	26	24	35	34	29	43	23	42	47	31	23	22	43	37
Y_scaffold2	368185	36	22	31	18	26	31	24	29	28	26	25	35	34	29	43	23	44	47	31	23	22	43	36
Y_scaffold2	368186	36	22	32	18	26	31	24	29	28	26	25	36	34	30	43	23	42	47	32	23	22	43	36
Y_scaffold2	368187	36	22	32	18	26	31	24	29	27	26	25	36	34	30	44	23	42	47	32	23	22	43	35
Y_scaffold2	368188	36	22	32	18	26	32	24	29	28	26	26	36	34	30	45	23	42	47	32	23	22	43	35
Y_scaffold2	368189	36	21	32	18	26	32	24	29	28	27	26	36	34	30	45	23	41	47	33	23	22	43	36
Y_scaffold2	368190	36	21	31	18	26	32	24	32	29	27	26	36	35	30	45	23	40	48	33	23	23	44	37
Y_scaffold2	368191	37	21	31	18	26	32	24	32	29	27	26	36	35	30	45	24	40	47	33	23	23	44	37
Y_scaffold2	368192	37	21	31	18	26	32	24	31	28	27	26	35	33	30	45	24	39	48	33	24	23	44	37
Y_scaffold2	368193	37	24	31	18	27	32	24	33	29	27	26	35	32	30	45	24	39	48	33	24	23	44	38
Y_scaffold2	368194	37	25	31	18	27	32	24	33	29	27	26	35	32	30	45	24	38	47	34	24	23	44	39
Y_scaffold2	368195	38	25	31	18	27	32	25	34	29	27	26	34	32	31	44	24	37	47	34	24	23	45	39
Y_scaffold2	368196	38	25	31	18	27	32	25	33	29	27	26	34	33	31	44	24	37	47	34	23	23	44	40
Y_scaffold2	368197	38	25	32	18	26	32	25	33	29	27	26	33	34	31	43	24	38	47	34	23	23	44	40
Y_scaffold2	368198	38	25	32	18	26	32	25	33	29	27	27	32	34	31	43	24	38	47	35	23	23	44	40
Y_scaffold2	368199	37	25	33	18	26	32	24	33	29	27	27	32	33	31	43	23	38	47	35	23	23	44	40
Y_scaffold2	368200	37	25	33	18	26	32	24	33	29	26	27	32	33	31	43	22	39	48	35	23	23	44	40
Y_scaffold2	368201	37	26	33	17	27	33	24	33	30	26	27	30	33	31	43	21	39	47	35	23	23	44	41
Y_scaffold2	368202	37	26	33	17	27	33	24	33	31	28	27	30	33	31	43	21	39	47	35	23	23	44	41
Y_scaffold2	368203	37	26	33	16	27	33	23	33	31	28	27	31	33	31	44	21	39	47	35	23	23	45	40
Y_scaffold2	368204	37	26	33	15	27	33	23	34	31	28	27	31	33	31	44	21	39	47	35	23	23	45	40
Y_scaffold2	368205	38	26	32	14	27	33	24	36	31	28	27	33	33	31	43	21	39	49	35	23	23	45	38
Y_scaffold2	368206	38	26	32	14	27	33	24	36	31	28	27	33	33	31	43	21	39	49	36	24	23	45	38
Y_scaffold2	368207	37	26	32	15	26	35	24	36	30	28	27	33	32	31	43	21	38	50	36	23	24	45	38
Y_scaffold2	368208	37	26	33	16	26	36	23	36	32	28	27	33	30	32	43	21	39	49	36	23	24	45	39
Y_scaffold2	368209	37	26	32	16	26	36	24	37	32	28	27	33	30	33	42	21	39	48	38	23	25	46	39
Y_scaffold2	368210	36	26	33	16	26	36	24	37	31	27	27	35	30	32	42	22	38	48	38	23	25	46	39
Y_scaffold2	368211	36	26	33	16	26	35	24	37	30	27	27	34	30	32	42	22	38	48	38	22	25	46	39
Y_scaffold2	368212	36	26	33	16	26	35	24	37	30	27	27	34	30	32	42	22	38	48	38	22	25	46	39
Y_scaffold2	368213	35	26	33	16	26	35	23	37	30	27	26	33	30	32	42	21	38	48	38	22	25	46	39
Y_scaffold2	368214	35	25	32	17	26	35	23	37	30	26	26	33	31	32	42	21	39	47	39	23	25	45	40
Y_scaffold2	368215	35	25	32	17	26	35	23	37	29	26	25	33	31	32	42	21	39	46	39	22	25	44	39
Y_scaffold2	368216	35	25	32	18	26	35	23	35	29	26	24	33	31	32	42	21	39	46	40	22	25	44	38
Y_scaffold2	368217	36	25	32	18	26	34	23	35	29	27	26	33	31	31	42	21	39	46	40	22	26	45	39
Y_scaffold2	368218	36	25	32	18	26	32	23	35	30	27	26	33	31	31	42	21	39	46	41	22	26	45	40
Y_scaffold2	368219	36	25	33	18	26	32	23	35	30	27	26	33	33	31	42	21	40	45	39	22	26	43	40
Y_scaffold2	368220	37	25	33	19	26	33	23	36	30	27	26	33	33	31	42	23	42	45	38	23	27	43	40
Y_scaffold2	368221	37	24	33	19	26	32	23	36	31	27	26	32	30	31	42	23	42	45	39	23	27	43	40
Y_scaffold2	368222	37	24	34	19	26	32	23	36	32	27	26	32	30	31	42	24	42	45	39	23	27	43	39
Y_scaffold2	368223	37	25	34	19	27	33	23	35	32	28	26	33	30	30	43	26	42	45	38	23	27	44	39
Y_scaffold2	368224	37	24	34	19	27	33	23	35	32	28	26	32	30	30	41	26	42	45	39	23	27	44	38
Y_scaffold2	368225	37	23	34	19	27	32	23	35	32	28	26	32	29	31	39	26	42	45	39	23	27	44	38
Y_scaffold2	368226	37	24	35	19	27	33	23	35	33	28	26	33	29	32	39	26	44	45	39	23	26	45	38
Y_scaffold2	368227	37	24	35	19	27	32	24	35	34	28	26	32	29	32	39	26	44	45	39	23	25	45	38
Y_scaffold2	368228	36	24	35	19	27	32	24	35	34	28	26	32	29	32	39	26	44	45	39	23	25	45	38
Y_scaffold2	368229	35	25	35	19	27	32	24	35	32	28	25	33	29	32	39	27	42	45	39	22	25	46	39
Y_scaffold2	368230	35	25	35	19	27	32	24	35	32	28	25	33	29	32	39	26	42	43	40	21	25	46	38
Y_scaffold2	368231	35	25	35	19	27	32	24	36	32	28	25	33	29	32	39	25	42	43	40	21	25	46	36
Y_scaffold2	368232	35	26	35	19	27	32	24	36	32	29	25	33	29	32	39	25	41	43	41	21	25	46	36
Y_scaffold2	368233	35	26	35	20	27	32	24	36	32	29	25	33	29	32	40	25	41	44	41	21	25	46	36
Y_scaffold2	368234	34	26	36	20	27	31	24	35	32	29	25	31	29	32	40	25	42	44	41	21	26	47	36
Y_scaffold2	368235	35	27	37	20	27	31	23	34	32	29	24	31	29	33	40	25	44	46	41	21	26	48	36
Y_scaffold2	368236	35	27	38	20	27	31	23	34	32	28	24	31	28	33	40	25	44	46	41	21	27	48	36
Y_scaffold2	368237	35	28	37	20	27	31	22	34	32	28	24	31	27	33	40	24	44	46	41	22	27	48	35
Y_scaffold2	368238	35	28	37	22	27	31	22	34	32	28	24	31	27	33	39	25	45	46	40	22	28	48	36
Y_scaffold2	368239	35	28	37	22	27	31	22	33	33	28	24	31	28	32	39	26	44	47	40	22	30	48	36
Y_scaffold2	368240	35	28	36	22	27	31	22	33	33	28	25	31	27	32	38	26	44	45	40	22	30	48	37
Y_scaffold2	368241	34	28	34	22	27	31	22	33	33	27	25	30	30	32	38	26	44	45	41	22	30	47	36
Y_scaffold2	368242	34	28	33	21	27	31	21	33	33	27	24	31	30	32	36	26	44	46	41	20	29	46	35
Y_scaffold2	368243	34	28	33	22	28	31	21	32	34	27	24	31	31	32	38	28	44	45	41	20	30	46	36
Y_scaffold2	368244	33	28	33	21	28	29	21	32	33	27	25	30	30	31	39	29	43	46	40	17	30	46	37
Y_scaffold2	368245	33	28	33	22	28	29	21	32	33	29	25	30	31	31	39	29	43	46	40	18	30	46	37
Y_scaffold2	368246	32	28	33	22	28	29	21	32	33	29	25	30	31	31	39	29	43	46	40	18	30	46	38
Y_scaffold2	368247	31	28	35	22	27	29	21	32	33	29	25	29	32	31	39	30	41	46	40	18	31	46	38
Y_scaffold2	368248	31	28	35	22	28	29	20	33	33	30	26	29	32	31	40	29	41	47	40	18	31	46	38
Y_scaffold2	368249	31	28	35	22	28	29	19	33	33	30	25	30	32	30	40	29	41	45	40	16	30	47	38
Y_scaffold2	368250	30	28	35	22	28	29	17	33	32	30	26	30	32	30	39	28	41	45	41	16	30	47	39
Y_scaffold2	368251	30	28	35	21	28	29	17	33	32	30	26	29	30	30	40	28	40	43	41	16	31	47	39
Y_scaffold2	368252	29	28	34	21	28	29	18	33	33	30	27	29	30	31	41	28	40	43	43	16	31	46	40
Y_scaffold2	368253	29	29	34	21	28	29	18	33	33	30	26	29	31	32	41	27	41	43	42	16	31	46	39
Y_scaffold2	368254	29	29	34	21	28	28	18	34	33	30	26	29	31	33	42	27	41	43	42	16	31	46	38
Y_scaffold2	368255	29	28	34	21	28	28	18	35	33	30	26	28	31	33	42	27	41	43	42	17	32	46	38
Y_scaffold2	368256	29	28	34	21	28	28	18	35	34	29	25	28	32	33	42	28	41	42	42	17	31	46	39
Y_scaffold2	368257	29	28	35	22	28	28	18	35	34	28	25	28	32	33	42	28	42	42	42	17	32	46	40
Y_scaffold2	368258	30	31	35	22	28	28	18	35	33	28	25	28	33	33	42	28	43	43	44	17	33	45	40
Y_scaffold2	368259	31	31	35	22	29	28	17	35	33	28	25	28	33	33	42	29	42	43	44	17	33	44	40
Y_scaffold2	368260	31	31	35	22	29	28	17	35	33	28	25	28	33	31	42	29	42	43	44	17	33	45	41
Y_scaffold2	368261	31	31	36	22	30	28	18	36	35	27	26	28	35	31	42	30	42	43	45	17	34	45	42
Y_scaffold2	368262	31	31	36	22	30	29	17	37	35	27	27	28	35	31	41	30	40	43	45	18	34	44	41
Y_scaffold2	368263	31	32	36	22	30	29	17	36	37	27	29	26	35	31	41	30	40	43	45	18	33	44	43
Y_scaffold2	368264	31	32	36	22	29	28	16	35	37	27	29	27	34	31	41	32	40	43	45	18	33	44	43
Y_scaffold2	368265	31	32	36	22	26	28	16	36	36	27	29	27	35	31	40	32	40	43	44	18	32	45	43
Y_scaffold2	368266	31	32	35	22	26	28	16	36	36	27	28	26	35	32	41	32	40	43	43	18	31	44	42
Y_scaffold2	368267	30	32	35	22	26	28	16	36	36	27	28	26	33	31	41	32	40	43	42	18	31	43	41
Y_scaffold2	368268	29	32	35	22	25	27	16	36	36	27	28	27	35	31	41	32	40	43	42	18	31	43	40
Y_scaffold2	368269	30	32	35	23	25	27	16	36	37	27	27	27	35	31	41	33	39	43	41	18	31	42	41
Y_scaffold2	368270	29	30	35	23	25	26	17	36	36	27	27	28	35	31	41	33	38	43	41	18	30	41	40
Y_scaffold2	368271	29	30	35	22	26	25	18	37	36	27	29	28	35	32	40	34	39	43	40	18	30	42	40
Y_scaffold2	368272	28	30	34	23	27	24	18	37	37	27	29	28	35	33	40	34	39	43	40	18	31	42	41
Y_scaffold2	368273	27	29	34	23	27	24	18	36	37	26	29	28	33	33	40	34	39	43	39	17	31	41	41
Y_scaffold2	368274	27	29	34	23	26	23	18	35	37	23	29	28	32	33	39	34	39	43	39	17	31	41	41
Y_scaffold2	368275	27	29	34	23	26	24	17	34	36	24	29	29	33	34	39	33	40	40	38	17	31	41	42
Y_scaffold2	368276	27	30	33	23	25	24	17	34	36	24	29	29	32	34	38	33	40	39	39	17	31	41	42
Y_scaffold2	368277	27	30	33	23	25	24	17	34	36	24	29	29	33	34	38	33	41	39	39	18	31	42	43
Y_scaffold2	368278	27	30	33	22	25	24	17	35	36	24	29	29	33	34	38	33	40	39	40	18	31	42	43
Y_scaffold2	368279	27	30	33	22	24	24	17	35	36	24	31	29	32	34	38	33	40	39	39	18	31	41	41
Y_scaffold2	368280	27	30	33	21	24	24	17	35	36	24	32	29	32	34	38	33	40	39	39	15	31	41	42
