Y_scaffold2	434397	24	39	36	26	39	31	33	45	32	30	52	40	28	33	55	51	44	35	34	32	25	29	44
Y_scaffold2	434398	24	41	35	26	37	31	33	45	32	30	50	40	29	32	55	52	43	35	34	33	25	30	43
Y_scaffold2	434399	24	40	35	25	37	31	33	45	31	31	51	40	29	32	56	52	44	33	34	33	26	29	42
Y_scaffold2	434400	24	41	36	26	37	30	33	45	31	31	51	40	31	32	56	52	44	33	35	33	26	30	42
Y_scaffold2	434401	24	40	37	26	37	30	34	45	30	32	50	40	31	32	57	51	44	33	35	35	26	30	40
Y_scaffold2	434402	24	40	36	27	37	30	33	45	29	32	50	40	31	32	56	51	45	33	35	35	26	30	39
Y_scaffold2	434403	24	39	36	27	37	30	33	44	29	31	50	40	31	32	55	51	45	34	35	35	26	29	40
Y_scaffold2	434404	24	39	36	28	37	30	32	44	28	31	50	40	31	32	55	51	45	34	35	35	26	29	40
Y_scaffold2	434405	23	39	36	26	38	30	33	44	28	31	52	40	31	33	53	50	45	33	35	36	26	29	38
Y_scaffold2	434406	23	37	36	26	38	30	33	44	28	31	54	40	31	32	53	50	45	33	35	36	25	27	38
Y_scaffold2	434407	24	37	36	26	38	30	33	44	28	31	54	40	31	31	53	50	45	33	35	36	24	27	38
Y_scaffold2	434408	24	37	36	26	38	30	32	42	28	31	53	40	31	31	53	49	45	32	35	36	24	27	38
Y_scaffold2	434409	24	37	35	25	39	29	32	42	29	31	55	41	32	30	52	49	45	32	35	36	24	27	39
Y_scaffold2	434410	24	37	35	25	39	28	32	42	28	30	54	41	31	30	52	49	47	31	35	37	25	27	39
Y_scaffold2	434411	24	36	34	25	38	27	33	42	28	30	54	41	31	30	52	49	47	31	36	37	25	27	39
Y_scaffold2	434412	24	36	33	25	39	27	33	40	28	30	54	41	31	31	52	48	46	31	36	37	26	27	39
Y_scaffold2	434413	24	36	33	25	39	27	33	40	28	30	54	41	31	31	52	48	47	30	36	37	26	27	39
Y_scaffold2	434414	24	36	33	25	41	27	33	40	29	30	54	41	31	30	52	48	47	30	36	37	26	27	39
Y_scaffold2	434415	24	36	33	25	41	27	33	39	29	30	54	40	31	30	54	48	47	30	36	37	26	27	39
Y_scaffold2	434416	24	35	32	26	41	27	33	38	29	31	54	40	31	30	55	49	46	30	36	37	26	26	38
Y_scaffold2	434417	25	36	32	26	40	26	33	38	29	31	54	40	32	30	55	48	45	30	36	37	26	26	38
Y_scaffold2	434418	25	36	32	27	40	26	34	38	30	31	54	40	32	30	56	47	45	30	36	37	25	27	38
Y_scaffold2	434419	25	36	32	27	39	26	34	38	30	31	54	40	32	30	56	47	45	30	37	37	25	27	37
Y_scaffold2	434420	24	36	32	28	39	26	35	38	30	33	54	40	31	30	55	47	44	30	37	37	25	28	37
Y_scaffold2	434421	24	36	32	28	40	27	35	38	30	33	54	40	31	29	54	47	44	30	37	37	25	28	37
Y_scaffold2	434422	24	36	31	28	40	27	34	39	29	33	54	40	32	29	53	48	43	29	37	37	26	28	37
Y_scaffold2	434423	24	36	31	28	39	27	34	39	29	34	54	40	32	29	53	48	43	29	37	37	25	29	37
Y_scaffold2	434424	23	36	29	28	38	27	34	39	30	33	53	40	32	29	53	49	43	30	37	37	25	30	37
Y_scaffold2	434425	23	36	29	28	38	27	34	39	30	33	54	40	32	29	53	49	43	30	36	37	25	30	37
Y_scaffold2	434426	23	36	28	28	38	28	34	39	30	32	54	42	35	29	54	51	42	30	36	37	25	30	37
Y_scaffold2	434427	23	35	28	28	38	28	35	39	30	32	55	42	35	29	55	51	42	28	36	36	25	30	37
Y_scaffold2	434428	23	35	28	28	38	28	35	39	30	32	54	42	35	29	55	50	42	28	36	36	26	30	37
Y_scaffold2	434429	23	34	29	27	38	28	35	39	30	32	56	42	34	29	54	50	44	29	37	35	26	31	36
Y_scaffold2	434430	23	34	29	27	38	28	35	38	30	31	55	42	34	29	55	49	43	29	37	33	27	30	35
Y_scaffold2	434431	23	34	29	27	37	28	35	38	30	31	55	42	34	30	55	48	43	29	37	33	26	32	35
Y_scaffold2	434432	24	34	29	27	37	28	36	37	30	31	55	42	34	29	55	48	42	29	37	33	26	32	35
Y_scaffold2	434433	25	34	29	26	37	28	37	37	30	31	55	43	35	29	54	48	42	29	37	33	25	32	34
Y_scaffold2	434434	25	34	29	26	36	28	37	37	30	31	55	42	33	29	55	48	42	29	37	31	25	32	34
Y_scaffold2	434435	25	34	29	26	36	29	37	38	30	31	53	43	33	29	56	48	43	29	36	31	25	33	36
Y_scaffold2	434436	25	34	29	27	36	29	37	38	29	31	53	41	33	29	55	48	43	29	36	31	25	33	36
Y_scaffold2	434437	24	34	28	26	36	28	37	37	28	31	52	41	34	29	55	48	41	29	34	31	25	33	35
Y_scaffold2	434438	24	34	27	27	37	29	37	37	29	32	52	41	34	28	54	50	42	29	35	31	25	33	34
Y_scaffold2	434439	25	34	27	28	37	29	37	37	29	32	53	41	34	28	54	50	41	29	36	31	26	33	35
Y_scaffold2	434440	25	35	27	28	36	29	38	37	31	32	53	41	34	28	54	50	44	29	36	30	25	33	35
Y_scaffold2	434441	25	35	25	28	36	28	39	37	31	32	53	42	34	28	54	50	43	30	36	29	25	33	35
Y_scaffold2	434442	25	36	25	28	36	28	39	37	31	33	53	41	34	28	55	51	43	30	36	29	25	33	34
Y_scaffold2	434443	26	36	25	28	36	29	39	37	32	34	53	41	35	28	55	51	43	30	36	29	25	33	34
Y_scaffold2	434444	27	36	25	28	37	29	40	38	32	36	53	41	35	29	55	51	43	30	35	29	25	33	35
Y_scaffold2	434445	27	36	25	28	37	29	40	38	31	36	53	41	35	28	55	51	43	30	35	29	25	33	35
Y_scaffold2	434446	27	36	24	28	38	29	40	37	31	36	53	41	34	28	53	51	43	30	35	29	25	32	35
Y_scaffold2	434447	27	37	24	29	38	30	40	37	32	36	54	41	33	29	52	51	41	30	35	31	24	32	34
Y_scaffold2	434448	27	37	26	29	38	29	40	37	33	36	54	42	33	27	50	51	41	29	35	31	23	32	34
Y_scaffold2	434449	27	37	26	28	38	28	40	38	34	34	54	42	33	26	50	51	41	28	34	30	23	33	34
Y_scaffold2	434450	27	37	26	28	38	28	40	37	34	34	54	43	33	25	50	50	40	28	34	30	23	34	34
Y_scaffold2	434451	27	37	26	28	38	28	40	37	34	34	54	43	34	25	49	50	40	29	34	29	23	33	34
Y_scaffold2	434452	27	37	25	29	36	27	40	37	34	34	54	42	33	26	49	49	42	30	33	28	25	33	34
Y_scaffold2	434453	27	37	25	30	37	26	40	38	34	34	52	40	34	25	49	50	42	30	34	27	25	34	35
Y_scaffold2	434454	27	36	25	30	37	26	41	37	34	35	52	40	34	24	48	50	42	30	34	26	25	34	36
Y_scaffold2	434455	27	35	24	30	36	27	41	37	34	35	54	42	34	24	48	49	42	30	34	26	25	34	35
Y_scaffold2	434456	26	35	24	30	36	26	41	37	33	34	54	40	34	24	49	49	42	31	35	27	25	35	35
Y_scaffold2	434457	26	34	23	30	36	25	41	37	33	33	54	41	34	24	49	48	41	32	34	26	25	34	35
Y_scaffold2	434458	26	34	23	30	36	26	41	38	33	33	53	41	34	24	49	47	41	32	34	26	25	34	34
Y_scaffold2	434459	26	34	24	30	36	26	41	37	33	34	53	40	34	24	50	48	41	32	34	26	25	34	34
Y_scaffold2	434460	26	34	24	30	34	25	41	36	33	34	53	39	34	23	51	48	42	32	34	26	26	35	34
Y_scaffold2	434461	26	33	23	30	33	25	41	35	33	34	53	39	34	22	50	47	42	32	34	26	26	35	34
Y_scaffold2	434462	26	32	23	29	33	25	41	34	33	34	53	39	34	22	50	47	42	32	33	26	25	35	33
Y_scaffold2	434463	27	33	23	30	34	25	42	35	33	34	54	39	36	22	50	46	42	32	34	26	26	35	34
Y_scaffold2	434464	27	33	23	31	34	25	42	35	33	35	54	39	35	22	50	45	42	33	36	26	27	36	35
Y_scaffold2	434465	28	33	23	31	34	25	42	35	32	35	54	39	36	22	50	44	42	32	36	26	27	36	34
Y_scaffold2	434466	28	32	24	31	34	25	42	35	33	35	55	39	36	22	52	44	42	32	36	27	27	36	35
Y_scaffold2	434467	27	33	24	31	33	25	42	35	31	34	55	39	38	23	52	44	42	32	34	27	27	36	36
Y_scaffold2	434468	29	34	23	31	34	25	43	34	31	34	55	39	39	24	54	40	42	31	33	26	26	36	37
Y_scaffold2	434469	29	34	23	31	34	24	43	34	31	34	54	39	39	24	56	40	43	31	33	26	26	36	37
Y_scaffold2	434470	29	34	23	31	35	24	43	34	30	34	53	38	38	23	56	40	44	32	33	26	26	38	36
Y_scaffold2	434471	29	34	22	31	35	24	44	35	30	34	52	37	37	24	54	41	42	32	33	25	26	38	36
Y_scaffold2	434472	29	35	21	31	35	24	44	35	30	34	52	37	37	24	54	41	42	32	33	25	26	37	36
Y_scaffold2	434473	29	35	21	31	36	24	44	35	31	34	55	38	38	24	54	41	43	32	33	26	26	38	36
Y_scaffold2	434474	30	35	21	31	36	24	44	34	31	35	56	38	39	24	55	41	44	31	32	26	27	38	36
Y_scaffold2	434475	30	35	21	31	37	24	44	33	31	35	57	38	39	24	53	40	44	31	32	25	27	38	36
Y_scaffold2	434476	30	35	21	30	37	24	44	33	31	35	56	38	39	23	53	40	44	31	32	25	26	37	36
Y_scaffold2	434477	31	34	21	32	36	25	44	32	31	35	56	38	40	23	53	39	44	31	32	25	26	38	35
Y_scaffold2	434478	31	34	22	32	36	25	44	32	31	35	57	39	41	24	53	39	44	31	32	27	26	39	36
Y_scaffold2	434479	32	34	22	32	36	25	44	32	32	35	56	39	41	24	53	39	45	31	32	27	25	39	36
Y_scaffold2	434480	32	34	21	32	36	25	44	30	32	34	56	40	41	23	52	38	44	31	31	28	25	39	36
Y_scaffold2	434481	32	35	21	32	36	25	43	28	32	34	56	40	41	23	53	38	44	31	31	27	25	39	35
Y_scaffold2	434482	32	36	21	32	36	25	43	28	31	34	55	40	40	23	53	37	44	31	31	27	26	38	35
Y_scaffold2	434483	32	36	21	32	36	26	43	29	32	34	56	40	40	22	53	38	44	32	32	27	26	38	35
Y_scaffold2	434484	32	36	20	32	36	26	43	28	32	34	56	40	40	22	53	38	44	32	32	27	26	37	35
Y_scaffold2	434485	30	37	19	31	35	25	42	26	32	32	58	39	40	21	54	38	44	30	29	26	26	36	33
Y_scaffold2	434486	31	37	19	31	36	25	42	26	32	32	58	39	40	21	53	39	45	32	30	26	26	37	33
Y_scaffold2	434487	31	34	19	31	36	25	42	26	32	32	58	39	40	21	53	40	45	32	30	26	26	37	33
Y_scaffold2	434488	31	34	19	32	36	26	42	27	32	30	61	40	39	22	52	40	46	34	30	26	26	37	34
Y_scaffold2	434489	32	34	19	32	36	25	42	28	33	30	62	41	39	22	51	41	46	34	31	26	26	37	35
Y_scaffold2	434490	32	36	19	32	36	24	41	27	33	31	63	41	39	22	52	41	45	34	32	26	26	38	34
Y_scaffold2	434491	32	36	19	31	36	24	43	27	33	31	63	41	39	22	52	42	45	34	32	26	26	38	34
Y_scaffold2	434492	32	37	19	31	37	23	43	28	33	31	65	41	39	23	49	42	46	34	32	26	27	40	34
Y_scaffold2	434493	33	37	19	31	37	23	42	27	33	31	66	41	39	23	49	42	45	34	33	26	27	40	35
Y_scaffold2	434494	33	37	19	31	37	22	39	26	33	30	67	41	40	23	50	43	46	34	33	26	27	40	34
Y_scaffold2	434495	34	37	19	31	37	22	39	26	33	30	66	41	40	22	49	43	46	34	32	26	27	41	35
Y_scaffold2	434496	34	37	19	30	37	22	39	27	33	32	66	42	41	21	50	44	46	34	32	26	27	41	36
Y_scaffold2	434497	35	38	19	30	36	22	39	27	33	32	66	41	41	22	49	42	45	33	33	27	27	41	37
Y_scaffold2	434498	35	39	19	31	36	23	39	27	33	32	66	41	41	22	49	41	45	33	34	27	27	42	36
Y_scaffold2	434499	35	39	19	32	36	23	39	27	32	32	66	42	41	22	49	40	45	32	34	26	26	42	36
Y_scaffold2	434500	35	38	19	33	36	23	38	26	32	32	66	40	40	22	48	40	45	32	34	26	26	42	36
Y_scaffold2	434501	35	37	19	33	36	23	38	26	32	32	66	40	40	22	48	40	45	32	34	27	25	42	36
Y_scaffold2	434502	35	37	19	32	36	23	37	26	33	32	65	39	40	22	48	40	45	31	34	27	25	42	36
Y_scaffold2	434503	35	37	22	32	37	23	37	27	33	32	65	38	41	22	50	41	46	32	35	27	26	41	37
Y_scaffold2	434504	35	37	22	34	38	23	37	28	33	32	65	38	41	24	50	40	45	32	35	27	26	41	37
Y_scaffold2	434505	35	37	23	35	39	23	37	28	33	32	65	39	41	24	50	41	45	34	35	28	26	41	37
Y_scaffold2	434506	35	37	22	35	38	23	35	28	32	32	64	38	41	24	49	41	44	35	35	27	25	40	37
Y_scaffold2	434507	36	37	22	35	38	22	34	28	33	32	64	40	42	24	50	41	44	36	35	28	25	42	37
Y_scaffold2	434508	36	37	22	36	38	22	33	27	33	34	64	40	42	24	50	41	44	36	35	28	25	42	37
Y_scaffold2	434509	36	37	22	37	37	22	33	27	33	35	64	40	43	24	49	42	45	38	36	28	26	42	37
Y_scaffold2	434510	36	36	22	37	37	22	33	27	32	35	65	41	44	23	49	42	46	38	36	30	26	42	37
Y_scaffold2	434511	36	36	22	37	37	23	33	27	32	36	65	41	43	23	49	42	46	36	35	30	26	42	37
Y_scaffold2	434512	35	35	22	36	37	23	33	27	32	36	66	41	44	23	47	42	45	36	35	30	25	41	36
Y_scaffold2	434513	34	35	23	37	37	23	33	28	31	36	66	41	44	23	46	43	45	35	37	30	26	41	35
Y_scaffold2	434514	35	35	22	37	37	23	33	28	31	36	66	42	44	23	46	43	45	35	38	30	26	41	35
Y_scaffold2	434515	35	35	20	37	37	23	33	28	31	36	66	42	44	23	46	43	44	34	38	31	26	41	35
Y_scaffold2	434516	34	34	20	37	37	23	34	28	32	36	66	42	44	23	46	42	44	35	39	31	25	40	34
Y_scaffold2	434517	34	34	20	37	37	22	34	27	32	36	66	42	44	23	45	41	43	35	39	32	26	40	34
Y_scaffold2	434518	34	34	20	37	37	22	34	27	32	36	65	41	44	23	45	40	43	35	39	32	26	40	34
Y_scaffold2	434519	34	34	20	37	37	21	33	27	32	37	65	41	45	24	45	41	43	35	38	32	26	41	34
Y_scaffold2	434520	32	34	19	37	38	22	32	26	31	36	65	41	45	24	45	41	43	36	39	33	24	41	34
Y_scaffold2	434521	32	33	19	36	38	22	32	25	31	35	65	42	45	24	45	41	43	36	38	31	24	41	33
Y_scaffold2	434522	33	33	19	35	35	22	33	27	30	35	66	42	46	24	47	42	44	35	37	31	24	42	35
Y_scaffold2	434523	33	33	21	35	35	21	33	27	31	35	63	42	46	24	47	41	44	34	37	31	23	41	35
Y_scaffold2	434524	33	33	21	35	35	21	33	27	31	35	65	41	46	24	46	42	44	33	37	31	23	41	35
Y_scaffold2	434525	33	33	21	35	35	21	33	27	31	34	65	41	46	23	47	41	44	33	37	31	23	41	35
Y_scaffold2	434526	33	33	22	35	35	21	34	27	31	34	65	41	46	23	47	41	43	34	37	31	23	40	35
Y_scaffold2	434527	33	33	23	35	36	21	34	27	31	34	65	41	46	23	48	40	43	34	37	31	23	40	36
Y_scaffold2	434528	33	33	23	35	35	21	34	27	31	34	65	41	46	23	48	40	43	34	37	31	23	39	37
Y_scaffold2	434529	33	32	21	34	35	21	33	25	30	34	64	41	45	24	47	40	43	33	37	29	23	38	37
Y_scaffold2	434530	34	32	21	34	35	21	34	25	30	34	64	41	47	24	48	40	43	35	37	29	23	39	37
Y_scaffold2	434531	33	35	21	34	36	21	34	25	29	34	63	39	46	24	48	39	42	36	37	29	23	40	37
Y_scaffold2	434532	33	35	21	34	36	21	34	25	29	34	64	39	47	25	48	39	42	36	37	30	23	40	37
Y_scaffold2	434533	33	35	21	34	36	21	33	25	29	34	63	40	46	25	49	39	43	36	37	31	23	40	38
Y_scaffold2	434534	33	35	21	33	36	21	33	25	30	34	63	40	46	25	49	40	43	36	38	31	23	41	37
Y_scaffold2	434535	34	35	21	33	36	21	33	25	30	34	63	41	46	24	47	40	41	37	37	31	23	41	37
Y_scaffold2	434536	34	35	21	34	36	22	34	25	30	35	61	41	46	24	46	39	40	38	36	31	23	41	37
Y_scaffold2	434537	33	35	21	33	36	22	34	26	30	35	61	42	46	24	47	39	38	38	35	32	23	41	38
Y_scaffold2	434538	33	35	21	33	36	22	34	26	30	34	62	41	45	25	48	40	37	39	35	32	23	41	38
Y_scaffold2	434539	33	35	21	33	35	22	34	26	30	34	61	41	45	25	48	40	37	38	36	31	23	41	40
Y_scaffold2	434540	33	35	21	33	36	22	33	26	29	34	61	41	45	25	48	40	38	37	36	31	24	42	40
Y_scaffold2	434541	32	36	21	33	37	22	33	26	29	34	60	41	45	25	49	39	39	38	37	31	24	41	40
Y_scaffold2	434542	32	36	21	33	36	22	33	25	28	33	61	43	45	25	49	39	39	38	37	31	24	41	40
Y_scaffold2	434543	32	36	21	33	36	22	33	24	28	33	62	42	45	24	49	38	40	37	37	31	24	39	40
Y_scaffold2	434544	32	36	21	35	36	22	34	24	29	33	61	43	43	24	50	37	40	37	37	31	24	39	39
Y_scaffold2	434545	32	37	21	37	36	22	34	22	29	32	60	42	42	23	50	36	39	37	39	30	23	38	40
Y_scaffold2	434546	32	37	21	37	36	22	34	22	29	32	60	43	42	23	50	36	39	37	40	30	23	38	40
Y_scaffold2	434547	32	37	21	36	36	22	35	22	29	32	60	43	42	23	50	36	39	37	40	29	23	38	40
Y_scaffold2	434548	33	35	22	36	36	22	35	22	29	31	60	43	41	23	50	36	39	37	40	29	22	37	40
Y_scaffold2	434549	33	35	22	36	36	22	35	22	29	31	60	43	40	23	50	37	38	37	40	30	22	37	40
Y_scaffold2	434550	33	35	21	37	37	23	35	22	29	31	61	42	40	24	50	37	38	37	40	31	23	39	40
Y_scaffold2	434551	33	35	21	37	38	23	34	23	29	30	61	42	40	24	49	37	38	37	40	29	23	39	40
Y_scaffold2	434552	33	35	21	37	38	23	34	24	29	30	60	43	40	24	49	37	37	37	42	29	23	39	41
Y_scaffold2	434553	33	35	21	37	37	24	34	24	29	30	60	43	40	24	50	37	38	36	42	29	23	39	40
Y_scaffold2	434554	33	35	21	36	37	24	33	24	29	30	59	43	40	23	50	37	38	36	42	29	23	39	40
Y_scaffold2	434555	33	35	21	38	36	24	33	27	29	30	59	44	40	23	52	38	39	36	43	28	23	39	40
Y_scaffold2	434556	33	35	22	39	35	24	33	27	29	31	58	44	40	23	52	40	39	36	44	29	24	40	42
Y_scaffold2	434557	32	36	22	39	35	24	33	28	29	31	59	44	40	23	52	40	39	36	45	29	24	41	42
Y_scaffold2	434558	32	36	22	39	35	25	34	28	29	31	58	44	40	23	52	40	40	37	46	29	24	41	41
Y_scaffold2	434559	32	36	22	39	34	25	34	28	29	32	57	43	39	23	52	40	39	37	47	28	24	41	41
Y_scaffold2	434560	32	36	21	39	35	25	33	28	29	32	57	43	39	23	52	40	38	38	46	27	23	41	41
Y_scaffold2	434561	33	36	22	39	34	25	33	28	30	32	57	43	39	23	52	40	36	39	45	27	23	41	41
Y_scaffold2	434562	33	36	22	39	33	25	32	28	30	32	57	42	39	22	52	40	35	39	45	27	22	41	41
Y_scaffold2	434563	33	36	22	39	33	25	32	29	29	32	57	42	39	22	52	40	35	39	45	27	22	41	41
Y_scaffold2	434564	33	36	23	39	33	25	32	29	30	32	57	42	39	22	50	39	35	39	45	27	22	41	41
Y_scaffold2	434565	34	36	23	38	34	25	32	29	31	32	58	42	42	24	51	39	35	39	45	27	25	41	43
Y_scaffold2	434566	34	36	24	39	34	25	32	30	31	31	59	42	42	24	50	40	35	39	45	27	25	41	44
Y_scaffold2	434567	33	36	24	39	34	26	32	30	31	32	59	42	42	24	50	40	35	39	44	27	26	41	44
Y_scaffold2	434568	33	36	24	38	34	26	31	30	30	32	59	42	42	24	49	40	35	39	44	27	26	40	45
Y_scaffold2	434569	34	36	24	38	34	26	30	30	30	31	59	42	42	24	49	40	35	39	43	27	26	40	45
Y_scaffold2	434570	34	36	24	37	34	26	31	30	30	30	59	42	42	24	49	40	36	39	43	27	26	41	45
Y_scaffold2	434571	34	36	24	37	33	25	31	30	30	30	59	43	42	24	49	40	36	39	43	27	26	41	45
Y_scaffold2	434572	34	36	24	38	35	26	31	30	30	31	59	43	41	24	49	41	36	39	43	27	25	41	46
Y_scaffold2	434573	34	36	24	38	35	26	31	30	29	30	60	44	41	24	49	40	36	38	43	27	25	39	46
Y_scaffold2	434574	35	36	24	38	35	25	31	30	29	31	61	43	39	24	48	39	36	39	43	27	25	40	47
