Y_scaffold4	767990	33	39	28	29	37	18	36	36	29	25	30	27	33	20	42	41	35	38	35	22	16	43	41
Y_scaffold4	767991	33	39	28	30	37	18	36	36	29	24	30	28	33	21	42	42	35	38	35	23	16	43	41
Y_scaffold4	767992	33	39	28	30	37	18	33	36	29	24	30	31	33	21	42	45	35	38	35	23	16	43	41
Y_scaffold4	767993	33	39	28	30	38	18	33	37	29	24	30	31	33	21	42	45	36	38	35	23	17	43	41
Y_scaffold4	767994	33	39	28	28	38	18	32	37	29	24	30	31	33	21	41	45	37	39	35	23	17	43	41
Y_scaffold4	767995	33	38	27	28	38	17	32	37	29	24	29	30	35	21	40	45	36	39	35	22	17	43	41
Y_scaffold4	767996	34	38	27	28	38	17	32	37	30	24	29	30	35	21	39	46	36	40	35	22	16	43	41
Y_scaffold4	767997	34	38	27	27	39	16	32	37	30	24	29	30	35	21	40	45	37	40	35	22	16	42	41
Y_scaffold4	767998	34	37	27	27	38	16	32	38	30	24	30	30	36	21	39	45	38	40	36	22	16	41	42
Y_scaffold4	767999	34	37	27	27	38	16	32	38	30	24	30	30	36	21	38	44	38	40	36	22	15	41	42
Y_scaffold4	768000	33	37	26	27	37	16	32	38	30	24	30	32	37	21	39	44	38	40	36	22	14	41	42
Y_scaffold4	768001	33	37	26	27	37	16	31	38	28	24	29	32	37	21	39	44	38	39	36	22	14	41	42
Y_scaffold4	768002	32	37	27	27	37	16	32	38	28	24	27	32	37	21	39	44	37	38	36	21	14	41	42
Y_scaffold4	768003	32	37	27	27	37	16	32	38	28	24	27	33	37	21	39	43	38	38	36	21	14	41	41
Y_scaffold4	768004	32	39	27	28	38	16	32	38	28	23	27	32	37	21	39	43	38	38	36	21	14	41	42
Y_scaffold4	768005	32	39	27	29	39	16	32	38	29	23	27	32	37	22	39	44	38	38	36	22	14	41	42
Y_scaffold4	768006	32	39	27	29	39	16	32	38	29	23	26	32	38	21	39	44	38	39	35	22	13	41	42
Y_scaffold4	768007	32	39	27	29	39	16	32	38	29	22	26	32	38	21	39	44	38	38	34	22	13	41	42
Y_scaffold4	768008	33	39	27	29	39	18	32	38	29	22	28	32	38	21	39	44	38	37	34	22	13	42	43
Y_scaffold4	768009	33	39	28	29	38	18	31	38	29	22	28	32	38	21	39	44	38	37	35	22	13	42	43
Y_scaffold4	768010	33	38	28	29	38	19	33	38	28	22	28	32	38	21	40	44	38	37	35	24	13	43	43
Y_scaffold4	768011	32	38	28	29	38	19	34	39	28	22	28	32	38	20	40	43	37	37	35	24	13	44	43
Y_scaffold4	768012	31	37	27	29	38	19	33	39	28	22	28	32	37	20	40	42	37	37	34	24	14	45	43
Y_scaffold4	768013	31	37	28	29	37	19	33	39	28	23	28	33	36	20	38	42	37	37	34	24	15	45	44
Y_scaffold4	768014	31	37	28	29	35	19	33	39	28	21	28	33	35	20	39	43	37	38	34	24	15	46	44
Y_scaffold4	768015	31	37	28	28	36	19	33	39	28	20	28	33	35	20	39	43	38	38	33	24	15	46	45
Y_scaffold4	768016	31	36	28	28	36	19	33	40	28	20	27	33	34	21	39	44	38	38	33	24	15	49	46
Y_scaffold4	768017	31	36	28	28	36	19	34	40	28	20	27	33	34	21	39	44	38	38	33	24	15	49	46
Y_scaffold4	768018	31	36	28	28	36	19	34	40	28	20	27	32	34	20	39	43	38	38	33	24	15	48	46
Y_scaffold4	768019	31	36	28	28	36	18	34	40	28	20	28	32	34	20	39	44	37	37	33	24	16	48	46
Y_scaffold4	768020	32	35	29	28	36	18	34	40	28	20	28	31	34	21	40	45	37	36	33	24	16	49	46
Y_scaffold4	768021	32	35	31	27	36	18	34	41	29	20	26	31	34	22	41	45	37	36	33	23	17	49	46
Y_scaffold4	768022	32	35	31	27	36	18	34	41	29	20	25	30	34	22	41	46	37	36	33	23	17	51	47
Y_scaffold4	768023	32	36	31	27	37	18	34	40	29	20	25	29	34	22	42	46	38	36	34	23	17	49	46
Y_scaffold4	768024	33	36	31	27	36	18	34	39	29	20	25	28	34	22	42	46	38	37	34	24	17	49	46
Y_scaffold4	768025	33	36	30	27	36	18	33	37	29	20	25	28	34	22	42	44	38	37	35	24	17	49	46
Y_scaffold4	768026	34	34	29	27	35	18	34	37	31	20	27	27	33	22	42	44	38	40	35	24	17	49	45
Y_scaffold4	768027	35	34	29	27	36	18	34	38	31	20	26	29	33	22	43	44	38	41	35	24	18	49	45
Y_scaffold4	768028	36	33	29	27	35	18	35	38	32	20	26	29	34	22	42	44	38	42	36	23	18	49	45
Y_scaffold4	768029	35	33	28	27	34	17	34	38	31	20	26	29	34	22	42	44	38	41	36	24	19	50	45
Y_scaffold4	768030	34	33	28	27	34	17	35	37	31	19	26	29	34	22	42	43	37	41	35	25	19	50	45
Y_scaffold4	768031	35	33	28	27	34	17	35	37	31	19	26	29	34	22	42	44	36	41	36	26	19	50	44
Y_scaffold4	768032	35	33	27	27	35	17	35	38	31	19	26	29	33	22	42	43	36	40	36	26	21	51	44
Y_scaffold4	768033	36	33	27	27	36	17	35	38	33	19	26	29	33	22	42	43	36	40	37	26	21	52	44
Y_scaffold4	768034	37	33	27	27	35	17	35	37	33	20	26	29	33	22	43	43	36	39	38	26	21	52	44
Y_scaffold4	768035	36	32	27	27	35	17	32	37	33	20	25	29	32	22	43	43	36	38	38	26	21	54	43
Y_scaffold4	768036	36	32	27	27	35	17	33	37	33	20	24	29	32	22	43	43	36	38	39	26	21	54	43
Y_scaffold4	768037	35	32	27	27	35	17	32	37	33	21	24	29	32	22	43	42	37	38	39	26	22	54	42
Y_scaffold4	768038	36	33	28	27	35	17	32	37	33	22	24	29	32	21	42	42	36	39	39	27	22	54	42
Y_scaffold4	768039	36	33	28	28	35	18	34	37	33	22	25	29	32	22	43	41	36	39	40	27	22	54	42
Y_scaffold4	768040	36	32	28	29	35	18	34	37	33	20	25	28	32	22	43	41	36	39	41	27	22	54	43
Y_scaffold4	768041	38	32	27	29	35	18	34	37	35	21	25	28	33	23	44	41	36	38	41	27	23	54	43
Y_scaffold4	768042	39	32	27	29	36	18	34	37	35	22	25	28	33	21	44	42	36	38	41	28	23	54	43
Y_scaffold4	768043	39	32	27	28	36	17	34	37	35	21	25	28	32	21	43	42	35	38	40	28	23	54	43
Y_scaffold4	768044	37	32	27	28	35	17	34	37	35	21	25	28	32	21	43	42	34	38	40	28	23	54	42
Y_scaffold4	768045	37	32	27	27	34	17	34	39	34	21	24	27	32	21	42	42	34	38	39	27	23	54	41
Y_scaffold4	768046	37	33	27	27	34	17	34	39	34	21	24	27	32	21	42	42	34	38	39	28	23	55	42
Y_scaffold4	768047	37	34	28	28	34	17	34	39	35	22	24	27	32	21	41	42	35	38	39	28	23	56	42
Y_scaffold4	768048	36	34	28	27	33	17	34	39	35	23	25	27	32	22	41	42	35	38	39	28	23	56	41
Y_scaffold4	768049	35	34	28	28	33	17	34	39	35	23	25	26	32	22	41	42	36	38	41	29	23	56	43
Y_scaffold4	768050	35	33	30	28	33	16	33	39	36	24	25	26	32	23	41	41	36	39	41	28	21	57	44
Y_scaffold4	768051	35	33	31	28	33	16	33	39	36	24	25	26	32	23	41	41	36	38	41	28	21	56	45
Y_scaffold4	768052	35	34	31	28	32	16	33	39	35	24	25	26	31	23	41	41	36	38	40	28	22	56	45
Y_scaffold4	768053	35	34	31	28	32	16	34	39	35	24	26	26	32	23	40	40	37	38	40	28	23	56	46
Y_scaffold4	768054	34	34	30	29	31	16	34	39	36	25	26	27	32	23	41	40	37	37	40	28	23	56	44
Y_scaffold4	768055	33	34	30	29	31	16	34	38	38	25	26	26	32	24	42	39	36	37	40	28	22	55	44
Y_scaffold4	768056	33	33	31	29	32	16	34	40	39	26	26	27	32	25	42	39	36	37	40	28	22	54	42
Y_scaffold4	768057	34	33	31	29	32	16	34	40	39	26	27	27	32	25	41	39	36	38	40	28	22	54	42
Y_scaffold4	768058	34	33	29	29	32	16	34	40	39	26	27	27	32	25	40	39	36	38	40	30	23	54	41
Y_scaffold4	768059	35	33	29	29	32	16	33	39	39	26	27	27	32	26	41	39	36	38	39	30	24	54	42
Y_scaffold4	768060	35	32	29	27	32	16	34	39	39	26	27	28	32	27	41	39	37	38	39	30	25	53	42
Y_scaffold4	768061	34	31	30	26	31	16	34	40	40	26	27	29	33	27	40	39	37	38	40	29	25	52	42
Y_scaffold4	768062	35	31	30	26	31	16	34	40	40	26	27	29	32	28	39	39	38	38	39	29	25	52	43
Y_scaffold4	768063	35	31	31	26	31	16	34	40	41	26	28	30	32	29	40	39	38	38	39	29	25	52	43
Y_scaffold4	768064	36	30	30	26	32	16	33	40	41	26	28	30	33	29	39	39	38	37	38	29	24	53	42
Y_scaffold4	768065	37	30	30	27	32	16	34	40	41	26	28	31	33	29	40	39	38	37	38	29	24	53	42
Y_scaffold4	768066	37	30	30	28	33	16	34	40	41	26	28	31	32	29	40	38	38	37	37	29	24	53	42
Y_scaffold4	768067	37	30	31	27	33	17	36	41	40	27	27	31	31	29	39	39	37	37	37	29	24	51	41
Y_scaffold4	768068	37	30	31	27	34	19	36	41	40	27	28	31	31	29	39	39	38	37	38	29	24	51	41
Y_scaffold4	768069	38	30	31	27	34	19	36	41	40	27	29	31	31	29	40	39	37	37	38	29	24	51	42
Y_scaffold4	768070	37	30	31	27	34	19	35	40	40	28	31	31	30	28	40	39	37	38	38	29	23	52	41
Y_scaffold4	768071	38	30	30	27	34	19	34	39	40	28	30	31	30	28	40	39	37	38	37	30	23	52	41
Y_scaffold4	768072	39	30	30	27	34	19	34	39	40	28	30	31	29	28	39	41	37	36	37	30	24	51	41
Y_scaffold4	768073	39	29	28	26	34	19	34	40	40	27	29	31	29	27	39	40	38	35	38	30	23	51	38
Y_scaffold4	768074	40	29	28	25	35	19	34	40	39	27	29	31	29	27	39	40	39	35	38	30	23	52	38
Y_scaffold4	768075	40	31	29	25	34	19	34	39	39	27	28	30	29	27	40	40	38	35	38	30	23	51	38
Y_scaffold4	768076	40	31	29	24	35	19	35	39	39	27	28	30	29	27	39	40	38	35	38	30	23	51	37
Y_scaffold4	768077	39	31	29	24	34	18	35	39	38	27	28	30	29	27	39	39	38	35	38	30	23	51	37
Y_scaffold4	768078	39	32	29	24	34	18	35	39	38	26	28	31	29	27	39	39	38	35	37	30	23	51	38
Y_scaffold4	768079	39	32	29	24	34	17	33	39	38	25	28	30	29	27	40	38	38	35	37	30	23	51	38
Y_scaffold4	768080	41	33	29	24	34	17	34	39	38	25	28	30	30	27	39	39	39	35	37	30	24	51	39
Y_scaffold4	768081	41	33	29	24	35	17	34	38	38	25	28	30	30	27	40	38	39	35	36	31	24	51	39
Y_scaffold4	768082	42	33	29	24	35	18	33	39	38	24	28	30	30	27	40	38	39	35	37	31	24	51	39
Y_scaffold4	768083	41	33	28	24	35	18	33	39	38	24	28	29	29	27	40	38	38	35	37	30	24	51	38
Y_scaffold4	768084	41	34	28	24	35	17	33	39	37	24	28	29	29	27	40	38	38	35	37	29	24	51	38
Y_scaffold4	768085	42	34	28	24	32	18	34	38	38	24	27	28	29	28	40	38	37	34	38	29	24	52	38
Y_scaffold4	768086	42	34	28	24	33	18	34	39	38	23	27	28	30	28	40	36	38	34	38	29	24	53	38
Y_scaffold4	768087	42	34	28	24	33	18	34	39	38	23	27	28	30	28	40	35	39	34	37	29	24	54	38
Y_scaffold4	768088	42	33	28	24	32	18	34	38	38	23	26	29	30	29	40	35	39	34	37	29	24	54	37
Y_scaffold4	768089	42	33	29	24	34	18	34	38	38	25	26	29	30	29	42	37	39	34	36	29	24	53	36
Y_scaffold4	768090	43	32	29	24	34	18	34	37	38	25	26	29	30	29	42	37	39	34	36	29	24	53	36
Y_scaffold4	768091	43	32	29	24	33	18	34	36	38	25	26	30	30	28	42	36	39	34	36	30	25	53	36
Y_scaffold4	768092	43	31	29	24	35	18	34	35	37	25	27	30	31	28	43	37	39	34	37	30	25	53	38
Y_scaffold4	768093	44	31	27	23	35	18	34	35	37	25	28	30	32	28	44	37	38	34	37	30	25	52	38
Y_scaffold4	768094	44	31	27	23	35	18	34	36	37	25	28	29	31	27	43	37	36	34	37	31	25	52	38
Y_scaffold4	768095	43	31	26	23	35	18	34	36	36	24	28	29	31	27	42	37	35	34	37	32	25	52	38
Y_scaffold4	768096	43	30	26	23	34	18	33	36	35	24	28	29	31	28	41	36	36	34	38	31	25	51	38
Y_scaffold4	768097	43	30	27	23	33	18	34	36	33	24	28	30	32	27	42	35	37	34	38	31	24	50	40
Y_scaffold4	768098	43	30	27	21	33	18	33	35	32	24	27	30	31	27	43	34	38	34	39	31	23	50	39
Y_scaffold4	768099	43	29	26	22	33	19	33	35	32	23	27	30	29	27	45	33	37	35	38	32	23	49	39
Y_scaffold4	768100	43	30	25	22	33	19	33	35	32	23	27	30	29	27	45	34	37	35	38	32	23	49	39
Y_scaffold4	768101	43	29	27	21	33	18	33	35	32	23	27	30	29	27	45	34	37	34	37	32	24	48	39
Y_scaffold4	768102	44	29	27	21	34	18	34	35	32	23	27	30	29	28	45	38	37	33	37	32	24	49	39
Y_scaffold4	768103	44	29	27	21	34	18	34	34	32	23	27	30	29	28	44	37	36	32	37	32	24	49	39
Y_scaffold4	768104	43	29	27	20	34	19	35	34	33	22	27	30	29	28	44	38	36	33	37	32	24	50	39
Y_scaffold4	768105	43	29	27	20	33	19	34	34	33	22	27	30	29	28	44	38	36	33	36	32	25	49	39
Y_scaffold4	768106	44	29	27	20	33	19	34	34	31	22	26	30	31	28	43	38	36	33	37	32	25	49	38
Y_scaffold4	768107	44	28	27	21	33	17	34	34	31	22	25	30	30	27	43	38	36	33	37	32	25	49	41
Y_scaffold4	768108	44	28	27	21	33	17	34	33	31	22	27	30	29	27	44	38	36	32	37	32	25	50	41
Y_scaffold4	768109	44	28	27	21	32	17	34	33	31	22	27	29	28	27	44	38	36	32	37	32	25	50	41
Y_scaffold4	768110	44	28	26	21	32	19	33	32	31	22	27	28	28	26	45	39	36	31	37	32	26	49	40
Y_scaffold4	768111	44	28	26	21	32	19	34	32	32	23	27	28	28	26	45	39	37	30	37	32	26	49	40
Y_scaffold4	768112	44	28	26	21	32	19	34	32	34	23	27	28	29	26	44	38	36	30	37	32	26	49	39
Y_scaffold4	768113	44	29	26	20	31	19	34	31	34	23	27	28	29	26	44	38	36	30	37	32	26	48	39
Y_scaffold4	768114	43	30	26	21	31	19	34	30	34	23	27	28	29	26	44	38	35	30	36	30	26	48	39
Y_scaffold4	768115	43	30	26	22	30	19	34	30	34	23	27	28	27	26	43	38	35	30	36	30	26	48	39
Y_scaffold4	768116	43	30	26	23	30	19	33	30	34	23	28	28	27	27	43	38	35	32	36	30	26	49	40
Y_scaffold4	768117	43	30	26	22	30	19	33	28	33	23	29	28	27	27	43	39	35	32	36	30	27	49	41
Y_scaffold4	768118	43	30	26	22	29	19	34	28	34	23	28	28	28	27	43	39	36	32	38	29	27	49	41
Y_scaffold4	768119	42	30	26	22	29	19	34	27	33	24	28	28	28	27	44	39	36	33	38	29	27	49	40
Y_scaffold4	768120	42	30	26	22	29	19	34	27	33	24	28	28	28	27	44	38	36	33	38	28	27	49	40
Y_scaffold4	768121	42	30	26	23	29	19	34	27	33	24	29	30	28	27	43	38	36	33	37	29	27	50	39
Y_scaffold4	768122	42	30	26	22	29	19	34	27	33	24	29	30	28	27	43	37	36	33	37	28	27	50	39
Y_scaffold4	768123	41	29	26	22	28	18	34	27	33	24	29	31	27	27	43	36	37	33	36	28	27	49	39
Y_scaffold4	768124	41	28	26	22	28	18	33	26	33	24	29	29	27	26	42	36	37	33	36	28	27	47	39
Y_scaffold4	768125	40	26	26	22	28	18	33	26	33	24	29	30	27	26	43	36	35	33	36	28	26	46	38
Y_scaffold4	768126	40	26	26	22	29	18	33	26	33	24	29	30	27	26	43	36	36	33	36	28	26	47	38
Y_scaffold4	768127	40	26	26	21	29	17	33	26	33	25	28	30	26	26	43	35	36	33	35	28	26	47	38
Y_scaffold4	768128	41	27	25	21	30	17	35	25	33	26	30	31	26	27	43	36	36	34	35	29	26	47	38
Y_scaffold4	768129	40	27	25	21	30	17	35	24	31	26	30	31	26	27	43	36	36	34	35	29	26	47	37
Y_scaffold4	768130	41	28	26	22	30	17	35	24	33	26	30	33	25	27	41	36	35	34	37	29	28	47	39
Y_scaffold4	768131	42	28	26	22	30	17	35	24	33	26	30	33	25	28	41	36	34	32	34	28	28	47	39
Y_scaffold4	768132	42	28	26	22	29	18	35	24	33	27	30	33	24	29	42	36	34	32	34	27	28	47	39
Y_scaffold4	768133	42	28	26	22	30	18	35	25	33	26	30	33	26	29	42	36	34	32	34	27	26	46	39
Y_scaffold4	768134	42	28	26	22	30	19	35	26	32	26	30	33	26	29	42	36	34	32	34	28	27	46	39
Y_scaffold4	768135	41	28	26	22	30	19	35	26	32	26	30	33	26	29	42	36	34	32	33	27	27	44	39
Y_scaffold4	768136	41	28	26	22	30	19	34	25	32	26	30	33	26	29	42	36	34	30	33	27	27	44	38
Y_scaffold4	768137	41	29	29	20	30	20	34	27	33	26	30	32	27	29	42	36	34	31	35	27	27	44	37
Y_scaffold4	768138	41	29	29	20	31	19	34	28	32	26	30	32	27	29	42	36	34	31	35	27	27	45	37
Y_scaffold4	768139	41	29	29	19	31	19	34	29	32	25	28	32	27	28	42	36	34	31	35	28	27	44	37
Y_scaffold4	768140	41	29	29	19	31	19	34	29	32	26	28	32	27	27	41	36	33	31	35	28	27	44	38
Y_scaffold4	768141	41	30	29	19	31	19	34	29	32	26	28	30	27	26	41	35	34	31	35	27	27	44	38
Y_scaffold4	768142	41	31	29	18	30	19	34	29	33	25	28	28	27	28	41	33	32	31	35	27	26	46	38
Y_scaffold4	768143	41	31	29	18	30	20	34	28	33	25	28	28	27	28	41	34	34	32	35	27	26	46	39
Y_scaffold4	768144	41	31	30	19	30	20	34	28	33	25	28	28	27	28	41	34	33	31	36	28	26	47	40
Y_scaffold4	768145	43	31	30	19	30	20	33	28	33	26	28	28	25	28	41	34	33	30	36	28	26	47	42
Y_scaffold4	768146	43	30	30	19	30	20	33	28	32	27	28	28	25	29	41	33	33	29	36	29	26	47	42
Y_scaffold4	768147	43	30	30	19	29	20	33	28	32	27	29	28	25	30	40	33	32	29	35	29	26	47	42
Y_scaffold4	768148	44	30	30	18	29	20	33	27	32	27	28	28	24	30	40	33	31	30	35	29	26	47	41
Y_scaffold4	768149	44	30	30	18	29	20	33	27	31	27	28	28	24	30	40	33	31	30	35	29	26	47	41
Y_scaffold4	768150	44	31	30	18	29	21	32	27	31	27	28	27	23	30	39	34	31	30	36	30	26	47	42
Y_scaffold4	768151	44	29	29	18	29	21	31	27	31	27	29	27	24	30	39	34	31	30	36	29	26	48	42
Y_scaffold4	768152	44	29	29	18	29	21	31	27	32	27	29	28	24	30	39	34	30	30	36	29	26	48	42
Y_scaffold4	768153	44	29	29	18	29	21	31	28	32	27	28	27	25	30	39	34	31	30	36	29	26	49	42
Y_scaffold4	768154	44	28	29	16	28	21	31	28	32	27	28	27	25	29	39	34	31	30	36	28	26	49	41
Y_scaffold4	768155	44	28	29	17	29	21	31	29	31	27	28	27	25	29	39	33	31	31	36	28	26	49	41
Y_scaffold4	768156	43	28	29	17	29	21	31	29	31	27	28	27	25	29	40	33	31	30	36	28	26	49	41
Y_scaffold4	768157	43	28	29	17	29	20	31	29	31	27	28	27	25	29	40	33	31	30	36	28	26	48	40
Y_scaffold4	768158	42	28	29	17	29	19	31	29	31	27	28	27	25	29	41	33	31	30	36	28	26	48	40
Y_scaffold4	768159	42	28	28	17	29	19	32	29	31	27	28	27	25	28	41	32	31	30	35	28	26	48	40
Y_scaffold4	768160	45	29	28	18	30	18	30	30	31	28	28	28	27	29	41	33	32	31	36	26	27	47	41
Y_scaffold4	768161	45	29	28	19	30	18	29	29	31	28	28	29	27	29	41	34	32	31	37	26	27	46	41
Y_scaffold4	768162	45	29	28	19	30	18	29	28	31	28	28	29	28	29	41	34	32	31	38	26	27	46	41
Y_scaffold4	768163	45	29	28	19	30	18	30	28	31	27	28	28	28	29	41	35	32	32	38	27	26	46	41
Y_scaffold4	768164	45	30	28	19	30	18	30	28	31	27	28	28	29	29	41	34	31	31	38	27	26	46	40
Y_scaffold4	768165	46	30	28	19	29	18	30	27	31	27	28	28	29	29	41	34	31	31	38	27	26	46	40
Y_scaffold4	768166	46	30	28	19	29	19	29	26	31	28	28	28	29	29	41	34	31	31	38	27	26	43	39
Y_scaffold4	768167	46	31	29	19	29	19	29	27	31	29	28	28	29	30	41	34	31	31	39	29	26	46	40
Y_scaffold4	768168	45	31	29	19	29	19	30	29	32	30	28	28	30	30	41	34	31	31	38	29	26	45	40
Y_scaffold4	768169	45	31	27	20	29	19	31	29	31	30	28	28	31	29	40	32	31	31	38	29	24	45	40
Y_scaffold4	768170	45	31	27	20	29	20	31	29	31	30	28	29	31	29	39	32	32	32	38	29	24	44	40
Y_scaffold4	768171	45	31	28	20	29	20	32	28	32	30	28	29	32	28	39	32	32	32	38	29	24	44	42
Y_scaffold4	768172	46	31	28	20	29	20	32	28	33	31	28	29	32	29	41	31	32	33	39	29	24	42	43
Y_scaffold4	768173	46	30	28	20	28	21	32	29	33	31	28	29	32	29	40	31	31	33	39	29	25	42	43
Y_scaffold4	768174	45	30	28	20	29	21	31	29	33	32	28	30	32	29	40	31	31	31	40	28	25	42	43
Y_scaffold4	768175	44	30	28	20	29	21	33	30	32	32	27	30	32	29	40	31	31	31	39	28	25	42	43
Y_scaffold4	768176	44	31	28	20	30	21	33	30	31	32	27	31	32	29	40	31	31	31	39	28	25	42	43
Y_scaffold4	768177	43	30	28	20	29	21	33	30	31	32	27	29	32	29	39	31	31	31	38	28	24	43	43
Y_scaffold4	768178	42	30	28	20	29	21	32	31	31	32	27	29	31	29	40	31	31	31	37	29	24	43	44
Y_scaffold4	768179	42	30	28	20	29	21	32	31	32	32	27	30	31	29	40	30	31	30	37	28	23	42	46
Y_scaffold4	768180	42	30	28	20	29	21	31	31	33	32	27	30	30	29	40	29	31	30	36	27	23	44	46
Y_scaffold4	768181	42	30	28	21	29	21	31	30	34	32	27	30	30	29	40	29	31	30	36	26	22	44	47
Y_scaffold4	768182	42	29	28	21	28	21	31	30	34	33	27	30	30	29	40	29	31	31	36	26	21	43	47
Y_scaffold4	768183	43	29	30	22	28	21	31	30	32	33	27	30	30	29	41	29	31	32	35	26	22	42	47
Y_scaffold4	768184	43	29	30	22	28	21	31	30	32	32	27	30	31	30	40	29	31	33	34	26	22	42	47
Y_scaffold4	768185	44	29	30	22	28	21	30	29	32	32	27	30	31	30	40	31	31	33	33	26	24	40	46
Y_scaffold4	768186	45	29	30	22	28	21	30	30	32	32	27	31	32	30	40	31	31	33	33	26	24	41	47
Y_scaffold4	768187	44	29	29	22	28	22	30	30	32	31	27	31	32	30	40	31	30	32	34	26	23	41	47
Y_scaffold4	768188	44	29	29	22	28	22	30	30	32	30	27	32	32	30	40	30	30	32	35	25	23	42	47
Y_scaffold4	768189	44	29	28	21	28	21	30	31	33	30	27	32	32	29	39	30	30	32	34	25	23	43	47
Y_scaffold4	768190	45	29	28	21	28	21	32	31	32	30	27	32	32	29	39	30	30	32	33	25	23	43	46
Y_scaffold4	768191	43	29	28	21	29	21	32	31	30	29	27	32	31	28	38	30	31	32	33	25	22	43	46
Y_scaffold4	768192	42	29	28	21	28	21	32	32	30	29	27	33	31	28	38	29	31	32	34	24	22	44	46
Y_scaffold4	768193	43	29	28	22	28	21	32	31	31	29	27	33	31	28	37	29	31	32	34	25	22	44	46
Y_scaffold4	768194	43	29	27	21	28	21	32	30	31	29	27	33	31	28	37	29	31	32	34	24	22	41	45
Y_scaffold4	768195	43	29	27	22	29	20	31	30	31	29	28	33	33	28	37	30	31	33	34	25	22	41	45
Y_scaffold4	768196	42	29	27	22	30	20	31	30	30	26	27	34	33	28	38	30	31	33	34	26	22	40	44
Y_scaffold4	768197	42	29	27	22	30	20	32	30	30	27	27	34	33	28	38	30	30	33	34	26	22	40	44
Y_scaffold4	768198	42	29	27	22	30	20	32	30	30	27	27	35	33	28	38	30	30	34	34	26	22	40	45
Y_scaffold4	768199	43	29	26	22	30	20	32	30	30	26	27	35	33	28	38	30	29	33	34	26	22	39	45
Y_scaffold4	768200	43	28	25	22	32	20	32	31	30	26	27	35	33	28	38	31	29	33	34	25	21	39	45
Y_scaffold4	768201	43	28	26	22	33	20	32	31	30	26	26	35	33	28	38	31	29	33	34	25	20	41	44
Y_scaffold4	768202	44	28	26	22	34	21	32	31	30	26	26	35	32	28	40	32	29	33	34	25	20	42	44
Y_scaffold4	768203	44	28	26	22	34	21	32	31	30	28	26	34	32	28	39	32	28	33	34	26	20	42	44
Y_scaffold4	768204	44	29	26	22	35	22	32	32	29	28	26	34	32	28	39	32	28	33	34	26	20	42	44
Y_scaffold4	768205	44	30	25	22	35	22	32	31	27	29	26	34	32	27	39	32	29	33	36	26	20	42	44
Y_scaffold4	768206	44	30	24	23	35	22	32	30	26	28	25	33	32	26	39	32	28	33	37	26	20	42	44
Y_scaffold4	768207	44	30	23	23	34	23	32	30	25	28	25	32	32	26	39	32	28	33	37	26	20	43	43
Y_scaffold4	768208	44	30	23	23	34	23	32	30	25	28	25	33	34	26	39	32	29	34	37	24	19	43	43
Y_scaffold4	768209	43	30	23	23	34	23	33	30	25	28	25	34	34	24	38	32	30	34	37	25	18	42	43
Y_scaffold4	768210	43	30	23	23	34	23	32	30	25	28	25	33	34	24	38	32	29	34	37	25	17	42	43
Y_scaffold4	768211	43	30	22	23	34	23	33	30	24	28	25	32	34	25	38	33	29	34	36	26	17	42	43
Y_scaffold4	768212	43	30	21	23	34	23	33	30	24	28	25	33	34	24	38	33	28	35	36	26	17	42	42
Y_scaffold4	768213	44	30	22	23	34	23	33	30	23	29	24	32	34	23	37	34	28	35	36	26	17	42	42
Y_scaffold4	768214	41	30	22	23	33	23	34	30	23	29	24	32	33	23	37	34	28	35	36	26	16	41	41
Y_scaffold4	768215	41	31	22	22	33	23	33	31	23	29	24	31	33	24	36	34	28	35	37	26	16	41	42
Y_scaffold4	768216	41	31	22	21	33	23	33	30	23	29	24	32	32	24	36	34	28	35	38	27	17	41	42
Y_scaffold4	768217	41	30	21	21	32	23	31	30	23	28	25	32	32	24	36	33	28	35	38	27	17	41	42
Y_scaffold4	768218	42	33	21	21	34	21	31	30	23	29	25	32	32	24	37	34	27	35	38	27	17	41	41
Y_scaffold4	768219	43	33	22	21	34	21	31	30	23	28	23	32	32	24	36	34	27	35	38	27	17	41	41
Y_scaffold4	768220	44	33	22	22	34	21	31	29	24	28	23	33	32	24	36	34	28	34	38	27	17	41	41
Y_scaffold4	768221	43	34	22	22	35	21	31	29	24	29	23	33	32	24	36	34	28	34	38	27	17	41	41
Y_scaffold4	768222	42	34	22	22	35	21	31	29	24	29	23	33	32	24	36	32	28	34	38	27	16	41	41
Y_scaffold4	768223	41	34	22	22	35	21	30	28	24	29	22	33	32	23	36	32	26	34	37	27	17	40	42
Y_scaffold4	768224	42	35	23	22	35	21	30	28	24	29	23	33	32	23	36	31	26	34	37	27	17	40	42
Y_scaffold4	768225	42	33	24	22	35	21	29	29	24	29	23	33	32	23	35	31	26	34	37	27	18	40	42
Y_scaffold4	768226	42	33	24	22	34	21	29	29	24	29	23	33	32	23	35	30	26	34	37	27	18	40	41
Y_scaffold4	768227	42	31	24	22	35	21	31	29	25	29	24	32	32	23	35	31	26	34	37	29	17	40	40
Y_scaffold4	768228	42	31	24	22	35	21	30	30	25	30	24	33	33	23	34	31	25	34	38	30	17	41	40
Y_scaffold4	768229	42	31	24	22	35	21	29	30	25	30	24	33	33	23	34	31	25	34	39	31	17	41	40
Y_scaffold4	768230	40	31	24	22	34	21	28	29	25	31	24	34	32	24	35	31	25	34	39	32	17	41	40
Y_scaffold4	768231	40	31	24	22	34	21	28	29	25	31	25	35	32	24	34	31	25	35	39	32	17	42	40
Y_scaffold4	768232	39	32	23	22	34	20	28	30	26	31	26	35	33	24	34	31	25	34	39	32	17	41	40
Y_scaffold4	768233	39	32	23	23	34	20	28	30	26	31	26	35	33	24	34	31	25	34	40	32	17	41	40
Y_scaffold4	768234	40	32	23	23	34	20	28	30	26	31	26	35	33	24	34	31	25	34	40	32	17	41	40
Y_scaffold4	768235	39	32	23	23	34	19	27	30	26	31	26	35	33	23	34	31	25	34	39	32	18	39	41
Y_scaffold4	768236	39	32	23	24	34	19	28	29	28	31	26	34	32	22	34	32	24	35	41	32	18	37	42
Y_scaffold4	768237	38	32	24	24	36	20	28	29	28	31	26	35	32	22	34	32	24	35	41	32	18	38	42
Y_scaffold4	768238	39	33	24	24	34	20	28	30	29	30	26	35	34	22	34	32	24	34	40	32	18	38	41
Y_scaffold4	768239	38	33	23	25	34	20	28	30	28	29	27	35	34	22	34	30	24	34	40	32	18	38	41
Y_scaffold4	768240	37	33	23	25	35	20	28	31	28	29	27	35	34	22	34	30	25	34	40	31	17	38	42
Y_scaffold4	768241	37	33	23	24	33	20	28	31	28	29	26	34	33	22	33	29	25	34	40	31	17	38	40
Y_scaffold4	768242	37	33	24	24	33	21	28	32	28	29	27	34	33	21	31	30	25	34	42	32	17	38	42
Y_scaffold4	768243	38	33	24	24	33	20	29	32	29	31	26	34	32	21	31	30	25	35	42	32	17	38	42
Y_scaffold4	768244	38	33	24	24	33	20	29	31	30	32	26	36	33	21	32	32	26	35	42	31	17	38	43
Y_scaffold4	768245	38	35	26	24	34	20	30	32	31	32	27	36	33	22	32	33	26	35	42	30	17	38	43
Y_scaffold4	768246	38	34	26	24	34	20	31	32	31	32	28	35	33	21	31	34	26	34	41	30	18	38	43
Y_scaffold4	768247	38	35	26	24	34	20	30	34	31	32	29	34	32	21	32	36	25	34	41	30	18	38	42
Y_scaffold4	768248	38	35	27	24	34	21	31	35	31	32	30	34	33	21	32	37	24	35	40	30	18	39	43
