Y_scaffold4	768307	41	36	37	25	41	21	39	40	36	34	35	42	35	26	36	50	25	37	48	39	19	43	46
Y_scaffold4	768308	40	36	37	25	41	21	38	40	37	34	34	42	34	26	35	50	26	37	49	39	21	44	46
Y_scaffold4	768309	40	36	37	25	41	21	38	40	37	34	34	41	34	26	34	51	26	37	49	39	20	44	46
Y_scaffold4	768310	39	36	37	26	40	22	38	39	37	33	34	41	33	25	34	50	25	37	49	39	21	44	46
Y_scaffold4	768311	39	36	37	25	40	23	38	39	39	33	34	40	33	25	34	49	25	37	48	39	22	44	48
Y_scaffold4	768312	39	36	37	25	40	23	37	40	39	33	34	42	33	25	34	49	25	36	47	38	21	43	48
Y_scaffold4	768313	40	36	36	25	41	24	38	40	39	33	34	42	34	25	34	48	25	37	48	38	21	43	47
Y_scaffold4	768314	39	36	36	25	41	24	38	40	39	32	34	42	33	25	33	49	25	37	48	38	21	42	47
Y_scaffold4	768315	39	36	36	25	41	23	38	41	39	31	34	42	33	24	33	48	26	38	48	37	21	42	47
Y_scaffold4	768316	39	35	35	25	41	23	38	40	39	30	35	43	33	23	33	48	26	38	48	36	21	41	47
Y_scaffold4	768317	39	35	35	25	41	23	37	39	40	29	35	44	33	23	33	48	26	38	48	36	21	40	46
Y_scaffold4	768318	39	35	35	25	41	23	37	39	40	29	35	44	32	23	33	48	26	38	48	36	21	40	46
Y_scaffold4	768319	39	35	34	24	41	23	36	39	40	29	35	44	31	23	33	48	26	38	48	36	21	40	46
Y_scaffold4	768320	39	35	34	26	42	22	38	40	40	29	35	43	31	23	33	48	25	37	49	36	21	40	46
Y_scaffold4	768321	39	35	33	27	42	22	37	41	40	29	35	43	30	23	33	48	26	37	49	36	21	40	43
Y_scaffold4	768322	39	35	34	27	42	22	37	41	39	28	35	43	30	22	31	48	26	36	47	36	20	40	42
Y_scaffold4	768323	40	35	34	27	42	22	37	40	39	28	35	44	31	22	31	48	26	35	47	36	20	41	42
Y_scaffold4	768324	40	35	34	27	41	22	37	38	39	28	35	43	31	22	31	48	26	34	46	36	20	41	42
Y_scaffold4	768325	40	34	34	28	40	22	36	38	40	28	36	43	31	22	31	48	26	34	46	36	20	41	42
Y_scaffold4	768326	41	35	34	28	40	22	36	38	39	28	35	43	31	22	30	48	26	33	47	35	20	41	41
Y_scaffold4	768327	41	36	34	28	40	22	37	38	39	29	35	43	31	23	30	48	26	32	47	35	20	41	41
Y_scaffold4	768328	40	36	34	28	40	22	37	37	37	29	35	42	32	23	31	48	27	32	47	35	20	41	40
Y_scaffold4	768329	40	36	35	29	40	22	37	37	37	29	36	42	32	23	31	48	27	32	47	36	20	41	40
Y_scaffold4	768330	40	36	35	29	40	22	37	37	38	29	36	42	32	23	33	48	27	32	47	36	20	39	40
Y_scaffold4	768331	40	36	35	29	40	22	36	37	37	29	36	42	32	23	33	48	27	33	47	36	20	39	39
Y_scaffold4	768332	39	35	34	29	39	22	36	37	37	28	37	42	32	23	33	48	27	32	47	36	19	39	39
Y_scaffold4	768333	38	35	33	28	39	22	36	37	37	28	37	42	32	23	32	48	27	31	47	36	19	39	39
Y_scaffold4	768334	39	35	33	28	39	22	36	37	37	28	37	42	32	22	32	47	27	30	47	36	20	39	39
Y_scaffold4	768335	38	35	33	28	39	22	37	37	37	29	37	42	32	22	32	46	27	30	47	36	18	38	40
Y_scaffold4	768336	37	35	33	28	39	22	37	36	37	29	38	41	31	22	32	47	27	30	47	36	18	36	39
Y_scaffold4	768337	37	35	33	28	39	21	37	36	37	29	38	40	31	22	33	47	27	30	46	37	18	36	39
Y_scaffold4	768338	37	35	33	29	39	22	37	36	37	29	38	40	31	22	34	48	28	30	45	37	18	38	39
Y_scaffold4	768339	36	35	32	29	40	21	36	35	36	29	37	40	31	22	34	48	28	30	45	37	18	37	39
Y_scaffold4	768340	36	35	32	29	40	21	35	35	36	29	38	40	31	22	34	48	28	30	46	38	19	37	38
Y_scaffold4	768341	35	35	31	29	40	21	34	34	36	28	38	40	31	22	34	48	27	30	46	38	19	37	38
Y_scaffold4	768342	35	35	31	29	40	21	34	34	36	29	38	39	31	22	34	48	28	30	45	38	19	36	38
Y_scaffold4	768343	36	34	32	27	39	22	34	34	36	30	37	39	31	22	34	47	28	29	46	37	19	37	38
Y_scaffold4	768344	36	34	33	27	39	22	34	35	36	30	37	39	31	22	35	47	28	29	46	37	19	38	38
Y_scaffold4	768345	37	34	32	26	38	22	34	35	36	30	37	39	30	23	35	47	28	29	46	36	19	38	38
Y_scaffold4	768346	38	34	32	26	38	22	34	35	36	30	37	38	30	22	34	48	28	30	46	35	20	39	38
Y_scaffold4	768347	38	34	32	26	40	22	33	35	36	29	37	38	30	22	34	48	28	30	46	35	21	39	39
Y_scaffold4	768348	38	34	32	26	40	22	33	35	36	30	37	37	30	22	33	48	28	29	46	35	21	39	38
Y_scaffold4	768349	37	34	33	26	41	22	33	36	35	30	37	37	30	22	33	48	28	29	44	34	21	39	37
Y_scaffold4	768350	37	34	33	26	40	22	33	35	35	30	37	37	31	21	33	47	30	29	44	34	21	39	36
Y_scaffold4	768351	37	34	33	27	39	22	33	35	35	30	37	37	31	21	33	48	30	29	44	34	21	38	37
Y_scaffold4	768352	36	34	33	27	38	21	33	35	35	30	37	38	31	21	31	48	30	30	44	35	21	37	37
Y_scaffold4	768353	36	34	33	27	38	21	32	35	35	28	37	38	32	22	31	48	31	32	44	34	21	37	37
Y_scaffold4	768354	36	33	33	26	37	20	32	34	35	27	37	38	32	22	30	48	31	32	44	34	21	37	37
Y_scaffold4	768355	36	33	34	26	37	20	32	35	36	26	37	38	32	22	30	48	30	33	43	34	21	37	37
Y_scaffold4	768356	38	33	34	25	36	20	32	35	36	26	37	38	32	22	30	48	30	34	42	34	21	38	37
Y_scaffold4	768357	37	33	34	25	36	19	33	35	36	26	36	38	32	22	31	48	30	33	42	34	21	39	38
Y_scaffold4	768358	37	33	34	25	36	19	33	35	36	26	36	37	30	22	31	49	29	32	42	34	21	39	39
Y_scaffold4	768359	37	33	34	25	36	19	33	36	36	26	36	37	30	22	32	49	28	32	42	33	21	40	40
Y_scaffold4	768360	38	33	34	26	36	19	31	36	36	26	36	37	29	21	32	49	28	32	42	33	21	40	40
Y_scaffold4	768361	38	33	34	26	36	19	31	36	36	26	36	38	29	21	32	48	29	32	43	32	21	40	40
Y_scaffold4	768362	38	34	34	26	36	19	32	36	36	26	36	37	29	21	32	48	29	31	43	32	21	40	40
Y_scaffold4	768363	37	34	34	26	36	19	32	36	36	25	36	37	29	21	32	47	29	31	43	32	21	41	41
Y_scaffold4	768364	38	33	34	26	36	20	32	37	36	25	36	37	30	21	32	47	29	31	43	33	21	41	42
Y_scaffold4	768365	38	33	34	26	36	20	32	37	36	25	36	38	31	21	32	47	29	31	43	33	21	41	41
Y_scaffold4	768366	37	33	34	26	35	20	32	37	36	27	36	37	31	21	31	47	30	31	42	33	20	41	42
Y_scaffold4	768367	35	30	34	26	33	21	32	37	36	26	35	37	32	21	31	46	31	31	41	34	20	41	42
Y_scaffold4	768368	35	30	34	26	33	22	33	37	36	26	35	37	32	21	31	46	31	31	41	34	20	41	42
Y_scaffold4	768369	34	30	34	26	33	22	35	37	36	26	35	37	32	23	31	46	31	31	42	34	20	41	42
Y_scaffold4	768370	34	30	34	25	33	22	35	37	35	28	35	36	32	23	31	46	30	31	42	34	20	41	42
Y_scaffold4	768371	35	29	35	25	32	22	35	37	35	27	35	36	32	23	31	47	30	31	43	33	21	41	42
Y_scaffold4	768372	36	30	35	25	32	22	35	37	35	27	35	36	32	23	31	47	30	31	43	33	21	41	42
Y_scaffold4	768373	36	30	35	25	31	22	36	37	36	27	35	37	32	24	31	46	30	31	43	33	20	42	42
Y_scaffold4	768374	36	29	33	25	31	23	36	37	37	27	34	37	32	24	31	46	30	31	43	33	19	42	42
Y_scaffold4	768375	36	29	33	25	30	23	37	37	36	27	35	37	32	24	31	46	30	31	44	32	19	42	41
Y_scaffold4	768376	36	29	33	26	31	23	37	37	36	27	34	37	32	24	31	46	30	31	44	33	19	42	41
Y_scaffold4	768377	37	29	33	26	32	23	36	37	36	27	36	37	32	24	30	48	30	32	44	32	19	42	41
Y_scaffold4	768378	37	28	33	26	32	23	36	36	36	26	37	37	31	24	30	49	30	32	43	31	19	42	41
Y_scaffold4	768379	37	27	33	26	32	23	36	36	37	26	36	37	31	24	29	49	30	32	42	29	19	42	41
Y_scaffold4	768380	39	28	33	27	32	24	36	36	37	25	36	37	31	23	29	50	30	33	43	28	19	43	42
Y_scaffold4	768381	40	28	33	27	32	24	36	36	37	25	35	36	31	23	29	50	30	32	43	29	19	42	42
Y_scaffold4	768382	40	28	32	27	31	24	36	35	36	25	34	36	30	23	29	50	30	32	43	29	19	42	42
Y_scaffold4	768383	40	28	32	26	30	24	38	35	37	25	34	36	30	23	30	49	29	33	42	29	19	44	42
Y_scaffold4	768384	39	28	32	25	30	24	37	35	35	25	34	36	29	23	31	50	29	32	43	29	18	44	41
Y_scaffold4	768385	40	28	31	25	30	24	37	38	34	25	34	35	30	23	31	50	30	32	41	30	18	44	41
Y_scaffold4	768386	40	28	31	26	30	24	37	38	34	26	34	35	30	23	32	50	30	32	42	30	18	44	40
Y_scaffold4	768387	40	28	31	26	29	24	38	38	33	26	35	35	30	23	31	50	30	32	42	30	19	43	40
Y_scaffold4	768388	40	27	31	26	29	24	38	37	34	26	36	35	28	23	30	50	30	32	43	30	19	45	40
Y_scaffold4	768389	41	28	31	25	30	24	38	37	35	26	35	36	29	24	32	50	30	33	43	33	19	45	40
Y_scaffold4	768390	41	28	31	25	29	24	38	36	36	26	35	36	29	24	32	51	30	33	43	33	20	45	39
Y_scaffold4	768391	40	28	30	25	29	24	38	36	37	26	35	36	29	24	32	51	30	32	42	33	20	44	38
Y_scaffold4	768392	40	28	30	25	29	23	37	36	37	26	34	36	28	25	32	50	30	32	40	32	20	45	39
Y_scaffold4	768393	39	28	30	25	29	23	37	36	36	24	34	35	29	25	32	50	30	31	41	32	20	45	39
Y_scaffold4	768394	39	29	30	25	29	23	37	36	35	24	34	34	28	25	31	48	29	31	41	32	20	45	38
Y_scaffold4	768395	39	27	28	25	30	23	36	35	34	24	33	34	28	24	33	48	29	32	41	32	20	46	39
Y_scaffold4	768396	39	28	28	25	30	23	35	34	34	24	33	34	28	24	33	47	29	32	42	32	20	46	38
Y_scaffold4	768397	38	28	27	25	30	22	34	35	36	24	32	34	28	24	31	44	28	32	41	32	20	46	38
Y_scaffold4	768398	38	28	27	26	30	22	34	35	36	25	31	33	27	24	31	44	28	31	41	32	20	45	38
Y_scaffold4	768399	38	27	27	25	32	22	34	35	36	24	31	33	27	24	30	46	27	31	39	32	20	45	38
Y_scaffold4	768400	37	27	27	24	31	22	33	35	36	23	31	32	26	24	30	46	27	31	39	31	20	45	38
Y_scaffold4	768401	36	26	27	24	30	22	32	35	35	23	30	31	26	23	30	46	26	30	39	31	19	44	36
Y_scaffold4	768402	36	27	26	25	29	22	32	34	35	24	30	31	27	23	30	47	27	30	40	31	19	44	37
Y_scaffold4	768403	36	27	26	25	29	22	32	34	35	24	28	31	27	23	29	47	27	30	40	30	19	44	37
Y_scaffold4	768404	36	28	26	25	29	23	32	34	35	24	28	31	27	24	29	47	27	30	39	30	19	45	37
Y_scaffold4	768405	35	27	26	24	29	23	32	35	34	24	28	31	27	24	29	46	27	31	39	29	18	45	36
Y_scaffold4	768406	34	27	26	24	28	23	32	34	34	24	28	30	27	24	29	45	27	31	39	29	18	45	36
Y_scaffold4	768407	34	27	26	24	27	23	32	35	35	24	28	30	27	24	30	45	27	32	39	29	18	44	38
Y_scaffold4	768408	35	28	26	24	27	23	32	36	34	24	27	30	26	24	30	45	27	32	39	28	18	43	38
Y_scaffold4	768409	34	28	26	24	27	23	32	37	34	24	27	30	26	24	31	45	28	32	39	28	18	43	38
Y_scaffold4	768410	34	26	26	25	27	24	34	37	34	24	27	31	27	24	29	45	28	32	39	26	18	43	38
Y_scaffold4	768411	34	27	25	24	27	24	34	37	34	24	26	32	27	25	30	45	29	32	38	27	19	43	37
Y_scaffold4	768412	34	27	24	24	27	25	34	36	34	25	25	32	27	25	30	45	29	32	39	26	18	41	38
Y_scaffold4	768413	33	26	24	24	26	24	35	37	34	26	25	32	27	26	30	46	29	32	37	26	18	41	39
Y_scaffold4	768414	33	26	22	24	26	24	35	37	34	25	25	32	29	26	31	46	29	32	37	26	18	40	38
Y_scaffold4	768415	34	27	22	24	26	24	36	36	34	25	25	32	29	25	31	46	30	33	37	26	18	40	37
Y_scaffold4	768416	33	27	22	24	25	24	35	35	32	25	26	32	30	25	31	46	30	32	37	26	19	40	38
Y_scaffold4	768417	33	27	23	24	25	24	35	35	31	25	27	33	32	25	31	45	29	32	36	26	19	41	38
Y_scaffold4	768418	33	27	24	23	25	24	35	35	32	25	27	34	32	25	31	44	29	32	36	25	20	41	38
Y_scaffold4	768419	34	27	24	24	26	23	35	36	32	24	28	33	32	24	30	45	28	31	33	25	21	41	36
Y_scaffold4	768420	34	27	24	24	26	23	34	36	32	23	29	33	32	24	31	45	28	31	33	24	21	42	36
Y_scaffold4	768421	36	27	24	25	25	23	34	36	33	23	32	33	34	23	31	46	28	30	33	24	22	42	36
Y_scaffold4	768422	36	27	24	26	25	23	35	36	33	23	32	33	35	23	31	45	28	30	33	24	22	42	36
Y_scaffold4	768423	36	28	23	26	26	23	34	36	33	23	32	32	36	22	32	45	27	30	33	24	21	42	37
Y_scaffold4	768424	36	28	23	26	26	23	34	36	33	22	30	32	36	22	32	45	27	30	32	24	21	42	38
Y_scaffold4	768425	36	28	24	27	25	23	35	36	34	25	31	31	36	23	32	46	28	30	32	24	21	43	39
Y_scaffold4	768426	36	28	24	27	25	23	34	36	34	24	33	30	36	23	32	45	28	30	30	25	22	43	39
Y_scaffold4	768427	35	28	24	27	24	23	34	35	34	25	34	29	35	23	32	47	28	30	30	25	22	40	40
Y_scaffold4	768428	35	30	24	27	24	23	35	36	34	25	35	28	33	23	32	47	26	30	30	24	21	41	41
Y_scaffold4	768429	35	29	24	27	24	23	35	35	33	25	35	30	33	23	32	48	26	31	30	23	21	41	40
Y_scaffold4	768430	34	29	22	27	23	23	35	35	34	25	35	30	33	23	32	46	25	31	30	24	21	41	41
Y_scaffold4	768431	34	29	22	27	23	23	35	34	34	25	35	30	33	23	32	44	25	31	29	25	20	43	41
Y_scaffold4	768432	34	29	22	28	23	23	34	33	34	25	36	30	33	21	31	42	25	30	29	25	20	43	41
Y_scaffold4	768433	33	28	22	28	23	23	32	33	34	25	36	29	34	21	32	40	25	29	28	25	20	42	41
Y_scaffold4	768434	33	29	22	28	23	23	32	33	34	25	37	29	34	21	32	41	26	29	29	25	20	42	41
Y_scaffold4	768435	35	30	24	28	24	23	31	33	32	25	38	29	34	22	31	41	26	29	29	25	20	42	42
Y_scaffold4	768436	34	30	24	27	25	23	32	32	31	25	39	29	34	22	31	41	26	30	28	25	20	41	42
Y_scaffold4	768437	34	31	24	27	25	23	32	32	31	25	40	30	32	22	31	41	26	31	28	25	19	42	43
Y_scaffold4	768438	34	31	25	28	26	24	32	32	31	25	39	31	32	23	31	43	26	30	28	25	19	42	43
Y_scaffold4	768439	35	31	25	28	25	23	30	30	31	26	39	31	32	22	31	43	25	29	27	24	19	40	43
Y_scaffold4	768440	35	31	25	29	25	24	30	30	31	26	39	31	32	23	31	43	25	29	27	24	19	42	44
Y_scaffold4	768441	35	31	25	30	25	24	30	31	30	26	39	32	32	23	31	43	25	30	28	24	19	42	43
Y_scaffold4	768442	35	30	25	29	25	24	30	31	30	26	39	30	31	22	31	43	24	31	29	24	19	42	44
Y_scaffold4	768443	35	30	22	30	25	24	31	31	30	27	38	31	31	21	32	43	24	30	30	25	21	44	45
Y_scaffold4	768444	35	30	22	30	25	24	31	31	30	27	38	31	30	21	33	42	24	30	30	23	21	44	45
Y_scaffold4	768445	35	30	23	29	25	24	32	32	29	27	38	32	30	21	36	42	25	29	32	20	21	44	45
Y_scaffold4	768446	36	30	22	29	26	24	33	32	29	27	38	32	30	20	36	39	25	28	32	21	22	42	45
Y_scaffold4	768447	36	30	22	30	26	25	33	32	30	28	38	32	30	20	36	39	25	27	32	21	22	42	44
Y_scaffold4	768448	36	30	22	31	25	24	33	32	30	28	37	32	29	21	36	39	25	26	32	22	21	42	44
Y_scaffold4	768449	36	30	21	31	25	23	34	33	30	28	36	31	28	22	36	39	26	25	33	22	21	42	44
Y_scaffold4	768450	36	30	21	31	24	23	34	33	30	27	36	31	28	22	35	39	27	25	32	21	21	41	43
Y_scaffold4	768451	36	29	21	31	24	23	33	34	29	26	36	31	28	22	33	38	27	24	32	22	21	40	43
Y_scaffold4	768452	36	29	21	31	24	23	33	34	28	26	36	31	28	22	33	38	27	24	33	23	21	40	43
Y_scaffold4	768453	36	29	21	31	24	23	33	34	28	26	37	31	29	22	33	38	27	24	33	23	20	41	41
Y_scaffold4	768454	36	30	20	32	24	22	33	34	27	26	37	30	29	22	33	38	27	24	33	22	20	41	42
Y_scaffold4	768455	36	30	18	32	24	22	33	34	27	26	37	28	30	22	31	37	28	24	33	22	20	40	43
Y_scaffold4	768456	37	30	18	32	24	21	33	32	28	26	37	29	30	21	31	36	28	24	32	22	20	39	42
Y_scaffold4	768457	37	30	18	33	25	21	33	33	28	26	37	29	30	21	31	36	27	26	32	22	20	39	42
Y_scaffold4	768458	38	31	18	33	25	21	33	33	27	26	37	30	30	21	31	36	27	26	32	22	19	39	42
Y_scaffold4	768459	38	31	18	33	25	21	33	33	27	26	38	31	30	21	31	35	27	26	32	22	20	40	42
Y_scaffold4	768460	38	31	18	32	25	21	33	33	28	26	38	31	30	22	31	36	28	26	32	23	19	40	41
Y_scaffold4	768461	38	31	18	32	25	20	34	33	26	27	38	31	30	22	31	36	28	26	32	23	18	40	39
Y_scaffold4	768462	38	31	18	32	25	20	34	33	27	27	38	29	29	22	31	36	28	26	32	23	18	40	39
Y_scaffold4	768463	37	31	19	32	24	19	35	33	28	27	38	29	28	22	31	36	28	25	31	23	18	41	39
Y_scaffold4	768464	38	30	19	32	24	19	35	33	28	27	38	29	29	23	32	36	28	26	31	23	18	42	39
Y_scaffold4	768465	38	30	19	32	24	19	35	32	28	27	38	29	29	23	32	36	27	25	32	23	18	42	39
Y_scaffold4	768466	38	30	19	32	24	19	36	32	26	27	38	27	29	23	32	37	27	25	32	23	18	42	40
Y_scaffold4	768467	38	30	19	32	24	19	37	31	26	27	39	28	29	23	32	37	27	25	31	23	18	42	40
Y_scaffold4	768468	38	30	19	32	24	19	37	31	26	27	39	29	29	24	32	37	27	25	30	24	18	42	40
Y_scaffold4	768469	38	31	19	30	25	19	35	31	26	28	38	30	30	24	32	37	27	25	30	24	18	42	40
Y_scaffold4	768470	38	31	19	30	24	19	36	31	26	28	39	30	30	24	33	37	28	25	31	24	18	42	40
Y_scaffold4	768471	38	32	19	30	24	19	37	30	25	28	39	30	30	23	33	37	27	26	32	24	19	43	41
Y_scaffold4	768472	37	31	18	30	24	19	37	30	25	28	39	31	29	23	33	37	28	26	33	24	19	44	41
Y_scaffold4	768473	36	31	18	31	23	18	37	30	25	28	39	30	29	23	33	37	30	26	33	24	19	43	42
Y_scaffold4	768474	37	31	18	31	23	18	36	30	25	27	39	30	29	23	34	38	30	26	33	24	19	43	43
Y_scaffold4	768475	37	31	18	30	23	18	36	30	24	27	39	29	29	23	34	38	30	26	34	24	19	43	43
Y_scaffold4	768476	38	31	18	30	23	18	38	30	25	27	39	29	29	23	35	38	30	26	33	24	19	42	44
Y_scaffold4	768477	38	30	18	30	24	18	37	30	25	26	39	29	29	22	35	38	30	26	33	24	19	42	44
Y_scaffold4	768478	39	30	18	30	24	18	37	30	25	26	40	29	28	22	34	38	29	26	33	24	19	42	44
Y_scaffold4	768479	39	30	18	29	24	18	38	31	25	26	40	29	28	22	34	38	29	26	33	23	19	42	43
Y_scaffold4	768480	40	30	18	29	24	18	39	31	25	26	40	29	28	22	33	39	29	26	33	23	19	42	43
Y_scaffold4	768481	40	31	18	28	24	19	39	32	25	26	40	29	28	22	34	39	29	25	33	23	19	42	43
Y_scaffold4	768482	40	31	18	28	24	19	39	32	25	27	40	29	28	22	34	40	29	25	34	23	19	42	44
Y_scaffold4	768483	40	31	18	28	24	19	40	33	25	27	40	29	28	22	34	40	29	25	34	23	19	42	44
Y_scaffold4	768484	38	31	18	28	24	19	40	33	25	27	40	29	27	22	34	40	29	25	35	23	18	42	44
Y_scaffold4	768485	38	31	18	28	25	19	38	33	25	26	41	29	27	22	33	41	29	25	35	23	18	42	44
Y_scaffold4	768486	38	31	18	28	25	19	38	33	25	26	40	29	27	22	33	41	29	25	35	23	18	42	44
Y_scaffold4	768487	39	31	18	28	25	19	38	33	25	26	40	29	27	22	33	42	29	27	35	22	18	42	44
Y_scaffold4	768488	39	31	18	27	25	18	38	33	25	26	40	29	27	22	32	41	28	27	36	22	18	40	44
Y_scaffold4	768489	39	31	19	26	24	18	38	33	25	25	39	30	29	23	35	42	28	27	35	21	18	40	44
Y_scaffold4	768490	39	31	19	26	25	18	38	33	25	25	39	31	29	23	35	42	28	27	35	21	18	40	44
Y_scaffold4	768491	39	31	19	26	26	18	38	33	25	26	39	31	29	23	35	42	28	27	35	21	18	41	44
Y_scaffold4	768492	39	31	18	26	26	18	38	33	25	25	39	31	29	23	35	42	28	28	34	21	18	41	44
Y_scaffold4	768493	38	31	18	26	26	17	39	32	24	25	39	31	29	23	36	42	29	28	34	21	18	41	45
Y_scaffold4	768494	36	31	18	26	24	18	39	32	24	26	40	32	29	24	35	41	29	27	35	21	17	39	44
Y_scaffold4	768495	36	30	18	26	25	19	39	32	24	29	41	32	29	24	36	41	30	30	35	21	17	40	46
Y_scaffold4	768496	36	30	18	26	25	19	40	32	24	29	41	33	29	24	36	41	31	30	35	22	16	40	46
Y_scaffold4	768497	36	30	17	27	27	20	40	32	25	29	41	33	29	24	36	41	31	32	36	22	17	40	46
Y_scaffold4	768498	36	30	17	27	28	20	40	32	25	28	41	33	29	24	36	42	31	33	36	22	17	41	46
Y_scaffold4	768499	38	30	17	28	27	20	40	31	25	28	41	33	29	24	36	44	29	34	36	22	17	41	46
Y_scaffold4	768500	38	30	18	28	27	20	40	31	25	28	41	33	28	24	36	44	29	34	37	22	17	42	46
Y_scaffold4	768501	39	31	18	28	27	20	40	31	25	28	41	35	28	23	36	44	30	34	38	22	17	41	45
Y_scaffold4	768502	40	32	18	28	27	20	40	31	25	28	41	35	28	23	36	44	30	32	38	22	17	41	45
Y_scaffold4	768503	40	32	18	28	26	21	40	31	25	28	41	35	27	23	36	45	29	31	38	24	17	42	45
Y_scaffold4	768504	41	31	18	28	27	21	40	31	25	28	42	35	27	23	37	45	29	31	38	26	17	42	45
Y_scaffold4	768505	41	31	17	28	27	21	40	31	24	28	42	36	27	23	37	45	29	30	38	27	17	43	45
Y_scaffold4	768506	40	31	17	29	27	21	41	31	24	29	42	37	27	24	37	45	30	29	38	27	19	42	45
Y_scaffold4	768507	40	31	17	29	27	21	40	31	24	29	43	37	27	24	37	45	31	29	38	28	19	41	45
Y_scaffold4	768508	40	32	17	29	27	21	40	31	24	29	43	37	27	24	37	44	31	31	38	28	19	40	44
Y_scaffold4	768509	40	33	17	29	27	21	40	31	25	30	43	36	27	26	36	45	32	31	39	29	20	39	43
Y_scaffold4	768510	38	33	17	29	27	21	40	30	25	30	43	36	27	27	37	45	31	32	39	30	20	39	43
Y_scaffold4	768511	38	33	18	29	27	21	40	30	25	30	44	36	27	27	37	45	31	32	38	30	20	39	43
Y_scaffold4	768512	38	33	18	29	27	21	39	29	25	30	44	36	27	27	37	46	31	32	38	30	20	39	44
Y_scaffold4	768513	38	34	17	29	29	21	39	29	25	31	44	37	26	27	37	46	31	32	38	30	20	38	44
Y_scaffold4	768514	37	34	17	30	29	20	39	28	26	32	44	37	26	26	38	48	30	32	37	29	21	39	43
Y_scaffold4	768515	37	34	17	30	29	20	39	28	26	32	43	37	26	27	39	48	30	32	38	28	21	40	42
Y_scaffold4	768516	37	34	17	31	28	19	39	28	26	31	43	40	27	27	39	48	30	32	38	28	21	40	44
Y_scaffold4	768517	37	35	17	31	28	19	39	28	26	32	43	40	26	27	40	48	29	32	38	28	21	40	44
Y_scaffold4	768518	37	37	17	31	28	18	38	29	26	32	43	41	27	27	40	48	29	32	38	29	21	40	46
Y_scaffold4	768519	37	37	16	31	29	19	36	29	26	33	44	41	27	26	40	48	29	33	37	29	21	41	46
Y_scaffold4	768520	37	37	15	31	29	19	37	29	26	32	43	41	28	27	40	48	29	33	37	29	21	40	46
Y_scaffold4	768521	37	37	15	31	29	19	38	29	26	32	43	41	28	27	40	47	29	33	36	29	20	40	46
Y_scaffold4	768522	36	36	16	31	29	19	37	29	26	32	43	42	28	28	40	47	29	34	36	29	20	40	45
Y_scaffold4	768523	36	36	19	31	30	20	36	31	25	32	45	41	28	27	41	48	31	34	37	29	20	41	46
Y_scaffold4	768524	35	36	19	30	29	19	36	30	27	32	46	41	28	28	41	49	32	34	37	28	20	43	46
Y_scaffold4	768525	35	36	19	30	29	20	36	30	27	32	45	41	29	28	41	50	32	34	37	29	20	43	47
Y_scaffold4	768526	34	36	19	30	30	20	36	30	27	32	45	42	29	29	42	50	32	34	38	29	20	43	47
Y_scaffold4	768527	34	36	19	30	29	20	35	30	27	32	43	42	29	29	44	49	32	34	38	29	21	43	48
Y_scaffold4	768528	34	36	19	30	30	20	35	30	27	32	42	42	30	29	44	48	32	34	39	29	21	43	50
Y_scaffold4	768529	32	36	19	29	30	20	35	31	26	32	41	42	31	29	44	47	32	34	40	29	21	42	50
Y_scaffold4	768530	32	35	19	29	30	19	35	31	26	32	41	41	31	29	44	47	32	33	39	29	21	42	50
Y_scaffold4	768531	32	35	20	29	32	19	35	31	26	32	41	41	31	29	44	47	33	33	39	29	22	42	51
Y_scaffold4	768532	32	34	22	29	32	19	35	33	27	32	41	41	31	29	44	47	33	33	39	30	22	43	51
Y_scaffold4	768533	32	34	23	29	32	19	33	33	26	32	41	42	32	30	44	47	33	32	41	30	22	41	52
Y_scaffold4	768534	32	34	25	31	32	18	33	34	26	32	40	42	34	30	44	47	34	32	41	29	22	41	52
Y_scaffold4	768535	31	34	25	31	32	18	33	31	26	32	40	42	33	30	44	47	33	32	41	29	22	41	52
Y_scaffold4	768536	32	35	25	31	32	18	33	31	27	31	40	44	33	30	44	47	33	33	40	29	22	43	52
Y_scaffold4	768537	32	35	25	32	31	18	32	31	27	32	40	44	33	30	44	50	33	34	41	29	22	44	52
Y_scaffold4	768538	32	34	25	32	30	18	32	31	24	32	40	44	32	30	43	50	33	34	41	27	22	43	53
Y_scaffold4	768539	31	34	25	32	30	18	33	31	24	32	40	43	33	30	42	50	33	34	41	26	22	45	53
Y_scaffold4	768540	31	35	25	32	30	18	34	31	24	33	40	43	33	30	42	49	32	34	41	26	21	45	53
Y_scaffold4	768541	31	35	25	32	30	18	35	31	23	33	41	43	33	30	42	49	32	34	41	26	21	45	53
Y_scaffold4	768542	32	35	26	32	30	18	36	30	24	33	45	43	33	30	42	52	32	36	40	26	21	45	53
Y_scaffold4	768543	32	35	26	32	30	19	36	30	24	33	45	43	32	30	42	52	33	37	41	26	21	46	54
Y_scaffold4	768544	32	35	26	32	30	21	36	30	24	32	45	43	32	30	41	53	33	38	41	27	22	46	54
Y_scaffold4	768545	32	35	27	32	28	22	36	30	24	32	45	43	33	30	40	52	32	38	41	27	22	45	53
Y_scaffold4	768546	32	35	27	32	28	22	36	30	24	32	44	43	33	30	40	52	32	38	40	27	22	46	53
Y_scaffold4	768547	32	34	28	32	28	22	36	28	22	32	45	43	33	30	40	53	32	38	41	27	22	46	52
Y_scaffold4	768548	32	35	28	32	28	22	36	27	22	32	45	44	33	30	40	53	32	38	41	27	23	45	52
Y_scaffold4	768549	32	35	28	33	28	22	36	27	22	32	45	44	33	30	40	52	32	38	42	27	24	45	52
Y_scaffold4	768550	32	35	30	32	28	22	36	27	23	32	45	45	34	30	41	51	32	38	42	27	24	46	51
Y_scaffold4	768551	32	35	30	32	29	23	36	27	24	32	45	45	36	30	41	51	32	38	42	27	26	47	51
Y_scaffold4	768552	33	35	31	31	29	23	36	27	24	31	45	45	35	30	41	50	31	38	41	27	26	47	50
Y_scaffold4	768553	33	34	31	31	29	22	36	27	24	31	45	45	35	30	41	49	31	38	42	27	26	47	51
Y_scaffold4	768554	32	34	31	33	30	22	36	26	25	31	45	45	36	28	41	49	31	38	43	27	27	46	51
Y_scaffold4	768555	32	34	31	33	30	22	36	26	25	31	45	45	36	28	41	50	31	38	43	27	27	47	51
Y_scaffold4	768556	32	33	31	33	30	21	36	26	25	32	45	45	37	29	41	51	31	38	43	27	28	47	51
Y_scaffold4	768557	32	33	31	33	30	21	36	25	24	32	45	44	37	29	40	51	31	38	43	27	28	47	49
Y_scaffold4	768558	31	32	32	33	30	22	36	23	24	33	45	44	37	29	40	51	31	39	42	28	28	47	50
Y_scaffold4	768559	31	32	33	33	30	22	36	23	24	33	45	44	37	30	39	52	29	39	42	28	28	46	49
Y_scaffold4	768560	31	32	34	32	30	21	35	23	24	34	45	44	36	30	39	53	30	40	42	28	28	47	49
Y_scaffold4	768561	31	31	34	32	29	21	35	22	24	32	45	43	36	28	38	53	29	40	41	27	27	47	48
Y_scaffold4	768562	31	31	35	32	29	20	36	22	24	32	45	44	36	28	38	55	30	40	41	27	28	47	48
Y_scaffold4	768563	31	31	35	32	30	20	35	22	24	31	45	43	36	28	38	53	30	40	42	27	28	48	47
Y_scaffold4	768564	31	31	35	32	30	19	35	22	24	31	45	43	35	28	36	53	31	40	42	27	28	48	47
Y_scaffold4	768565	30	30	36	32	30	19	34	23	24	31	45	44	36	28	36	53	30	39	43	27	28	49	46
Y_scaffold4	768566	30	31	36	31	30	19	34	23	24	31	45	44	35	30	36	53	30	39	43	28	27	49	46
Y_scaffold4	768567	30	30	35	32	30	19	34	23	24	31	44	43	33	30	36	54	30	39	43	28	27	48	47
Y_scaffold4	768568	30	30	35	32	29	19	34	23	22	31	44	42	33	30	36	54	30	40	43	28	26	48	48
Y_scaffold4	768569	28	30	35	32	29	18	34	22	22	32	41	42	32	30	35	53	30	40	44	29	25	48	48
Y_scaffold4	768570	28	31	36	31	29	18	35	23	22	32	40	44	32	31	36	54	30	40	44	30	25	49	48
Y_scaffold4	768571	27	31	37	31	29	18	34	23	22	32	39	44	31	31	37	53	30	40	44	30	26	50	48
Y_scaffold4	768572	28	32	37	31	29	17	33	24	22	32	39	44	30	31	37	53	30	42	44	31	26	50	48
Y_scaffold4	768573	28	31	37	33	28	17	33	24	22	32	39	44	28	30	36	52	30	41	44	31	27	49	47
Y_scaffold4	768574	28	32	36	32	28	17	33	24	24	32	39	44	29	30	36	52	29	42	44	31	27	49	47
Y_scaffold4	768575	28	32	36	34	28	17	33	24	24	31	39	44	29	31	36	52	29	42	43	31	27	49	46
Y_scaffold4	768576	29	32	36	34	28	17	34	24	24	31	38	44	29	31	37	53	29	43	43	30	26	49	46
Y_scaffold4	768577	29	30	37	35	29	17	34	24	24	30	37	43	29	31	37	50	29	43	43	30	26	49	45
Y_scaffold4	768578	29	29	37	35	29	17	33	23	24	30	36	42	28	31	37	49	29	43	43	30	26	49	45
Y_scaffold4	768579	29	29	37	35	29	19	34	23	25	31	36	42	28	32	37	50	29	43	44	30	26	50	47
Y_scaffold4	768580	29	29	37	35	29	20	34	23	24	31	36	42	28	32	37	50	29	43	45	29	26	50	46
Y_scaffold4	768581	29	29	37	35	29	20	33	23	24	31	36	42	28	32	37	50	29	44	46	29	26	48	46
Y_scaffold4	768582	29	29	38	34	29	20	33	24	25	31	35	42	28	33	37	50	30	45	47	29	26	48	46
Y_scaffold4	768583	29	29	38	34	29	20	32	24	25	31	35	42	26	33	36	49	30	45	47	29	26	48	46
Y_scaffold4	768584	29	28	39	35	29	20	32	25	25	31	34	42	26	32	36	48	30	45	46	29	26	48	46
Y_scaffold4	768585	27	27	37	35	28	20	33	25	25	31	32	42	26	31	35	48	30	45	46	29	26	48	47
Y_scaffold4	768586	27	27	37	35	26	20	32	25	25	31	30	42	26	31	34	48	30	44	46	29	26	48	47
Y_scaffold4	768587	27	26	37	35	27	21	32	25	25	31	33	41	27	31	33	48	31	43	46	31	26	47	46
Y_scaffold4	768588	27	27	36	34	27	20	32	25	25	30	34	40	28	30	34	46	31	46	46	31	26	47	47
Y_scaffold4	768589	26	27	35	34	27	20	32	25	25	30	35	40	29	30	34	46	32	46	47	31	26	47	47
Y_scaffold4	768590	26	27	35	33	27	19	33	26	25	29	35	39	29	29	34	47	31	45	47	32	26	45	46
Y_scaffold4	768591	26	27	35	31	27	19	33	25	25	29	35	38	29	29	33	47	30	44	46	32	25	44	46
Y_scaffold4	768592	26	27	36	31	27	19	33	25	24	29	35	38	29	29	33	47	30	43	44	32	24	43	46
Y_scaffold4	768593	27	27	36	31	28	20	33	25	24	30	35	37	29	29	31	47	32	43	44	32	25	43	46
Y_scaffold4	768594	27	28	35	32	28	20	32	25	24	30	35	37	30	29	29	47	32	44	42	32	25	43	46
Y_scaffold4	768595	26	28	35	32	27	19	33	25	24	28	35	37	30	30	29	48	32	44	41	32	24	44	46
Y_scaffold4	768596	25	28	35	32	28	19	33	25	24	28	35	39	30	30	30	48	33	44	41	31	25	44	46
Y_scaffold4	768597	25	28	35	32	28	19	32	25	24	28	35	39	30	30	31	48	33	44	41	31	25	44	46
Y_scaffold4	768598	25	27	35	31	28	19	32	25	24	28	35	39	30	29	31	48	33	44	41	30	25	44	46
Y_scaffold4	768599	26	27	35	30	28	19	31	26	24	28	35	39	30	28	31	51	32	44	40	30	25	46	46
Y_scaffold4	768600	26	27	35	31	28	19	31	26	24	28	35	39	31	28	32	51	31	44	40	30	26	47	46
Y_scaffold4	768601	27	27	35	31	28	19	31	25	24	28	34	40	31	28	32	50	32	44	41	29	26	47	46
Y_scaffold4	768602	28	26	34	30	28	19	31	25	24	28	33	40	31	28	32	50	33	45	40	29	26	47	46
Y_scaffold4	768603	29	26	34	30	28	20	31	25	25	28	33	40	31	28	32	50	33	45	41	29	27	47	46
Y_scaffold4	768604	29	26	34	32	27	20	31	26	25	29	33	40	31	28	32	50	33	45	41	29	27	48	45
Y_scaffold4	768605	30	26	34	32	28	20	31	26	26	31	34	40	30	28	33	50	33	45	41	29	27	48	44
Y_scaffold4	768606	29	26	35	32	28	20	31	26	25	31	34	39	30	28	33	50	32	45	41	29	27	49	44
Y_scaffold4	768607	29	25	35	31	29	20	31	26	25	31	34	39	30	28	33	50	32	44	42	29	27	49	44
Y_scaffold4	768608	29	24	35	31	29	20	31	28	25	31	34	38	30	28	34	50	32	44	43	29	27	48	46
Y_scaffold4	768609	29	24	35	31	29	20	31	28	25	30	33	37	30	28	35	50	32	46	43	29	26	48	46
Y_scaffold4	768610	30	24	35	31	29	21	31	28	24	30	33	37	30	27	35	49	31	46	43	28	26	48	46
Y_scaffold4	768611	30	24	34	31	30	21	31	27	23	30	32	37	30	28	36	50	31	46	43	28	26	50	46
Y_scaffold4	768612	30	24	34	31	30	21	30	27	22	30	32	38	30	28	36	50	31	46	43	28	26	49	47
Y_scaffold4	768613	30	25	33	31	31	21	29	27	23	31	32	38	30	27	36	50	31	45	45	30	26	48	47
Y_scaffold4	768614	30	25	33	31	32	21	29	27	23	31	32	38	29	28	35	48	31	45	44	30	26	48	47
Y_scaffold4	768615	30	25	33	31	33	21	30	28	23	31	34	39	29	28	35	48	32	45	44	30	26	48	47
Y_scaffold4	768616	30	26	33	31	33	21	30	28	23	32	34	39	29	28	34	48	33	45	44	30	26	48	46
Y_scaffold4	768617	30	27	34	31	33	21	29	28	24	32	33	37	29	28	34	48	33	45	44	31	26	48	46
Y_scaffold4	768618	30	26	35	32	33	21	30	28	24	32	34	40	30	27	36	48	33	49	44	30	26	48	47
Y_scaffold4	768619	30	26	35	32	32	21	30	26	24	32	34	39	29	27	36	48	33	49	44	30	26	48	47
Y_scaffold4	768620	30	26	35	33	33	21	28	26	25	32	34	39	30	27	36	48	32	49	42	30	25	48	47
Y_scaffold4	768621	30	25	35	32	33	22	28	26	25	33	34	39	30	27	36	48	31	49	42	30	25	46	47
Y_scaffold4	768622	29	26	35	32	33	22	28	26	25	33	34	38	31	27	38	48	31	50	41	31	25	46	47
Y_scaffold4	768623	29	26	36	31	33	22	28	27	26	33	33	38	32	27	39	48	29	50	41	32	25	46	46
Y_scaffold4	768624	27	26	36	31	34	22	28	27	26	33	33	38	32	28	38	47	29	50	42	32	25	46	45
Y_scaffold4	768625	27	26	37	32	34	22	26	27	26	33	33	38	32	28	37	47	29	50	41	32	25	47	45
Y_scaffold4	768626	26	26	37	33	33	22	26	27	25	33	34	38	32	28	38	48	29	50	41	32	26	47	44
Y_scaffold4	768627	26	26	37	33	33	22	26	28	25	33	35	38	32	28	38	49	30	50	41	32	26	47	44
Y_scaffold4	768628	26	26	37	33	33	22	25	28	25	33	34	38	32	28	38	50	30	50	41	32	26	47	44
Y_scaffold4	768629	26	26	36	33	33	22	25	27	25	33	33	38	32	28	38	50	30	50	41	32	26	47	44
Y_scaffold4	768630	25	27	36	33	33	22	24	27	24	34	33	38	32	28	36	49	30	50	41	32	26	47	44
Y_scaffold4	768631	26	26	36	33	34	21	24	26	24	35	32	38	32	28	37	49	30	50	41	32	26	47	44
Y_scaffold4	768632	26	26	36	33	34	21	24	26	24	34	32	38	32	28	37	48	30	51	41	32	26	47	43
Y_scaffold4	768633	27	26	37	33	33	21	23	25	24	34	31	38	32	28	38	48	30	51	41	32	26	47	44
Y_scaffold4	768634	27	26	37	33	33	21	23	25	25	34	31	38	32	28	39	47	30	51	42	32	26	47	43
Y_scaffold4	768635	29	28	37	33	33	21	23	25	25	35	31	39	32	28	40	46	30	51	42	32	26	47	44
Y_scaffold4	768636	28	28	37	33	33	21	23	25	25	35	31	39	32	28	41	45	30	50	42	32	27	47	45
Y_scaffold4	768637	28	28	37	33	34	21	23	25	25	35	31	39	32	28	41	46	30	49	42	32	27	47	45
Y_scaffold4	768638	28	29	37	33	35	21	23	25	25	35	31	39	31	27	40	46	30	49	41	32	26	47	45
Y_scaffold4	768639	28	29	36	33	34	21	23	25	26	34	31	39	30	27	40	47	30	50	41	32	27	47	45
Y_scaffold4	768640	28	29	37	33	33	21	23	25	26	34	31	38	30	27	40	47	30	50	41	32	27	46	45
Y_scaffold4	768641	28	29	37	33	33	21	23	25	26	33	31	38	31	27	41	47	30	50	41	32	27	45	44
Y_scaffold4	768642	28	29	37	33	33	21	22	25	27	33	31	38	31	27	42	48	30	50	41	32	28	45	44
Y_scaffold4	768643	28	29	37	33	33	21	22	25	27	33	31	38	31	27	41	48	29	50	41	32	29	45	44
Y_scaffold4	768644	28	29	36	33	32	20	23	25	27	33	30	37	31	26	41	48	29	50	41	32	29	45	45
Y_scaffold4	768645	28	30	36	33	33	19	23	25	27	30	29	37	30	26	40	49	27	47	41	32	29	44	43
