Y_scaffold4	781313	35	33	38	29	37	28	35	35	35	36	45	44	31	25	51	42	23	45	41	33	28	48	35
Y_scaffold4	781314	35	34	38	29	38	28	35	35	35	36	45	44	31	26	51	42	23	45	41	33	28	48	35
Y_scaffold4	781315	35	34	38	29	38	27	35	35	35	36	45	44	31	27	51	42	23	46	41	32	28	47	35
Y_scaffold4	781316	35	34	37	28	38	27	35	36	35	36	45	42	31	27	51	42	23	46	40	32	28	47	35
Y_scaffold4	781317	36	35	37	28	37	27	35	36	35	37	45	42	31	27	51	42	22	46	40	32	27	48	34
Y_scaffold4	781318	37	36	37	28	37	27	34	36	36	38	45	43	31	27	51	43	22	48	42	32	29	50	34
Y_scaffold4	781319	38	37	37	28	37	27	34	36	36	38	45	44	31	28	51	44	22	48	42	33	29	49	34
Y_scaffold4	781320	38	37	37	28	37	27	33	37	35	38	46	44	31	28	51	43	22	46	41	33	29	48	34
Y_scaffold4	781321	38	37	37	29	38	28	33	37	35	38	48	45	32	30	51	43	22	48	42	33	29	49	34
Y_scaffold4	781322	38	37	37	29	38	28	33	37	35	37	49	45	32	29	51	43	23	50	43	33	28	48	34
Y_scaffold4	781323	38	37	37	29	38	28	32	37	35	37	48	44	32	29	50	43	23	50	43	33	28	48	34
Y_scaffold4	781324	38	38	38	29	39	27	32	36	35	38	47	44	33	29	51	46	23	50	45	33	28	49	34
Y_scaffold4	781325	38	38	38	29	39	27	33	37	37	38	47	43	34	29	50	46	24	51	45	33	28	49	34
Y_scaffold4	781326	37	38	39	29	39	28	32	37	37	38	47	42	34	30	51	47	24	52	45	33	30	49	34
Y_scaffold4	781327	39	38	39	29	39	28	32	38	37	38	47	42	35	30	51	47	24	51	45	34	30	49	34
Y_scaffold4	781328	39	39	38	29	38	28	33	38	37	38	47	42	34	30	52	47	25	51	45	34	30	49	34
Y_scaffold4	781329	39	39	37	29	38	28	33	38	35	37	49	43	34	30	52	46	25	51	45	34	30	49	34
Y_scaffold4	781330	39	38	36	28	38	29	34	38	35	36	48	42	34	30	52	45	25	50	45	33	30	49	34
Y_scaffold4	781331	39	38	37	28	39	29	33	38	35	36	49	42	34	30	52	45	25	50	46	32	30	49	34
Y_scaffold4	781332	39	38	37	28	38	28	34	38	35	36	49	42	34	30	52	45	26	50	47	33	30	49	34
Y_scaffold4	781333	39	38	37	27	38	28	34	38	35	37	49	42	34	30	50	45	25	50	47	33	30	49	34
Y_scaffold4	781334	39	38	37	27	36	28	34	39	35	37	49	42	32	30	50	44	25	49	47	33	30	49	34
Y_scaffold4	781335	41	37	37	27	35	29	34	42	36	37	48	42	31	30	50	43	26	48	46	33	30	50	34
Y_scaffold4	781336	41	39	37	27	35	29	34	42	37	36	49	42	31	30	50	43	26	48	46	33	30	50	36
Y_scaffold4	781337	40	39	37	27	37	29	34	42	37	36	49	42	30	30	50	43	26	48	45	33	30	50	36
Y_scaffold4	781338	40	38	37	27	37	29	34	42	36	36	49	41	30	30	50	43	26	48	45	33	31	50	35
Y_scaffold4	781339	40	40	37	27	37	28	35	43	36	36	50	41	30	30	50	43	26	48	45	33	31	51	35
Y_scaffold4	781340	39	40	37	27	35	28	35	43	36	36	51	41	30	29	50	43	26	48	45	33	31	51	34
Y_scaffold4	781341	39	40	38	27	35	28	35	43	36	37	51	41	30	29	49	43	26	46	45	33	31	51	34
Y_scaffold4	781342	39	40	39	25	35	28	35	43	36	37	50	41	30	30	49	43	27	45	45	33	31	52	34
Y_scaffold4	781343	39	40	39	25	34	28	34	42	36	37	50	39	30	30	48	43	27	45	45	33	31	52	34
Y_scaffold4	781344	39	40	39	24	34	28	34	43	36	37	49	39	30	31	49	43	27	45	45	32	31	52	34
Y_scaffold4	781345	39	41	39	24	34	28	34	43	36	37	49	39	31	31	51	43	27	44	45	32	31	53	34
Y_scaffold4	781346	39	41	39	24	34	27	34	43	36	37	49	39	31	30	50	42	27	44	45	32	31	53	34
Y_scaffold4	781347	39	43	40	24	33	27	36	44	36	36	47	40	31	30	49	41	27	45	45	33	31	54	34
Y_scaffold4	781348	40	43	40	24	32	27	35	44	36	36	47	40	31	30	50	41	27	45	44	33	31	54	33
Y_scaffold4	781349	42	43	40	25	32	28	35	43	37	36	47	40	30	29	49	41	26	44	43	33	31	56	33
Y_scaffold4	781350	42	43	40	25	32	28	35	43	37	36	47	40	30	29	50	42	27	44	43	33	31	56	33
Y_scaffold4	781351	41	43	40	25	33	27	35	43	37	36	48	41	30	30	50	42	27	45	43	33	31	56	32
Y_scaffold4	781352	41	43	40	25	33	27	35	43	37	36	48	41	31	30	50	42	27	45	43	34	31	56	33
Y_scaffold4	781353	41	44	40	25	33	27	35	43	37	36	48	41	32	30	50	42	28	46	43	34	31	56	34
Y_scaffold4	781354	42	45	40	25	33	27	36	42	37	38	48	41	33	30	50	40	27	47	43	34	31	58	34
Y_scaffold4	781355	43	44	40	25	33	26	36	42	37	39	48	41	33	30	51	40	28	46	44	34	31	57	34
Y_scaffold4	781356	42	44	39	25	33	26	35	40	37	39	47	41	33	30	50	41	28	47	44	32	32	56	34
Y_scaffold4	781357	41	46	39	25	33	26	35	39	37	39	47	41	34	30	50	39	28	47	44	31	30	56	34
Y_scaffold4	781358	40	46	39	25	33	26	35	39	37	38	46	41	34	30	49	39	28	47	44	31	30	56	33
Y_scaffold4	781359	40	48	39	25	33	26	35	40	37	39	46	41	34	30	48	39	28	48	44	31	30	57	33
Y_scaffold4	781360	41	48	39	25	32	26	35	40	36	39	46	42	34	30	48	38	28	48	44	31	29	58	34
Y_scaffold4	781361	41	48	39	24	32	26	35	40	36	39	46	42	34	28	48	37	27	48	44	31	29	58	33
Y_scaffold4	781362	40	46	39	25	32	26	35	42	36	39	48	42	36	28	47	36	27	48	44	32	29	58	34
Y_scaffold4	781363	41	46	39	25	32	26	35	42	37	39	48	42	36	28	47	36	27	48	44	32	29	58	33
Y_scaffold4	781364	41	45	38	25	32	26	36	42	37	38	48	41	36	28	46	36	27	48	44	31	29	58	33
Y_scaffold4	781365	41	45	39	25	32	27	37	42	37	38	49	42	36	28	46	36	27	49	44	31	29	58	34
Y_scaffold4	781366	41	45	39	25	31	27	36	40	37	38	48	42	36	27	46	36	27	49	44	32	28	57	34
Y_scaffold4	781367	41	46	39	25	31	27	35	41	37	38	47	43	36	27	45	36	27	49	43	32	28	57	34
Y_scaffold4	781368	41	46	39	25	31	28	35	41	36	38	46	43	35	27	45	36	27	48	43	33	28	56	34
Y_scaffold4	781369	41	46	39	26	31	28	35	41	36	38	46	41	35	27	45	36	27	48	42	33	28	57	35
Y_scaffold4	781370	43	46	38	26	30	28	35	40	35	38	45	41	35	27	45	36	27	48	43	33	28	56	35
Y_scaffold4	781371	43	46	37	27	30	28	35	40	35	38	45	41	35	27	45	37	27	49	41	34	28	56	35
Y_scaffold4	781372	42	46	37	27	29	28	33	40	35	37	44	42	35	28	45	37	27	49	41	34	28	56	36
Y_scaffold4	781373	41	46	37	26	29	28	33	40	35	37	45	42	35	27	45	37	27	49	40	34	27	55	36
Y_scaffold4	781374	41	46	37	26	28	28	35	40	36	37	43	42	35	26	43	40	27	48	39	34	27	55	36
Y_scaffold4	781375	41	47	37	26	28	28	35	40	36	37	43	42	35	26	43	40	27	47	39	34	27	55	36
Y_scaffold4	781376	41	47	37	26	28	28	35	41	36	37	43	42	36	26	44	40	27	48	40	34	27	55	36
Y_scaffold4	781377	42	46	37	26	28	27	35	41	37	37	42	41	36	25	44	40	29	48	40	34	27	55	36
Y_scaffold4	781378	42	46	37	26	28	29	35	42	38	37	44	42	37	25	44	40	30	46	40	35	26	54	37
Y_scaffold4	781379	41	44	37	26	28	29	35	42	38	36	44	42	37	25	44	40	30	46	40	34	27	53	37
Y_scaffold4	781380	42	43	36	25	28	28	35	42	37	37	45	42	37	25	44	40	30	47	40	34	27	53	38
Y_scaffold4	781381	43	43	37	26	28	29	35	42	37	38	45	42	37	25	44	40	30	47	40	34	27	53	39
Y_scaffold4	781382	43	43	37	25	28	29	34	41	37	39	45	43	37	26	44	41	30	47	40	34	27	53	39
Y_scaffold4	781383	43	43	37	25	28	29	34	40	37	39	46	42	37	26	43	40	30	47	40	33	27	53	39
Y_scaffold4	781384	43	44	37	25	28	29	34	40	38	39	46	42	37	26	43	40	31	47	41	33	27	54	39
Y_scaffold4	781385	43	44	37	25	28	29	34	40	38	38	46	42	37	26	42	39	31	47	41	33	27	55	39
Y_scaffold4	781386	42	43	37	25	28	28	34	40	37	38	45	42	37	26	42	38	31	47	41	33	28	55	40
Y_scaffold4	781387	42	42	37	25	28	28	34	40	37	38	42	42	35	27	42	39	31	47	41	33	29	55	42
Y_scaffold4	781388	42	42	37	25	28	28	35	40	38	39	42	42	35	27	43	39	31	47	41	34	29	55	42
Y_scaffold4	781389	42	42	37	25	27	28	35	40	38	39	41	43	35	27	42	39	30	47	42	34	30	55	42
Y_scaffold4	781390	42	42	38	25	26	28	36	41	37	39	42	44	36	27	42	39	30	47	42	34	32	54	44
Y_scaffold4	781391	43	42	37	25	26	28	36	40	35	39	42	43	35	27	42	39	30	47	41	33	32	54	44
Y_scaffold4	781392	42	40	35	26	26	28	36	41	35	39	43	43	34	27	42	38	30	47	42	33	32	54	45
Y_scaffold4	781393	42	39	35	26	24	28	35	41	35	38	43	43	34	27	42	39	30	47	42	32	31	53	45
Y_scaffold4	781394	42	39	35	26	24	28	34	41	34	37	42	43	33	29	43	38	31	46	42	31	31	53	45
Y_scaffold4	781395	42	39	34	26	24	28	34	40	34	37	43	43	34	29	42	38	31	46	42	31	31	53	46
Y_scaffold4	781396	43	39	33	26	23	29	35	40	34	37	43	43	35	29	43	38	32	45	41	32	32	53	46
Y_scaffold4	781397	43	39	33	26	23	28	35	39	34	37	43	42	35	29	43	38	32	45	40	32	32	54	47
Y_scaffold4	781398	43	38	33	25	23	29	34	39	35	38	43	42	35	29	42	38	33	46	39	31	32	54	46
Y_scaffold4	781399	43	39	33	25	23	29	34	40	35	37	43	43	35	29	42	39	34	46	40	31	31	54	46
Y_scaffold4	781400	43	39	34	25	23	29	34	40	35	36	41	43	35	28	42	39	35	46	39	32	31	54	46
Y_scaffold4	781401	44	39	34	25	23	29	33	40	34	37	41	43	35	28	42	39	33	46	39	32	31	54	46
Y_scaffold4	781402	44	39	33	25	23	28	33	41	34	37	41	43	35	28	42	39	33	46	38	32	31	53	47
Y_scaffold4	781403	45	40	33	23	23	28	34	41	34	37	41	41	35	28	42	38	32	48	38	32	32	53	48
Y_scaffold4	781404	45	39	33	23	23	27	34	41	34	37	41	41	35	28	40	38	32	48	38	32	32	52	48
Y_scaffold4	781405	46	38	33	25	24	27	34	41	34	37	41	41	35	28	39	38	32	48	38	32	33	52	48
Y_scaffold4	781406	45	38	33	25	24	27	34	41	34	36	41	40	34	27	39	38	32	48	38	31	33	53	48
Y_scaffold4	781407	45	38	33	26	24	26	34	41	35	36	41	40	34	27	39	38	32	48	37	31	33	53	47
Y_scaffold4	781408	45	38	34	24	25	26	34	41	34	35	41	40	35	28	38	39	33	48	37	31	32	51	47
Y_scaffold4	781409	45	38	35	24	25	27	35	42	35	35	41	40	35	29	40	37	33	48	37	32	32	51	46
Y_scaffold4	781410	45	39	34	23	25	27	35	42	35	35	41	40	36	30	40	35	33	48	37	32	32	51	46
Y_scaffold4	781411	44	39	33	23	25	28	35	43	35	34	41	40	36	30	40	36	33	49	37	32	32	51	46
Y_scaffold4	781412	44	39	33	23	26	27	35	42	36	34	40	40	34	30	40	36	35	49	37	31	33	51	45
Y_scaffold4	781413	44	39	32	23	26	27	34	42	36	34	40	40	35	30	38	36	35	49	37	32	33	51	44
Y_scaffold4	781414	44	39	32	22	27	25	34	42	36	34	40	40	34	29	39	37	35	48	38	32	33	51	44
Y_scaffold4	781415	44	38	32	22	27	24	34	42	35	34	40	38	34	29	39	37	34	47	39	33	33	51	44
Y_scaffold4	781416	43	38	32	22	27	25	33	42	35	34	40	37	35	29	39	38	34	47	39	33	33	51	44
Y_scaffold4	781417	43	38	33	22	27	26	33	41	35	34	39	38	35	28	39	39	34	46	40	33	33	51	45
Y_scaffold4	781418	43	38	32	22	27	25	34	41	35	34	37	37	36	28	38	39	34	46	40	33	32	50	45
Y_scaffold4	781419	43	38	32	23	25	25	34	41	35	34	37	37	35	28	38	39	34	46	40	33	32	50	46
Y_scaffold4	781420	42	37	32	23	26	25	34	41	35	34	37	37	35	28	37	39	35	47	42	32	32	50	46
Y_scaffold4	781421	42	37	32	23	24	24	34	41	34	35	37	36	36	28	36	40	35	47	42	33	33	49	45
Y_scaffold4	781422	42	36	32	23	24	25	33	40	34	35	37	38	35	27	35	42	35	47	43	35	33	48	46
Y_scaffold4	781423	42	36	33	22	24	26	32	40	33	35	37	38	35	27	34	43	33	47	43	33	32	48	45
Y_scaffold4	781424	42	36	33	22	24	26	32	40	33	36	38	39	35	27	34	43	34	47	43	33	32	48	45
Y_scaffold4	781425	42	36	33	22	24	26	32	40	33	36	38	38	37	27	33	42	34	48	43	33	32	48	45
Y_scaffold4	781426	42	36	33	22	24	26	32	40	33	36	38	38	37	27	33	41	34	48	42	33	32	47	45
Y_scaffold4	781427	44	36	33	21	25	27	32	39	33	36	37	37	37	27	33	42	34	48	43	34	33	47	45
Y_scaffold4	781428	44	37	33	22	26	29	32	40	33	37	36	37	36	29	33	42	33	48	42	35	31	47	46
Y_scaffold4	781429	43	36	33	21	26	29	32	40	32	37	36	37	36	29	34	42	33	48	42	34	31	45	46
Y_scaffold4	781430	43	36	33	20	26	29	29	39	32	37	36	35	36	30	34	43	32	48	41	34	30	45	46
Y_scaffold4	781431	42	36	32	21	26	28	29	39	29	37	36	34	36	30	33	41	32	48	41	34	30	46	45
Y_scaffold4	781432	42	35	32	20	26	28	29	39	28	38	36	34	35	30	30	41	32	48	41	33	30	46	44
Y_scaffold4	781433	43	35	32	20	26	28	29	39	28	38	36	34	35	31	30	40	32	47	39	33	30	43	45
Y_scaffold4	781434	43	35	32	20	26	27	29	41	28	37	37	34	35	31	33	41	32	47	39	32	31	43	44
Y_scaffold4	781435	43	34	32	20	26	26	29	42	29	37	36	35	35	31	33	41	31	46	40	32	31	43	45
Y_scaffold4	781436	43	33	30	20	27	26	29	42	29	37	36	33	35	31	33	40	31	45	39	32	31	42	44
Y_scaffold4	781437	44	33	30	20	28	27	29	42	29	37	35	33	35	30	33	39	32	45	37	31	31	42	46
Y_scaffold4	781438	44	33	29	20	27	27	29	42	29	36	34	33	34	29	33	39	32	45	37	31	31	41	46
Y_scaffold4	781439	44	33	29	20	27	28	29	42	30	36	34	33	34	29	32	39	32	46	37	31	31	41	45
Y_scaffold4	781440	44	33	30	20	26	28	29	42	30	36	34	32	34	29	32	40	32	46	37	30	31	42	46
Y_scaffold4	781441	46	33	29	19	26	28	29	42	31	36	34	32	34	29	31	41	32	46	37	31	31	42	45
Y_scaffold4	781442	46	33	29	20	26	28	28	40	31	36	34	31	34	29	31	42	32	46	37	31	31	42	46
Y_scaffold4	781443	46	33	29	20	26	28	28	41	31	36	34	32	34	29	31	42	32	46	37	31	31	43	46
Y_scaffold4	781444	44	33	29	20	26	28	28	40	32	36	34	31	34	28	32	42	32	46	37	31	31	42	46
Y_scaffold4	781445	43	33	29	21	26	26	28	40	33	35	34	30	33	27	33	42	31	46	37	32	31	42	45
Y_scaffold4	781446	43	33	29	21	26	26	28	40	33	36	34	30	33	27	34	42	31	46	37	32	30	42	46
Y_scaffold4	781447	44	32	29	21	26	26	27	40	33	36	35	30	33	27	35	41	30	46	36	32	31	43	46
Y_scaffold4	781448	45	32	29	21	25	25	27	40	33	35	37	31	33	27	35	41	30	47	36	33	31	43	46
Y_scaffold4	781449	44	32	26	22	24	25	27	39	33	35	37	31	33	27	35	41	29	47	35	33	31	43	47
Y_scaffold4	781450	44	32	25	22	24	25	27	38	33	35	38	30	33	27	38	40	29	47	35	32	31	42	46
Y_scaffold4	781451	43	34	25	22	24	27	27	38	33	34	38	30	32	27	39	40	29	46	35	33	31	41	46
Y_scaffold4	781452	43	34	26	22	24	27	27	37	34	35	36	30	32	27	39	39	29	46	34	31	31	42	46
Y_scaffold4	781453	43	33	26	22	24	27	27	38	35	36	36	30	32	26	39	39	30	46	33	31	31	42	46
Y_scaffold4	781454	42	32	26	22	23	27	28	37	34	35	36	30	31	26	38	39	29	45	33	31	30	42	46
Y_scaffold4	781455	41	32	27	22	24	26	28	37	33	35	36	30	30	26	37	39	29	45	33	31	30	42	46
Y_scaffold4	781456	40	32	27	22	25	27	27	37	32	35	36	29	30	26	37	39	29	43	32	32	30	41	46
Y_scaffold4	781457	37	32	28	22	25	28	27	37	32	36	37	29	31	25	37	39	29	41	32	32	29	42	46
Y_scaffold4	781458	38	31	28	22	25	28	28	37	32	36	40	29	30	25	37	38	29	41	32	32	27	42	46
Y_scaffold4	781459	38	31	26	22	23	28	27	36	34	33	40	28	30	26	36	37	29	41	32	30	25	40	45
Y_scaffold4	781460	37	31	26	22	23	28	28	38	34	33	40	28	30	27	38	37	29	41	32	30	25	40	45
Y_scaffold4	781461	37	31	26	21	23	28	28	38	34	33	40	28	29	27	38	37	29	41	32	30	25	40	45
Y_scaffold4	781462	36	31	26	21	24	28	28	37	34	32	40	30	31	27	39	37	28	42	32	30	25	40	45
Y_scaffold4	781463	36	30	25	21	25	28	28	37	34	32	40	30	30	27	38	37	28	42	32	30	25	39	45
Y_scaffold4	781464	37	30	25	21	24	28	28	37	33	32	40	30	30	25	38	37	28	41	32	30	25	39	45
Y_scaffold4	781465	37	29	24	21	24	29	28	37	33	32	40	32	30	25	39	37	28	40	33	31	27	39	45
Y_scaffold4	781466	36	29	24	21	25	29	28	37	33	32	40	32	29	25	39	37	28	39	33	32	27	39	45
Y_scaffold4	781467	36	29	24	21	25	29	29	38	33	31	40	32	29	25	41	37	28	39	33	32	27	38	45
Y_scaffold4	781468	35	29	24	21	25	29	29	39	32	30	40	31	30	26	42	37	28	37	31	32	25	36	45
Y_scaffold4	781469	34	28	24	21	25	29	29	40	32	30	40	30	30	25	42	36	28	37	31	31	25	38	45
Y_scaffold4	781470	34	28	24	21	26	29	29	39	32	30	40	31	30	25	42	37	29	37	31	31	25	38	45
Y_scaffold4	781471	34	28	24	20	25	29	29	39	33	30	38	30	29	23	42	38	29	36	30	32	25	38	45
Y_scaffold4	781472	34	28	24	20	25	29	29	39	33	30	39	30	28	23	43	39	28	36	28	32	25	37	48
Y_scaffold4	781473	34	29	24	20	25	29	29	39	33	29	38	30	28	23	43	39	28	36	28	32	25	37	47
Y_scaffold4	781474	35	28	23	20	25	29	30	39	34	29	38	30	27	23	43	36	28	36	27	32	25	37	47
Y_scaffold4	781475	35	29	23	20	25	29	29	38	32	29	38	30	27	23	44	36	27	35	27	32	25	37	47
Y_scaffold4	781476	35	29	22	20	25	28	28	38	32	29	38	30	27	23	43	35	27	36	27	32	23	37	47
Y_scaffold4	781477	33	28	22	20	25	28	28	37	32	29	39	30	27	24	43	36	27	37	27	31	23	38	47
Y_scaffold4	781478	34	27	23	20	25	28	27	37	33	30	38	30	28	25	42	36	26	37	26	31	23	40	48
Y_scaffold4	781479	35	27	23	20	26	28	27	38	33	30	36	29	28	25	43	37	26	38	26	31	23	41	49
Y_scaffold4	781480	36	27	24	20	26	27	26	38	33	30	36	29	28	26	43	36	27	38	25	32	23	40	49
Y_scaffold4	781481	36	27	23	20	25	27	26	39	33	30	37	32	28	26	43	37	27	39	25	32	22	41	49
Y_scaffold4	781482	37	28	24	20	26	27	26	39	34	30	38	32	28	26	43	39	28	40	25	31	22	41	50
Y_scaffold4	781483	36	28	24	22	26	27	26	39	35	29	38	31	28	28	44	40	28	40	25	31	23	43	50
Y_scaffold4	781484	36	28	24	22	26	27	26	38	35	29	38	31	28	28	45	40	28	40	25	31	23	43	50
Y_scaffold4	781485	37	29	24	22	26	26	27	35	35	29	39	31	28	28	45	40	27	41	25	31	23	43	50
Y_scaffold4	781486	37	26	24	22	26	26	26	35	34	30	38	31	28	29	45	41	27	41	25	32	23	43	48
Y_scaffold4	781487	37	26	24	22	24	27	25	34	34	31	37	31	29	29	45	41	27	41	25	32	23	43	48
Y_scaffold4	781488	36	25	24	22	24	27	25	34	34	31	38	31	29	29	45	42	28	41	25	32	23	42	48
Y_scaffold4	781489	36	26	26	22	24	28	25	34	34	31	38	33	29	29	45	43	28	42	25	32	25	42	49
Y_scaffold4	781490	36	28	25	22	24	29	25	34	34	31	38	33	30	29	46	43	28	43	25	32	25	43	49
Y_scaffold4	781491	37	27	24	22	24	29	26	34	34	30	38	33	30	28	47	43	27	43	25	32	25	42	49
Y_scaffold4	781492	37	27	24	22	24	29	26	34	34	31	41	34	30	29	48	43	27	44	25	32	25	42	49
Y_scaffold4	781493	37	28	23	21	24	29	26	33	35	31	42	34	30	28	46	43	28	45	25	32	25	42	49
Y_scaffold4	781494	37	28	23	21	25	30	25	33	35	31	42	33	30	28	46	43	28	44	25	32	25	42	49
Y_scaffold4	781495	38	26	21	21	25	30	26	32	36	33	42	33	30	28	46	44	28	42	25	33	25	41	50
Y_scaffold4	781496	38	26	20	20	25	30	26	32	36	33	42	34	31	29	46	44	28	43	24	33	24	40	51
Y_scaffold4	781497	37	26	20	20	25	30	25	32	36	35	43	34	31	30	48	44	28	43	24	32	24	39	51
Y_scaffold4	781498	37	26	20	20	25	30	24	32	36	35	43	34	32	30	47	45	28	43	24	32	26	40	52
Y_scaffold4	781499	36	25	20	19	25	29	25	32	36	34	43	34	32	30	47	45	27	43	24	33	26	39	53
Y_scaffold4	781500	36	25	21	19	24	30	25	32	35	34	43	34	32	31	48	44	27	43	25	33	26	39	53
Y_scaffold4	781501	36	25	21	20	24	30	24	32	35	34	42	33	32	30	48	44	27	42	25	33	26	39	53
Y_scaffold4	781502	37	25	21	20	25	30	24	34	35	34	42	33	32	30	48	44	27	44	25	32	26	38	52
Y_scaffold4	781503	36	25	21	20	25	30	24	34	35	33	41	33	31	30	48	44	26	43	25	32	26	37	51
Y_scaffold4	781504	36	24	21	20	25	30	23	35	35	32	41	33	30	31	48	45	26	42	25	32	26	36	51
Y_scaffold4	781505	36	24	22	20	25	30	23	35	36	31	41	34	30	31	48	45	25	41	25	32	26	38	50
Y_scaffold4	781506	36	24	22	20	25	30	23	35	36	31	41	34	30	31	48	45	24	41	25	32	26	38	50
Y_scaffold4	781507	37	21	22	20	26	30	23	35	36	30	40	35	29	31	48	45	25	41	25	32	26	38	52
Y_scaffold4	781508	37	21	22	20	27	30	23	35	36	32	40	35	29	31	48	45	26	41	25	32	26	38	52
Y_scaffold4	781509	36	20	22	20	27	30	23	35	36	32	40	35	30	31	48	45	26	40	25	32	27	37	54
Y_scaffold4	781510	35	22	22	20	27	30	24	36	36	34	40	34	30	31	48	45	26	40	25	33	27	36	53
Y_scaffold4	781511	35	22	21	20	27	29	24	35	35	34	39	34	29	31	48	45	26	40	25	33	27	35	53
Y_scaffold4	781512	35	22	21	21	28	29	24	34	35	34	39	34	28	31	48	46	26	39	25	32	27	35	52
Y_scaffold4	781513	35	21	20	21	29	29	24	34	35	34	39	33	28	33	48	47	27	39	26	31	26	36	52
Y_scaffold4	781514	36	21	20	23	29	29	23	34	35	34	40	33	28	34	48	47	27	39	26	31	27	36	52
Y_scaffold4	781515	36	21	20	23	29	29	23	34	35	34	40	33	28	34	49	47	27	38	26	31	27	36	51
Y_scaffold4	781516	36	21	20	24	29	30	24	34	35	36	40	33	28	34	49	47	27	39	28	32	27	37	51
Y_scaffold4	781517	36	20	20	25	29	29	24	33	35	36	42	32	29	34	49	47	27	39	28	31	27	38	51
Y_scaffold4	781518	36	21	20	25	29	30	24	33	36	36	42	32	29	34	49	47	27	39	28	31	27	38	51
Y_scaffold4	781519	36	21	20	24	30	32	24	33	37	36	44	33	29	34	50	48	27	40	28	31	27	38	51
Y_scaffold4	781520	34	21	20	24	30	32	24	33	37	36	44	33	29	34	51	48	27	40	27	31	27	38	51
Y_scaffold4	781521	34	22	21	23	31	32	24	33	37	38	46	34	28	34	51	48	27	39	28	30	27	39	51
Y_scaffold4	781522	35	23	21	24	32	32	24	33	39	38	46	33	28	34	52	49	29	42	28	30	27	39	50
Y_scaffold4	781523	34	23	21	24	32	32	24	33	39	38	45	33	28	34	52	48	29	42	28	31	27	39	50
Y_scaffold4	781524	34	23	21	24	32	32	22	33	38	38	44	33	28	34	52	47	28	41	28	31	27	39	49
Y_scaffold4	781525	34	22	21	24	32	32	22	33	38	38	44	35	28	35	53	47	29	41	28	32	27	39	49
Y_scaffold4	781526	34	22	21	25	33	33	22	32	38	38	44	35	27	35	52	47	29	41	27	32	28	40	51
Y_scaffold4	781527	33	22	21	25	33	31	22	31	37	38	44	35	27	35	54	47	28	41	27	32	28	40	51
Y_scaffold4	781528	33	22	21	25	33	31	22	31	36	38	42	34	26	35	54	47	27	41	27	31	28	40	50
Y_scaffold4	781529	32	23	21	24	33	31	22	31	36	36	41	35	26	35	55	48	29	40	27	31	28	40	48
Y_scaffold4	781530	32	23	21	24	33	31	22	31	36	36	42	35	26	34	55	48	29	41	28	31	28	40	48
Y_scaffold4	781531	32	23	21	24	33	30	22	31	36	36	42	35	26	34	56	47	29	41	29	31	28	40	47
Y_scaffold4	781532	32	23	21	24	33	30	22	31	36	35	42	35	26	33	56	48	29	41	30	31	28	40	47
Y_scaffold4	781533	32	23	21	24	33	30	22	31	37	35	42	36	26	33	56	48	29	41	30	31	28	40	46
Y_scaffold4	781534	33	22	22	25	34	32	22	31	36	35	42	37	26	33	57	50	28	41	29	31	28	39	46
Y_scaffold4	781535	33	22	22	25	34	32	22	31	36	35	42	36	26	33	56	50	29	41	29	31	28	39	46
Y_scaffold4	781536	33	22	22	25	34	32	21	31	38	36	43	36	27	32	59	49	29	42	29	31	26	39	45
Y_scaffold4	781537	33	25	22	25	34	32	21	31	40	37	42	36	26	32	59	49	29	42	29	31	27	39	43
Y_scaffold4	781538	33	25	23	25	34	32	20	31	39	36	42	36	26	32	58	49	29	41	30	30	27	40	43
Y_scaffold4	781539	34	25	22	26	34	32	20	31	39	36	42	34	26	32	58	49	29	41	29	30	25	40	42
Y_scaffold4	781540	34	25	22	26	34	32	20	31	39	36	43	34	26	31	58	49	29	41	29	30	24	40	42
Y_scaffold4	781541	33	25	22	26	34	32	19	31	39	36	42	34	26	31	58	49	29	41	29	30	24	39	43
Y_scaffold4	781542	33	25	21	25	34	32	19	30	39	35	43	34	26	31	58	49	30	41	29	30	24	39	42
Y_scaffold4	781543	33	26	21	25	34	32	19	30	40	35	43	34	26	31	58	49	31	41	30	30	24	39	42
Y_scaffold4	781544	33	26	21	26	34	32	19	30	40	37	44	35	26	30	57	51	30	41	30	30	25	39	42
Y_scaffold4	781545	32	26	21	26	35	33	19	30	41	37	44	35	24	30	56	51	30	41	30	31	25	38	42
Y_scaffold4	781546	32	26	21	26	35	32	19	30	41	37	44	35	25	30	56	51	29	41	30	30	25	38	43
Y_scaffold4	781547	33	26	21	26	36	33	19	31	42	37	44	35	26	30	56	51	29	41	30	30	25	38	42
Y_scaffold4	781548	33	26	21	26	36	32	19	31	41	36	44	35	26	30	56	51	28	41	30	30	25	38	42
Y_scaffold4	781549	33	27	21	26	36	32	19	30	41	37	43	34	26	30	56	50	27	41	29	30	26	38	42
Y_scaffold4	781550	31	27	20	26	36	32	21	29	41	37	43	35	26	30	57	49	26	42	29	30	26	39	41
Y_scaffold4	781551	31	27	20	26	36	32	21	29	41	37	43	35	26	30	57	49	26	41	29	30	27	39	42
Y_scaffold4	781552	31	27	20	26	36	33	21	29	42	37	43	36	26	31	57	49	26	40	29	30	27	39	41
Y_scaffold4	781553	31	26	20	26	36	34	20	29	42	35	43	36	27	31	58	49	26	39	29	30	26	39	42
Y_scaffold4	781554	31	27	20	26	36	34	20	29	42	35	43	36	27	31	58	50	26	39	29	30	26	40	42
Y_scaffold4	781555	31	27	20	24	35	34	20	30	42	37	45	36	27	30	58	51	28	40	29	31	25	40	42
Y_scaffold4	781556	31	27	19	24	34	34	20	30	42	37	46	36	27	29	58	51	28	40	28	31	26	40	42
Y_scaffold4	781557	31	27	20	23	33	34	20	30	41	37	46	36	27	29	59	51	28	40	28	31	26	40	42
Y_scaffold4	781558	31	27	20	23	33	33	20	30	40	37	46	36	26	29	60	51	28	40	28	31	26	41	42
Y_scaffold4	781559	31	27	19	23	33	33	19	29	39	37	45	36	26	28	58	51	28	40	31	30	26	41	43
Y_scaffold4	781560	31	27	19	23	33	32	20	29	39	36	44	36	25	27	58	51	28	39	31	30	26	41	44
Y_scaffold4	781561	31	27	19	23	32	32	21	28	40	36	45	36	25	27	58	51	27	38	31	30	25	41	43
Y_scaffold4	781562	31	27	19	23	32	31	21	28	40	37	45	37	24	27	59	52	26	38	31	29	25	41	43
Y_scaffold4	781563	32	27	19	23	32	31	21	28	40	37	45	38	24	27	60	51	26	38	32	29	25	43	43
Y_scaffold4	781564	33	27	19	23	31	33	20	28	40	36	44	37	25	27	59	52	26	38	30	28	25	42	44
Y_scaffold4	781565	33	28	20	23	30	32	20	28	40	36	44	37	25	28	59	51	26	39	31	28	25	42	44
Y_scaffold4	781566	33	28	19	23	30	33	20	30	41	36	44	36	24	28	59	52	26	39	31	28	25	43	44
Y_scaffold4	781567	33	28	19	24	30	33	20	32	42	36	44	37	24	28	58	51	26	39	31	28	25	43	44
Y_scaffold4	781568	33	28	19	24	30	33	20	33	42	36	44	38	24	28	58	51	27	39	31	28	25	44	44
Y_scaffold4	781569	33	28	19	23	29	33	20	34	43	37	44	38	24	29	58	51	28	39	31	28	25	44	43
Y_scaffold4	781570	34	28	18	23	30	33	19	33	43	33	44	36	22	28	57	49	27	36	28	24	25	44	43
Y_scaffold4	781571	34	28	18	23	30	33	19	33	43	33	44	36	23	28	57	48	27	36	28	25	24	44	43
Y_scaffold4	781572	33	28	18	23	30	32	19	33	43	33	44	36	24	28	57	47	27	36	28	24	24	44	42
Y_scaffold4	781573	34	28	19	24	30	31	19	33	43	35	45	37	24	29	57	47	27	35	28	25	24	45	43
Y_scaffold4	781574	35	28	20	24	30	31	19	33	43	35	45	36	24	29	57	46	26	36	29	25	24	45	43
Y_scaffold4	781575	35	28	20	24	31	31	19	33	43	35	47	36	24	29	58	48	26	37	29	24	24	47	44
Y_scaffold4	781576	34	28	19	24	30	31	19	34	44	35	47	36	24	29	58	48	26	37	30	24	24	47	44
Y_scaffold4	781577	33	28	20	23	31	30	19	34	44	35	47	35	24	29	58	49	26	37	29	26	23	49	44
Y_scaffold4	781578	34	27	21	22	30	28	19	33	44	35	48	35	24	27	58	49	26	37	29	25	23	49	43
Y_scaffold4	781579	34	28	21	22	30	28	19	34	44	35	48	36	24	27	57	48	26	37	29	24	23	49	43
Y_scaffold4	781580	35	28	22	21	30	28	19	34	44	35	48	36	24	26	57	47	26	37	29	24	23	48	43
Y_scaffold4	781581	35	28	23	21	30	31	19	35	45	35	48	36	25	26	57	48	26	37	30	24	23	50	43
Y_scaffold4	781582	35	29	24	22	30	31	20	35	45	34	49	36	26	26	57	48	26	38	31	24	23	51	43
Y_scaffold4	781583	34	29	24	22	30	31	20	36	45	34	49	36	26	25	55	48	26	39	31	24	22	51	42
Y_scaffold4	781584	34	29	24	22	30	31	20	33	45	34	49	36	26	26	54	48	26	40	30	25	22	51	42
Y_scaffold4	781585	34	29	24	22	30	31	20	33	44	34	49	35	27	26	54	48	26	41	30	25	22	51	41
Y_scaffold4	781586	34	29	24	22	29	31	20	33	44	34	49	35	27	26	54	48	25	41	30	25	22	51	41
Y_scaffold4	781587	35	32	24	22	30	31	21	34	43	35	49	35	27	27	55	49	26	40	30	26	21	51	40
Y_scaffold4	781588	36	32	24	22	29	31	22	35	43	35	49	35	27	28	56	50	26	40	31	26	22	53	40
Y_scaffold4	781589	36	32	24	22	28	30	22	35	42	35	49	35	27	29	56	51	26	39	30	26	23	53	39
Y_scaffold4	781590	36	32	23	21	28	30	22	35	41	35	49	36	27	29	55	51	26	39	30	25	23	52	39
Y_scaffold4	781591	35	33	23	21	28	30	22	35	40	35	50	36	27	29	55	51	26	40	30	26	24	53	41
Y_scaffold4	781592	36	33	23	20	28	30	22	35	38	34	50	36	27	29	54	50	26	40	30	26	24	53	40
Y_scaffold4	781593	36	33	23	20	29	30	22	34	38	34	50	35	27	29	54	51	26	40	30	26	24	52	40
Y_scaffold4	781594	36	33	23	20	29	31	22	34	38	34	50	35	27	29	53	51	26	40	31	26	24	53	40
Y_scaffold4	781595	37	33	24	19	29	31	22	34	37	34	50	35	27	29	52	51	27	40	31	25	24	53	40
Y_scaffold4	781596	38	33	25	19	29	31	23	35	37	33	51	35	29	30	51	52	27	41	31	25	24	54	40
Y_scaffold4	781597	36	33	25	19	29	31	24	35	37	33	50	36	29	31	50	52	27	41	31	25	23	53	40
Y_scaffold4	781598	35	33	25	19	29	31	24	35	37	33	49	35	29	31	50	52	27	40	31	24	23	53	38
Y_scaffold4	781599	35	34	25	18	29	32	24	35	37	33	50	35	29	31	50	53	27	40	31	24	24	53	38
Y_scaffold4	781600	35	37	25	18	30	34	24	36	37	33	50	35	29	32	46	52	27	40	32	24	24	52	38
Y_scaffold4	781601	36	36	25	18	30	33	25	36	37	32	50	36	30	33	46	52	27	40	32	23	24	52	40
Y_scaffold4	781602	36	36	24	18	30	33	25	36	36	32	50	36	30	33	46	52	27	41	32	24	24	51	39
Y_scaffold4	781603	36	36	24	18	30	33	26	35	35	31	50	36	29	33	46	52	26	41	32	24	24	51	39
Y_scaffold4	781604	37	36	24	18	30	33	25	35	35	31	49	36	30	33	46	52	26	41	32	23	24	51	39
Y_scaffold4	781605	38	36	23	19	29	34	28	35	35	32	49	36	30	33	46	52	27	41	32	23	27	50	38
Y_scaffold4	781606	38	36	23	19	28	34	29	35	35	32	49	36	30	33	47	52	27	41	32	22	27	50	39
Y_scaffold4	781607	40	37	23	19	28	33	29	35	35	31	49	36	29	33	48	51	27	41	32	22	27	49	40
Y_scaffold4	781608	39	38	23	19	28	33	28	35	34	31	46	36	29	32	48	51	27	39	32	22	26	50	42
Y_scaffold4	781609	39	38	23	19	28	34	28	35	34	32	46	37	29	33	48	51	28	39	32	22	26	50	42
Y_scaffold4	781610	39	38	23	20	28	34	27	33	35	32	46	37	29	32	46	51	28	39	32	22	26	50	42
Y_scaffold4	781611	40	38	23	20	27	34	27	33	35	32	46	37	28	32	46	51	28	39	32	22	26	51	41
Y_scaffold4	781612	40	38	24	20	27	34	27	33	35	34	46	37	27	33	46	52	29	40	33	22	27	51	43
Y_scaffold4	781613	42	39	25	20	26	34	27	33	36	34	46	37	27	33	46	52	30	40	33	25	27	51	43
Y_scaffold4	781614	41	40	25	20	26	33	28	33	36	34	47	36	27	33	45	52	30	40	32	26	27	52	43
Y_scaffold4	781615	41	40	26	20	26	33	28	33	37	34	47	38	27	33	45	53	30	40	32	26	27	53	43
Y_scaffold4	781616	41	40	27	20	26	34	29	32	37	34	47	38	28	33	45	54	30	40	32	25	27	53	44
Y_scaffold4	781617	41	41	28	21	26	34	28	31	37	34	47	38	29	33	43	54	30	40	33	27	27	52	45
Y_scaffold4	781618	42	40	28	21	26	34	28	30	37	35	47	38	28	32	43	54	31	40	33	28	27	52	45
Y_scaffold4	781619	42	40	28	21	26	34	28	29	37	35	47	38	28	32	43	55	31	42	33	28	28	50	45
Y_scaffold4	781620	43	41	28	21	26	33	28	30	37	35	46	38	28	32	44	55	30	41	33	27	28	50	44
Y_scaffold4	781621	43	41	28	21	26	33	28	30	36	35	46	39	28	32	45	54	30	41	33	27	28	49	44
Y_scaffold4	781622	43	42	28	21	28	34	29	30	36	36	44	40	29	32	45	54	30	41	33	29	28	49	43
Y_scaffold4	781623	43	41	28	21	28	34	29	30	36	36	44	40	29	32	46	54	30	41	33	30	28	49	43
Y_scaffold4	781624	42	41	28	21	27	34	29	30	36	37	45	41	29	31	45	54	30	39	33	30	29	48	43
Y_scaffold4	781625	42	40	28	21	27	34	29	30	36	37	46	41	29	31	44	54	30	39	34	31	29	49	43
Y_scaffold4	781626	42	40	28	22	27	34	29	30	37	37	46	41	29	32	45	55	30	38	34	31	30	49	43
Y_scaffold4	781627	41	40	28	22	27	34	29	30	36	37	45	41	28	30	45	54	30	38	34	31	31	47	43
Y_scaffold4	781628	41	39	27	22	27	34	29	30	37	36	45	41	27	30	45	54	30	38	34	31	31	47	42
Y_scaffold4	781629	40	40	27	22	26	34	29	29	39	37	45	42	27	30	44	53	30	37	34	31	31	49	41
Y_scaffold4	781630	39	40	27	23	26	34	30	29	39	37	45	41	27	29	44	54	29	37	35	30	31	50	41
Y_scaffold4	781631	39	40	26	23	26	34	30	30	39	37	43	39	28	29	44	53	30	37	34	30	31	49	41
Y_scaffold4	781632	38	39	26	23	25	35	29	30	37	37	44	39	28	29	44	51	29	37	35	32	31	51	40
Y_scaffold4	781633	37	38	26	21	26	35	29	30	36	38	44	39	28	28	42	50	29	37	36	32	30	50	40
Y_scaffold4	781634	37	38	27	22	26	35	29	30	36	38	44	40	28	28	42	50	29	38	36	33	30	50	41
Y_scaffold4	781635	36	37	27	22	26	35	28	30	36	38	44	40	28	28	42	51	29	37	36	34	30	50	41
Y_scaffold4	781636	36	37	27	22	26	34	28	31	36	37	44	41	29	27	42	51	29	37	38	33	30	50	41
Y_scaffold4	781637	36	38	27	22	26	33	29	31	37	36	45	40	29	27	42	53	29	37	40	33	31	50	41
Y_scaffold4	781638	36	38	27	22	26	33	29	32	37	36	44	40	29	27	42	52	28	37	40	33	31	51	42
Y_scaffold4	781639	37	38	25	23	27	34	30	32	38	36	45	40	29	27	43	51	28	37	41	35	29	53	41
Y_scaffold4	781640	37	37	25	23	27	33	30	31	38	36	44	40	28	27	43	51	28	36	41	35	29	52	41
Y_scaffold4	781641	37	38	25	23	27	33	29	32	39	36	44	40	28	27	43	52	28	36	41	35	29	52	41
Y_scaffold4	781642	37	38	25	23	27	33	29	33	39	35	43	41	29	27	42	52	28	35	41	36	29	52	41
Y_scaffold4	781643	39	37	25	23	27	32	29	33	38	36	42	42	29	27	42	51	27	34	42	36	29	52	40
Y_scaffold4	781644	39	37	25	23	26	32	28	33	39	36	42	43	28	28	40	51	29	35	42	36	29	52	40
Y_scaffold4	781645	39	37	25	23	26	33	28	33	38	34	43	44	29	28	40	52	29	36	42	35	29	52	41
Y_scaffold4	781646	39	38	25	23	26	33	28	33	39	34	44	43	28	27	41	52	29	35	42	35	30	53	41
Y_scaffold4	781647	39	39	25	23	26	33	28	33	39	33	44	44	28	26	39	52	29	35	42	36	30	53	42
Y_scaffold4	781648	38	39	25	24	26	34	28	33	38	33	45	44	27	26	40	51	29	36	43	36	29	52	41
Y_scaffold4	781649	38	39	26	25	26	34	27	34	38	34	45	44	28	26	41	51	29	36	42	35	29	53	40
Y_scaffold4	781650	38	41	25	25	26	33	28	34	38	34	46	44	28	25	39	51	29	36	42	35	29	54	40
Y_scaffold4	781651	38	41	25	24	25	33	28	33	39	34	48	45	28	25	39	51	29	36	42	35	30	55	40
Y_scaffold4	781652	38	41	25	24	25	33	28	32	39	35	48	45	27	25	40	52	30	35	42	35	30	55	40
Y_scaffold4	781653	37	42	25	25	25	34	28	32	40	35	48	44	27	25	42	53	30	35	42	35	30	55	40
Y_scaffold4	781654	37	42	25	25	26	35	30	31	40	35	48	44	27	24	42	51	32	35	42	35	30	55	40
Y_scaffold4	781655	37	42	24	26	26	35	30	32	41	35	48	44	27	24	41	51	32	35	41	36	30	53	40
Y_scaffold4	781656	38	42	24	26	26	35	30	31	41	35	49	43	27	24	41	52	31	35	41	36	30	53	40
Y_scaffold4	781657	37	43	24	26	25	35	30	31	41	35	49	43	27	24	41	52	31	35	41	36	30	54	39
Y_scaffold4	781658	37	43	24	26	24	36	30	31	41	33	49	43	27	24	41	52	30	35	41	36	30	54	39
Y_scaffold4	781659	37	41	24	26	24	36	30	31	41	31	50	43	26	25	41	52	30	37	42	35	29	55	38
Y_scaffold4	781660	37	41	24	24	23	36	30	31	41	31	50	45	27	25	41	52	31	37	42	35	29	55	38
Y_scaffold4	781661	37	43	25	24	23	35	30	32	40	31	50	45	28	25	41	50	31	37	42	35	30	56	39
Y_scaffold4	781662	37	43	25	24	23	35	30	32	40	31	50	45	29	26	41	50	32	37	41	35	30	56	39
Y_scaffold4	781663	37	43	25	24	22	35	30	32	41	31	49	45	29	24	42	50	32	37	42	35	30	57	40
Y_scaffold4	781664	36	43	25	23	23	35	32	32	41	31	48	45	29	23	42	50	32	37	42	35	30	57	40
Y_scaffold4	781665	36	43	25	23	23	35	32	32	41	30	49	45	29	23	42	50	32	36	41	35	30	56	41
Y_scaffold4	781666	37	43	25	23	23	35	31	32	41	29	49	45	29	23	42	50	32	37	40	35	30	56	41
Y_scaffold4	781667	38	43	25	22	23	35	31	32	41	29	48	45	28	23	42	50	32	37	40	35	30	55	41
Y_scaffold4	781668	38	41	25	22	23	33	32	32	39	29	48	45	28	24	41	50	32	38	40	35	31	55	40
Y_scaffold4	781669	39	41	25	22	22	32	32	32	39	29	47	44	28	25	41	50	32	38	40	35	31	55	40
Y_scaffold4	781670	39	41	24	22	21	32	32	32	39	28	46	43	28	25	40	49	32	38	39	36	31	54	40
Y_scaffold4	781671	40	40	25	22	21	32	32	32	39	27	45	43	28	25	41	49	31	36	39	37	31	54	40
Y_scaffold4	781672	40	40	26	21	20	32	32	32	37	27	45	43	29	25	40	47	30	36	39	36	31	54	40
Y_scaffold4	781673	40	40	27	21	20	33	32	32	37	27	46	44	29	25	40	47	29	36	40	37	31	55	41
Y_scaffold4	781674	40	40	27	21	20	33	32	33	37	27	46	42	29	24	40	47	29	36	41	36	31	55	41
Y_scaffold4	781675	40	40	27	21	21	34	32	33	37	27	46	42	29	24	40	47	29	35	41	36	31	54	40
Y_scaffold4	781676	42	40	27	20	20	33	32	34	37	28	47	42	29	25	38	48	28	35	42	37	30	54	40
Y_scaffold4	781677	41	40	27	20	20	33	32	34	37	28	47	42	30	25	37	49	28	35	43	37	29	55	40
Y_scaffold4	781678	41	40	27	20	21	33	32	34	37	28	47	42	30	25	39	49	27	35	43	37	30	55	41
Y_scaffold4	781679	42	40	27	20	21	33	32	35	38	28	47	41	31	25	39	49	26	35	44	37	31	55	42
Y_scaffold4	781680	42	40	27	20	21	33	32	35	38	29	46	41	31	25	40	49	26	34	43	37	31	55	42
Y_scaffold4	781681	42	40	26	20	21	32	31	35	38	30	46	40	31	25	39	48	28	34	42	37	31	55	42
Y_scaffold4	781682	41	40	26	20	20	32	31	35	38	30	46	41	31	25	40	48	28	34	41	37	31	55	42
Y_scaffold4	781683	41	40	26	19	20	32	31	36	37	31	46	40	31	25	40	47	28	34	41	38	31	55	42
Y_scaffold4	781684	43	40	26	19	20	31	31	36	37	31	46	40	31	25	40	47	28	35	41	38	32	55	42
Y_scaffold4	781685	43	40	27	19	20	31	31	37	37	30	46	40	32	25	38	47	27	35	42	38	33	56	42
Y_scaffold4	781686	43	38	27	19	20	31	30	37	33	29	45	40	31	25	37	47	27	34	42	38	32	56	42
Y_scaffold4	781687	43	37	27	19	20	30	30	38	33	29	46	40	31	25	40	48	29	34	42	38	32	55	42
Y_scaffold4	781688	42	37	26	19	20	30	30	37	33	29	46	40	31	26	40	48	30	35	41	38	32	55	42
Y_scaffold4	781689	42	39	26	18	20	30	30	37	33	30	47	40	31	26	40	48	30	37	41	38	34	55	44
Y_scaffold4	781690	43	40	27	19	20	31	30	37	33	31	46	40	31	26	41	46	30	38	40	40	34	55	44
Y_scaffold4	781691	43	39	28	19	20	32	31	38	33	31	45	40	32	26	41	46	30	38	40	40	34	55	44
Y_scaffold4	781692	44	39	28	19	20	32	31	38	33	30	45	40	32	26	42	45	29	38	40	40	33	55	44
Y_scaffold4	781693	44	39	28	19	21	32	31	38	32	31	45	40	32	27	43	46	28	38	40	40	33	55	45
Y_scaffold4	781694	44	39	28	18	21	32	31	38	32	30	44	39	32	27	44	47	28	38	40	40	33	55	46
Y_scaffold4	781695	44	39	28	18	20	31	31	38	31	30	43	39	32	27	44	48	28	38	40	39	33	55	44
Y_scaffold4	781696	44	39	28	18	20	30	31	38	31	30	43	39	31	27	44	48	28	38	40	39	32	55	44
Y_scaffold4	781697	43	39	28	18	19	30	31	37	30	30	43	39	30	27	45	48	29	39	40	39	31	54	45
Y_scaffold4	781698	43	37	29	18	19	30	31	37	30	30	43	39	31	27	45	48	29	39	40	39	31	54	46
Y_scaffold4	781699	43	38	29	18	19	30	32	37	30	30	43	39	32	27	44	48	29	39	40	39	31	54	46
Y_scaffold4	781700	43	38	29	18	19	30	30	37	30	29	43	38	32	27	44	48	29	39	39	38	31	53	46
Y_scaffold4	781701	43	38	29	18	19	30	30	37	30	29	43	38	32	27	44	48	30	39	39	38	30	53	45
Y_scaffold4	781702	45	38	29	18	20	29	30	37	29	29	43	38	32	27	44	48	31	40	41	38	31	53	46
Y_scaffold4	781703	45	37	29	18	20	28	30	37	29	29	43	38	32	27	43	49	31	40	41	38	31	52	45
Y_scaffold4	781704	44	37	29	18	20	28	30	36	29	27	43	38	31	28	43	47	31	39	41	38	31	52	45
Y_scaffold4	781705	44	37	29	18	20	28	30	36	29	27	41	38	31	28	43	47	29	39	41	38	31	52	45
Y_scaffold4	781706	44	38	29	18	21	28	30	36	30	27	40	37	31	28	42	46	29	39	41	38	30	52	45
Y_scaffold4	781707	44	39	28	18	21	28	30	36	30	28	40	37	32	28	41	46	29	38	42	39	30	51	46
Y_scaffold4	781708	44	39	28	18	21	28	31	36	30	29	40	37	32	29	41	46	29	39	42	39	30	51	47
Y_scaffold4	781709	44	38	28	18	22	28	32	36	30	29	40	37	32	29	41	46	29	39	39	39	30	51	47
Y_scaffold4	781710	44	38	29	18	22	29	32	37	30	29	40	38	32	29	41	48	30	39	39	39	30	51	46
Y_scaffold4	781711	44	38	29	18	22	29	31	36	29	29	40	38	33	29	41	47	30	40	40	39	30	51	46
Y_scaffold4	781712	44	38	29	18	22	29	31	36	28	28	40	37	33	29	40	47	31	40	42	39	30	52	46
Y_scaffold4	781713	43	38	29	18	22	29	31	37	28	28	40	36	33	29	39	47	31	40	45	39	31	50	47
Y_scaffold4	781714	42	38	30	18	22	27	31	37	28	28	40	36	32	28	40	48	31	40	45	39	31	50	46
Y_scaffold4	781715	42	37	29	18	22	27	31	37	29	29	40	36	31	28	40	48	32	40	45	39	31	50	47
Y_scaffold4	781716	42	37	29	18	22	26	30	35	28	29	40	36	31	28	40	48	32	40	45	39	31	49	46
Y_scaffold4	781717	42	37	29	17	22	26	30	33	27	29	40	35	31	28	40	48	32	40	44	39	31	49	46
Y_scaffold4	781718	43	37	31	16	22	26	30	32	27	29	40	34	31	27	40	49	33	40	44	39	31	49	47
Y_scaffold4	781719	44	37	31	16	21	26	30	31	26	29	41	34	29	28	40	49	32	40	44	38	31	48	47
Y_scaffold4	781720	44	37	31	16	21	26	30	31	25	29	41	34	29	28	40	49	31	40	44	39	31	48	47
Y_scaffold4	781721	44	37	31	16	21	26	30	31	25	29	42	34	29	29	40	49	31	40	44	41	31	48	47
Y_scaffold4	781722	44	37	30	15	21	26	30	31	25	29	43	33	29	29	40	49	31	40	44	40	31	47	47
Y_scaffold4	781723	45	37	30	15	21	26	30	31	25	29	42	32	29	28	40	49	31	40	44	40	31	47	46
Y_scaffold4	781724	44	38	29	15	21	26	30	31	25	29	42	32	29	28	40	50	31	39	44	40	31	47	46
Y_scaffold4	781725	44	38	28	15	19	26	30	31	25	30	40	32	29	29	39	48	31	40	44	40	31	46	45
Y_scaffold4	781726	46	38	29	15	19	26	30	30	24	30	40	32	29	29	39	48	32	40	43	41	31	46	45
Y_scaffold4	781727	46	37	28	15	20	25	30	31	24	31	40	32	29	29	39	48	32	40	43	40	32	45	45
Y_scaffold4	781728	45	37	27	15	20	25	31	31	24	31	39	32	29	29	40	49	33	41	44	40	32	46	45
Y_scaffold4	781729	45	36	26	15	20	25	31	30	24	31	39	31	29	29	41	49	33	41	43	40	33	44	45
Y_scaffold4	781730	44	36	25	14	20	23	31	29	23	31	39	31	29	29	41	48	33	41	43	41	33	44	46
Y_scaffold4	781731	44	36	25	14	20	23	31	29	23	31	39	31	28	29	42	48	33	41	43	41	33	44	46
Y_scaffold4	781732	44	35	24	14	20	23	30	30	24	31	38	31	27	29	43	48	33	40	42	41	33	43	47
Y_scaffold4	781733	43	35	24	14	20	23	30	28	23	32	38	31	27	29	43	48	33	39	42	41	34	43	48
Y_scaffold4	781734	42	34	24	14	19	24	29	28	23	32	37	32	28	28	44	47	33	38	42	39	34	45	48
Y_scaffold4	781735	42	33	24	14	19	24	29	28	24	33	37	32	27	28	44	47	33	38	42	39	34	45	47
Y_scaffold4	781736	42	34	24	14	20	24	29	28	25	33	37	32	27	27	44	48	33	38	43	39	34	46	47
Y_scaffold4	781737	41	33	24	14	19	23	29	28	25	33	38	32	27	29	43	47	33	38	46	39	34	46	49
Y_scaffold4	781738	41	33	24	14	20	23	29	27	25	33	38	32	27	29	42	46	33	39	44	39	33	44	50
Y_scaffold4	781739	41	34	24	15	20	23	30	27	26	33	38	32	27	28	42	46	33	40	44	39	32	44	50
Y_scaffold4	781740	41	34	24	15	21	24	30	27	26	34	38	31	27	28	42	45	34	40	44	38	31	45	49
Y_scaffold4	781741	41	34	24	15	21	24	30	27	26	34	38	31	27	28	42	44	35	40	44	39	31	44	48
Y_scaffold4	781742	40	34	24	15	19	25	30	27	26	34	39	31	27	28	42	44	36	40	44	39	31	44	48
Y_scaffold4	781743	40	34	24	16	19	24	30	28	26	34	40	31	27	28	42	43	36	40	43	39	31	43	48
Y_scaffold4	781744	39	34	23	16	20	24	30	27	26	34	40	32	25	28	42	43	36	39	43	39	31	43	48
Y_scaffold4	781745	40	35	22	16	20	24	30	28	26	34	41	32	26	28	42	43	35	39	44	39	31	43	47
Y_scaffold4	781746	40	35	22	16	20	24	29	28	27	34	40	32	26	27	42	43	35	40	44	39	31	42	47
Y_scaffold4	781747	40	35	22	17	20	26	28	28	28	34	42	31	26	27	42	43	36	40	45	40	31	44	47
Y_scaffold4	781748	40	35	22	17	20	26	28	29	30	35	43	31	26	27	42	44	37	40	45	40	31	44	47
Y_scaffold4	781749	40	34	22	17	20	25	28	30	31	35	43	33	26	27	42	43	37	40	46	41	30	45	47
Y_scaffold4	781750	41	31	22	18	19	23	28	29	31	35	42	33	26	26	42	43	37	40	45	41	30	45	49
Y_scaffold4	781751	40	30	22	18	19	23	27	30	31	35	42	32	25	25	43	43	37	40	44	41	30	45	47
Y_scaffold4	781752	40	30	22	19	21	23	27	30	32	36	42	32	25	25	44	43	37	41	44	40	31	45	47
Y_scaffold4	781753	40	31	22	19	21	23	26	30	33	36	42	32	25	25	44	44	36	41	44	41	31	45	47
Y_scaffold4	781754	39	31	23	19	21	23	24	30	33	36	42	32	24	26	44	44	36	41	45	41	31	46	47
Y_scaffold4	781755	39	31	23	19	21	23	24	29	34	35	43	32	25	26	44	44	36	41	44	41	28	46	47
Y_scaffold4	781756	36	32	24	19	21	23	23	29	34	35	43	32	25	26	43	44	36	41	44	41	28	46	45
Y_scaffold4	781757	37	30	23	19	21	23	24	29	34	35	42	31	25	26	42	44	35	41	44	41	28	47	45
Y_scaffold4	781758	37	30	23	19	21	23	24	29	34	35	42	31	26	27	43	44	36	41	44	41	28	47	44
Y_scaffold4	781759	37	30	23	19	21	22	26	29	35	35	43	30	26	26	43	44	36	42	44	41	29	47	45
Y_scaffold4	781760	37	30	23	18	21	22	26	29	34	34	43	31	26	25	44	44	35	42	43	41	29	47	44
Y_scaffold4	781761	36	30	22	18	21	22	27	29	34	33	44	31	26	25	45	44	35	41	45	42	28	47	44
Y_scaffold4	781762	36	30	22	19	21	22	27	29	34	33	44	30	26	25	44	43	35	40	45	42	28	48	43
Y_scaffold4	781763	35	29	22	19	21	22	27	29	33	33	44	30	26	25	46	43	34	40	45	39	27	48	43
