Y_scaffold4	870841	34	35	26	30	29	26	32	40	32	22	46	34	47	34	43	44	31	33	36	35	28	39	41
Y_scaffold4	870842	34	35	26	31	29	27	32	40	33	22	46	35	47	34	43	44	31	32	36	35	28	40	41
Y_scaffold4	870843	35	33	27	32	28	27	33	40	33	22	45	35	48	34	43	44	32	32	36	35	28	39	41
Y_scaffold4	870844	35	33	25	32	28	27	33	40	31	21	43	38	47	34	42	45	32	32	35	36	28	38	42
Y_scaffold4	870845	34	33	24	32	28	27	33	38	31	21	44	37	46	34	43	45	33	31	38	36	28	38	44
Y_scaffold4	870846	34	34	27	32	28	27	33	39	32	22	44	37	47	34	43	45	33	33	38	36	29	38	45
Y_scaffold4	870847	34	34	27	32	29	27	33	39	34	22	44	36	47	34	43	45	33	33	38	36	29	38	45
Y_scaffold4	870848	34	32	27	31	31	27	33	39	34	22	44	36	46	31	42	45	33	35	38	36	29	39	45
Y_scaffold4	870849	34	32	28	31	31	27	33	38	34	21	45	37	46	31	44	45	33	35	38	36	29	38	46
Y_scaffold4	870850	35	32	28	31	31	27	33	37	35	21	45	36	46	30	44	45	33	35	38	35	31	38	46
Y_scaffold4	870851	35	32	30	31	32	27	33	37	31	21	45	36	46	29	44	45	34	35	38	35	31	38	46
Y_scaffold4	870852	34	32	30	32	32	26	33	36	31	21	45	38	47	29	45	44	33	35	40	35	31	38	47
Y_scaffold4	870853	35	32	31	33	31	27	33	36	31	21	45	38	47	28	46	46	33	35	41	36	31	40	49
Y_scaffold4	870854	34	31	31	33	31	27	33	37	31	21	46	37	47	28	46	45	33	35	41	37	31	41	49
Y_scaffold4	870855	34	31	32	33	31	28	33	37	31	21	46	38	47	28	47	45	34	35	41	37	31	41	49
Y_scaffold4	870856	35	31	32	33	31	28	34	36	31	21	46	37	47	28	47	45	34	36	41	37	30	40	49
Y_scaffold4	870857	36	31	32	33	32	28	34	35	31	22	46	37	48	28	49	45	35	36	41	38	31	41	49
Y_scaffold4	870858	36	32	33	33	32	27	34	35	32	22	47	36	48	28	48	46	35	36	41	38	31	43	49
Y_scaffold4	870859	36	32	33	33	32	27	34	37	32	21	46	36	48	27	49	44	34	36	41	38	31	43	49
Y_scaffold4	870860	37	33	32	33	32	27	35	39	32	21	46	35	48	28	48	44	34	36	41	38	31	41	50
Y_scaffold4	870861	37	32	32	34	32	27	35	37	32	21	46	35	47	28	48	45	34	36	42	38	32	40	49
Y_scaffold4	870862	37	32	31	34	32	28	35	37	31	21	46	34	47	28	47	45	33	37	42	39	32	40	49
Y_scaffold4	870863	37	32	31	34	31	29	35	37	31	21	46	34	47	28	47	45	33	37	42	39	31	40	50
Y_scaffold4	870864	36	31	30	34	31	29	35	38	31	21	47	34	47	28	47	45	35	37	42	39	31	40	50
Y_scaffold4	870865	37	31	31	35	30	30	36	38	31	22	47	34	46	28	47	44	35	38	41	40	31	40	51
Y_scaffold4	870866	37	31	31	35	30	30	36	39	31	23	47	35	47	28	47	45	36	38	40	40	31	41	53
Y_scaffold4	870867	38	30	33	35	31	31	36	39	31	23	47	35	47	28	47	45	36	38	39	40	31	39	53
Y_scaffold4	870868	37	30	33	35	31	31	36	40	31	23	47	36	47	28	48	46	38	38	39	40	32	39	53
Y_scaffold4	870869	37	30	33	34	31	30	36	40	32	23	48	36	48	28	47	46	38	39	41	40	31	39	52
Y_scaffold4	870870	37	31	33	34	32	31	38	40	32	22	48	36	48	28	47	45	38	39	41	40	33	40	52
Y_scaffold4	870871	36	31	33	34	32	31	38	39	32	22	48	36	47	28	48	44	37	40	41	39	33	40	52
Y_scaffold4	870872	36	33	32	34	33	31	39	38	32	23	49	39	47	28	48	45	37	41	41	39	33	41	51
Y_scaffold4	870873	36	32	31	34	32	31	38	38	32	23	49	39	48	29	47	46	37	41	41	39	33	41	51
Y_scaffold4	870874	36	32	31	34	32	32	40	38	32	23	49	39	47	29	47	47	37	41	41	40	32	41	51
Y_scaffold4	870875	36	31	31	34	32	32	40	39	32	24	49	39	46	29	47	47	36	40	41	38	33	41	51
Y_scaffold4	870876	35	33	31	34	32	32	39	38	32	24	49	38	46	29	46	47	37	40	41	38	33	41	51
Y_scaffold4	870877	35	33	32	34	32	32	39	38	32	23	49	37	46	29	45	46	37	39	42	37	34	40	52
Y_scaffold4	870878	35	33	31	35	32	32	40	39	32	23	49	37	46	29	45	46	36	39	42	37	34	40	52
Y_scaffold4	870879	35	33	31	34	32	32	40	39	32	23	50	37	47	28	45	46	36	39	42	37	35	40	51
Y_scaffold4	870880	35	33	31	35	32	31	40	39	32	23	50	37	48	28	44	47	37	39	42	37	35	40	52
Y_scaffold4	870881	35	33	31	35	32	31	39	38	32	22	51	37	48	28	45	47	37	39	42	36	35	42	52
Y_scaffold4	870882	35	33	31	36	32	31	39	38	32	21	51	39	48	28	45	46	37	41	42	37	36	42	52
Y_scaffold4	870883	36	34	31	37	32	31	39	37	32	22	50	38	47	29	45	48	37	41	42	36	36	42	54
Y_scaffold4	870884	36	33	31	37	32	31	38	37	32	22	50	38	47	29	45	48	37	40	42	36	36	43	54
Y_scaffold4	870885	36	32	32	38	32	31	38	37	32	22	50	38	48	29	46	49	38	40	43	37	36	44	55
Y_scaffold4	870886	36	32	31	38	33	31	39	37	32	22	51	37	49	30	46	49	38	41	43	37	36	44	54
Y_scaffold4	870887	35	32	31	38	33	31	39	37	31	22	50	37	48	30	46	49	38	41	43	37	36	44	54
Y_scaffold4	870888	35	32	31	38	33	31	39	37	31	22	50	37	48	30	46	49	37	41	43	38	36	45	56
Y_scaffold4	870889	35	32	31	38	33	31	39	37	29	23	50	37	48	30	46	48	37	42	44	38	36	47	56
Y_scaffold4	870890	35	32	31	39	33	31	39	36	29	23	49	37	47	30	46	48	37	40	43	38	35	47	55
Y_scaffold4	870891	34	33	31	39	33	32	39	35	29	23	49	38	46	29	46	48	36	39	43	39	35	46	55
Y_scaffold4	870892	35	33	32	39	34	32	39	35	29	23	49	38	46	29	47	49	36	39	43	39	35	46	55
Y_scaffold4	870893	35	33	33	39	34	33	39	36	29	24	49	38	46	30	45	49	35	39	43	39	35	46	55
Y_scaffold4	870894	37	33	33	37	34	32	39	36	29	24	48	37	46	31	45	49	35	38	43	39	33	46	54
Y_scaffold4	870895	38	33	33	38	35	32	41	37	29	25	50	37	46	31	45	49	35	37	44	39	33	46	55
Y_scaffold4	870896	37	33	33	38	35	34	41	38	29	25	50	37	46	31	45	48	35	37	45	39	33	47	56
Y_scaffold4	870897	37	33	33	38	34	35	41	39	29	28	50	37	45	33	46	48	35	36	45	38	33	47	56
Y_scaffold4	870898	37	32	34	38	35	35	41	39	31	27	49	38	46	33	46	48	35	36	45	38	33	47	55
Y_scaffold4	870899	37	32	34	37	35	34	41	41	31	27	50	38	45	34	46	47	35	36	45	38	33	46	54
Y_scaffold4	870900	38	32	34	38	35	34	41	41	31	28	50	38	46	34	46	47	36	37	45	38	33	46	54
Y_scaffold4	870901	38	32	34	38	36	34	41	41	32	28	50	38	46	35	46	47	36	38	45	37	35	46	55
Y_scaffold4	870902	38	32	33	38	35	34	41	41	33	28	50	38	46	35	46	48	36	39	45	36	35	47	55
Y_scaffold4	870903	38	32	33	38	35	34	40	41	33	28	49	40	46	34	46	48	36	39	45	35	35	47	55
Y_scaffold4	870904	38	32	33	38	35	34	40	41	33	28	49	40	45	34	46	48	35	39	44	35	35	44	54
Y_scaffold4	870905	38	32	33	38	35	34	40	41	34	29	49	41	45	33	46	47	35	40	44	34	34	44	55
Y_scaffold4	870906	38	32	34	38	35	34	41	41	34	29	48	41	42	33	46	46	35	40	43	35	32	44	55
Y_scaffold4	870907	37	31	34	38	35	35	40	41	34	29	48	41	42	33	46	46	35	40	43	35	32	44	55
Y_scaffold4	870908	37	31	34	38	35	34	40	43	34	29	45	41	42	34	46	46	35	38	43	35	32	44	55
Y_scaffold4	870909	38	30	34	38	35	34	40	43	34	31	45	41	42	34	46	47	35	38	44	35	32	44	55
Y_scaffold4	870910	39	29	34	39	36	34	40	43	33	31	45	41	42	34	47	47	36	38	44	35	32	44	55
Y_scaffold4	870911	38	29	34	39	36	34	39	42	33	31	45	41	42	34	47	47	36	38	44	36	32	44	55
Y_scaffold4	870912	38	30	34	40	33	33	40	40	32	30	47	42	42	34	48	48	36	37	45	36	32	44	54
Y_scaffold4	870913	39	30	35	40	33	34	40	41	32	30	47	42	42	34	48	48	36	37	45	36	32	45	54
Y_scaffold4	870914	39	30	34	40	33	34	41	42	32	30	47	42	43	34	47	49	36	38	45	36	33	45	54
Y_scaffold4	870915	39	30	33	40	33	34	41	42	31	29	47	44	43	34	47	49	36	38	45	36	33	45	54
Y_scaffold4	870916	39	30	33	41	34	34	41	42	31	28	46	44	43	34	47	49	36	39	44	36	33	45	54
Y_scaffold4	870917	38	30	34	41	34	35	40	41	32	27	45	45	43	34	47	49	36	39	44	36	33	45	53
Y_scaffold4	870918	37	30	34	41	34	35	40	41	32	27	45	45	43	34	47	50	36	39	44	37	33	45	53
Y_scaffold4	870919	37	30	33	41	33	35	40	41	32	27	45	43	42	34	46	52	35	39	43	38	32	45	53
Y_scaffold4	870920	37	30	33	41	33	35	39	41	32	27	45	43	42	34	46	52	35	39	43	38	32	46	53
Y_scaffold4	870921	38	31	33	41	33	35	38	41	32	27	45	43	42	33	45	53	35	39	42	38	32	45	52
Y_scaffold4	870922	38	31	34	41	33	35	38	41	32	28	45	43	40	34	45	54	35	38	42	38	31	45	52
Y_scaffold4	870923	39	31	35	41	33	35	37	40	31	30	45	43	40	35	45	53	35	37	43	37	31	44	52
Y_scaffold4	870924	39	31	35	41	32	35	37	41	31	31	45	43	40	35	45	53	35	36	43	37	31	45	53
Y_scaffold4	870925	38	31	36	40	32	36	37	41	32	31	46	43	40	35	45	52	35	36	43	37	31	46	53
Y_scaffold4	870926	38	29	36	39	32	36	36	41	31	31	46	44	38	34	45	52	35	36	44	37	31	46	53
Y_scaffold4	870927	38	28	36	39	33	36	35	41	31	31	47	45	38	34	46	52	35	36	44	37	31	46	53
Y_scaffold4	870928	39	27	35	39	33	36	35	41	32	31	45	45	37	34	46	52	35	36	44	37	30	46	53
Y_scaffold4	870929	39	27	35	39	33	36	36	42	32	31	45	45	37	34	46	52	35	36	44	37	29	46	53
Y_scaffold4	870930	38	26	35	39	33	35	36	42	32	31	45	45	37	35	46	51	35	37	43	37	29	47	53
Y_scaffold4	870931	38	26	36	40	33	35	36	42	32	31	45	45	37	34	46	51	35	36	43	37	29	46	52
Y_scaffold4	870932	38	26	36	40	33	35	35	42	32	31	46	44	37	34	46	51	35	36	43	37	29	45	52
Y_scaffold4	870933	36	26	36	40	33	35	35	42	32	31	47	44	37	34	44	51	35	36	42	36	29	45	52
Y_scaffold4	870934	35	24	36	40	33	35	35	42	33	30	47	44	37	35	44	52	35	37	42	35	29	45	51
Y_scaffold4	870935	35	24	36	40	34	35	35	42	33	30	47	45	37	35	41	53	35	37	42	35	29	45	51
Y_scaffold4	870936	35	24	35	39	34	35	35	41	33	30	47	45	37	34	41	50	35	37	42	34	30	45	51
Y_scaffold4	870937	37	23	35	41	35	35	35	41	34	30	47	45	37	34	42	50	33	36	43	33	30	45	51
Y_scaffold4	870938	36	23	35	42	35	36	35	43	35	30	47	45	37	34	42	49	33	36	43	33	30	45	51
Y_scaffold4	870939	36	23	35	42	35	34	35	43	35	30	47	45	37	34	43	48	33	36	42	32	30	45	50
Y_scaffold4	870940	36	23	34	41	35	33	35	42	35	30	47	45	38	33	43	46	30	36	42	31	30	45	49
Y_scaffold4	870941	36	22	34	41	35	33	36	42	35	31	47	45	38	34	43	46	30	38	42	32	30	46	48
Y_scaffold4	870942	36	23	34	41	35	33	36	43	34	31	47	45	38	34	43	46	30	38	42	32	30	47	48
Y_scaffold4	870943	36	23	34	41	35	33	36	43	34	31	46	45	38	34	43	46	30	38	42	31	30	47	48
Y_scaffold4	870944	37	23	33	42	35	33	37	43	34	32	46	45	36	34	44	45	30	39	40	31	30	48	48
Y_scaffold4	870945	37	23	34	42	35	32	37	42	34	32	46	45	36	34	45	45	30	39	40	31	29	48	47
Y_scaffold4	870946	37	22	34	42	34	30	36	42	34	32	46	45	36	34	45	45	29	39	40	31	29	48	47
Y_scaffold4	870947	37	22	34	42	34	30	36	43	34	32	45	45	36	34	47	44	29	39	39	31	28	48	47
Y_scaffold4	870948	37	22	34	42	34	29	35	43	33	32	45	45	36	33	47	44	29	38	38	31	29	48	47
Y_scaffold4	870949	37	22	34	41	35	29	34	43	36	32	43	44	36	33	47	44	29	38	38	31	29	48	47
Y_scaffold4	870950	37	22	34	41	35	28	34	42	36	33	42	44	36	32	46	46	29	38	37	31	29	49	47
Y_scaffold4	870951	37	22	34	41	35	28	34	42	36	33	42	44	36	32	42	46	28	37	38	31	28	49	48
Y_scaffold4	870952	37	23	34	41	35	28	34	43	38	33	42	44	36	32	44	46	28	37	38	31	28	47	48
Y_scaffold4	870953	36	22	33	41	35	28	34	44	37	33	42	44	36	32	43	46	27	38	39	31	28	47	48
Y_scaffold4	870954	36	22	34	41	34	28	35	43	36	33	42	43	36	32	44	46	27	38	40	31	28	47	47
Y_scaffold4	870955	36	24	34	41	34	28	35	43	36	33	43	43	36	32	44	46	28	40	40	30	28	47	47
Y_scaffold4	870956	35	24	34	41	33	28	33	44	37	34	42	43	36	32	44	46	28	40	39	30	29	46	47
Y_scaffold4	870957	35	24	34	41	33	28	32	44	37	34	41	43	35	32	44	46	28	40	37	30	27	47	47
Y_scaffold4	870958	35	24	34	41	32	28	32	43	37	33	42	42	35	31	45	46	27	40	37	30	26	47	47
Y_scaffold4	870959	35	23	33	40	32	27	32	43	37	32	43	42	34	31	44	46	28	39	36	30	26	45	48
Y_scaffold4	870960	36	23	33	40	32	27	33	43	37	32	43	43	33	32	45	46	28	40	36	31	26	45	48
Y_scaffold4	870961	36	23	33	40	32	27	33	43	37	32	43	43	34	31	44	46	29	40	36	31	26	44	48
Y_scaffold4	870962	36	23	33	38	32	27	33	45	36	32	43	43	34	31	44	46	29	41	36	31	26	46	49
Y_scaffold4	870963	38	23	33	38	32	27	33	45	36	33	45	42	33	31	44	47	29	42	36	31	27	46	51
Y_scaffold4	870964	38	22	33	38	33	28	32	45	36	33	45	42	32	30	44	47	29	42	36	33	28	46	51
Y_scaffold4	870965	38	22	33	36	34	27	31	46	36	33	45	42	32	30	44	47	29	42	37	33	26	46	50
Y_scaffold4	870966	36	22	33	36	33	27	32	46	35	33	45	42	31	30	44	46	30	41	37	33	26	46	50
Y_scaffold4	870967	35	22	33	36	34	28	32	45	35	34	46	43	31	30	44	45	31	41	37	33	26	46	50
Y_scaffold4	870968	36	22	33	36	34	28	32	44	35	33	45	44	30	31	43	44	31	41	37	32	26	46	50
Y_scaffold4	870969	38	22	32	37	34	28	32	44	35	33	47	44	30	31	43	42	31	41	37	32	26	47	50
Y_scaffold4	870970	38	23	32	37	34	29	33	44	35	33	47	45	31	32	43	41	31	42	36	32	25	47	50
Y_scaffold4	870971	38	23	31	38	33	30	33	45	34	33	46	45	30	32	43	41	31	43	36	32	25	47	51
Y_scaffold4	870972	38	22	31	38	32	30	33	45	34	34	46	43	30	32	43	40	31	43	36	33	25	47	51
Y_scaffold4	870973	38	22	30	39	32	31	33	46	34	34	47	43	30	31	43	40	31	44	36	31	25	47	50
Y_scaffold4	870974	38	22	30	39	32	32	33	46	34	34	48	42	31	31	43	40	30	44	36	31	25	45	49
Y_scaffold4	870975	38	24	31	38	32	32	33	47	34	35	50	42	33	31	42	40	30	44	35	31	25	46	51
Y_scaffold4	870976	38	23	31	38	30	31	33	47	34	36	49	40	33	30	42	40	30	44	35	31	25	46	50
Y_scaffold4	870977	38	24	31	38	30	32	33	48	34	36	49	39	33	30	43	40	29	44	34	31	25	46	49
Y_scaffold4	870978	37	25	31	38	29	31	33	48	34	36	49	39	33	30	43	39	28	45	36	32	25	46	49
