Y_scaffold4	650775	30	32	38	23	31	35	32	35	28	26	45	38	31	26	51	41	28	37	33	36	23	43	46
Y_scaffold4	650776	30	32	39	23	31	35	32	34	28	26	45	37	31	26	51	41	27	37	33	37	23	43	46
Y_scaffold4	650777	30	31	39	23	31	34	33	34	28	27	43	37	31	26	51	41	27	37	33	38	23	43	47
Y_scaffold4	650778	30	32	39	23	31	33	34	34	29	28	44	37	32	26	51	41	27	37	34	40	23	44	47
Y_scaffold4	650779	30	33	39	23	32	33	34	34	29	28	43	37	32	26	50	42	27	37	34	40	23	44	47
Y_scaffold4	650780	31	33	40	21	33	31	34	33	30	28	43	36	33	26	49	42	27	37	34	39	23	44	47
Y_scaffold4	650781	31	33	40	21	34	31	34	33	30	28	42	36	31	26	48	42	26	37	34	38	24	45	48
Y_scaffold4	650782	31	33	40	21	34	31	33	32	30	27	42	36	31	27	47	42	26	36	34	38	23	44	48
Y_scaffold4	650783	33	34	40	22	33	31	33	32	30	27	42	34	31	27	46	43	25	36	33	38	23	44	47
Y_scaffold4	650784	33	33	39	23	33	32	34	32	30	28	43	34	31	27	46	44	26	35	32	37	24	44	48
Y_scaffold4	650785	34	33	40	23	33	32	35	33	31	27	44	34	30	27	47	44	26	35	31	37	24	44	48
Y_scaffold4	650786	34	32	40	23	33	33	35	33	31	27	45	34	30	27	47	44	26	36	31	38	24	44	48
Y_scaffold4	650787	35	32	40	23	31	32	35	33	31	27	45	34	30	27	47	44	26	35	31	39	24	44	48
Y_scaffold4	650788	35	32	40	23	32	33	36	33	31	27	45	34	30	27	48	44	27	35	34	39	24	45	48
Y_scaffold4	650789	35	31	39	21	32	33	36	33	31	27	45	32	30	28	49	44	27	33	34	39	24	45	48
Y_scaffold4	650790	36	33	40	21	33	32	36	33	31	27	46	33	29	28	48	45	28	32	34	40	24	45	48
Y_scaffold4	650791	37	33	38	21	33	32	36	34	30	27	46	33	28	28	48	45	28	30	33	39	25	46	48
Y_scaffold4	650792	37	32	38	23	33	33	36	34	30	27	46	32	27	28	48	45	28	32	32	40	25	46	48
Y_scaffold4	650793	37	32	38	23	32	33	36	34	30	27	47	34	27	28	49	45	29	32	32	40	24	46	49
Y_scaffold4	650794	37	32	37	23	32	33	36	34	29	26	47	35	27	28	49	46	29	31	33	39	24	46	50
Y_scaffold4	650795	37	31	37	23	31	33	35	33	30	26	46	35	28	28	48	46	29	31	33	39	24	46	49
Y_scaffold4	650796	39	31	37	23	31	33	35	33	30	26	47	35	28	29	48	46	29	32	33	39	24	46	49
Y_scaffold4	650797	39	31	37	23	31	34	35	34	31	26	46	35	28	29	47	46	29	32	33	39	23	46	49
Y_scaffold4	650798	39	32	37	23	31	35	35	34	31	26	46	35	28	30	47	46	28	33	33	39	23	46	49
Y_scaffold4	650799	39	32	37	23	32	35	35	34	31	26	46	35	27	30	47	46	28	33	33	39	23	48	50
Y_scaffold4	650800	39	33	37	23	32	35	34	34	31	26	46	36	27	30	48	47	28	33	34	40	25	48	50
Y_scaffold4	650801	38	33	37	23	28	34	32	33	31	25	46	36	28	30	47	47	27	32	34	39	25	48	49
Y_scaffold4	650802	38	33	37	22	29	34	32	33	31	25	46	36	28	30	47	48	27	32	34	40	25	48	49
Y_scaffold4	650803	39	33	36	22	29	34	32	33	31	25	46	36	28	30	47	47	27	33	34	40	25	49	49
Y_scaffold4	650804	39	33	35	22	29	34	33	32	31	25	45	36	27	30	47	47	27	34	35	40	26	47	49
Y_scaffold4	650805	39	33	35	22	28	34	33	33	31	24	45	36	27	29	46	45	26	35	35	40	26	47	50
Y_scaffold4	650806	39	33	35	22	28	34	33	32	31	24	45	36	27	29	46	45	26	35	35	40	26	47	50
Y_scaffold4	650807	38	33	34	23	28	34	32	31	31	24	45	36	27	29	46	45	27	36	34	40	26	48	51
Y_scaffold4	650808	38	33	34	23	27	34	32	32	31	24	45	36	27	28	46	43	27	36	34	40	26	48	51
Y_scaffold4	650809	36	33	33	23	28	34	31	31	30	24	42	36	27	28	46	43	27	36	34	40	26	47	51
Y_scaffold4	650810	36	33	33	23	28	34	31	31	30	24	42	36	27	28	48	43	27	36	35	39	26	48	52
Y_scaffold4	650811	36	33	34	22	28	34	31	30	30	24	42	33	27	28	48	44	26	36	34	39	26	46	52
Y_scaffold4	650812	36	33	34	21	28	34	31	30	30	25	42	33	28	28	48	44	26	37	34	38	25	46	52
Y_scaffold4	650813	35	33	34	21	28	34	30	30	30	25	42	32	28	28	49	44	26	37	34	38	25	46	52
Y_scaffold4	650814	35	32	35	19	27	33	30	30	30	25	44	32	28	29	47	44	26	36	35	38	25	46	50
Y_scaffold4	650815	35	32	32	19	27	33	30	30	30	25	42	32	28	29	47	44	25	36	34	38	25	46	49
Y_scaffold4	650816	35	31	32	19	27	34	31	30	29	25	41	32	28	29	48	44	25	35	33	39	26	47	50
Y_scaffold4	650817	35	31	32	19	28	34	32	30	30	26	41	32	29	28	48	45	25	37	33	39	26	48	50
Y_scaffold4	650818	36	31	31	18	28	34	33	32	29	26	41	32	29	28	48	47	27	37	34	39	25	47	50
Y_scaffold4	650819	36	31	31	16	27	34	32	32	29	26	40	31	30	27	47	48	26	36	34	38	25	47	48
Y_scaffold4	650820	34	31	31	17	26	34	32	30	28	27	40	31	30	28	46	49	27	36	34	37	25	46	49
Y_scaffold4	650821	34	31	31	17	26	34	31	30	28	27	39	31	30	28	46	49	27	36	34	37	26	46	49
Y_scaffold4	650822	32	31	31	16	26	34	33	30	29	28	39	31	32	29	47	48	27	36	34	37	28	46	49
Y_scaffold4	650823	31	30	30	16	26	33	34	30	27	27	38	31	31	29	47	48	26	33	34	37	28	46	47
Y_scaffold4	650824	31	30	30	16	26	33	34	30	27	27	41	31	33	30	47	48	27	32	34	38	28	46	47
Y_scaffold4	650825	32	30	30	16	25	33	34	30	27	26	40	31	33	30	47	48	27	32	35	38	28	46	48
Y_scaffold4	650826	32	31	30	16	25	32	34	30	27	25	41	31	32	30	48	47	27	34	34	38	28	46	48
Y_scaffold4	650827	31	31	31	16	25	32	33	30	27	26	41	30	32	29	48	46	27	34	33	38	28	47	47
Y_scaffold4	650828	31	31	31	16	24	32	33	30	27	26	41	30	32	29	49	46	27	34	33	38	28	47	47
Y_scaffold4	650829	31	31	32	17	24	32	33	30	27	27	40	29	31	28	44	45	26	36	31	35	27	47	45
Y_scaffold4	650830	31	31	32	17	24	32	33	30	27	29	40	30	31	28	44	45	26	36	31	35	27	45	45
Y_scaffold4	650831	31	31	31	18	24	32	34	30	27	28	40	30	32	28	44	44	27	36	32	35	28	45	45
Y_scaffold4	650832	31	32	31	18	24	31	34	30	27	28	40	30	32	28	44	44	27	36	32	35	27	44	45
Y_scaffold4	650833	31	33	31	18	26	32	34	31	29	28	40	30	32	27	44	45	27	37	32	35	27	44	45
Y_scaffold4	650834	31	33	31	16	26	32	34	31	29	28	42	30	32	27	45	45	27	36	31	36	27	44	46
Y_scaffold4	650835	30	33	31	16	26	32	36	31	30	28	42	29	32	27	44	46	26	36	31	35	27	44	47
Y_scaffold4	650836	30	33	30	16	26	32	36	30	30	28	42	29	32	27	43	46	26	36	30	34	28	44	45
Y_scaffold4	650837	30	33	29	16	26	32	35	30	30	28	41	28	31	27	41	46	26	36	30	34	28	44	44
Y_scaffold4	650838	30	32	28	16	25	33	35	30	30	28	41	28	32	27	40	46	26	37	29	34	28	44	44
Y_scaffold4	650839	30	31	28	17	24	33	36	30	31	28	41	28	32	28	40	46	26	36	29	33	29	44	44
Y_scaffold4	650840	31	31	28	17	25	33	36	30	31	28	41	28	31	27	39	46	26	36	30	33	29	45	44
Y_scaffold4	650841	31	31	28	19	25	33	35	31	31	28	41	28	31	27	38	46	27	36	30	33	29	45	45
Y_scaffold4	650842	31	30	28	20	26	31	34	30	31	28	40	28	31	27	40	45	27	37	30	33	27	45	45
Y_scaffold4	650843	31	30	28	21	27	30	34	31	32	28	41	28	31	27	39	46	27	37	30	33	27	45	45
Y_scaffold4	650844	31	30	28	21	27	30	34	30	32	28	41	27	31	29	39	45	27	38	31	33	27	45	47
Y_scaffold4	650845	31	29	29	21	26	29	34	30	32	27	41	27	31	28	40	46	27	38	29	33	27	45	47
Y_scaffold4	650846	30	29	29	21	26	29	34	30	32	27	42	27	31	28	40	46	27	39	29	33	27	45	48
Y_scaffold4	650847	29	29	29	21	26	29	35	28	32	27	42	27	31	28	40	47	25	39	30	33	27	46	48
Y_scaffold4	650848	29	28	29	21	26	29	35	28	32	27	42	26	31	28	40	46	25	38	31	33	27	46	48
Y_scaffold4	650849	29	28	29	21	26	29	35	26	32	27	41	26	31	28	39	45	24	38	31	32	27	45	49
Y_scaffold4	650850	29	28	29	21	26	29	35	26	32	27	41	26	31	27	40	45	23	38	31	32	27	46	50
Y_scaffold4	650851	29	28	29	21	26	29	35	26	32	27	41	25	30	28	40	45	23	39	30	32	27	46	50
Y_scaffold4	650852	29	28	29	21	27	29	34	27	32	27	40	26	32	28	41	45	23	39	30	31	27	44	49
Y_scaffold4	650853	29	28	29	22	27	27	34	28	32	27	41	26	31	28	41	45	23	39	32	31	27	44	50
Y_scaffold4	650854	29	29	29	23	27	28	35	28	32	26	41	28	32	27	41	45	22	39	32	32	27	44	50
Y_scaffold4	650855	30	28	29	23	27	28	35	28	32	26	41	28	32	29	41	45	22	40	32	32	27	44	51
Y_scaffold4	650856	30	28	29	22	27	28	35	28	33	26	41	28	32	29	41	45	22	40	32	32	27	44	52
Y_scaffold4	650857	30	28	30	22	27	28	35	28	34	27	41	28	31	29	41	44	23	40	31	32	28	43	52
Y_scaffold4	650858	30	28	30	22	27	29	35	30	33	27	42	29	30	29	41	44	23	40	31	32	28	42	52
Y_scaffold4	650859	30	28	30	22	27	30	35	31	33	27	42	29	30	29	41	45	23	40	31	32	28	42	53
Y_scaffold4	650860	30	28	30	22	27	30	36	31	33	27	42	29	30	28	41	45	23	40	29	32	29	42	53
Y_scaffold4	650861	29	28	30	22	27	30	37	31	33	27	42	29	30	30	41	45	23	40	28	31	28	42	53
Y_scaffold4	650862	29	27	29	22	27	30	37	31	33	27	42	29	29	30	41	45	23	40	28	31	28	42	53
Y_scaffold4	650863	29	28	30	23	26	30	37	31	32	27	42	29	29	30	39	45	23	40	28	31	29	43	53
Y_scaffold4	650864	29	28	30	23	26	29	37	31	33	27	42	29	29	30	39	45	23	40	28	31	29	43	53
Y_scaffold4	650865	29	27	30	23	26	28	37	31	33	26	42	28	29	31	41	45	23	40	29	31	29	43	52
Y_scaffold4	650866	29	26	30	22	26	29	37	31	33	26	42	28	29	31	42	45	23	40	29	31	29	43	52
Y_scaffold4	650867	30	26	30	22	26	29	37	32	33	25	42	28	29	31	42	45	23	39	29	32	29	43	52
Y_scaffold4	650868	31	26	30	21	26	29	37	31	33	25	42	28	29	30	42	45	23	38	29	32	28	43	52
Y_scaffold4	650869	31	26	29	21	26	29	36	32	33	25	42	28	28	30	42	44	23	38	29	30	28	43	52
Y_scaffold4	650870	30	26	29	22	26	29	36	32	31	25	42	30	28	30	41	44	23	37	29	31	29	43	52
Y_scaffold4	655906	33	41	27	23	36	36	66	27	29	18	49	31	30	24	47	52	28	26	44	30	35	49	54
Y_scaffold4	655907	34	40	27	23	37	36	65	28	28	18	50	33	31	25	47	50	28	26	44	30	36	51	54
Y_scaffold4	655908	33	40	26	23	37	35	65	28	28	17	50	33	31	25	48	50	29	26	44	33	36	51	54
Y_scaffold4	655909	33	40	26	23	37	35	65	29	28	18	51	35	31	25	47	51	29	26	45	32	36	51	54
Y_scaffold4	655910	33	39	26	23	36	35	65	30	29	18	50	35	30	24	48	51	29	25	45	32	36	51	53
Y_scaffold4	655911	34	40	27	23	38	35	65	30	28	18	49	35	30	24	48	52	29	26	45	31	36	51	53
Y_scaffold4	655912	34	40	27	23	39	34	65	29	28	18	49	34	30	24	48	52	28	27	45	31	36	51	55
Y_scaffold4	655913	33	40	28	23	39	34	66	29	27	18	48	34	30	24	48	53	29	27	44	31	37	51	55
Y_scaffold4	655914	34	38	28	23	39	34	66	29	27	20	48	36	31	24	49	54	29	28	46	29	37	51	54
Y_scaffold4	655915	34	38	28	24	39	34	66	28	27	21	47	36	31	25	49	54	30	28	46	28	38	52	54
Y_scaffold4	655916	34	38	28	24	39	35	65	27	27	21	49	37	32	24	50	54	30	27	46	28	38	53	53
Y_scaffold4	655917	34	38	29	24	40	35	65	27	27	21	49	37	32	24	50	54	30	26	46	28	38	53	53
Y_scaffold4	655918	34	39	29	24	40	35	65	27	27	20	49	37	32	24	51	55	30	27	47	30	38	52	53
Y_scaffold4	655919	34	39	29	24	40	35	65	27	26	20	49	37	35	24	51	55	30	27	46	31	38	52	54
Y_scaffold4	655920	35	39	29	24	40	34	64	27	26	20	49	37	35	24	51	55	30	27	46	31	37	52	54
Y_scaffold4	655921	35	39	29	22	42	34	67	28	27	21	48	39	35	24	51	56	29	27	48	31	37	53	52
Y_scaffold4	655922	35	39	29	22	43	33	67	27	26	21	47	39	34	24	51	56	29	27	49	31	37	53	51
Y_scaffold4	655923	35	41	30	22	43	33	66	27	27	22	48	39	34	25	51	56	28	27	50	31	37	54	51
Y_scaffold4	655924	35	41	30	22	42	32	65	27	27	22	48	40	33	25	51	56	29	28	50	31	37	54	51
Y_scaffold4	655925	35	41	30	22	42	33	66	27	27	23	48	40	34	26	51	56	29	30	50	32	37	54	49
Y_scaffold4	655926	34	40	29	22	43	34	66	25	26	23	48	39	36	27	50	56	27	30	48	32	37	53	48
Y_scaffold4	655927	34	40	29	23	42	34	67	24	26	23	48	40	36	27	49	56	27	31	48	33	37	53	49
Y_scaffold4	655928	33	40	29	23	42	34	67	24	27	23	48	40	35	27	49	56	27	31	48	33	37	53	49
Y_scaffold4	655929	33	40	29	23	42	33	68	24	27	23	48	41	35	27	49	56	27	31	49	33	39	53	49
Y_scaffold4	655930	33	40	29	23	42	33	69	25	27	24	47	41	35	27	49	58	27	31	48	32	39	53	49
Y_scaffold4	655931	33	40	32	23	41	33	68	25	26	24	47	41	35	27	49	58	27	31	48	31	39	52	49
Y_scaffold4	655932	33	40	31	23	41	33	67	24	26	24	45	40	34	27	49	58	26	31	47	31	38	50	47
Y_scaffold4	655933	33	40	31	23	43	33	67	24	27	24	45	40	34	27	48	58	27	31	46	31	39	50	47
Y_scaffold4	655934	33	40	31	23	42	34	66	24	28	24	45	41	34	27	48	59	28	31	46	31	39	50	47
Y_scaffold4	655935	34	41	30	21	42	34	66	24	26	24	45	41	34	28	47	60	28	31	45	32	40	50	47
Y_scaffold4	655936	34	41	30	21	41	33	66	24	26	24	45	40	34	28	46	62	27	31	45	32	39	50	48
Y_scaffold4	655937	33	41	30	21	41	33	66	24	26	24	47	40	34	28	46	62	27	31	45	32	39	50	48
Y_scaffold4	655938	33	41	30	21	41	33	66	24	26	24	48	40	34	29	46	63	27	31	47	32	39	50	49
Y_scaffold4	655939	33	40	30	21	41	33	66	24	25	24	49	40	33	29	45	61	27	32	47	32	40	49	50
Y_scaffold4	655940	33	39	30	19	43	33	66	24	25	25	49	40	33	28	46	62	28	33	48	31	40	46	49
Y_scaffold4	655941	35	39	30	19	43	33	67	24	25	25	48	40	33	28	46	62	29	33	48	31	40	46	49
Y_scaffold4	655942	36	39	29	19	43	33	67	24	26	26	47	40	33	28	46	62	28	34	48	30	39	46	48
Y_scaffold4	655943	36	39	29	19	43	33	67	24	26	26	47	40	32	28	46	61	28	33	48	31	38	46	48
Y_scaffold4	655944	37	39	29	19	43	33	67	25	26	26	47	40	32	28	47	60	28	33	48	31	38	45	48
Y_scaffold4	655945	37	39	29	19	44	33	68	25	27	26	48	40	32	28	47	60	29	33	48	31	37	45	48
Y_scaffold4	655946	37	38	29	19	43	33	68	25	27	26	49	40	31	28	45	60	29	33	48	31	36	45	47
Y_scaffold4	655947	37	38	29	20	43	34	68	25	28	26	50	40	32	28	45	59	29	33	48	31	36	45	47
Y_scaffold4	655948	37	38	29	20	44	34	68	25	28	27	50	41	32	28	46	59	29	33	48	31	36	46	47
Y_scaffold4	655949	37	38	29	20	43	33	68	25	28	27	50	39	32	27	45	60	30	33	48	30	36	46	47
Y_scaffold4	655950	36	37	29	20	42	33	68	25	27	27	50	39	31	28	45	58	30	32	48	30	36	46	47
Y_scaffold4	655951	36	37	30	20	41	31	69	25	27	27	48	39	32	28	45	58	30	33	47	30	37	46	46
Y_scaffold4	655952	36	38	30	20	41	32	69	25	27	27	48	39	32	28	44	58	30	33	47	30	37	45	45
Y_scaffold4	655953	35	38	30	20	41	32	69	25	27	27	48	38	32	28	44	58	29	33	47	31	38	46	44
Y_scaffold4	655954	35	38	30	19	41	32	66	25	27	26	48	38	30	28	43	57	29	31	46	31	37	45	44
Y_scaffold4	655955	35	38	30	19	41	31	68	26	27	27	48	38	30	28	43	57	28	31	46	34	37	46	44
Y_scaffold4	655956	35	38	30	19	41	31	68	26	27	27	49	38	30	28	43	57	28	30	47	34	37	48	44
Y_scaffold4	655957	35	37	31	20	41	31	67	28	27	27	47	38	30	28	43	55	28	30	47	34	37	48	44
Y_scaffold4	655958	35	37	31	21	41	31	67	28	27	27	47	38	31	29	43	54	28	30	47	32	37	47	43
Y_scaffold4	655959	34	37	30	21	40	31	67	28	26	27	47	38	31	28	43	55	28	30	47	32	37	47	43
Y_scaffold4	655960	34	37	32	21	39	31	65	28	25	27	48	38	31	27	44	54	28	30	48	34	37	48	42
Y_scaffold4	655961	35	37	32	21	39	31	65	30	25	27	48	38	32	27	44	54	28	30	47	34	38	48	41
Y_scaffold4	655962	35	37	32	21	39	31	65	30	25	27	48	38	33	26	44	55	28	30	47	34	39	49	41
Y_scaffold4	655963	35	37	32	21	39	31	65	30	25	27	48	37	32	25	44	55	28	30	47	35	39	49	41
Y_scaffold4	655964	35	37	32	21	38	31	66	30	26	27	48	37	33	25	44	55	28	31	47	35	39	50	41
Y_scaffold4	655965	34	39	32	21	39	31	65	30	26	27	48	37	33	25	44	56	28	31	47	35	39	50	42
Y_scaffold4	655966	33	38	32	21	39	32	65	31	25	27	47	38	33	25	42	56	28	32	46	34	39	51	42
Y_scaffold4	655967	33	38	32	21	39	31	65	31	26	27	47	39	33	25	43	56	28	32	45	33	38	51	42
Y_scaffold4	655968	33	37	33	22	39	31	66	31	26	27	46	39	33	25	43	54	28	32	46	34	38	51	42
Y_scaffold4	655969	33	37	33	21	39	31	65	31	26	27	46	39	33	25	45	54	28	32	45	34	38	51	42
Y_scaffold4	655970	33	37	33	21	39	31	65	31	27	27	46	39	33	25	45	55	28	32	45	34	38	50	41
Y_scaffold4	655971	32	37	33	21	39	32	64	31	26	27	46	40	33	26	44	55	28	33	44	34	37	50	41
Y_scaffold4	655972	30	37	33	21	39	33	64	31	26	28	44	41	33	27	44	56	28	32	45	35	37	50	41
Y_scaffold4	655973	30	37	34	21	39	31	63	31	26	28	44	41	34	27	43	55	28	31	44	35	35	50	40
Y_scaffold4	655974	30	37	35	21	40	31	63	31	27	28	44	41	34	27	44	55	28	31	43	35	35	50	40
Y_scaffold4	655975	30	38	35	21	40	31	64	31	28	28	44	42	34	27	44	55	28	31	43	35	35	50	40
Y_scaffold4	655976	30	39	35	21	39	31	65	31	28	29	44	44	34	27	44	56	29	31	43	37	35	50	40
Y_scaffold4	655977	31	39	35	21	39	31	66	30	28	29	42	43	34	28	42	56	29	30	43	37	35	50	40
Y_scaffold4	655978	32	39	36	21	38	29	65	29	29	30	44	43	34	27	41	56	29	30	43	37	35	50	40
Y_scaffold4	655979	33	37	36	21	37	30	65	29	29	30	44	43	34	27	41	57	30	29	42	37	35	50	40
Y_scaffold4	655980	33	37	35	21	37	30	65	29	29	31	44	43	34	27	40	56	30	29	42	37	34	50	39
Y_scaffold4	655981	34	37	35	21	37	30	65	29	29	31	45	43	34	27	40	56	30	29	42	37	36	51	39
Y_scaffold4	655982	34	38	35	22	37	29	65	29	29	31	45	43	33	27	40	56	30	29	44	37	36	50	39
Y_scaffold4	655983	34	38	35	22	37	29	65	29	30	31	45	43	33	27	40	57	31	29	44	37	37	51	39
Y_scaffold4	655984	34	38	35	22	39	29	65	29	30	31	45	44	32	27	40	57	32	29	44	35	37	51	40
Y_scaffold4	655985	34	38	36	23	39	28	65	30	30	31	45	44	32	27	39	57	33	29	44	35	38	52	39
Y_scaffold4	655986	33	38	36	23	39	28	65	30	30	31	44	43	32	27	40	57	33	30	45	35	39	52	39
Y_scaffold4	655987	33	38	36	23	39	27	66	31	30	31	44	43	32	27	40	57	32	30	46	36	37	53	39
Y_scaffold4	655988	32	36	36	22	39	27	65	31	30	31	43	44	32	26	40	57	32	30	46	36	36	51	39
Y_scaffold4	655989	32	36	36	22	39	27	65	31	30	31	43	43	32	26	40	58	32	30	47	36	37	51	39
Y_scaffold4	655990	32	36	35	22	39	28	66	31	30	31	43	43	33	26	40	58	32	30	48	36	37	51	40
Y_scaffold4	655991	32	36	35	22	40	28	65	31	31	31	44	43	33	26	40	58	32	30	48	36	37	51	40
Y_scaffold4	655992	32	36	35	22	40	28	63	31	31	31	43	43	33	27	39	58	32	30	48	37	37	51	40
Y_scaffold4	655993	32	37	35	22	40	28	63	31	32	31	44	43	32	27	39	58	31	30	49	37	37	50	40
Y_scaffold4	655994	31	37	35	22	40	27	63	31	32	31	44	43	32	27	38	56	32	31	48	37	37	50	40
Y_scaffold4	655995	31	37	36	22	40	27	61	31	32	31	44	42	32	27	38	56	32	31	48	37	37	51	40
Y_scaffold4	655996	31	37	36	22	39	27	63	32	33	33	43	43	32	28	38	57	30	32	49	37	36	51	41
Y_scaffold4	655997	31	36	36	22	39	27	64	32	33	32	42	43	31	28	37	57	29	33	49	37	35	51	41
Y_scaffold4	655998	31	36	36	22	39	27	64	31	33	32	42	43	31	29	37	56	27	33	49	37	34	51	41
Y_scaffold4	655999	31	36	36	22	38	27	63	32	32	32	42	42	31	28	37	55	27	32	49	36	34	51	42
Y_scaffold4	656000	31	34	36	22	38	27	63	31	32	32	42	42	31	28	37	55	27	32	49	34	34	51	43
Y_scaffold4	656001	31	35	36	23	39	27	63	32	32	32	42	42	33	29	37	55	27	31	49	34	35	50	43
Y_scaffold4	724437	30	31	36	22	23	30	33	42	32	35	41	35	29	21	43	40	38	40	40	30	21	47	39
Y_scaffold4	724438	30	30	35	22	23	30	33	42	32	35	41	35	29	21	42	40	36	39	40	29	21	47	39
Y_scaffold4	724439	31	31	35	22	23	32	34	42	31	35	41	36	29	21	42	40	35	39	39	29	21	46	39
Y_scaffold4	724440	31	30	33	21	24	32	33	42	31	35	39	37	30	21	42	41	35	39	40	29	21	47	38
Y_scaffold4	724441	31	30	33	21	24	33	33	42	31	36	38	36	32	21	41	41	35	39	40	29	21	47	39
Y_scaffold4	724442	31	31	33	21	25	33	33	42	30	36	38	36	32	21	40	41	34	39	40	29	21	47	39
Y_scaffold4	724443	31	31	33	22	26	32	34	43	30	36	38	37	32	21	40	42	34	39	40	29	21	47	39
Y_scaffold4	724444	30	31	33	21	26	32	34	43	30	34	38	38	32	21	42	43	34	38	40	30	21	47	39
Y_scaffold4	724445	30	32	33	21	26	32	34	42	30	34	39	38	32	22	41	43	34	38	40	30	21	47	39
Y_scaffold4	724446	29	32	34	21	27	33	34	42	30	35	39	38	33	22	41	43	34	40	40	30	21	46	39
Y_scaffold4	724447	29	31	34	21	26	33	34	43	30	35	39	38	34	22	41	43	34	39	41	30	21	46	40
Y_scaffold4	724448	28	31	34	21	26	33	34	42	30	35	39	38	35	22	41	42	34	39	41	30	21	46	40
Y_scaffold4	724449	28	31	34	21	26	33	33	42	30	35	40	37	35	22	41	41	34	39	41	30	21	46	41
Y_scaffold4	724450	28	31	34	21	26	33	33	41	29	35	40	37	35	22	41	41	34	39	41	30	22	46	41
Y_scaffold4	724451	29	31	34	21	26	33	34	41	29	35	40	37	35	23	41	41	34	39	40	30	23	47	42
Y_scaffold4	724452	29	30	34	21	27	33	34	41	28	35	40	37	35	24	44	41	34	39	39	31	23	48	41
Y_scaffold4	724453	29	30	34	21	27	33	34	40	28	35	40	37	35	24	44	40	34	38	40	31	22	48	41
Y_scaffold4	724454	29	30	34	21	27	33	34	39	28	36	41	37	35	23	44	40	34	38	41	31	22	47	41
Y_scaffold4	724455	30	30	34	20	27	33	33	38	28	36	41	35	35	22	44	41	35	37	41	31	22	48	41
Y_scaffold4	724456	30	30	33	20	27	33	33	38	27	36	41	35	35	22	44	40	35	38	41	31	22	48	41
Y_scaffold4	724457	30	30	33	20	26	33	34	38	28	36	41	35	37	22	44	40	36	38	41	30	22	47	43
Y_scaffold4	724458	29	30	33	19	26	32	34	38	28	35	40	35	37	22	43	40	38	38	41	30	23	47	42
Y_scaffold4	724459	29	30	32	19	26	32	33	38	28	33	40	35	37	22	43	41	39	38	41	30	23	47	42
Y_scaffold4	724460	29	31	32	19	25	32	33	39	28	32	40	35	36	22	43	41	39	37	41	31	24	47	43
Y_scaffold4	724461	29	30	32	20	25	31	33	39	28	32	40	34	36	23	42	40	38	37	40	31	24	47	43
Y_scaffold4	724462	29	30	31	19	25	30	33	39	29	32	40	34	36	23	40	40	37	37	40	30	23	47	42
Y_scaffold4	724463	30	29	31	21	25	30	33	39	29	32	40	36	36	23	40	40	36	36	39	30	23	46	42
Y_scaffold4	724464	31	29	32	21	26	30	34	40	30	32	42	36	37	23	41	40	36	36	39	30	24	47	41
Y_scaffold4	724465	30	28	32	21	26	30	34	41	30	31	42	36	37	23	40	40	36	36	39	30	24	47	41
Y_scaffold4	724466	30	28	32	20	26	30	34	41	30	30	42	36	38	23	40	41	36	36	39	30	27	47	41
Y_scaffold4	724467	30	28	31	21	25	28	34	41	30	32	42	39	39	24	40	42	36	37	39	30	28	49	43
Y_scaffold4	724468	30	29	31	20	25	29	34	41	30	31	42	39	38	24	42	42	35	37	39	30	28	49	43
Y_scaffold4	724469	30	30	31	20	25	29	34	40	29	31	42	39	38	24	43	41	34	37	39	29	27	49	42
Y_scaffold4	724470	30	29	31	20	25	29	34	40	29	33	42	40	38	23	42	41	34	37	39	29	27	48	43
Y_scaffold4	724471	32	30	31	20	25	29	35	40	30	33	42	39	38	23	44	41	34	37	39	28	27	48	43
Y_scaffold4	724472	32	30	31	20	25	29	35	39	29	33	43	39	38	23	44	41	34	36	38	29	27	48	43
Y_scaffold4	724473	32	30	31	19	26	30	35	39	29	33	43	39	37	23	44	41	35	36	37	29	27	48	42
Y_scaffold4	724474	32	30	31	19	26	29	34	39	29	32	43	38	37	23	44	41	35	35	37	28	27	48	42
Y_scaffold4	724475	32	29	31	19	27	28	34	37	28	32	42	38	37	24	44	40	35	34	37	28	27	44	42
Y_scaffold4	724476	33	29	31	20	27	29	35	37	27	32	42	37	36	24	45	39	35	34	37	29	27	44	42
Y_scaffold4	724477	33	30	31	20	27	28	35	37	28	32	42	37	36	24	46	39	35	34	36	29	27	44	42
Y_scaffold4	724478	34	30	31	20	27	27	35	38	28	32	40	36	37	24	46	39	35	34	36	28	27	43	42
Y_scaffold4	724479	34	30	29	21	26	27	35	37	28	32	41	36	37	24	46	39	35	34	36	27	27	43	42
Y_scaffold4	724480	34	30	29	21	26	27	34	37	30	32	41	36	38	24	46	39	35	34	35	27	27	44	42
Y_scaffold4	724481	34	29	29	21	27	27	34	37	30	33	40	36	38	24	46	39	35	34	35	29	27	43	42
Y_scaffold4	724482	34	30	29	21	27	29	34	37	30	33	40	36	38	24	45	39	35	34	35	29	27	43	43
Y_scaffold4	724483	33	30	29	21	28	29	35	37	30	33	41	36	38	24	45	39	36	34	36	29	29	43	43
Y_scaffold4	724484	33	30	29	21	28	30	35	36	30	33	41	35	38	24	46	39	36	33	35	28	29	42	42
Y_scaffold4	724485	33	30	29	21	28	30	35	36	30	33	42	35	38	24	47	38	35	32	34	29	29	43	42
Y_scaffold4	724486	33	30	29	21	28	30	35	36	30	33	42	35	38	24	48	39	35	32	34	29	29	44	42
Y_scaffold4	724487	33	30	27	21	29	30	36	35	29	32	43	36	38	24	47	39	35	32	34	29	29	44	41
Y_scaffold4	724488	33	30	25	20	29	30	35	36	29	32	42	37	38	24	47	40	34	32	34	29	29	42	42
Y_scaffold4	724489	33	30	25	20	29	30	35	37	29	32	42	38	38	24	47	43	34	32	34	29	28	42	42
Y_scaffold4	724490	33	31	26	20	30	31	35	37	28	32	42	38	38	24	47	43	34	31	34	29	28	42	42
Y_scaffold4	724491	34	31	26	20	30	33	35	38	28	31	42	38	39	24	46	43	34	31	34	29	28	42	41
Y_scaffold4	724492	34	31	26	20	30	33	35	37	27	31	42	38	39	23	46	43	33	31	34	29	28	43	41
Y_scaffold4	724493	33	30	25	20	29	32	34	37	29	32	41	38	39	23	46	44	33	32	34	30	28	43	40
Y_scaffold4	724494	33	29	25	20	29	32	34	36	28	31	41	40	39	23	45	44	33	32	35	30	28	43	40
Y_scaffold4	724495	33	29	25	20	29	32	34	36	28	31	41	40	39	23	44	44	33	32	36	30	28	43	39
Y_scaffold4	724496	33	31	26	21	29	31	33	36	28	31	41	41	39	24	44	45	34	32	37	30	28	42	39
Y_scaffold4	724497	34	32	25	21	30	31	31	36	27	31	41	41	38	24	44	43	34	32	37	29	27	41	38
Y_scaffold4	724498	34	32	26	20	30	31	31	36	28	33	41	41	38	25	44	42	35	32	37	29	27	41	38
Y_scaffold4	724499	35	32	25	21	30	31	32	36	28	34	40	41	37	25	43	41	35	32	37	29	27	42	40
Y_scaffold4	724500	35	32	25	20	30	32	31	36	28	35	39	39	37	25	43	41	35	32	36	30	27	42	40
Y_scaffold4	724501	36	33	27	21	30	32	32	37	28	35	38	39	37	24	44	41	35	32	36	30	26	42	40
Y_scaffold4	724502	36	34	27	21	30	32	32	38	28	35	39	38	38	24	44	41	35	32	37	30	26	41	40
Y_scaffold4	724503	36	34	27	21	30	32	32	38	27	35	39	37	37	24	43	41	35	32	37	30	25	41	40
Y_scaffold4	724504	36	34	27	20	30	34	32	38	27	35	38	37	37	24	43	42	34	32	37	30	25	41	40
Y_scaffold4	724505	36	33	28	20	30	34	31	40	26	36	38	37	37	23	44	42	32	32	37	30	25	41	41
Y_scaffold4	724506	36	33	28	20	31	34	31	40	26	36	38	38	40	23	45	43	35	32	37	29	26	41	41
Y_scaffold4	724507	36	33	28	20	31	34	32	40	26	37	39	38	41	23	44	43	34	32	37	29	26	41	42
Y_scaffold4	724508	36	33	29	20	31	34	32	40	26	37	39	38	40	23	44	44	34	32	36	29	26	40	43
Y_scaffold4	724509	35	32	30	20	31	34	32	41	26	37	39	38	40	24	43	44	34	32	36	28	26	39	40
Y_scaffold4	724510	35	34	30	20	31	34	32	42	26	37	39	38	40	25	43	44	34	32	36	28	27	38	39
Y_scaffold4	724511	36	36	30	21	31	35	32	42	26	38	40	39	40	23	43	45	33	32	33	28	27	39	41
Y_scaffold4	724512	36	37	29	21	31	34	32	41	26	37	40	40	40	25	43	44	34	32	33	28	27	39	41
Y_scaffold4	724513	36	38	29	22	31	34	31	41	26	37	39	40	41	25	44	42	34	32	33	27	27	39	40
Y_scaffold4	724514	36	38	29	22	31	34	30	41	26	37	38	39	41	24	44	42	34	32	33	27	27	39	40
Y_scaffold4	724515	36	38	29	23	32	34	30	40	26	37	39	40	39	23	44	42	34	32	33	27	27	39	40
Y_scaffold4	724516	36	38	28	23	32	34	31	39	25	38	39	40	39	22	42	41	34	33	33	27	28	38	41
Y_scaffold4	724517	35	38	27	24	32	34	32	39	25	38	39	40	38	22	42	40	34	33	32	27	27	38	42
Y_scaffold4	724518	35	38	27	24	32	34	32	39	25	39	38	40	38	22	42	40	34	35	32	27	27	38	42
Y_scaffold4	724519	34	38	27	24	32	34	32	38	25	39	37	40	38	22	42	40	34	35	32	27	27	38	41
Y_scaffold4	724520	35	38	27	24	31	34	31	38	25	38	36	40	38	22	41	41	35	37	32	27	28	39	41
Y_scaffold4	724521	35	38	27	24	31	34	31	38	25	39	34	40	38	21	39	42	36	37	30	27	28	39	41
Y_scaffold4	724522	36	39	26	24	31	35	31	38	25	38	33	40	39	21	39	42	36	37	31	27	28	39	41
Y_scaffold4	724523	36	39	25	24	31	35	31	38	25	39	34	39	41	21	39	42	36	37	32	27	28	41	41
Y_scaffold4	724524	36	39	24	24	32	35	31	38	23	39	34	39	41	21	39	41	36	36	33	28	29	41	41
Y_scaffold4	724525	36	39	24	24	32	35	31	40	23	39	34	39	41	20	39	41	36	36	33	28	28	41	41
Y_scaffold4	724526	36	37	24	24	32	35	31	40	23	39	36	39	42	20	39	40	36	36	33	28	28	41	41
Y_scaffold4	724527	37	37	24	24	33	35	31	40	23	38	36	40	41	20	38	39	35	36	33	28	28	41	41
Y_scaffold4	724528	35	37	24	24	33	35	31	40	22	38	36	41	40	20	37	38	35	37	33	27	27	40	41
Y_scaffold4	724529	35	37	24	24	33	35	31	40	23	38	36	41	40	20	37	38	35	38	32	27	27	40	41
Y_scaffold4	724530	35	37	24	24	33	35	30	39	23	38	36	42	40	20	37	38	35	37	32	27	27	40	41
Y_scaffold4	724531	36	38	24	24	34	35	30	39	23	38	38	42	40	20	37	38	34	37	32	28	28	40	42
Y_scaffold4	724532	36	37	24	24	34	35	30	39	24	39	39	42	40	20	38	38	34	38	31	29	29	40	41
Y_scaffold4	724533	36	37	24	24	34	35	30	39	24	39	40	44	40	20	38	38	34	38	32	29	29	40	40
Y_scaffold4	724534	36	37	24	24	33	36	30	40	24	39	40	44	40	20	38	38	34	39	32	29	29	40	40
Y_scaffold4	724535	37	37	24	24	32	36	31	39	24	39	40	44	40	20	38	38	34	39	32	28	29	39	40
Y_scaffold4	724536	37	37	23	26	31	36	31	38	22	39	40	44	41	20	38	38	35	39	32	28	29	38	41
Y_scaffold4	724537	36	37	21	27	31	36	31	38	22	38	40	44	40	20	38	38	35	39	31	28	29	38	41
Y_scaffold4	724538	35	37	21	28	31	36	30	38	22	38	40	44	40	20	39	38	35	38	30	27	29	39	41
Y_scaffold4	724539	35	37	21	28	31	36	30	38	22	39	41	44	39	20	39	37	34	38	30	27	28	39	41
Y_scaffold4	724540	35	38	21	28	31	36	30	39	22	40	41	43	39	20	40	37	35	37	31	27	28	39	41
Y_scaffold4	724541	36	37	20	28	31	36	30	39	22	40	41	43	39	20	40	37	35	36	31	26	27	39	41
Y_scaffold4	724542	36	37	20	28	31	36	30	39	22	38	41	41	39	19	40	36	35	36	30	27	26	39	41
Y_scaffold4	724543	37	37	20	28	32	36	30	39	23	36	40	40	38	19	41	36	34	35	30	27	25	38	39
Y_scaffold4	724544	37	37	20	28	33	36	30	39	23	36	40	40	38	19	41	37	35	35	31	26	25	38	39
Y_scaffold4	724545	37	38	20	28	34	35	30	39	23	36	39	40	38	19	41	37	35	35	31	26	25	38	39
Y_scaffold4	724546	37	37	20	28	34	35	30	39	24	36	39	40	38	19	41	37	35	35	31	28	25	37	39
Y_scaffold4	724547	37	39	20	28	33	35	29	39	24	37	39	40	39	19	41	37	35	35	30	27	26	36	38
Y_scaffold4	724548	37	39	20	27	33	35	29	39	24	36	39	39	39	19	42	37	35	35	30	27	26	36	38
Y_scaffold4	724549	36	39	20	27	33	35	29	39	24	35	38	38	38	21	42	37	34	36	31	27	25	36	38
Y_scaffold4	724550	36	39	20	27	33	35	29	39	24	35	38	38	39	21	41	38	34	36	31	27	25	36	39
Y_scaffold4	724551	35	39	20	26	33	35	29	39	25	35	38	38	39	21	41	38	34	36	31	28	25	35	39
Y_scaffold4	724552	35	39	20	26	33	36	29	39	25	33	39	38	38	21	40	38	34	36	30	28	25	34	40
Y_scaffold4	724553	35	39	19	26	32	36	29	39	26	33	40	38	38	21	40	40	34	36	30	28	24	34	40
Y_scaffold4	724554	35	39	19	26	32	37	29	39	25	33	40	39	38	22	40	39	34	36	30	28	25	35	41
Y_scaffold4	724555	36	38	19	26	33	37	30	39	25	33	40	39	38	22	40	39	34	36	28	28	25	35	41
Y_scaffold4	724556	36	38	19	26	33	37	29	38	25	33	42	39	38	21	40	39	34	36	28	27	24	34	41
Y_scaffold4	724557	36	39	19	26	32	37	29	38	25	33	41	39	38	21	39	36	33	35	29	27	24	36	41
Y_scaffold4	724558	36	39	18	27	32	37	30	38	25	33	41	39	38	21	39	36	33	37	29	27	25	37	41
Y_scaffold4	724559	35	40	18	28	31	37	30	38	25	33	41	39	38	22	39	36	34	37	29	26	25	38	40
Y_scaffold4	724560	35	40	18	28	30	37	30	36	25	33	41	39	37	22	39	36	34	37	29	27	25	38	40
Y_scaffold4	724561	35	39	17	28	29	36	30	36	25	34	40	38	37	22	38	36	33	37	29	26	25	37	40
Y_scaffold4	724562	35	40	17	28	30	36	30	37	25	33	40	37	37	22	37	35	35	39	27	26	25	37	41
Y_scaffold4	724563	35	40	18	27	30	35	30	37	25	33	39	37	36	22	38	35	35	38	26	26	25	37	39
Y_scaffold4	724564	35	42	18	27	30	35	30	37	26	32	40	37	36	23	38	35	36	38	27	26	25	37	40
Y_scaffold4	724565	36	43	18	27	30	35	30	37	27	32	40	37	37	24	38	35	36	38	29	26	25	38	40
Y_scaffold4	724566	36	43	17	27	30	33	30	38	26	32	40	37	36	24	39	35	36	39	29	26	25	39	40
Y_scaffold4	724567	36	43	16	26	30	33	28	38	26	32	40	37	36	22	39	35	36	37	29	25	25	41	39
Y_scaffold4	724568	37	42	16	26	30	33	28	37	27	32	41	37	36	22	40	35	36	36	30	25	24	40	40
Y_scaffold4	724569	36	42	16	27	30	33	27	36	27	33	41	36	36	22	40	36	35	35	30	25	25	40	40
Y_scaffold4	724570	37	42	16	27	29	32	27	36	27	33	41	36	37	22	40	36	35	35	30	26	25	40	39
Y_scaffold4	724571	37	42	16	27	28	33	26	36	29	33	41	36	39	22	39	34	34	35	30	27	25	40	39
Y_scaffold4	724572	37	42	16	27	29	32	26	35	28	33	42	36	39	22	39	34	35	34	30	26	27	41	39
Y_scaffold4	724573	39	43	16	27	29	32	27	36	29	32	42	35	39	22	40	35	36	33	30	26	27	41	40
Y_scaffold4	724574	39	41	17	27	29	33	27	36	29	32	43	34	38	22	40	35	35	34	30	24	28	42	40
Y_scaffold4	724575	39	42	18	26	29	32	27	36	30	31	43	33	38	23	40	35	36	33	31	23	28	40	40
Y_scaffold4	724576	39	43	18	26	30	32	27	35	28	31	43	34	38	23	40	35	35	34	31	23	28	40	40
Y_scaffold4	724577	39	45	20	26	29	33	27	35	28	31	42	33	38	24	41	36	36	34	31	23	28	40	40
Y_scaffold4	724578	39	45	20	26	28	33	26	35	28	31	42	33	39	24	40	37	35	33	31	23	28	40	40
Y_scaffold4	724579	38	45	20	26	28	32	26	34	28	31	42	33	39	24	40	37	36	33	31	24	28	40	40
Y_scaffold4	724580	38	46	20	26	28	32	27	34	28	33	42	33	39	25	40	37	36	33	31	24	28	39	40
Y_scaffold4	724581	38	46	20	26	28	31	27	36	29	33	42	33	42	26	40	35	36	34	31	25	28	39	41
Y_scaffold4	724582	38	46	20	26	28	31	27	37	30	33	43	31	43	27	40	35	37	33	31	25	28	39	41
Y_scaffold4	724583	39	47	19	26	28	31	27	37	30	33	43	31	43	27	40	37	38	33	31	25	28	40	41
Y_scaffold4	724584	40	47	19	26	28	31	27	37	30	33	43	31	43	27	40	37	38	34	32	25	28	40	40
Y_scaffold4	724585	40	46	19	26	28	31	27	36	30	32	42	31	42	27	40	37	37	32	32	25	28	40	39
Y_scaffold4	724586	41	47	20	26	28	31	27	36	30	31	42	31	42	27	40	37	37	31	31	24	29	39	40
Y_scaffold4	724587	39	48	20	26	28	31	27	36	30	31	42	29	40	27	40	37	36	31	31	24	29	39	41
Y_scaffold4	725922	44	35	26	16	23	24	27	40	25	23	26	37	31	25	48	35	39	53	43	23	32	40	54
Y_scaffold4	725923	44	35	26	16	24	24	27	40	25	23	27	37	34	25	50	35	39	55	43	23	32	40	54
Y_scaffold4	725924	45	36	26	15	24	24	26	40	25	24	27	37	34	24	49	34	39	55	43	23	32	40	54
Y_scaffold4	725925	46	38	27	15	25	24	27	41	25	25	27	37	35	24	50	35	39	56	45	22	32	40	53
Y_scaffold4	725926	46	38	27	16	25	24	27	41	25	26	26	37	34	24	47	35	39	56	45	22	32	40	53
Y_scaffold4	725927	46	38	27	16	24	26	28	40	25	26	27	36	35	25	47	33	38	54	45	22	32	41	52
Y_scaffold4	725928	46	38	28	17	25	26	27	40	25	28	29	36	35	25	47	33	38	54	44	22	33	43	52
Y_scaffold4	725929	44	38	28	17	25	26	27	40	24	29	29	36	35	25	47	35	38	54	44	23	32	43	52
Y_scaffold4	725930	45	37	29	17	25	26	28	39	24	29	29	38	35	25	46	35	37	54	45	24	31	44	54
Y_scaffold4	725931	48	39	29	17	25	26	28	38	24	30	30	39	35	25	46	34	37	54	45	24	31	44	55
Y_scaffold4	725932	48	39	29	15	25	26	27	37	25	29	31	41	35	25	46	34	37	54	45	24	31	43	55
Y_scaffold4	725933	48	39	29	15	25	27	27	37	26	29	31	42	35	25	46	33	37	54	45	24	31	43	55
Y_scaffold4	725934	48	40	29	15	25	27	27	38	27	29	30	42	35	25	46	33	37	56	45	24	31	42	53
Y_scaffold4	725935	48	40	29	15	25	27	26	38	26	29	30	42	34	25	47	34	38	56	45	24	30	43	53
Y_scaffold4	725936	48	40	29	15	25	27	25	38	26	29	30	42	34	25	47	33	38	56	44	24	30	43	53
Y_scaffold4	725937	48	41	30	16	26	27	25	40	26	29	30	44	34	26	47	37	38	56	46	24	30	44	54
Y_scaffold4	725938	48	41	30	16	26	27	25	39	26	28	30	44	34	26	47	37	39	58	46	25	29	44	54
Y_scaffold4	725939	47	42	30	17	27	27	25	39	26	28	30	43	34	28	47	37	39	58	46	25	29	44	54
Y_scaffold4	725940	48	41	30	18	27	28	25	40	26	28	30	43	34	28	47	36	40	58	46	25	29	44	55
Y_scaffold4	725941	47	41	30	18	27	28	25	41	27	27	30	43	34	28	45	33	39	58	46	25	28	43	55
Y_scaffold4	725942	47	42	30	18	26	28	25	41	28	26	30	43	35	27	45	33	38	58	46	26	28	41	55
Y_scaffold4	725943	48	42	31	18	25	28	25	40	28	27	31	43	35	28	45	33	38	58	47	26	28	42	55
Y_scaffold4	725944	48	42	31	18	25	28	25	41	28	27	31	43	35	28	45	33	38	57	46	26	28	41	55
Y_scaffold4	725945	49	42	30	18	25	28	25	41	28	28	31	43	35	28	45	33	38	58	46	26	28	41	56
Y_scaffold4	725946	49	41	30	18	25	27	25	41	28	28	31	45	35	28	45	32	38	59	46	26	28	41	56
Y_scaffold4	725947	49	40	29	18	25	26	25	41	28	28	31	44	35	28	45	34	38	60	45	27	28	40	56
Y_scaffold4	725948	49	41	29	18	25	27	26	41	27	28	31	44	35	28	44	32	39	60	45	27	28	40	56
Y_scaffold4	725949	49	41	29	18	26	27	26	40	27	29	31	44	35	28	44	32	39	61	45	27	28	40	55
Y_scaffold4	725950	49	42	29	18	26	27	26	41	28	29	31	44	35	29	41	32	39	61	45	27	28	39	56
Y_scaffold4	725951	49	40	29	18	27	26	26	41	29	29	30	44	36	26	41	32	39	61	44	27	28	39	55
Y_scaffold4	725952	48	40	31	18	27	26	26	41	29	29	30	44	36	26	40	32	39	61	44	27	28	39	55
Y_scaffold4	725953	48	40	31	18	28	25	26	41	29	29	30	45	35	26	40	31	38	62	44	27	29	39	55
Y_scaffold4	725954	47	40	31	18	28	25	27	42	30	29	30	45	35	26	40	31	38	62	45	27	29	39	55
Y_scaffold4	725955	45	41	31	18	29	26	28	43	30	30	30	45	35	26	39	31	39	62	44	27	29	40	54
Y_scaffold4	725956	45	41	31	18	30	25	28	44	30	30	31	45	36	26	37	31	40	62	44	27	28	40	55
Y_scaffold4	725957	45	41	31	18	31	25	28	45	31	30	32	45	36	26	37	30	41	61	45	27	28	40	55
Y_scaffold4	725958	45	41	30	18	32	25	28	44	31	31	32	45	37	26	37	30	41	61	45	27	28	41	54
Y_scaffold4	725959	44	39	29	18	32	25	28	44	31	31	32	44	38	26	36	30	41	59	45	26	28	41	54
Y_scaffold4	725960	44	39	29	18	31	25	28	44	31	31	31	44	38	26	36	30	41	59	45	25	28	40	51
Y_scaffold4	725961	45	38	29	19	31	26	28	44	31	31	31	44	38	27	36	31	41	59	44	24	28	40	50
Y_scaffold4	725962	47	38	29	19	31	26	27	41	31	31	31	45	38	26	36	31	40	60	43	24	28	40	49
Y_scaffold4	725963	47	38	29	20	31	26	28	41	31	31	29	45	39	26	35	31	38	60	45	24	28	39	48
Y_scaffold4	725964	46	38	29	20	31	26	28	42	32	32	29	45	39	26	35	31	38	60	45	24	28	39	49
Y_scaffold4	725965	45	38	29	20	31	26	28	41	33	32	29	45	39	26	34	31	38	57	44	24	28	39	49
Y_scaffold4	725966	43	38	29	18	31	26	28	39	33	32	29	45	38	26	34	31	38	57	44	24	28	39	48
Y_scaffold4	725967	43	38	30	17	31	26	28	39	33	32	29	45	36	25	33	31	38	57	45	23	28	38	48
Y_scaffold4	725968	42	38	30	17	31	26	28	39	33	32	29	45	36	25	33	31	38	57	45	22	28	38	49
Y_scaffold4	725969	42	38	29	17	31	27	28	40	33	32	29	44	36	26	32	32	38	59	46	21	27	38	49
Y_scaffold4	725970	42	37	29	16	31	27	27	40	33	33	29	43	36	26	32	32	37	59	46	21	27	39	48
Y_scaffold4	725971	42	37	29	17	31	27	28	40	33	33	29	43	37	26	32	32	38	59	46	22	27	39	48
Y_scaffold4	725972	42	37	30	17	31	29	28	40	33	33	30	43	37	26	32	32	38	59	46	22	26	39	48
Y_scaffold4	725973	42	38	29	18	31	29	28	40	33	34	29	42	37	26	32	31	37	59	46	23	26	39	48
Y_scaffold4	725974	42	38	29	18	31	29	28	40	33	33	28	42	37	27	31	31	36	59	45	22	26	40	48
Y_scaffold4	725975	42	38	29	18	31	29	27	39	33	33	28	42	37	27	31	32	36	58	45	22	26	40	46
Y_scaffold4	725976	41	37	27	19	30	28	27	39	34	32	28	42	38	27	31	33	35	58	46	23	26	39	47
Y_scaffold4	725977	41	37	27	19	30	28	27	39	34	32	28	42	38	27	31	33	36	59	46	23	26	39	48
Y_scaffold4	725978	41	37	27	19	30	27	27	39	34	32	28	42	38	27	31	33	36	59	46	23	26	38	48
Y_scaffold4	725979	41	37	28	19	30	27	27	39	34	32	28	44	38	27	31	33	36	59	46	24	26	39	47
Y_scaffold4	725980	41	37	28	19	30	28	27	39	35	32	28	44	38	27	31	33	36	58	45	24	26	39	47
Y_scaffold4	725981	40	37	28	19	29	28	27	40	35	32	30	43	38	27	30	33	34	58	46	24	26	38	48
Y_scaffold4	725982	39	37	28	19	29	28	27	40	35	32	29	41	38	27	30	32	33	57	46	23	27	37	48
Y_scaffold4	725983	39	37	28	19	29	28	27	39	34	32	27	42	38	27	30	32	33	57	46	23	27	36	46
Y_scaffold4	725984	39	37	26	19	29	27	27	39	33	32	27	42	37	27	30	32	33	57	46	23	27	36	46
Y_scaffold4	725985	39	37	26	18	27	26	27	38	32	33	27	42	37	28	30	31	34	58	46	23	27	38	46
Y_scaffold4	725986	39	37	27	18	27	27	27	39	31	33	27	42	37	28	30	31	34	57	46	23	27	37	46
Y_scaffold4	725987	39	37	27	19	27	27	27	39	31	33	27	43	37	28	30	31	34	57	46	22	27	37	45
Y_scaffold4	725988	39	37	27	19	26	27	28	37	31	33	27	42	37	28	30	31	34	59	46	22	27	37	45
Y_scaffold4	725989	40	35	27	19	26	27	27	36	30	32	27	42	37	28	30	31	34	59	45	22	26	37	42
Y_scaffold4	725990	40	35	27	19	26	27	27	36	30	32	27	41	37	28	30	32	37	59	45	22	26	37	42
Y_scaffold4	725991	40	35	27	19	26	28	27	36	30	33	27	41	37	28	30	32	38	59	45	22	26	37	42
Y_scaffold4	725992	40	34	26	18	26	28	27	36	30	33	27	42	37	29	30	33	38	60	45	22	26	37	43
Y_scaffold4	725993	39	34	26	19	25	28	27	36	31	33	27	43	36	29	30	32	38	60	45	22	25	38	41
Y_scaffold4	725994	39	34	26	19	25	28	28	36	31	33	27	42	35	29	30	32	38	59	45	22	26	39	41
Y_scaffold4	725995	38	33	26	19	24	28	27	36	31	33	29	42	35	29	30	32	38	59	46	22	25	38	40
Y_scaffold4	725996	38	33	25	19	24	28	27	36	31	34	29	41	34	29	29	32	37	59	46	22	25	38	40
Y_scaffold4	725997	39	32	25	19	24	28	26	36	33	34	29	42	34	29	31	34	37	60	46	22	25	38	41
Y_scaffold4	725998	38	32	25	19	24	27	26	36	33	36	29	43	34	30	30	34	37	60	46	22	26	38	40
Y_scaffold4	725999	38	32	24	19	24	27	26	36	32	36	30	43	33	30	30	34	37	60	45	22	26	39	40
Y_scaffold4	726000	37	32	24	19	24	27	25	36	32	35	30	42	34	29	30	34	37	60	45	22	26	39	38
Y_scaffold4	726001	37	32	24	19	24	27	25	36	32	35	30	43	34	29	29	35	36	60	45	22	26	39	38
Y_scaffold4	726002	37	32	23	20	24	27	25	37	33	35	30	43	34	29	29	36	36	59	45	23	26	41	38
Y_scaffold4	726003	37	32	22	20	24	27	25	37	33	35	30	44	34	29	31	36	36	58	45	23	27	41	38
Y_scaffold4	726004	36	32	23	21	24	28	25	36	33	35	30	44	34	30	30	37	37	57	44	23	27	41	38
Y_scaffold4	726005	37	32	24	21	24	28	24	35	33	34	30	44	34	30	30	37	37	57	45	23	27	41	38
Y_scaffold4	726006	39	32	24	21	24	28	25	36	33	34	30	44	34	30	30	37	37	57	45	23	28	41	38
Y_scaffold4	726007	39	31	24	21	24	27	25	36	33	34	31	44	35	30	29	37	37	56	45	23	28	41	38
Y_scaffold4	726008	39	31	24	21	25	27	25	36	33	34	30	45	35	30	29	38	37	56	44	23	29	41	38
Y_scaffold4	726009	39	31	24	21	25	27	24	36	33	34	30	45	35	31	29	39	37	56	43	24	29	41	38
Y_scaffold4	726010	39	31	24	21	25	27	25	36	33	34	30	45	35	31	29	40	38	54	42	24	28	41	38
Y_scaffold4	726011	39	31	25	20	25	27	25	36	33	34	30	45	36	31	29	40	38	53	42	23	27	41	37
Y_scaffold4	726012	39	31	25	20	25	27	25	36	33	35	31	45	38	32	29	39	39	53	42	24	26	41	38
Y_scaffold4	726013	38	32	25	20	26	28	25	36	32	35	31	45	37	32	28	38	39	53	41	24	26	41	38
Y_scaffold4	726014	38	32	25	20	26	28	25	36	32	35	31	45	37	33	28	38	40	53	40	24	26	41	39
Y_scaffold4	726015	38	31	25	20	25	29	25	36	32	35	31	45	37	33	29	38	40	53	40	23	26	40	39
Y_scaffold4	726016	38	31	25	20	25	29	25	36	32	35	31	44	37	33	29	38	40	53	40	23	25	40	39
Y_scaffold4	726017	39	32	25	20	25	28	25	36	32	35	31	44	36	33	30	38	38	54	39	23	25	40	39
Y_Contig_100	27257	26	32	24	27	27	29	34	21	29	26	25	37	26	23	34	31	31	35	37	34	21	34	35
Y_Contig_100	27258	27	33	24	27	28	29	34	21	29	26	25	36	26	25	34	33	31	34	37	35	21	35	33
Y_Contig_100	27259	27	33	24	27	28	29	35	22	28	25	25	37	26	26	35	33	31	33	37	35	21	35	34
Y_Contig_100	27260	27	33	24	27	28	30	37	22	28	26	26	37	26	26	34	33	31	33	37	36	21	35	33
Y_Contig_100	27261	27	34	23	27	28	29	37	22	28	26	26	37	25	26	32	33	31	33	38	36	21	36	32
Y_Contig_100	27262	26	34	23	27	28	29	36	22	28	26	26	37	26	25	32	34	30	33	37	36	21	36	32
Y_Contig_100	27263	26	33	23	27	29	29	36	22	28	26	27	37	26	25	31	34	29	33	37	36	21	36	32
Y_Contig_100	27264	26	34	23	28	29	30	35	23	28	26	27	37	26	26	30	34	30	33	37	36	21	36	33
Y_Contig_100	27265	25	35	23	28	29	30	35	23	28	26	27	35	26	27	32	34	30	33	37	36	20	36	33
Y_Contig_100	27266	25	35	24	28	29	30	37	23	28	25	26	37	26	27	32	35	29	33	37	37	21	36	33
Y_Contig_100	27267	25	35	24	28	29	30	37	24	29	25	25	36	26	27	32	36	29	33	37	36	22	36	33
Y_Contig_100	27268	24	35	24	28	29	30	37	24	29	24	25	36	26	27	31	35	29	33	37	36	22	36	33
Y_Contig_100	27269	24	35	24	28	29	30	37	23	29	24	25	36	26	27	30	35	29	33	37	36	22	36	33
Y_Contig_100	27270	25	36	23	27	29	30	37	25	29	24	25	35	26	28	30	35	30	33	38	36	22	36	33
Y_Contig_100	27271	25	36	23	27	29	30	37	25	29	23	25	35	26	28	30	35	30	33	38	36	22	36	33
Y_Contig_100	27272	25	36	24	28	28	30	37	27	29	23	24	36	26	28	31	35	30	33	39	36	22	36	34
Y_Contig_100	27273	25	36	24	28	28	30	37	26	29	23	24	35	25	28	31	35	29	33	39	36	23	36	35
Y_Contig_100	27274	25	35	24	28	28	29	37	26	28	24	23	35	24	27	31	35	29	33	39	35	23	36	36
Y_Contig_100	27275	24	35	24	27	28	29	37	26	28	23	23	35	24	27	31	34	28	34	38	36	23	36	36
Y_Contig_100	27276	24	35	25	27	28	29	37	27	28	23	23	35	24	27	30	34	28	34	38	36	23	34	37
Y_Contig_100	27277	24	35	25	27	28	28	37	27	27	25	23	35	24	27	30	33	27	34	37	36	24	34	36
Y_Contig_100	27278	25	35	25	26	29	28	37	27	27	25	23	35	24	27	30	33	27	34	37	37	24	34	37
Y_Contig_100	27279	25	34	25	26	29	28	37	27	27	24	22	34	24	27	30	33	27	34	36	37	24	34	37
Y_Contig_100	27280	25	35	25	26	29	28	37	28	27	24	22	35	23	27	31	33	27	34	36	37	24	34	37
Y_Contig_100	27281	25	35	25	25	29	28	37	28	27	24	22	35	24	27	31	33	27	33	36	37	24	34	36
Y_Contig_100	27282	25	36	25	25	30	27	35	28	26	23	22	35	24	27	31	32	26	33	36	37	24	34	38
Y_Contig_100	27283	25	34	24	24	29	27	35	28	26	23	22	35	24	27	31	32	26	33	36	37	22	34	38
Y_Contig_100	27284	25	34	24	24	29	27	35	28	27	24	22	35	24	27	31	32	25	33	36	37	22	34	39
Y_Contig_100	27285	25	34	23	24	29	28	35	28	28	24	21	35	24	27	31	32	25	33	36	36	22	34	38
Y_Contig_100	27286	26	34	23	23	29	28	35	28	27	25	21	34	25	27	31	32	25	34	36	37	22	34	36
Y_Contig_100	27287	26	36	22	23	28	26	35	28	27	24	21	35	23	27	30	31	25	33	36	37	22	34	36
Y_Contig_100	27288	26	36	22	23	28	26	35	28	27	24	21	35	22	27	30	32	25	33	36	37	23	34	36
Y_Contig_100	27289	26	36	22	23	28	26	35	28	27	24	21	34	21	27	30	32	25	33	35	37	24	34	36
Y_Contig_100	27290	26	36	22	23	28	27	35	29	27	24	20	35	21	27	30	32	25	33	36	38	24	35	36
Y_Contig_100	27291	27	36	21	23	27	27	35	29	27	24	19	35	21	28	29	32	24	32	36	38	23	35	37
Y_Contig_100	27292	27	36	21	23	27	27	35	30	27	24	20	34	21	28	28	31	24	32	36	38	23	35	38
Y_Contig_100	27293	27	36	22	24	27	26	36	30	27	24	20	34	21	27	27	31	24	32	36	38	23	36	38
Y_Contig_100	27294	27	36	22	23	27	26	36	30	27	24	20	34	21	27	25	31	23	32	36	38	23	36	38
Y_Contig_100	27295	27	36	22	23	27	26	36	30	26	24	21	34	21	27	25	31	23	32	35	38	23	36	38
Y_Contig_100	27296	27	36	22	23	27	26	36	30	25	24	21	34	21	28	24	31	23	31	35	38	24	36	37
Y_Contig_100	27297	26	36	22	23	26	25	35	30	26	23	21	33	22	28	25	30	23	32	35	38	24	36	38
Y_Contig_100	27298	26	36	22	23	26	25	35	30	26	23	21	33	22	28	26	30	23	31	35	39	24	36	38
Y_Contig_100	27299	27	36	22	23	26	25	35	30	26	23	21	33	22	27	26	29	23	32	35	40	23	37	37
Y_Contig_100	27300	27	36	22	23	26	25	35	30	27	25	21	33	22	27	26	29	23	32	35	40	22	37	37
Y_Contig_100	27301	27	36	22	23	26	25	35	30	27	25	21	33	22	27	25	29	22	33	35	40	22	37	37
Y_Contig_100	27302	28	35	21	24	25	24	36	30	27	24	21	34	22	27	26	29	22	33	35	39	23	38	38
Y_Contig_100	27303	28	35	21	24	25	24	36	30	27	24	21	33	22	27	26	29	23	33	35	39	23	38	38
Y_Contig_100	27304	27	35	20	24	25	24	35	31	28	23	21	34	22	27	26	29	23	33	34	39	23	38	38
Y_Contig_100	27305	26	35	19	23	25	24	35	31	28	23	20	34	22	27	26	28	22	29	33	37	22	40	37
Y_Contig_100	27306	26	35	19	23	25	24	35	31	28	23	21	34	22	27	26	27	24	30	33	38	24	40	37
Y_Contig_100	27307	26	35	19	23	25	24	35	31	28	23	22	34	22	28	26	27	24	32	33	38	24	40	38
Y_Contig_100	27308	26	35	19	23	25	24	35	30	27	23	20	34	22	28	26	27	24	32	33	38	24	40	38
Y_Contig_100	27309	26	35	19	21	24	24	36	30	26	23	20	34	21	28	26	26	24	32	32	38	24	40	38
Y_Contig_100	27310	25	35	19	21	24	24	35	29	26	23	20	34	21	29	26	25	24	32	31	36	24	40	38
Y_Contig_100	27311	27	35	18	18	22	25	34	28	26	23	19	34	21	29	27	26	23	32	30	33	24	40	38
Y_Contig_100	27312	28	35	18	18	23	25	34	28	26	23	20	35	21	29	27	26	23	32	30	33	24	40	38
Y_Contig_100	27313	28	35	18	18	23	25	34	28	26	23	20	35	21	28	27	27	23	32	30	33	24	39	37
Y_Contig_100	27314	30	35	17	18	24	25	34	28	26	23	20	35	21	27	28	27	23	32	30	33	24	40	37
Y_Contig_100	27315	31	35	17	18	24	24	35	28	26	23	20	34	21	27	28	27	22	32	30	34	24	40	36
Y_Contig_100	27316	31	35	17	18	24	23	35	28	26	23	20	33	21	27	28	28	22	32	30	33	24	40	36
Y_Contig_100	27317	31	35	17	18	24	23	34	28	26	23	22	33	23	27	28	28	22	32	31	33	24	38	36
Y_Contig_100	27318	30	35	17	18	24	23	34	28	25	24	21	32	23	26	28	27	22	32	31	33	24	38	36
Y_Contig_100	27319	30	35	17	18	23	23	35	28	25	23	21	32	23	26	27	27	22	32	31	33	24	36	36
Y_Contig_100	27320	29	35	16	17	22	23	34	28	24	23	22	32	23	25	27	27	22	32	31	33	25	37	37
Y_Contig_100	27321	29	35	16	17	22	23	35	28	24	22	22	32	23	25	26	27	22	32	31	32	25	37	37
Y_Contig_100	27322	29	34	16	17	21	23	36	28	24	24	22	32	23	25	25	26	21	31	33	32	25	37	37
Y_Contig_100	27323	29	34	16	17	21	23	36	29	25	23	22	32	23	25	25	26	22	32	33	31	25	37	38
Y_Contig_100	27324	29	32	16	17	21	23	36	29	25	23	22	30	23	25	24	27	21	32	32	31	24	36	38
Y_Contig_100	27325	28	32	16	16	21	23	36	29	25	23	23	30	23	25	24	27	21	32	32	31	24	37	38
Y_Contig_100	27326	27	32	16	16	21	23	36	29	24	23	23	30	23	25	25	27	22	32	33	31	24	37	39
Y_Contig_100	27327	28	32	16	16	21	25	37	29	25	24	23	30	24	25	26	27	22	32	32	32	24	37	39
Y_Contig_100	27328	28	32	15	16	21	26	37	31	25	24	23	30	22	26	27	27	22	32	32	32	24	37	40
Y_Contig_100	27329	29	30	16	16	21	26	37	31	24	24	24	30	21	26	27	27	22	32	32	33	24	36	40
Y_Contig_100	27330	29	29	16	16	20	26	36	32	24	24	24	30	21	26	27	27	21	32	32	33	24	37	39
Y_Contig_100	27331	29	28	17	16	21	26	36	32	24	24	25	29	21	26	27	27	20	31	32	33	23	36	39
Y_Contig_100	27332	30	28	18	18	21	25	37	31	23	26	25	30	23	27	27	27	20	31	29	32	23	35	39
Y_Contig_100	27333	30	29	18	18	21	26	36	31	23	26	25	29	24	28	27	27	20	31	29	32	23	36	39
Y_Contig_100	27334	28	29	18	18	21	26	35	30	23	26	25	31	24	28	27	27	20	31	29	33	23	37	38
Y_Contig_100	27335	28	29	19	19	21	26	35	30	23	26	25	31	24	28	26	27	20	31	29	33	23	37	38
Y_Contig_100	27336	28	30	19	19	21	27	34	30	24	26	25	31	23	28	26	27	19	30	30	32	23	37	37
Y_Contig_100	27337	28	30	19	19	21	27	35	30	24	26	25	33	23	28	26	27	18	30	30	32	24	38	37
Y_Contig_100	27338	28	30	19	19	22	27	34	30	24	26	26	32	23	28	26	27	19	30	31	32	24	38	37
Y_Contig_100	27339	28	31	19	20	21	25	34	30	24	26	26	33	23	28	25	27	19	30	32	32	24	39	36
Y_Contig_100	27340	31	31	19	21	21	25	36	30	25	25	26	33	23	28	25	27	19	29	31	32	24	39	36
Y_Contig_100	27341	31	31	19	21	21	25	36	30	26	25	26	33	23	28	25	27	19	29	31	32	24	39	36
Y_Contig_100	27342	32	30	19	21	21	25	36	30	24	25	26	33	23	28	25	27	19	29	31	31	24	39	36
Y_Contig_100	27343	34	30	19	21	21	24	37	30	23	25	26	33	24	28	26	27	19	29	31	31	23	40	36
Y_Contig_100	27344	34	30	19	20	22	24	37	30	23	25	26	33	24	28	26	27	19	29	30	31	23	40	36
Y_Contig_100	27345	34	30	19	19	21	25	38	31	23	26	28	32	24	28	26	29	19	29	30	31	23	41	36
Y_Contig_100	27346	34	30	19	19	21	25	38	31	23	26	28	32	25	28	26	28	19	29	30	31	23	41	35
Y_Contig_100	27347	34	30	20	17	21	25	39	31	24	26	28	32	25	27	29	30	19	29	31	31	23	41	36
Y_Contig_100	27348	34	30	20	17	21	25	38	31	24	26	28	32	25	27	29	29	18	31	31	31	23	40	36
Y_Contig_100	27349	33	29	19	18	21	25	38	30	23	26	27	32	26	26	29	29	19	31	31	31	23	40	36
Y_Contig_100	27350	33	29	19	18	23	24	38	29	23	26	27	32	26	26	29	29	19	31	30	31	22	40	35
Y_Contig_100	27351	34	29	19	18	23	23	38	29	23	25	27	33	26	26	29	29	19	30	30	30	22	40	35
Y_Contig_100	27352	31	27	19	18	23	23	39	29	23	25	27	33	26	27	30	29	19	30	30	30	23	40	34
Y_Contig_100	30047	38	31	20	24	24	24	24	33	29	17	34	27	24	23	34	41	26	38	42	29	27	40	40
Y_Contig_100	30048	37	32	20	24	25	24	24	33	29	18	35	27	24	23	33	42	26	37	43	29	27	40	40
Y_Contig_100	30049	37	33	20	24	26	24	24	33	30	18	35	27	24	23	34	42	26	37	44	29	26	41	40
Y_Contig_100	30050	39	33	20	24	26	24	24	33	30	18	35	29	25	23	34	42	26	37	44	30	26	42	41
Y_Contig_100	30051	39	33	20	24	26	24	24	33	29	18	35	29	25	23	34	42	27	37	43	29	26	42	41
Y_Contig_100	30052	39	33	20	24	26	24	24	33	29	18	34	29	25	23	34	41	28	37	42	30	26	42	42
Y_Contig_100	30053	39	35	21	24	26	24	24	34	28	18	34	28	25	23	35	41	30	37	43	30	26	41	43
Y_Contig_100	30054	39	35	21	24	26	24	24	34	28	18	35	27	25	22	35	41	30	37	43	29	26	41	43
Y_Contig_100	30055	39	35	22	24	26	25	24	34	27	19	35	27	25	22	35	41	30	38	42	29	26	41	44
Y_Contig_100	30056	39	34	24	24	27	25	25	35	27	19	35	27	25	22	35	41	30	38	42	28	26	41	44
Y_Contig_100	30057	39	34	26	24	26	25	26	34	27	19	35	27	24	22	35	41	29	39	43	28	26	42	43
Y_Contig_100	30058	38	35	26	24	26	26	26	34	26	19	35	27	24	22	35	41	29	39	44	28	26	41	43
Y_Contig_100	30059	37	35	26	24	27	26	25	34	27	19	34	28	25	23	35	41	29	39	44	28	25	41	43
Y_Contig_100	30060	37	36	27	24	27	27	25	34	27	20	34	28	25	23	34	40	29	39	44	28	26	41	43
Y_Contig_100	30061	37	36	26	24	27	27	25	34	27	20	34	28	25	23	34	40	29	39	44	28	26	41	43
Y_Contig_100	30062	38	36	26	25	29	28	26	34	27	20	33	28	26	23	34	40	28	39	44	27	26	41	43
Y_Contig_100	30063	38	36	27	25	29	29	26	34	27	20	33	27	26	24	34	39	29	39	43	27	26	42	43
Y_Contig_100	30064	38	37	27	25	29	29	26	34	27	20	33	28	26	23	34	40	30	38	43	27	26	42	43
Y_Contig_100	30065	38	36	27	25	29	29	26	34	27	19	33	28	26	23	34	39	30	38	43	27	26	43	43
Y_Contig_100	30066	38	36	27	25	30	28	27	34	27	19	32	28	26	23	34	39	29	39	43	28	28	42	43
Y_Contig_100	30067	38	35	27	24	30	28	27	34	27	19	33	28	26	23	34	38	29	38	44	27	28	39	43
Y_Contig_100	30068	37	35	27	24	30	28	27	34	27	19	33	29	26	23	34	38	29	37	44	27	28	40	43
Y_Contig_100	30069	37	34	27	24	30	28	27	34	28	19	33	29	26	23	34	38	29	37	44	27	28	40	43
Y_Contig_100	30070	38	34	27	25	30	28	27	34	28	19	33	29	26	23	35	39	30	37	44	27	28	41	44
Y_Contig_100	30071	38	35	27	25	30	28	27	34	28	19	32	29	26	23	35	39	30	37	44	28	28	42	45
Y_Contig_100	30072	38	35	28	25	30	28	27	34	28	20	32	28	27	22	35	38	31	37	43	29	29	43	47
Y_Contig_100	30073	39	33	28	25	29	28	27	34	28	20	31	29	27	22	36	38	30	37	43	29	28	43	47
Y_Contig_100	30074	39	33	28	25	29	28	28	34	28	20	31	29	27	22	36	39	30	37	43	29	28	43	47
Y_Contig_100	30075	39	33	28	25	29	28	28	35	28	20	32	30	27	22	36	40	30	36	43	28	28	43	47
Y_Contig_100	30076	40	33	28	25	28	27	28	35	28	20	30	30	27	23	36	39	30	36	42	30	27	41	47
Y_Contig_100	30077	40	33	28	25	28	27	28	35	27	20	29	30	27	23	36	38	30	36	41	30	27	41	48
Y_Contig_100	30078	40	33	28	25	28	27	27	36	27	20	29	30	27	24	36	38	30	36	42	30	27	42	48
Y_Contig_100	30079	42	33	29	25	27	28	27	36	27	20	29	30	27	24	36	38	30	36	43	30	27	43	48
Y_Contig_100	30080	42	33	29	25	27	28	27	36	27	19	29	30	27	24	36	38	30	36	42	30	27	44	48
Y_Contig_100	30081	42	33	28	25	26	28	26	35	27	19	28	31	27	24	36	38	31	36	42	29	27	44	47
Y_Contig_100	30082	42	33	28	26	26	27	26	35	27	19	30	31	28	25	36	40	31	37	43	29	27	44	47
Y_Contig_100	30083	42	33	28	26	26	28	26	35	27	19	30	32	28	25	35	40	31	37	43	30	27	45	47
Y_Contig_100	30084	42	32	28	26	26	27	26	35	27	19	29	32	28	25	35	39	32	37	42	30	27	44	47
Y_Contig_100	30085	42	31	28	26	26	27	26	35	27	19	27	31	28	25	34	40	30	36	41	30	27	44	47
Y_Contig_100	30086	41	32	28	26	26	26	26	34	27	19	28	31	28	25	35	40	30	35	42	31	27	44	47
Y_Contig_100	30087	41	32	28	25	25	25	26	34	27	19	28	30	26	25	35	40	31	33	42	31	28	44	48
Y_Contig_100	30088	41	32	28	25	25	25	26	34	26	20	29	30	25	25	35	40	30	33	42	31	28	44	50
Y_Contig_100	30089	41	33	28	26	25	25	26	34	26	21	29	30	25	25	36	39	29	32	42	31	28	45	50
Y_Contig_100	30090	41	33	28	26	25	24	26	33	25	21	29	29	26	24	36	39	29	32	42	31	28	45	50
Y_Contig_100	30091	41	33	28	25	25	24	26	33	25	20	29	28	26	24	36	38	29	32	42	31	28	45	50
Y_Contig_100	30092	41	34	28	25	26	24	27	33	26	21	31	27	26	24	35	38	29	32	41	31	29	46	50
Y_Contig_100	30093	41	34	28	25	26	24	27	34	27	22	31	27	27	24	35	38	28	32	41	31	29	46	50
Y_Contig_100	30094	41	33	29	25	27	25	27	34	28	22	30	28	26	24	37	37	28	31	41	31	29	46	51
Y_Contig_100	30095	41	34	28	25	27	25	27	34	28	22	30	29	26	24	37	36	28	31	41	31	29	46	51
Y_Contig_100	30096	41	34	28	25	27	25	27	34	28	22	31	30	26	24	37	36	29	32	41	31	29	49	51
Y_Contig_100	30097	43	35	28	25	27	26	27	33	28	22	32	30	26	24	37	36	28	32	41	31	29	49	52
Y_Contig_100	30098	43	35	28	25	27	27	27	33	28	22	32	30	25	24	37	37	29	32	40	31	29	49	52
Y_Contig_100	30099	42	35	28	25	27	27	26	34	28	22	31	30	25	23	37	37	29	32	40	30	29	49	52
Y_Contig_100	30100	42	35	28	25	27	27	26	35	28	22	31	30	25	23	37	37	29	31	39	30	30	50	51
Y_Contig_100	30101	40	35	28	25	25	26	26	33	29	22	30	28	26	23	34	36	29	34	39	30	30	49	51
Y_Contig_100	30102	40	35	28	26	25	26	26	33	29	22	30	28	28	23	34	36	29	34	39	31	30	49	50
Y_Contig_100	30103	41	35	28	25	24	26	26	33	29	22	30	28	28	23	34	36	29	34	39	31	28	49	50
Y_Contig_100	30104	41	36	28	25	24	26	26	33	29	22	30	28	28	23	34	36	29	34	40	31	28	50	50
Y_Contig_100	30105	41	37	27	24	25	25	28	34	29	22	29	29	28	23	34	36	28	34	40	31	28	51	50
Y_Contig_100	30106	41	37	26	24	25	24	27	34	29	22	29	29	28	23	34	37	28	34	40	31	26	51	50
Y_Contig_100	30107	41	37	27	23	24	24	27	33	29	22	30	30	27	22	34	37	29	35	40	31	26	50	50
Y_Contig_100	30108	40	37	27	23	24	24	27	33	29	22	30	30	26	22	34	37	29	35	40	31	27	49	51
Y_Contig_100	30109	40	37	27	23	24	24	27	32	28	22	30	30	27	22	35	37	29	35	40	31	27	49	51
Y_Contig_100	30110	41	37	27	22	24	24	26	33	28	22	30	30	26	22	35	36	29	36	40	31	27	49	52
Y_Contig_100	30111	40	37	27	22	24	24	27	32	28	21	29	30	25	22	35	36	29	35	40	31	25	49	50
Y_Contig_100	30112	40	37	27	22	24	24	26	32	28	21	29	30	25	22	35	37	28	36	40	31	25	48	49
Y_Contig_100	30113	41	37	27	24	24	24	24	32	29	21	30	30	25	22	35	38	29	36	41	31	24	48	49
Y_Contig_100	30114	40	39	28	24	24	24	25	32	29	22	29	28	25	22	35	38	29	34	42	30	24	48	48
Y_Contig_100	30115	41	39	28	24	24	24	25	32	28	23	30	28	25	22	35	38	30	34	42	31	24	48	48
Y_Contig_100	30116	41	39	28	24	24	24	25	31	28	23	30	28	24	22	35	38	29	34	42	31	24	48	48
Y_Contig_100	30117	41	39	27	23	24	24	25	31	28	23	30	28	24	22	35	38	29	34	42	31	24	47	48
Y_Contig_100	30118	41	39	27	23	22	25	25	30	28	23	29	28	24	21	36	38	29	34	43	31	24	47	49
Y_Contig_100	30119	41	39	27	23	22	25	26	30	27	23	29	28	25	21	37	36	29	34	43	31	25	47	49
Y_Contig_100	30120	41	39	27	23	22	24	26	30	27	24	29	28	26	21	37	36	29	34	43	31	25	47	49
Y_Contig_100	30121	41	39	26	23	22	24	26	30	27	24	29	28	26	21	37	36	28	34	43	31	25	46	49
Y_Contig_100	30122	41	41	26	23	22	24	26	30	27	25	29	28	26	20	38	36	28	33	43	32	26	47	50
Y_Contig_100	30123	41	40	26	23	22	24	26	30	27	25	29	28	26	20	39	36	28	34	42	32	26	47	51
Y_Contig_100	30124	41	40	24	24	22	24	26	30	27	25	29	29	28	20	41	36	28	35	42	31	26	47	50
Y_Contig_100	30125	40	40	24	24	23	24	25	31	27	25	29	30	28	20	41	35	28	35	42	31	26	49	50
Y_Contig_100	30126	40	40	24	24	23	24	25	31	27	25	29	30	28	20	40	34	28	34	43	31	26	48	49
Y_Contig_100	30127	40	40	25	24	23	24	27	31	27	26	29	30	27	20	41	34	28	35	43	31	26	48	49
Y_Contig_100	30128	40	40	24	24	23	23	27	30	27	26	27	30	26	20	42	34	28	35	42	31	26	48	50
Y_Contig_100	30129	40	40	24	24	22	23	27	29	27	26	28	30	27	20	44	34	27	35	41	31	26	48	50
Y_Contig_100	30130	39	40	24	24	23	23	28	29	27	26	28	30	26	19	44	34	28	35	41	31	26	49	49
Y_Contig_100	30131	39	39	24	23	23	23	27	30	27	26	28	30	27	19	44	34	28	34	41	30	26	49	50
Y_Contig_100	30132	39	39	25	23	23	23	27	30	27	26	28	30	27	19	44	34	30	35	41	30	26	49	49
Y_Contig_100	30133	39	39	25	23	23	23	27	30	27	26	29	30	26	19	45	34	30	35	41	30	26	49	49
Y_Contig_100	30134	39	38	25	23	23	23	27	30	27	26	29	30	26	18	45	34	30	35	39	30	26	49	49
Y_Contig_100	30135	39	38	25	23	23	23	26	30	27	26	29	30	26	18	44	34	29	35	39	30	26	48	50
Y_Contig_100	30136	39	38	23	24	23	22	26	30	27	26	29	30	26	17	44	34	29	35	39	30	26	48	50
Y_Contig_100	30137	38	38	23	24	23	22	26	30	27	26	29	30	27	17	44	34	30	35	39	30	27	48	51
Y_Contig_100	30138	38	38	23	23	23	22	26	30	27	26	29	30	27	17	42	34	31	35	38	31	27	48	51
Y_Contig_100	30139	38	38	23	23	23	22	26	30	26	26	29	30	28	16	42	34	31	35	38	32	27	48	50
Y_Contig_100	30140	38	38	23	23	23	22	26	30	26	26	29	30	27	16	42	34	31	35	39	33	27	47	49
Y_Contig_100	30141	38	38	23	22	23	22	26	31	26	26	29	30	26	17	41	34	32	35	39	33	27	46	48
Y_Contig_100	30142	40	38	24	24	23	22	26	31	26	26	30	30	26	17	40	33	32	36	39	32	26	46	48
