Y_scaffold4	780425	37	31	25	29	26	30	27	31	32	32	25	35	34	26	48	47	38	51	34	29	27	41	48
Y_scaffold4	780426	38	31	25	29	26	31	28	31	32	31	25	35	34	26	50	46	39	52	34	29	27	41	48
Y_scaffold4	780427	38	31	25	29	26	31	28	31	32	31	25	35	34	26	50	46	39	53	34	29	27	41	49
Y_scaffold4	780428	37	31	25	29	25	31	29	30	33	31	26	34	35	26	51	45	39	52	34	29	27	41	48
Y_scaffold4	780429	37	30	25	29	25	30	29	30	33	30	26	34	36	26	50	45	39	52	34	30	27	42	47
Y_scaffold4	780430	36	29	25	30	25	30	29	29	33	30	26	34	36	26	50	45	38	53	34	30	27	42	48
Y_scaffold4	780431	36	31	25	29	25	30	29	29	33	30	27	33	36	26	48	45	38	52	32	29	27	42	47
Y_scaffold4	780432	36	31	26	29	25	31	29	29	34	30	27	33	36	26	47	45	38	53	32	29	27	42	47
Y_scaffold4	780433	36	31	26	29	25	31	29	29	34	30	27	33	36	26	48	45	39	53	31	29	26	42	46
Y_scaffold4	780434	36	31	26	29	25	31	30	29	34	30	27	33	35	26	49	45	39	54	32	28	26	41	47
Y_scaffold4	780435	38	31	26	29	25	31	30	29	35	31	27	33	35	26	48	46	39	54	32	29	26	42	45
Y_scaffold4	780436	38	32	26	29	25	31	30	29	34	31	26	33	35	25	47	46	40	54	31	29	26	43	46
Y_scaffold4	780437	39	33	26	28	25	31	30	29	34	32	27	33	36	25	47	46	40	54	31	29	26	42	46
Y_scaffold4	780438	38	34	25	28	25	31	30	29	34	30	27	33	36	25	45	46	40	54	31	29	26	42	44
Y_scaffold4	780439	38	34	24	29	27	31	30	29	34	31	27	33	36	25	45	46	40	53	32	28	25	43	44
Y_scaffold4	780440	39	34	25	28	27	31	30	29	34	31	28	34	36	25	46	46	40	53	32	28	25	43	44
Y_scaffold4	780441	39	34	25	29	27	32	30	31	35	32	28	35	35	27	46	47	41	54	32	28	25	44	44
Y_scaffold4	780442	38	35	26	29	27	32	29	31	35	32	28	35	37	27	46	47	41	55	32	28	24	45	44
Y_scaffold4	780443	38	35	25	29	27	32	29	31	36	33	28	35	36	27	46	47	41	56	32	28	24	45	43
Y_scaffold4	780444	38	35	25	29	27	32	29	31	35	33	29	34	37	26	46	47	41	57	32	28	24	46	43
Y_scaffold4	780445	38	36	25	29	27	32	29	31	36	33	29	34	37	26	47	47	41	57	32	27	24	47	44
Y_scaffold4	780446	38	37	25	29	27	33	28	31	36	34	29	33	37	26	47	45	41	57	32	27	24	46	44
Y_scaffold4	780447	37	37	26	29	27	33	28	32	36	34	29	33	38	26	46	45	41	57	33	27	24	46	44
Y_scaffold4	780448	38	36	25	29	27	32	28	32	36	33	29	33	38	26	46	45	41	56	33	27	24	46	44
Y_scaffold4	780449	39	35	26	30	27	31	28	32	37	33	29	33	37	26	46	45	41	56	32	27	24	46	44
Y_scaffold4	780450	40	35	26	30	27	31	28	32	37	33	29	32	35	27	46	45	41	55	32	28	25	46	43
Y_scaffold4	780451	40	34	26	30	27	29	28	31	37	34	29	32	35	28	45	45	41	55	32	28	24	46	43
Y_scaffold4	780452	41	34	25	29	27	30	28	32	37	33	29	31	35	28	45	46	41	55	32	29	24	47	44
Y_scaffold4	780453	41	34	24	30	26	29	29	32	37	34	29	30	35	28	46	46	41	55	32	29	24	47	44
Y_scaffold4	780454	41	34	24	30	26	29	29	32	37	34	29	32	36	27	46	45	42	55	31	29	24	47	42
Y_scaffold4	780455	41	34	24	30	26	29	29	32	37	34	29	32	36	27	46	44	42	55	31	29	23	46	41
Y_scaffold4	780456	41	33	24	30	26	29	29	32	37	34	29	32	36	27	46	44	41	55	31	29	23	46	41
Y_scaffold4	780457	40	33	24	30	27	30	29	32	37	34	29	33	35	27	45	44	41	55	31	30	23	45	42
Y_scaffold4	780458	39	33	25	28	27	29	29	32	37	34	29	33	35	26	45	44	41	55	31	30	24	45	42
Y_scaffold4	780459	39	33	27	28	28	29	29	33	36	35	29	33	35	26	45	44	41	55	31	30	24	45	42
Y_scaffold4	780460	39	32	27	28	28	29	28	33	35	36	28	33	35	27	45	43	41	54	31	30	24	45	42
Y_scaffold4	780461	39	32	27	27	28	29	27	33	35	36	28	34	35	27	44	43	41	53	31	30	25	45	42
Y_scaffold4	780462	39	32	27	26	27	29	27	33	35	36	28	34	35	28	44	42	40	54	31	30	23	44	43
Y_scaffold4	780463	39	31	27	26	27	29	27	33	35	37	27	34	34	28	44	42	40	54	31	29	23	44	42
Y_scaffold4	780464	38	30	28	24	27	30	27	33	36	36	26	33	32	28	43	41	37	55	29	28	23	44	42
Y_scaffold4	780465	38	30	28	24	27	31	27	33	36	36	26	33	33	28	42	40	35	56	29	28	23	44	42
Y_scaffold4	780466	38	30	28	24	28	32	28	34	36	37	26	32	33	28	42	40	35	56	29	29	23	44	42
Y_scaffold4	780467	38	30	27	24	27	32	28	34	36	37	26	31	34	28	42	40	34	56	29	29	22	45	42
Y_scaffold4	780468	39	29	28	24	28	31	28	34	37	36	26	31	34	28	41	40	32	55	30	29	22	46	40
Y_scaffold4	780469	39	29	28	24	27	31	29	34	37	36	26	32	34	28	41	42	32	55	30	29	22	46	40
Y_scaffold4	780470	38	29	28	23	27	30	30	33	37	36	26	33	34	28	40	42	32	54	31	29	22	46	39
Y_scaffold4	780471	37	29	29	23	26	29	30	33	37	36	26	33	34	27	40	42	31	54	31	29	21	46	39
Y_scaffold4	780472	37	30	30	23	26	28	29	33	37	36	26	34	34	28	40	43	31	53	30	28	21	47	40
Y_scaffold4	780473	37	31	29	23	27	28	30	34	37	36	26	35	35	28	40	43	31	54	30	28	21	47	40
Y_scaffold4	780474	36	32	28	22	27	28	29	33	35	35	26	35	36	28	38	43	30	52	30	28	20	47	40
Y_scaffold4	780475	36	32	28	22	27	29	28	32	35	35	26	35	36	28	37	44	30	52	30	28	19	47	40
Y_scaffold4	780476	33	32	29	21	25	28	27	33	34	35	26	34	35	29	37	44	30	51	30	26	19	48	41
Y_scaffold4	780477	33	32	30	21	26	28	27	33	34	35	27	35	35	29	38	44	30	50	30	26	19	50	41
Y_scaffold4	780478	33	32	30	21	26	28	27	34	34	34	27	35	36	30	38	44	30	49	30	26	19	50	41
Y_scaffold4	780479	33	32	30	20	26	28	27	34	34	34	27	35	36	29	38	44	28	48	30	26	20	50	41
Y_scaffold4	780480	32	31	30	20	26	28	26	34	34	34	27	35	36	29	39	42	28	47	30	26	20	50	41
Y_scaffold4	780481	32	31	30	20	26	29	26	34	34	34	26	36	36	30	39	43	28	46	30	26	20	50	42
Y_scaffold4	780482	33	32	30	20	26	28	25	35	34	34	26	36	36	30	39	43	27	45	31	26	20	50	42
Y_scaffold4	780483	33	32	30	20	26	28	25	35	34	34	26	35	36	30	39	42	27	45	31	26	20	50	42
Y_scaffold4	780484	32	32	30	20	27	27	24	34	33	34	24	35	35	30	39	42	26	46	30	26	21	50	42
Y_scaffold4	780485	32	33	30	20	27	27	24	34	34	34	24	36	35	30	39	42	26	46	31	27	21	50	42
Y_scaffold4	780486	32	34	31	20	27	27	24	34	33	33	24	36	35	31	38	42	26	46	31	27	22	51	42
Y_scaffold4	780487	32	34	30	20	26	26	23	33	33	33	24	35	35	32	38	42	26	45	33	27	22	53	41
Y_scaffold4	780488	32	34	30	20	26	26	23	33	33	33	24	35	35	32	38	42	26	45	33	27	22	53	41
Y_scaffold4	780489	32	33	30	20	26	26	23	33	33	33	24	34	35	32	37	42	26	45	33	26	22	54	41
Y_scaffold4	780490	32	33	30	20	26	26	23	33	33	33	24	34	35	32	39	42	27	46	33	26	23	54	40
Y_scaffold4	780491	32	33	30	20	27	26	23	33	32	33	24	35	35	32	39	41	26	44	33	26	23	54	40
Y_scaffold4	780492	32	33	30	20	27	26	24	33	32	33	23	35	34	32	39	42	26	43	31	27	22	55	41
Y_scaffold4	780493	32	33	30	20	26	26	24	33	31	34	23	35	34	32	38	42	26	44	31	28	22	54	40
Y_scaffold4	780494	32	33	30	20	27	26	24	33	31	34	23	35	33	32	38	41	27	44	31	28	22	55	41
Y_scaffold4	780495	31	33	30	20	27	26	24	34	31	34	23	35	33	32	38	41	26	44	31	28	22	54	41
Y_scaffold4	780496	29	33	29	19	28	26	23	34	31	33	23	35	33	32	38	41	26	45	32	27	23	53	41
Y_scaffold4	780497	29	33	29	19	27	26	23	34	31	33	23	35	33	31	38	40	26	45	32	27	23	53	41
Y_scaffold4	780498	28	33	31	21	27	25	22	34	31	33	22	36	34	31	37	39	26	45	31	27	23	51	41
Y_scaffold4	780499	28	33	31	20	27	25	22	35	31	34	22	36	34	30	36	39	27	45	31	27	23	52	41
Y_scaffold4	780500	28	32	32	20	27	25	22	35	32	33	22	36	34	30	36	40	27	45	31	27	23	52	39
Y_scaffold4	780501	28	32	32	20	27	24	22	35	32	33	22	36	34	30	36	40	26	45	30	28	23	52	39
Y_scaffold4	780502	28	32	32	19	27	24	22	35	32	34	25	36	34	32	36	40	24	46	29	28	24	52	40
Y_scaffold4	780503	28	32	32	19	27	24	22	35	32	34	25	36	34	32	35	39	24	45	29	28	23	52	39
Y_scaffold4	780504	28	30	32	19	27	24	22	36	31	34	25	35	34	32	35	39	24	44	29	28	23	52	38
Y_scaffold4	780505	28	29	32	18	28	24	22	35	31	33	25	34	34	32	35	39	24	43	27	28	23	53	37
Y_scaffold4	780506	28	29	32	19	27	24	23	35	31	33	25	34	34	32	34	39	24	43	26	29	22	53	36
Y_scaffold4	780507	29	29	33	19	27	24	22	35	31	33	25	34	34	32	34	41	24	42	26	29	22	53	38
Y_scaffold4	780508	29	29	33	19	25	24	21	35	31	33	26	34	34	31	33	40	24	42	26	29	22	53	39
Y_scaffold4	780509	30	29	33	19	26	24	21	33	31	33	26	35	34	31	33	39	24	42	26	31	22	53	39
Y_scaffold4	780510	30	29	33	21	25	25	21	33	31	33	26	35	33	31	34	39	25	42	26	31	22	52	40
Y_scaffold4	780511	30	29	33	20	25	25	21	33	31	33	25	35	33	31	33	38	25	42	25	31	22	51	40
Y_scaffold4	780512	30	29	33	20	24	25	21	33	31	33	25	33	33	31	34	37	25	42	25	32	22	51	40
Y_scaffold4	780513	30	29	34	20	25	25	23	33	31	35	25	33	34	30	34	36	25	41	24	31	22	51	39
Y_scaffold4	780514	29	29	34	20	25	25	23	33	31	34	25	33	34	30	34	35	25	41	24	31	22	52	40
Y_scaffold4	780515	29	28	33	20	24	25	23	33	31	34	25	33	34	30	34	35	24	41	25	31	22	51	40
Y_scaffold4	780516	29	28	34	20	27	25	23	34	31	34	25	33	35	30	33	35	24	40	25	31	21	52	40
Y_scaffold4	780517	29	28	34	20	27	26	23	34	31	35	25	32	35	30	33	34	24	39	25	31	21	52	39
Y_scaffold4	780518	29	29	33	20	28	26	24	34	30	36	24	32	35	31	33	34	24	40	27	31	21	51	40
Y_scaffold4	780519	29	29	33	22	29	26	24	32	30	36	24	32	36	31	33	34	24	41	27	33	21	51	40
Y_scaffold4	780520	29	29	31	22	29	26	24	32	30	36	24	32	36	31	32	33	24	40	26	33	21	51	41
Y_scaffold4	780521	29	30	31	21	28	26	23	32	32	36	24	34	36	31	31	33	24	40	26	35	21	50	41
Y_scaffold4	780522	29	31	31	21	30	28	22	32	32	37	24	34	36	31	31	33	24	39	26	35	21	50	40
Y_scaffold4	780523	30	32	30	21	30	28	22	32	33	37	23	35	35	31	31	33	25	40	26	36	21	51	40
Y_scaffold4	780524	30	32	30	24	30	28	22	32	33	39	23	34	35	31	30	33	25	41	26	37	22	51	39
Y_scaffold4	780525	30	33	30	24	30	28	22	32	33	39	23	33	35	31	29	33	25	41	26	37	22	50	38
Y_scaffold4	780526	30	33	30	23	30	28	22	31	32	39	24	32	35	34	28	33	23	43	26	36	21	50	37
Y_scaffold4	780527	31	33	30	23	30	28	22	31	32	39	25	32	35	34	28	33	23	43	28	36	21	51	37
Y_scaffold4	780528	32	33	31	24	30	28	22	32	32	39	25	32	35	34	28	33	23	43	28	36	21	52	37
Y_scaffold4	780529	32	33	31	24	30	27	22	31	32	38	25	31	35	34	28	33	23	43	28	36	21	51	37
Y_scaffold4	780530	32	32	31	24	29	27	21	31	32	38	24	31	35	34	27	33	23	42	28	35	21	52	37
Y_scaffold4	780531	34	32	31	24	29	27	21	31	32	38	23	31	35	34	28	32	23	42	28	32	21	52	37
Y_scaffold4	780532	35	32	31	24	29	26	21	31	32	38	23	31	35	34	29	32	23	43	28	32	21	52	37
Y_scaffold4	780533	34	31	31	25	31	25	21	31	33	37	23	31	35	35	29	32	24	43	28	32	21	51	37
Y_scaffold4	780534	34	31	32	25	31	25	22	31	33	37	23	30	35	35	29	32	24	42	28	32	20	50	37
Y_scaffold4	780535	33	31	31	25	31	25	22	31	33	37	23	30	35	35	29	32	24	42	28	32	20	49	36
Y_scaffold4	780536	33	31	30	25	31	26	21	31	32	37	22	30	35	35	29	31	24	40	27	33	20	48	36
Y_scaffold4	780537	32	32	30	25	31	26	21	30	32	37	22	30	35	34	29	30	23	40	27	33	20	48	36
Y_scaffold4	780538	31	32	31	25	31	26	23	29	31	37	23	30	36	37	29	29	24	40	27	35	20	48	36
Y_scaffold4	780539	30	32	31	23	31	26	23	31	31	37	25	30	35	37	29	29	24	40	27	34	20	49	36
Y_scaffold4	780540	29	30	31	24	31	26	24	31	30	36	25	30	33	36	29	29	24	40	27	35	20	48	37
Y_scaffold4	780541	28	30	30	24	31	26	24	31	30	36	25	29	34	37	29	28	24	40	27	35	20	47	35
Y_scaffold4	780542	28	29	30	24	31	26	24	31	31	36	25	29	34	37	31	29	24	40	28	35	20	48	36
Y_scaffold4	780543	28	29	30	24	31	25	24	31	31	35	26	30	35	37	32	29	24	39	29	34	20	47	36
Y_scaffold4	780544	28	29	30	24	31	25	24	30	31	35	26	30	36	36	32	29	24	39	29	34	20	47	36
Y_scaffold4	780545	29	30	30	24	32	25	25	31	31	35	26	30	36	36	32	30	24	39	29	35	20	47	36
Y_scaffold4	780546	29	30	30	24	32	25	27	31	29	35	27	30	36	35	32	31	24	39	30	35	20	50	35
Y_scaffold4	780547	30	32	31	26	33	25	26	30	28	36	27	31	36	36	32	32	23	39	30	35	20	50	35
Y_scaffold4	780548	31	31	31	26	32	25	27	29	28	36	26	29	35	36	32	32	23	38	29	35	19	51	35
Y_scaffold4	780549	31	31	31	26	31	25	27	29	28	35	26	29	34	36	32	32	23	38	28	35	19	51	34
Y_scaffold4	780550	31	31	31	26	31	25	27	29	28	35	26	29	34	36	32	32	23	38	28	35	19	51	34
Y_scaffold4	780551	31	31	31	26	31	25	27	29	28	35	26	29	32	36	31	32	22	38	28	35	19	51	33
Y_scaffold4	780552	32	32	31	25	31	25	29	30	28	34	26	29	32	36	32	32	22	38	28	36	19	51	33
Y_scaffold4	780553	32	32	32	25	32	25	29	30	28	35	25	29	31	36	32	32	22	39	28	36	19	51	33
Y_scaffold4	780554	32	31	31	26	31	24	29	30	27	36	25	29	31	35	32	31	22	39	29	35	19	51	32
Y_scaffold4	780555	33	31	31	26	31	24	29	30	28	37	26	29	32	35	33	31	22	39	30	35	19	51	32
Y_scaffold4	780556	32	31	31	26	31	25	28	28	28	36	24	29	32	33	33	31	22	39	30	35	19	50	32
Y_scaffold4	780557	32	31	31	25	31	25	28	28	28	36	23	30	32	33	33	31	20	39	30	35	19	50	32
Y_scaffold4	780558	31	31	30	26	31	25	28	28	28	36	24	30	32	33	33	31	20	39	30	34	18	50	34
Y_scaffold4	780559	31	31	29	26	32	25	29	28	28	36	24	29	33	33	33	30	21	40	30	34	19	50	33
Y_scaffold4	780560	31	31	29	26	33	25	29	28	28	36	24	29	34	33	33	30	22	38	31	34	17	50	33
Y_scaffold4	780561	31	31	29	26	34	25	29	28	28	36	24	29	34	33	34	29	21	38	31	34	17	50	33
Y_scaffold4	780562	31	31	29	26	34	25	29	28	28	36	24	29	34	32	34	29	21	39	31	33	18	50	33
Y_scaffold4	780563	29	30	29	26	35	25	29	27	28	33	24	30	34	31	33	30	21	39	31	33	17	51	33
Y_scaffold4	780564	29	30	29	26	35	25	30	26	28	33	24	31	34	31	35	30	21	40	31	33	17	50	33
Y_scaffold4	780565	29	30	29	25	35	26	30	26	28	33	24	30	33	31	35	30	21	40	31	33	17	49	33
Y_scaffold4	780566	29	29	29	25	35	27	30	26	27	34	24	30	33	31	34	30	21	40	29	34	17	49	33
Y_scaffold4	780567	28	29	28	25	35	26	30	25	28	33	24	30	33	31	33	30	21	40	29	33	17	49	33
Y_scaffold4	780568	27	29	28	24	34	26	29	24	27	33	24	30	33	31	33	30	20	40	29	31	17	48	33
Y_scaffold4	780569	27	28	28	24	34	27	29	24	28	31	25	30	33	31	34	30	20	40	29	32	18	49	32
Y_scaffold4	780570	27	28	28	24	34	26	29	24	28	31	25	30	33	31	33	30	20	41	28	32	18	49	32
Y_scaffold4	780571	28	28	28	22	34	26	29	24	27	31	25	30	33	31	33	29	20	40	28	31	18	47	32
Y_scaffold4	780572	28	28	29	22	35	26	29	24	28	31	25	30	33	30	34	30	20	40	28	30	18	47	32
Y_scaffold4	780573	28	28	28	22	35	27	29	23	29	31	24	30	32	28	34	29	20	40	27	30	19	44	31
Y_scaffold4	780574	28	28	28	22	35	27	30	23	29	31	24	30	32	28	34	29	20	40	27	31	17	45	32
Y_scaffold4	780575	28	28	28	22	36	27	30	23	29	30	24	30	32	28	35	29	20	40	27	31	17	45	32
Y_scaffold4	780576	27	28	28	22	36	26	30	23	28	30	23	30	31	28	33	29	19	38	27	31	17	45	31
Y_scaffold4	780577	27	28	28	22	36	26	32	23	28	31	23	30	32	29	33	30	19	39	27	31	17	45	31
Y_scaffold4	780578	27	28	29	21	36	26	31	24	28	31	23	30	32	29	32	30	20	39	28	31	18	45	31
Y_scaffold4	780579	27	28	29	20	36	25	31	24	28	31	22	30	31	29	32	29	20	38	28	29	18	43	30
Y_scaffold4	780580	28	28	29	20	36	25	34	24	28	31	22	31	31	29	32	30	21	38	28	29	18	43	30
Y_scaffold4	780581	29	28	28	20	36	25	34	24	28	31	23	31	31	29	32	30	20	39	28	29	18	43	30
Y_scaffold4	780582	29	27	28	20	37	27	35	24	29	31	23	31	32	29	31	30	21	38	28	29	18	44	31
Y_scaffold4	780583	29	28	28	20	37	26	35	24	29	31	23	31	32	29	31	30	20	38	28	29	18	44	32
Y_scaffold4	780584	28	28	28	20	37	26	35	24	28	31	23	31	33	29	30	29	20	38	27	28	18	44	31
Y_scaffold4	780585	27	28	28	20	37	28	35	24	28	30	23	31	33	29	31	29	20	38	27	29	18	44	33
Y_scaffold4	780586	27	25	28	20	37	28	35	24	28	29	23	31	33	29	31	28	19	36	26	29	18	43	32
Y_scaffold4	780587	27	25	29	20	37	28	35	24	28	29	24	31	33	29	32	28	20	36	26	29	18	43	32
Y_scaffold4	780588	27	25	29	19	35	28	35	24	28	29	24	31	33	29	32	29	20	36	26	29	18	42	32
Y_scaffold4	780589	27	25	30	19	35	28	35	25	28	28	24	31	33	29	33	29	20	36	26	30	18	44	32
Y_scaffold4	780590	26	26	30	19	35	29	35	25	28	28	25	30	33	29	32	29	20	36	27	31	18	44	32
Y_scaffold4	780591	26	26	29	18	35	28	36	23	27	26	25	29	31	27	32	28	19	34	27	32	18	43	33
Y_scaffold4	780592	26	25	29	18	35	28	36	23	26	26	25	29	31	27	32	28	20	33	27	32	19	43	33
Y_scaffold4	780593	26	25	29	18	35	28	36	23	26	26	25	29	31	27	32	28	20	32	28	32	19	42	33
Y_scaffold4	780594	26	25	29	18	35	28	37	23	25	27	24	30	30	27	32	28	20	31	30	32	19	41	35
Y_scaffold4	780595	26	24	29	18	35	28	37	23	26	27	25	30	30	27	31	28	20	31	30	33	19	41	35
Y_scaffold4	780596	26	23	29	18	35	27	37	24	28	26	26	31	31	27	32	28	21	31	30	33	19	41	36
Y_scaffold4	780597	26	23	28	18	35	27	37	23	29	26	26	31	30	27	32	28	21	31	29	33	19	42	36
Y_scaffold4	780598	25	24	28	18	36	28	37	23	28	26	26	31	32	27	33	29	21	32	29	33	19	42	37
Y_scaffold4	780599	24	24	27	18	36	29	37	23	27	26	26	31	32	27	33	29	21	32	29	33	18	42	37
Y_scaffold4	780600	23	24	27	18	36	29	38	23	27	25	25	31	32	25	33	28	22	33	29	32	18	42	37
Y_scaffold4	780601	24	25	27	18	36	29	38	22	27	24	25	31	31	25	33	29	23	34	30	32	18	41	39
Y_scaffold4	780602	24	26	27	20	36	29	38	22	27	24	25	31	31	25	33	29	23	34	29	32	18	42	39
Y_scaffold4	780603	24	26	28	19	37	29	37	22	28	25	25	31	31	26	34	30	23	34	29	32	18	43	40
Y_scaffold4	780604	24	27	28	19	37	30	38	22	28	26	25	29	30	26	34	30	22	34	30	32	18	43	40
Y_scaffold4	780605	24	27	28	19	37	30	38	22	28	26	25	28	30	26	34	30	22	34	30	32	18	43	40
Y_scaffold4	780606	24	27	28	19	37	29	38	22	28	25	25	27	30	26	34	30	23	34	30	32	18	44	41
Y_scaffold4	780607	23	27	28	19	36	29	38	24	28	25	26	28	30	26	34	30	23	34	30	31	19	44	40
Y_scaffold4	780608	23	26	26	17	36	29	38	23	28	25	26	28	31	26	34	30	23	34	30	31	18	44	40
Y_scaffold4	780609	23	26	25	17	35	29	38	23	28	24	26	28	32	26	35	30	23	34	30	31	18	44	40
Y_scaffold4	780610	23	26	25	17	35	29	38	23	28	23	26	28	31	25	35	30	23	34	30	31	18	44	40
Y_scaffold4	780611	23	26	26	17	36	29	38	23	29	23	26	27	31	25	35	30	24	33	31	32	20	44	40
Y_scaffold4	780612	23	26	26	17	36	29	38	23	30	23	26	27	31	25	35	31	26	33	31	33	21	45	39
Y_scaffold4	780613	23	26	26	18	36	29	39	23	31	22	26	27	31	25	35	31	26	33	32	32	21	44	40
Y_scaffold4	780614	24	26	25	18	36	28	40	23	30	24	27	27	30	25	35	31	26	32	32	32	21	44	40
Y_scaffold4	780615	24	26	25	18	36	26	40	23	30	24	27	27	29	25	35	31	26	32	32	32	21	44	40
Y_scaffold4	780616	24	27	25	18	36	26	39	22	30	23	27	27	29	25	35	31	26	32	32	31	21	44	40
Y_scaffold4	780617	24	27	25	18	37	26	39	23	30	23	29	27	29	25	35	31	26	31	33	31	21	43	40
Y_scaffold4	780618	23	27	24	18	36	26	38	23	29	23	29	27	29	25	35	31	26	31	32	31	21	42	40
Y_scaffold4	780619	24	27	25	18	38	26	37	23	30	23	29	25	30	25	35	29	26	31	31	31	21	43	40
Y_scaffold4	780620	24	28	25	18	38	26	36	23	30	23	29	25	30	25	35	29	26	31	31	31	21	43	41
Y_scaffold4	780621	24	27	24	18	38	27	36	23	31	23	29	25	31	25	35	29	26	31	31	32	21	45	41
Y_scaffold4	780622	25	27	23	19	39	27	35	23	31	23	29	24	30	24	35	31	26	30	30	33	21	44	40
Y_scaffold4	780623	25	26	23	19	38	28	35	23	32	23	29	23	30	24	35	31	27	30	31	33	21	44	40
Y_scaffold4	780624	28	25	22	19	38	28	36	23	32	23	29	23	30	24	35	32	27	30	31	33	21	44	40
Y_scaffold4	780625	28	26	22	19	38	27	37	23	32	23	29	23	30	23	35	31	27	30	31	33	21	45	40
Y_scaffold4	780626	28	27	21	19	39	27	38	22	32	23	29	21	30	23	35	30	28	30	31	33	22	42	39
Y_scaffold4	780627	28	28	21	19	38	27	38	22	32	23	29	21	30	23	34	31	28	31	31	33	22	42	39
Y_scaffold4	780628	28	28	21	19	38	27	37	21	34	23	29	21	29	22	34	31	29	32	31	33	21	44	38
Y_scaffold4	780629	28	28	21	19	38	26	38	21	34	23	29	21	29	22	34	31	30	32	31	33	21	44	37
Y_scaffold4	780630	28	27	21	19	39	26	38	21	34	23	28	21	29	22	33	31	30	32	31	33	21	44	37
Y_scaffold4	780631	29	26	22	19	40	26	38	21	35	23	28	20	30	22	33	32	30	32	30	34	21	46	38
Y_scaffold4	780632	31	26	22	19	40	26	38	21	36	23	28	20	30	22	33	32	30	31	30	34	21	46	39
Y_scaffold4	780633	31	26	22	19	40	25	38	21	36	23	28	20	30	22	33	32	32	31	30	34	21	46	38
Y_scaffold4	780634	32	27	22	19	40	26	37	22	38	23	29	20	30	22	35	32	32	30	30	35	19	46	38
Y_scaffold4	780635	32	26	21	19	40	26	37	22	38	23	29	19	31	21	35	32	33	31	29	35	18	45	38
Y_scaffold4	780636	32	26	21	19	41	26	37	22	38	23	30	19	32	20	36	32	32	31	28	35	19	44	38
Y_scaffold4	780637	33	26	21	19	41	26	37	22	38	23	30	20	31	20	36	32	32	31	27	35	19	43	38
Y_scaffold4	780638	33	26	21	19	41	26	37	22	38	23	30	20	31	20	36	32	33	33	27	35	19	43	38
Y_scaffold4	780639	33	26	22	19	41	26	37	22	38	23	30	20	31	20	36	32	33	33	27	36	19	42	38
Y_scaffold4	780640	33	27	22	19	41	26	37	22	38	23	30	20	31	20	34	32	32	32	27	36	18	42	38
Y_scaffold4	780641	33	27	22	19	40	25	37	22	38	22	30	19	31	20	34	32	33	32	27	36	18	42	38
Y_scaffold4	780642	33	29	22	19	40	26	36	23	38	25	30	19	32	21	35	31	35	34	29	35	18	44	38
Y_scaffold4	780643	34	29	22	19	40	26	36	23	39	26	30	20	32	21	35	33	36	33	29	37	18	44	38
Y_scaffold4	780644	34	29	22	19	40	26	36	23	41	26	30	20	33	22	35	33	35	33	29	37	17	44	37
Y_scaffold4	780645	34	30	22	19	40	26	38	22	41	26	30	20	33	22	35	33	37	32	29	37	16	45	38
Y_scaffold4	780646	34	30	22	19	39	26	38	23	42	25	30	20	33	23	35	33	37	33	28	38	16	46	38
Y_scaffold4	780647	34	30	22	19	39	26	39	24	42	26	30	21	33	23	36	34	37	34	28	38	17	46	38
Y_scaffold4	780648	34	30	20	17	39	26	39	24	42	26	31	20	32	23	36	34	37	35	29	38	17	45	38
Y_scaffold4	780649	34	31	20	18	41	26	39	23	42	26	31	21	32	24	36	34	37	35	29	37	17	46	38
Y_scaffold4	780650	34	31	19	18	41	26	39	23	40	26	31	22	32	24	36	33	37	36	29	37	18	46	38
Y_scaffold4	780651	34	31	19	18	41	25	39	23	40	26	31	23	32	23	36	33	37	35	29	37	17	47	37
Y_scaffold4	780652	34	31	19	18	41	25	40	25	41	26	28	23	32	23	36	35	38	35	29	38	17	47	37
Y_scaffold4	780653	36	31	20	18	41	25	39	25	41	27	28	25	32	23	36	34	38	35	29	38	17	47	37
Y_scaffold4	780654	36	31	20	19	40	25	39	24	41	28	28	25	31	23	37	34	38	35	29	37	17	45	37
Y_scaffold4	780655	36	31	20	19	40	26	39	24	42	28	29	25	31	23	37	34	39	35	30	37	17	45	37
Y_scaffold4	780656	37	31	20	18	40	27	39	24	42	28	29	25	31	23	38	33	39	36	30	37	17	46	37
Y_scaffold4	780657	37	32	19	18	40	28	39	24	42	29	29	25	31	23	38	33	40	36	30	35	17	47	34
Y_scaffold4	780658	37	32	19	18	40	28	39	24	42	29	29	25	31	23	38	34	40	36	31	35	18	47	34
Y_scaffold4	780659	36	32	20	17	40	27	39	24	42	29	29	25	31	23	37	34	39	37	31	35	18	47	34
Y_scaffold4	780660	36	32	20	16	40	27	39	24	42	29	29	25	32	23	37	34	40	37	31	35	18	48	33
Y_scaffold4	780661	36	32	22	16	39	27	38	23	43	28	29	25	32	24	38	34	40	38	31	35	18	49	33
Y_scaffold4	780662	36	32	21	16	39	27	38	23	43	27	30	24	32	24	36	35	40	37	31	34	18	49	33
Y_scaffold4	780663	38	33	21	16	39	27	37	23	43	27	31	24	32	24	36	36	40	37	31	34	18	49	33
Y_scaffold4	780664	38	33	21	17	38	27	37	23	43	27	31	24	33	24	37	36	40	37	31	33	18	50	32
Y_scaffold4	780665	38	33	19	17	35	28	37	23	43	27	32	26	32	24	37	37	40	36	30	33	18	50	31
Y_scaffold4	780666	38	33	19	17	35	28	37	24	43	28	32	26	31	24	37	36	40	36	30	33	18	50	31
Y_scaffold4	780667	38	33	19	18	34	28	39	24	43	28	32	26	32	24	39	36	40	38	29	34	18	51	32
Y_scaffold4	780668	38	33	19	19	34	28	39	26	43	27	32	29	32	23	39	36	41	39	28	34	19	51	32
Y_scaffold4	780669	40	33	19	19	34	28	39	26	43	27	32	29	31	25	39	36	41	40	28	32	19	52	32
Y_scaffold4	780670	40	33	21	19	34	29	39	26	43	28	32	30	31	25	39	36	41	40	28	32	19	53	32
Y_scaffold4	780671	40	30	21	20	33	29	40	27	40	27	32	27	31	25	39	35	40	39	28	30	19	52	32
Y_scaffold4	780672	41	30	21	20	32	27	40	27	40	27	32	27	31	25	39	37	41	39	28	30	19	52	32
Y_scaffold4	780673	42	30	21	18	33	27	40	27	40	28	32	27	31	25	40	37	41	38	27	31	19	52	32
Y_scaffold4	780674	42	31	21	17	33	27	40	27	40	26	32	27	31	25	40	37	42	38	27	31	18	53	34
Y_scaffold4	780675	42	31	21	17	33	27	40	27	40	26	32	27	33	25	40	38	42	39	27	31	18	53	35
Y_scaffold4	780676	43	31	21	17	34	27	40	27	40	26	32	27	33	22	40	38	42	36	27	32	18	53	35
Y_scaffold4	780677	42	31	21	17	34	27	40	27	40	26	31	27	33	22	40	38	42	36	25	32	18	53	35
Y_scaffold4	780678	42	31	21	16	35	28	40	28	41	26	31	27	34	24	40	38	42	37	25	32	18	53	35
Y_scaffold4	780679	43	31	21	16	35	29	40	28	41	26	33	27	34	23	40	38	43	38	26	32	18	52	34
Y_scaffold4	780680	41	31	20	16	35	29	41	28	41	26	33	27	34	23	39	38	43	37	26	32	18	52	34
Y_scaffold4	780681	40	31	20	16	35	29	41	28	41	26	33	27	34	24	38	38	43	37	27	33	18	54	34
Y_scaffold4	780682	40	31	20	15	33	29	41	28	42	26	34	27	34	24	39	38	43	37	27	33	18	55	34
Y_scaffold4	780683	42	31	20	16	32	29	41	28	42	26	35	27	34	24	39	38	43	37	27	33	18	55	34
Y_scaffold4	780684	42	31	20	16	32	29	40	28	42	27	35	28	34	24	39	38	43	38	27	33	18	55	34
Y_scaffold4	780685	42	32	20	17	32	29	40	28	42	27	36	28	34	24	40	39	43	38	27	33	19	54	35
Y_scaffold4	780686	41	32	20	17	32	29	39	28	41	27	35	28	34	24	40	39	43	39	28	31	19	55	35
Y_scaffold4	780687	41	32	19	17	32	29	39	28	40	27	35	29	34	25	41	39	43	39	28	30	19	55	35
Y_scaffold4	780688	41	32	20	18	32	30	38	29	41	27	34	31	33	24	41	39	44	40	28	30	19	55	36
Y_scaffold4	780689	41	32	20	19	32	30	38	27	41	27	34	31	33	24	41	40	44	40	29	30	19	54	36
Y_scaffold4	780690	41	33	20	19	32	31	38	27	41	28	35	31	33	24	41	39	45	40	29	29	19	54	36
Y_scaffold4	780691	41	33	20	19	32	31	38	27	41	28	35	31	33	23	41	39	45	40	29	29	19	55	36
Y_scaffold4	780692	42	33	20	19	32	31	38	29	40	27	35	31	33	25	39	37	45	41	28	30	20	54	36
Y_scaffold4	780693	42	33	20	19	33	31	38	29	39	27	34	30	33	25	37	38	45	42	27	31	20	53	36
Y_scaffold4	780694	42	33	21	19	32	31	38	28	40	28	34	30	33	26	38	39	45	42	28	31	21	54	36
Y_scaffold4	780695	41	32	21	19	32	31	37	28	40	28	34	30	33	26	38	38	45	42	28	31	21	54	36
Y_scaffold4	780696	41	32	21	18	31	31	35	28	40	28	33	30	34	26	38	37	45	42	29	32	21	51	35
Y_scaffold4	780697	42	31	20	18	31	31	35	28	41	28	33	30	34	27	38	36	46	44	29	32	22	51	35
Y_scaffold4	780698	41	31	20	18	31	31	35	29	40	28	34	31	36	27	38	36	47	46	29	32	22	50	35
Y_scaffold4	780699	41	32	20	18	32	31	35	29	39	28	34	31	36	27	39	36	47	46	29	32	22	50	35
Y_scaffold4	780700	41	32	20	18	32	31	35	28	39	28	34	31	36	27	38	37	47	47	31	32	22	50	36
Y_scaffold4	780701	41	32	21	18	33	31	34	29	40	28	34	32	36	27	38	37	47	47	31	31	23	50	36
Y_scaffold4	780702	41	31	21	18	33	32	33	28	41	28	34	32	36	26	39	37	48	48	31	31	23	50	37
Y_scaffold4	780703	43	31	20	19	32	32	33	28	42	27	34	32	36	26	39	37	47	46	31	31	24	51	38
Y_scaffold4	780704	43	31	20	18	32	33	33	28	43	26	34	32	36	25	39	39	47	46	30	32	25	52	38
Y_scaffold4	780705	42	31	20	18	32	33	33	28	42	25	33	32	35	25	38	40	47	46	29	32	25	51	38
Y_scaffold4	780706	42	31	20	18	32	32	33	28	42	25	34	32	35	25	38	40	47	46	29	32	25	51	38
Y_scaffold4	780707	42	31	21	18	31	33	33	28	42	26	34	32	35	25	38	40	48	47	30	32	26	51	37
Y_scaffold4	780708	42	31	21	18	31	34	32	28	42	27	35	34	35	25	38	40	48	47	30	33	25	52	37
Y_scaffold4	780709	42	31	21	18	31	34	32	29	42	27	35	34	34	25	38	40	47	47	31	33	25	53	37
Y_scaffold4	780710	42	31	21	18	30	33	33	29	41	27	35	34	33	25	37	40	46	47	29	33	25	53	37
Y_scaffold4	780711	42	31	21	18	29	33	34	29	41	27	37	34	33	25	36	40	46	47	30	33	24	53	37
Y_scaffold4	780712	42	31	21	18	28	33	34	30	41	27	36	33	33	26	36	39	46	47	30	34	24	53	37
Y_scaffold4	780713	42	31	22	18	28	34	34	29	41	27	36	32	33	26	36	39	47	48	30	34	24	53	37
Y_scaffold4	780714	43	32	24	18	28	34	33	30	41	27	36	32	33	26	34	40	47	48	30	35	24	53	37
Y_scaffold4	780715	44	33	25	18	28	32	33	30	40	27	36	32	33	26	33	40	47	48	30	37	23	53	37
Y_scaffold4	780716	44	33	25	18	28	32	33	30	40	26	36	32	33	26	33	40	47	48	30	36	23	53	38
Y_scaffold4	780717	44	33	25	18	28	32	33	30	40	26	36	32	33	26	33	40	48	49	29	36	23	53	39
Y_scaffold4	780718	44	33	25	19	28	33	33	30	40	26	36	32	34	26	33	40	48	49	28	37	23	53	39
Y_scaffold4	780719	44	33	25	19	28	32	34	30	41	26	35	32	34	27	32	40	48	50	28	37	22	52	39
Y_scaffold4	780720	43	33	24	19	28	31	33	30	40	26	35	32	34	27	32	40	49	49	28	37	22	52	39
Y_scaffold4	780721	44	33	24	20	28	31	33	30	40	26	35	33	34	28	32	41	49	49	28	38	22	53	40
Y_scaffold4	780722	44	34	24	20	28	32	33	30	40	26	35	33	34	28	31	41	49	49	28	38	22	53	40
Y_scaffold4	780723	45	34	24	21	28	33	33	30	39	26	36	34	34	28	30	41	47	50	28	37	21	53	40
Y_scaffold4	780724	45	35	24	22	28	33	32	30	39	27	36	35	34	28	30	41	47	50	28	37	21	52	41
Y_scaffold4	780725	45	35	25	22	27	33	32	30	39	27	36	36	34	27	29	42	47	50	28	37	22	52	41
Y_scaffold4	780726	45	35	25	22	27	33	31	31	39	27	36	36	34	27	30	42	47	50	28	37	22	52	41
Y_scaffold4	780727	45	35	25	22	27	33	29	32	39	26	36	36	33	26	31	41	47	49	28	37	22	52	42
Y_scaffold4	780728	45	35	24	22	27	33	30	31	39	26	36	37	33	26	31	41	46	49	28	37	21	52	42
Y_scaffold4	780729	45	34	24	22	27	33	30	31	39	27	36	36	33	26	31	41	47	51	28	37	21	52	43
Y_scaffold4	780730	44	33	24	22	27	34	27	31	39	27	36	35	33	26	32	40	46	51	28	37	22	52	43
Y_scaffold4	780731	43	33	24	22	27	34	27	31	39	27	35	35	33	26	32	40	47	50	28	37	22	52	43
Y_scaffold4	780732	43	34	24	23	28	31	26	31	38	27	36	35	34	26	33	40	46	50	28	37	23	51	42
Y_scaffold4	780733	43	33	24	23	28	31	26	31	38	27	36	36	34	26	34	41	46	49	29	37	23	51	41
Y_scaffold4	780734	43	33	23	24	28	31	25	31	38	27	36	36	33	26	33	42	46	49	29	37	23	51	41
Y_scaffold4	780735	43	33	23	25	28	29	25	31	38	27	36	36	33	26	33	42	48	49	29	37	23	50	39
Y_scaffold4	780736	42	33	23	25	29	29	25	31	38	28	35	37	33	26	34	42	48	49	30	37	23	50	39
Y_scaffold4	780737	43	33	24	25	29	29	26	31	38	28	35	37	32	28	33	42	47	50	30	37	24	50	39
Y_scaffold4	780738	43	33	24	25	29	29	26	31	38	28	35	37	32	28	34	41	48	50	30	37	24	50	39
Y_scaffold4	780739	43	34	24	25	29	29	25	30	38	28	35	37	34	28	33	41	48	50	30	36	24	49	39
Y_scaffold4	780740	43	33	23	25	29	28	25	30	38	28	33	37	34	28	33	41	48	51	29	35	24	50	39
Y_scaffold4	780741	44	33	23	26	29	28	25	30	38	28	33	36	34	28	33	41	48	51	29	34	24	49	38
Y_scaffold4	780742	44	33	23	26	29	28	25	30	38	28	33	36	34	28	33	43	47	53	29	34	23	50	38
Y_scaffold4	780743	44	33	23	26	29	28	25	31	38	27	33	36	34	28	33	44	47	54	28	34	23	50	38
Y_scaffold4	780744	44	33	23	26	29	28	24	31	38	27	34	35	35	28	34	44	48	54	28	34	23	50	38
Y_scaffold4	780745	44	33	23	26	29	29	24	30	36	27	32	34	35	28	35	44	48	54	28	33	23	50	37
Y_scaffold4	780746	44	33	23	26	29	30	25	30	34	27	33	36	34	28	34	44	47	54	29	33	23	50	36
Y_scaffold4	780747	44	32	24	26	28	29	25	30	34	27	33	36	34	28	33	44	47	54	29	34	23	50	36
Y_scaffold4	780748	45	32	24	26	28	29	25	30	34	27	33	36	32	28	33	43	48	53	29	35	25	51	36
Y_scaffold4	780749	46	32	25	26	28	27	25	30	34	27	33	36	32	28	33	43	48	53	29	35	25	52	36
Y_scaffold4	780750	46	32	25	26	28	27	24	30	34	27	33	36	32	28	33	43	47	52	29	35	26	52	36
Y_scaffold4	780751	45	31	26	25	28	26	24	30	34	27	33	36	32	28	33	42	46	52	28	34	26	52	34
Y_scaffold4	780752	44	30	26	24	27	26	24	30	34	27	33	36	33	28	33	42	46	52	28	34	26	51	33
Y_scaffold4	780753	45	30	26	24	27	26	23	31	35	25	33	36	33	27	32	42	46	53	28	34	26	51	32
Y_scaffold4	780754	45	30	26	24	27	26	23	31	35	25	33	36	33	27	32	42	46	53	27	34	27	51	33
Y_scaffold4	780755	45	30	27	24	27	26	23	31	35	25	33	36	34	27	33	42	46	53	27	34	28	51	33
Y_scaffold4	780756	45	30	27	24	27	28	23	31	36	25	34	36	34	28	33	42	45	53	27	34	28	50	32
Y_scaffold4	780757	45	30	27	25	28	28	23	29	36	25	33	35	34	28	33	43	45	53	27	34	27	50	32
Y_scaffold4	780758	45	31	27	26	28	28	24	29	36	25	33	35	33	28	33	43	45	53	27	34	27	51	32
Y_scaffold4	780759	45	31	27	26	28	29	24	29	36	25	33	35	32	28	33	43	45	53	27	34	27	51	33
Y_scaffold4	780760	45	31	27	25	27	29	24	29	34	25	33	35	32	27	35	42	44	54	27	33	23	50	34
Y_scaffold4	780761	46	31	27	25	27	29	24	29	33	25	33	35	32	27	35	42	43	54	27	32	23	50	34
Y_scaffold4	780762	46	31	27	25	27	30	23	29	33	26	33	35	32	27	35	43	43	55	27	32	23	51	33
Y_scaffold4	780763	46	31	27	25	27	30	23	30	33	26	32	35	32	27	35	44	43	55	26	32	23	51	33
Y_scaffold4	780764	45	32	28	25	27	30	22	30	33	26	32	35	32	27	35	44	43	55	27	32	23	52	33
Y_scaffold4	780765	45	32	28	25	26	30	22	31	34	26	33	36	31	27	35	44	43	55	27	32	23	54	33
Y_scaffold4	780766	45	31	28	25	25	30	22	30	36	26	33	36	31	27	35	44	43	55	27	32	23	54	33
Y_scaffold4	780767	46	31	28	25	23	30	23	31	35	27	31	37	31	27	36	44	43	55	26	32	23	53	34
Y_scaffold4	780768	46	31	28	25	24	31	23	31	35	27	32	37	31	27	36	45	43	56	27	32	23	53	34
Y_scaffold4	780769	45	31	29	25	24	31	24	31	35	27	32	37	30	27	36	45	43	56	27	32	23	53	33
Y_scaffold4	780770	47	31	29	26	24	30	26	31	34	27	33	37	29	27	36	45	44	56	27	31	23	51	32
Y_scaffold4	780771	47	31	29	25	24	30	26	31	34	27	33	37	29	27	36	43	44	56	27	31	24	51	32
Y_scaffold4	780772	46	31	29	25	23	30	26	31	34	27	32	37	29	28	36	41	44	56	27	30	24	51	32
Y_scaffold4	780773	44	30	29	25	24	30	25	30	33	28	34	37	28	29	37	40	43	56	26	31	25	51	32
Y_scaffold4	780774	43	28	29	25	23	30	23	30	34	28	34	37	29	29	37	40	41	55	26	32	25	49	32
Y_scaffold4	780775	43	28	29	25	23	31	22	31	34	28	34	37	29	29	38	40	41	56	26	32	25	49	32
Y_scaffold4	780776	43	28	29	25	22	31	22	31	34	28	33	38	29	28	38	40	40	56	26	32	24	49	32
Y_scaffold4	780777	43	28	31	25	23	31	22	32	34	29	34	38	30	28	38	42	40	55	26	32	24	48	33
Y_scaffold4	780778	39	28	31	25	23	31	22	31	35	29	35	38	30	28	38	43	41	55	26	32	24	48	33
Y_scaffold4	780779	39	28	31	25	24	31	22	31	35	29	35	38	30	28	38	45	41	55	26	31	25	48	32
Y_scaffold4	780780	39	28	30	25	23	31	22	31	35	29	35	38	30	28	39	44	41	55	26	31	25	46	32
Y_scaffold4	780781	39	28	30	26	22	31	22	31	35	29	36	38	30	28	40	45	42	55	26	30	26	48	32
Y_scaffold4	780782	39	28	30	26	22	30	22	31	35	29	36	38	30	28	40	45	42	55	26	31	26	48	32
Y_scaffold4	780783	38	29	30	26	21	30	24	31	33	30	35	38	30	28	39	45	40	56	26	31	26	49	32
Y_scaffold4	780784	38	28	30	26	22	30	24	30	33	30	35	38	30	28	39	45	41	56	26	31	27	49	32
Y_scaffold4	780785	38	27	30	26	22	30	24	30	32	30	35	38	29	28	39	45	40	56	26	30	27	49	32
Y_scaffold4	780786	37	27	30	26	21	30	24	31	32	30	34	39	29	28	38	46	40	57	27	30	26	49	33
Y_scaffold4	780787	38	27	30	26	21	30	24	31	33	30	34	38	30	28	38	46	39	55	28	29	26	49	34
Y_scaffold4	780788	38	26	30	27	21	30	24	31	34	29	34	38	31	28	38	46	39	54	27	29	26	49	33
Y_scaffold4	780789	38	25	29	27	22	30	24	30	34	27	34	38	30	28	38	46	39	54	28	28	26	49	33
Y_scaffold4	780790	38	25	29	27	22	29	25	30	34	27	34	38	30	28	38	46	38	54	28	28	26	47	33
Y_scaffold4	780791	39	25	30	27	23	29	28	31	34	27	35	40	30	27	38	46	36	54	27	28	26	47	33
Y_scaffold4	780792	39	25	30	27	23	29	28	31	33	27	35	40	30	27	38	46	37	54	27	27	26	46	33
Y_scaffold4	780793	38	26	30	27	24	29	28	33	33	26	36	39	31	26	38	46	36	54	28	27	27	46	33
Y_scaffold4	780794	38	25	30	27	23	29	27	33	32	27	36	40	31	26	38	46	36	54	28	27	28	44	33
Y_scaffold4	780795	38	26	30	29	23	29	26	33	32	28	36	40	32	26	38	46	35	54	29	27	28	44	33
Y_scaffold4	780796	38	26	30	29	23	30	26	32	32	29	36	39	32	25	38	46	35	53	31	26	28	43	33
Y_scaffold4	780797	38	26	30	29	23	30	25	31	32	29	37	39	32	25	37	47	35	53	31	26	28	43	33
Y_scaffold4	780798	38	27	30	29	23	30	25	31	32	29	36	39	32	25	37	47	35	53	30	26	28	43	33
Y_scaffold4	780799	38	26	30	28	22	30	26	32	32	28	36	38	33	24	37	47	34	54	30	27	28	42	34
Y_scaffold4	780800	38	26	31	28	22	30	26	32	32	27	36	37	33	24	37	47	34	54	30	27	27	42	35
Y_scaffold4	780801	39	27	31	28	23	30	26	31	33	27	37	36	34	23	37	46	33	54	32	27	27	41	36
Y_scaffold4	780802	38	27	31	28	24	30	25	32	32	27	38	36	34	23	37	46	33	54	33	26	27	41	36
Y_scaffold4	780803	37	27	31	28	24	30	25	32	32	26	38	35	34	24	38	45	33	54	33	26	27	41	36
Y_scaffold4	780804	37	27	31	27	24	30	26	32	34	26	38	36	35	25	37	46	33	56	33	26	27	43	37
Y_scaffold4	780805	37	27	32	27	25	29	26	32	34	27	38	36	35	25	37	47	32	56	32	26	28	43	38
Y_scaffold4	780806	37	27	33	27	25	28	25	32	34	27	38	36	35	25	36	47	32	55	33	26	28	44	39
Y_scaffold4	780807	36	26	33	28	24	28	25	32	34	26	37	36	35	25	36	47	31	57	33	26	28	43	40
Y_scaffold4	780808	35	26	33	28	24	28	25	32	34	26	37	36	35	26	36	46	31	57	32	26	27	43	40
Y_scaffold4	780809	35	26	33	28	24	28	25	32	34	26	37	35	35	27	36	46	31	56	32	26	27	43	40
Y_scaffold4	780810	36	26	33	28	24	28	25	34	35	27	37	36	34	28	36	46	30	57	34	26	28	43	40
Y_scaffold4	780811	35	26	31	28	24	28	25	34	34	27	37	37	34	27	35	46	30	56	34	27	28	43	40
Y_scaffold4	780812	36	26	31	28	24	28	26	34	34	27	36	38	33	28	36	45	31	56	36	27	28	42	40
Y_scaffold4	780813	35	25	31	28	24	28	26	34	34	27	35	40	33	28	36	45	31	56	36	27	28	42	40
Y_scaffold4	780814	35	24	31	28	24	28	26	34	35	28	36	40	32	28	35	45	31	58	36	27	28	40	40
Y_scaffold4	780815	35	24	31	28	25	27	26	33	36	29	35	39	32	29	35	44	32	58	37	27	28	41	40
Y_scaffold4	780816	35	24	31	28	25	27	26	32	36	28	36	39	32	30	34	44	31	56	37	27	29	40	40
Y_scaffold4	780817	34	25	31	28	25	26	24	32	37	28	36	39	31	30	33	45	31	56	37	26	29	41	40
Y_scaffold4	780818	33	26	32	27	25	26	24	30	37	28	36	36	32	30	32	46	31	56	37	26	28	40	40
Y_scaffold4	780819	33	26	32	27	24	26	24	30	37	28	36	36	32	28	32	45	31	54	37	26	28	41	41
Y_scaffold4	780820	32	26	30	26	23	25	22	30	38	26	36	35	32	28	31	43	31	55	37	27	28	40	41
Y_scaffold4	780821	32	26	30	26	23	25	22	30	39	26	36	35	32	28	31	44	32	56	37	28	28	40	41
Y_scaffold4	780822	32	26	30	26	22	25	22	30	39	26	36	35	32	28	32	43	34	56	37	28	29	41	41
Y_scaffold4	780823	31	28	30	26	22	25	22	30	39	27	37	36	32	28	33	44	33	57	37	27	29	41	40
Y_scaffold4	780824	31	27	30	26	22	26	22	30	39	27	38	36	32	29	33	44	32	58	38	27	29	41	39
Y_scaffold4	780825	31	26	30	26	21	26	22	30	39	27	37	36	31	29	33	43	32	57	38	27	29	41	38
Y_scaffold4	780826	30	26	29	25	22	26	23	30	38	27	37	36	31	28	34	44	32	56	38	27	30	41	38
Y_scaffold4	780827	30	26	29	25	23	26	23	29	38	27	37	36	31	27	34	45	32	56	38	27	30	39	38
Y_scaffold4	780828	30	26	29	25	23	24	23	28	39	27	37	36	30	28	34	45	32	56	38	27	30	40	38
Y_scaffold4	780829	29	26	29	25	23	24	24	27	40	28	35	36	30	30	36	45	31	55	38	27	30	41	38
Y_scaffold4	780830	29	26	29	25	23	24	24	27	40	28	35	36	30	30	37	45	31	55	38	27	30	41	38
Y_scaffold4	780831	29	26	29	25	23	24	24	27	40	28	34	36	30	29	37	46	31	54	38	26	30	39	38
Y_scaffold4	780832	29	26	29	25	23	25	24	28	39	29	35	37	30	30	36	46	31	54	38	26	32	38	39
Y_scaffold4	780833	27	26	30	24	23	26	24	29	38	29	34	37	30	29	36	46	31	55	38	26	32	38	39
Y_scaffold4	780834	27	25	30	24	23	26	24	29	38	28	34	36	29	29	36	46	31	54	38	26	32	38	39
Y_scaffold4	780835	28	27	30	23	23	26	24	29	38	28	33	37	29	29	35	46	33	54	38	26	31	37	39
Y_scaffold4	780836	28	27	30	24	23	25	24	30	38	27	33	38	29	28	34	47	32	54	38	26	31	37	39
Y_scaffold4	780837	28	26	30	24	23	25	24	31	37	27	33	38	29	27	34	47	33	53	38	26	31	37	39
Y_scaffold4	780838	28	25	30	23	23	24	24	30	36	27	32	36	29	26	35	47	32	53	38	26	31	37	39
Y_scaffold4	780839	29	25	30	22	23	24	24	30	36	27	32	36	29	27	34	46	33	54	37	26	31	37	39
Y_scaffold4	780840	30	24	30	22	23	23	23	30	36	26	31	36	29	27	34	46	32	54	38	26	31	37	38
Y_scaffold4	780841	30	24	30	22	23	24	23	31	36	26	31	36	30	26	34	46	32	54	38	26	31	36	38
Y_scaffold4	780842	29	24	30	22	22	24	23	29	36	26	31	36	29	25	34	46	32	54	38	25	30	36	37
Y_scaffold4	780843	28	26	30	22	22	24	23	29	36	26	31	35	28	26	34	45	32	53	38	24	30	36	37
Y_scaffold4	780844	29	26	29	22	23	24	23	29	35	26	31	35	29	25	33	44	32	54	37	23	29	36	37
Y_scaffold4	780845	29	26	29	22	23	24	23	29	35	26	31	35	28	25	33	44	32	54	36	22	29	36	37
Y_scaffold4	780846	28	26	31	21	23	24	24	29	35	25	31	35	28	25	34	44	32	54	35	22	29	38	37
Y_scaffold4	780847	27	26	31	21	24	24	25	29	35	25	30	35	28	24	35	44	31	51	35	22	28	38	37
Y_scaffold4	780848	27	26	31	21	24	24	24	28	35	26	30	34	26	24	35	44	30	50	36	23	29	39	37
Y_scaffold4	780849	26	25	31	21	23	24	24	28	35	26	30	34	26	24	34	44	30	50	36	23	29	39	37
Y_scaffold4	780850	26	25	30	22	23	24	24	27	35	26	30	34	26	24	35	44	30	49	34	23	30	39	36
Y_scaffold4	780851	26	25	30	22	22	23	24	28	34	26	30	34	26	24	36	44	30	49	34	23	29	39	36
Y_scaffold4	780852	27	25	30	22	23	23	24	28	34	26	31	35	26	24	36	44	29	48	34	23	29	39	35
Y_scaffold4	780853	25	25	30	21	23	25	24	28	34	26	32	35	26	25	37	44	30	48	34	23	28	38	34
Y_scaffold4	780854	25	25	30	21	23	24	24	28	33	26	32	35	26	25	37	42	30	48	34	22	27	37	34
Y_scaffold4	780855	25	25	29	21	23	24	24	28	33	25	32	35	27	25	37	42	30	50	34	23	27	37	34
Y_scaffold4	780856	26	25	29	20	23	23	24	28	33	25	31	35	27	25	37	43	31	50	33	24	27	38	35
Y_scaffold4	780857	26	25	29	20	23	23	25	28	33	25	30	35	27	25	37	43	30	49	33	23	27	37	34
Y_scaffold4	780858	26	25	29	20	23	22	25	28	33	25	29	33	27	26	37	43	30	48	32	23	27	36	34
Y_scaffold4	780859	26	25	29	21	23	22	26	28	33	25	29	33	27	26	37	43	31	49	32	23	27	37	34
Y_scaffold4	780860	26	25	29	21	23	22	25	28	34	25	29	33	27	26	37	44	31	49	32	23	27	37	34
Y_scaffold4	780861	26	25	29	21	23	22	24	28	34	25	27	33	27	26	37	44	31	48	31	23	27	38	34
Y_scaffold4	780862	26	25	28	21	23	21	24	27	34	25	27	33	28	25	37	45	32	49	31	22	27	37	35
Y_scaffold4	780863	26	25	28	21	23	21	24	28	34	25	27	34	28	25	37	45	32	48	31	22	27	37	35
Y_scaffold4	780864	25	24	27	21	23	21	24	28	34	25	27	34	28	25	38	44	32	47	31	21	27	37	35
Y_scaffold4	780865	25	23	26	21	24	21	24	28	34	25	27	34	28	25	39	44	32	47	31	20	27	37	35
Y_scaffold4	780866	25	23	26	21	24	21	24	28	35	25	27	34	28	25	39	44	32	47	31	20	27	37	34
Y_scaffold4	780867	25	23	26	20	24	20	24	28	35	25	27	34	28	25	39	44	31	46	31	19	27	37	33
Y_scaffold4	780868	25	23	26	20	24	20	23	28	35	25	27	34	27	25	39	44	31	45	31	19	27	37	33
Y_scaffold4	780869	25	23	27	20	24	20	24	28	34	25	27	35	27	24	40	44	31	45	31	18	28	37	33
Y_scaffold4	780870	24	24	27	19	24	20	24	28	34	25	27	34	27	24	40	44	30	45	31	18	28	37	33
Y_scaffold4	780871	23	24	27	19	24	20	24	28	34	26	27	34	29	25	40	42	31	45	31	17	28	35	32
Y_scaffold4	780872	23	23	27	19	24	19	24	29	35	26	27	34	30	25	40	42	31	45	31	17	29	36	32
Y_scaffold4	780873	23	23	26	18	24	18	24	29	35	26	26	34	30	25	40	42	31	44	32	17	29	36	32
Y_scaffold4	780874	25	22	26	17	24	19	25	29	35	25	26	33	30	25	40	42	31	44	33	17	29	36	30
Y_scaffold4	780875	25	22	25	17	24	19	25	29	35	25	26	32	30	25	40	42	31	44	33	17	29	36	30
Y_scaffold4	780876	25	22	26	17	24	19	25	28	35	25	27	32	31	25	38	42	31	44	33	17	29	36	30
Y_scaffold4	780877	25	22	26	18	25	19	24	28	36	26	27	31	31	25	38	43	31	44	34	17	29	36	29
Y_scaffold4	780878	26	22	26	18	25	19	24	28	36	25	27	31	31	25	39	43	30	43	34	17	29	37	30
Y_scaffold4	780879	28	22	26	18	25	18	24	28	36	25	28	31	31	25	39	44	30	42	34	20	29	38	29
Y_scaffold4	780880	28	22	26	18	25	18	25	28	36	25	27	31	31	25	38	44	31	42	34	20	27	38	29
Y_scaffold4	780881	28	21	26	17	24	18	25	28	35	25	28	31	29	25	37	44	30	43	34	21	27	38	31
Y_scaffold4	780882	28	21	27	18	24	19	25	28	35	25	28	30	29	25	37	45	30	43	34	21	27	38	32
Y_scaffold4	780883	28	21	28	18	25	19	26	29	35	26	28	31	29	25	36	45	29	44	33	21	27	38	32
Y_scaffold4	780884	28	21	28	16	24	19	26	29	35	26	28	31	29	26	36	45	28	44	34	20	27	38	32
Y_scaffold4	780885	28	21	28	16	25	19	27	29	35	26	29	30	29	26	35	45	28	44	34	20	28	38	32
Y_scaffold4	780886	29	21	27	17	25	19	26	29	35	25	29	30	30	25	34	45	28	45	33	21	28	38	32
Y_scaffold4	780887	28	21	27	17	25	19	27	29	35	26	28	32	30	25	35	46	29	45	33	21	27	39	32
Y_scaffold4	780888	28	20	27	17	25	19	27	29	35	26	28	32	29	25	34	46	28	45	33	21	27	38	32
Y_scaffold4	780889	28	20	27	17	25	19	27	29	35	26	28	32	28	26	34	46	28	44	34	22	27	37	34
Y_scaffold4	780890	28	20	27	17	25	20	27	29	35	26	28	32	28	26	34	46	28	44	34	22	27	37	34
Y_scaffold4	780891	28	20	27	16	26	20	27	29	35	26	28	32	29	26	34	44	28	44	34	23	27	37	35
Y_scaffold4	780892	28	22	27	16	26	20	28	30	37	26	28	32	29	26	35	44	28	43	34	23	27	37	36
Y_scaffold4	780893	28	22	27	16	26	20	29	29	37	26	28	33	29	26	36	43	30	42	34	24	27	37	35
Y_scaffold4	780894	28	22	27	16	26	18	28	29	37	26	28	34	28	26	34	43	29	43	33	24	27	37	35
Y_scaffold4	780895	28	22	27	16	26	18	28	29	38	26	28	33	28	27	35	44	29	43	33	24	27	36	36
Y_scaffold4	780896	28	22	26	16	26	19	28	29	38	26	27	32	28	27	35	44	29	43	32	24	27	38	36
Y_scaffold4	780897	27	22	26	16	26	19	28	29	39	27	27	33	28	27	35	44	29	43	32	23	25	37	36
Y_scaffold4	780898	27	22	26	16	26	19	28	29	39	27	27	33	28	27	36	44	28	43	32	22	25	37	35
Y_scaffold4	780899	27	23	25	16	27	19	28	31	40	27	27	33	29	27	37	44	28	43	32	22	25	36	35
Y_scaffold4	780900	28	23	25	16	27	19	28	31	40	27	27	33	29	27	37	44	29	43	32	22	24	36	35
Y_scaffold4	780901	28	23	26	16	27	19	28	31	40	27	27	33	28	27	38	44	29	43	33	22	24	36	36
Y_scaffold4	780902	28	23	26	17	27	19	28	31	39	27	28	35	29	27	38	44	29	44	33	22	24	36	36
Y_scaffold4	780903	27	23	25	18	27	19	28	30	38	27	28	35	29	27	37	43	29	43	33	22	24	36	36
Y_scaffold4	780904	27	22	25	18	27	19	28	30	38	27	28	35	29	27	37	43	31	43	33	22	23	36	35
Y_scaffold4	780905	27	22	24	18	27	19	28	30	38	27	28	35	28	27	36	44	31	43	33	22	22	36	35
Y_scaffold4	780906	27	21	24	18	26	16	28	30	39	28	27	35	28	26	36	44	32	43	33	24	22	37	35
Y_scaffold4	780907	27	21	23	17	26	17	27	30	39	28	27	35	28	27	38	46	32	43	33	24	22	36	37
Y_scaffold4	780908	27	21	23	19	26	17	27	31	39	28	27	36	28	27	39	46	32	44	34	24	23	36	37
Y_scaffold4	780909	27	21	24	19	26	17	27	31	39	28	27	36	28	27	37	46	32	43	33	25	23	36	37
Y_scaffold4	780910	27	21	24	19	26	17	28	32	39	28	27	37	28	28	37	46	32	43	33	25	23	36	36
Y_scaffold4	780911	26	21	27	19	26	17	28	31	40	29	27	38	28	28	37	46	32	42	33	25	23	36	36
Y_scaffold4	780912	26	21	28	19	26	16	28	32	40	29	27	38	28	28	37	46	32	42	33	26	24	35	36
Y_scaffold4	780913	26	21	28	19	26	16	29	32	40	28	27	39	29	28	37	45	32	41	34	26	24	35	36
Y_scaffold4	780914	26	21	27	19	26	16	29	32	40	27	26	39	29	28	37	45	32	41	33	26	24	35	36
Y_scaffold4	780915	26	21	27	19	26	16	29	31	39	27	27	38	29	28	37	45	33	41	34	26	24	33	36
Y_scaffold4	780916	25	21	27	19	26	16	29	32	37	27	27	38	30	28	37	47	35	41	34	26	24	34	37
Y_scaffold4	780917	26	21	27	19	26	17	28	31	37	26	28	37	30	29	36	48	35	41	35	28	24	35	37
Y_scaffold4	780918	26	21	26	19	25	16	28	31	37	26	28	37	30	29	36	47	35	40	34	28	24	35	37
Y_scaffold4	780919	26	20	26	20	25	16	27	31	37	27	28	38	31	29	36	48	35	40	34	28	24	35	37
Y_scaffold4	780920	24	20	27	19	25	16	25	31	38	27	27	38	31	29	36	48	36	40	35	29	24	36	37
Y_scaffold4	780921	24	20	27	19	25	16	25	32	38	26	26	37	31	29	35	48	36	40	35	29	23	36	37
Y_scaffold4	780922	24	20	27	19	25	16	25	32	38	26	25	37	31	27	36	48	36	40	35	29	22	36	38
Y_scaffold4	780923	24	20	27	19	24	15	25	32	35	29	24	37	30	27	37	48	37	40	35	28	23	36	38
Y_scaffold4	780924	24	20	28	19	24	15	25	32	35	29	24	37	30	28	37	48	37	39	35	27	23	36	38
Y_scaffold4	780925	24	20	28	19	24	14	25	31	35	29	24	37	30	28	36	48	37	38	35	28	23	37	39
Y_scaffold4	780926	24	20	29	20	25	14	25	31	34	29	24	37	30	29	36	49	37	38	36	28	23	40	39
Y_scaffold4	780927	24	20	28	20	24	15	25	31	34	30	24	37	31	29	36	48	38	38	37	28	23	40	38
Y_scaffold4	780928	24	20	28	20	24	16	26	32	33	30	24	37	31	29	36	47	37	38	38	28	23	40	37
Y_scaffold4	780929	24	20	28	20	23	16	26	32	33	30	24	37	31	29	36	45	37	38	39	28	22	40	37
Y_scaffold4	780930	24	20	29	19	23	16	26	32	33	30	24	37	31	29	35	45	37	38	39	28	22	40	37
Y_scaffold4	780931	24	20	29	19	23	17	26	33	33	31	24	38	32	29	35	44	36	39	39	28	21	38	37
Y_scaffold4	780932	24	19	29	19	23	17	24	33	33	30	24	38	32	29	34	44	36	39	39	27	21	38	37
Y_scaffold4	780933	24	20	29	19	23	17	26	35	36	30	24	38	31	29	36	44	35	38	39	27	21	37	38
Y_scaffold4	780934	24	20	29	20	22	17	26	35	36	30	24	38	31	29	36	44	35	38	39	27	20	37	38
Y_scaffold4	780935	25	20	30	20	22	17	26	36	36	30	24	39	31	29	36	43	35	38	38	29	20	37	37
Y_scaffold4	780936	25	20	30	20	22	17	27	35	36	31	24	38	31	29	36	43	35	38	38	29	20	37	37
Y_scaffold4	780937	25	21	30	20	22	17	28	36	35	31	24	38	29	29	36	43	36	38	38	29	20	37	36
Y_scaffold4	780938	25	21	30	21	22	18	28	36	34	32	24	38	30	29	36	43	37	38	38	29	20	39	36
Y_scaffold4	780939	26	21	29	21	21	18	26	35	34	32	23	37	30	29	38	43	37	38	37	29	20	39	36
Y_scaffold4	780940	26	21	29	21	20	18	26	36	34	32	23	36	30	29	38	44	37	39	37	30	20	40	36
Y_scaffold4	780941	25	21	29	21	20	18	25	36	34	32	23	36	30	29	38	43	37	39	37	30	20	40	36
Y_scaffold4	780942	25	20	29	21	20	18	26	35	34	32	23	36	28	30	38	42	36	39	36	30	20	39	36
Y_scaffold4	780943	25	20	29	21	19	18	27	35	34	32	22	36	28	30	40	44	36	40	36	30	19	39	36
Y_scaffold4	780944	25	20	28	19	22	18	27	35	34	30	22	35	27	30	40	44	35	40	36	30	18	39	35
Y_scaffold4	780945	25	20	28	19	23	17	27	36	34	31	22	36	27	33	40	45	36	41	33	30	18	40	35
Y_scaffold4	780946	25	21	28	19	23	17	27	36	33	30	22	36	27	34	40	45	36	41	33	30	18	40	36
Y_scaffold4	780947	26	21	28	19	24	18	27	36	34	29	21	36	27	34	40	44	37	40	34	30	17	40	37
Y_scaffold4	780948	26	20	28	19	24	19	27	36	34	29	21	36	28	34	40	44	37	40	34	31	17	40	37
Y_scaffold4	780949	26	20	28	19	23	19	26	35	34	29	21	36	27	34	41	44	37	39	34	31	17	42	36
Y_scaffold4	780950	27	20	27	19	23	19	26	35	34	29	21	37	27	34	41	44	37	39	34	31	17	42	35
Y_scaffold4	780951	27	19	27	19	22	19	26	35	34	29	20	39	26	34	42	44	39	39	33	31	17	42	34
Y_scaffold4	780952	27	20	27	20	23	19	25	33	33	28	19	39	26	34	43	42	39	39	34	31	17	42	34
Y_scaffold4	780953	27	20	27	20	23	20	25	33	33	28	19	37	26	33	42	42	39	39	34	31	17	41	34
Y_scaffold4	780954	27	20	27	20	24	20	26	33	32	28	19	37	26	32	42	42	39	37	34	31	17	41	33
Y_scaffold4	780955	27	20	27	22	23	20	26	33	32	28	18	38	26	32	43	40	39	39	34	33	16	42	32
Y_scaffold4	780956	26	20	27	22	23	21	27	33	32	28	18	38	26	32	43	40	39	39	34	33	16	40	31
Y_scaffold4	780957	26	20	27	21	24	21	27	32	32	28	18	39	26	32	43	40	39	36	34	33	16	40	31
Y_scaffold4	780958	26	20	27	21	24	21	27	32	32	28	18	39	26	31	45	40	39	36	34	33	16	41	31
Y_scaffold4	780959	26	20	27	21	24	22	27	32	32	28	18	41	27	29	46	40	39	37	32	33	16	40	31
Y_scaffold4	780960	25	22	27	21	24	22	26	31	31	28	18	41	27	29	46	40	39	37	32	33	16	40	31
Y_scaffold4	780961	25	22	27	21	24	22	26	31	31	30	18	42	27	29	45	40	39	37	34	32	16	39	31
Y_scaffold4	780962	24	22	27	21	25	22	27	31	31	30	18	41	27	28	45	40	39	37	32	34	16	39	31
Y_scaffold4	780963	25	22	28	21	25	22	27	31	31	30	17	39	27	28	45	40	39	36	32	34	16	39	31
Y_scaffold4	780964	25	22	28	20	25	23	27	31	30	29	17	39	27	29	45	39	39	35	32	34	16	40	31
Y_scaffold4	780965	25	22	28	20	24	23	27	32	29	29	20	38	27	28	45	39	39	36	32	34	16	39	31
Y_scaffold4	780966	25	22	28	20	25	23	28	32	28	28	19	38	27	27	45	38	39	36	33	34	15	39	30
Y_scaffold4	780967	25	21	28	19	25	23	28	32	29	28	20	38	27	27	45	38	40	36	33	35	15	39	31
Y_scaffold4	780968	25	20	27	19	25	23	28	32	29	29	20	38	26	27	45	38	39	35	33	36	15	38	29
Y_scaffold4	780969	25	20	27	19	25	23	28	32	28	30	20	38	26	27	46	38	39	35	34	35	15	38	29
Y_scaffold4	780970	26	20	27	19	26	23	28	31	29	31	21	38	26	27	46	39	40	34	36	35	15	39	29
Y_scaffold4	780971	26	20	27	19	26	23	28	32	29	31	21	38	26	27	47	38	40	34	37	35	15	39	29
Y_scaffold4	780972	26	18	27	19	26	23	28	33	29	31	20	38	26	27	47	40	38	35	37	36	14	39	30
Y_scaffold4	780973	26	19	28	19	26	23	28	33	29	31	20	37	26	28	46	39	38	34	37	36	14	39	30
Y_scaffold4	780974	26	20	29	19	27	22	28	34	29	31	19	37	26	27	47	40	40	33	36	35	14	38	30
Y_scaffold4	780975	26	20	29	19	26	22	29	35	29	31	19	37	25	28	47	40	40	33	37	34	14	38	31
Y_scaffold4	780976	25	20	29	19	26	22	28	35	29	32	19	37	25	28	47	39	40	33	37	34	13	38	32
Y_scaffold4	780977	25	20	29	20	25	22	28	35	29	32	19	37	25	28	48	38	40	33	37	34	13	38	32
Y_scaffold4	780978	26	20	29	20	25	22	28	35	28	31	19	37	25	26	48	38	40	33	37	34	13	37	32
Y_scaffold4	780979	26	20	29	20	26	23	27	35	28	32	19	40	26	25	45	38	40	34	36	35	14	37	33
Y_scaffold4	780980	26	20	29	20	26	23	27	35	28	32	19	39	27	25	45	37	39	35	35	36	13	37	33
Y_scaffold4	780981	26	20	29	20	26	23	27	34	28	32	19	39	27	25	45	38	39	35	35	36	14	39	33
Y_scaffold4	780982	26	23	29	22	26	22	27	34	29	31	20	39	28	24	46	38	39	35	35	36	13	40	32
Y_scaffold4	780983	26	24	28	22	26	21	28	33	30	31	20	40	28	24	46	38	39	34	35	37	13	40	32
Y_scaffold4	780984	25	22	28	22	26	22	28	33	30	32	21	40	28	24	47	37	38	35	35	37	13	40	32
Y_scaffold4	780985	25	22	28	22	26	22	29	33	30	32	21	39	29	24	47	37	37	36	36	37	13	40	31
Y_scaffold4	780986	25	23	28	21	27	23	29	32	30	32	21	38	29	26	47	36	37	35	35	38	13	40	31
Y_scaffold4	780987	23	23	27	21	27	23	29	31	30	32	21	37	29	25	46	37	36	34	35	38	13	40	30
Y_scaffold4	780988	23	23	27	22	27	23	29	31	30	32	21	37	29	25	46	37	36	34	36	38	13	40	32
Y_scaffold4	780989	23	23	27	22	27	24	29	31	30	32	22	37	30	25	46	38	36	34	38	38	13	40	33
Y_scaffold4	780990	23	23	27	22	27	24	29	31	30	32	22	37	29	25	46	37	36	34	37	38	14	40	33
Y_scaffold4	780991	23	23	27	22	28	23	29	31	30	32	22	38	29	24	46	37	36	35	37	38	15	40	33
Y_scaffold4	780992	23	23	27	22	28	23	29	31	30	32	22	38	29	24	46	37	36	33	37	38	15	40	33
Y_scaffold4	780993	22	22	28	23	27	23	29	31	30	33	22	38	28	24	46	37	37	33	37	38	15	40	33
Y_scaffold4	780994	22	25	28	24	27	23	28	32	30	35	22	40	28	24	46	37	37	33	38	38	15	38	33
Y_scaffold4	780995	22	25	27	24	27	23	27	32	29	35	22	40	28	23	46	37	37	33	38	38	15	39	33
Y_scaffold4	780996	22	24	26	24	27	23	28	32	29	35	22	40	28	23	44	37	37	33	38	39	15	38	34
Y_scaffold4	780997	22	24	27	24	26	23	27	32	29	34	22	40	28	24	44	37	37	34	37	38	15	37	35
Y_scaffold4	780998	22	24	27	24	26	25	27	32	30	34	22	40	28	24	44	37	37	35	37	38	14	37	35
Y_scaffold4	780999	22	24	27	24	26	25	27	32	30	35	22	40	28	24	43	37	37	35	37	38	14	37	35
Y_scaffold4	781000	22	24	27	23	25	25	27	32	29	35	21	40	28	24	42	37	38	35	37	38	13	38	36
Y_scaffold4	781001	22	25	28	23	26	26	27	31	30	35	21	39	28	24	42	37	39	35	38	38	13	38	36
Y_scaffold4	781002	22	25	28	23	26	24	27	31	30	35	21	39	28	24	42	37	39	35	38	38	14	38	36
Y_scaffold4	781003	23	25	28	23	28	24	27	31	30	35	21	40	28	24	41	36	38	35	38	37	15	38	36
Y_scaffold4	781004	23	25	29	23	28	24	27	31	30	35	21	40	28	24	41	36	38	33	38	37	15	38	36
Y_scaffold4	781005	22	26	29	22	28	25	27	31	30	35	22	42	27	25	41	35	39	33	39	37	16	38	36
Y_scaffold4	781006	22	26	29	23	28	25	27	31	30	34	22	42	27	25	42	35	38	33	39	36	16	38	36
Y_scaffold4	781007	22	26	29	23	29	25	26	31	30	34	22	42	27	24	42	35	38	33	39	36	15	38	36
Y_scaffold4	781008	22	27	29	23	29	25	26	32	30	34	22	42	27	24	42	35	38	33	39	36	15	38	36
Y_scaffold4	781009	22	27	29	23	29	25	25	31	30	34	22	42	27	24	42	35	38	32	39	36	15	37	36
Y_scaffold4	781010	22	27	30	24	29	25	25	31	29	34	22	44	28	26	43	36	38	32	40	37	15	38	37
Y_scaffold4	781011	22	27	30	24	29	25	25	31	29	34	22	44	28	26	44	37	38	32	40	37	15	38	37
Y_scaffold4	781012	22	27	30	24	29	25	25	30	29	34	22	44	27	26	44	36	36	31	40	37	15	38	36
Y_scaffold4	781013	23	27	29	24	30	25	25	29	29	35	24	43	28	27	43	36	36	33	41	37	15	38	37
Y_scaffold4	781014	22	27	29	24	30	26	26	30	29	35	24	43	28	27	42	36	37	33	41	37	15	38	37
Y_scaffold4	781015	22	27	29	24	29	26	26	30	28	35	25	44	28	27	42	36	37	33	41	36	16	38	38
Y_scaffold4	781016	22	27	30	24	29	26	27	30	27	35	25	45	29	27	42	37	37	33	41	36	16	38	39
Y_scaffold4	781017	22	28	30	24	29	26	27	30	27	35	25	45	29	27	41	37	37	33	41	36	16	38	39
Y_scaffold4	781018	23	28	30	24	29	26	26	30	27	35	25	44	30	28	41	37	37	34	41	36	15	38	39
Y_scaffold4	781019	23	27	29	24	29	26	26	29	29	35	25	44	31	27	41	37	38	35	41	36	15	38	40
Y_scaffold4	781020	23	27	30	24	28	26	26	29	28	35	26	44	29	26	41	37	37	36	41	36	15	39	40
Y_scaffold4	781021	24	27	30	25	28	26	27	29	28	35	26	44	28	26	41	38	37	36	41	36	15	39	41
Y_scaffold4	781022	22	27	30	25	28	26	27	29	28	35	26	44	28	26	41	38	37	36	41	36	14	39	41
Y_scaffold4	781023	22	28	30	25	28	24	27	29	28	35	26	43	28	26	41	38	37	37	39	36	14	39	41
Y_scaffold4	781024	22	28	30	25	28	24	28	29	28	35	28	43	28	26	41	38	37	37	39	36	14	39	41
Y_scaffold4	781025	22	28	30	25	28	24	29	29	29	35	28	43	27	26	42	37	37	37	38	36	14	39	41
Y_scaffold4	781026	23	28	31	25	27	24	29	28	30	34	28	43	27	26	42	38	37	37	38	37	14	39	42
Y_scaffold4	781027	22	28	31	25	28	24	30	29	29	34	28	43	28	26	42	37	38	37	37	36	14	39	42
Y_scaffold4	781028	21	28	31	25	28	24	30	29	29	34	27	43	28	26	41	36	38	37	37	36	14	38	41
Y_scaffold4	781029	21	28	31	26	28	25	32	30	29	34	27	43	28	26	41	36	39	37	37	35	14	38	42
Y_scaffold4	781030	21	28	31	27	28	26	31	30	29	35	27	43	28	26	41	36	38	37	37	35	14	38	42
Y_scaffold4	781031	21	29	32	27	27	26	31	30	29	35	27	43	28	26	41	36	38	36	37	34	14	38	41
Y_scaffold4	781032	24	29	31	26	27	25	31	30	29	36	27	44	28	26	42	35	39	36	38	35	14	38	40
Y_scaffold4	781033	24	29	31	26	27	25	30	29	29	35	27	44	29	26	45	34	39	35	38	37	14	38	40
Y_scaffold4	781034	24	29	31	26	27	25	30	29	29	35	28	44	29	25	45	33	39	36	37	37	14	38	40
Y_scaffold4	781035	23	29	32	25	27	25	30	29	29	35	27	44	29	25	45	33	39	37	37	37	13	38	41
Y_scaffold4	781036	23	29	33	24	27	25	31	29	29	36	27	44	29	25	47	35	39	36	37	36	14	38	41
Y_scaffold4	781037	23	29	33	24	27	25	30	29	29	35	27	43	29	24	46	35	38	35	37	37	14	37	41
Y_scaffold4	781038	23	31	33	25	28	26	30	29	29	36	28	43	29	24	46	35	38	36	37	37	15	38	41
Y_scaffold4	781039	23	31	33	25	28	26	30	29	29	36	28	43	30	24	46	35	38	36	36	36	15	38	39
Y_scaffold4	781040	23	31	33	25	28	25	30	29	29	36	29	43	31	24	46	36	38	36	36	36	15	38	40
Y_scaffold4	781041	22	30	33	25	27	26	29	30	29	36	29	44	30	24	45	36	39	36	36	35	15	37	39
Y_scaffold4	781042	22	30	34	25	27	26	30	29	27	37	29	44	31	24	45	37	39	36	36	35	15	37	38
Y_scaffold4	781043	22	30	34	25	27	26	29	29	27	37	29	44	32	24	44	38	37	36	35	34	16	38	38
Y_scaffold4	781044	22	32	35	26	27	27	29	29	27	37	30	43	32	24	45	39	37	36	35	34	16	40	38
Y_scaffold4	781045	22	32	36	26	28	28	29	29	26	37	30	43	32	24	44	38	37	36	35	34	16	40	37
Y_scaffold4	781046	22	32	36	26	27	27	29	29	29	37	30	43	32	25	44	38	37	37	35	34	16	38	37
Y_scaffold4	781047	21	31	36	26	27	27	29	30	27	36	30	42	32	25	44	38	36	37	35	34	17	39	37
Y_scaffold4	781048	21	31	36	26	27	27	29	29	27	36	30	42	31	25	42	38	37	37	36	34	18	39	37
Y_scaffold4	781049	22	31	36	26	27	27	29	29	27	36	30	42	31	25	43	38	37	36	36	34	18	40	37
Y_scaffold4	781050	24	31	36	27	27	27	30	29	28	36	30	42	31	26	44	39	39	37	37	34	18	40	37
Y_scaffold4	781051	24	31	35	28	27	27	30	29	28	37	30	42	31	27	43	40	39	38	36	35	18	40	37
Y_scaffold4	781052	24	31	35	29	28	27	30	30	28	37	30	41	30	27	43	40	39	37	36	35	18	40	37
Y_scaffold4	781053	24	31	36	29	28	28	30	31	27	37	30	41	30	27	43	40	39	37	36	35	18	41	37
Y_scaffold4	781054	24	31	36	29	28	28	30	32	26	37	32	41	30	27	44	39	36	37	36	35	18	41	37
Y_scaffold4	781055	25	31	36	29	28	29	29	33	26	37	32	41	30	27	44	38	36	37	36	35	18	41	37
Y_scaffold4	781056	25	31	36	28	28	29	29	33	27	36	33	41	30	28	44	38	36	37	36	34	19	40	37
Y_scaffold4	781057	27	31	36	27	28	28	30	32	27	36	34	41	30	27	41	36	37	38	35	34	18	41	36
Y_scaffold4	781058	27	31	36	26	28	28	30	32	27	36	34	40	30	27	40	36	38	37	35	34	18	42	37
Y_scaffold4	781059	29	31	34	26	28	28	29	31	28	36	35	40	30	26	40	36	39	38	36	34	18	42	36
Y_scaffold4	781060	29	31	34	26	28	28	29	31	29	35	35	38	30	26	40	36	39	38	36	34	18	43	36
Y_scaffold4	781061	29	31	32	26	28	28	29	31	28	35	36	38	30	26	40	35	40	38	36	34	18	43	38
Y_scaffold4	781062	29	31	31	26	28	28	30	30	28	35	36	38	30	26	40	35	39	38	36	33	18	43	40
Y_scaffold4	781063	29	31	31	26	28	28	31	31	28	35	36	37	30	26	40	36	39	38	36	33	18	42	40
Y_scaffold4	781064	32	31	31	26	29	28	31	31	28	35	37	37	29	26	40	34	36	38	35	34	19	41	39
Y_scaffold4	781065	32	32	31	26	30	28	31	30	28	35	37	37	29	26	40	34	36	38	35	34	19	43	39
Y_scaffold4	781066	31	32	31	26	30	28	31	30	28	35	37	37	29	26	40	35	36	38	36	34	20	44	39
Y_scaffold4	781067	32	32	31	26	30	27	31	30	28	36	36	37	29	25	40	35	36	38	35	33	20	43	38
Y_scaffold4	781068	32	32	31	26	30	27	31	30	28	36	35	36	29	25	40	35	36	38	36	33	20	43	38
Y_scaffold4	781069	32	34	30	25	30	27	31	30	28	35	36	36	28	25	41	34	36	39	36	33	20	43	38
Y_scaffold4	781070	32	34	29	25	30	27	31	30	27	35	36	36	28	25	41	34	35	39	35	32	20	43	38
Y_scaffold4	781071	32	34	29	26	31	27	31	29	27	34	36	36	29	25	40	33	35	39	35	32	20	43	38
Y_scaffold4	781072	32	34	29	26	31	27	31	30	27	35	36	36	30	25	39	33	34	40	36	32	19	44	37
Y_scaffold4	781073	33	35	29	26	31	27	31	30	27	34	36	37	29	26	39	34	35	40	36	32	19	43	38
Y_scaffold4	781074	34	34	28	26	31	28	31	30	27	34	36	37	29	24	40	33	36	41	35	32	19	41	38
Y_scaffold4	781075	34	34	28	25	31	28	31	29	27	34	36	37	29	25	41	32	36	41	35	31	19	40	37
Y_scaffold4	781076	34	34	27	26	31	27	31	30	27	32	36	36	28	25	41	32	35	41	34	31	19	40	37
Y_scaffold4	781077	34	34	27	26	33	27	31	30	26	32	37	36	28	25	41	33	35	41	34	32	19	42	38
Y_scaffold4	781078	34	34	27	27	33	26	31	29	26	32	36	36	28	25	41	33	35	41	33	32	19	43	38
Y_scaffold4	781079	34	34	27	27	34	26	31	29	27	32	35	36	27	26	41	33	35	41	32	32	19	43	38
Y_scaffold4	781080	34	34	27	27	34	26	31	28	28	31	35	36	26	26	42	33	35	42	32	32	19	43	38
Y_scaffold4	781081	34	34	27	29	34	25	31	28	27	31	35	35	26	27	42	33	36	42	32	32	19	44	39
Y_scaffold4	781082	34	34	28	29	34	25	31	28	27	31	36	35	26	27	43	33	36	42	32	32	19	45	39
Y_scaffold4	781083	34	33	27	28	34	25	27	27	26	31	36	35	26	27	41	33	36	40	33	32	19	47	39
Y_scaffold4	781084	33	33	27	28	34	25	27	26	26	31	36	35	26	27	41	34	36	40	34	31	19	47	39
Y_scaffold4	781085	34	33	27	28	34	25	27	26	26	31	36	34	26	27	41	34	36	41	34	30	19	47	39
Y_scaffold4	781086	33	32	27	27	34	25	26	26	27	31	36	35	26	27	41	34	36	41	33	30	19	47	39
Y_scaffold4	781087	33	32	27	27	34	25	27	26	27	31	36	35	26	28	42	35	35	43	33	30	19	48	39
Y_scaffold4	781088	33	32	28	26	34	24	27	26	27	30	36	35	25	28	42	35	34	43	33	30	20	46	39
Y_scaffold4	781089	32	32	28	26	34	24	27	26	27	30	36	35	25	29	40	35	34	43	34	30	20	46	39
Y_scaffold4	781090	32	32	28	26	34	24	27	25	27	31	37	36	25	29	40	34	34	42	35	29	20	45	39
Y_scaffold4	781091	32	32	28	26	34	24	27	25	27	31	37	36	25	29	41	35	34	42	35	29	20	45	39
Y_scaffold4	781092	32	32	29	26	34	24	26	25	26	31	37	37	26	30	40	35	35	43	36	29	21	47	40
Y_scaffold4	781093	33	31	29	26	31	24	27	25	26	31	37	38	26	30	39	34	35	42	36	29	21	47	42
Y_scaffold4	781094	35	31	31	26	32	24	28	26	26	32	38	38	26	30	39	34	36	42	36	30	21	49	42
Y_scaffold4	781095	35	30	31	27	31	24	28	25	26	31	38	38	26	27	40	33	35	41	36	30	21	48	42
Y_scaffold4	781096	35	30	31	27	31	24	28	25	27	31	38	38	26	27	40	33	35	41	37	30	21	48	41
Y_scaffold4	781097	35	30	31	27	30	22	27	25	26	31	38	38	26	27	40	32	34	40	37	29	21	48	40
Y_scaffold4	781098	35	30	31	27	31	22	27	25	26	31	38	38	26	27	39	32	34	40	37	29	22	48	40
Y_scaffold4	781099	35	32	31	27	30	22	27	25	26	31	39	40	26	27	39	32	33	41	37	29	22	47	40
Y_scaffold4	781100	34	32	31	27	30	22	27	25	26	31	39	39	27	27	39	32	32	40	36	29	22	47	40
Y_scaffold4	781101	33	32	31	27	30	22	27	25	25	31	39	37	27	27	38	32	32	40	36	29	22	47	40
Y_scaffold4	781102	34	31	31	26	29	22	27	26	25	32	40	37	26	27	38	34	33	40	34	29	24	48	40
Y_scaffold4	781103	34	31	32	26	29	22	29	26	25	32	42	37	26	27	38	34	33	40	35	29	24	48	40
Y_scaffold4	781104	34	31	32	26	28	22	29	26	26	32	42	37	26	27	38	34	33	39	35	28	24	47	40
Y_scaffold4	781105	34	31	31	24	28	21	30	26	25	31	42	36	26	27	39	35	33	38	35	29	24	47	40
Y_scaffold4	781106	35	31	30	24	28	22	29	26	26	31	42	35	26	28	39	35	33	38	34	30	24	48	40
Y_scaffold4	781107	35	31	30	24	27	21	29	26	26	31	42	35	26	28	39	35	34	39	34	31	24	48	40
Y_scaffold4	781108	36	31	31	24	27	22	29	26	26	31	42	35	27	28	38	36	34	39	34	31	24	47	40
Y_scaffold4	781109	36	31	32	24	27	21	29	26	27	31	42	33	27	28	37	36	34	38	35	31	24	48	40
Y_scaffold4	781110	36	29	32	25	28	21	30	26	27	29	42	34	27	28	37	36	34	40	33	31	23	48	41
Y_scaffold4	781111	36	29	33	25	28	21	31	26	27	28	42	33	27	28	37	36	35	40	33	32	23	48	41
Y_scaffold4	781112	35	29	33	25	27	21	30	26	28	28	44	33	27	28	37	36	35	40	33	30	23	49	41
Y_scaffold4	781113	35	29	32	25	28	21	30	26	29	29	44	34	27	27	37	36	35	40	33	31	23	50	41
Y_scaffold4	781114	35	29	32	25	28	20	30	26	30	29	44	34	29	27	37	37	35	40	33	31	23	50	41
Y_scaffold4	781115	36	29	33	25	28	21	30	25	30	28	42	34	29	27	37	38	34	40	32	31	23	50	41
Y_scaffold4	781116	36	29	33	25	27	22	29	25	31	28	41	34	29	27	38	38	33	39	31	29	23	49	41
Y_scaffold4	781117	36	29	33	25	27	22	29	25	31	28	41	34	29	28	38	38	33	40	31	29	23	49	40
Y_scaffold4	781118	36	29	33	26	27	22	30	25	31	27	41	35	29	28	38	40	33	40	31	29	23	49	41
Y_scaffold4	781119	35	30	33	26	27	22	30	25	31	25	41	35	29	28	37	39	32	40	29	29	23	49	40
Y_scaffold4	781120	37	30	34	26	26	22	31	25	30	25	40	35	29	28	38	42	32	40	30	28	24	48	40
Y_scaffold4	781121	37	30	34	26	26	22	31	23	29	25	40	35	29	28	38	40	32	38	30	28	24	48	39
Y_scaffold4	781122	37	31	34	26	27	22	31	23	29	25	40	35	29	28	37	41	32	38	31	27	24	48	41
Y_scaffold4	781123	37	29	33	27	26	22	31	23	29	24	42	35	29	27	38	41	31	39	31	27	24	49	41
Y_scaffold4	781124	37	29	34	27	27	22	33	23	29	26	42	36	29	27	38	41	30	39	31	27	24	50	41
Y_scaffold4	781125	37	30	34	27	28	22	32	23	29	26	43	36	29	26	39	41	30	39	31	27	24	50	41
Y_scaffold4	781126	36	30	34	26	28	23	32	23	29	25	43	36	28	27	37	41	30	39	32	27	24	50	40
Y_scaffold4	781127	36	30	34	26	28	23	32	23	29	25	43	37	28	27	37	41	31	39	32	27	25	51	40
Y_scaffold4	781128	36	32	34	27	30	24	32	24	29	25	43	36	28	27	38	42	32	38	32	27	25	51	40
Y_scaffold4	781129	37	32	35	27	29	23	33	24	29	24	43	34	27	27	39	41	34	37	34	25	23	48	41
Y_scaffold4	781130	37	32	35	27	29	23	33	25	29	24	43	34	27	27	39	43	35	38	35	25	23	49	41
Y_scaffold4	781131	37	31	35	27	29	23	33	25	29	24	43	35	28	29	40	45	35	38	35	25	23	50	42
Y_scaffold4	781132	37	29	35	25	29	23	33	25	28	24	41	35	27	29	41	45	36	38	35	25	23	49	42
Y_scaffold4	781133	38	28	35	25	29	24	32	25	27	24	41	34	27	29	42	45	36	38	35	24	23	49	42
Y_scaffold4	781134	39	28	35	25	31	25	32	25	27	23	40	36	28	30	41	45	37	39	36	24	24	50	43
Y_scaffold4	781135	39	27	35	25	30	24	31	25	27	23	40	36	28	29	41	46	38	39	36	24	24	50	43
Y_scaffold4	781136	39	28	35	25	30	25	31	27	28	23	40	36	29	28	41	45	37	40	36	24	24	50	45
Y_scaffold4	781137	40	30	35	25	30	25	31	27	28	23	40	36	31	28	41	45	37	40	36	24	24	50	45
Y_scaffold4	781138	41	30	35	24	30	25	31	27	28	23	40	36	30	28	43	45	37	40	36	24	24	50	43
Y_scaffold4	781139	41	30	36	24	30	24	31	29	29	23	40	36	30	28	45	44	38	41	34	24	24	50	43
Y_scaffold4	781140	41	30	36	24	31	25	32	30	29	23	40	35	30	29	45	44	38	40	34	24	23	51	43
Y_scaffold4	781141	41	30	36	24	30	25	32	29	29	23	41	35	29	29	45	44	39	40	34	24	22	51	43
Y_scaffold4	781142	41	30	36	24	30	26	33	29	29	23	41	35	30	29	45	44	39	40	34	24	23	52	43
Y_scaffold4	781143	41	29	35	24	30	26	33	29	29	22	41	32	30	29	45	44	39	40	34	24	23	52	43
Y_scaffold4	781144	41	27	35	24	31	26	33	28	29	20	41	32	30	29	45	45	39	40	34	24	23	52	43
Y_scaffold4	781145	41	27	35	24	31	26	33	28	29	21	41	32	31	30	45	45	39	40	34	24	23	52	43
Y_scaffold4	781146	41	28	36	24	31	26	34	28	29	21	41	33	31	30	45	46	40	40	34	24	23	53	42
Y_scaffold4	781147	42	28	35	24	31	26	36	28	31	22	42	33	31	30	46	46	41	39	36	24	23	53	41
Y_scaffold4	781148	41	28	35	24	31	24	37	28	31	21	42	32	31	30	46	48	42	39	37	24	23	52	41
Y_scaffold4	781149	42	28	35	25	31	24	38	28	31	21	42	33	31	30	46	47	41	40	37	24	23	53	40
Y_scaffold4	781150	42	29	36	25	31	24	38	28	31	21	42	33	32	30	47	48	42	40	37	24	23	54	40
Y_scaffold4	781151	42	28	35	25	30	23	38	28	30	21	42	33	32	30	47	48	42	41	36	25	22	54	40
Y_scaffold4	781152	42	28	35	25	30	23	38	29	32	22	41	33	33	30	48	49	43	41	36	25	22	54	41
Y_scaffold4	781153	42	29	35	25	28	23	38	29	32	22	41	32	34	30	48	50	43	41	36	26	21	54	41
Y_scaffold4	781154	42	29	35	25	28	23	38	30	32	22	41	33	34	30	48	50	44	41	36	26	21	53	41
Y_scaffold4	781155	42	28	35	25	28	22	38	30	32	22	40	32	34	29	48	50	43	41	35	26	20	53	41
Y_scaffold4	781156	42	28	35	24	28	22	38	30	32	22	40	31	34	29	47	52	43	42	35	27	21	53	40
Y_scaffold4	781157	42	29	34	24	27	22	38	30	33	22	41	31	34	27	47	51	43	42	35	26	22	55	40
Y_scaffold4	781158	42	29	34	23	28	22	38	30	34	22	42	29	34	27	47	51	43	43	36	26	22	54	41
Y_scaffold4	781159	42	29	34	23	28	22	38	30	35	23	41	29	33	27	45	50	44	43	36	27	22	55	40
Y_scaffold4	781160	42	30	34	23	29	22	39	32	36	23	41	29	33	28	46	51	44	43	36	27	22	55	40
Y_scaffold4	781161	42	30	35	23	30	22	39	32	36	24	40	29	32	27	46	52	45	41	36	27	22	55	40
Y_scaffold4	781162	42	30	35	24	31	22	39	32	36	24	39	30	33	28	47	53	45	41	35	27	23	55	42
Y_scaffold4	781163	41	30	36	24	30	22	39	32	36	24	41	30	34	28	48	53	45	41	35	27	23	56	42
Y_scaffold4	781164	41	30	36	24	30	21	38	31	37	24	41	30	34	28	48	53	44	41	35	27	23	56	41
Y_scaffold4	781165	41	30	36	24	30	22	38	31	37	24	40	29	34	28	48	53	44	41	35	27	22	57	41
Y_scaffold4	781166	41	30	35	24	30	22	37	31	37	24	40	29	33	28	48	52	44	41	35	27	22	57	40
Y_scaffold4	781167	41	29	36	25	30	22	37	31	37	24	40	30	33	28	48	52	45	40	36	28	22	57	40
Y_scaffold4	781168	40	29	37	25	31	22	38	31	37	24	40	30	33	27	48	52	45	41	36	28	23	58	41
Y_scaffold4	781169	40	29	36	25	31	22	38	31	35	24	40	30	32	27	48	52	44	40	36	28	23	58	41
Y_scaffold4	781170	40	29	36	25	31	22	38	31	35	24	39	30	32	27	48	52	44	40	37	28	22	58	40
Y_scaffold4	781171	39	29	36	24	30	22	38	31	36	23	39	30	32	27	48	52	44	41	37	28	22	59	40
Y_scaffold4	781172	39	28	36	24	30	22	38	31	36	24	39	30	32	28	48	52	44	41	37	28	23	60	40
Y_scaffold4	781173	39	28	36	24	30	22	39	31	36	24	40	31	32	28	49	52	44	40	37	28	23	60	40
Y_scaffold4	781174	39	28	36	24	30	23	38	32	35	24	39	31	32	28	48	52	44	40	37	28	23	60	41
Y_scaffold4	781175	39	28	36	24	30	23	37	32	35	24	38	31	32	28	47	52	44	40	37	28	23	60	41
Y_scaffold4	781176	39	28	34	23	30	23	39	32	34	24	38	33	32	28	48	51	43	40	37	27	23	60	40
Y_scaffold4	781177	39	29	34	23	29	22	38	30	34	24	38	33	31	28	48	51	43	41	37	26	23	60	40
Y_scaffold4	781178	38	29	35	22	29	22	37	30	34	24	39	33	32	28	48	51	42	41	38	26	23	59	40
Y_scaffold4	781179	38	29	36	21	29	22	36	30	36	24	39	33	32	28	48	52	42	41	38	26	23	59	39
Y_scaffold4	781180	37	29	36	21	30	21	36	30	36	25	40	33	32	28	48	53	43	41	39	26	23	59	39
Y_scaffold4	781181	35	28	35	21	30	21	36	30	36	25	40	33	32	28	47	53	42	41	39	27	24	59	38
Y_scaffold4	781182	35	29	34	21	31	22	37	30	36	24	40	33	32	28	47	54	42	41	38	27	24	60	38
Y_scaffold4	781183	35	29	35	23	31	22	37	30	36	24	40	32	31	28	47	54	43	42	38	25	24	60	38
Y_scaffold4	781184	35	29	34	23	31	22	36	30	36	24	39	32	33	28	46	55	43	40	38	25	24	60	37
Y_scaffold4	781185	35	30	34	23	32	22	36	30	36	23	39	32	33	28	46	55	43	41	39	25	24	60	37
Y_scaffold4	781186	35	30	33	23	32	22	35	30	36	24	39	33	33	28	45	54	43	41	39	25	23	60	37
Y_scaffold4	781187	35	30	33	23	33	22	35	30	36	24	40	32	32	28	45	53	43	42	39	24	23	60	37
Y_scaffold4	781188	36	28	33	22	32	21	35	30	36	23	39	33	33	28	45	53	43	41	40	24	22	59	37
Y_scaffold4	781189	36	28	33	22	32	22	35	30	36	23	39	33	33	27	45	53	43	41	40	24	22	59	37
Y_scaffold4	781190	37	29	33	22	34	22	35	30	37	23	38	33	32	28	45	52	43	41	40	24	22	59	38
Y_scaffold4	781191	37	28	32	22	34	21	34	30	37	22	38	32	31	28	46	51	42	42	40	24	22	58	38
Y_scaffold4	781192	37	28	31	24	34	21	34	30	37	22	39	31	30	28	46	50	42	43	40	24	21	58	38
Y_scaffold4	781193	37	27	31	23	35	21	35	31	37	22	39	33	30	28	46	50	42	42	40	24	21	57	37
Y_scaffold4	781194	38	26	32	25	34	20	35	31	37	22	37	33	30	28	46	49	42	42	40	25	21	56	37
Y_scaffold4	781195	38	26	31	25	34	19	35	31	37	22	38	33	30	27	46	49	42	44	40	25	21	56	37
Y_scaffold4	781196	38	26	31	25	34	20	35	31	34	22	38	33	30	27	46	50	42	43	40	25	21	56	37
Y_scaffold4	781197	38	26	32	25	34	20	36	29	34	22	40	33	30	27	48	51	42	43	41	25	20	55	36
Y_scaffold4	781198	37	26	32	25	36	20	36	29	34	22	40	33	30	27	47	51	41	43	41	25	20	55	37
Y_scaffold4	781199	35	26	32	24	36	20	37	29	34	23	40	33	30	26	46	50	41	43	41	25	20	54	37
Y_scaffold4	781200	34	26	32	24	36	20	37	30	34	23	40	33	31	27	47	49	40	42	41	24	20	54	37
Y_scaffold4	781201	34	26	32	24	36	20	37	30	34	22	40	33	31	26	47	49	40	42	41	24	20	54	37
Y_scaffold4	781202	34	26	32	22	35	21	37	29	34	22	39	32	31	26	47	49	40	42	41	24	20	54	37
Y_scaffold4	781203	34	26	31	22	35	20	37	28	34	22	39	32	31	26	47	49	40	43	41	24	20	52	37
Y_scaffold4	781204	35	26	31	22	35	20	37	28	34	22	38	32	31	26	47	51	41	43	41	23	20	53	37
Y_scaffold4	781205	34	27	31	22	35	20	37	27	33	22	38	32	31	26	47	51	41	44	41	23	20	54	36
Y_scaffold4	781206	35	27	32	22	35	20	38	29	33	22	37	32	31	25	47	51	41	44	41	24	19	54	37
Y_scaffold4	781207	33	27	32	22	35	20	37	30	33	22	37	32	31	25	47	53	39	43	41	26	21	53	36
Y_scaffold4	781208	35	27	32	22	35	20	38	30	33	23	38	32	31	25	48	53	39	43	41	25	21	53	37
Y_scaffold4	781209	33	27	32	22	35	20	38	30	32	23	39	32	31	25	49	53	39	42	40	25	21	52	37
Y_scaffold4	781210	33	27	32	22	36	20	38	30	31	24	39	32	31	25	49	54	39	42	40	25	22	53	37
Y_scaffold4	781211	33	27	32	22	36	20	38	30	31	23	38	32	31	25	50	55	39	42	40	25	22	54	35
Y_scaffold4	781212	33	29	32	22	36	20	37	30	31	23	38	32	31	25	50	55	39	42	40	25	21	54	34
Y_scaffold4	781213	33	29	33	23	36	21	36	29	33	23	38	32	30	27	51	55	39	43	39	25	21	54	35
Y_scaffold4	781214	30	29	34	23	34	21	36	29	33	24	36	33	30	27	52	55	39	43	39	24	21	54	35
Y_scaffold4	781215	30	28	34	23	34	21	36	29	33	24	36	33	30	27	52	55	39	43	38	25	20	52	35
Y_scaffold4	781216	29	28	34	23	35	21	37	31	33	23	37	33	30	28	52	53	39	43	38	24	21	52	35
Y_scaffold4	781217	29	28	34	23	35	21	38	31	33	23	38	33	30	28	53	53	39	43	38	24	21	52	35
Y_scaffold4	781218	29	28	34	23	35	21	38	31	34	23	39	33	30	28	53	53	39	43	38	24	21	53	35
Y_scaffold4	781219	29	26	34	23	35	21	38	31	34	23	38	32	30	28	52	53	39	42	38	24	21	52	35
Y_scaffold4	781220	29	26	35	23	36	21	38	31	35	23	38	32	30	28	52	53	39	42	38	24	21	53	35
Y_scaffold4	781221	29	26	36	22	35	21	38	31	35	23	38	32	30	28	52	53	39	42	40	24	21	53	35
Y_scaffold4	781222	30	26	36	22	36	21	39	31	35	23	40	34	30	28	52	53	39	42	40	24	21	52	35
Y_scaffold4	781223	30	25	36	23	36	21	39	31	35	22	40	33	30	27	52	52	37	42	40	24	21	52	34
Y_scaffold4	781224	29	25	36	23	36	20	39	31	35	22	40	33	30	28	51	52	38	41	40	24	21	52	34
Y_scaffold4	781225	29	25	35	23	37	20	39	31	35	22	41	33	30	28	50	52	38	44	41	24	22	53	35
Y_scaffold4	781226	30	25	35	22	35	20	39	29	35	22	41	33	30	28	52	51	38	44	42	23	22	53	35
Y_scaffold4	781227	30	26	35	22	34	21	38	29	35	22	42	34	30	29	52	51	38	44	42	23	22	51	35
Y_scaffold4	781228	30	26	35	21	33	21	38	29	34	22	42	34	30	28	52	51	38	44	42	23	23	51	35
Y_scaffold4	781229	31	27	34	21	33	21	38	29	33	23	42	34	30	28	51	51	38	45	42	23	23	51	35
Y_scaffold4	781230	31	28	34	21	33	21	38	29	33	23	42	34	30	28	50	51	38	45	42	24	23	51	35
Y_scaffold4	781231	31	29	33	19	33	21	38	29	33	23	42	34	30	28	50	51	37	44	42	24	23	51	34
Y_scaffold4	781232	31	29	33	21	33	22	39	30	33	23	41	34	30	28	49	51	37	44	41	24	23	48	34
Y_scaffold4	781233	31	29	34	21	33	22	39	31	33	22	41	35	30	28	50	51	37	44	41	24	23	48	34
Y_scaffold4	781234	31	30	34	21	33	22	39	31	33	22	41	35	30	28	50	51	37	44	40	25	23	48	34
Y_scaffold4	781235	30	30	34	21	33	22	39	30	33	22	41	35	30	28	50	52	37	43	40	25	23	48	34
Y_scaffold4	781236	31	31	34	21	33	23	39	30	33	23	42	35	30	28	51	53	37	43	40	25	23	48	34
Y_scaffold4	781237	31	31	34	21	33	23	38	30	33	23	44	35	30	27	50	52	37	41	40	25	23	47	34
Y_scaffold4	781238	31	32	33	21	33	23	38	30	33	23	45	35	31	26	50	52	37	42	39	25	22	47	34
Y_scaffold4	781239	31	32	33	21	34	23	38	30	33	22	45	34	32	26	51	52	38	42	38	25	22	47	34
Y_scaffold4	781240	32	32	33	21	35	23	38	30	34	22	45	34	31	24	50	51	37	42	38	25	21	46	33
Y_scaffold4	781241	32	32	34	21	35	23	38	30	36	22	45	35	32	25	50	51	37	42	38	26	21	46	33
Y_scaffold4	781242	33	33	34	21	35	23	38	30	36	22	45	34	32	25	50	53	37	41	38	26	21	47	33
Y_scaffold4	781243	32	34	35	21	37	23	38	30	36	24	45	33	33	25	50	52	37	41	38	26	22	48	31
Y_scaffold4	781244	30	34	33	21	36	23	37	29	36	24	44	33	34	25	50	52	36	41	38	26	22	46	31
Y_scaffold4	781245	30	34	35	20	36	23	39	30	37	24	45	33	33	25	49	53	36	42	38	26	22	46	31
Y_scaffold4	781246	30	34	36	20	37	23	39	30	36	24	45	33	33	24	50	53	36	43	38	26	22	47	31
Y_scaffold4	781247	29	33	36	20	36	24	39	31	36	24	45	32	32	24	50	53	36	43	38	25	21	46	31
Y_scaffold4	781248	29	33	36	21	36	24	40	31	36	24	44	32	32	24	51	53	36	42	38	25	21	46	32
Y_scaffold4	781249	29	34	36	21	36	24	40	31	36	24	44	32	32	24	51	53	36	42	39	26	22	46	32
Y_scaffold4	781250	29	34	36	21	36	24	40	30	36	25	44	32	31	24	50	53	35	42	40	26	22	45	32
Y_scaffold4	781251	29	34	36	21	36	24	41	30	37	25	45	32	31	25	50	51	37	42	40	26	22	45	32
Y_scaffold4	781252	28	34	37	21	36	25	41	30	37	25	45	32	31	25	50	52	37	43	42	26	20	46	32
Y_scaffold4	781253	28	34	35	22	36	24	39	30	36	26	43	34	31	25	50	53	37	43	41	26	20	46	32
Y_scaffold4	781254	28	34	35	23	36	24	39	30	36	27	43	34	31	25	50	53	38	43	41	26	20	46	32
