Y_scaffold4	768700	30	30	28	30	31	21	28	31	26	28	32	29	39	26	45	38	31	41	36	25	30	45	41
Y_scaffold4	768701	31	30	27	30	30	19	29	30	25	29	32	30	37	26	45	40	31	41	36	25	28	44	41
Y_scaffold4	768702	30	29	27	30	30	19	29	30	25	29	32	30	37	26	45	40	32	42	36	25	28	44	41
Y_scaffold4	768703	30	29	27	30	30	19	29	31	25	30	32	30	37	27	46	40	32	42	36	25	28	45	41
Y_scaffold4	768704	31	30	26	28	30	19	29	31	24	30	32	30	36	27	46	41	32	41	35	25	27	46	41
Y_scaffold4	768705	30	30	28	28	30	20	29	31	24	30	32	30	38	28	47	41	33	41	35	25	27	45	41
Y_scaffold4	768706	31	31	28	28	30	20	31	31	24	30	32	31	38	27	47	41	33	41	35	25	26	46	41
Y_scaffold4	768707	31	31	28	28	30	21	31	31	24	30	32	32	39	27	48	41	33	40	35	25	26	46	41
Y_scaffold4	768708	31	33	27	27	30	20	30	32	24	29	32	32	39	27	48	41	35	39	36	24	27	46	41
Y_scaffold4	768709	31	33	26	27	30	20	30	32	25	29	32	32	39	27	48	40	35	38	35	24	27	47	42
Y_scaffold4	768710	31	33	26	27	30	20	30	32	25	28	32	31	39	27	48	39	34	38	35	24	27	46	42
Y_scaffold4	768711	32	34	26	28	30	20	30	33	25	28	32	32	41	27	48	39	34	38	35	24	26	46	42
Y_scaffold4	768712	32	34	25	28	30	21	30	34	25	28	33	31	41	28	50	38	33	38	35	24	26	45	42
Y_scaffold4	768713	33	34	24	27	30	21	30	35	25	29	33	31	41	28	50	38	32	38	34	24	26	44	42
Y_scaffold4	768714	33	34	24	27	30	22	30	34	26	29	33	33	41	29	50	37	32	39	35	24	26	44	43
Y_scaffold4	768715	33	34	24	26	30	22	30	34	26	29	32	32	40	29	50	37	32	39	35	24	27	44	44
Y_scaffold4	768716	33	33	24	26	32	22	30	34	26	29	32	32	40	27	51	37	32	39	36	23	27	45	44
Y_scaffold4	768717	32	33	24	26	32	22	30	34	26	29	32	32	40	27	51	37	33	40	36	23	27	47	43
Y_scaffold4	768718	32	33	23	27	32	22	30	34	26	29	32	32	40	27	52	38	33	39	36	23	27	47	43
Y_scaffold4	768719	32	34	23	26	32	22	30	34	26	28	32	32	40	26	52	38	33	39	35	22	27	46	44
Y_scaffold4	768720	32	32	22	26	32	22	28	33	26	29	32	30	40	25	51	37	33	39	36	21	27	46	44
Y_scaffold4	768721	33	32	23	27	32	22	29	34	26	29	33	30	40	25	50	37	33	39	36	21	26	45	44
Y_scaffold4	768722	32	32	23	26	31	22	29	33	26	29	33	30	40	25	50	37	33	37	36	20	26	45	44
Y_scaffold4	768723	31	32	22	24	30	20	29	33	26	29	33	30	40	26	50	37	33	38	36	20	25	45	43
Y_scaffold4	768724	31	31	22	24	30	21	29	33	23	27	33	30	39	25	51	37	34	37	36	20	25	45	43
Y_scaffold4	768725	32	32	21	24	30	21	29	33	23	27	33	31	39	25	51	36	34	37	36	20	25	45	44
Y_scaffold4	768726	31	33	20	23	30	21	27	34	23	28	32	32	39	25	50	37	34	36	36	21	25	45	44
Y_scaffold4	768727	31	33	20	23	29	21	27	34	23	28	32	33	40	25	51	37	34	36	36	22	25	44	42
Y_scaffold4	768728	31	33	20	23	29	20	27	34	22	27	32	33	41	24	51	37	34	36	36	22	25	43	43
Y_scaffold4	768729	31	33	20	22	29	20	28	34	22	27	32	32	41	24	51	36	34	35	36	22	25	43	42
Y_scaffold4	768730	31	34	21	22	29	19	28	34	22	27	32	33	42	24	52	36	34	35	35	22	25	43	43
Y_scaffold4	768731	31	34	21	22	29	19	28	34	22	27	32	33	42	23	52	36	34	34	34	21	25	43	43
Y_scaffold4	768732	31	35	21	22	30	19	29	33	21	27	32	34	42	23	52	36	33	34	33	21	25	43	43
Y_scaffold4	768733	31	35	21	21	30	19	29	34	21	27	32	34	42	23	53	37	32	35	32	21	25	43	43
Y_scaffold4	768734	31	35	20	22	30	19	29	33	21	27	32	34	43	23	53	37	32	35	32	22	25	43	43
Y_scaffold4	768735	31	35	20	22	30	19	28	33	21	27	31	34	43	23	53	37	32	35	32	22	25	44	41
Y_scaffold4	768736	31	35	20	23	30	19	27	33	22	27	31	34	43	23	53	37	32	35	32	22	25	44	41
Y_scaffold4	768737	31	34	20	23	30	19	28	33	22	28	29	34	42	23	53	37	31	35	32	20	25	44	41
Y_scaffold4	768738	30	34	20	23	29	19	28	33	22	28	28	34	42	23	52	37	31	32	33	20	25	44	40
Y_scaffold4	768739	30	34	20	21	29	19	28	33	22	28	28	34	41	23	52	38	31	32	32	20	25	44	39
Y_scaffold4	768740	30	34	20	21	29	19	27	32	22	28	28	34	41	23	52	37	31	32	32	20	25	44	39
Y_scaffold4	768741	31	34	20	21	28	19	27	33	24	28	29	34	41	23	52	37	31	32	32	21	25	44	39
Y_scaffold4	768742	31	34	20	20	29	19	27	32	24	27	29	34	41	23	52	37	31	32	32	21	24	44	38
Y_scaffold4	768743	30	33	20	20	28	18	26	32	25	27	29	34	40	23	52	37	29	32	32	21	24	44	38
Y_scaffold4	768744	30	33	21	20	28	18	26	32	25	27	30	35	40	22	51	37	29	31	32	21	24	43	39
Y_scaffold4	768745	30	33	21	20	28	18	26	32	25	27	30	35	40	22	51	37	29	31	32	21	24	43	39
Y_scaffold4	768746	31	34	21	20	27	18	25	33	25	27	30	34	40	24	51	37	28	32	32	21	23	44	39
Y_scaffold4	768747	31	34	21	20	27	18	25	33	24	28	30	34	40	24	50	37	28	32	32	21	23	43	39
Y_scaffold4	768748	31	34	21	20	26	18	25	32	24	28	30	34	40	24	51	35	28	32	32	21	23	43	39
Y_scaffold4	768749	30	34	21	20	26	18	26	31	24	28	30	34	40	25	51	34	28	32	32	21	23	42	39
Y_scaffold4	768750	30	34	22	19	27	18	26	31	24	28	30	34	39	25	50	34	28	32	31	21	21	41	40
Y_scaffold4	768751	31	34	22	19	27	18	26	33	24	28	30	33	39	25	50	35	27	32	32	21	21	41	40
Y_scaffold4	768752	31	34	22	18	26	18	26	33	24	28	30	33	39	25	51	36	26	31	33	20	21	40	40
Y_scaffold4	768753	31	34	22	18	26	18	26	33	23	28	30	33	38	25	52	36	26	32	32	20	21	40	41
Y_scaffold4	768754	31	34	22	16	24	18	26	32	23	27	30	33	38	25	52	36	26	32	33	20	21	39	41
Y_scaffold4	768755	30	34	21	16	24	18	26	32	22	25	30	33	38	26	51	36	25	32	33	20	21	39	41
Y_scaffold4	768756	29	34	22	16	23	18	26	30	22	25	30	33	38	26	50	37	25	31	32	20	22	38	41
Y_scaffold4	768757	29	33	22	16	23	18	26	29	22	25	30	33	38	26	50	37	25	32	31	20	22	38	40
Y_scaffold4	768758	29	33	21	16	23	18	25	29	22	27	30	34	38	27	49	37	25	32	31	20	22	37	39
Y_scaffold4	768759	30	33	21	16	23	17	25	29	23	28	30	34	38	26	48	37	25	30	31	20	22	37	40
Y_scaffold4	768760	30	33	21	16	22	17	25	29	23	28	30	34	39	26	48	36	25	31	31	21	22	36	40
Y_scaffold4	768761	29	34	21	16	22	17	25	29	23	28	32	34	40	26	48	36	25	31	31	21	22	37	40
Y_scaffold4	768762	30	34	21	17	20	17	25	29	23	28	32	33	40	26	49	38	25	31	29	19	22	36	39
Y_scaffold4	768763	30	34	21	17	20	17	25	29	23	28	32	33	42	26	50	38	26	31	30	19	22	36	39
Y_scaffold4	768764	30	34	21	17	20	17	25	30	23	28	32	33	42	25	50	38	26	31	30	19	22	36	40
Y_scaffold4	768765	29	34	21	18	20	18	25	29	23	29	31	32	42	26	50	38	26	32	31	19	22	36	40
Y_scaffold4	768766	30	34	21	18	21	18	25	29	22	28	31	32	42	26	49	38	25	31	31	20	22	37	40
Y_scaffold4	768767	30	33	20	17	21	18	24	29	22	28	30	31	41	26	48	38	25	29	31	19	22	37	39
Y_scaffold4	768768	30	33	20	16	22	17	25	29	21	27	29	30	42	26	48	40	25	27	31	19	22	37	38
Y_scaffold4	768769	30	33	20	16	22	19	25	29	21	27	28	30	41	26	48	40	25	28	33	19	22	37	38
Y_scaffold4	768770	31	33	20	15	22	19	25	29	21	27	28	30	42	26	47	41	25	28	33	19	22	37	38
Y_scaffold4	768771	31	33	20	15	21	19	25	29	21	26	28	30	42	26	47	42	25	28	33	18	22	37	38
Y_scaffold4	768772	31	32	20	15	22	19	25	28	20	26	28	30	41	26	45	42	26	27	33	17	22	37	38
Y_scaffold4	768773	31	31	21	15	22	19	25	28	20	26	28	30	40	26	46	42	26	27	33	17	23	37	38
Y_scaffold4	768774	31	31	21	15	22	19	24	28	20	26	28	30	41	25	46	42	26	27	33	17	23	37	38
Y_scaffold4	768775	31	32	21	15	22	20	26	28	21	26	30	30	42	25	46	44	28	28	36	18	24	36	39
Y_scaffold4	768776	31	33	21	14	22	20	26	28	21	26	29	30	42	25	45	43	29	29	36	18	23	36	40
Y_scaffold4	768777	31	33	21	14	22	19	26	27	21	26	28	30	42	25	45	42	28	29	36	18	23	36	40
Y_scaffold4	768778	32	33	21	15	22	19	26	27	21	26	28	30	42	25	45	41	29	29	36	18	23	36	40
Y_scaffold4	768779	33	32	21	15	23	19	26	28	22	27	28	32	42	26	45	41	30	29	36	19	23	37	41
Y_scaffold4	768780	33	34	21	16	23	19	26	28	22	27	28	32	42	26	44	41	30	29	36	19	24	37	41
Y_scaffold4	768781	33	34	21	16	24	19	26	28	22	26	30	32	42	26	44	41	30	30	36	19	24	37	41
Y_scaffold4	768782	34	34	21	16	24	19	26	28	23	26	30	33	42	26	43	41	30	29	36	19	24	37	41
Y_scaffold4	768783	33	34	21	16	23	19	26	28	23	27	30	33	42	26	42	41	30	29	35	19	24	37	40
Y_scaffold4	768784	32	35	22	16	23	19	26	28	22	27	30	34	42	26	41	41	31	29	34	20	24	37	42
Y_scaffold4	768785	31	33	22	17	23	19	26	28	22	26	30	33	42	27	42	41	31	29	34	20	24	37	41
Y_scaffold4	768786	31	33	22	17	23	20	27	29	22	27	30	33	42	27	40	41	30	30	34	20	23	37	40
Y_scaffold4	768787	30	33	22	17	24	20	27	30	22	27	30	33	42	27	39	40	30	30	34	20	23	37	40
Y_scaffold4	768788	30	33	22	17	24	20	27	30	22	27	30	33	42	27	41	39	30	30	34	20	23	37	40
Y_scaffold4	768789	30	33	22	19	24	21	27	30	21	27	30	32	42	27	41	38	30	29	35	20	22	37	41
Y_scaffold4	768790	30	33	23	19	25	21	27	30	21	27	30	32	42	27	41	38	30	29	35	20	22	37	41
Y_scaffold4	768791	30	33	23	19	25	22	27	30	21	27	30	32	42	27	40	38	30	29	36	20	22	37	41
Y_scaffold4	768792	30	33	23	19	25	22	27	30	20	27	30	32	42	27	40	38	30	29	38	20	20	39	41
Y_scaffold4	768793	30	33	23	20	25	22	26	30	20	27	30	32	42	28	40	39	30	29	39	20	21	40	41
Y_scaffold4	768794	30	32	23	21	24	22	26	30	20	27	30	32	42	28	40	37	29	29	38	20	21	40	39
Y_scaffold4	768795	31	32	23	21	24	22	26	30	21	27	30	32	42	28	40	38	30	29	38	20	21	41	39
Y_scaffold4	768796	31	31	23	21	24	23	25	30	21	27	30	33	40	28	40	38	29	29	38	20	21	41	39
Y_scaffold4	768797	31	32	23	21	23	23	25	30	21	27	30	33	40	28	40	38	29	29	38	20	22	41	39
Y_scaffold4	768798	31	33	22	22	23	23	25	30	21	27	29	33	39	27	42	40	28	29	38	19	21	41	37
Y_scaffold4	768799	31	34	22	22	23	23	25	31	22	27	29	33	39	28	41	39	28	29	38	19	21	42	37
Y_scaffold4	768800	31	34	22	22	24	22	24	31	22	27	29	35	39	27	42	41	29	29	39	19	21	42	37
Y_scaffold4	768801	31	34	22	22	25	23	25	31	22	27	29	35	40	27	43	41	28	27	39	19	21	42	37
Y_scaffold4	768802	31	34	21	22	25	23	25	31	22	27	29	35	39	27	44	41	28	28	38	19	21	42	37
Y_scaffold4	768803	31	34	21	23	25	23	25	30	22	27	30	35	39	27	44	42	27	28	37	19	21	45	37
Y_scaffold4	768804	31	33	21	23	25	23	25	30	22	28	30	33	38	27	44	42	27	28	37	19	21	44	37
Y_scaffold4	768805	31	33	21	23	26	23	26	29	22	28	31	33	36	27	44	42	27	29	37	19	21	42	37
Y_scaffold4	768806	31	33	21	23	26	23	25	29	21	28	32	34	36	26	43	41	27	30	38	20	21	42	37
Y_scaffold4	768807	30	33	22	24	26	22	25	29	21	29	32	33	36	26	43	42	26	29	38	20	21	41	37
Y_scaffold4	768808	30	32	22	24	27	22	25	30	22	29	32	33	37	26	43	43	27	29	38	20	21	42	37
Y_scaffold4	768809	30	33	22	24	26	22	25	30	22	28	33	33	37	26	43	42	27	29	38	20	20	43	37
Y_scaffold4	768810	31	33	24	24	26	22	26	30	23	29	34	33	37	25	42	42	28	29	37	21	20	43	37
Y_scaffold4	768811	31	33	25	25	27	21	26	30	22	29	35	33	37	25	42	42	28	29	36	20	19	44	37
Y_scaffold4	768812	32	33	25	25	27	21	27	30	22	29	36	33	37	25	42	42	31	30	36	20	19	44	37
Y_scaffold4	768813	33	33	25	25	28	21	28	30	22	29	37	34	37	24	42	42	31	30	36	20	19	44	37
Y_scaffold4	768814	33	32	24	24	28	22	28	29	22	29	37	34	36	24	42	43	31	30	36	20	19	45	39
Y_scaffold4	768815	34	34	24	25	28	22	28	29	20	29	37	34	36	25	42	43	31	30	35	20	21	45	39
Y_scaffold4	768816	36	34	24	26	29	22	29	27	20	31	36	34	36	26	44	42	32	29	36	20	22	45	40
Y_scaffold4	768817	35	33	24	26	29	22	29	27	20	30	37	34	37	27	44	43	32	30	36	20	21	46	40
Y_scaffold4	768818	37	33	24	26	29	22	29	27	20	31	36	34	36	26	44	43	32	30	37	20	21	45	40
Y_scaffold4	768819	37	33	24	26	29	22	28	27	20	31	36	33	36	26	44	44	32	30	37	19	19	45	39
Y_scaffold4	768820	37	34	24	26	31	22	28	28	20	31	36	33	35	26	43	44	31	30	37	20	19	45	39
Y_scaffold4	768821	36	34	25	26	31	21	28	28	20	31	35	33	35	28	42	44	31	32	37	20	19	44	39
Y_scaffold4	768822	34	34	24	26	32	21	28	28	21	31	35	33	36	28	42	45	31	32	36	20	19	45	38
Y_scaffold4	768823	34	34	26	26	32	21	29	29	21	32	35	33	36	28	42	44	31	31	36	20	19	45	39
Y_scaffold4	768824	34	34	26	26	31	21	29	28	20	32	34	33	36	28	42	44	32	31	35	20	19	44	40
Y_scaffold4	768825	34	32	26	26	31	21	29	29	20	33	33	34	36	29	42	44	32	31	35	20	19	44	40
Y_scaffold4	768826	34	32	26	27	31	21	29	30	20	33	32	34	36	29	43	44	31	31	34	21	20	42	41
Y_scaffold4	768827	34	32	26	26	31	21	29	30	20	33	32	35	36	29	43	44	31	30	34	21	20	41	39
Y_scaffold4	768828	35	32	26	27	32	20	29	29	21	32	30	35	36	28	41	44	31	29	34	20	20	40	39
Y_scaffold4	768829	36	32	26	26	32	20	29	29	21	33	31	35	36	28	40	45	32	29	34	19	20	40	39
Y_scaffold4	768830	36	32	26	26	32	20	29	29	21	34	30	35	36	28	40	45	32	31	34	20	20	40	39
Y_scaffold4	768831	36	32	26	26	32	22	29	29	22	35	30	35	36	28	40	45	32	30	35	20	20	37	39
Y_scaffold4	768832	36	31	27	27	32	22	29	30	21	35	30	35	36	28	39	45	32	31	35	20	20	37	38
Y_scaffold4	768833	36	31	27	26	32	22	29	30	21	35	30	35	36	28	38	45	32	31	35	20	20	38	38
Y_scaffold4	768834	36	30	27	25	33	22	28	31	21	35	31	35	36	26	38	45	32	31	36	20	20	39	40
Y_scaffold4	768835	36	30	26	25	32	22	28	30	21	35	31	34	37	26	38	45	32	31	38	20	20	40	40
Y_scaffold4	768836	36	30	26	25	31	22	28	30	21	34	31	34	37	28	39	45	31	31	37	20	20	40	40
Y_scaffold4	768837	37	30	26	25	31	22	26	30	21	33	30	35	37	28	39	45	33	31	37	21	20	40	40
Y_scaffold4	768838	36	30	27	26	31	22	26	30	21	33	30	34	37	29	41	45	32	30	37	20	21	40	38
Y_scaffold4	768839	36	29	27	27	31	22	25	29	22	32	30	35	37	29	41	44	32	29	36	21	20	40	36
Y_scaffold4	768840	36	29	27	27	30	22	24	29	22	32	31	35	37	29	41	45	33	29	37	21	20	40	36
Y_scaffold4	768841	37	29	28	27	30	21	23	29	22	33	31	34	37	29	41	45	33	29	37	20	20	41	36
Y_scaffold4	768842	37	30	28	27	30	20	23	28	22	34	31	33	38	28	41	46	33	30	37	19	20	42	35
Y_scaffold4	768843	38	31	28	27	30	20	24	28	24	34	31	34	39	28	40	47	35	30	39	20	20	41	36
Y_scaffold4	768844	38	31	28	26	30	20	25	28	24	35	32	34	38	28	40	48	35	30	38	20	20	41	36
Y_scaffold4	768845	38	31	28	26	31	20	25	28	23	35	32	34	36	28	40	48	35	31	38	20	19	42	36
Y_scaffold4	768846	38	32	28	25	31	20	26	27	23	34	32	34	36	28	39	48	35	33	38	20	19	41	38
Y_scaffold4	768847	37	32	31	25	31	20	26	27	23	35	32	34	36	28	39	48	34	34	38	20	18	42	38
Y_scaffold4	768848	37	31	31	25	31	20	26	27	24	35	31	35	37	28	39	49	34	35	39	20	19	42	38
Y_scaffold4	768849	37	30	32	25	32	20	27	27	26	37	31	34	36	27	39	50	34	35	39	22	20	41	37
Y_scaffold4	768850	38	30	32	25	32	20	27	28	26	37	31	34	36	27	39	50	35	34	38	22	20	42	38
Y_scaffold4	768851	37	30	32	25	32	20	26	28	26	37	31	35	36	27	39	48	35	34	37	23	20	43	39
Y_scaffold4	768852	37	31	32	25	32	20	26	28	26	37	31	35	36	27	39	48	34	33	37	23	20	43	39
Y_scaffold4	768853	36	30	32	26	32	19	26	27	26	36	33	35	34	25	38	48	34	33	38	23	22	43	38
Y_scaffold4	768854	36	31	32	27	32	19	26	27	26	37	33	36	35	25	38	47	34	33	38	23	23	42	38
Y_scaffold4	768855	34	30	30	27	32	19	25	27	26	36	33	36	33	26	37	46	33	33	38	23	23	41	39
Y_scaffold4	768856	34	30	30	27	32	19	24	28	26	36	33	35	33	26	38	46	34	33	38	23	23	41	39
Y_scaffold4	768857	34	31	30	28	32	18	24	28	26	36	34	34	34	26	39	46	33	33	38	23	23	41	39
Y_scaffold4	768858	34	29	31	28	33	18	24	27	26	36	34	35	34	26	39	46	32	35	37	23	22	41	40
Y_scaffold4	768859	34	29	31	28	33	18	24	28	25	36	34	36	34	25	39	46	32	35	38	23	23	41	39
Y_scaffold4	768860	33	28	31	27	33	18	25	27	26	36	34	35	33	25	39	45	34	34	38	23	23	41	39
Y_scaffold4	768861	33	28	32	27	35	17	25	26	26	37	33	35	35	24	39	45	34	34	37	23	23	41	40
Y_scaffold4	768862	33	28	32	27	34	17	25	26	26	37	33	37	36	25	38	45	34	34	37	23	25	41	41
Y_scaffold4	768863	32	28	32	27	34	18	25	25	26	36	33	38	35	25	38	45	34	35	37	23	25	41	41
Y_scaffold4	768864	32	29	32	27	34	17	25	25	25	36	33	37	36	24	39	47	34	34	37	23	25	41	40
Y_scaffold4	768865	32	29	32	27	33	17	25	25	25	36	33	37	36	24	39	47	33	34	37	23	24	41	39
Y_scaffold4	768866	32	29	32	27	32	17	25	27	25	36	33	37	37	24	39	47	33	33	37	23	24	38	38
Y_scaffold4	768867	32	29	32	27	32	17	25	27	26	36	33	38	37	24	39	46	33	33	38	23	24	39	38
Y_scaffold4	768868	32	30	32	26	32	17	25	27	27	36	35	39	37	25	38	45	33	34	38	24	24	39	38
Y_scaffold4	768869	32	29	33	26	32	17	26	27	27	35	35	39	37	25	38	45	33	37	37	24	24	39	37
Y_scaffold4	768870	32	30	33	26	32	17	27	26	27	35	35	39	37	25	38	45	34	37	37	26	24	39	37
Y_scaffold4	768871	31	30	32	25	32	17	26	26	27	35	34	39	37	25	38	45	34	37	37	26	24	39	37
Y_scaffold4	768872	31	30	32	25	32	17	27	27	27	35	34	39	37	25	38	45	34	36	38	25	24	39	37
Y_scaffold4	768873	31	29	32	26	32	17	27	27	27	35	34	39	37	24	38	45	34	36	39	25	24	39	39
Y_scaffold4	768874	31	29	32	26	32	16	27	27	27	35	33	39	37	24	37	45	33	37	39	25	24	39	39
Y_scaffold4	768875	30	30	32	26	33	16	28	28	27	36	34	39	38	24	38	46	33	38	40	26	25	40	38
Y_scaffold4	768876	30	30	32	26	33	16	28	27	28	35	34	38	38	24	38	45	33	38	40	25	25	40	38
Y_scaffold4	768877	30	30	30	26	33	16	28	27	28	35	34	37	36	24	37	45	33	38	39	25	25	40	37
Y_scaffold4	768878	29	30	30	26	33	16	28	27	28	35	34	37	36	25	37	45	33	38	39	25	25	40	37
Y_scaffold4	768879	29	29	30	26	33	16	27	27	28	35	34	37	36	25	36	45	33	38	39	25	25	40	37
Y_scaffold4	768880	30	29	29	28	33	17	29	28	29	36	34	36	37	26	36	45	33	38	39	26	26	41	36
Y_scaffold4	768881	30	29	30	28	33	17	29	28	29	36	34	36	37	26	36	45	33	39	40	27	26	41	36
Y_scaffold4	768882	30	28	30	28	32	17	29	28	29	36	34	35	37	26	36	45	33	38	40	27	26	41	36
Y_scaffold4	768883	31	28	32	29	32	17	29	27	29	37	34	36	37	26	36	45	34	38	40	27	28	42	36
Y_scaffold4	768884	31	28	32	28	32	17	29	27	29	37	34	36	36	26	36	45	34	38	40	26	28	41	36
Y_scaffold4	768885	31	28	32	28	31	17	28	27	28	38	33	37	39	26	37	46	37	38	40	26	28	42	38
Y_scaffold4	768886	31	28	32	27	31	17	28	27	29	38	33	37	39	26	37	46	37	38	40	26	28	42	38
Y_scaffold4	768887	31	28	32	27	31	17	28	27	29	37	33	37	39	26	37	46	37	38	40	26	28	42	38
Y_scaffold4	768888	31	28	32	27	31	17	28	27	29	37	33	37	39	26	37	46	36	38	39	26	28	42	38
Y_scaffold4	768889	32	29	32	28	32	19	28	27	29	38	34	38	39	26	37	46	37	39	40	26	30	42	38
Y_scaffold4	768890	32	30	31	28	31	20	28	26	29	39	34	39	39	26	37	47	38	40	40	24	30	42	38
Y_scaffold4	768891	32	30	31	28	31	20	28	26	29	39	34	39	39	26	37	47	38	41	40	23	30	42	38
Y_scaffold4	768892	32	30	31	28	31	20	28	26	28	39	34	39	39	26	37	48	38	42	40	23	30	42	38
Y_scaffold4	768893	32	31	30	28	31	20	28	26	28	39	34	39	40	26	37	49	38	41	40	23	30	42	38
Y_scaffold4	768894	32	32	30	28	32	20	27	29	29	39	33	38	42	26	38	50	38	41	40	23	30	42	37
Y_scaffold4	768895	31	32	30	28	33	20	27	30	29	39	33	39	42	26	39	49	38	41	40	23	30	42	37
Y_scaffold4	768896	32	31	30	28	32	20	27	29	29	38	33	39	42	24	39	49	38	43	40	23	30	41	37
Y_scaffold4	768897	32	31	30	28	33	20	27	29	29	38	33	39	43	24	38	49	38	43	41	23	30	42	37
Y_scaffold4	768898	31	31	30	28	34	20	27	28	29	38	33	39	43	24	38	49	39	43	41	24	30	42	37
Y_scaffold4	768899	32	31	29	28	33	20	26	28	29	38	33	40	43	23	38	49	39	43	41	24	30	42	36
Y_scaffold4	768900	32	31	30	29	33	20	26	27	29	38	33	40	43	23	39	49	39	43	40	24	30	42	36
Y_scaffold4	768901	32	31	30	29	33	21	27	27	30	38	33	40	43	23	40	48	39	43	41	24	31	43	36
Y_scaffold4	768902	32	31	30	29	33	21	27	27	30	38	33	40	43	23	39	47	40	43	40	24	32	43	36
Y_scaffold4	768903	32	31	30	29	33	21	27	27	31	38	33	40	43	23	38	47	40	42	40	24	32	43	35
Y_scaffold4	768904	32	31	31	29	33	21	28	30	32	39	34	40	44	24	39	48	40	43	39	24	32	43	36
Y_scaffold4	768905	32	31	33	29	33	21	28	31	32	40	33	40	44	23	39	48	40	44	39	24	32	44	37
Y_scaffold4	768906	32	31	33	29	33	21	29	31	32	40	33	40	44	23	39	47	41	44	39	24	31	45	37
Y_scaffold4	768907	32	32	33	29	33	21	30	31	32	39	34	41	44	23	41	47	42	44	39	24	31	45	37
Y_scaffold4	768908	32	32	33	29	33	21	30	31	33	39	34	41	44	22	41	47	43	44	41	24	31	45	37
Y_scaffold4	768909	31	32	33	29	33	21	30	32	33	38	34	41	44	22	41	47	43	43	41	24	31	45	36
Y_scaffold4	768910	32	32	34	29	33	21	30	32	34	38	34	41	43	22	42	47	44	43	41	23	32	45	36
Y_scaffold4	768911	31	31	34	29	34	21	30	32	33	37	33	41	42	22	42	47	44	44	41	24	32	46	36
Y_scaffold4	768912	31	30	34	28	34	21	30	33	33	37	33	41	42	23	41	45	44	44	41	24	32	46	36
Y_scaffold4	768913	32	30	34	28	35	21	30	33	33	37	33	41	40	24	40	46	43	44	40	24	32	46	37
Y_scaffold4	768914	33	29	34	27	35	22	31	32	34	36	33	42	40	24	41	46	43	44	40	24	32	46	36
Y_scaffold4	768915	33	29	34	27	35	22	30	32	34	36	32	42	40	23	42	47	44	43	39	24	32	46	36
Y_scaffold4	768916	32	29	34	27	34	22	30	33	34	36	32	41	41	24	42	47	44	43	40	23	33	45	36
Y_scaffold4	768917	32	29	34	27	34	22	30	33	34	36	32	41	41	25	42	46	44	43	40	23	33	45	37
Y_scaffold4	768918	32	29	34	27	33	22	29	33	34	36	32	41	40	25	42	45	44	43	40	23	33	45	37
Y_scaffold4	768919	31	30	34	27	34	20	29	33	34	36	32	41	39	25	42	45	44	42	38	24	33	45	38
Y_scaffold4	768920	31	30	35	27	34	20	28	34	34	36	33	41	39	26	43	43	44	42	38	23	33	45	39
Y_scaffold4	768921	31	29	34	27	35	20	28	34	34	36	33	41	39	26	44	43	44	42	38	23	33	45	39
Y_scaffold4	768922	31	29	34	27	36	20	28	35	34	37	33	41	39	26	44	42	44	42	39	23	33	46	38
Y_scaffold4	768923	31	30	33	27	36	19	29	35	33	37	33	41	38	26	42	42	44	42	39	23	32	46	38
Y_scaffold4	768924	31	30	34	27	36	20	28	35	33	37	33	41	37	27	42	42	42	42	36	23	32	46	38
Y_scaffold4	768925	31	30	34	27	36	20	27	35	33	37	31	41	37	27	42	43	42	42	35	23	33	46	38
Y_scaffold4	768926	31	29	35	27	36	20	28	35	33	37	31	41	37	28	42	43	41	41	35	23	33	46	37
Y_scaffold4	768927	31	29	36	26	36	20	28	35	33	37	31	41	38	28	42	44	41	41	35	24	33	46	38
Y_scaffold4	768928	31	29	36	26	37	20	28	35	32	36	31	41	38	28	42	45	39	40	35	25	34	46	38
Y_scaffold4	768929	30	29	36	26	36	20	28	34	32	36	31	39	39	27	42	45	39	40	35	24	34	46	37
Y_scaffold4	768930	31	27	36	25	35	20	28	34	33	35	31	40	40	27	42	45	39	40	35	24	33	49	37
Y_scaffold4	768931	31	27	36	26	35	20	29	34	33	35	29	40	40	28	43	45	40	39	35	25	33	49	37
Y_scaffold4	768932	30	27	36	26	35	20	29	34	32	35	29	38	40	28	43	45	40	39	35	25	33	49	36
Y_scaffold4	768933	30	28	35	26	37	20	29	34	33	34	29	38	40	28	43	45	40	39	35	24	33	49	36
Y_scaffold4	768934	31	27	37	26	38	20	29	34	33	35	30	38	41	28	43	45	39	39	35	25	33	49	36
Y_scaffold4	768935	31	27	37	25	38	20	28	34	33	34	31	38	41	27	42	46	39	40	35	25	33	49	36
Y_scaffold4	768936	32	27	37	26	38	20	29	35	33	34	32	38	41	27	42	46	39	40	36	25	34	50	36
Y_scaffold4	768937	32	27	37	26	37	20	29	34	34	34	33	39	42	27	40	46	39	40	36	25	34	50	37
Y_scaffold4	768938	32	27	37	26	37	20	30	34	34	35	33	39	42	27	40	46	39	40	36	25	34	50	36
Y_scaffold4	768939	32	28	38	24	36	19	30	35	34	36	34	39	42	27	40	46	39	40	36	25	34	50	36
Y_scaffold4	768940	31	28	37	24	36	18	30	35	34	36	34	40	42	27	40	46	39	40	37	25	34	50	36
Y_scaffold4	768941	31	28	37	24	36	19	30	35	34	36	34	40	41	27	40	46	39	40	37	25	34	51	36
Y_scaffold4	768942	32	29	37	24	36	19	30	36	34	36	34	40	41	27	41	45	39	40	36	25	34	49	35
Y_scaffold4	768943	32	29	37	23	36	19	30	36	34	36	34	40	41	26	42	44	39	40	35	25	33	48	35
Y_scaffold4	768944	32	28	37	22	35	19	30	36	34	36	34	40	40	26	42	44	39	40	35	25	33	48	35
Y_scaffold4	768945	33	28	37	23	36	19	30	37	33	36	34	40	41	26	42	43	38	40	36	26	33	47	35
Y_scaffold4	768946	33	28	37	23	36	18	30	37	33	36	34	39	41	26	42	43	38	40	36	26	34	47	35
Y_scaffold4	768947	33	27	37	22	36	18	30	37	33	36	34	39	41	26	41	41	38	40	36	26	33	45	35
Y_scaffold4	768948	33	26	38	22	36	19	30	35	32	36	35	39	40	25	40	41	41	42	37	27	33	44	35
Y_scaffold4	768949	33	26	38	22	35	20	30	35	32	36	35	39	40	25	40	41	41	42	38	27	33	44	36
Y_scaffold4	768950	34	26	38	23	34	20	30	36	32	36	34	38	40	25	39	38	40	42	37	27	33	44	37
Y_scaffold4	768951	34	26	38	22	34	20	30	36	32	35	34	38	39	25	39	38	40	43	37	27	33	43	38
Y_scaffold4	768952	34	26	38	22	34	20	30	36	32	36	34	38	39	25	39	38	40	42	37	28	33	43	39
Y_scaffold4	768953	35	26	38	22	34	20	30	36	32	36	34	39	39	25	39	37	40	42	37	28	32	41	39
Y_scaffold4	768954	35	26	37	22	34	20	29	37	32	35	35	39	39	25	39	38	40	42	36	28	32	42	39
Y_scaffold4	768955	35	27	37	22	34	21	29	37	32	35	34	39	39	24	40	39	40	41	37	28	33	43	40
Y_scaffold4	768956	35	29	37	22	34	21	28	37	33	35	33	38	40	24	42	39	40	42	36	27	34	44	40
Y_scaffold4	768957	36	29	34	21	33	21	27	37	33	34	33	37	40	24	42	38	41	42	36	27	33	44	39
Y_scaffold4	768958	36	29	34	21	32	22	27	36	32	35	33	37	39	24	42	37	39	43	37	27	33	43	40
Y_scaffold4	768959	36	28	33	21	31	22	28	36	32	35	31	38	39	24	42	37	39	44	37	27	34	42	41
Y_scaffold4	768960	35	28	32	21	31	22	28	36	32	34	31	38	39	24	42	37	38	44	37	26	35	42	42
Y_scaffold4	768961	35	28	33	22	31	22	27	37	32	34	30	39	39	24	42	37	38	44	38	26	35	41	42
Y_scaffold4	768962	35	28	33	22	30	22	26	37	32	35	29	38	39	25	42	38	35	43	38	26	35	40	42
Y_scaffold4	768963	34	28	33	23	30	23	27	37	32	35	29	40	39	27	42	38	35	44	38	26	36	40	42
Y_scaffold4	768964	34	28	33	23	30	22	27	37	32	35	29	40	39	27	42	37	35	44	38	26	36	39	40
