Y_scaffold4	769022	37	19	32	23	27	23	24	33	31	27	32	33	30	26	37	43	31	37	42	26	26	42	41
Y_scaffold4	769023	37	19	33	23	27	24	24	33	31	27	33	34	30	26	37	43	31	37	40	26	26	41	41
Y_scaffold4	769024	37	17	33	23	26	24	24	33	31	26	34	34	30	26	37	44	31	38	40	26	26	41	42
Y_scaffold4	769025	37	17	33	22	27	24	25	33	31	26	35	37	31	25	37	45	31	38	41	26	26	41	43
Y_scaffold4	769026	37	17	33	21	27	23	25	34	32	25	35	37	31	25	37	45	31	38	41	26	26	41	43
Y_scaffold4	769027	37	18	33	22	27	23	24	34	32	25	36	37	31	24	37	46	31	38	41	26	27	41	43
Y_scaffold4	769028	37	18	33	23	27	24	24	33	32	25	36	37	31	24	38	46	31	38	41	26	28	41	46
Y_scaffold4	769029	37	18	33	23	27	24	23	33	32	25	36	37	31	24	38	46	31	39	41	26	28	41	46
Y_scaffold4	769030	37	18	33	23	28	24	23	33	31	24	36	36	30	24	38	46	30	38	41	26	27	40	47
Y_scaffold4	769031	37	19	32	23	28	24	23	33	31	25	36	38	30	24	38	46	30	38	40	25	26	40	47
Y_scaffold4	769032	36	19	33	24	28	24	23	33	31	25	36	38	30	24	37	45	30	38	40	26	26	40	47
Y_scaffold4	769033	36	19	32	24	29	24	23	33	31	26	36	38	29	25	37	46	30	38	40	26	26	39	46
Y_scaffold4	769034	36	19	32	24	29	23	23	33	32	25	36	37	27	25	36	46	28	38	40	26	26	39	45
Y_scaffold4	769035	35	19	32	23	29	23	23	33	32	25	35	37	26	25	36	46	29	41	40	26	26	39	45
Y_scaffold4	769036	35	19	33	23	28	23	23	33	32	26	36	38	26	25	36	45	28	40	40	26	26	39	45
Y_scaffold4	769037	35	19	33	23	28	23	23	33	32	26	36	37	26	25	36	45	29	40	40	26	26	39	45
Y_scaffold4	769038	36	20	35	23	28	23	23	33	32	26	36	38	27	25	36	45	30	41	40	26	25	39	46
Y_scaffold4	769039	38	19	35	23	28	22	22	34	33	25	35	37	27	25	37	44	29	40	39	26	25	40	46
Y_scaffold4	769040	38	18	35	23	29	22	22	34	32	25	35	37	29	25	37	44	29	39	40	26	25	40	46
Y_scaffold4	769041	38	19	37	23	28	22	23	35	32	25	35	38	29	25	37	43	29	38	40	26	25	40	46
Y_scaffold4	769042	38	18	37	23	30	22	23	36	32	25	35	39	29	25	38	42	29	40	40	26	25	40	46
Y_scaffold4	769043	38	17	38	24	29	22	23	34	31	25	35	39	28	25	36	41	29	39	41	26	25	41	46
Y_scaffold4	769044	38	18	38	24	29	24	23	33	31	25	35	39	26	25	36	41	29	39	41	26	25	41	46
Y_scaffold4	769045	38	18	38	24	29	24	23	32	31	25	35	39	26	25	36	41	28	39	42	26	25	42	46
Y_scaffold4	769046	37	19	38	24	29	24	23	34	31	25	35	39	26	25	36	42	29	39	42	27	25	42	47
Y_scaffold4	769047	37	19	38	24	28	24	24	36	31	27	35	39	26	25	36	42	29	39	41	27	25	41	48
Y_scaffold4	769048	37	19	37	24	28	24	24	36	31	27	35	38	27	25	36	43	29	39	43	26	25	41	48
Y_scaffold4	769049	37	19	37	23	28	24	24	36	31	27	35	38	27	25	35	43	29	39	42	26	25	41	48
Y_scaffold4	769050	38	19	36	23	28	23	23	37	31	27	35	38	27	25	34	43	29	39	42	26	24	41	48
Y_scaffold4	769051	39	19	36	24	28	23	22	38	31	26	35	38	27	27	33	42	28	40	43	27	23	40	50
Y_scaffold4	769052	39	19	36	25	28	23	22	38	31	26	34	38	27	26	33	42	28	39	45	28	25	40	49
Y_scaffold4	769053	39	19	35	25	28	24	22	36	31	25	34	38	27	26	35	43	28	39	45	28	25	40	50
Y_scaffold4	769054	39	18	34	25	28	26	22	35	31	26	34	38	26	26	35	43	28	39	45	28	25	41	49
Y_scaffold4	769055	39	18	36	25	28	27	22	34	31	26	34	39	26	26	35	43	26	39	45	28	25	40	49
Y_scaffold4	769056	39	18	34	25	28	27	21	34	32	25	34	38	26	26	34	43	26	40	44	28	25	39	50
Y_scaffold4	769057	39	18	34	25	28	27	21	34	32	25	35	38	27	27	35	43	25	40	44	28	25	39	51
Y_scaffold4	769058	39	19	35	25	28	26	21	34	31	25	36	38	27	27	35	43	24	40	43	28	24	39	51
Y_scaffold4	769059	38	19	34	25	28	26	21	33	30	25	36	38	27	27	34	43	25	40	43	29	24	39	52
Y_scaffold4	769060	38	20	35	25	30	26	21	34	29	25	35	38	28	27	35	44	25	40	44	29	24	39	53
Y_scaffold4	769061	38	21	37	25	29	26	21	34	29	25	35	38	28	26	35	44	25	41	44	28	24	37	53
Y_scaffold4	769062	37	21	37	25	28	27	21	33	29	25	35	38	28	26	35	43	25	41	44	28	24	37	53
Y_scaffold4	769063	36	21	37	25	28	25	21	33	29	25	35	37	28	26	34	43	25	41	44	28	24	37	53
Y_scaffold4	769064	36	21	37	26	28	24	21	33	28	25	36	37	28	26	34	42	24	42	44	30	24	37	53
Y_scaffold4	769065	36	21	37	26	29	25	21	33	28	26	36	37	28	25	34	42	24	42	45	30	24	37	54
Y_scaffold4	769066	36	21	38	26	29	25	21	33	28	26	36	37	28	24	35	41	25	43	45	30	24	37	53
Y_scaffold4	769067	36	20	38	26	28	25	21	33	29	26	37	38	28	24	35	42	25	43	45	30	24	37	53
Y_scaffold4	769068	36	21	38	26	28	26	21	33	29	27	38	39	28	24	35	43	25	44	45	30	24	37	52
Y_scaffold4	769069	36	21	38	26	28	26	21	34	29	27	38	41	28	23	36	43	25	44	45	29	25	38	51
Y_scaffold4	769070	37	21	37	26	26	26	21	33	29	27	38	42	28	25	35	43	25	45	45	29	25	38	51
Y_scaffold4	769071	38	21	37	27	26	26	21	33	29	26	38	42	28	25	35	43	25	45	45	29	24	38	52
Y_scaffold4	769072	38	21	37	27	26	26	21	33	29	26	38	42	28	25	36	43	25	46	44	29	25	37	52
Y_scaffold4	769073	39	20	37	28	27	26	22	34	29	27	38	42	28	24	36	43	25	47	44	29	26	37	53
Y_scaffold4	769074	40	20	37	28	27	26	22	34	29	28	38	42	28	24	36	43	26	46	44	29	25	37	53
Y_scaffold4	769075	40	21	37	28	27	26	22	34	29	28	38	42	28	23	36	43	26	46	44	29	25	37	53
Y_scaffold4	769076	39	23	36	28	26	26	22	34	29	28	38	42	28	23	36	42	26	46	44	30	25	37	52
Y_scaffold4	769077	39	23	35	28	26	26	22	34	29	28	38	42	27	24	36	41	26	47	44	29	24	36	52
Y_scaffold4	769078	39	23	35	28	26	26	22	34	30	28	38	42	27	24	36	41	27	48	44	28	24	36	53
Y_scaffold4	769079	38	23	35	28	26	26	23	34	29	28	38	42	25	24	36	41	27	48	44	28	25	34	54
Y_scaffold4	769080	38	24	35	27	26	26	22	34	29	28	38	42	25	23	35	41	26	48	44	28	25	33	54
Y_scaffold4	769081	40	24	35	27	26	26	22	35	29	29	38	42	25	23	35	41	26	48	44	27	25	34	55
Y_scaffold4	769082	40	24	35	27	27	26	22	35	29	29	38	42	25	23	35	41	26	48	44	28	25	34	56
Y_scaffold4	769083	40	24	35	27	26	26	22	35	29	28	36	42	24	23	35	41	26	48	44	28	25	34	55
Y_scaffold4	769084	39	24	33	27	26	26	22	35	29	28	36	42	24	23	36	41	27	46	44	28	25	34	56
Y_scaffold4	769085	39	24	33	27	26	26	21	34	29	28	35	42	24	23	36	41	27	46	44	29	26	34	56
Y_scaffold4	769086	39	23	33	27	26	25	20	34	28	27	34	41	24	24	37	41	27	45	42	30	26	33	55
Y_scaffold4	769087	40	24	33	27	26	25	21	34	28	27	34	42	23	24	38	42	27	46	42	30	26	34	56
Y_scaffold4	769088	40	24	34	27	26	25	21	34	28	26	34	42	23	24	38	42	27	46	42	31	26	34	56
Y_scaffold4	769089	40	24	34	27	26	25	22	33	28	26	36	41	23	24	39	42	27	46	42	31	26	35	56
Y_scaffold4	769090	40	25	35	27	26	25	22	33	28	26	36	41	23	24	40	42	28	46	41	31	27	35	56
Y_scaffold4	769091	39	25	36	27	26	25	22	32	28	26	37	41	23	24	40	43	28	46	39	31	27	34	56
Y_scaffold4	769092	38	24	36	27	26	25	22	32	29	26	37	41	22	24	39	43	28	46	39	31	26	34	57
Y_scaffold4	769093	38	24	36	26	27	25	22	32	29	26	38	41	22	24	39	43	28	46	39	31	26	34	57
Y_scaffold4	769094	38	24	36	26	26	25	22	31	29	26	37	41	22	24	39	43	28	45	38	30	26	35	57
Y_scaffold4	769095	38	24	37	26	26	25	22	31	29	27	37	41	22	24	39	43	28	46	38	30	26	35	57
Y_scaffold4	769096	38	24	38	26	26	24	22	32	29	28	37	41	23	24	39	43	28	46	38	29	27	35	58
Y_scaffold4	769097	39	24	37	26	26	24	22	32	29	28	37	41	24	24	39	43	27	47	37	29	27	36	58
Y_scaffold4	769098	39	24	37	26	26	23	22	32	29	28	37	41	24	24	38	43	27	47	37	29	27	35	58
Y_scaffold4	769099	38	24	37	26	26	23	22	31	29	28	37	40	24	24	38	43	27	46	36	29	27	37	57
Y_scaffold4	769100	39	24	38	27	27	22	22	31	29	28	37	40	24	24	38	43	27	46	37	29	27	38	57
Y_scaffold4	769101	38	24	38	27	28	22	22	33	29	27	35	40	24	24	37	42	27	47	38	28	27	38	57
Y_scaffold4	769102	38	24	38	27	28	23	23	33	29	27	35	40	24	25	37	41	28	47	38	30	27	38	58
Y_scaffold4	769103	38	23	38	27	28	23	23	33	29	27	35	40	24	25	38	41	29	47	38	30	26	38	57
Y_scaffold4	769104	38	23	39	27	28	23	23	32	29	27	35	40	24	25	37	41	29	47	38	30	26	39	57
Y_scaffold4	769105	38	23	39	27	28	23	23	32	29	28	35	40	24	25	35	41	29	46	37	30	25	39	56
Y_scaffold4	769106	38	22	40	27	28	24	23	32	29	30	36	40	23	25	35	41	29	47	37	30	27	38	56
Y_scaffold4	769107	38	22	40	27	28	23	23	33	29	29	36	40	24	25	35	41	29	46	37	30	27	38	55
Y_scaffold4	769108	39	22	40	27	28	23	22	33	30	29	36	39	25	26	36	41	29	45	37	30	26	38	54
Y_scaffold4	769109	39	22	40	26	28	23	21	33	30	29	35	39	25	27	37	41	29	45	37	30	25	38	53
Y_scaffold4	769110	39	22	40	25	28	24	22	33	29	29	35	38	25	27	37	41	30	45	37	30	25	38	53
Y_scaffold4	769111	38	23	39	25	28	24	21	33	29	28	35	39	25	26	38	41	30	45	37	30	25	38	53
Y_scaffold4	769112	38	23	39	24	27	23	20	33	29	28	36	37	26	25	38	41	30	44	38	30	24	38	53
Y_scaffold4	769113	38	23	39	24	27	23	20	34	29	28	37	37	26	25	37	41	30	45	38	30	23	38	52
Y_scaffold4	769114	38	23	40	26	27	23	20	34	29	28	37	37	26	25	37	41	30	44	38	31	23	38	51
Y_scaffold4	769115	40	25	39	24	27	24	20	35	29	28	36	35	25	25	37	42	29	44	39	31	23	37	50
Y_scaffold4	769116	40	25	39	23	27	25	20	36	29	28	35	35	25	24	36	42	28	44	38	31	24	37	51
Y_scaffold4	769117	40	25	39	23	28	24	20	37	29	28	35	36	24	23	36	41	27	43	37	31	24	36	51
Y_scaffold4	769118	40	25	39	23	28	23	20	37	28	29	35	36	25	23	35	41	27	42	37	32	24	36	51
Y_scaffold4	769119	40	26	39	23	28	23	20	37	28	29	34	35	25	23	35	41	28	42	37	32	24	36	51
Y_scaffold4	769120	40	27	39	23	27	23	21	37	28	28	34	35	25	23	34	40	29	42	37	31	24	37	51
Y_scaffold4	769121	40	27	38	23	27	23	21	37	26	28	35	36	25	23	34	40	29	42	37	31	24	35	51
Y_scaffold4	769122	40	27	40	22	27	23	21	38	25	29	34	36	25	23	34	40	29	42	36	31	24	35	50
Y_scaffold4	769123	40	27	40	22	26	23	21	38	25	29	34	36	25	22	35	38	29	42	36	31	23	35	51
Y_scaffold4	769124	40	28	39	22	27	23	20	38	25	29	35	37	25	23	37	38	29	43	33	31	23	36	53
Y_scaffold4	769125	40	30	39	23	28	23	20	38	26	30	35	36	25	23	39	38	29	43	33	31	22	36	52
Y_scaffold4	769126	40	30	38	23	26	23	20	39	25	30	36	36	24	24	37	39	29	43	33	30	22	36	52
Y_scaffold4	769127	38	30	38	23	26	23	20	39	25	31	36	36	24	24	37	39	29	43	35	29	23	36	53
Y_scaffold4	769128	37	30	38	23	24	23	20	39	25	31	36	35	24	23	37	40	29	43	36	29	23	37	53
Y_scaffold4	769129	37	30	37	22	24	23	20	39	24	31	36	35	24	23	37	40	29	44	36	28	23	37	52
Y_scaffold4	769130	37	30	36	23	24	22	20	39	24	30	37	36	24	23	37	40	29	45	36	28	23	36	52
Y_scaffold4	769131	38	30	36	23	24	22	20	39	24	30	37	37	24	22	37	39	29	44	36	28	23	35	52
Y_scaffold4	769132	39	30	36	23	24	22	20	40	24	30	35	37	25	22	37	38	28	44	36	28	23	34	52
Y_scaffold4	769133	39	30	36	23	24	23	21	39	24	30	35	38	25	22	37	38	28	44	36	27	24	34	53
Y_scaffold4	769134	39	30	36	23	24	23	22	39	23	30	35	38	25	22	37	38	27	45	37	27	24	34	54
Y_scaffold4	769135	39	30	36	23	24	24	22	39	24	30	35	38	26	22	37	38	27	45	36	27	24	34	54
Y_scaffold4	769136	40	32	37	23	24	23	22	39	24	30	35	38	26	22	37	38	27	46	36	27	24	34	54
Y_scaffold4	769137	39	32	38	23	24	23	22	39	25	29	35	39	26	21	37	38	28	46	36	29	24	34	53
Y_scaffold4	769138	37	32	38	23	25	23	22	39	25	29	35	38	26	21	37	38	28	47	36	30	23	34	53
Y_scaffold4	769139	37	32	38	23	25	23	22	39	26	29	36	39	26	21	37	38	28	48	36	30	23	34	54
Y_scaffold4	769140	38	31	38	23	26	24	21	40	25	27	36	40	26	22	38	38	28	47	35	30	23	34	54
Y_scaffold4	769141	38	32	38	23	26	24	21	38	25	27	36	41	25	22	38	38	28	46	35	29	23	35	53
Y_scaffold4	769142	38	32	38	23	26	24	20	38	25	27	36	41	25	22	37	38	27	46	37	29	23	35	54
Y_scaffold4	769143	38	32	37	23	27	24	20	37	25	27	34	40	25	22	37	38	26	46	37	29	23	35	53
Y_scaffold4	769144	38	32	39	23	28	25	19	37	25	27	34	39	25	23	38	38	26	47	37	28	23	35	52
Y_scaffold4	769145	37	31	39	23	28	25	19	37	25	27	34	39	25	23	38	38	26	48	36	28	23	35	50
Y_scaffold4	769146	37	31	38	22	28	25	19	37	25	27	34	39	25	23	38	37	26	48	36	28	23	35	50
Y_scaffold4	769147	36	32	37	22	26	25	19	36	25	26	33	38	25	23	38	37	26	48	36	28	23	35	50
Y_scaffold4	769148	36	32	37	22	26	25	19	37	25	27	33	37	27	21	38	37	26	48	36	28	23	37	50
Y_scaffold4	769149	36	32	37	22	26	25	19	37	25	27	33	37	28	21	38	36	26	48	36	27	23	36	50
Y_scaffold4	769150	35	32	37	22	27	25	21	36	24	29	34	37	27	21	38	36	26	48	36	27	23	34	50
Y_scaffold4	769151	36	32	37	22	27	25	21	37	25	29	34	37	27	22	38	36	27	48	36	27	23	34	51
Y_scaffold4	769152	36	32	37	22	27	25	22	37	25	30	34	35	27	22	40	37	27	48	36	27	23	32	51
Y_scaffold4	769153	37	33	36	22	28	25	22	37	26	29	34	35	27	22	40	36	27	47	35	26	22	31	51
Y_scaffold4	769154	37	33	36	21	28	24	21	38	26	29	34	36	27	22	40	36	27	47	34	25	22	31	52
Y_scaffold4	769155	37	33	36	20	28	24	21	38	26	29	34	36	27	23	39	35	27	49	33	25	22	31	53
Y_scaffold4	769156	37	33	36	20	28	23	20	38	25	28	34	35	26	21	39	34	27	50	33	26	22	31	53
Y_scaffold4	769157	36	34	36	20	28	23	21	38	26	28	34	36	26	22	38	34	27	50	33	26	22	31	54
Y_scaffold4	769158	35	34	36	20	28	23	22	39	24	28	34	36	26	23	38	34	27	52	32	25	22	31	53
Y_scaffold4	769159	36	34	38	19	28	22	22	39	24	28	34	36	26	23	38	34	27	52	30	25	21	30	53
Y_scaffold4	769160	36	34	38	19	29	22	23	41	24	28	35	37	26	23	40	34	27	53	30	25	21	30	53
Y_scaffold4	769161	35	35	38	19	29	22	23	41	25	29	35	37	26	24	40	33	27	53	30	25	21	33	53
Y_scaffold4	769162	35	35	38	19	29	23	23	40	26	28	35	37	26	24	40	33	27	53	30	25	21	33	53
Y_scaffold4	769163	35	35	37	19	29	23	23	40	25	27	36	37	24	24	40	32	28	53	30	25	21	33	52
Y_scaffold4	769164	36	35	37	19	29	23	23	42	25	27	36	38	23	24	40	32	29	52	31	25	21	32	52
Y_scaffold4	769165	36	35	38	19	29	24	23	41	25	27	36	39	23	23	41	32	29	52	31	25	21	33	52
Y_scaffold4	769166	36	35	37	19	30	24	23	41	25	27	36	39	23	23	41	31	29	52	31	25	21	31	52
Y_scaffold4	769167	36	35	37	19	30	24	23	41	25	27	36	39	23	23	40	32	29	52	32	25	20	30	52
Y_scaffold4	769168	36	35	37	19	29	24	24	41	25	28	35	39	23	24	40	31	28	51	32	25	21	30	53
Y_scaffold4	769169	34	36	36	19	29	23	24	41	25	28	33	39	23	24	39	28	28	49	32	23	21	30	52
Y_scaffold4	769170	34	36	36	19	29	23	25	40	25	28	33	39	23	24	40	28	28	49	32	24	21	30	52
Y_scaffold4	769171	34	36	36	19	29	23	25	40	25	28	34	39	25	24	40	27	28	49	32	24	21	30	52
Y_scaffold4	769172	34	36	35	19	31	23	26	40	25	28	35	39	25	25	40	27	28	49	33	26	21	30	52
Y_scaffold4	769173	34	37	35	19	31	24	26	40	25	30	35	38	25	25	40	27	28	50	34	26	21	30	51
Y_scaffold4	769174	34	37	35	19	30	25	26	40	25	30	34	36	24	25	40	26	29	50	33	26	21	30	50
Y_scaffold4	769175	34	37	36	19	30	25	25	40	25	31	33	35	24	25	40	25	29	50	33	26	21	30	50
Y_scaffold4	769176	33	37	36	19	30	25	25	39	23	32	33	35	25	25	40	25	30	50	33	26	22	30	50
Y_scaffold4	769177	33	36	36	18	30	25	25	39	23	33	34	35	24	25	40	24	31	50	33	26	21	30	50
Y_scaffold4	769178	33	36	36	17	30	25	25	39	23	33	34	35	24	25	39	24	32	52	33	26	20	32	47
Y_scaffold4	769179	33	36	36	16	29	25	25	39	23	32	34	34	24	25	39	24	32	52	33	25	19	32	46
Y_scaffold4	769180	33	37	36	16	30	26	25	39	23	32	34	34	25	25	39	24	33	55	33	25	20	33	47
Y_scaffold4	769181	35	36	37	16	30	26	25	39	23	32	34	33	25	26	40	24	33	55	35	25	20	33	47
Y_scaffold4	769182	35	37	35	16	30	26	25	39	24	32	34	33	25	25	40	23	32	55	36	25	20	32	47
Y_scaffold4	769183	35	37	35	16	30	25	25	39	23	31	34	34	25	25	40	23	32	55	38	26	21	32	47
Y_scaffold4	769184	35	38	34	16	30	26	25	39	23	31	34	34	25	25	40	23	32	55	38	26	21	33	47
Y_scaffold4	769185	35	38	35	16	30	26	25	39	23	32	35	35	25	25	41	23	32	53	38	26	21	33	47
Y_scaffold4	769186	35	38	34	16	31	26	26	39	23	31	34	34	25	25	41	23	32	53	38	26	20	33	46
Y_scaffold4	769187	34	38	34	16	31	27	26	39	23	32	34	34	25	25	41	23	31	53	38	26	20	34	47
Y_scaffold4	769188	34	37	34	16	31	28	26	39	24	32	34	34	24	25	41	24	30	53	38	26	20	34	47
Y_scaffold4	769189	32	37	35	17	31	28	26	39	23	32	34	34	23	25	40	24	31	53	38	26	20	34	48
Y_scaffold4	769190	32	37	35	17	30	28	26	39	23	32	34	34	22	25	40	25	31	54	37	26	20	34	48
Y_scaffold4	769191	32	36	33	17	30	28	25	38	23	32	34	33	22	25	40	25	31	54	37	26	20	34	48
Y_scaffold4	769192	32	38	33	17	27	28	25	37	23	32	34	33	22	25	39	25	32	52	37	26	20	34	49
Y_scaffold4	769193	34	39	33	17	28	27	25	37	23	32	35	32	22	25	39	25	32	52	37	26	20	33	49
Y_scaffold4	769194	34	38	33	17	28	26	25	37	23	32	35	32	23	25	38	25	32	52	36	26	20	33	49
Y_scaffold4	769195	34	39	33	18	28	26	25	37	23	32	35	32	23	25	39	26	32	51	37	26	20	32	49
Y_scaffold4	769196	34	38	33	18	28	26	25	35	23	34	35	32	23	25	39	26	32	51	37	26	20	33	48
Y_scaffold4	769197	34	38	33	19	27	24	24	33	23	32	35	32	22	25	39	26	33	51	37	26	20	36	47
Y_scaffold4	769198	33	38	33	19	28	26	25	33	23	32	35	32	21	25	39	25	33	51	35	26	21	36	47
Y_scaffold4	769199	34	38	34	19	28	26	25	33	23	33	35	33	21	25	39	26	33	52	35	26	21	37	46
Y_scaffold4	769200	34	38	34	19	28	26	25	31	22	34	35	33	21	24	39	27	33	52	36	26	20	38	45
Y_scaffold4	769201	33	38	34	17	28	26	25	31	22	34	35	33	21	23	40	27	34	51	36	25	20	39	45
Y_scaffold4	769202	33	38	34	17	28	26	26	33	22	34	35	33	21	23	40	27	34	51	34	24	19	39	46
Y_scaffold4	769203	33	38	34	19	28	27	26	33	20	34	35	35	21	23	38	27	34	51	34	25	19	40	45
Y_scaffold4	769204	33	38	35	19	30	26	27	34	21	33	37	36	21	25	39	27	34	52	34	25	19	41	45
Y_scaffold4	769205	33	38	33	19	30	25	26	34	21	33	37	34	21	25	40	27	34	51	34	25	19	41	45
Y_scaffold4	769206	33	38	33	20	30	25	27	34	20	33	37	34	21	26	39	27	34	51	34	25	20	42	44
Y_scaffold4	769207	33	38	33	21	30	25	27	34	20	34	37	34	20	25	39	27	34	52	34	25	20	42	43
Y_scaffold4	769208	33	37	33	21	30	25	27	34	21	34	37	34	19	25	40	27	33	52	33	25	20	42	42
Y_scaffold4	769209	33	37	33	21	30	25	27	34	21	34	38	34	19	26	40	27	33	51	33	24	20	42	41
Y_scaffold4	769210	33	36	32	21	30	24	27	34	21	35	38	34	19	26	39	26	33	51	32	24	20	42	41
Y_scaffold4	769211	33	35	30	21	30	24	27	34	21	35	38	34	19	25	40	27	33	50	32	24	20	42	43
Y_scaffold4	769212	33	35	30	22	30	24	27	34	21	36	38	34	19	25	40	27	33	50	32	23	20	43	43
Y_scaffold4	769213	33	35	30	21	30	23	28	34	21	37	38	35	20	25	39	27	33	50	33	22	20	43	42
Y_scaffold4	769214	33	36	30	21	30	23	29	34	21	37	38	36	20	25	39	27	33	50	33	22	19	44	42
Y_scaffold4	769215	33	36	30	21	31	23	29	34	21	37	38	36	20	25	39	27	33	50	33	23	19	44	42
Y_scaffold4	769216	34	36	29	22	30	23	29	34	21	36	38	36	19	25	39	27	33	49	32	23	20	44	42
Y_scaffold4	769217	34	36	29	22	30	23	29	34	20	36	37	35	19	25	39	26	33	49	32	23	20	44	42
Y_scaffold4	769218	34	35	29	22	30	22	29	34	20	36	36	34	19	26	38	25	33	48	32	23	20	44	42
Y_scaffold4	769219	34	35	29	23	31	22	29	33	21	36	35	32	19	26	37	25	32	49	32	23	19	44	43
Y_scaffold4	769220	33	36	29	23	32	22	28	33	21	36	35	31	19	24	37	25	32	49	32	23	19	44	43
Y_scaffold4	769221	32	37	30	22	32	22	28	32	21	35	35	31	19	24	36	25	32	49	32	23	18	44	43
Y_scaffold4	769222	32	37	30	23	32	22	29	32	21	35	35	31	19	24	37	25	32	49	32	23	18	44	43
Y_scaffold4	769223	32	37	30	22	31	22	28	31	21	35	35	31	19	24	37	25	32	48	32	23	17	44	42
Y_scaffold4	769224	31	38	30	22	31	22	28	32	21	34	35	31	20	24	37	24	31	48	32	23	17	44	42
Y_scaffold4	769225	31	35	30	22	31	22	27	33	21	34	36	31	20	24	38	24	31	48	32	23	17	44	42
Y_scaffold4	769226	31	35	31	22	31	22	27	33	21	34	36	31	20	24	39	24	31	48	33	22	17	44	42
Y_scaffold4	769227	31	35	31	22	30	23	27	33	21	33	36	30	22	23	39	24	31	47	33	22	17	44	42
Y_scaffold4	769228	30	35	33	22	30	23	26	34	20	33	36	30	22	23	39	24	30	48	34	22	17	44	42
Y_scaffold4	769229	30	34	33	22	30	23	26	34	21	33	38	30	22	24	39	25	31	48	34	22	16	45	41
Y_scaffold4	769230	29	33	34	22	30	23	27	34	21	33	38	30	23	24	39	26	31	49	34	23	16	45	42
Y_scaffold4	769231	30	33	34	22	30	23	27	33	21	32	38	30	23	24	39	26	31	49	34	23	17	44	42
Y_scaffold4	769232	29	33	34	21	29	23	27	33	20	32	38	30	24	24	38	26	30	49	34	23	17	45	42
Y_scaffold4	769233	30	33	34	21	29	23	27	33	20	32	38	32	24	24	38	26	30	49	35	21	17	45	41
Y_scaffold4	769234	30	35	34	21	29	23	27	34	20	32	38	33	24	24	39	26	30	49	35	21	17	45	42
Y_scaffold4	769235	30	35	34	21	29	23	27	34	20	32	38	33	24	24	38	26	30	49	35	21	15	45	42
Y_scaffold4	769236	31	35	34	21	30	25	26	34	20	32	37	33	24	23	38	25	30	49	36	20	15	46	42
Y_scaffold4	769237	31	35	34	21	30	25	26	34	20	32	37	32	24	23	37	26	30	48	36	20	15	45	41
Y_scaffold4	769238	32	35	33	21	30	26	25	34	20	32	35	32	24	25	37	26	30	48	36	19	14	43	41
Y_scaffold4	769239	32	35	33	21	30	26	25	34	20	32	35	32	25	25	36	27	29	49	36	19	15	43	41
Y_scaffold4	769240	31	34	32	21	30	26	26	34	20	34	35	32	25	26	35	26	29	50	36	19	15	44	41
Y_scaffold4	769241	32	34	31	21	30	26	26	35	21	34	35	32	25	26	35	26	29	50	36	19	15	44	41
Y_scaffold4	769242	32	34	32	21	30	26	26	35	20	34	35	32	25	27	35	27	29	50	36	19	15	45	41
Y_scaffold4	769243	32	34	32	21	29	26	26	35	20	34	34	32	25	27	35	27	29	50	36	19	15	44	42
Y_scaffold4	769244	33	34	31	22	29	26	26	35	20	33	34	33	25	27	35	27	28	49	36	19	15	44	43
Y_scaffold4	769245	33	34	31	22	29	26	26	34	20	33	34	33	25	27	35	27	31	49	36	19	15	44	43
Y_scaffold4	769246	34	35	30	22	29	26	26	37	20	33	34	34	24	28	35	28	31	49	36	20	15	45	42
Y_scaffold4	769247	34	35	30	23	29	26	26	37	20	33	34	34	24	28	35	28	31	48	36	20	15	44	43
Y_scaffold4	769248	34	35	30	23	29	26	26	37	20	34	34	35	25	28	34	28	31	48	36	20	15	45	42
Y_scaffold4	769249	34	36	30	22	29	26	26	37	20	34	35	35	25	28	34	28	34	48	36	20	15	43	41
Y_scaffold4	769250	33	36	29	23	28	27	26	37	20	34	36	35	25	28	34	28	35	48	35	21	15	43	41
Y_scaffold4	769251	33	36	29	23	27	29	26	35	20	34	36	34	26	28	33	28	35	47	34	21	15	44	41
Y_scaffold4	769252	33	36	29	24	28	28	25	35	20	34	36	35	26	28	32	28	33	47	35	19	15	42	40
Y_scaffold4	769253	33	36	30	24	28	28	25	35	20	34	36	35	26	28	32	29	33	47	35	19	15	41	40
Y_scaffold4	769254	33	36	29	24	29	29	25	35	20	34	36	35	26	29	32	29	33	47	36	19	15	41	40
Y_scaffold4	769255	33	36	29	24	29	29	25	35	20	33	35	35	26	30	32	29	33	47	36	19	14	41	40
Y_scaffold4	769256	32	35	28	25	29	28	25	35	19	31	35	35	26	30	32	30	32	47	36	20	14	41	40
Y_scaffold4	769257	32	35	28	25	29	28	25	34	19	31	35	35	25	30	32	30	32	47	35	20	14	42	40
Y_scaffold4	769258	31	35	28	25	29	28	25	34	18	31	35	35	24	28	31	30	33	47	35	20	14	42	40
Y_scaffold4	769259	31	36	28	25	30	28	26	34	18	31	35	35	27	27	31	30	33	46	37	21	14	42	40
Y_scaffold4	769260	31	36	28	25	30	27	25	34	18	31	35	34	27	27	31	30	31	46	37	21	14	43	40
Y_scaffold4	769261	31	36	28	26	30	27	26	33	18	31	34	34	26	29	32	29	31	46	36	21	14	43	40
Y_scaffold4	769262	31	37	28	28	30	27	27	33	18	31	33	34	25	29	32	30	31	46	35	21	14	44	41
Y_scaffold4	769263	32	37	27	26	30	27	27	32	18	32	33	34	25	29	32	31	31	45	35	20	14	45	42
Y_scaffold4	769264	32	35	27	27	30	26	27	30	19	32	33	34	25	29	33	32	31	45	36	21	14	45	42
Y_scaffold4	769265	31	36	28	27	30	26	27	31	19	32	33	34	25	29	33	31	31	45	35	21	14	45	42
Y_scaffold4	769266	31	36	28	27	29	25	27	30	19	32	33	34	26	29	34	31	31	45	34	21	13	45	41
Y_scaffold4	769267	30	36	28	27	29	25	27	30	19	32	33	33	26	29	34	31	32	44	34	22	13	45	42
Y_scaffold4	769268	30	36	28	27	29	25	27	30	20	31	33	33	25	29	34	32	31	44	34	21	13	45	42
Y_scaffold4	769269	31	35	28	27	29	26	28	31	20	31	33	34	25	29	35	33	31	46	37	21	13	45	43
Y_scaffold4	769270	31	36	28	27	29	26	27	32	20	31	33	34	25	29	36	34	30	46	37	21	13	45	43
Y_scaffold4	769271	31	36	28	28	30	27	27	32	20	30	32	33	25	29	36	34	30	46	37	21	13	45	43
Y_scaffold4	769272	31	36	26	28	29	27	27	31	20	30	31	32	25	30	37	35	30	46	37	21	15	45	44
Y_scaffold4	769273	32	36	26	28	29	27	26	31	20	29	31	32	25	30	36	35	30	47	37	21	15	44	41
Y_scaffold4	769274	33	36	26	28	29	27	26	31	20	29	31	32	25	30	35	35	30	47	38	21	15	44	41
Y_scaffold4	769275	33	34	26	27	28	28	26	31	19	29	29	32	25	29	34	33	31	47	38	21	15	44	41
Y_scaffold4	769276	35	35	26	27	29	28	26	31	19	30	29	32	25	29	34	33	31	47	38	21	15	45	40
Y_scaffold4	769277	35	35	26	27	29	28	26	31	19	30	29	32	25	29	34	33	31	47	36	21	14	45	40
Y_scaffold4	769278	35	35	26	27	29	29	26	30	20	31	31	32	25	30	34	33	31	47	36	21	14	45	41
Y_scaffold4	769279	35	35	26	27	29	29	26	30	20	31	31	32	25	30	34	33	31	46	36	21	15	45	41
Y_scaffold4	769280	35	36	26	26	29	29	26	30	20	31	30	31	25	30	34	33	31	45	36	21	15	45	40
Y_scaffold4	769281	33	35	26	26	29	29	26	30	20	31	30	30	25	30	34	33	31	45	36	21	15	45	40
Y_scaffold4	769282	33	35	26	26	29	29	26	30	20	34	30	31	24	30	34	35	31	45	36	21	16	45	41
Y_scaffold4	769283	33	35	26	26	29	28	25	30	20	34	30	30	24	30	34	35	31	45	36	21	15	45	41
Y_scaffold4	769284	32	35	26	27	29	27	24	31	19	35	30	31	24	30	35	35	31	44	35	21	15	45	40
Y_scaffold4	769285	32	34	27	27	29	27	24	31	20	35	30	30	24	30	35	35	31	44	35	21	15	44	41
Y_scaffold4	769286	31	33	26	27	29	27	24	31	19	35	30	29	24	30	35	36	31	42	35	20	15	45	42
Y_scaffold4	769287	32	33	25	27	29	28	25	31	19	35	30	30	25	30	35	37	32	43	35	19	15	45	43
Y_scaffold4	769288	33	33	25	28	28	28	26	31	19	35	30	31	26	30	36	37	31	43	34	18	15	47	43
Y_scaffold4	769289	33	33	25	27	27	28	26	30	18	35	29	30	27	30	35	38	31	42	33	18	15	47	43
Y_scaffold4	769290	33	33	25	28	26	28	26	31	18	35	29	29	27	29	36	38	31	42	32	18	15	46	43
Y_scaffold4	769291	33	33	25	28	28	28	27	32	18	35	29	29	27	29	36	39	31	42	32	18	15	47	43
Y_scaffold4	769292	33	33	26	28	28	28	28	32	18	35	29	30	27	29	36	39	32	42	31	17	15	47	41
Y_scaffold4	769293	33	33	25	28	28	28	28	33	17	37	29	31	27	29	36	39	32	40	32	17	15	47	41
Y_scaffold4	769294	33	33	24	28	28	28	28	33	17	37	30	31	28	28	36	39	32	39	32	17	15	47	41
Y_scaffold4	769295	33	33	24	29	28	28	28	33	18	39	30	31	29	28	36	39	32	39	32	17	15	47	41
Y_scaffold4	769296	33	33	24	29	28	28	28	33	18	39	31	31	28	28	36	39	32	40	32	17	17	46	42
Y_scaffold4	769297	33	33	25	29	28	28	28	34	18	39	31	31	27	28	37	39	32	40	32	17	17	45	42
Y_scaffold4	769298	33	33	27	30	28	29	27	34	18	37	31	31	27	28	37	40	32	40	32	17	17	45	42
Y_scaffold4	769299	32	33	27	30	28	30	26	35	18	36	30	31	26	27	37	40	31	40	32	17	17	46	43
Y_scaffold4	769300	32	33	27	30	28	32	26	35	18	36	30	31	26	27	37	41	32	40	34	18	17	48	43
Y_scaffold4	769301	32	33	27	31	28	33	26	34	17	36	30	31	26	26	37	41	31	41	34	19	17	48	42
Y_scaffold4	769302	31	33	28	30	27	33	25	35	16	35	29	31	26	26	35	40	31	41	34	20	17	48	42
Y_scaffold4	769303	31	32	28	30	27	33	25	36	16	35	29	31	26	27	35	40	31	41	34	20	17	48	42
Y_scaffold4	769304	31	33	29	30	28	33	25	35	16	35	29	31	26	26	35	39	30	37	34	19	17	48	39
Y_scaffold4	769305	31	34	31	30	28	34	25	37	17	35	29	31	26	26	35	39	31	38	34	19	17	48	39
Y_scaffold4	769306	31	34	31	30	28	34	25	37	17	35	28	31	26	25	35	39	31	38	34	19	17	48	39
Y_scaffold4	769307	32	33	31	30	29	34	24	37	16	34	28	30	26	25	35	39	31	37	35	20	17	47	39
Y_scaffold4	769308	32	33	31	30	29	34	23	36	16	34	28	29	26	24	35	39	32	33	35	21	18	47	39
Y_scaffold4	769309	31	33	29	30	30	34	23	36	16	34	27	29	26	24	36	39	32	33	35	22	18	48	39
Y_scaffold4	769310	31	33	29	30	30	34	22	34	16	35	26	28	26	24	34	38	32	33	36	22	19	48	39
Y_scaffold4	769311	32	33	29	30	30	34	22	35	15	34	27	28	26	23	34	39	32	33	36	22	19	45	38
Y_scaffold4	769312	33	33	30	31	30	34	22	35	14	34	28	28	26	23	35	39	31	33	35	22	19	47	38
Y_scaffold4	769313	33	33	30	31	31	34	22	34	14	34	27	29	26	23	33	39	30	33	36	22	19	47	38
Y_scaffold4	769314	33	33	30	31	31	34	23	33	14	34	27	29	26	23	33	39	30	33	36	22	19	47	38
Y_scaffold4	769315	33	32	31	31	31	33	23	34	14	34	27	28	26	23	32	39	30	33	36	23	19	46	38
Y_scaffold4	769316	33	32	32	32	31	33	23	34	16	35	27	27	26	23	33	39	30	33	36	23	19	46	37
Y_scaffold4	769317	33	33	32	32	31	33	24	34	17	34	27	28	26	23	33	37	30	33	37	23	20	46	37
Y_scaffold4	769318	33	33	32	32	32	33	23	36	17	35	27	28	26	22	33	37	30	34	37	23	19	46	36
Y_scaffold4	769319	33	33	32	34	32	33	22	35	17	35	29	28	26	23	33	37	30	34	37	24	19	46	36
Y_scaffold4	769320	33	33	32	34	32	33	22	35	17	35	29	28	26	23	32	37	30	34	37	23	19	46	37
Y_scaffold4	769321	33	33	31	34	31	33	23	35	17	35	27	28	23	23	32	37	30	33	37	22	19	46	37
Y_scaffold4	769322	32	33	31	35	30	33	23	36	17	34	29	28	24	22	34	37	31	33	36	22	19	46	37
Y_scaffold4	769323	32	32	32	35	30	32	23	37	18	33	29	28	24	22	34	38	31	32	35	22	19	46	37
Y_scaffold4	769324	32	32	32	35	30	32	23	37	18	33	29	28	24	23	34	38	30	32	35	22	19	46	37
Y_scaffold4	769325	33	33	31	35	30	32	23	38	18	32	29	28	25	23	34	38	30	32	35	22	19	46	37
Y_scaffold4	769326	33	33	31	35	32	32	23	38	18	31	29	28	24	23	34	38	30	34	35	22	18	46	37
Y_scaffold4	769327	33	34	31	35	32	32	23	38	19	31	27	29	25	24	35	38	28	34	35	22	18	46	37
Y_scaffold4	769328	34	33	31	35	32	31	23	38	19	31	27	29	25	24	35	38	28	31	35	22	19	43	37
Y_scaffold4	769329	34	33	31	35	32	31	24	38	20	31	27	30	25	24	35	38	28	32	35	22	19	43	37
Y_scaffold4	769330	34	31	30	35	31	29	24	38	19	31	28	31	24	24	36	38	26	29	33	22	17	44	37
Y_scaffold4	769331	33	31	31	35	31	30	24	38	19	31	28	31	24	23	35	38	26	30	33	22	17	44	38
Y_scaffold4	769332	33	31	31	35	31	30	24	38	18	31	28	31	24	23	35	38	26	30	32	22	17	44	38
Y_scaffold4	769333	33	31	31	35	32	30	24	38	18	31	29	31	24	23	36	37	26	30	31	22	18	44	39
Y_scaffold4	769334	34	31	31	35	32	30	25	38	18	31	31	31	24	23	36	37	26	30	31	22	19	43	39
Y_scaffold4	769335	35	31	30	35	33	30	25	38	18	30	30	30	24	23	35	37	26	31	31	22	19	43	40
Y_scaffold4	769336	35	31	30	36	32	30	24	38	19	29	30	30	24	23	35	37	26	31	31	22	19	44	41
Y_scaffold4	769337	35	31	29	37	32	30	24	38	20	29	31	30	24	23	36	37	26	31	31	22	19	43	40
Y_scaffold4	769338	35	31	29	37	32	28	24	38	19	29	32	29	24	23	36	36	26	31	32	23	20	43	40
Y_scaffold4	769339	35	31	28	37	32	28	24	37	19	29	32	29	24	23	36	36	25	31	32	23	20	42	40
Y_scaffold4	769340	35	31	28	37	32	28	24	37	19	29	32	29	24	23	36	35	25	30	32	23	20	42	41
Y_scaffold4	769341	35	32	28	37	32	28	25	37	19	29	32	28	24	23	36	35	25	31	32	23	20	42	40
Y_scaffold4	769342	35	31	28	37	32	28	25	37	19	29	31	28	24	23	36	35	25	32	31	23	20	42	40
Y_scaffold4	769343	35	30	28	36	31	28	25	37	19	29	31	28	24	23	37	36	26	33	31	23	22	42	42
Y_scaffold4	769344	36	30	28	36	31	28	25	37	19	29	31	28	24	23	37	36	26	33	31	23	22	42	43
Y_scaffold4	769345	35	29	28	35	31	31	25	37	19	28	31	28	26	23	36	35	25	34	31	23	22	41	43
Y_scaffold4	769346	35	29	28	35	31	31	25	37	19	28	32	28	26	23	36	35	25	34	31	22	22	41	43
Y_scaffold4	769347	36	29	27	34	31	29	25	38	19	29	32	28	26	23	36	35	24	34	31	22	22	38	43
Y_scaffold4	769348	36	30	27	34	31	29	25	39	19	29	32	28	26	24	36	35	24	34	31	22	21	39	43
Y_scaffold4	769349	36	30	28	34	31	29	25	39	19	28	32	28	26	25	36	34	25	33	31	22	21	39	43
Y_scaffold4	769350	36	30	29	34	31	29	26	39	20	27	32	28	26	25	36	33	25	34	29	22	21	38	43
Y_scaffold4	769351	36	30	29	34	31	29	26	39	21	27	32	28	26	25	35	33	24	34	29	23	21	38	42
Y_scaffold4	769352	36	30	29	34	31	29	25	37	21	27	32	28	28	25	36	33	24	34	30	23	21	38	42
Y_scaffold4	769353	37	31	29	32	29	28	24	37	21	27	31	27	29	24	35	32	25	33	31	22	22	36	42
Y_scaffold4	769354	38	31	28	32	29	28	25	37	20	28	31	27	30	24	34	32	27	32	31	22	22	37	42
Y_scaffold4	769355	38	31	28	32	29	28	27	38	20	28	31	28	30	25	34	32	27	32	32	22	22	38	42
Y_scaffold4	769356	38	32	27	30	29	28	26	38	20	28	29	28	30	24	33	32	27	32	32	22	21	38	42
Y_scaffold4	769357	38	32	27	30	29	28	27	38	19	30	29	28	30	24	33	32	27	33	33	22	21	38	43
Y_scaffold4	769358	39	32	27	30	29	28	27	38	20	30	29	28	30	23	32	32	27	33	33	22	21	38	44
Y_scaffold4	769359	40	32	27	30	28	28	27	38	20	30	28	28	30	24	32	32	27	34	33	22	21	38	44
Y_scaffold4	769360	40	32	27	30	28	28	28	37	20	30	29	28	30	25	32	31	28	34	33	22	21	38	44
Y_scaffold4	769361	40	32	27	30	28	28	28	37	20	30	28	28	30	26	32	31	28	33	33	22	21	37	42
Y_scaffold4	769362	40	31	28	30	28	28	27	37	20	29	28	27	29	26	32	31	28	33	31	22	21	37	42
Y_scaffold4	769363	40	31	28	30	28	28	28	37	20	29	28	27	29	26	32	31	28	33	31	22	21	37	42
Y_scaffold4	769364	41	31	28	31	27	28	27	37	20	29	28	26	29	26	32	31	28	33	31	22	21	36	42
Y_scaffold4	769365	41	31	28	31	26	28	27	38	20	28	28	26	30	26	32	31	28	33	31	21	21	36	42
Y_scaffold4	769366	40	32	28	30	26	28	27	37	20	28	28	27	30	26	31	31	27	32	31	21	20	35	42
Y_scaffold4	769367	41	31	28	31	25	28	27	38	19	28	28	27	30	25	31	31	27	31	31	21	20	35	42
Y_scaffold4	769368	41	32	28	31	25	28	28	38	19	28	30	27	30	25	31	32	27	31	31	21	20	35	41
Y_scaffold4	769369	41	32	28	31	24	28	28	39	19	28	30	28	30	25	31	32	28	31	31	21	20	35	41
Y_scaffold4	769370	42	31	28	31	25	29	28	40	19	29	30	28	30	25	31	32	29	32	31	23	20	35	41
Y_scaffold4	769371	43	32	27	31	25	29	28	40	19	29	30	28	30	25	30	32	29	32	31	23	20	35	40
Y_scaffold4	769372	43	32	27	30	25	29	27	39	20	29	30	28	30	25	30	32	29	31	31	23	20	36	40
Y_scaffold4	769373	42	31	27	31	26	29	27	39	20	29	30	28	30	25	30	33	29	31	31	25	20	37	41
Y_scaffold4	769374	42	31	28	32	26	29	27	39	20	29	30	28	30	25	30	34	30	31	31	25	20	37	41
Y_scaffold4	769375	42	31	26	33	26	29	27	39	20	29	29	29	29	25	29	34	31	30	31	25	20	37	41
Y_scaffold4	769376	42	32	25	33	26	29	28	39	20	29	29	29	30	25	28	34	31	31	30	25	20	37	40
Y_scaffold4	769377	42	32	25	33	26	28	28	38	20	29	29	29	29	25	29	34	31	30	30	26	20	37	41
Y_scaffold4	769378	42	32	25	34	27	28	28	39	19	29	29	29	29	24	29	34	30	30	30	26	21	38	41
Y_scaffold4	769379	42	32	25	34	27	28	29	40	19	29	27	29	29	24	29	33	30	30	30	26	21	37	41
Y_scaffold4	769380	42	32	24	34	27	28	28	40	19	29	28	29	28	24	29	32	31	29	30	25	21	37	39
Y_scaffold4	769381	41	33	24	34	28	28	28	40	19	29	29	29	28	25	31	33	31	31	31	26	20	36	38
Y_scaffold4	769382	41	33	24	34	28	28	28	40	19	29	30	29	28	25	31	32	31	32	31	25	20	36	38
Y_scaffold4	769383	40	31	26	34	29	28	28	41	19	29	31	26	28	25	30	32	32	32	30	25	20	36	39
Y_scaffold4	769384	39	31	26	35	28	28	28	41	20	29	31	26	28	25	31	32	32	32	30	25	20	36	38
Y_scaffold4	769385	39	31	26	35	30	28	28	42	21	29	31	28	28	25	31	32	32	32	30	25	20	36	38
Y_scaffold4	769386	37	30	26	35	29	27	28	41	21	29	31	29	28	25	31	32	33	32	29	25	20	35	38
Y_scaffold4	769387	37	30	26	35	29	27	28	41	21	29	31	29	28	23	30	31	33	32	29	25	20	35	38
Y_scaffold4	769388	37	30	25	35	30	27	27	41	22	30	31	30	29	23	30	32	34	33	29	25	21	35	38
Y_scaffold4	769389	37	30	25	35	30	27	27	41	22	30	32	30	28	23	31	32	34	32	30	26	22	35	39
Y_scaffold4	769390	37	30	25	34	30	27	26	41	22	28	32	31	28	22	31	32	34	32	31	26	22	34	39
Y_scaffold4	769391	37	30	25	35	31	27	27	40	21	28	31	31	28	21	31	32	34	34	32	26	22	35	39
Y_scaffold4	769392	37	31	24	34	32	27	27	40	21	28	31	31	29	21	31	31	34	34	32	26	22	34	38
Y_scaffold4	769393	37	31	25	35	32	27	27	41	21	28	31	30	29	23	31	31	34	35	34	27	22	35	38
Y_scaffold4	769394	37	31	25	35	33	27	27	42	21	28	31	30	29	24	31	31	34	36	34	27	22	35	39
Y_scaffold4	769395	36	31	25	35	34	27	27	40	21	28	31	30	29	24	31	30	30	37	35	26	22	34	40
Y_scaffold4	769396	36	30	26	35	34	27	27	39	21	27	31	31	29	23	31	30	31	37	35	26	22	34	40
Y_scaffold4	769397	36	30	26	34	34	27	27	39	21	27	31	31	28	23	33	30	31	38	35	26	22	34	39
Y_scaffold4	769398	36	30	26	34	34	27	27	39	21	26	31	30	27	23	33	30	31	38	35	26	22	33	40
Y_scaffold4	769399	37	29	26	34	34	28	27	40	22	26	30	30	28	23	34	30	28	39	36	26	23	34	40
Y_scaffold4	769400	37	29	27	33	34	28	27	40	22	26	29	31	28	23	34	30	27	39	36	25	24	34	40
Y_scaffold4	769401	38	29	27	33	34	26	28	40	22	26	29	32	27	24	34	30	27	39	36	25	24	33	39
Y_scaffold4	769402	38	29	27	32	33	26	28	40	22	26	29	32	27	23	34	31	27	40	36	25	24	33	39
Y_scaffold4	769403	38	29	26	32	34	27	28	40	23	27	30	32	29	23	34	30	27	43	37	25	24	33	39
Y_scaffold4	769404	38	29	27	33	34	26	28	40	23	27	30	32	29	22	34	30	27	43	36	25	24	33	39
Y_scaffold4	769405	38	29	27	33	34	26	28	40	23	27	31	32	31	21	34	31	28	43	36	25	23	33	39
Y_scaffold4	769406	39	30	27	32	36	26	29	40	24	27	31	32	31	21	34	30	29	43	36	24	23	34	39
Y_scaffold4	769407	39	30	27	32	36	26	28	40	24	27	31	32	29	21	34	30	29	43	35	24	23	33	39
Y_scaffold4	769408	39	30	27	32	36	26	28	40	24	27	31	32	29	21	33	30	28	43	34	23	23	34	39
Y_scaffold4	769409	39	29	27	32	36	26	28	40	24	27	32	33	28	21	33	30	28	43	35	23	24	35	39
Y_scaffold4	769410	39	28	27	33	36	26	28	41	25	27	32	33	28	20	33	31	29	43	35	23	25	34	39
Y_scaffold4	769411	39	27	27	32	37	26	27	41	25	26	32	33	28	19	32	31	29	43	35	23	25	34	37
Y_scaffold4	769412	40	27	27	31	37	26	27	41	25	26	32	33	28	19	33	31	29	43	35	23	25	34	38
Y_scaffold4	769413	39	28	28	31	37	26	27	42	25	26	31	33	28	19	33	30	30	43	35	23	25	34	38
Y_scaffold4	769414	38	28	28	30	37	27	27	42	25	26	31	33	29	19	32	30	30	43	34	23	25	34	38
Y_scaffold4	769415	39	27	27	31	37	26	29	42	25	25	31	33	29	20	31	30	30	44	33	23	25	34	39
Y_scaffold4	769416	39	27	27	31	37	26	29	42	26	25	31	33	29	21	31	29	30	43	32	23	25	35	39
Y_scaffold4	769417	39	27	29	31	37	26	29	42	26	25	31	32	29	21	31	29	29	42	31	22	25	35	38
Y_scaffold4	769418	39	27	29	31	37	27	28	42	25	25	31	32	30	22	30	28	30	42	32	23	25	34	39
Y_scaffold4	769419	38	26	29	31	37	27	28	41	25	25	31	33	30	23	30	27	30	42	32	23	25	34	40
Y_scaffold4	769420	38	27	29	31	37	27	28	40	26	25	32	33	30	23	30	27	30	43	32	24	25	34	40
Y_scaffold4	769421	39	28	29	30	36	26	29	40	26	25	32	34	30	23	29	27	30	43	32	24	23	34	39
Y_scaffold4	769422	39	28	29	30	36	28	29	41	26	25	32	34	30	23	30	26	30	43	32	24	23	34	39
Y_scaffold4	769423	37	28	31	30	37	29	29	42	27	25	32	34	31	23	30	26	30	41	31	24	24	35	39
Y_scaffold4	769424	37	28	31	30	39	31	30	42	27	25	32	34	31	23	31	26	30	42	31	24	24	35	39
Y_scaffold4	769425	37	28	31	31	39	30	30	42	28	24	32	35	31	23	31	26	29	42	31	24	24	35	39
Y_scaffold4	769426	35	27	31	31	38	30	30	42	28	22	32	35	32	23	31	26	29	42	31	24	24	34	39
Y_scaffold4	769427	35	27	31	31	39	30	30	42	28	21	30	35	33	22	31	26	29	43	31	25	25	33	38
Y_scaffold4	769428	35	27	31	31	39	29	30	42	27	22	30	35	33	22	31	25	29	44	31	25	25	33	38
Y_scaffold4	769429	35	28	31	31	39	29	30	42	27	22	31	35	33	22	31	26	29	44	31	25	24	34	37
Y_scaffold4	769430	35	28	31	32	39	30	31	42	27	21	31	35	33	22	31	25	29	44	31	25	23	34	37
Y_scaffold4	769431	35	28	31	32	39	30	31	43	27	21	31	35	33	22	31	24	29	44	31	25	23	34	36
Y_scaffold4	769432	35	28	33	32	39	30	31	42	27	19	30	33	32	22	31	24	31	45	32	25	23	34	35
Y_scaffold4	769433	35	28	33	32	39	31	31	41	27	19	30	34	33	22	30	24	32	45	32	25	23	34	35
Y_scaffold4	769434	35	28	33	33	39	31	31	41	27	19	30	35	33	23	31	24	32	45	32	25	23	34	35
Y_scaffold4	769435	32	28	33	32	39	31	29	42	26	22	30	34	33	23	31	24	30	45	32	25	23	34	35
Y_scaffold4	769436	33	28	33	32	39	31	29	42	26	22	31	34	33	23	31	23	30	45	32	26	23	34	34
Y_scaffold4	769437	33	28	33	32	39	30	30	42	26	23	31	34	33	23	31	22	30	45	32	26	23	34	33
Y_scaffold4	769438	33	30	33	32	40	30	30	42	26	24	32	33	33	23	30	22	30	46	32	27	23	32	34
Y_scaffold4	769439	32	30	33	31	40	29	30	41	26	24	32	32	33	23	29	21	30	46	33	27	23	32	34
Y_scaffold4	769440	32	30	33	31	40	30	30	41	26	24	32	32	33	24	29	21	30	46	34	27	23	32	34
Y_scaffold4	769441	32	30	33	31	38	30	29	41	26	24	32	32	33	24	29	20	30	46	34	27	23	31	34
Y_scaffold4	769442	33	30	34	32	39	33	28	41	26	24	32	33	33	24	29	21	30	46	34	28	24	33	34
Y_scaffold4	769443	34	30	34	32	38	33	29	40	26	22	32	36	33	26	28	21	32	46	33	28	24	33	37
Y_scaffold4	769444	35	30	34	32	38	34	29	41	26	22	32	36	33	26	28	21	32	46	33	29	24	33	38
Y_scaffold4	769445	35	30	33	31	37	34	30	41	25	23	31	37	32	26	28	21	32	45	33	29	22	34	37
Y_scaffold4	769446	36	30	33	31	37	34	30	41	25	23	31	37	32	26	28	23	32	45	33	29	22	34	38
Y_scaffold4	769447	37	29	33	32	37	34	30	40	25	23	31	37	32	27	27	23	32	47	33	29	23	35	38
Y_scaffold4	769448	37	29	32	31	37	34	32	40	25	24	31	37	33	27	27	22	32	47	33	29	23	36	38
Y_scaffold4	769449	36	30	32	31	37	34	32	39	25	24	31	37	33	27	28	22	32	47	34	29	23	35	37
Y_scaffold4	769450	37	30	32	32	38	31	34	38	25	24	31	38	33	27	28	23	32	47	33	28	23	33	38
Y_scaffold4	769451	37	30	31	32	38	31	33	38	25	24	32	38	33	27	28	23	32	46	33	27	24	33	38
Y_scaffold4	769452	38	30	31	32	39	31	33	38	25	24	32	39	34	29	28	23	32	46	33	27	24	33	39
Y_scaffold4	769453	38	28	31	32	39	30	33	35	26	24	32	39	34	28	28	24	31	46	33	27	24	34	39
Y_scaffold4	769454	38	28	31	32	38	31	33	35	28	24	33	39	34	28	28	24	31	46	32	27	25	35	39
Y_scaffold4	769455	38	28	29	32	38	31	34	35	27	25	33	39	34	28	28	25	33	45	32	27	25	35	38
Y_scaffold4	769456	37	28	30	32	39	31	34	35	27	25	33	40	34	28	28	25	33	45	32	27	25	35	38
Y_scaffold4	769457	36	28	30	32	37	31	34	36	27	25	33	40	34	28	28	25	33	45	32	26	25	35	38
Y_scaffold4	769458	37	28	31	32	38	31	35	36	28	25	33	40	34	28	28	25	32	45	32	25	24	36	38
Y_scaffold4	769459	37	29	32	32	36	31	35	36	29	25	34	40	35	28	28	25	32	45	30	24	24	36	38
Y_scaffold4	769460	36	29	32	31	35	31	35	35	29	25	34	40	35	28	28	25	32	45	31	24	24	35	38
Y_scaffold4	769461	36	29	32	31	35	31	35	37	30	25	33	41	36	29	28	24	32	46	32	24	25	35	38
Y_scaffold4	769462	36	29	31	32	36	30	35	37	31	25	33	42	37	29	27	25	32	46	32	24	25	34	38
Y_scaffold4	769463	35	29	31	32	36	30	35	37	31	26	33	41	38	29	27	25	32	46	30	24	25	34	39
Y_scaffold4	769464	35	28	30	32	36	30	34	38	31	26	33	40	37	30	27	25	32	46	30	23	25	34	39
Y_scaffold4	769465	35	29	28	32	36	30	34	37	29	26	33	41	37	30	28	26	33	46	30	23	25	34	39
Y_scaffold4	769466	35	29	29	31	36	31	34	37	29	26	33	41	37	30	27	26	34	46	30	23	25	34	39
Y_scaffold4	769467	35	29	29	31	35	31	33	35	28	25	33	40	37	30	27	28	34	45	29	23	24	34	40
Y_scaffold4	769468	35	29	30	32	36	31	33	35	28	25	31	40	37	31	27	28	34	45	29	22	24	34	40
Y_scaffold4	769469	36	28	30	31	37	31	32	36	29	26	31	40	37	30	26	28	34	45	29	22	24	34	41
Y_scaffold4	769470	36	28	30	31	38	31	32	36	29	26	31	40	37	30	26	28	35	45	30	22	24	34	40
Y_scaffold4	769471	36	28	30	31	38	31	31	36	29	27	32	40	37	30	27	29	35	45	30	23	24	34	41
Y_scaffold4	769472	36	27	30	31	39	31	31	35	29	27	31	40	36	30	26	29	34	45	30	22	24	34	41
Y_scaffold4	769473	36	27	29	31	39	31	31	34	28	27	31	41	36	30	26	28	35	46	30	22	24	34	41
Y_scaffold4	769474	36	26	29	31	40	30	31	33	28	27	32	41	36	29	26	29	35	48	30	23	24	34	41
Y_scaffold4	769475	36	27	29	31	40	31	31	33	28	28	32	41	37	29	27	29	35	48	30	24	24	34	41
Y_scaffold4	769476	37	28	29	32	39	31	31	33	28	28	32	41	36	29	27	29	34	47	31	24	25	34	41
Y_scaffold4	769477	37	28	29	32	40	31	31	34	28	28	32	41	36	28	26	29	34	47	31	24	25	34	41
Y_scaffold4	769478	36	28	30	33	40	30	30	36	28	30	33	40	38	29	26	29	34	49	31	25	24	34	40
Y_scaffold4	769479	36	29	30	33	41	30	31	36	27	30	34	40	38	29	26	29	34	49	31	26	24	34	40
Y_scaffold4	769480	37	29	30	33	40	30	31	36	27	30	33	39	38	29	25	29	34	49	30	25	24	33	40
Y_scaffold4	769481	36	30	29	33	40	29	31	37	27	30	34	39	38	29	26	30	34	49	30	25	24	34	40
Y_scaffold4	769482	36	30	29	32	40	29	32	37	27	30	34	40	38	29	27	30	34	49	31	24	24	34	40
Y_scaffold4	769483	36	30	29	32	40	29	31	37	27	30	33	39	38	29	27	30	34	49	31	24	23	35	39
Y_scaffold4	769484	34	30	29	33	40	31	31	37	27	30	33	39	38	29	29	30	35	49	31	24	23	35	39
Y_scaffold4	769485	35	31	29	32	38	31	32	38	26	30	32	39	38	29	29	30	35	48	32	24	23	35	39
Y_scaffold4	769486	35	31	29	33	38	31	32	38	25	31	33	39	38	29	29	30	35	48	32	24	23	34	38
Y_scaffold4	769487	35	31	29	33	38	31	32	37	25	31	33	39	38	29	28	30	35	48	32	24	23	34	41
Y_scaffold4	769488	35	31	31	31	38	31	32	37	25	31	32	39	38	29	28	30	36	48	31	23	22	34	41
Y_scaffold4	769489	35	31	32	31	38	32	33	38	26	31	32	39	40	29	28	30	35	49	33	23	22	34	41
Y_scaffold4	769490	35	30	33	32	38	32	32	38	26	31	32	40	40	29	29	30	35	49	33	23	23	34	40
Y_scaffold4	769491	35	30	33	32	38	32	32	38	26	31	32	40	40	30	28	29	35	48	33	23	21	34	39
Y_scaffold4	769492	33	30	33	32	38	32	32	39	27	31	32	40	40	30	29	29	36	48	33	23	22	34	39
Y_scaffold4	769493	34	31	33	32	39	32	32	39	27	32	32	40	41	30	29	30	36	48	33	23	22	34	40
Y_scaffold4	769494	33	32	33	32	39	33	32	39	27	32	32	40	40	30	29	30	36	49	33	23	22	34	39
Y_scaffold4	769495	33	32	33	32	39	30	32	39	27	32	32	41	38	30	29	29	36	48	32	23	22	34	39
Y_scaffold4	769496	33	32	33	32	39	30	32	39	27	31	31	41	38	30	29	29	36	49	32	23	22	35	39
Y_scaffold4	769497	31	31	33	32	38	30	31	38	28	30	31	40	38	30	30	29	37	50	32	23	22	34	39
Y_scaffold4	769498	31	31	33	32	38	30	31	38	28	30	31	40	38	30	30	29	37	50	32	23	22	34	39
Y_scaffold4	769499	31	31	32	32	38	30	31	38	28	30	31	40	38	29	30	29	36	49	32	23	23	33	39
Y_scaffold4	769500	31	33	31	32	38	30	31	39	27	31	31	40	38	30	30	29	36	49	32	23	23	33	39
Y_scaffold4	769501	31	33	32	32	38	30	31	38	26	31	32	40	38	30	30	29	36	49	32	22	23	33	40
Y_scaffold4	769502	31	33	32	32	38	30	31	38	26	31	32	40	35	29	29	29	36	50	30	22	23	34	40
Y_scaffold4	769503	30	32	32	32	38	31	31	38	26	31	31	38	35	29	29	29	34	50	31	22	22	34	40
Y_scaffold4	769504	29	32	32	32	38	31	30	38	26	30	31	38	34	29	29	29	33	50	30	22	22	32	40
Y_scaffold4	769505	29	34	32	32	38	31	29	38	26	30	32	37	35	28	30	29	33	50	32	22	22	34	44
Y_scaffold4	769506	29	33	32	32	39	32	30	38	26	30	32	37	35	28	30	29	33	49	32	22	22	33	44
Y_scaffold4	769507	29	33	32	32	39	32	29	38	27	28	31	37	35	28	30	29	33	48	31	23	22	33	43
Y_scaffold4	769508	30	33	32	31	41	32	29	38	26	28	31	37	35	28	31	29	33	48	31	24	22	33	42
Y_scaffold4	769509	29	33	32	31	40	32	29	38	26	27	30	37	35	26	30	29	33	47	31	24	22	33	41
Y_scaffold4	769510	30	33	32	32	40	32	28	38	26	28	30	37	35	26	31	29	33	48	31	24	22	34	41
Y_scaffold4	769511	30	33	32	32	40	33	29	39	26	27	30	38	35	25	31	29	33	48	31	24	22	34	41
Y_scaffold4	769512	30	33	31	32	41	33	30	40	26	27	30	38	35	25	31	29	34	49	31	24	22	34	41
Y_scaffold4	769513	30	33	31	32	41	33	29	41	26	28	30	38	35	25	31	29	34	49	32	24	22	34	41
Y_scaffold4	769514	29	33	31	31	41	33	29	41	26	28	30	38	35	25	31	29	34	49	32	24	23	35	41
Y_scaffold4	769515	30	33	31	32	41	33	29	40	26	28	30	37	34	25	32	28	34	49	32	24	23	35	41
Y_scaffold4	769516	31	33	32	32	41	33	29	41	26	28	30	37	34	26	33	28	35	50	32	24	23	35	41
Y_scaffold4	769517	30	32	32	31	42	33	29	41	26	28	31	37	34	26	33	28	35	50	32	24	23	36	42
Y_scaffold4	769518	31	32	32	30	42	33	28	41	26	29	29	37	34	27	33	28	35	50	32	24	23	36	42
Y_scaffold4	769519	31	32	32	30	42	32	28	40	26	29	29	36	34	27	34	28	34	50	32	23	23	36	42
Y_scaffold4	769520	30	33	32	31	41	32	28	39	26	28	29	37	35	27	35	28	33	49	32	22	23	36	42
Y_scaffold4	769521	29	32	32	31	41	32	28	39	26	29	29	37	36	27	35	28	33	49	32	22	23	36	42
Y_scaffold4	769522	31	32	32	30	40	33	28	39	25	29	31	37	35	27	35	28	33	49	33	21	23	36	43
Y_scaffold4	769523	32	32	32	29	40	33	28	39	25	30	31	37	35	27	36	27	33	49	33	20	23	35	42
Y_scaffold4	769524	33	32	31	27	40	33	28	38	25	31	31	36	35	27	36	27	32	49	32	20	23	36	42
Y_scaffold4	769525	33	32	31	28	40	34	29	38	25	31	31	37	35	28	36	27	31	50	32	20	23	36	42
Y_scaffold4	769526	33	31	31	28	40	34	28	38	25	31	32	37	34	28	36	27	31	49	33	20	23	36	42
Y_scaffold4	769527	33	31	31	28	40	34	28	38	25	31	33	37	34	28	35	27	31	49	33	19	23	35	41
Y_scaffold4	769528	33	31	31	27	40	34	27	37	25	31	33	37	34	28	37	28	32	49	34	19	22	37	41
Y_scaffold4	769529	33	31	31	27	39	34	27	36	25	31	34	38	34	28	37	28	33	48	33	19	22	37	41
Y_scaffold4	769530	33	30	31	27	39	34	27	36	25	32	34	38	34	28	38	27	31	48	34	19	22	37	42
Y_scaffold4	769531	33	30	31	27	39	34	27	36	25	33	33	38	33	28	37	27	31	47	34	19	22	38	43
Y_scaffold4	769532	34	30	31	27	40	34	27	35	25	34	32	38	33	28	37	27	31	46	35	19	22	38	45
Y_scaffold4	769533	35	30	29	27	39	34	27	35	25	34	31	39	34	28	37	28	30	46	35	19	22	38	45
Y_scaffold4	769534	35	30	29	27	39	34	27	36	24	34	31	39	34	28	36	28	30	46	35	19	22	38	45
Y_scaffold4	769535	35	30	29	27	38	34	27	35	24	35	32	38	34	28	36	29	30	46	35	19	22	38	45
Y_scaffold4	769536	35	30	29	27	38	33	27	35	25	35	32	38	35	28	36	29	29	46	35	19	22	38	45
Y_scaffold4	769537	37	31	29	27	37	33	28	35	26	36	32	37	35	28	36	30	30	45	35	19	22	39	46
Y_scaffold4	769538	37	31	29	27	37	32	28	35	25	35	32	38	34	28	37	30	30	45	35	19	21	40	46
Y_scaffold4	769539	39	31	29	27	37	32	27	35	25	35	31	39	34	28	36	29	30	45	34	19	19	40	45
Y_scaffold4	769540	39	31	29	28	37	33	27	35	25	35	32	39	34	29	36	29	31	44	34	20	19	40	45
Y_scaffold4	769541	38	31	32	28	37	34	28	35	25	35	33	39	34	29	36	29	31	42	34	20	19	40	45
Y_scaffold4	769542	38	30	32	28	36	34	30	35	25	35	33	39	33	29	36	30	31	42	33	20	19	39	45
Y_scaffold4	769543	38	30	31	27	36	34	30	34	25	35	35	39	33	28	36	30	32	42	32	19	19	39	44
Y_scaffold4	769544	37	30	31	27	35	34	30	33	25	35	35	39	34	28	36	30	32	41	32	19	19	39	43
Y_scaffold4	769545	37	31	31	27	34	34	30	33	25	35	35	39	34	28	36	30	33	40	31	19	19	40	42
Y_scaffold4	769546	37	31	30	28	34	34	30	33	25	35	35	37	35	28	36	30	32	40	31	19	19	40	42
Y_scaffold4	769547	37	31	30	28	34	34	30	32	24	35	35	38	35	29	34	30	32	39	31	19	19	40	42
Y_scaffold4	769548	36	31	30	28	34	33	30	31	24	35	35	38	35	29	35	30	32	38	30	19	19	40	42
Y_scaffold4	769549	35	31	30	28	34	33	30	31	24	35	35	38	34	29	34	32	32	38	31	20	19	39	42
Y_scaffold4	769550	35	31	29	28	34	32	30	31	24	36	36	37	34	29	34	32	32	38	31	20	18	39	42
Y_scaffold4	769551	35	31	30	28	34	33	30	31	24	37	37	36	33	28	34	31	32	37	30	20	18	40	42
Y_scaffold4	769552	35	31	30	27	33	33	30	31	24	37	36	37	33	29	35	31	33	35	30	20	19	40	42
Y_scaffold4	769553	35	31	30	27	33	32	30	32	24	36	36	38	32	29	35	31	33	34	29	20	19	40	42
Y_scaffold4	769554	36	31	29	27	32	32	30	32	24	36	36	38	32	29	35	31	33	34	29	20	19	40	42
Y_scaffold4	769555	37	31	29	27	32	32	30	32	24	36	36	39	31	29	36	31	32	33	30	20	19	40	43
Y_scaffold4	769556	37	30	29	27	30	32	29	33	23	36	36	40	31	29	36	31	31	33	31	20	19	39	43
Y_scaffold4	769557	37	30	30	27	30	32	29	33	23	36	37	39	31	29	37	31	31	33	30	20	20	38	43
Y_scaffold4	769558	37	30	30	26	30	32	29	34	23	37	36	39	31	29	38	32	31	33	31	20	20	37	43
Y_scaffold4	769559	38	30	30	26	30	32	29	33	23	37	36	39	31	29	38	31	31	33	31	20	19	37	44
Y_scaffold4	769560	38	30	30	25	29	32	29	33	23	37	36	39	31	29	37	31	30	33	31	20	18	37	44
Y_scaffold4	769561	38	30	30	25	29	33	29	33	23	38	36	39	32	29	37	30	30	33	31	20	18	37	44
Y_scaffold4	769562	37	31	31	25	29	33	29	33	23	38	36	39	32	29	36	30	31	33	31	21	18	37	44
Y_scaffold4	769563	37	30	30	25	29	33	30	34	23	38	36	39	33	29	37	30	30	33	31	21	18	37	44
Y_scaffold4	769564	38	30	30	26	29	32	31	34	22	38	36	39	33	28	37	29	30	32	31	20	18	37	44
Y_scaffold4	769565	37	30	30	25	29	32	31	34	22	38	36	39	32	28	37	29	30	32	31	20	18	38	43
Y_scaffold4	769566	37	30	30	26	29	32	32	34	21	39	36	39	32	27	37	29	30	33	31	20	19	37	43
Y_scaffold4	769567	37	30	29	26	29	32	32	33	21	40	36	39	31	27	37	29	30	33	31	20	19	37	44
Y_scaffold4	769568	36	29	30	26	29	31	33	33	21	40	36	39	31	25	38	30	29	33	31	19	21	38	42
Y_scaffold4	769569	36	29	30	25	29	31	33	33	21	40	36	38	31	26	37	30	29	33	31	19	21	38	41
Y_scaffold4	769570	36	29	30	25	28	31	33	33	20	40	35	38	31	26	37	30	29	33	31	18	21	38	41
Y_scaffold4	769571	36	28	30	25	28	31	32	33	20	40	35	38	31	27	37	29	30	33	31	18	22	38	41
Y_scaffold4	769572	37	27	30	25	28	29	32	32	20	40	35	38	31	26	35	29	30	33	32	18	22	38	41
Y_scaffold4	769573	37	27	28	24	28	26	32	30	19	40	35	37	30	26	35	30	30	33	32	18	21	38	41
Y_scaffold4	769574	37	27	28	24	27	26	32	30	19	40	35	37	30	26	36	30	31	33	32	18	21	38	41
Y_scaffold4	769575	38	27	28	24	27	26	33	30	18	40	35	37	30	26	38	31	31	33	33	18	21	38	41
Y_scaffold4	769576	38	27	28	24	28	26	33	31	18	40	35	38	30	26	39	31	32	33	32	18	21	39	41
Y_scaffold4	769577	38	27	28	24	27	26	33	32	18	40	35	38	29	26	39	30	32	33	32	17	20	39	43
Y_scaffold4	769578	38	26	28	25	27	26	33	33	18	40	35	38	29	26	39	30	33	32	32	18	20	39	43
Y_scaffold4	769579	39	27	28	25	27	26	34	33	18	40	34	38	30	26	39	30	33	34	32	18	20	38	44
Y_scaffold4	769580	39	27	29	25	27	25	33	33	18	40	34	39	31	26	39	30	33	34	32	18	20	38	44
Y_scaffold4	769581	39	27	28	26	27	25	34	32	18	40	34	39	31	26	40	30	34	33	31	18	20	38	44
Y_scaffold4	769582	39	27	27	26	27	25	34	32	18	41	34	39	31	26	40	30	32	33	31	18	20	38	44
Y_scaffold4	769583	39	28	27	25	27	24	34	33	18	40	34	38	29	26	41	30	31	33	31	18	20	38	44
Y_scaffold4	769584	39	28	27	25	27	24	35	34	18	40	34	37	29	25	40	30	31	34	32	18	20	39	44
