Y_scaffold4	767761	33	33	20	32	31	29	35	34	29	39	37	31	40	21	34	36	44	43	27	30	23	38	46
Y_scaffold4	767762	33	33	20	32	33	29	35	34	29	39	36	31	40	21	34	36	44	43	27	30	24	38	46
Y_scaffold4	767763	33	33	20	32	34	29	35	35	29	39	36	31	40	21	34	36	44	43	27	29	24	38	46
Y_scaffold4	767764	34	33	21	32	34	29	36	37	29	38	35	31	41	21	34	36	44	43	27	29	24	38	46
Y_scaffold4	767765	34	32	21	32	34	29	36	37	29	37	35	30	41	20	35	36	44	43	27	29	23	39	45
Y_scaffold4	767766	33	32	21	32	34	29	36	37	29	37	35	30	41	20	34	35	44	43	27	29	23	38	45
Y_scaffold4	767767	32	32	21	32	34	28	36	37	28	37	34	30	41	20	34	35	44	43	26	31	23	38	45
Y_scaffold4	767768	32	34	21	32	34	28	36	38	28	37	35	30	41	20	34	35	43	43	28	31	23	38	44
Y_scaffold4	767769	31	34	21	32	35	28	36	38	28	36	35	30	41	20	34	35	42	43	28	31	22	38	43
Y_scaffold4	767770	32	34	19	32	35	28	36	38	28	36	35	30	42	20	34	32	43	42	28	31	21	38	43
Y_scaffold4	767771	32	34	18	32	34	28	35	38	28	37	34	30	42	20	32	33	43	41	28	31	21	38	43
Y_scaffold4	767772	32	34	18	32	34	29	35	38	28	37	34	29	40	20	33	33	43	41	28	31	21	38	41
Y_scaffold4	767773	32	35	18	33	34	28	35	37	30	38	34	27	38	21	33	33	43	41	28	31	21	38	42
Y_scaffold4	767774	32	35	18	33	35	28	35	37	30	38	34	27	38	21	33	33	43	41	28	29	21	35	42
Y_scaffold4	767775	32	35	18	34	35	29	34	37	30	38	36	28	38	20	34	33	43	41	28	29	20	35	44
Y_scaffold4	767776	32	34	19	34	35	29	34	37	30	38	36	27	36	20	34	33	43	43	28	29	20	36	44
Y_scaffold4	767777	32	34	19	34	37	29	33	37	30	37	36	27	36	20	34	33	42	42	28	29	20	37	43
Y_scaffold4	767778	32	33	20	34	38	29	33	38	29	37	36	27	36	20	34	33	42	43	28	29	21	37	44
Y_scaffold4	767779	32	33	20	34	38	29	33	38	29	37	35	26	36	20	34	33	41	43	28	29	21	37	44
Y_scaffold4	767780	32	32	20	34	38	28	33	38	28	37	35	26	36	20	34	33	41	43	28	29	20	37	44
Y_scaffold4	767781	32	32	20	33	38	28	33	38	28	37	35	26	36	20	34	33	40	42	28	30	21	38	47
Y_scaffold4	767782	31	31	19	33	38	28	33	38	28	36	35	26	36	20	35	34	40	42	28	31	21	38	47
Y_scaffold4	767783	33	30	19	35	39	28	33	38	28	35	35	26	36	20	36	34	40	42	28	32	20	37	45
Y_scaffold4	767784	33	30	19	34	39	28	32	38	29	36	35	26	37	20	37	34	42	43	28	32	20	36	45
Y_scaffold4	767785	34	30	19	34	39	28	32	37	29	36	36	26	37	20	37	34	42	42	29	32	19	36	46
Y_scaffold4	767786	34	30	19	34	38	28	32	38	30	35	36	26	38	20	37	34	42	42	29	32	19	36	45
Y_scaffold4	767787	33	30	19	35	38	28	32	39	32	34	36	26	37	20	39	34	42	43	29	32	19	35	46
Y_scaffold4	767788	33	29	19	35	37	29	32	39	32	34	36	26	37	19	38	34	40	43	30	31	19	35	46
Y_scaffold4	767789	33	30	20	35	36	29	32	38	32	34	36	26	37	19	38	34	40	43	29	32	21	36	46
Y_scaffold4	767790	35	30	20	35	36	28	32	38	32	34	36	26	37	20	38	33	41	43	29	31	21	36	46
Y_scaffold4	767791	36	30	20	34	36	28	31	38	32	34	36	26	37	20	38	33	41	43	30	31	21	38	46
Y_scaffold4	767792	37	30	21	34	36	28	31	38	32	34	37	26	37	20	37	33	41	43	29	31	23	38	46
Y_scaffold4	767793	37	30	20	34	36	29	31	37	32	35	37	26	37	19	37	33	41	43	30	31	23	37	46
Y_scaffold4	767794	38	30	20	34	36	29	31	37	32	33	38	26	37	19	36	32	40	43	30	31	23	37	46
Y_scaffold4	767795	38	30	20	33	36	27	31	37	32	33	38	25	37	19	37	33	40	43	30	31	22	38	46
Y_scaffold4	767796	39	29	20	33	36	27	31	36	32	33	38	25	37	19	38	34	38	42	31	32	22	40	48
Y_scaffold4	767797	39	28	21	33	36	27	30	36	32	34	39	25	37	19	38	32	38	43	32	32	22	39	48
Y_scaffold4	767798	39	28	21	33	37	27	30	36	31	33	39	26	36	18	38	31	38	42	32	32	21	39	48
Y_scaffold4	767799	39	28	21	33	35	26	30	35	31	33	39	27	36	18	38	31	37	42	32	32	21	39	48
Y_scaffold4	767800	38	27	21	33	35	26	30	35	31	33	39	28	36	18	39	31	37	42	32	31	21	39	48
Y_scaffold4	767801	38	27	21	33	36	28	30	35	31	31	39	28	36	18	40	32	38	44	33	32	20	39	48
Y_scaffold4	767802	38	27	21	33	36	28	29	36	30	33	39	28	38	18	40	31	37	45	33	31	20	39	47
Y_scaffold4	767803	38	27	23	33	36	26	28	37	30	34	40	28	37	18	40	31	37	46	33	30	21	39	47
Y_scaffold4	767804	38	26	23	32	36	26	28	36	30	34	42	27	36	18	40	31	37	46	34	29	21	38	49
Y_scaffold4	767805	38	26	23	32	35	26	28	36	31	34	43	27	36	18	41	30	38	46	35	29	22	37	49
Y_scaffold4	767806	38	26	23	33	35	26	28	35	32	34	41	27	36	18	41	29	38	47	36	28	22	36	49
Y_scaffold4	767807	38	25	22	32	36	26	29	36	32	34	41	28	36	17	41	29	38	48	35	28	22	36	48
Y_scaffold4	767808	38	26	22	32	36	26	29	36	32	34	41	27	36	17	41	29	38	46	34	28	23	36	48
Y_scaffold4	767809	37	26	21	33	35	27	29	36	32	35	41	27	37	16	40	29	38	47	34	25	23	36	49
Y_scaffold4	767810	37	26	21	33	34	27	29	36	31	33	42	27	37	16	40	29	36	46	34	25	23	36	50
Y_scaffold4	767811	36	26	21	33	34	27	29	36	32	33	42	27	38	16	40	29	36	45	34	25	23	36	50
Y_scaffold4	767812	36	26	21	33	34	25	28	36	31	33	41	27	38	16	40	29	37	45	34	25	22	36	49
Y_scaffold4	767813	36	26	21	34	35	25	27	36	31	33	41	28	39	16	40	30	37	46	36	25	23	37	50
Y_scaffold4	767814	35	26	21	34	35	24	28	37	30	33	40	28	39	16	40	30	37	47	35	25	24	37	48
Y_scaffold4	767815	36	25	21	34	35	24	27	37	30	33	40	28	40	16	38	30	35	46	36	25	23	38	47
Y_scaffold4	767816	37	24	21	34	35	25	27	37	29	34	41	28	39	16	38	32	34	45	36	23	24	37	46
Y_scaffold4	767817	37	24	21	34	35	25	27	38	30	34	42	29	38	16	38	33	34	45	36	24	25	37	46
Y_scaffold4	767818	37	24	22	34	35	25	26	38	32	34	42	29	36	16	38	32	34	45	37	24	25	37	47
Y_scaffold4	767819	37	25	22	34	34	25	26	38	33	31	42	29	35	16	38	32	31	45	36	24	25	37	47
Y_scaffold4	767820	38	24	23	34	34	25	26	37	33	30	42	29	35	16	39	32	31	45	36	23	25	36	46
Y_scaffold4	767821	38	24	23	34	34	25	26	38	33	30	41	30	34	16	39	33	31	47	37	23	24	37	46
Y_scaffold4	767822	38	24	23	34	34	25	26	38	33	30	41	29	34	16	39	33	31	47	37	23	24	37	47
Y_scaffold4	767823	38	23	23	33	35	24	27	38	33	31	41	29	34	16	39	33	31	47	37	23	24	37	47
Y_scaffold4	767824	40	23	23	31	33	22	27	37	32	32	42	29	33	17	37	33	30	45	38	23	24	37	48
Y_scaffold4	767825	39	23	24	31	33	21	27	38	32	32	42	28	34	17	37	33	30	47	37	23	24	37	48
Y_scaffold4	767826	38	23	23	31	34	21	27	38	31	32	43	28	34	17	37	33	30	47	37	24	24	38	46
Y_scaffold4	767827	38	23	23	31	33	21	27	38	31	31	43	28	35	17	37	33	30	47	37	25	24	37	46
Y_scaffold4	767828	38	24	23	31	33	21	28	38	32	31	45	28	35	17	37	33	30	48	37	26	25	39	47
Y_scaffold4	767829	38	25	23	30	32	21	28	39	32	31	45	26	36	17	37	33	30	47	37	26	25	40	46
Y_scaffold4	767830	38	24	23	30	32	21	27	40	32	31	44	26	37	17	37	33	29	47	37	26	25	41	46
Y_scaffold4	767831	39	24	23	30	30	21	26	39	33	31	42	25	39	17	36	33	29	47	37	26	25	41	46
Y_scaffold4	767832	40	24	22	30	30	21	26	37	33	32	41	25	39	17	35	32	29	46	36	26	26	41	46
Y_scaffold4	767833	40	24	22	31	30	21	27	38	33	32	41	26	39	17	35	33	30	45	36	26	26	41	46
Y_scaffold4	767834	40	24	22	31	30	22	27	38	32	31	41	26	39	17	35	34	30	45	36	27	26	41	46
Y_scaffold4	767835	40	25	22	30	31	22	27	38	32	31	41	26	39	17	36	34	29	45	36	27	26	41	46
Y_scaffold4	767836	40	25	21	28	31	21	27	38	32	31	42	26	39	16	35	34	30	45	36	27	26	41	47
Y_scaffold4	767837	39	25	22	28	30	21	27	38	32	30	43	26	40	17	35	34	31	45	36	27	27	41	46
Y_scaffold4	767838	39	25	22	28	29	22	27	38	32	30	41	27	40	18	35	33	31	45	35	27	27	42	46
Y_scaffold4	767839	39	26	22	28	28	24	27	38	32	30	41	27	40	18	35	32	31	45	35	27	27	42	46
Y_scaffold4	767840	39	26	22	28	29	23	27	39	32	30	41	27	40	18	35	32	31	45	36	27	27	42	46
Y_scaffold4	767841	39	26	22	28	29	23	26	38	32	31	40	27	40	18	34	30	32	45	36	28	27	42	46
Y_scaffold4	767842	39	26	22	29	29	23	27	38	31	32	40	27	40	18	33	30	32	45	37	28	27	41	46
Y_scaffold4	767843	39	26	22	29	27	23	28	38	31	31	39	27	40	18	32	30	32	45	37	28	27	41	46
Y_scaffold4	767844	39	27	22	31	27	23	31	38	31	31	39	26	40	18	33	30	32	44	37	28	27	41	46
Y_scaffold4	767845	39	26	22	31	27	24	31	37	31	31	40	26	40	18	33	30	33	44	37	28	27	41	45
Y_scaffold4	767846	37	26	23	31	26	24	31	37	30	31	39	25	40	18	33	30	31	43	35	28	26	41	43
Y_scaffold4	767847	37	26	23	31	26	24	31	36	30	31	38	26	40	18	33	30	31	43	35	28	26	41	43
Y_scaffold4	767848	37	26	23	32	27	24	31	36	30	30	38	26	40	18	33	28	31	43	34	28	26	41	43
Y_scaffold4	767849	36	29	23	33	26	24	31	36	31	30	37	26	40	18	37	29	33	43	34	28	28	42	43
Y_scaffold4	767850	37	29	24	33	27	24	32	36	31	30	37	26	40	18	37	29	33	43	34	28	28	42	43
Y_scaffold4	767851	37	28	24	33	27	24	33	36	32	30	38	26	40	17	37	29	33	44	34	29	29	42	43
Y_scaffold4	767852	36	28	24	32	26	24	33	36	31	30	40	26	39	17	37	29	34	45	33	30	29	42	42
Y_scaffold4	767853	36	28	24	31	26	24	33	37	31	30	41	25	39	17	37	30	34	45	33	30	29	41	43
Y_scaffold4	767854	36	28	24	31	26	23	33	37	31	30	41	25	39	18	37	29	33	44	33	30	29	40	43
Y_scaffold4	767855	36	28	24	30	26	22	33	37	31	30	41	25	39	18	37	29	32	44	32	31	29	40	42
Y_scaffold4	767856	36	28	24	30	26	22	33	36	31	30	42	25	38	19	37	28	32	44	33	31	29	40	41
Y_scaffold4	767857	36	28	24	30	26	22	33	35	31	32	42	25	37	18	37	28	32	45	33	32	29	40	41
Y_scaffold4	767858	35	27	24	29	26	22	33	34	30	32	41	25	37	18	37	28	32	43	33	32	29	40	39
Y_scaffold4	767859	35	27	24	29	26	22	33	34	30	32	41	25	37	18	37	28	32	43	34	31	29	40	39
Y_scaffold4	767860	34	27	24	29	26	22	33	34	31	31	41	25	37	18	37	28	32	43	34	30	29	39	39
Y_scaffold4	767861	35	28	23	28	27	22	34	34	31	31	41	25	36	19	38	30	32	44	34	29	29	39	39
Y_scaffold4	767862	36	28	22	27	27	22	35	35	29	31	41	25	37	19	37	30	32	44	35	29	29	39	38
Y_scaffold4	767863	36	28	23	27	28	22	35	34	28	31	40	25	38	19	38	30	32	43	35	29	29	39	37
Y_scaffold4	767864	36	27	23	27	29	22	35	34	28	32	40	25	38	19	38	30	32	43	35	28	29	39	37
Y_scaffold4	767865	36	27	22	28	29	22	32	35	27	33	39	25	39	19	37	29	32	43	36	28	29	39	37
Y_scaffold4	767866	36	27	22	28	29	22	32	34	27	33	39	25	40	19	37	29	32	43	36	28	29	39	37
Y_scaffold4	767867	36	27	22	28	29	22	32	34	27	34	39	25	40	19	37	28	32	43	36	28	29	39	37
Y_scaffold4	767868	36	27	22	28	29	22	32	34	27	34	39	26	40	20	37	28	31	41	37	28	28	40	37
Y_scaffold4	767869	37	27	22	28	29	23	31	34	27	34	38	26	39	20	37	28	31	41	36	27	28	40	37
Y_scaffold4	767870	37	27	22	28	29	23	31	34	27	34	38	27	39	20	37	28	32	42	36	26	28	40	37
Y_scaffold4	767871	37	28	22	28	29	23	31	34	27	34	40	27	39	20	37	28	32	43	36	27	28	39	37
Y_scaffold4	767872	37	28	22	28	29	23	29	34	27	33	41	27	39	20	36	28	32	42	35	27	28	39	37
Y_scaffold4	767873	37	29	22	28	29	23	29	35	27	33	41	27	39	20	35	28	32	41	35	25	28	41	38
Y_scaffold4	767874	37	29	22	28	30	23	29	36	27	33	41	26	39	20	35	28	31	40	35	25	28	41	38
Y_scaffold4	767875	37	29	23	28	30	23	30	38	27	33	40	28	39	20	35	30	31	40	35	25	28	41	37
Y_scaffold4	767876	37	31	22	27	31	22	30	38	27	33	40	29	40	20	35	30	31	39	35	25	28	41	38
Y_scaffold4	767877	35	31	22	27	31	22	30	38	27	33	40	29	40	19	35	30	31	39	35	25	28	40	38
Y_scaffold4	767878	35	33	22	26	32	22	30	38	27	31	41	29	40	19	36	30	31	39	35	26	28	38	38
Y_scaffold4	767879	36	33	23	26	32	23	31	38	28	31	41	29	40	19	36	31	31	41	35	26	28	38	38
Y_scaffold4	767880	37	33	23	26	32	23	30	38	28	31	41	29	40	19	36	32	32	41	36	26	28	38	38
Y_scaffold4	767881	37	33	23	26	32	23	30	38	28	32	41	29	41	18	36	32	33	40	35	26	28	38	39
Y_scaffold4	767882	37	33	24	26	32	23	30	38	27	32	40	28	42	17	36	33	33	40	34	26	28	37	39
Y_scaffold4	767883	37	34	24	26	32	23	30	37	27	32	40	28	42	16	36	33	32	40	34	26	28	37	39
Y_scaffold4	767884	37	34	24	26	33	23	30	38	27	32	40	28	42	16	36	33	32	41	34	26	28	37	39
Y_scaffold4	767885	38	34	24	26	33	23	33	39	27	30	41	28	42	15	36	33	32	41	34	26	28	37	39
Y_scaffold4	767886	38	35	24	26	33	23	33	39	26	30	41	28	43	15	36	33	32	41	34	26	28	37	38
Y_scaffold4	767887	39	35	23	26	33	23	34	39	26	30	41	28	43	14	36	33	31	41	34	25	28	37	40
Y_scaffold4	767888	39	35	23	26	33	23	34	38	26	29	42	28	42	15	36	34	32	41	34	24	28	36	41
Y_scaffold4	767889	39	34	23	26	33	23	32	35	26	29	41	28	41	14	36	35	30	40	34	24	28	36	40
Y_scaffold4	767890	39	34	22	25	33	23	32	35	25	29	41	27	41	14	36	35	29	40	34	24	28	36	41
Y_scaffold4	767891	38	34	22	25	33	22	32	35	26	29	41	27	41	13	36	35	28	39	34	24	28	36	41
Y_scaffold4	767892	38	35	24	25	32	22	32	35	26	29	41	27	40	15	36	35	27	40	34	24	28	36	40
Y_scaffold4	767893	37	35	24	25	32	23	32	35	25	30	41	27	41	14	37	35	28	40	35	24	28	36	40
Y_scaffold4	767894	38	35	24	25	33	22	32	35	24	30	40	27	40	14	37	34	28	40	35	24	28	36	41
Y_scaffold4	767895	38	35	25	25	34	21	33	35	24	30	41	27	40	14	37	34	28	40	35	24	28	36	42
Y_scaffold4	767896	38	35	25	26	33	21	32	34	25	30	41	26	40	14	37	33	28	40	36	24	28	36	42
Y_scaffold4	767897	39	35	25	25	33	20	32	33	25	30	41	26	40	14	38	33	28	40	36	24	28	35	39
Y_scaffold4	767898	39	35	25	25	33	20	32	32	25	29	41	26	39	14	39	33	28	40	36	24	28	35	40
Y_scaffold4	767899	41	34	25	26	34	20	32	32	25	29	41	27	39	14	38	33	28	40	36	24	28	34	40
Y_scaffold4	767900	40	35	25	26	34	21	33	32	25	29	40	27	39	14	38	34	28	37	36	25	30	35	40
Y_scaffold4	767901	40	34	25	25	34	21	33	32	25	29	40	27	38	14	38	34	28	37	36	25	29	36	39
Y_scaffold4	767902	39	33	25	24	34	21	33	32	26	29	40	27	38	14	38	34	28	38	37	25	29	36	38
Y_scaffold4	767903	39	33	26	24	34	21	33	32	25	29	40	26	37	14	39	35	28	37	37	26	29	36	38
Y_scaffold4	767904	39	33	27	25	34	21	32	32	25	29	39	26	36	14	38	35	28	38	36	26	29	36	40
Y_scaffold4	767905	39	32	27	24	34	21	31	32	25	29	38	27	36	14	38	36	29	38	35	26	30	37	39
Y_scaffold4	767906	40	33	27	24	34	21	30	32	25	28	39	27	36	14	38	36	30	38	35	25	30	38	41
Y_scaffold4	767907	39	32	26	24	35	21	30	33	25	27	39	28	36	14	39	35	30	37	35	25	28	38	41
Y_scaffold4	767908	38	32	28	24	35	21	30	33	25	27	39	27	35	14	40	35	30	36	34	25	28	38	42
Y_scaffold4	767909	38	32	28	23	35	21	31	34	25	27	38	26	34	14	40	35	30	36	35	25	28	39	42
Y_scaffold4	767910	38	32	28	24	35	21	31	34	25	27	37	25	33	14	39	35	30	36	35	25	28	40	42
Y_scaffold4	767911	38	32	28	24	36	21	31	34	25	27	37	25	33	14	39	35	30	35	35	25	28	41	42
Y_scaffold4	767912	38	33	28	25	35	21	31	33	25	27	37	25	34	14	40	35	30	35	35	26	27	41	42
Y_scaffold4	767913	37	33	29	25	34	21	31	31	25	27	37	24	34	14	41	35	30	35	35	26	27	41	42
Y_scaffold4	767914	37	33	28	25	34	21	30	30	25	27	37	24	33	14	41	35	30	35	36	26	27	41	42
Y_scaffold4	767915	38	33	28	25	34	21	30	30	25	27	37	24	33	14	41	35	30	35	37	26	28	40	43
Y_scaffold4	767916	38	33	29	25	33	21	30	30	25	27	37	24	33	14	41	35	30	35	37	26	27	40	43
Y_scaffold4	767917	38	34	29	25	33	21	31	30	26	27	38	24	34	14	42	35	30	36	38	24	28	42	45
Y_scaffold4	767918	38	32	29	25	33	21	31	29	26	27	37	24	34	14	42	35	30	36	36	24	28	42	46
Y_scaffold4	767919	37	33	29	26	32	21	31	29	27	27	37	24	36	14	42	35	31	36	36	24	28	42	46
Y_scaffold4	767920	38	33	29	26	32	21	32	31	27	27	37	24	36	14	42	35	31	36	36	24	29	42	47
Y_scaffold4	767921	38	32	30	25	32	21	32	32	27	26	38	24	36	14	42	34	31	36	37	24	29	42	47
Y_scaffold4	767922	38	32	30	25	32	20	32	32	25	26	38	24	37	14	41	34	31	38	37	24	29	43	46
Y_scaffold4	767923	38	33	32	25	32	19	32	32	25	26	39	24	37	15	41	35	31	39	37	24	30	43	49
Y_scaffold4	767924	38	33	32	26	31	19	32	32	26	26	39	24	37	15	41	36	31	39	37	24	30	43	48
Y_scaffold4	767925	38	33	32	26	32	19	33	33	26	26	39	24	37	15	40	36	32	39	37	24	30	44	47
Y_scaffold4	767926	38	33	31	27	32	19	33	33	26	26	39	24	37	15	41	36	32	37	37	24	30	43	48
Y_scaffold4	767927	37	33	31	27	31	19	33	33	27	26	39	24	37	15	41	35	32	37	37	24	30	42	48
Y_scaffold4	767928	38	33	30	27	31	20	33	32	27	27	39	24	37	15	42	36	32	36	37	24	29	42	47
Y_scaffold4	767929	38	33	30	27	31	21	33	32	27	28	39	25	37	15	42	37	32	36	37	24	29	42	47
Y_scaffold4	767930	38	33	30	26	31	21	34	32	27	28	39	25	37	15	43	37	32	36	37	24	28	42	47
Y_scaffold4	767931	38	33	30	26	31	21	33	33	27	28	40	25	37	15	43	38	32	36	38	23	28	41	45
Y_scaffold4	767932	37	33	30	26	31	21	35	33	27	29	40	25	37	15	42	37	32	37	38	22	28	41	45
Y_scaffold4	767933	36	33	32	24	30	21	34	33	27	29	40	26	38	15	41	37	33	37	38	22	28	41	46
