Y_Contig_1	463313	42	34	36	32	40	22	26	26	27	24	29	35	31	15	54	39	38	32	43	42	35	37	33
Y_Contig_1	463314	42	35	35	32	40	22	27	25	27	24	29	34	32	16	54	39	40	33	43	42	36	36	34
Y_Contig_1	463315	41	35	35	32	39	22	27	25	27	24	29	35	31	16	53	39	40	33	43	41	36	37	34
Y_Contig_1	463316	40	35	35	30	39	22	27	25	27	23	29	34	31	15	53	38	40	33	43	41	36	40	34
Y_Contig_1	463317	40	34	35	30	39	22	27	25	27	23	28	34	32	15	53	38	40	34	43	41	35	40	34
Y_Contig_1	463318	38	33	35	30	39	22	26	25	27	23	28	34	32	15	52	38	40	34	43	41	35	40	33
Y_Contig_1	463319	39	34	36	30	38	22	26	25	27	23	28	34	32	16	52	37	40	35	42	41	36	39	33
Y_Contig_1	463320	39	36	36	30	38	22	26	26	28	23	30	34	32	16	54	37	40	37	42	40	36	39	34
Y_Contig_1	463321	39	38	34	30	37	22	26	27	28	23	30	34	32	17	55	35	39	36	42	40	36	39	33
Y_Contig_1	463322	38	38	34	31	37	23	26	27	28	23	31	34	32	16	55	36	39	36	42	40	36	39	35
Y_Contig_1	463323	38	38	34	32	37	23	28	27	28	22	31	34	33	16	54	36	41	36	42	40	36	38	35
Y_Contig_1	463324	39	38	33	32	37	23	28	27	27	22	31	36	34	16	54	36	41	36	44	40	36	37	35
Y_Contig_1	463325	39	38	33	33	37	23	28	27	27	23	31	36	35	16	54	37	41	36	44	40	36	38	35
Y_Contig_1	463326	39	39	33	33	37	23	29	28	28	23	31	37	35	16	53	36	40	36	46	40	36	38	35
Y_Contig_1	463327	40	40	32	33	37	23	29	28	28	23	31	37	35	16	51	35	39	36	46	40	35	38	36
Y_Contig_1	463328	40	39	32	33	35	23	29	29	27	23	31	37	35	16	51	35	39	36	46	41	35	37	36
Y_Contig_1	463329	40	40	32	33	35	23	29	30	27	23	31	38	35	16	51	35	39	35	46	41	35	37	36
Y_Contig_1	463330	41	40	31	33	35	23	29	30	28	23	31	39	35	16	50	35	39	35	46	41	34	36	36
Y_Contig_1	463331	41	40	30	33	35	23	28	30	28	23	31	39	35	16	50	35	39	35	46	41	34	36	36
Y_Contig_1	463332	41	41	29	33	35	23	28	30	28	23	31	39	35	16	50	35	38	35	45	41	34	36	36
Y_Contig_1	463333	42	41	27	34	33	23	28	29	28	24	32	39	36	16	51	37	37	36	45	41	36	36	36
Y_Contig_1	463334	42	41	27	35	35	23	29	29	28	24	32	39	36	16	51	37	36	36	45	41	36	36	37
Y_Contig_1	463335	41	41	27	35	35	23	30	30	28	24	32	39	35	16	52	37	36	36	45	39	36	36	38
Y_Contig_1	463336	41	41	27	35	35	23	30	30	28	24	32	39	34	18	52	36	36	36	45	39	36	36	38
Y_Contig_1	463337	41	40	27	35	35	22	30	29	28	24	31	39	34	18	52	36	36	36	46	39	37	37	38
Y_Contig_1	463338	40	40	27	35	35	21	30	29	28	24	31	37	34	18	52	35	37	36	46	39	36	36	38
Y_Contig_1	463339	40	40	27	35	34	21	31	28	28	23	31	37	37	18	52	36	37	36	45	38	36	37	38
Y_Contig_1	463340	40	40	27	34	34	21	32	28	28	22	31	36	37	17	53	36	35	36	44	37	36	37	37
Y_Contig_1	463341	39	40	27	34	34	21	33	28	28	22	31	36	37	17	54	36	35	36	44	38	36	37	37
Y_Contig_1	463342	39	40	28	34	34	21	33	28	28	22	31	37	37	17	54	35	35	35	43	38	36	37	37
Y_Contig_1	463343	38	39	28	34	34	21	33	27	27	22	31	36	34	17	54	32	34	35	45	37	36	37	37
Y_Contig_1	463344	38	39	27	34	33	21	34	27	27	22	33	36	34	17	55	32	34	35	45	37	37	37	37
Y_Contig_1	463345	38	39	27	34	33	21	34	27	28	22	32	36	34	17	55	32	34	35	45	37	37	37	37
Y_Contig_1	463346	38	38	28	34	34	21	34	28	28	22	32	36	34	18	55	31	34	35	45	38	37	37	38
Y_Contig_1	463347	38	38	29	34	34	20	34	29	28	22	31	36	35	18	55	32	34	36	45	38	37	37	39
Y_Contig_1	463348	38	38	29	34	33	20	34	29	28	22	31	37	35	18	56	32	33	36	46	37	37	37	41
Y_Contig_1	463349	39	38	29	34	35	19	34	30	28	21	31	37	35	19	56	32	33	35	46	37	36	37	42
Y_Contig_1	463350	39	40	28	34	36	19	35	30	28	21	31	37	35	19	55	32	33	35	46	37	36	37	41
Y_Contig_1	463351	39	40	28	34	36	19	35	30	27	21	31	37	36	19	55	32	33	35	46	37	36	37	41
Y_Contig_1	463352	39	39	28	34	36	19	35	30	27	21	31	37	36	19	55	32	33	35	46	37	37	37	40
Y_Contig_1	463353	40	40	28	34	34	20	35	30	27	22	31	37	36	19	55	32	34	35	47	37	36	37	39
Y_Contig_1	463354	40	40	28	34	35	20	36	30	27	22	31	36	36	19	55	32	34	35	47	37	36	37	40
Y_Contig_1	463355	40	40	27	33	34	20	36	30	27	23	31	35	37	19	54	32	34	36	46	37	35	37	39
Y_Contig_1	463356	41	41	27	33	34	20	36	30	27	23	31	35	38	19	57	33	34	36	47	37	35	37	39
Y_Contig_1	463357	41	41	27	33	34	20	36	31	26	23	31	35	38	19	57	33	34	36	47	37	34	37	39
Y_Contig_1	463358	39	41	27	32	34	20	35	31	25	23	30	35	38	19	57	34	34	37	45	37	34	37	39
Y_Contig_1	463359	40	41	26	32	34	20	35	31	25	23	30	34	37	19	57	33	34	36	45	37	35	36	39
Y_Contig_1	463360	40	40	26	31	34	20	35	31	25	23	30	33	38	19	57	34	34	36	45	38	36	36	39
Y_Contig_1	463361	40	39	27	31	32	20	35	31	25	23	30	33	36	19	57	34	34	37	45	36	36	38	39
Y_Contig_1	463362	39	38	27	31	32	20	35	31	25	23	30	33	35	18	58	34	34	37	45	36	36	38	38
Y_Contig_1	463363	38	38	26	31	32	20	35	31	25	23	30	32	35	18	57	34	34	37	45	35	35	38	38
Y_Contig_1	463364	38	39	26	32	34	21	35	31	24	23	31	33	35	18	58	34	34	39	46	36	34	38	39
Y_Contig_1	463365	39	38	26	33	33	20	34	31	23	23	31	34	35	18	58	32	35	37	46	36	34	38	39
Y_Contig_1	463366	39	38	26	34	33	20	34	31	23	22	32	34	35	17	58	35	35	37	46	35	34	38	39
Y_Contig_1	463367	39	37	27	34	33	20	35	30	23	22	31	34	35	18	58	35	35	37	47	36	34	39	40
Y_Contig_1	463368	40	37	27	34	33	20	36	30	23	22	31	34	35	19	58	35	35	37	46	36	34	40	40
Y_Contig_1	463369	42	37	27	33	32	21	35	28	23	22	31	34	35	19	57	36	35	38	46	36	34	41	40
Y_Contig_1	463370	43	37	26	33	30	21	35	28	22	25	31	35	35	19	56	37	35	38	46	36	34	41	40
Y_Contig_1	463371	43	37	27	33	29	21	34	28	21	25	31	34	36	19	56	37	35	38	45	37	35	41	42
Y_Contig_1	463372	42	36	27	32	29	22	34	28	21	25	31	36	36	19	55	37	35	39	44	36	36	41	43
Y_Contig_1	463373	41	35	27	33	29	22	35	28	21	25	31	36	35	20	55	36	34	40	44	36	36	40	42
Y_Contig_1	463374	40	35	27	33	29	23	35	28	21	25	31	37	35	20	55	36	34	40	45	37	36	40	42
Y_Contig_1	463375	40	35	27	33	29	23	35	28	21	25	31	39	35	21	55	37	34	40	44	37	37	41	42
Y_Contig_1	463376	40	34	28	33	29	23	35	29	21	26	33	39	34	22	54	37	34	40	43	36	37	40	41
Y_Contig_1	463377	42	35	28	33	29	23	35	29	22	27	33	39	36	23	53	37	35	41	43	36	37	41	42
Y_Contig_1	463378	42	35	28	33	30	24	35	29	22	28	33	39	37	25	54	37	36	41	44	36	36	42	43
Y_Contig_1	463379	42	35	28	31	30	24	35	29	21	29	32	38	37	25	54	37	36	41	42	37	35	43	43
Y_Contig_1	463380	42	35	28	30	30	23	34	30	22	28	32	39	37	25	54	37	36	40	42	37	35	43	43
Y_Contig_1	463381	42	35	28	30	29	23	34	31	23	28	31	39	37	24	54	37	36	40	41	37	36	46	43
Y_Contig_1	463382	42	35	29	29	29	23	34	31	23	29	32	39	37	25	52	37	36	40	41	37	37	46	43
Y_Contig_1	463383	42	35	28	29	29	23	34	31	23	29	30	39	37	25	52	38	36	40	41	36	37	46	43
Y_Contig_1	463384	41	36	28	27	28	22	32	31	23	29	29	40	37	25	50	36	36	40	42	36	37	46	43
Y_Contig_1	463385	41	36	28	27	29	22	32	32	23	29	28	39	37	25	50	35	38	40	43	36	36	45	43
Y_Contig_1	463386	41	36	29	26	29	22	33	32	24	29	29	41	37	25	50	35	38	40	42	36	36	46	43
Y_Contig_1	463387	42	37	29	26	29	23	32	32	24	30	29	41	37	26	51	37	38	41	41	36	37	46	43
Y_Contig_1	463388	42	37	30	26	29	23	32	32	24	30	29	41	36	26	51	36	39	41	41	36	37	48	43
Y_Contig_1	463389	41	38	31	25	29	23	34	32	24	30	29	43	35	26	51	36	40	41	40	36	37	48	43
Y_Contig_1	463390	40	38	34	25	29	23	33	33	24	30	28	43	35	26	51	36	40	42	41	36	37	47	43
Y_Contig_1	463391	39	38	32	25	29	24	33	33	24	30	28	43	35	26	51	37	40	42	41	37	37	47	42
Y_Contig_1	463392	38	36	32	25	30	24	33	33	25	31	29	42	35	26	53	37	40	42	41	36	37	47	42
Y_Contig_1	463393	38	35	31	25	30	24	32	33	24	31	29	42	35	26	53	37	40	42	40	36	35	46	42
Y_Contig_1	463394	38	35	31	25	30	24	34	33	24	32	31	42	35	27	51	37	39	43	40	36	35	45	42
Y_Contig_1	463395	38	36	31	25	30	24	34	33	25	32	31	42	35	27	50	37	39	44	40	35	35	44	42
Y_Contig_1	463396	38	36	31	26	27	24	34	33	24	32	31	42	37	28	48	36	39	44	41	33	35	43	43
Y_Contig_1	463397	39	36	31	26	27	24	34	34	24	32	31	42	37	28	49	36	39	44	42	33	37	43	42
Y_Contig_1	463398	39	36	31	26	27	24	34	34	25	34	31	43	37	27	49	36	39	42	42	34	37	43	43
Y_Contig_1	463399	39	35	31	25	27	24	33	33	25	34	31	45	35	27	47	37	38	42	41	33	37	43	42
Y_Contig_1	463400	39	35	31	25	27	24	33	34	25	34	31	45	35	27	46	37	37	43	41	33	39	43	42
Y_Contig_1	463401	40	35	31	25	27	24	33	35	25	34	31	45	35	27	46	37	37	43	41	35	39	44	41
Y_Contig_1	463402	40	35	33	25	27	25	33	35	25	34	31	45	35	27	46	37	37	43	41	37	39	44	43
Y_Contig_1	463403	40	35	32	24	27	25	33	35	26	36	31	46	34	27	46	38	37	44	41	37	40	45	42
Y_Contig_1	463404	40	34	31	24	28	25	33	34	25	36	31	45	34	27	46	39	37	43	41	36	41	45	42
Y_Contig_1	463405	39	34	32	24	28	25	34	34	26	36	31	45	35	27	45	39	37	43	41	36	41	45	42
Y_Contig_1	463406	38	35	32	24	28	25	33	34	26	37	32	45	37	27	45	39	37	44	40	36	40	46	41
Y_Contig_1	463407	38	34	32	24	27	25	33	33	26	37	31	45	37	27	45	38	37	44	40	36	39	48	40
Y_Contig_1	463408	38	34	32	25	27	25	33	33	25	37	31	45	37	27	43	38	37	43	42	37	39	47	42
Y_Contig_1	463409	38	33	32	25	26	24	33	33	25	37	31	44	37	27	43	38	38	43	43	36	38	47	42
Y_Contig_1	463410	38	33	32	25	26	24	32	33	25	38	31	43	37	27	43	38	37	44	43	36	38	48	42
Y_Contig_1	463411	38	34	32	25	25	24	31	34	25	38	31	42	37	27	43	38	37	44	43	37	38	49	43
Y_Contig_1	463412	36	34	32	26	24	23	30	34	26	39	31	42	37	28	43	38	39	45	41	39	38	49	43
Y_Contig_1	463413	36	34	31	27	24	23	30	33	26	39	31	43	36	28	43	38	39	45	41	40	38	49	44
Y_Contig_1	463414	36	34	32	27	24	21	30	32	26	39	32	44	35	28	42	39	38	45	42	40	40	48	44
Y_Contig_1	463415	36	33	32	27	24	20	31	32	27	39	31	44	34	28	42	38	39	44	42	41	40	48	45
Y_Contig_1	463416	36	33	32	27	24	20	30	32	27	39	31	44	34	26	42	38	39	44	42	41	40	49	45
Y_Contig_1	463417	36	33	33	27	24	20	30	32	26	39	31	44	34	26	42	38	39	44	42	41	40	49	45
Y_Contig_1	463418	36	33	33	27	24	20	30	33	27	40	32	43	35	26	42	38	40	45	43	41	39	49	45
Y_Contig_1	463419	33	33	33	27	25	20	30	33	27	40	32	42	35	26	42	38	41	45	44	41	39	49	45
Y_Contig_1	463420	33	33	33	27	26	20	30	33	27	41	31	41	35	26	41	35	39	44	45	41	39	50	45
Y_Contig_1	463421	33	33	33	28	26	20	30	34	27	41	32	41	35	26	39	35	39	44	45	42	39	51	45
Y_Contig_1	463422	33	34	33	28	25	20	30	34	27	41	32	41	35	27	39	35	39	45	44	43	39	51	45
Y_Contig_1	463423	32	33	33	27	25	20	30	34	27	41	32	41	35	27	39	36	41	45	45	44	39	50	45
Y_Contig_1	463424	32	33	33	27	24	20	30	34	27	41	32	41	35	26	41	36	42	45	45	42	40	51	46
Y_Contig_1	463425	31	33	33	27	26	20	30	35	25	41	33	40	34	26	39	36	42	46	43	40	40	51	46
Y_Contig_1	463426	30	32	32	27	27	20	29	35	25	41	32	40	34	25	39	37	42	46	43	38	40	51	45
Y_Contig_1	463427	30	32	31	28	27	20	27	35	24	41	32	39	34	25	38	38	43	46	42	38	40	50	44
Y_Contig_1	463428	28	32	31	28	27	20	28	35	24	40	31	40	36	25	38	38	43	46	42	38	40	50	44
Y_Contig_1	463429	27	32	30	28	28	21	28	35	23	40	31	41	35	26	38	37	43	46	42	38	40	50	44
Y_Contig_1	463430	27	32	30	28	28	21	28	35	23	39	31	41	35	26	38	38	43	45	43	38	40	50	45
Y_Contig_1	463431	27	31	30	27	28	20	29	34	23	39	32	41	35	26	38	38	42	45	43	38	40	50	44
Y_Contig_1	463432	27	32	30	27	28	19	29	32	22	38	31	42	35	26	38	38	41	46	42	38	39	50	43
Y_Contig_1	463433	28	32	31	27	28	19	29	32	22	38	31	42	35	26	39	38	41	46	42	38	39	50	43
Y_Contig_1	463434	28	33	33	28	28	19	29	33	22	38	31	42	36	26	39	38	41	46	42	38	39	50	43
Y_Contig_1	463435	28	33	34	28	28	19	29	33	22	38	31	41	36	26	41	38	41	46	43	38	39	50	43
Y_Contig_1	463436	28	33	34	27	30	19	30	33	21	38	30	40	35	26	41	38	42	46	43	39	39	50	43
Y_Contig_1	463437	27	33	35	27	29	19	29	33	21	38	30	40	34	26	41	38	43	47	43	37	38	50	43
Y_Contig_1	463438	27	32	35	27	29	19	29	33	22	38	31	40	34	26	40	39	43	47	44	36	39	51	43
Y_Contig_1	463439	27	32	35	27	29	19	30	33	22	38	33	40	35	26	42	38	43	48	43	35	39	51	43
Y_Contig_1	463440	27	30	34	27	29	18	30	33	22	39	33	40	36	28	42	38	43	48	43	35	39	51	43
Y_Contig_1	463441	27	30	35	27	28	18	30	34	22	39	33	40	36	28	42	38	43	47	42	36	39	52	43
Y_Contig_1	463442	27	30	35	27	28	18	30	34	24	39	32	40	36	28	42	39	43	46	43	36	39	52	43
Y_Contig_1	463443	27	30	34	26	28	18	30	34	24	39	32	40	36	28	43	39	43	46	43	36	39	52	43
Y_Contig_1	463444	27	30	34	26	28	18	30	34	24	39	32	40	36	28	42	39	42	47	43	36	38	51	43
Y_Contig_1	463445	29	31	33	26	29	18	30	34	24	37	32	40	36	27	43	39	42	47	43	36	38	50	44
Y_Contig_1	463446	29	34	33	26	29	18	30	34	24	37	32	41	35	28	44	39	42	47	42	36	38	50	44
Y_Contig_1	463447	30	34	33	26	30	18	30	34	24	37	33	41	36	29	44	39	42	48	42	38	38	50	44
Y_Contig_1	463448	32	34	33	26	28	18	31	34	24	38	33	41	36	29	44	39	42	48	43	38	39	51	44
Y_Contig_1	463449	33	32	32	26	28	18	30	33	24	37	32	40	35	29	44	39	42	46	42	38	37	51	43
Y_Contig_1	463450	33	33	32	26	28	18	30	33	24	37	32	40	35	29	44	38	43	46	42	38	37	51	43
Y_Contig_1	463451	33	34	32	26	28	18	30	33	24	37	32	40	35	29	45	38	43	46	42	39	37	51	43
Y_Contig_1	463452	33	34	31	26	28	18	30	33	24	37	32	39	35	29	44	39	43	47	44	39	36	50	43
Y_Contig_1	463453	33	34	31	26	28	18	30	33	24	37	32	37	34	29	44	38	42	47	44	39	36	50	42
Y_Contig_1	463454	33	34	31	25	28	19	30	33	24	36	31	36	34	29	44	38	41	49	44	38	35	51	42
Y_Contig_1	463455	33	34	31	24	27	19	30	33	24	36	31	35	34	29	44	38	39	49	45	37	35	52	42
Y_Contig_1	463456	34	34	30	24	27	19	30	33	24	36	31	35	34	28	44	39	39	49	45	37	35	52	41
Y_Contig_1	463457	33	34	30	24	27	18	31	33	23	36	31	36	34	28	44	40	36	46	44	35	35	55	40
Y_Contig_1	463458	34	35	30	24	27	18	31	33	23	36	31	36	34	28	44	40	35	46	45	35	34	55	40
Y_Contig_1	463459	34	35	30	24	27	18	31	33	23	36	30	36	34	28	44	40	36	47	45	35	32	56	40
Y_Contig_1	463460	34	35	30	23	28	18	31	33	23	36	29	36	34	27	43	40	36	47	45	36	32	55	39
Y_Contig_1	463461	35	36	29	21	28	17	31	33	23	36	29	36	34	28	43	40	35	46	45	35	32	55	39
Y_Contig_1	463462	35	38	29	21	28	17	32	33	24	36	29	36	35	28	43	40	35	46	45	34	33	55	39
Y_Contig_1	463463	35	38	29	21	28	17	31	33	24	37	29	36	35	28	44	40	36	46	45	34	33	57	39
Y_Contig_1	463464	35	37	29	20	28	17	30	33	24	38	29	36	34	27	43	39	34	45	45	35	32	57	38
Y_Contig_1	463465	35	36	29	20	28	17	30	33	24	38	29	36	34	27	43	39	34	44	45	35	32	54	38
Y_Contig_1	463466	35	36	30	20	29	17	30	34	24	38	29	36	34	27	43	39	34	43	45	35	32	54	38
Y_Contig_1	463467	35	36	29	20	30	17	30	34	24	38	30	37	33	27	44	39	34	42	45	35	32	54	37
Y_Contig_1	463468	35	35	30	20	30	17	30	34	24	38	30	37	33	27	44	41	34	42	45	36	32	54	37
Y_Contig_1	463469	36	34	30	20	30	17	30	34	23	38	29	37	33	26	44	41	34	41	45	36	32	54	37
Y_Contig_1	463470	36	32	30	20	30	17	30	34	23	38	28	37	33	26	43	41	34	41	45	36	32	54	37
Y_Contig_1	463471	36	31	30	20	30	17	29	33	23	38	28	37	34	25	41	41	34	42	45	36	32	54	36
Y_Contig_1	463472	36	31	30	19	30	17	29	33	23	38	27	38	34	25	41	40	34	42	45	36	32	54	36
Y_Contig_1	463473	36	30	30	18	30	17	29	33	23	38	27	38	33	25	42	40	32	43	45	36	32	54	36
Y_Contig_1	463474	35	30	30	18	30	17	29	34	23	38	27	36	32	25	42	40	32	43	43	36	32	55	38
Y_Contig_1	463475	36	31	30	17	30	17	29	34	24	37	27	36	31	25	43	39	32	44	44	36	33	55	39
Y_Contig_1	463476	36	31	30	17	30	17	28	34	23	37	27	35	31	25	43	39	32	45	42	36	33	55	39
Y_Contig_1	463477	35	31	31	18	31	17	28	34	23	37	27	35	31	25	43	39	32	46	41	35	33	56	38
Y_Contig_1	463478	34	31	31	18	31	18	28	33	23	37	27	35	32	24	44	39	32	47	41	34	33	56	38
Y_Contig_1	463479	34	30	31	19	31	20	28	33	24	37	27	35	32	24	44	39	33	47	41	34	33	56	38
Y_Contig_1	463480	34	30	31	19	31	20	28	33	23	38	27	34	33	24	43	39	33	46	42	33	33	56	38
Y_Contig_1	463481	36	30	31	18	31	20	28	33	23	37	27	35	34	25	44	39	33	46	43	33	33	56	39
Y_Contig_1	463482	35	29	32	17	32	20	29	33	24	37	26	35	33	25	44	38	33	46	43	33	32	56	39
Y_Contig_1	463483	35	29	32	17	33	20	29	35	25	37	26	35	33	25	45	38	33	47	43	33	31	56	38
Y_Contig_1	463484	35	30	32	17	31	20	28	35	24	38	26	35	33	26	45	38	34	47	44	33	31	57	37
Y_Contig_1	463485	35	30	32	17	31	21	27	34	24	38	26	36	33	27	44	38	34	47	44	33	31	57	37
Y_Contig_1	463486	35	31	32	17	31	20	27	34	24	39	26	38	32	26	44	38	35	48	45	33	32	57	37
Y_Contig_1	463487	35	31	32	18	33	20	27	34	25	39	26	38	32	26	44	38	35	48	44	33	32	56	37
Y_Contig_1	463488	35	31	32	17	33	20	26	34	25	39	26	39	32	26	44	37	34	48	44	33	32	56	37
Y_Contig_1	463489	35	31	32	17	33	20	26	33	25	39	26	40	29	26	44	38	34	48	44	33	31	55	37
Y_Contig_1	463490	35	31	32	18	33	20	24	34	25	39	26	40	29	26	42	41	34	48	43	32	32	55	37
Y_Contig_1	463491	35	32	33	18	33	21	24	36	25	39	27	40	29	26	42	41	34	48	43	32	33	56	38
Y_Contig_1	463492	34	32	32	18	33	21	24	36	25	39	28	39	29	26	42	41	34	48	43	32	33	56	38
Y_Contig_1	463493	35	33	32	18	33	21	24	36	25	38	28	39	29	26	43	41	34	48	42	32	33	56	38
Y_Contig_1	463494	36	34	32	18	33	21	23	36	26	38	26	39	30	26	42	41	34	49	42	32	32	56	38
Y_Contig_1	463495	37	34	33	19	32	21	23	36	25	38	26	40	31	26	43	41	35	49	42	32	33	56	38
Y_Contig_1	463496	37	34	32	19	32	21	23	35	25	39	28	40	31	26	43	41	35	51	42	33	34	56	37
Y_Contig_1	463497	37	33	31	19	32	22	23	34	25	39	28	41	30	26	43	41	35	50	42	33	34	57	37
Y_Contig_1	463498	37	33	30	20	32	22	23	34	25	40	29	41	30	25	42	41	35	50	41	33	33	58	36
Y_Contig_1	463499	35	33	30	21	31	22	23	33	25	40	30	41	30	26	42	42	35	49	41	33	33	58	36
Y_Contig_1	463500	36	32	30	22	31	22	22	33	25	40	30	41	30	26	41	42	36	50	41	33	33	58	37
Y_Contig_1	463501	36	31	30	22	31	21	22	33	25	39	30	41	29	26	41	42	36	51	42	33	33	60	37
Y_Contig_1	463502	35	31	31	22	31	22	23	34	25	39	30	42	29	26	42	42	37	51	42	33	32	61	37
Y_Contig_1	463503	35	31	31	22	32	23	23	35	26	39	30	42	29	26	42	42	36	51	41	33	32	61	38
Y_Contig_1	463504	35	32	33	22	31	23	21	35	27	39	31	42	30	26	42	42	37	51	41	33	32	62	37
Y_Contig_1	463505	35	33	33	22	31	23	21	36	28	38	31	42	29	26	43	43	37	50	41	34	32	63	38
Y_Contig_1	463506	35	33	33	22	31	24	21	36	28	38	31	42	28	26	40	42	37	50	40	34	32	63	38
Y_Contig_1	463507	35	33	33	22	31	24	21	35	28	38	31	42	28	26	40	42	37	50	40	34	33	63	38
Y_Contig_1	463508	34	33	33	22	31	24	21	35	30	38	31	42	28	27	40	43	37	49	42	34	34	62	37
Y_Contig_1	463509	34	33	34	22	32	25	21	37	31	38	31	42	28	27	41	44	37	49	43	34	33	63	37
Y_Contig_1	463510	34	33	33	22	31	25	21	38	31	38	31	42	28	27	41	43	38	50	43	33	32	62	37
Y_Contig_1	463511	34	33	33	22	31	25	20	39	32	38	31	42	29	27	40	43	38	49	43	33	32	60	37
Y_Contig_1	463512	34	33	33	22	31	25	20	39	32	38	31	41	29	27	39	43	38	49	42	32	32	60	37
Y_Contig_1	463513	33	33	33	22	29	25	21	40	33	38	31	42	29	27	40	43	37	47	42	32	32	60	36
Y_Contig_1	463514	32	34	34	22	28	24	21	40	33	38	30	42	29	27	40	43	37	48	42	32	32	60	35
Y_Contig_1	463515	33	34	35	22	29	24	21	41	34	38	31	41	29	28	40	44	36	48	42	32	32	60	36
Y_Contig_1	463516	33	34	35	20	29	24	21	41	34	38	31	40	29	28	40	41	35	48	42	32	33	61	36
Y_Contig_1	463517	33	34	34	21	29	24	20	41	34	38	33	40	29	28	40	41	35	48	41	33	33	61	36
Y_Contig_1	463518	31	34	34	21	29	25	20	42	35	37	33	41	30	27	40	41	36	48	42	33	33	60	36
Y_Contig_1	463519	29	35	36	21	29	24	20	42	35	38	33	41	29	27	41	41	36	48	42	33	33	59	37
Y_Contig_1	463520	30	35	36	21	29	24	20	41	35	35	33	41	28	27	41	40	36	48	43	33	33	60	36
Y_Contig_1	463521	30	35	35	22	29	26	20	42	35	35	35	41	28	27	42	40	36	48	43	32	33	60	36
Y_Contig_1	463522	30	35	35	23	31	25	20	43	35	33	34	39	28	27	43	41	36	48	42	33	32	60	35
Y_Contig_1	463523	30	37	36	22	31	25	19	43	36	34	34	39	29	26	43	41	36	48	42	33	32	60	36
Y_Contig_1	463524	31	37	37	22	31	24	19	43	37	33	34	37	30	26	43	42	36	49	41	33	32	60	35
Y_Contig_1	463525	31	38	37	23	31	24	19	43	37	32	34	37	30	25	43	41	38	50	41	34	31	60	35
Y_Contig_1	463526	31	38	37	23	33	24	19	43	38	31	33	37	29	24	43	41	40	51	41	35	32	61	35
Y_Contig_1	463527	30	37	37	23	32	24	19	43	37	31	33	37	28	23	43	41	39	50	41	35	32	60	35
Y_Contig_1	463528	30	37	37	23	31	23	19	43	37	30	33	37	27	21	41	41	38	50	40	35	32	61	34
Y_Contig_1	463529	30	38	38	23	31	23	19	43	37	29	34	37	27	21	42	41	38	50	40	34	32	60	35
Y_Contig_1	463530	30	38	38	24	32	23	19	42	36	30	34	36	27	21	42	41	38	51	40	34	32	60	36
Y_Contig_1	463531	30	39	37	24	32	21	19	41	35	29	32	37	27	20	42	43	39	50	40	34	31	57	38
Y_Contig_1	463532	30	40	37	24	32	21	19	40	36	29	32	37	27	20	42	42	39	50	41	34	31	59	38
Y_Contig_1	463533	30	40	37	24	32	20	19	40	36	29	32	37	27	20	42	41	39	51	40	34	31	59	38
Y_Contig_1	463534	30	39	37	24	32	20	19	41	36	29	32	36	28	20	43	43	39	51	40	33	31	59	39
Y_Contig_1	463535	29	39	37	24	32	20	19	40	36	29	32	37	28	20	43	43	38	51	40	33	31	59	39
Y_Contig_1	463536	29	39	36	24	34	21	18	40	36	29	31	35	28	20	43	42	38	52	40	33	31	58	39
Y_Contig_1	463537	28	38	36	24	34	21	19	40	37	28	31	34	28	19	42	41	38	51	39	33	30	58	39
Y_Contig_1	463538	28	38	34	26	34	21	19	40	37	28	31	34	28	19	42	42	37	51	38	33	30	56	39
Y_Contig_1	463539	28	37	33	26	34	21	18	41	37	29	31	32	29	19	43	42	35	52	38	34	30	56	39
Y_Contig_1	463540	28	37	31	26	33	21	18	40	37	29	31	32	30	19	44	42	34	51	37	34	29	57	39
Y_Contig_1	463541	28	37	31	26	33	20	18	39	37	30	31	32	30	19	44	41	34	51	37	34	29	57	39
Y_Contig_1	463542	28	36	31	27	32	20	17	40	37	29	30	32	30	19	42	41	34	52	37	34	29	57	38
Y_Contig_1	463543	30	36	33	27	32	20	17	40	39	28	29	32	30	18	42	42	34	52	37	35	29	59	40
Y_Contig_1	463544	30	36	32	27	32	20	17	40	39	28	28	32	30	18	43	42	34	52	37	35	29	59	40
Y_Contig_1	463545	30	35	32	27	32	20	17	42	38	28	28	32	30	19	44	42	34	51	37	35	29	60	40
Y_Contig_1	463546	30	35	32	26	33	20	18	42	38	28	28	32	28	18	44	42	34	52	36	35	29	62	39
Y_Contig_1	463547	31	35	32	26	33	20	18	41	38	28	28	32	27	20	43	43	34	53	36	35	26	62	39
Y_Contig_1	463548	31	35	32	25	33	20	18	41	37	26	28	31	27	20	43	43	34	53	36	34	26	62	38
Y_Contig_1	463549	31	35	32	25	33	20	18	41	37	27	28	29	27	20	43	42	34	53	37	34	26	62	39
Y_Contig_1	463550	31	35	32	25	33	20	17	41	37	28	28	29	28	21	43	42	34	52	37	33	25	62	40
Y_Contig_1	463551	30	36	32	25	33	20	17	40	38	29	28	29	29	23	44	42	35	52	38	33	25	61	40
Y_Contig_1	463552	32	37	30	26	33	19	17	41	39	26	29	29	29	23	44	41	35	51	38	31	24	59	38
Y_Contig_1	463553	32	37	30	27	33	19	17	41	40	27	29	30	29	23	44	41	36	51	41	31	23	58	38
Y_Contig_1	463554	32	37	29	27	33	19	17	41	39	27	29	30	29	23	43	40	36	51	40	31	23	58	38
Y_Contig_1	463555	32	37	28	27	33	19	17	41	39	28	29	31	28	23	43	41	36	51	40	31	23	58	40
Y_Contig_1	463556	32	36	29	27	33	19	17	41	39	27	28	32	28	23	43	41	36	50	40	30	23	58	40
Y_Contig_1	463557	32	36	29	27	33	19	17	41	39	27	29	31	28	23	43	41	36	50	40	30	23	56	40
Y_Contig_1	463558	32	36	30	26	33	19	17	42	39	27	28	31	28	23	43	41	37	50	38	30	23	56	38
Y_Contig_1	463559	32	36	31	27	34	19	17	42	39	27	28	31	28	23	44	42	36	50	37	31	22	56	39
Y_Contig_1	463560	32	36	31	27	34	19	18	42	40	26	28	31	28	23	44	42	36	48	37	31	22	55	40
Y_Contig_1	463561	32	36	31	27	34	19	18	41	40	26	28	31	28	23	43	42	35	47	38	30	22	54	39
Y_Contig_1	463562	32	38	32	28	34	19	18	43	39	25	28	33	29	22	44	42	33	46	39	29	24	54	40
Y_Contig_1	463563	32	38	32	27	34	19	18	43	39	25	29	32	29	22	44	42	33	46	39	28	24	55	39
Y_Contig_1	463564	32	38	31	27	34	19	18	43	39	25	28	31	29	22	44	41	33	46	38	28	22	55	39
Y_Contig_1	463565	33	38	31	29	35	20	18	43	39	25	28	32	30	22	44	41	32	46	38	29	22	57	38
Y_Contig_1	463566	33	39	31	30	35	21	19	43	39	25	29	32	29	22	44	40	32	46	37	29	22	56	38
Y_Contig_1	463567	32	39	30	30	35	21	20	43	39	24	28	32	29	22	44	40	32	46	37	29	24	58	38
Y_Contig_1	463568	33	39	30	30	35	23	20	42	39	24	28	32	29	22	44	40	31	46	36	29	23	58	38
Y_Contig_1	463569	33	39	30	30	34	23	20	42	39	25	28	32	29	22	44	41	30	47	35	29	23	57	38
Y_Contig_1	463570	33	39	30	31	32	23	20	42	39	24	29	33	30	22	45	41	30	48	35	28	23	56	38
Y_Contig_1	463571	34	39	30	30	32	23	20	41	39	24	28	33	30	22	45	41	30	48	36	28	23	56	39
Y_Contig_1	463572	34	38	31	30	34	23	20	42	39	25	29	33	31	22	44	42	30	47	38	29	24	57	40
Y_Contig_1	463573	34	38	31	31	34	23	20	42	39	25	29	33	32	22	44	41	28	47	37	28	24	58	40
Y_Contig_1	463574	34	38	31	31	34	23	20	42	39	25	29	33	34	22	41	40	27	47	37	28	23	57	39
Y_Contig_1	463575	34	38	31	31	32	23	20	41	39	25	28	33	34	22	41	40	27	47	38	28	23	57	39
Y_Contig_1	463576	34	40	31	30	31	25	20	41	39	27	28	34	34	22	41	39	27	48	38	28	23	57	40
Y_Contig_1	463577	35	41	31	30	32	25	20	41	40	27	28	35	34	23	41	38	26	48	38	28	23	58	40
Y_Contig_1	463578	36	43	31	30	31	25	19	41	39	27	28	33	32	23	42	38	26	48	39	28	23	58	40
Y_Contig_1	463579	36	44	31	30	31	24	19	41	38	27	28	34	33	23	42	37	27	48	38	28	24	58	39
Y_Contig_1	463580	36	43	32	30	31	24	20	41	39	28	28	34	33	24	42	37	27	49	38	28	24	58	39
Y_Contig_1	463581	36	44	33	30	31	25	19	41	40	29	27	35	33	24	42	37	28	51	38	29	24	59	40
Y_Contig_1	463582	36	43	34	30	31	25	19	41	40	29	27	35	34	24	42	39	28	51	38	29	25	61	40
Y_Contig_1	463583	35	43	33	30	31	25	19	41	40	30	28	36	35	24	41	39	28	51	38	29	25	61	41
Y_Contig_1	463584	35	42	31	29	31	25	20	40	39	30	28	36	34	24	38	39	29	52	38	29	25	61	41
Y_Contig_1	463585	35	43	30	29	31	25	19	40	39	31	28	37	34	23	39	39	28	51	37	30	25	61	41
Y_Contig_1	463586	35	43	30	29	31	25	19	40	39	31	28	37	34	24	39	41	27	52	37	29	26	61	42
Y_Contig_1	463587	35	43	29	29	31	26	19	40	39	31	28	37	34	24	39	41	27	52	37	29	26	61	42
Y_Contig_1	463588	35	43	29	29	31	26	18	39	38	31	27	37	35	24	37	40	27	52	36	29	25	60	43
Y_Contig_1	463589	35	43	29	29	31	26	18	42	37	31	25	37	33	25	37	41	27	51	37	29	25	62	43
Y_Contig_1	463590	35	43	28	29	31	27	18	42	38	32	25	38	34	24	37	41	28	52	37	29	25	62	43
Y_Contig_1	463591	35	43	28	29	31	27	18	41	38	32	25	38	34	24	37	41	27	52	37	28	25	61	43
Y_Contig_1	463592	35	42	28	29	32	27	18	41	36	32	26	38	34	24	37	40	27	52	36	28	25	62	43
Y_Contig_1	463593	35	42	28	30	32	27	19	42	36	32	26	38	34	24	35	40	28	53	36	28	26	63	43
Y_Contig_1	463594	34	41	28	30	33	28	19	42	36	31	26	39	34	24	35	40	28	52	36	28	26	63	42
Y_Contig_1	463595	33	41	28	31	32	28	19	42	36	31	26	41	34	24	35	40	28	52	36	28	26	62	43
Y_Contig_1	463596	33	38	28	32	32	28	19	42	36	31	26	40	34	23	34	40	28	52	36	28	26	62	43
Y_Contig_1	463597	32	39	28	33	31	27	19	42	37	30	26	40	33	24	34	40	29	51	35	26	25	61	43
Y_Contig_1	463598	30	39	29	33	31	27	18	42	37	30	26	40	33	24	34	40	29	51	35	26	25	62	43
Y_Contig_1	463599	30	39	29	33	31	27	18	42	37	29	26	40	33	25	36	39	29	51	35	27	26	62	43
Y_Contig_1	463600	30	38	29	33	31	27	19	42	38	29	26	40	33	25	36	39	28	54	35	27	26	63	43
Y_Contig_1	463601	30	37	29	33	31	27	19	43	38	29	26	40	33	25	35	39	28	55	35	26	26	63	43
Y_Contig_1	463602	30	37	29	33	31	27	19	43	39	29	26	40	33	25	35	38	28	54	34	26	26	63	43
Y_Contig_1	463603	30	37	29	33	31	26	20	43	39	29	27	40	33	25	36	38	28	54	34	26	26	62	43
Y_Contig_1	463604	30	38	31	33	32	26	21	43	39	29	27	40	33	25	36	38	30	52	34	28	27	62	43
Y_Contig_1	463605	29	38	31	33	32	26	21	43	39	29	27	39	33	25	36	37	31	51	33	28	27	61	43
Y_Contig_1	463606	30	37	31	33	32	27	21	43	39	30	27	39	33	25	38	38	31	51	33	28	27	59	44
Y_Contig_1	463607	30	37	31	33	32	27	20	43	40	31	28	39	33	25	38	37	32	51	33	28	27	57	44
Y_Contig_1	463608	30	37	31	33	32	28	20	43	41	31	28	41	33	25	39	37	32	51	32	28	27	57	44
Y_Contig_1	463609	31	37	31	32	32	28	20	44	41	31	28	42	34	25	39	37	32	50	33	28	28	56	44
Y_Contig_1	463610	31	37	31	32	31	28	20	47	41	31	29	42	33	26	40	37	32	50	33	27	28	57	44
Y_Contig_1	463611	31	37	31	32	31	28	20	48	41	31	29	42	33	25	40	37	32	50	33	27	28	58	44
Y_Contig_1	463612	32	35	31	32	33	28	19	48	40	31	30	43	33	26	40	37	32	50	35	27	27	59	44
Y_Contig_1	463613	33	35	32	32	33	29	20	48	40	30	30	43	34	26	39	38	31	50	35	27	29	57	44
Y_Contig_1	463614	33	35	33	33	34	29	20	48	40	29	30	42	35	26	40	38	32	50	35	26	29	57	44
Y_Contig_1	463615	33	35	33	33	34	29	20	48	40	29	30	42	35	27	40	38	33	50	35	26	29	56	44
Y_Contig_1	463616	33	35	32	34	32	29	20	47	41	30	30	41	35	28	40	39	33	51	35	26	29	59	44
Y_Contig_1	463617	32	35	32	35	32	29	20	46	41	31	32	42	36	29	40	36	33	52	36	26	29	59	44
Y_Contig_1	463618	32	35	32	35	32	29	19	46	41	31	32	42	36	29	40	36	33	52	36	25	29	61	44
Y_Contig_1	463619	31	35	32	35	32	29	20	46	41	31	32	43	37	29	42	36	34	51	36	25	29	63	44
Y_Contig_1	463620	31	35	32	35	32	30	20	46	41	31	32	43	37	29	41	36	34	50	36	25	29	64	44
Y_Contig_1	463621	31	35	32	36	32	30	21	46	44	32	33	45	38	29	41	36	35	50	36	26	29	65	44
Y_Contig_1	463622	31	35	32	36	32	29	21	46	44	32	33	44	38	29	41	36	36	50	36	26	29	66	43
Y_Contig_1	463623	31	35	32	36	33	29	21	46	46	31	33	45	38	29	40	36	36	49	36	27	30	66	43
Y_Contig_1	463624	31	34	32	36	33	29	21	45	46	31	33	45	38	29	40	37	36	49	36	27	30	65	41
Y_Contig_1	463625	30	35	32	36	33	29	21	45	45	31	33	45	38	29	40	37	37	49	35	27	29	64	41
Y_Contig_1	463626	30	36	32	36	33	29	21	44	46	31	33	44	38	29	40	37	37	49	35	27	29	64	41
Y_Contig_1	463627	30	36	32	36	32	27	21	44	46	31	33	44	38	29	42	37	37	49	36	27	29	63	41
Y_Contig_1	463628	30	36	32	35	32	27	21	45	46	32	35	44	37	30	41	37	36	48	37	27	31	63	43
Y_Contig_1	463629	29	36	32	35	33	27	21	44	45	32	35	44	37	30	41	37	36	49	38	27	32	63	43
Y_Contig_1	463630	28	35	32	36	33	28	21	44	45	32	35	44	38	29	42	36	36	49	39	27	32	63	44
Y_Contig_1	463631	28	35	32	36	33	28	21	45	45	34	35	43	37	29	41	36	36	50	39	27	32	63	43
Y_Contig_1	463632	28	35	31	36	32	28	20	45	44	34	37	45	37	29	41	36	36	52	39	27	32	63	44
Y_Contig_1	463633	28	35	31	36	32	28	20	44	43	35	37	45	37	29	41	36	36	52	39	27	32	63	45
Y_Contig_1	463634	28	35	31	35	32	28	20	44	43	34	37	45	39	28	41	36	35	52	38	27	33	64	46
Y_Contig_1	463635	28	34	31	35	32	27	20	44	43	34	37	43	39	27	42	36	34	52	38	27	33	64	46
Y_Contig_1	463636	29	35	32	35	32	27	20	45	43	33	37	42	40	26	42	36	35	52	38	28	33	65	46
Y_Contig_1	463637	29	36	32	34	30	27	20	46	44	33	37	43	40	27	44	37	35	53	39	29	33	65	47
Y_Contig_1	463638	29	36	32	34	30	27	20	47	44	33	37	43	40	27	44	37	35	54	40	29	32	65	49
Y_Contig_1	463639	29	37	32	34	30	28	20	47	44	33	37	42	40	27	44	36	35	54	40	29	32	65	50
Y_Contig_1	463640	29	37	32	33	30	27	20	47	44	33	37	42	40	27	44	33	35	54	41	29	32	65	50
Y_Contig_1	463641	29	36	31	33	30	26	20	45	44	33	36	42	40	27	45	33	35	54	41	29	31	64	49
Y_Contig_1	463642	27	35	32	33	30	26	20	46	43	34	36	42	39	28	46	33	36	54	43	29	31	65	49
Y_Contig_1	463643	27	35	32	33	30	26	20	46	43	34	37	44	39	28	47	33	36	54	42	31	31	65	49
Y_Contig_1	463644	27	35	32	33	30	27	20	46	44	34	37	44	39	28	47	32	36	54	43	31	31	65	50
Y_Contig_1	463645	26	36	32	32	30	27	20	46	44	34	36	44	38	28	46	33	36	53	43	30	30	64	50
Y_Contig_1	463646	26	36	32	32	31	27	20	46	44	33	36	45	39	28	46	33	36	53	43	29	29	65	50
Y_Contig_1	463647	26	36	33	32	31	27	20	46	44	33	36	44	39	28	45	32	36	53	43	29	29	64	49
Y_Contig_1	463648	26	37	33	31	32	27	20	46	45	32	36	44	39	28	45	31	37	53	43	29	30	63	48
Y_Contig_1	463649	26	38	33	30	30	27	20	46	45	34	35	44	39	27	45	31	37	53	43	29	30	64	47
Y_Contig_1	463650	24	37	33	29	31	27	21	46	45	34	35	45	39	27	46	31	36	52	43	29	31	65	46
Y_Contig_1	463651	24	37	33	29	31	27	21	46	45	34	35	45	39	27	46	31	36	51	43	29	31	63	46
Y_Contig_1	463652	24	38	32	31	32	25	20	45	44	34	35	44	40	27	45	31	36	52	43	29	32	63	45
Y_Contig_1	463653	24	38	32	31	32	25	21	45	44	34	34	44	40	27	45	31	35	52	44	29	32	63	45
Y_Contig_1	463654	24	37	30	31	32	25	21	45	42	34	35	44	39	27	45	33	36	52	44	29	33	63	44
Y_Contig_1	463655	24	36	31	31	33	25	21	45	42	34	35	45	39	27	44	32	36	52	44	28	33	64	44
Y_Contig_1	463656	24	35	31	31	35	24	21	45	42	35	35	45	39	27	44	32	36	52	44	28	33	65	45
Y_Contig_1	463657	24	35	31	31	35	25	21	45	43	35	35	45	39	26	44	32	37	52	44	28	31	65	45
Y_Contig_1	463658	25	35	31	31	35	25	22	45	41	35	36	45	39	26	44	30	37	53	43	28	31	65	45
Y_Contig_1	463659	25	35	31	31	34	25	22	43	40	35	36	45	39	26	43	29	37	53	42	28	31	64	45
Y_Contig_1	463660	25	35	31	31	34	25	22	42	40	35	37	45	38	26	43	29	37	52	42	28	31	64	45
Y_Contig_1	463661	25	35	31	31	34	25	22	41	38	35	37	45	37	26	42	29	38	52	42	29	31	64	45
Y_Contig_1	463662	25	35	31	31	34	26	21	41	38	35	37	45	37	26	42	29	38	52	42	29	32	63	45
Y_Contig_1	463663	25	34	29	31	34	26	21	39	38	35	35	45	38	26	43	28	38	52	42	29	32	64	44
Y_Contig_1	463664	25	33	29	31	34	26	21	40	38	35	35	45	38	26	43	28	38	52	42	29	32	64	44
Y_Contig_1	463665	26	33	29	32	34	26	22	40	37	35	35	45	38	25	43	28	38	53	43	29	32	64	44
Y_Contig_1	463666	26	33	29	32	34	26	22	40	37	35	35	45	38	25	43	28	38	53	44	29	31	63	44
Y_Contig_1	463667	26	33	28	31	34	26	22	41	37	35	34	45	38	24	44	29	38	54	44	27	31	64	44
Y_Contig_1	463668	26	33	28	31	34	25	22	40	36	36	34	44	37	25	45	30	37	55	44	27	31	64	46
Y_Contig_1	463669	26	31	26	32	34	25	22	40	36	35	34	45	37	25	44	29	39	54	44	27	31	64	45
Y_Contig_1	463670	24	30	26	32	34	25	23	40	36	35	34	44	37	25	44	30	39	54	43	27	30	63	45
Y_Contig_1	463671	24	30	27	31	34	23	23	39	36	35	32	44	37	25	44	30	39	54	43	27	30	63	45
Y_Contig_1	463672	24	30	27	31	32	23	23	38	36	35	32	44	36	26	46	29	39	53	43	26	30	63	45
Y_Contig_1	463673	24	28	26	31	32	23	24	38	35	34	33	44	35	26	46	29	40	52	43	27	30	64	44
Y_Contig_1	463674	23	29	26	31	33	24	24	39	34	34	33	43	35	26	46	29	39	52	43	26	31	63	45
Y_Contig_1	463675	24	29	26	30	32	24	24	38	35	34	33	43	35	26	46	31	35	50	43	25	30	62	45
Y_Contig_1	463676	24	29	25	29	31	24	24	39	35	34	32	43	35	26	46	31	35	49	43	26	29	63	46
Y_Contig_1	463677	25	29	25	29	31	24	24	41	35	35	32	43	36	26	47	31	35	49	43	26	29	63	45
Y_Contig_1	463678	25	30	25	29	31	25	24	42	35	35	32	43	37	26	46	31	36	49	43	26	30	61	44
Y_Contig_1	463679	26	29	24	30	30	25	24	42	36	35	33	43	37	26	46	32	36	49	43	26	30	61	43
Y_Contig_1	463680	26	29	24	31	30	25	24	41	36	34	33	43	37	26	46	32	36	49	45	26	30	61	43
Y_Contig_1	463681	26	28	24	31	31	25	24	41	36	34	33	43	39	26	46	31	36	50	44	26	29	60	41
Y_Contig_1	463682	26	27	24	30	31	26	24	41	36	34	34	43	40	26	46	31	36	51	44	26	29	60	41
Y_Contig_1	463683	26	27	24	30	31	26	24	41	36	34	34	44	40	26	47	31	36	50	45	26	29	61	41
Y_Contig_1	463684	26	27	24	30	31	25	24	40	36	34	34	45	39	26	46	30	37	49	45	26	29	62	40
Y_Contig_1	463685	26	27	24	30	31	25	24	41	36	34	34	44	39	27	46	32	36	48	44	26	29	62	40
Y_Contig_1	463686	28	27	24	31	29	25	24	42	35	34	34	44	40	27	46	32	39	48	44	26	29	64	40
Y_Contig_1	463687	28	28	24	31	29	25	23	42	34	34	34	44	40	29	46	32	39	48	45	26	29	64	40
Y_Contig_1	463688	29	28	24	29	29	25	23	42	34	34	34	46	40	29	46	34	39	48	45	27	29	64	40
Y_Contig_1	463689	29	28	24	30	30	25	22	42	34	33	35	46	39	29	45	35	40	47	46	26	29	64	40
Y_Contig_1	463690	29	28	24	30	30	25	22	42	35	32	35	47	38	29	44	35	41	47	48	25	29	63	40
Y_Contig_1	463691	29	29	24	31	30	27	22	42	35	32	35	47	39	29	44	36	41	47	48	25	29	63	40
Y_Contig_1	463692	29	29	23	31	30	27	22	42	33	32	35	47	39	29	44	36	41	45	48	24	29	64	40
Y_Contig_1	463693	26	29	25	31	30	27	22	43	32	32	35	47	39	29	44	35	41	46	48	24	29	63	39
Y_Contig_1	463694	26	29	25	32	30	27	22	43	32	32	36	48	39	29	43	35	41	46	49	24	29	63	39
Y_Contig_1	463695	26	29	25	34	30	27	23	42	32	32	37	49	40	28	43	35	42	47	50	24	32	62	39
Y_Contig_1	463696	26	29	26	33	29	27	22	41	32	32	37	50	40	29	43	35	42	46	50	24	32	60	39
Y_Contig_1	463697	25	29	26	33	29	28	23	42	32	32	37	50	40	27	43	34	43	45	49	24	32	60	39
Y_Contig_1	463698	25	29	26	33	29	28	23	42	33	31	37	51	40	27	43	35	43	46	48	24	32	60	38
Y_Contig_1	463699	25	29	26	33	29	28	23	43	33	30	37	51	39	26	43	35	44	47	48	24	32	59	38
Y_Contig_1	463700	26	28	27	33	29	28	23	45	33	30	37	52	39	24	44	35	44	48	47	25	33	59	37
Y_Contig_1	463701	25	28	27	34	29	28	23	45	32	29	36	51	38	24	42	35	43	48	47	23	33	59	37
Y_Contig_1	463702	24	28	27	33	29	28	25	45	31	29	36	51	38	24	42	35	43	48	48	23	33	59	37
Y_Contig_1	463703	24	28	27	32	30	28	25	45	30	28	36	51	38	25	42	36	43	50	47	23	33	59	38
Y_Contig_1	463704	24	28	27	32	29	28	25	46	31	29	36	51	38	25	42	36	44	50	48	23	33	60	38
Y_Contig_1	463705	24	28	28	32	29	28	25	46	31	29	35	49	37	25	42	36	44	50	47	23	35	60	36
Y_Contig_1	463706	24	29	28	32	29	29	25	46	31	31	35	49	38	25	43	36	44	51	48	23	36	59	36
Y_Contig_1	463707	24	30	28	32	29	29	25	45	31	31	34	49	38	25	43	36	44	51	48	23	36	59	37
Y_Contig_1	463708	24	30	28	32	29	29	25	45	31	31	35	50	38	25	43	36	43	51	48	23	36	59	37
Y_Contig_1	463709	24	30	27	32	28	28	25	45	30	33	35	49	39	25	43	34	43	51	48	22	36	59	36
Y_Contig_1	463710	24	29	28	31	29	28	25	44	30	33	35	49	39	26	44	34	43	51	49	22	36	61	34
Y_Contig_1	463711	25	29	28	30	29	30	25	43	30	33	35	48	40	26	45	34	43	51	47	22	36	61	35
Y_Contig_1	463712	25	29	27	30	29	30	25	44	30	34	35	47	40	26	44	34	44	51	47	22	34	61	36
Y_Contig_1	463713	25	29	27	30	29	29	25	44	30	34	34	46	39	26	44	34	44	52	47	22	34	60	37
Y_Contig_1	463714	24	28	27	28	28	28	24	44	29	34	34	46	39	26	44	35	44	51	49	20	33	57	37
Y_Contig_1	463715	24	29	27	27	28	29	24	44	29	35	35	46	39	26	45	34	44	51	49	20	33	57	37
Y_Contig_1	463716	24	29	27	27	28	29	23	44	29	35	34	46	39	26	45	34	44	51	49	20	33	56	38
Y_Contig_1	463717	24	29	29	27	29	29	24	45	28	36	35	46	40	26	47	35	44	51	51	21	33	55	38
Y_Contig_1	463718	23	29	29	27	29	27	24	45	29	36	35	46	40	26	47	36	44	51	51	21	34	55	38
Y_Contig_1	463719	23	29	29	27	30	27	24	45	29	35	36	46	40	26	47	35	44	51	51	21	34	55	38
Y_Contig_1	463720	23	29	29	26	30	27	24	45	29	35	35	45	39	26	46	35	46	51	51	20	35	55	38
Y_Contig_1	463721	23	29	28	26	30	28	24	45	29	35	34	45	39	26	46	35	46	51	48	19	35	53	37
Y_Contig_1	463722	23	29	28	26	28	28	24	44	29	34	34	45	40	25	46	34	46	52	48	18	34	53	36
Y_Contig_1	463723	23	29	28	25	28	28	24	44	29	34	34	45	39	25	46	34	46	53	48	18	34	52	36
Y_Contig_1	463724	23	29	28	25	29	28	24	44	29	32	34	45	37	25	47	35	46	54	48	18	34	52	36
Y_Contig_1	463725	23	29	28	25	29	27	24	44	29	32	34	43	37	24	47	35	46	53	47	18	34	52	36
Y_Contig_1	463726	22	30	30	26	29	26	25	45	30	32	35	44	37	25	48	38	46	54	48	18	34	51	39
Y_Contig_1	463727	22	30	31	26	29	26	25	45	29	32	35	45	38	25	49	38	46	54	48	18	34	51	39
Y_Contig_1	463728	22	28	31	26	29	26	26	45	29	32	35	46	38	24	48	38	46	54	47	18	34	51	40
Y_Contig_1	463729	22	27	31	26	30	26	26	45	29	32	35	45	37	24	48	38	45	54	47	18	33	51	40
Y_Contig_1	463730	22	27	29	26	30	26	25	45	28	31	35	45	37	23	47	38	44	53	47	19	33	51	40
Y_Contig_1	463731	22	26	29	26	31	26	25	45	28	30	35	45	37	24	47	38	44	52	47	19	33	51	40
Y_Contig_1	463732	23	26	29	26	32	26	25	45	28	30	35	45	36	26	47	37	44	51	47	20	32	49	40
Y_Contig_1	463733	23	26	30	26	32	26	25	46	28	29	34	44	35	26	47	37	45	51	47	20	32	48	39
Y_Contig_1	463734	23	26	30	26	32	26	24	46	28	29	34	45	35	26	47	37	44	50	47	20	32	48	39
Y_Contig_1	463735	23	26	30	26	31	25	24	46	28	28	34	44	35	26	46	37	46	49	47	19	32	48	39
Y_Contig_1	463736	23	26	31	27	30	25	24	46	28	30	35	44	35	26	46	36	47	49	47	20	31	48	38
Y_Contig_1	463737	25	26	31	28	30	25	24	45	28	30	35	44	36	25	47	35	48	49	47	20	31	48	39
Y_Contig_1	463738	25	26	31	29	30	25	24	46	28	31	35	44	35	26	47	35	48	49	47	20	31	46	38
Y_Contig_1	463739	25	26	32	29	31	25	24	44	28	31	35	44	34	26	47	35	48	49	48	20	31	46	38
Y_Contig_1	463740	25	26	32	29	31	24	24	44	28	30	35	43	34	27	47	35	48	49	48	20	31	47	39
Y_Contig_1	463741	26	27	32	30	32	24	25	44	28	30	34	43	34	28	48	35	48	49	48	21	32	46	40
Y_Contig_1	463742	26	27	32	28	32	23	24	44	28	31	35	41	35	28	48	35	48	47	48	21	31	47	40
Y_Contig_1	463743	27	27	32	28	33	23	24	44	29	31	36	41	36	29	49	36	48	48	48	21	31	47	41
Y_Contig_1	463744	27	26	32	28	32	23	24	44	29	31	36	40	36	29	50	36	48	48	48	21	31	47	41
Y_Contig_1	463745	26	26	33	28	32	23	25	44	29	31	36	40	36	30	51	36	48	48	49	21	32	47	40
Y_Contig_1	463746	26	27	33	27	32	24	25	44	29	32	37	40	36	30	51	36	48	48	50	21	32	48	40
Y_Contig_1	463747	26	26	33	26	33	24	25	44	28	32	36	40	36	28	51	36	47	48	50	21	32	48	40
Y_Contig_1	463748	26	26	32	26	33	24	25	44	28	33	36	40	36	28	51	36	47	48	50	21	32	48	40
Y_Contig_1	463749	26	26	34	26	33	25	25	45	28	33	36	40	37	27	49	37	46	49	52	20	31	50	42
Y_Contig_1	463750	26	27	34	26	33	26	24	45	27	34	36	41	37	28	49	37	46	46	52	20	31	50	43
Y_Contig_1	463751	27	27	36	27	33	26	24	44	28	34	36	41	37	28	49	37	47	46	53	20	31	50	43
Y_Contig_1	463752	27	28	36	27	33	26	24	44	27	34	36	41	37	29	49	38	48	48	53	21	31	51	43
Y_Contig_1	463753	27	28	36	27	33	27	22	45	27	34	35	41	38	29	50	38	46	49	53	21	30	51	43
Y_Contig_1	463754	27	27	35	27	32	27	22	45	27	34	35	41	38	29	50	38	46	49	53	19	30	51	43
Y_Contig_1	463755	26	27	35	27	32	28	22	46	28	35	37	41	39	30	50	38	45	51	53	20	30	51	43
Y_Contig_1	463756	25	28	35	27	32	26	22	46	27	33	36	42	39	30	49	37	44	51	52	20	30	52	42
Y_Contig_1	463757	27	29	36	27	32	26	22	46	28	33	36	42	39	30	49	37	44	51	52	20	31	52	42
Y_Contig_1	463758	27	29	37	27	32	26	22	46	28	33	38	40	40	30	48	38	44	52	52	20	32	52	42
Y_Contig_1	463759	27	31	37	27	32	26	23	47	28	34	38	39	40	30	48	39	43	53	51	21	31	52	42
Y_Contig_1	463760	26	31	37	27	33	26	23	43	28	34	37	39	40	29	47	39	44	54	51	21	31	50	42
Y_Contig_1	463761	26	31	37	27	33	26	23	43	28	34	36	38	40	28	47	39	44	54	51	21	31	49	42
Y_Contig_1	463762	26	32	37	27	32	26	23	44	28	34	36	38	39	28	48	38	44	55	50	21	30	50	42
Y_Contig_1	463763	26	32	36	27	32	25	22	44	28	34	36	38	39	28	48	38	45	55	50	22	29	50	42
Y_Contig_1	463764	26	32	36	26	31	25	22	44	28	35	36	38	38	28	47	40	44	55	50	22	29	50	42
Y_Contig_1	463765	26	32	36	26	31	25	22	44	27	34	36	38	38	26	46	39	43	56	51	22	29	49	42
Y_Contig_1	463766	28	32	36	25	32	25	22	44	27	33	35	37	39	25	46	39	43	55	52	22	29	50	44
Y_Contig_1	463767	28	34	36	24	32	26	22	44	27	33	34	39	38	25	46	39	44	54	51	22	30	50	44
Y_Contig_1	463768	28	34	35	25	32	26	23	44	27	34	34	39	37	25	47	39	43	54	51	22	30	48	44
Y_Contig_1	463769	28	34	35	25	32	26	21	44	26	34	34	38	37	25	45	39	43	54	51	22	30	47	44
Y_Contig_1	463770	28	34	35	24	34	25	20	45	25	36	33	36	36	25	45	39	42	54	52	22	30	49	42
Y_Contig_1	463771	29	34	35	24	34	25	20	46	24	35	33	37	36	25	45	39	42	54	52	22	32	48	43
Y_Contig_1	463772	30	35	35	24	34	26	21	46	25	35	33	37	36	25	48	39	42	54	53	22	33	47	43
Y_Contig_1	463773	30	35	35	24	33	26	21	46	23	35	33	37	37	25	48	39	42	54	53	21	32	47	44
Y_Contig_1	463774	30	35	35	24	33	26	21	46	23	35	33	37	37	25	48	38	42	54	53	22	32	47	43
Y_Contig_1	463775	30	35	35	24	33	26	21	46	23	36	33	37	37	25	47	38	42	53	53	22	32	47	43
Y_Contig_1	463776	30	34	36	25	35	26	21	46	22	36	33	39	38	26	47	39	42	52	53	22	32	48	44
Y_Contig_1	463777	30	34	35	24	35	26	21	46	22	35	32	40	38	26	46	40	42	51	52	22	32	48	43
Y_Contig_1	463778	30	35	35	24	34	25	21	45	22	35	31	40	37	25	45	40	42	51	50	22	31	48	43
Y_Contig_1	463779	30	35	35	24	34	26	21	45	23	35	32	41	36	25	45	40	43	50	49	22	30	48	43
Y_Contig_1	463780	30	35	35	24	36	25	21	45	23	35	32	41	36	25	45	40	43	50	48	22	30	48	43
Y_Contig_1	463781	30	35	35	24	35	26	21	43	23	34	31	40	35	26	48	40	43	49	48	23	29	47	40
Y_Contig_1	463782	30	35	35	24	35	26	21	43	24	35	32	40	35	26	48	40	43	47	48	23	29	48	39
Y_Contig_1	463783	29	35	35	24	35	27	21	43	24	34	33	40	35	26	47	40	43	47	48	23	29	47	39
Y_Contig_1	463784	31	35	37	24	35	27	21	42	24	34	34	42	35	26	47	42	43	47	48	23	29	49	39
Y_Contig_1	463785	31	34	36	24	35	27	21	42	24	34	35	43	34	26	46	42	42	47	47	22	28	48	39
Y_Contig_1	463786	31	35	36	25	35	28	21	42	24	34	35	42	35	26	46	42	42	47	47	22	28	48	38
Y_Contig_1	463787	31	34	36	25	35	28	22	42	23	34	35	43	36	26	45	41	43	46	45	22	27	48	38
Y_Contig_1	463788	31	34	36	25	36	28	22	41	23	35	35	42	36	26	45	41	43	45	45	22	27	48	37
Y_Contig_1	463789	31	33	36	25	37	27	22	41	23	35	35	42	36	26	45	41	43	45	45	23	27	48	37
Y_Contig_1	463790	31	33	35	25	37	27	22	41	23	35	34	42	36	26	44	41	43	45	43	24	27	48	37
Y_Contig_1	463791	31	33	35	25	37	26	22	41	23	36	35	45	37	26	43	41	43	45	42	24	27	48	38
Y_Contig_1	463792	31	32	35	25	37	26	22	40	23	35	34	45	37	25	43	41	42	45	42	24	27	48	39
Y_Contig_1	463793	31	32	35	25	37	27	22	40	22	35	34	43	37	25	42	41	42	46	42	22	28	48	39
Y_Contig_1	463794	31	32	35	25	37	27	22	41	22	35	34	43	37	25	43	41	42	46	41	22	28	48	38
Y_Contig_1	463795	32	32	34	25	37	28	22	42	23	35	34	43	37	25	46	40	42	45	41	22	28	48	39
Y_Contig_1	463796	32	32	34	26	36	28	23	42	25	35	33	42	37	24	46	40	42	45	42	22	28	48	39
Y_Contig_1	463797	32	32	34	26	37	27	23	42	25	36	34	44	37	24	46	40	42	46	42	22	29	49	39
Y_Contig_1	463798	32	31	34	26	36	28	23	42	24	36	33	43	38	24	46	40	42	46	42	22	28	49	39
Y_Contig_1	463799	33	30	34	26	36	28	23	42	25	34	33	44	38	25	46	40	42	46	42	22	28	49	39
Y_Contig_1	463800	33	31	34	26	35	28	23	43	25	34	33	43	39	25	46	40	42	46	42	22	27	48	39
Y_Contig_1	463801	34	31	34	26	35	29	23	44	25	34	33	43	39	25	47	40	41	47	41	22	27	48	39
Y_Contig_1	463802	34	30	35	24	33	30	23	43	25	35	34	43	38	25	47	41	41	48	43	22	26	48	39
Y_Contig_1	463803	34	31	35	26	33	30	22	43	26	35	34	44	38	26	47	43	41	48	42	22	26	48	39
Y_Contig_1	463804	34	31	34	26	33	31	22	43	26	35	33	43	38	26	47	41	40	48	42	22	26	46	39
Y_Contig_1	463805	34	31	34	26	32	31	22	42	27	35	33	43	38	26	47	41	41	48	42	22	26	47	39
Y_Contig_1	463806	35	31	34	26	30	31	22	42	27	34	33	43	38	26	47	41	41	49	42	22	27	47	38
Y_Contig_1	463807	35	31	34	26	30	29	22	43	26	34	34	43	38	26	48	41	40	48	41	23	27	47	39
Y_Contig_1	463808	37	31	34	26	30	29	21	43	26	34	36	44	38	28	49	41	41	48	41	23	27	47	39
Y_Contig_1	463809	37	31	33	26	30	29	21	43	26	34	35	44	39	28	49	41	40	48	41	24	27	47	39
Y_Contig_1	463810	38	31	34	26	30	29	21	43	26	34	35	44	39	29	49	41	39	48	41	23	27	47	39
Y_Contig_1	463811	38	31	34	26	30	29	21	43	26	34	35	44	39	30	49	41	39	48	41	23	27	47	39
Y_Contig_1	463812	38	31	34	26	30	28	21	43	26	34	35	44	39	30	49	41	39	48	41	23	26	47	39
Y_Contig_1	463813	37	31	34	27	30	28	22	43	28	36	35	44	38	30	51	42	39	48	41	24	26	46	41
Y_Contig_1	463814	37	31	34	27	30	29	23	42	28	36	35	44	38	30	52	42	39	48	41	24	26	46	41
Y_Contig_1	463815	36	31	36	26	30	30	22	42	28	36	35	45	38	31	53	42	40	47	41	24	26	46	42
Y_Contig_1	463816	36	31	36	26	30	30	22	42	29	36	35	45	38	31	52	42	41	48	40	24	26	46	42
Y_Contig_1	463817	37	32	36	25	30	30	23	42	29	37	35	44	39	30	52	41	39	47	39	24	26	45	40
Y_Contig_1	463818	37	33	36	25	30	30	23	43	29	37	36	44	39	30	52	41	41	47	39	24	27	45	41
Y_Contig_1	463819	37	33	35	25	30	30	22	44	29	37	36	44	40	31	51	42	41	47	39	24	27	45	41
Y_Contig_1	463820	37	33	35	25	30	30	22	44	30	37	36	44	41	32	51	43	41	47	39	24	27	45	41
Y_Contig_1	463821	37	33	35	25	30	30	22	44	31	37	37	44	43	32	51	43	41	47	40	25	28	46	40
Y_Contig_1	463822	37	33	35	24	30	31	22	44	32	37	36	46	43	32	50	44	41	47	40	25	28	45	40
Y_Contig_1	463823	37	33	35	25	30	32	21	43	32	38	36	48	42	32	51	44	43	47	40	25	29	44	39
Y_Contig_1	463824	37	33	35	25	29	33	21	43	32	38	37	48	44	32	51	44	43	46	40	25	28	44	39
Y_Contig_1	463825	36	32	35	25	29	35	22	42	32	37	37	48	44	33	51	43	43	48	41	25	29	44	40
Y_Contig_1	463826	35	32	37	25	29	36	22	43	31	38	37	48	44	33	51	44	43	48	41	24	29	44	39
Y_Contig_1	463827	34	32	37	26	29	36	22	41	31	37	37	48	43	33	50	44	43	48	41	24	29	43	40
Y_Contig_1	463828	34	31	37	26	29	35	23	40	31	37	37	48	42	33	50	44	42	48	41	24	28	43	40
Y_Contig_1	463829	34	31	38	26	30	36	23	41	31	38	36	49	43	33	51	44	44	48	41	24	28	44	40
Y_Contig_1	463830	34	31	38	24	31	36	23	41	32	38	36	50	43	33	51	45	44	50	39	24	28	45	40
Y_Contig_1	463831	34	33	38	24	30	35	23	41	31	39	36	49	42	34	51	44	44	48	39	24	29	45	40
Y_Contig_1	463832	34	36	38	24	30	36	23	41	31	40	35	49	42	34	52	46	45	49	39	24	29	45	40
Y_Contig_1	463833	34	36	38	24	30	37	23	41	31	40	36	49	42	34	52	46	45	49	38	24	29	44	41
Y_Contig_1	463834	34	36	38	25	30	38	23	40	31	41	36	49	42	34	53	45	44	49	38	24	30	43	41
Y_Contig_1	463835	34	37	38	25	30	39	25	39	32	41	36	50	42	35	53	43	44	49	40	24	30	46	41
Y_Contig_1	463836	32	38	38	24	30	39	25	38	33	41	36	50	41	35	53	43	41	49	40	24	30	44	41
Y_Contig_1	463837	33	37	38	24	31	39	26	38	34	41	36	49	41	33	53	43	41	49	39	24	30	44	42
Y_Contig_1	463838	32	37	38	24	31	39	26	38	34	41	36	48	41	33	54	42	41	49	40	24	30	44	42
Y_Contig_1	463839	32	37	38	24	30	39	26	38	36	41	35	48	41	33	54	42	41	50	39	26	30	45	42
Y_Contig_1	463840	32	37	38	25	30	39	26	38	35	41	36	47	41	34	54	43	40	50	38	26	30	45	42
Y_Contig_1	463841	32	37	38	24	30	37	27	38	35	41	36	48	40	35	54	42	40	50	38	27	31	46	42
Y_Contig_1	463842	32	37	39	24	30	37	27	37	35	41	36	48	40	35	54	42	40	50	38	28	31	44	42
Y_Contig_1	463843	32	37	37	24	30	37	29	36	35	41	35	49	40	35	54	43	40	50	37	29	32	44	42
Y_Contig_1	463844	32	37	37	24	30	38	29	35	35	41	35	48	39	35	54	43	39	50	36	29	32	44	42
Y_Contig_1	463845	32	37	37	22	30	38	28	35	35	41	34	48	39	36	56	43	39	50	36	29	29	44	42
Y_Contig_1	463846	32	37	36	23	30	37	27	36	35	41	34	47	39	35	56	43	39	50	36	29	29	44	42
Y_Contig_1	463847	32	37	36	23	30	37	27	34	35	42	35	47	40	35	56	43	37	49	39	30	29	48	43
Y_Contig_1	463848	32	37	37	23	30	37	27	34	37	43	35	47	40	35	57	43	37	49	39	30	29	48	43
Y_Contig_1	463849	31	37	37	23	30	37	27	33	37	43	37	47	39	35	56	43	37	49	39	29	29	48	44
Y_Contig_1	463850	32	37	37	23	31	38	27	32	37	43	37	46	39	37	56	43	38	48	39	29	29	48	44
Y_Contig_1	463851	32	37	37	23	31	38	27	33	36	45	37	45	40	37	56	43	38	49	38	29	29	50	44
Y_Contig_1	463852	32	37	37	23	31	38	25	32	36	45	37	45	40	37	56	43	38	49	37	30	29	50	44
Y_Contig_1	463853	32	36	35	24	30	37	25	33	35	44	37	45	41	36	54	42	38	47	34	30	27	50	43
Y_Contig_1	463854	32	37	35	24	30	37	25	32	36	43	37	45	41	36	56	42	37	48	35	30	28	51	43
Y_Contig_1	463855	32	37	34	24	30	37	25	32	36	43	37	45	41	36	56	42	37	48	35	30	27	51	43
Y_Contig_1	463856	34	37	35	24	31	37	25	34	37	42	38	45	40	37	56	42	38	49	35	31	27	51	43
Y_Contig_1	463857	34	36	35	24	31	37	25	34	37	42	38	45	40	37	56	42	38	49	35	31	27	51	42
Y_Contig_1	463858	34	36	35	24	30	37	25	34	37	42	37	44	40	37	56	42	38	49	35	31	27	51	42
Y_Contig_1	463859	35	38	34	24	30	38	24	35	37	40	38	46	39	41	59	43	38	49	35	31	27	51	43
Y_Contig_1	463860	35	38	34	25	30	38	24	36	37	40	38	47	39	41	58	44	38	49	34	32	29	50	43
Y_Contig_1	463861	34	38	34	26	31	36	24	36	37	40	39	47	38	41	57	44	38	49	34	32	29	50	42
Y_Contig_1	463862	34	38	35	26	31	37	24	35	39	39	39	48	38	42	57	44	37	48	36	31	29	50	40
Y_Contig_1	463863	36	39	35	27	31	37	24	35	39	39	40	48	38	42	58	44	37	50	37	31	29	50	40
Y_Contig_1	463864	36	39	35	27	31	37	24	35	39	39	40	48	38	42	58	43	37	50	35	31	29	50	40
Y_Contig_1	463865	36	38	35	27	31	36	23	35	39	38	39	48	38	42	57	43	37	50	35	31	29	50	40
Y_Contig_1	463866	36	38	35	28	31	36	23	34	40	38	40	48	38	42	57	43	38	50	35	31	29	53	39
Y_Contig_1	463867	36	38	34	29	30	37	22	34	40	37	39	48	38	42	56	42	39	50	33	30	28	55	39
Y_Contig_1	463868	36	38	34	29	29	38	22	34	40	37	39	49	38	42	56	41	39	48	33	30	28	55	39
Y_Contig_1	463869	37	38	34	29	30	38	22	34	40	37	38	49	38	42	56	41	39	48	32	30	29	55	39
Y_Contig_1	463870	36	38	34	29	30	37	23	35	41	37	39	49	37	42	56	41	37	48	34	30	28	55	39
Y_Contig_1	463871	36	39	34	29	30	37	23	35	41	37	39	49	36	43	56	41	37	47	35	30	30	57	41
Y_Contig_1	463872	37	39	34	29	30	37	23	35	41	37	39	50	36	43	56	40	38	46	35	30	30	59	41
Y_Contig_1	463873	37	38	34	29	30	37	23	35	41	37	40	50	36	43	55	40	38	46	35	30	31	59	41
Y_Contig_1	463874	37	37	34	30	29	37	23	35	41	37	40	50	35	43	55	40	38	45	35	30	31	60	42
Y_Contig_1	463875	37	36	34	30	29	37	22	35	40	37	40	50	35	43	54	40	38	44	36	30	31	60	43
Y_Contig_1	463876	37	36	32	30	29	38	22	34	40	38	40	49	35	42	54	37	38	44	35	30	31	60	40
Y_Contig_1	463877	37	35	31	30	28	38	22	34	40	38	39	48	35	42	53	37	39	45	35	30	31	61	40
Y_Contig_1	463878	36	36	31	30	28	38	21	34	40	38	39	47	36	42	53	37	39	46	36	30	31	61	40
Y_Contig_1	463879	36	36	31	31	27	38	21	34	40	38	39	47	36	42	53	37	39	46	36	31	31	61	40
Y_Contig_1	463880	37	37	31	31	27	38	21	35	39	38	39	47	36	44	54	38	39	45	37	30	31	60	39
Y_Contig_1	463881	37	37	31	31	27	38	21	35	39	40	39	48	36	43	55	39	39	47	37	29	31	60	39
Y_Contig_1	463882	37	37	29	33	27	38	21	37	39	40	39	48	36	41	56	38	39	47	38	28	31	60	39
Y_Contig_1	463883	38	37	29	33	27	38	21	36	39	40	39	48	36	41	57	38	39	48	38	28	31	60	39
Y_Contig_1	463884	39	37	29	33	27	38	21	36	40	41	39	47	36	41	57	38	40	48	38	28	31	60	39
Y_Contig_1	463885	39	38	28	32	27	38	21	36	40	39	39	47	36	40	59	39	37	49	38	27	31	60	39
Y_Contig_1	463886	39	38	28	32	27	38	21	36	40	39	39	47	36	40	59	38	37	49	38	28	31	60	40
Y_Contig_1	463887	37	38	28	31	28	38	22	36	40	39	39	47	35	40	58	38	36	49	38	28	31	60	39
Y_Contig_1	463888	37	38	29	30	28	38	22	35	40	38	39	48	35	40	58	39	36	49	38	28	31	61	39
Y_Contig_1	463889	37	38	28	30	27	38	22	35	40	38	39	48	35	40	58	39	36	50	36	28	31	61	39
Y_Contig_1	463890	37	38	28	30	27	38	21	36	40	37	39	48	36	41	58	39	35	49	37	28	32	60	38
Y_Contig_1	463891	36	37	27	29	26	39	21	37	41	38	39	48	35	40	57	39	35	52	38	27	31	61	37
Y_Contig_1	463892	35	37	27	29	26	39	21	37	41	37	38	48	35	40	57	39	36	52	38	27	31	59	37
Y_Contig_1	463893	34	38	27	29	26	40	21	36	40	37	39	49	34	40	56	38	35	51	38	27	30	59	36
Y_Contig_1	463894	34	38	26	29	25	40	21	36	40	37	39	49	34	40	55	38	36	52	37	28	30	59	36
Y_Contig_1	463895	34	38	26	30	26	40	20	36	40	38	39	49	34	39	54	39	37	53	37	28	30	60	37
Y_Contig_1	463896	34	37	26	31	26	39	20	36	40	37	38	49	33	40	54	40	37	53	37	28	30	59	37
Y_Contig_1	463897	35	37	26	31	26	39	20	36	40	38	39	49	33	40	54	40	37	53	37	28	30	58	37
Y_Contig_1	463898	36	38	26	31	26	38	20	37	40	37	39	49	33	40	54	40	37	53	37	28	30	57	36
Y_Contig_1	463899	36	38	25	32	27	40	20	36	40	38	39	49	33	40	54	39	37	53	35	28	32	57	34
Y_Contig_1	463900	38	37	25	31	27	39	20	36	40	37	39	48	33	39	54	39	37	53	35	29	32	56	34
Y_Contig_1	463901	37	37	23	31	27	40	20	36	39	37	39	48	33	39	54	38	36	52	34	30	32	56	34
Y_Contig_1	463902	37	36	23	31	27	40	20	36	39	37	39	48	33	38	53	38	35	51	34	29	32	55	34
Y_Contig_1	463903	37	36	23	31	27	39	20	35	39	37	39	48	32	38	52	38	35	50	34	29	32	55	34
Y_Contig_1	463904	37	37	22	31	27	39	20	34	40	36	40	48	31	38	54	38	35	50	34	29	32	55	35
Y_Contig_1	463905	38	37	22	31	27	38	20	35	40	36	38	47	31	37	53	38	35	50	34	28	32	55	35
Y_Contig_1	463906	39	36	22	32	28	38	21	35	39	36	38	47	31	37	53	38	35	50	34	29	33	56	35
Y_Contig_1	463907	38	35	22	32	28	38	21	35	38	37	39	47	32	37	53	38	35	50	34	29	32	57	35
Y_Contig_1	463908	39	35	21	33	28	37	21	35	38	37	37	47	31	38	53	37	35	49	34	29	31	57	35
Y_Contig_1	463909	39	33	21	33	28	37	20	33	38	36	37	47	30	38	53	36	35	48	34	28	31	57	36
Y_Contig_1	463910	39	33	22	34	27	37	20	33	39	37	37	47	30	39	54	36	35	47	35	29	31	58	36
Y_Contig_1	463911	38	33	22	34	27	37	20	33	39	37	37	48	30	39	55	36	35	47	35	30	31	59	36
Y_Contig_1	463912	37	32	22	34	26	37	20	33	40	37	37	48	31	39	54	36	34	47	36	29	31	58	36
Y_Contig_1	463913	38	32	22	34	26	37	20	33	40	38	38	48	31	39	55	36	34	47	35	29	31	57	36
Y_Contig_1	463914	39	33	21	34	26	37	20	33	40	37	39	49	31	39	55	34	34	47	35	29	33	57	36
Y_Contig_1	463915	41	33	21	34	26	37	20	33	41	37	40	49	32	39	56	35	34	47	35	29	33	57	36
Y_Contig_1	463916	39	33	21	34	26	37	20	33	41	37	40	49	31	40	56	36	34	47	34	29	33	56	34
Y_Contig_1	463917	39	31	21	34	26	37	20	33	41	37	39	47	32	40	56	36	33	47	34	29	32	56	34
Y_Contig_1	463918	39	31	21	34	28	38	19	33	42	36	39	48	31	40	56	38	33	48	34	30	32	55	35
Y_Contig_1	463919	39	31	21	34	28	38	19	33	42	36	39	48	31	40	57	38	33	48	34	30	32	55	35
Y_Contig_1	463920	40	31	21	34	26	38	19	32	42	34	39	47	31	40	57	38	33	48	33	31	32	52	35
Y_Contig_1	463921	39	31	21	35	27	38	19	31	42	35	39	46	31	40	57	39	33	48	34	31	30	52	34
Y_Contig_1	463922	38	30	21	35	27	37	18	31	41	35	39	46	31	40	54	40	32	49	33	31	29	52	35
Y_Contig_1	463923	38	30	21	35	28	37	18	31	41	35	40	46	30	40	54	40	31	51	33	30	29	52	33
Y_Contig_1	463924	38	30	20	35	28	37	19	31	41	35	40	47	30	40	54	39	31	51	33	30	29	53	33
Y_Contig_1	463925	38	32	20	34	28	37	19	31	41	34	40	46	29	40	54	39	31	53	34	30	29	53	35
Y_Contig_1	463926	38	32	20	34	26	37	19	31	41	34	40	45	29	39	55	39	32	53	34	30	29	52	35
Y_Contig_1	463927	37	32	20	34	26	36	19	32	40	33	39	43	29	39	54	38	33	53	33	30	28	52	35
Y_Contig_1	463928	37	31	20	33	26	36	19	32	40	33	39	43	29	39	55	38	33	54	33	30	28	52	34
Y_Contig_1	463929	37	32	20	33	26	36	19	32	40	33	39	43	29	39	55	38	32	54	33	30	29	52	34
Y_Contig_1	463930	37	32	21	33	24	35	19	32	40	31	36	42	29	39	54	38	32	53	33	29	30	51	33
Y_Contig_1	463931	37	33	21	33	24	35	19	32	40	31	37	42	28	38	52	38	32	53	34	29	30	51	33
Y_Contig_1	463932	37	33	21	33	25	36	19	32	39	31	38	42	28	38	52	38	34	53	34	29	30	51	33
Y_Contig_1	463933	38	33	19	33	25	36	19	32	39	31	38	41	28	37	52	36	34	52	34	29	30	50	33
Y_Contig_1	463934	36	33	19	34	26	36	19	32	40	31	37	42	28	37	52	36	35	52	34	29	30	50	33
Y_Contig_1	463935	36	33	19	34	26	36	19	31	40	31	36	41	28	37	52	36	35	54	34	29	31	50	33
Y_Contig_1	463936	36	32	19	33	26	35	20	32	40	31	36	41	27	37	53	36	35	54	34	29	31	50	33
Y_Contig_1	463937	37	32	19	33	26	35	19	32	40	31	36	40	27	37	54	36	34	54	34	28	32	51	33
Y_Contig_1	463938	38	32	19	34	25	35	19	32	39	30	36	41	28	37	54	36	34	55	35	30	32	52	34
Y_Contig_1	463939	39	32	19	34	24	36	19	32	39	30	36	39	28	37	54	36	34	55	36	28	32	52	34
Y_Contig_1	463940	39	32	20	34	24	36	19	33	39	29	36	39	27	37	54	36	34	54	36	28	32	51	35
Y_Contig_1	463941	39	32	20	34	25	36	19	33	39	29	35	38	28	38	54	37	34	54	36	28	33	52	33
Y_Contig_1	463942	40	32	20	34	25	35	19	33	40	29	35	38	30	38	53	37	34	53	37	29	32	52	35
Y_Contig_1	463943	39	31	20	34	25	35	19	34	41	29	35	38	30	38	51	38	35	53	37	29	32	52	35
Y_Contig_1	463944	40	31	20	34	25	35	19	33	42	29	35	38	30	38	50	38	36	53	37	29	32	52	34
Y_Contig_1	463945	40	31	20	33	25	36	18	33	41	29	35	38	30	38	50	38	35	53	37	29	31	51	35
Y_Contig_1	463946	40	31	20	33	25	37	18	33	40	29	36	38	29	38	50	38	36	53	36	29	31	51	35
Y_Contig_1	463947	40	32	19	33	24	37	18	34	40	29	35	36	29	38	50	38	37	53	36	29	31	53	35
Y_Contig_1	463948	40	32	19	32	24	38	18	33	40	29	35	35	28	38	50	38	36	53	36	29	31	53	35
Y_Contig_1	463949	40	32	19	32	24	38	18	33	40	30	35	35	28	37	50	38	36	53	36	29	33	52	35
Y_Contig_1	463950	41	32	19	32	24	38	17	33	40	31	35	37	27	37	51	38	36	53	37	29	33	53	35
Y_Contig_1	463951	40	32	18	32	24	37	17	32	40	31	35	38	28	38	50	37	36	50	35	29	33	54	35
Y_Contig_1	463952	41	32	18	33	25	36	17	33	39	31	34	40	28	38	50	37	36	50	35	30	33	55	36
Y_Contig_1	463953	41	32	18	32	25	37	17	33	39	31	34	40	28	37	51	35	36	50	36	30	33	56	36
Y_Contig_1	463954	41	32	18	33	25	36	17	34	39	31	34	40	28	37	51	35	37	50	36	30	32	56	36
Y_Contig_1	463955	41	32	18	33	25	36	17	34	38	31	33	40	28	38	51	35	36	51	37	30	32	54	36
