Y_Contig_1	464021	45	26	21	31	31	24	25	45	29	37	36	37	39	24	46	35	35	46	43	29	33	51	55
Y_Contig_1	464022	44	26	21	31	31	24	25	45	29	37	36	36	40	24	47	37	34	47	43	29	32	50	56
Y_Contig_1	464023	44	25	21	34	31	24	25	45	30	37	35	37	40	24	47	37	34	47	44	30	32	50	56
Y_Contig_1	464024	44	25	21	33	31	24	25	46	30	38	35	37	40	24	49	38	33	47	44	30	32	49	55
Y_Contig_1	464025	44	25	21	33	31	23	25	46	30	37	34	37	40	24	49	38	34	47	44	30	32	49	54
Y_Contig_1	464026	44	26	21	33	31	23	25	46	30	37	34	38	40	24	50	38	34	46	44	30	32	49	54
Y_Contig_1	464027	45	26	21	32	31	23	25	47	30	37	34	38	40	24	50	38	34	47	43	29	32	49	53
Y_Contig_1	464028	45	26	21	32	31	23	25	47	30	37	34	38	40	23	50	38	34	47	43	29	32	49	54
Y_Contig_1	464029	44	26	21	32	31	23	25	47	30	38	35	38	41	23	50	38	35	48	43	29	33	49	54
Y_Contig_1	464030	44	25	21	34	31	23	25	47	30	38	35	39	41	22	49	37	35	49	43	30	34	49	54
Y_Contig_1	464031	43	25	21	34	30	23	25	47	30	36	35	39	41	22	48	36	35	47	43	31	34	49	54
Y_Contig_1	464032	43	25	21	32	29	23	26	45	30	37	35	38	41	22	47	36	34	47	42	31	34	49	54
Y_Contig_1	464033	42	26	22	32	30	26	27	45	30	38	35	39	41	22	46	36	35	46	42	31	34	49	54
Y_Contig_1	464034	41	26	22	32	30	26	27	45	29	37	35	39	41	22	46	36	34	46	42	31	34	49	54
Y_Contig_1	464035	41	25	22	32	30	26	27	45	29	37	35	39	41	22	45	35	34	45	42	31	34	49	54
Y_Contig_1	464036	42	25	23	32	30	26	27	45	29	37	34	39	41	22	45	35	35	46	43	31	34	49	54
Y_Contig_1	464037	42	25	23	32	29	26	27	45	29	37	34	38	41	21	45	35	35	46	43	31	34	48	54
Y_Contig_1	464038	42	27	23	32	29	27	27	47	29	37	34	38	42	21	45	35	35	45	43	31	34	49	54
Y_Contig_1	464039	43	27	23	32	29	28	27	47	28	37	34	39	42	21	47	35	37	44	43	31	34	50	54
Y_Contig_1	464040	43	29	23	34	29	28	27	46	28	36	34	40	42	19	47	35	38	45	42	31	33	50	54
Y_Contig_1	464041	43	29	23	34	29	27	27	46	27	36	34	40	42	19	48	35	38	43	42	32	33	50	54
Y_Contig_1	464042	43	28	23	34	28	27	27	46	27	36	33	39	42	18	48	36	37	43	42	32	33	50	54
Y_Contig_1	464043	43	30	23	35	28	27	27	46	27	36	33	39	42	18	48	37	38	43	42	32	33	51	56
Y_Contig_1	464044	43	31	23	36	29	27	27	46	27	36	33	39	43	18	49	37	37	42	42	31	33	50	56
Y_Contig_1	464045	43	31	23	35	28	27	27	46	27	35	34	39	43	18	50	36	36	41	42	33	33	50	55
Y_Contig_1	464046	43	31	23	34	28	27	27	46	27	35	34	39	43	17	50	36	36	41	41	34	34	50	55
Y_Contig_1	464047	42	32	23	34	28	27	27	46	27	35	33	39	45	17	50	36	36	40	42	35	33	50	55
Y_Contig_1	464048	41	32	23	34	27	27	27	45	27	35	34	40	45	17	50	36	36	40	43	35	33	49	55
Y_Contig_1	464049	41	32	24	33	28	26	27	45	27	35	35	41	45	18	50	36	37	40	43	36	32	49	55
Y_Contig_1	464050	40	32	24	33	29	26	27	45	28	36	36	42	46	20	51	36	37	40	43	36	32	49	55
Y_Contig_1	464051	40	33	24	33	29	25	28	45	28	36	36	42	46	21	53	36	37	39	43	35	32	49	55
Y_Contig_1	464052	40	33	24	33	29	25	28	45	27	36	36	42	46	21	52	36	37	39	42	35	33	49	55
Y_Contig_1	464053	40	32	24	33	29	25	28	45	26	36	35	42	46	21	53	37	37	38	42	35	33	49	54
Y_Contig_1	464054	40	32	25	33	29	25	28	45	26	36	35	42	47	21	53	37	37	38	42	35	33	49	54
Y_Contig_1	464055	40	33	25	33	30	25	28	44	27	36	35	42	47	21	53	37	37	37	42	36	33	49	55
Y_Contig_1	464056	40	34	25	32	29	25	28	46	27	36	34	42	47	21	54	37	37	37	43	35	32	47	56
Y_Contig_1	464057	39	34	24	32	29	25	28	47	27	36	34	42	47	20	54	37	37	38	46	35	32	47	56
Y_Contig_1	464058	38	34	23	31	29	25	28	48	27	36	34	42	47	20	54	37	37	38	45	34	32	47	57
Y_Contig_1	464059	38	34	23	32	29	25	28	48	27	36	34	42	48	20	55	37	37	40	46	34	32	46	56
Y_Contig_1	464060	38	35	23	31	29	25	28	48	27	36	34	42	48	20	56	37	37	40	46	34	32	45	56
Y_Contig_1	464061	38	36	23	31	30	25	28	49	27	36	34	41	48	20	55	37	38	40	46	33	32	44	56
Y_Contig_1	464062	38	37	23	31	30	25	28	48	26	36	35	42	48	21	55	37	39	39	44	33	32	44	56
Y_Contig_1	464063	37	38	23	31	30	26	28	50	27	35	34	42	48	22	54	38	39	38	44	33	32	44	56
Y_Contig_1	464064	36	37	23	31	31	26	28	51	29	35	34	41	48	23	54	38	39	38	45	33	30	44	56
Y_Contig_1	464065	34	37	24	31	32	26	28	52	29	36	34	42	47	23	54	36	40	38	45	33	29	44	56
Y_Contig_1	464066	34	37	24	31	31	25	28	53	29	37	34	42	46	24	53	34	40	37	45	33	29	45	56
Y_Contig_1	464067	34	37	24	30	31	25	28	53	30	37	34	42	46	26	53	35	40	38	46	32	31	45	56
Y_Contig_1	464068	34	37	24	30	30	25	28	53	29	38	34	42	46	26	53	35	40	38	47	32	31	45	55
Y_Contig_1	464069	35	37	24	30	30	25	29	53	29	39	34	42	46	26	52	35	40	38	47	33	31	45	55
Y_Contig_1	464070	34	37	24	30	30	25	29	53	29	40	34	42	46	26	52	35	40	39	47	32	31	45	55
Y_Contig_1	464071	34	37	24	29	29	25	29	53	30	40	35	42	47	26	52	35	41	39	46	32	31	48	55
Y_Contig_1	464072	34	37	24	29	29	25	29	53	30	41	35	42	47	26	52	34	41	38	46	32	31	48	54
Y_Contig_1	464073	36	37	24	29	29	25	29	53	30	41	34	42	47	27	52	35	41	37	46	32	31	48	54
Y_Contig_1	464074	36	37	24	29	29	25	28	53	30	41	34	41	47	28	52	35	41	37	45	32	32	47	54
Y_Contig_1	464075	37	36	25	29	29	25	28	53	31	41	34	41	47	28	52	35	41	35	45	32	32	47	52
Y_Contig_1	464076	37	36	25	30	30	25	28	53	31	41	34	41	47	28	50	35	40	34	46	32	32	47	52
Y_Contig_1	464077	37	36	25	30	30	25	28	53	32	42	34	42	48	28	50	35	40	34	47	32	32	47	52
Y_Contig_1	464078	37	36	25	30	30	25	28	53	32	42	34	42	49	28	51	35	40	34	47	33	31	48	53
Y_Contig_1	464079	37	36	25	30	30	25	30	53	34	43	34	42	49	29	52	35	40	34	48	33	31	48	53
Y_Contig_1	464080	37	36	24	30	30	25	30	53	35	43	33	42	49	29	52	36	41	34	48	33	30	48	53
Y_Contig_1	464081	37	35	24	30	30	26	30	53	35	43	33	42	49	30	52	36	41	34	47	33	30	48	53
Y_Contig_1	464082	37	35	24	30	29	25	30	53	36	43	33	42	49	30	52	36	39	34	47	34	31	48	53
Y_Contig_1	464083	36	35	24	30	28	24	30	53	36	43	33	41	50	30	52	36	39	34	47	34	31	48	53
Y_Contig_1	464084	36	35	24	30	28	24	30	53	35	43	33	41	50	30	51	36	38	34	48	34	31	47	53
Y_Contig_1	464085	35	35	24	30	29	24	30	52	35	44	35	41	51	30	51	36	39	32	48	34	30	47	54
Y_Contig_1	464086	35	35	25	31	29	24	30	52	35	45	35	41	51	30	50	38	39	32	48	34	31	47	54
Y_Contig_1	464087	36	35	25	31	29	24	30	52	36	45	36	41	50	30	51	38	39	32	48	35	30	46	54
Y_Contig_1	464088	35	35	25	30	29	24	30	52	36	45	36	40	49	30	51	39	39	32	47	33	30	45	52
Y_Contig_1	464089	34	35	25	30	29	23	30	52	37	45	36	40	49	31	51	39	39	33	46	34	30	46	52
Y_Contig_1	464090	34	35	24	30	29	23	30	51	37	45	36	40	49	31	51	39	39	33	46	34	30	46	51
Y_Contig_1	464091	34	35	24	30	28	23	30	52	37	45	36	42	49	30	51	38	39	35	46	34	30	45	52
Y_Contig_1	464092	33	36	24	30	28	23	30	52	36	45	36	42	47	30	53	38	39	35	46	34	30	45	50
Y_Contig_1	464093	33	36	25	30	28	24	31	50	35	46	36	42	47	31	53	37	38	36	47	34	30	45	49
Y_Contig_1	464094	32	36	25	30	28	22	34	50	34	46	36	42	47	31	53	37	37	36	47	34	31	45	49
Y_Contig_1	464095	32	36	25	30	28	24	34	51	34	47	36	41	47	31	52	37	38	38	47	34	31	46	49
Y_Contig_1	464096	31	36	25	30	28	23	34	52	34	47	36	41	47	32	52	39	38	38	48	35	31	46	49
Y_Contig_1	464097	31	35	25	30	28	23	34	52	35	46	36	41	47	33	51	39	37	38	48	36	31	44	49
Y_Contig_1	464098	31	34	26	30	29	21	34	52	34	46	36	41	47	33	52	39	37	39	48	37	31	44	50
Y_Contig_1	464099	31	34	26	30	29	21	34	52	34	45	36	41	49	34	52	40	37	39	48	37	29	44	50
Y_Contig_1	464100	30	35	26	30	29	21	34	52	34	45	36	40	48	35	51	40	37	40	47	37	29	43	50
Y_Contig_1	464101	30	35	27	30	30	22	35	52	34	45	36	39	48	34	51	40	37	40	47	37	29	42	50
Y_Contig_1	464102	28	36	27	29	29	23	35	51	34	45	35	36	48	34	50	40	37	40	47	37	29	42	50
Y_Contig_1	464103	28	35	27	29	29	22	35	51	34	45	35	36	48	35	50	41	37	40	47	37	30	42	50
Y_Contig_1	464104	28	35	27	28	29	22	35	51	34	45	35	36	48	36	51	41	36	40	47	37	30	44	51
Y_Contig_1	464105	29	35	27	28	29	22	36	53	34	45	35	36	48	36	51	42	36	39	46	37	30	45	51
Y_Contig_1	464106	29	35	27	27	29	23	36	54	34	45	35	36	48	36	51	42	36	39	46	37	30	44	51
Y_Contig_1	464107	29	35	26	27	29	23	36	54	34	44	35	35	47	37	51	42	36	39	46	37	30	44	51
Y_Contig_1	464108	31	35	28	27	29	23	36	53	35	44	34	36	46	33	51	42	34	38	46	36	30	45	52
Y_Contig_1	464109	31	35	29	27	29	23	37	54	34	44	34	37	46	33	51	44	34	37	46	36	30	45	53
Y_Contig_1	464110	31	35	29	27	29	23	37	53	34	44	34	37	46	33	51	44	34	38	47	37	30	45	53
Y_Contig_1	464111	31	35	29	27	28	23	37	53	34	45	35	37	45	33	52	44	34	38	47	37	30	46	54
Y_Contig_1	464112	31	35	29	28	28	23	38	53	34	46	35	36	45	33	51	44	34	39	45	35	30	48	53
Y_Contig_1	464113	32	36	29	28	28	23	38	53	34	46	35	35	45	33	51	45	36	39	45	35	30	49	52
Y_Contig_1	464114	31	36	30	27	28	23	38	53	34	47	35	35	45	33	50	44	38	39	45	35	30	49	52
Y_Contig_1	464115	30	36	29	27	29	23	38	52	34	47	35	36	45	33	50	44	38	40	48	35	30	51	52
Y_Contig_1	464116	31	36	29	27	30	23	38	51	34	47	35	36	45	33	50	45	39	41	48	35	30	50	52
Y_Contig_1	464117	31	36	30	27	30	23	37	53	32	47	35	35	45	33	51	45	39	42	47	35	32	49	52
Y_Contig_1	464118	32	37	30	29	30	23	36	53	33	46	35	35	44	34	52	45	39	42	47	36	32	48	50
Y_Contig_1	464119	32	37	30	31	29	24	35	53	32	45	35	35	44	33	52	45	39	41	45	36	33	48	51
Y_Contig_1	464120	31	37	30	30	30	24	34	53	32	44	35	34	45	33	52	47	38	40	45	36	34	48	50
Y_Contig_1	464121	32	38	31	30	29	25	34	53	31	44	34	35	45	32	51	48	38	40	45	37	34	48	50
Y_Contig_1	464122	32	38	32	30	29	25	34	52	31	45	35	35	45	32	51	48	39	39	45	37	34	49	51
Y_Contig_1	464123	32	38	31	30	29	25	34	52	33	45	34	34	46	32	51	48	39	39	45	37	34	49	50
Y_Contig_1	464124	28	37	30	31	29	25	34	50	33	44	34	34	44	32	47	47	38	39	45	36	34	47	49
Y_Contig_1	464125	29	37	30	31	29	26	34	50	33	44	34	34	44	32	47	47	38	38	46	36	34	47	49
Y_Contig_1	464126	29	37	29	31	29	26	34	49	33	44	34	34	44	32	47	48	38	38	46	36	33	47	49
Y_Contig_1	464127	30	36	29	32	31	26	34	51	34	43	35	34	45	33	47	48	38	40	46	36	33	47	51
Y_Contig_1	464128	30	36	29	32	31	26	35	51	34	43	35	33	45	33	47	48	38	41	46	36	32	47	51
Y_Contig_1	464129	30	37	28	32	31	26	34	50	33	43	36	33	44	33	47	48	37	41	46	36	32	47	49
Y_Contig_1	464130	30	38	26	32	31	26	34	51	34	43	38	33	42	33	47	47	38	42	47	38	33	48	49
Y_Contig_1	464131	30	39	26	32	31	25	34	51	34	44	37	33	40	34	49	47	38	42	47	38	33	48	49
Y_Contig_1	464132	30	39	26	32	31	25	33	51	34	45	37	33	39	34	49	46	38	42	47	38	33	48	48
Y_Contig_1	464133	30	39	26	32	31	26	33	51	34	44	37	33	39	35	49	45	38	42	47	38	33	47	48
Y_Contig_1	464134	30	39	26	32	32	26	33	50	34	44	37	33	39	35	49	45	38	43	46	37	34	48	48
Y_Contig_1	464135	31	39	26	32	32	27	32	50	34	42	37	34	39	35	49	45	38	43	46	37	34	48	48
Y_Contig_1	464136	31	39	25	31	32	27	33	50	34	42	38	34	39	35	48	45	37	44	47	38	34	45	48
Y_Contig_1	464137	31	38	25	30	31	27	33	50	34	43	38	34	39	35	47	45	37	44	47	38	33	47	48
Y_Contig_1	464138	32	38	25	30	29	27	33	50	34	43	37	34	40	34	47	45	37	44	47	38	33	49	45
Y_Contig_1	464139	32	39	26	30	29	28	34	51	34	43	38	34	40	35	46	45	37	44	47	38	33	49	45
Y_Contig_1	464140	32	39	26	30	29	28	34	51	34	43	37	34	39	35	47	45	37	44	47	38	32	48	44
Y_Contig_1	464141	32	39	25	30	29	28	34	51	34	43	37	35	41	36	47	45	37	44	47	37	32	48	42
Y_Contig_1	464142	32	39	25	30	28	28	34	50	34	43	37	35	40	35	47	45	37	44	44	37	32	47	42
Y_Contig_1	464143	32	39	25	30	28	28	34	49	33	43	37	35	40	35	46	45	37	45	44	37	29	46	42
Y_Contig_1	464144	32	40	25	30	28	28	35	50	32	42	36	36	39	36	47	44	37	44	42	36	27	48	43
Y_Contig_1	464145	33	40	26	30	28	29	35	50	32	42	37	37	41	37	47	44	37	43	42	36	27	48	43
Y_Contig_1	464146	33	39	25	31	27	28	35	50	34	42	37	37	42	37	48	42	37	43	42	36	28	48	44
Y_Contig_1	464147	33	38	25	31	26	28	33	49	34	42	37	38	42	36	48	41	37	43	41	36	29	48	44
Y_Contig_1	464148	34	40	25	30	26	29	33	48	34	44	36	40	42	36	48	40	37	44	41	37	28	47	45
Y_Contig_1	464149	33	40	26	29	26	29	33	49	34	43	35	40	40	36	48	41	37	44	41	36	27	47	45
Y_Contig_1	464150	34	40	25	29	26	28	32	47	35	42	36	39	40	37	48	40	36	44	41	36	26	47	45
Y_Contig_1	464151	34	40	25	28	27	29	31	47	35	42	37	39	40	37	48	41	36	43	40	36	26	46	45
Y_Contig_1	464152	33	40	26	28	27	28	31	47	35	42	36	39	40	37	48	40	35	42	40	36	26	44	43
Y_Contig_1	464153	33	40	26	28	28	28	32	48	34	41	35	39	41	37	47	40	35	42	40	35	25	44	41
Y_Contig_1	464154	35	40	26	29	28	28	32	48	34	41	34	39	41	37	47	40	36	43	40	35	25	43	42
Y_Contig_1	464155	35	40	26	29	28	28	32	47	33	41	34	39	41	37	46	39	36	43	40	35	25	44	42
Y_Contig_1	464156	35	40	26	30	28	28	30	48	33	41	34	39	41	37	46	39	38	43	39	34	25	43	38
Y_Contig_1	464157	34	40	26	30	28	28	30	48	32	41	34	40	41	38	46	38	38	42	40	34	25	43	38
Y_Contig_1	464158	34	40	26	29	28	27	30	47	32	40	33	40	42	38	45	38	38	40	39	34	25	42	37
