Y_Contig_1	1457482	43	20	17	34	22	42	33	34	29	35	42	34	35	25	51	35	39	44	41	30	27	49	48
Y_Contig_1	1457483	42	21	18	34	24	42	33	34	29	35	42	34	35	27	51	34	39	45	41	30	27	50	48
Y_Contig_1	1457484	41	21	18	32	23	42	33	34	28	35	42	34	35	27	52	35	39	45	42	29	26	51	48
Y_Contig_1	1457485	41	21	19	32	22	43	33	34	27	35	42	35	36	28	53	35	39	44	41	28	26	51	48
Y_Contig_1	1457486	41	21	19	32	22	43	34	34	27	33	42	37	36	26	54	35	38	44	41	28	26	50	48
Y_Contig_1	1457487	41	21	20	33	22	43	34	34	27	33	41	37	36	26	54	35	39	46	40	28	26	50	48
Y_Contig_1	1457488	41	21	20	33	22	43	33	34	28	34	41	36	36	25	54	35	40	46	41	28	26	51	47
Y_Contig_1	1457489	40	23	21	32	22	43	33	34	28	34	41	37	36	24	53	35	40	46	41	29	26	51	47
Y_Contig_1	1457490	39	23	21	32	22	43	33	34	28	35	41	37	36	24	50	36	39	46	41	28	26	51	47
Y_Contig_1	1457491	38	22	21	32	22	43	33	34	28	34	41	37	35	24	49	37	39	46	40	28	26	50	45
Y_Contig_1	1457492	38	21	21	32	22	41	33	34	28	34	41	37	35	24	49	37	39	47	39	28	26	50	45
Y_Contig_1	1457493	37	22	21	31	22	40	32	35	27	34	41	35	34	24	49	39	40	46	39	27	25	50	45
Y_Contig_1	1457494	38	22	21	31	22	39	31	34	26	34	40	35	35	25	49	38	40	46	39	27	25	50	45
Y_Contig_1	1457495	38	22	21	31	22	39	31	34	25	35	40	35	35	25	48	38	40	46	39	27	24	50	44
Y_Contig_1	1457496	38	24	21	31	21	39	31	34	24	35	40	35	35	25	48	39	39	46	40	27	24	51	44
Y_Contig_1	1457497	39	25	21	31	21	39	31	34	24	35	40	35	36	25	50	40	39	46	39	26	24	52	44
Y_Contig_1	1457498	39	25	21	31	21	40	31	33	25	35	40	34	36	25	47	40	39	46	37	26	24	52	44
Y_Contig_1	1457499	39	25	21	31	22	40	31	33	25	35	39	34	37	25	47	40	39	45	37	26	24	52	45
Y_Contig_1	1457500	37	25	21	30	22	40	33	33	25	35	38	34	37	25	45	40	38	45	38	26	25	52	45
Y_Contig_1	1457501	37	26	21	30	22	40	33	33	26	36	38	36	37	25	45	40	38	44	38	26	25	52	45
Y_Contig_1	1457502	37	26	21	30	22	39	33	34	27	37	39	37	38	25	46	41	37	45	38	26	25	52	45
Y_Contig_1	1457503	37	26	20	30	22	40	34	35	27	37	39	38	38	25	46	42	37	45	38	26	25	52	46
Y_Contig_1	1457504	37	26	20	31	22	41	32	34	27	37	39	38	37	25	45	42	37	46	38	26	25	52	45
Y_Contig_1	1457505	37	26	20	31	22	41	32	34	28	37	39	38	38	25	45	42	37	46	39	26	24	52	45
Y_Contig_1	1457506	38	26	21	30	21	41	32	34	28	36	39	38	38	25	45	41	37	47	39	26	24	52	45
Y_Contig_1	1457507	40	26	21	30	21	41	31	34	28	36	41	38	40	25	46	41	37	47	39	26	25	53	45
Y_Contig_1	1457508	41	27	21	30	21	40	31	32	26	36	41	37	41	25	46	41	37	46	39	25	25	53	45
Y_Contig_1	1457509	41	27	22	30	21	40	31	33	27	36	41	37	41	25	45	41	37	48	38	25	25	53	45
Y_Contig_1	1457510	42	27	22	30	22	39	32	33	27	35	41	38	41	25	45	41	37	49	37	27	25	53	45
Y_Contig_1	1457511	43	27	21	30	22	39	31	33	27	34	41	38	41	25	45	42	37	49	37	27	25	53	46
Y_Contig_1	1457512	43	27	21	30	22	40	31	33	27	34	40	38	41	25	45	41	37	49	36	26	25	53	46
Y_Contig_1	1457513	42	27	21	30	22	40	30	33	27	34	40	38	41	24	45	40	37	48	36	26	24	53	45
Y_Contig_1	1457514	43	27	21	30	22	39	31	34	27	34	40	38	41	23	44	41	36	47	36	26	24	53	45
Y_Contig_1	1457515	43	28	21	30	23	40	31	34	27	34	39	39	41	24	45	41	36	47	37	25	24	53	45
Y_Contig_1	1457516	43	29	21	29	23	40	31	34	27	34	39	39	42	24	44	41	37	47	37	25	23	53	45
Y_Contig_1	1457517	44	29	21	28	23	40	31	33	27	34	39	39	41	24	43	41	37	47	37	25	23	52	45
Y_Contig_1	1457518	45	30	22	28	23	40	31	35	29	34	39	39	41	24	43	41	37	47	36	25	23	54	47
Y_Contig_1	1457519	45	30	22	26	24	40	31	35	29	34	39	39	41	24	43	41	36	46	36	25	22	54	48
Y_Contig_1	1457520	45	29	22	26	23	41	33	35	29	34	39	38	41	24	43	41	35	45	36	25	22	54	48
Y_Contig_1	1457521	45	30	21	26	22	41	34	36	29	34	39	39	42	23	42	42	35	46	36	25	23	54	50
Y_Contig_1	1457522	45	30	21	26	22	40	33	35	29	34	40	39	42	23	42	42	35	46	36	25	23	53	51
Y_Contig_1	1457523	45	30	21	25	21	40	33	34	28	34	40	38	42	23	42	41	35	46	36	25	23	53	52
Y_Contig_1	1457524	45	31	21	25	21	42	33	35	29	33	39	39	42	23	42	40	35	48	35	25	21	52	52
Y_Contig_1	1457525	45	31	21	25	21	42	34	37	29	33	40	39	42	23	42	40	35	48	36	25	21	50	52
Y_Contig_1	1457526	44	31	19	25	21	42	34	38	29	33	41	39	42	23	41	40	35	48	35	25	21	49	52
Y_Contig_1	1457527	44	31	19	26	21	41	34	38	30	33	41	39	43	23	41	40	34	48	36	26	21	49	52
Y_Contig_1	1457528	44	31	19	26	21	40	34	38	30	34	41	39	43	23	41	40	34	48	36	25	21	48	52
Y_Contig_1	1457529	45	31	19	26	21	40	33	38	30	34	41	39	43	23	40	39	34	49	38	25	22	48	51
Y_Contig_1	1457530	44	31	19	26	22	40	34	38	30	34	40	39	43	23	40	39	34	50	38	25	22	48	52
Y_Contig_1	1457531	45	31	19	27	22	40	34	38	31	33	40	38	43	23	40	39	36	50	39	25	22	48	51
Y_Contig_1	1457532	45	31	19	27	22	40	34	39	31	33	41	38	43	23	40	39	37	51	39	25	23	48	51
Y_Contig_1	1457533	48	32	19	28	22	40	34	40	31	33	41	38	43	24	40	40	37	51	39	27	23	47	50
Y_Contig_1	1457534	50	32	19	29	22	40	35	40	31	33	41	40	44	25	40	41	36	51	39	27	24	47	51
Y_Contig_1	1457535	51	32	18	29	22	40	35	40	31	33	40	40	44	25	39	40	36	51	39	27	24	47	51
Y_Contig_1	1457536	50	33	18	29	22	39	35	42	31	33	40	40	44	25	39	40	36	50	39	27	24	48	51
Y_Contig_1	1457537	50	32	19	28	23	38	34	42	32	33	40	41	44	25	39	40	36	47	39	27	24	46	51
Y_Contig_1	1457538	50	32	19	28	23	38	34	42	32	32	40	41	44	25	39	40	36	47	38	27	24	46	51
Y_Contig_1	1457539	51	32	19	28	23	37	34	42	33	32	39	41	43	25	40	40	37	47	38	27	24	48	50
Y_Contig_1	1457540	51	32	18	26	23	37	34	42	33	31	39	40	42	25	40	40	37	45	38	28	25	47	50
Y_Contig_1	1457541	52	32	18	27	23	37	35	42	34	31	39	40	42	25	40	40	36	45	38	28	26	48	50
Y_Contig_1	1457542	52	32	18	27	21	37	36	42	34	30	39	41	41	25	41	40	36	45	38	28	25	46	50
Y_Contig_1	1457543	52	32	18	27	21	37	35	41	34	30	39	41	43	25	39	40	36	46	38	28	25	46	50
Y_Contig_1	1457544	53	32	18	26	21	37	36	40	34	30	38	41	43	25	40	40	36	46	38	28	25	46	50
Y_Contig_1	1457545	51	32	18	27	21	37	37	39	34	30	38	40	43	26	41	42	36	46	38	28	25	48	50
Y_Contig_1	1457546	51	33	18	26	21	37	36	37	34	30	38	40	42	26	41	42	36	47	38	28	25	47	50
Y_Contig_1	1457547	49	33	18	26	22	37	38	37	34	30	38	40	41	25	41	41	38	47	38	28	23	48	50
Y_Contig_1	1457548	49	33	18	27	21	36	39	36	34	30	38	40	41	25	40	42	36	47	38	28	23	48	50
Y_Contig_1	1457549	50	35	18	27	22	36	39	37	34	30	38	39	41	25	40	42	36	47	38	28	23	47	50
Y_Contig_1	1457550	50	35	18	25	22	35	38	37	34	30	38	39	41	24	39	40	36	46	37	27	22	46	50
Y_Contig_1	1457551	50	35	18	25	22	35	38	39	34	30	39	39	41	24	39	40	37	46	35	28	22	46	51
Y_Contig_1	1457552	50	35	18	25	22	35	38	39	34	30	38	40	41	25	39	40	36	47	35	29	22	45	51
Y_Contig_1	1457553	50	35	17	26	22	35	38	39	33	30	37	40	40	24	39	39	35	47	35	29	21	45	51
Y_Contig_1	1457554	50	35	18	26	22	35	38	38	33	30	37	40	40	24	39	39	34	47	35	29	20	45	51
Y_Contig_1	1457555	50	34	18	27	22	35	38	38	33	29	36	40	40	24	39	38	35	46	35	28	19	43	50
Y_Contig_1	1457556	50	34	18	27	23	35	38	38	33	29	36	40	39	24	38	37	34	46	35	27	19	41	51
Y_Contig_1	1457557	50	34	18	27	23	35	38	37	32	30	36	41	41	24	37	35	33	46	34	26	19	41	50
Y_Contig_1	1457558	52	34	18	28	23	35	38	37	32	30	36	41	42	24	37	35	33	45	34	26	19	41	50
Y_Contig_1	1457559	53	34	18	28	23	35	39	38	32	30	36	41	41	24	37	34	33	45	34	26	19	41	50
Y_Contig_1	1457560	53	34	18	27	23	35	39	38	32	30	36	41	41	23	37	34	33	45	34	26	20	41	50
Y_Contig_1	1457561	53	35	18	27	23	35	39	38	32	30	36	40	41	23	38	34	32	45	35	25	20	42	49
Y_Contig_1	1457562	54	35	18	27	23	35	39	38	31	29	35	40	41	23	38	34	32	45	35	25	20	41	49
Y_Contig_1	1457563	53	35	18	28	23	35	39	38	31	29	35	39	42	23	38	34	32	45	36	25	20	41	49
Y_Contig_1	1457564	55	35	18	28	23	35	37	38	31	29	35	39	42	23	38	34	32	45	36	25	20	42	49
Y_Contig_1	1457565	55	34	19	27	23	34	37	38	32	29	35	39	42	21	39	34	32	45	36	27	19	41	49
Y_Contig_1	1457566	55	34	19	27	23	33	36	38	31	29	35	39	42	22	38	34	32	45	35	27	19	40	48
Y_Contig_1	1457567	55	34	19	29	24	34	36	39	32	29	35	39	42	22	38	35	32	45	36	27	20	40	47
Y_Contig_1	1457568	53	34	19	29	24	33	36	39	32	29	35	39	43	22	38	35	31	45	35	27	20	39	46
Y_Contig_1	1457569	53	34	19	30	25	34	35	40	32	28	36	38	42	22	38	35	32	45	33	27	21	39	45
Y_Contig_1	1457570	54	34	19	30	25	34	35	40	31	28	36	37	42	22	38	35	32	45	33	27	22	40	44
Y_Contig_1	1457571	54	32	19	30	25	34	37	40	30	28	34	36	43	21	39	36	33	45	33	27	21	41	44
Y_Contig_1	1457572	53	32	19	30	25	33	37	40	30	30	35	36	42	20	40	35	33	44	33	27	21	41	44
Y_Contig_1	1457573	53	31	18	30	25	34	37	39	30	29	35	37	42	20	40	36	32	42	34	27	21	40	44
Y_Contig_1	1457574	53	32	18	29	25	34	37	39	30	29	35	36	41	19	40	38	32	42	35	29	21	41	44
Y_Contig_1	1457575	54	32	18	30	25	33	37	39	30	29	34	36	41	20	40	37	32	42	35	29	23	42	44
Y_Contig_1	1457576	54	32	18	31	25	33	38	39	30	28	33	36	42	21	40	37	32	42	35	29	24	41	45
Y_Contig_1	1457577	53	32	18	31	25	33	38	38	29	28	32	36	40	21	41	37	32	42	34	28	24	41	48
Y_Contig_1	1457578	53	32	18	30	25	32	37	38	29	28	32	35	40	21	39	37	31	39	34	30	24	41	46
Y_Contig_1	1457579	53	31	18	30	25	32	37	39	31	28	32	35	40	21	39	37	33	39	33	30	24	41	44
Y_Contig_1	1457580	53	32	17	30	26	32	36	39	31	30	33	35	40	21	39	37	33	39	33	29	25	41	44
Y_Contig_1	1457581	52	32	16	29	26	32	36	38	31	30	34	36	40	20	39	37	32	37	33	28	25	41	44
Y_Contig_1	1457582	52	32	16	29	28	32	37	37	32	29	34	36	40	21	39	38	33	37	33	28	24	41	44
Y_Contig_1	1457583	52	32	16	29	28	32	37	37	31	29	34	34	41	21	38	39	33	36	34	28	24	41	44
Y_Contig_1	1457584	52	32	15	29	29	31	37	36	32	29	31	34	40	21	36	38	33	33	36	27	25	41	43
Y_Contig_1	1457585	52	32	15	29	29	31	38	36	32	29	31	34	40	21	36	38	33	33	36	28	25	42	42
Y_Contig_1	1457586	51	32	15	29	29	31	38	36	32	30	31	34	40	20	35	38	33	33	36	28	25	42	42
Y_Contig_1	1457587	52	32	16	29	29	31	38	36	32	31	32	35	40	20	37	38	32	35	36	29	25	42	43
Y_Contig_1	1457588	52	32	16	29	28	32	39	36	30	31	33	35	40	19	36	38	32	35	35	28	26	41	43
Y_Contig_1	1457589	53	32	16	29	28	31	39	36	31	31	34	35	40	19	36	38	31	34	35	28	27	42	43
Y_Contig_1	1457590	53	32	15	30	28	31	39	36	31	31	34	35	40	19	36	37	31	34	35	28	27	42	44
Y_Contig_1	1457591	51	32	15	31	28	31	39	37	31	31	34	35	41	19	36	37	31	34	35	29	27	41	44
Y_Contig_1	1457592	51	32	14	31	28	31	39	37	31	32	34	35	41	19	36	38	30	36	36	29	26	40	44
Y_Contig_1	1457593	51	30	14	31	28	32	39	37	30	32	33	35	41	19	36	37	30	36	36	29	26	40	44
Y_Contig_1	1457594	52	30	14	32	28	30	40	37	31	30	33	35	41	18	36	36	31	37	36	29	26	40	45
Y_Contig_1	1457595	52	30	14	32	28	29	40	36	31	30	33	35	40	17	36	36	31	37	35	29	26	40	45
Y_Contig_1	1457596	51	30	14	31	28	30	41	36	31	31	33	34	39	17	36	36	30	37	35	29	26	39	45
Y_Contig_1	1457597	53	29	14	32	28	30	41	38	30	31	33	34	39	17	36	36	29	38	35	29	27	40	44
Y_Contig_1	1457598	53	29	14	32	27	30	42	38	30	31	32	33	39	17	36	35	29	38	36	28	26	40	43
Y_Contig_1	1457599	54	28	14	32	27	28	41	38	29	31	33	32	39	17	36	34	28	38	37	28	27	39	43
Y_Contig_1	1457600	54	28	14	33	27	29	40	39	29	30	32	33	40	17	36	34	28	38	37	28	27	38	43
Y_Contig_1	1457601	55	28	14	33	27	29	42	39	29	30	32	33	40	16	36	34	28	37	37	27	27	38	43
Y_Contig_1	1457602	55	28	14	32	27	29	41	39	29	30	32	33	38	16	36	34	28	37	37	27	27	38	42
Y_Contig_1	1457603	53	29	14	33	27	29	41	38	29	29	32	33	38	16	36	33	28	36	37	27	27	39	40
Y_Contig_1	1457604	54	29	14	33	27	29	41	38	29	29	32	33	38	16	36	33	28	36	37	27	28	38	40
Y_Contig_1	1457605	54	29	14	34	27	28	41	37	28	29	33	33	38	16	35	33	29	36	37	27	27	37	40
Y_Contig_1	1457606	53	29	14	34	27	27	40	37	27	28	33	33	38	16	35	33	30	35	37	28	26	37	39
Y_Contig_1	1457607	53	29	14	34	26	27	40	37	26	28	31	33	38	16	36	33	30	35	37	28	26	38	37
Y_Contig_1	1457608	52	29	14	34	27	28	40	37	26	29	32	32	39	16	36	33	30	35	37	29	26	38	37
Y_Contig_1	1457609	52	29	14	34	27	28	40	37	26	29	31	32	39	16	33	32	30	35	37	29	26	38	36
Y_Contig_1	1457610	51	29	14	36	26	28	40	37	26	28	30	31	39	16	35	33	27	36	38	28	27	37	36
Y_Contig_1	1457611	51	29	14	36	26	28	40	37	27	29	30	31	39	16	35	33	27	36	38	28	26	37	38
Y_Contig_1	1457612	51	28	14	36	27	27	39	37	27	29	30	30	38	16	34	33	27	36	38	28	26	38	38
Y_Contig_1	1457613	52	28	14	36	27	27	39	36	28	29	30	30	38	16	34	33	27	36	37	28	27	38	40
Y_Contig_1	1457614	52	28	14	37	26	26	39	36	28	29	30	30	38	16	35	32	27	36	38	28	27	38	40
Y_Contig_1	1457615	52	28	14	38	27	26	39	36	28	29	31	30	37	16	35	32	27	36	38	28	27	38	40
Y_Contig_1	1457616	52	28	14	38	27	26	39	36	28	29	31	31	38	16	34	32	27	36	40	29	27	38	40
Y_Contig_1	1457617	52	28	14	38	27	26	39	36	28	29	31	32	38	17	35	32	26	36	39	29	27	38	41
Y_Contig_1	1457618	52	28	14	38	27	26	39	35	28	29	31	32	37	17	35	32	26	36	39	29	28	38	39
Y_Contig_1	1457619	52	29	14	39	27	26	39	35	27	28	30	32	37	17	35	32	25	34	38	29	28	37	38
Y_Contig_1	1457620	52	29	14	40	27	27	39	36	27	28	32	32	36	17	35	32	25	34	38	30	28	38	40
Y_Contig_1	1457621	52	30	14	40	27	26	39	36	27	28	32	32	35	16	35	32	25	34	39	30	29	38	40
Y_Contig_1	1457622	52	30	14	40	27	26	40	36	26	28	31	32	35	16	36	32	26	35	38	30	29	38	40
Y_Contig_1	1457623	51	31	14	40	27	26	39	36	26	27	32	32	35	16	35	32	26	35	37	30	29	38	40
Y_Contig_1	1457624	51	31	13	39	27	26	39	37	26	27	32	32	35	16	35	31	26	35	37	30	29	38	41
Y_Contig_1	1457625	51	31	13	39	27	26	38	36	26	27	33	31	34	16	35	31	26	35	37	30	29	38	41
Y_Contig_1	1457626	51	31	13	40	28	27	41	36	25	25	33	32	36	17	34	32	26	35	36	30	29	38	42
Y_Contig_1	1457627	52	30	13	40	30	27	42	36	25	25	30	31	36	17	34	32	26	34	36	29	29	38	42
Y_Contig_1	1457628	52	30	13	40	30	26	42	36	25	25	30	32	35	17	34	33	26	34	36	29	29	38	41
Y_Contig_1	1457629	52	30	13	41	30	26	42	36	25	25	30	32	35	16	34	33	26	35	36	28	29	38	41
Y_Contig_1	1457630	50	31	13	40	29	26	42	36	25	25	30	33	35	16	33	33	26	35	35	28	29	39	42
Y_Contig_1	1457631	51	31	13	40	28	27	42	35	25	26	31	33	34	16	33	33	26	36	36	28	29	40	43
Y_Contig_1	1457632	51	30	13	40	27	27	42	35	25	26	31	33	34	15	34	33	27	35	38	28	29	40	42
Y_Contig_1	1457633	51	30	13	41	27	26	41	35	25	26	31	34	34	14	35	33	27	36	38	29	29	39	42
Y_Contig_1	1457634	52	30	13	41	29	26	41	35	25	27	32	35	34	15	35	33	27	35	37	29	29	38	42
Y_Contig_1	1457635	52	30	14	41	29	26	41	35	25	27	32	34	33	14	34	32	28	37	38	29	29	40	42
Y_Contig_1	1457636	52	31	14	41	29	27	40	36	25	27	32	32	33	14	33	32	27	37	40	30	29	40	42
Y_Contig_1	1457637	52	30	13	40	29	27	40	35	26	26	32	32	34	14	33	32	27	36	39	30	30	40	42
Y_Contig_1	1457638	52	31	13	41	30	27	40	35	26	26	32	32	34	15	33	32	27	36	39	31	31	39	42
Y_Contig_1	1457639	52	28	12	41	30	27	40	37	26	27	32	31	34	15	33	32	27	36	39	30	32	39	42
Y_Contig_1	1457640	52	28	12	42	30	28	40	37	27	26	33	32	34	16	33	30	27	35	39	30	33	40	42
Y_Contig_1	1457641	52	28	12	43	29	28	40	37	27	27	34	32	34	17	33	29	27	35	39	30	34	40	42
Y_Contig_1	1457642	52	28	13	44	29	28	41	37	29	28	34	32	34	17	33	30	28	36	40	29	34	40	42
Y_Contig_1	1457643	52	27	13	44	29	28	41	36	29	27	35	33	34	16	33	29	27	36	40	29	35	39	42
Y_Contig_1	1457644	51	27	13	44	29	29	41	37	29	27	36	33	33	17	33	29	27	36	40	30	36	39	42
Y_Contig_1	1457645	50	27	13	44	29	30	41	37	29	26	36	33	33	17	35	29	27	36	40	30	36	40	43
Y_Contig_1	1457646	50	26	13	44	29	31	41	37	29	26	36	33	33	17	35	28	27	36	39	30	36	39	44
Y_Contig_1	1457647	49	25	13	44	29	29	39	37	28	26	37	33	31	17	34	27	26	37	39	31	36	38	45
Y_Contig_1	1457648	49	25	13	44	28	30	39	37	28	26	38	33	32	17	34	27	26	37	40	31	36	38	45
Y_Contig_1	1457649	49	25	13	44	28	30	39	37	28	26	38	33	32	17	34	27	26	38	39	31	36	38	45
Y_Contig_1	1457650	49	25	14	44	28	30	39	37	28	26	38	33	32	17	34	27	26	39	39	31	35	39	45
Y_Contig_1	1457651	50	25	14	44	29	30	38	37	27	25	38	31	32	18	35	28	26	39	39	31	36	40	47
Y_Contig_1	1457652	51	25	14	44	29	30	39	36	26	24	38	30	31	18	35	27	26	38	40	31	36	41	46
Y_Contig_1	1457653	51	26	15	44	29	30	38	36	26	24	38	29	31	18	35	26	26	38	40	31	39	41	45
Y_Contig_1	1457654	52	28	15	43	29	29	40	36	27	24	38	29	31	20	35	26	26	38	40	31	39	41	45
Y_Contig_1	1457655	52	28	16	44	29	29	40	36	26	24	37	29	30	20	35	27	26	38	39	31	40	41	46
Y_Contig_1	1457656	51	28	16	44	30	29	40	37	26	24	37	30	30	21	36	27	26	38	39	31	40	41	47
Y_Contig_1	1457657	49	28	16	44	30	29	40	37	26	24	35	30	28	21	36	27	26	38	39	31	39	41	47
Y_Contig_1	1457658	49	27	16	44	30	29	40	37	26	24	35	32	27	21	36	27	26	39	39	31	39	41	47
Y_Contig_1	1457659	49	29	16	44	30	30	41	37	27	25	35	31	27	20	38	27	26	37	39	30	39	42	47
Y_Contig_1	1457660	49	29	16	44	29	30	40	37	27	25	37	31	30	20	38	27	25	36	39	29	39	42	46
Y_Contig_1	1457661	47	29	17	44	29	31	40	37	27	25	37	31	30	20	39	26	25	36	39	29	39	42	46
Y_Contig_1	1457662	47	29	17	44	29	30	40	38	27	25	38	31	30	21	39	26	26	36	39	29	39	42	48
Y_Contig_1	1457663	47	29	17	45	29	30	40	38	27	25	38	31	30	21	39	26	27	36	39	29	39	43	48
Y_Contig_1	1457664	47	29	17	45	29	30	40	37	27	25	38	31	30	23	38	25	27	36	39	30	39	43	48
Y_Contig_1	1457665	47	28	17	46	28	29	40	37	27	25	38	30	31	22	38	25	27	36	40	30	39	44	48
Y_Contig_1	1457666	47	27	18	48	28	29	43	38	27	25	38	30	30	22	37	26	27	37	41	30	39	45	48
Y_Contig_1	1457667	47	28	18	49	28	29	43	38	27	26	40	31	30	22	37	26	27	37	41	30	39	45	48
Y_Contig_1	1457668	47	27	17	49	29	29	43	36	25	26	41	32	30	22	38	26	27	37	41	30	40	43	47
Y_Contig_1	1457669	47	27	19	49	28	29	43	36	26	26	41	31	30	22	38	25	27	37	40	30	40	42	46
Y_Contig_1	1457670	47	28	19	48	28	28	40	36	26	26	40	31	29	22	38	25	28	38	41	30	40	42	46
Y_Contig_1	1457671	46	26	19	48	28	26	41	35	27	26	42	31	29	22	39	26	28	36	42	30	40	43	44
Y_Contig_1	1457672	47	26	19	48	29	25	41	36	27	27	41	32	29	22	40	27	28	35	42	30	40	43	43
Y_Contig_1	1457673	47	26	18	48	29	25	41	36	27	28	43	32	30	22	40	27	29	35	43	30	42	45	42
Y_Contig_1	1457674	49	26	18	48	29	24	41	36	26	28	43	32	29	22	40	27	29	36	43	30	42	46	42
Y_Contig_1	1457675	49	26	18	49	30	27	40	34	26	28	44	31	28	22	39	28	30	36	41	31	42	46	43
Y_Contig_1	1457676	49	27	18	48	31	27	40	33	24	28	43	31	28	22	39	28	30	37	41	31	42	47	43
Y_Contig_1	1457677	48	27	18	49	31	27	40	33	23	27	43	31	28	22	39	28	31	38	40	31	41	48	43
Y_Contig_1	1457678	48	27	18	49	32	27	41	33	23	26	43	32	29	22	39	28	31	37	41	31	41	48	44
Y_Contig_1	1457679	47	27	18	49	32	28	41	34	23	26	43	32	29	22	39	28	31	37	40	33	41	48	44
Y_Contig_1	1457680	47	27	18	49	31	28	38	34	22	27	43	32	29	22	39	28	31	36	40	33	41	48	43
Y_Contig_1	1457681	46	27	18	49	31	28	38	34	22	28	43	32	29	23	39	28	29	37	39	34	41	47	43
Y_Contig_1	1457682	46	28	19	49	31	29	40	33	23	29	44	34	30	24	39	31	28	37	40	34	42	47	44
Y_Contig_1	1457683	43	26	20	49	32	29	40	32	23	29	44	32	29	23	40	31	28	38	40	33	41	47	43
Y_Contig_1	1457684	42	26	20	49	32	29	39	32	23	29	45	32	30	22	40	30	28	38	40	33	41	48	43
Y_Contig_1	1457685	41	26	20	49	33	29	41	32	23	29	45	33	30	22	40	30	28	38	40	33	41	48	43
Y_Contig_1	1457686	41	28	20	49	34	29	41	30	24	30	46	35	31	22	40	30	28	38	40	32	41	47	42
Y_Contig_1	1457687	41	28	19	49	33	29	41	30	25	30	46	34	31	22	39	30	27	38	40	33	41	47	42
Y_Contig_1	1457688	40	28	19	49	34	29	41	30	24	30	47	34	31	23	40	30	27	39	41	33	41	47	43
Y_Contig_1	1457689	39	28	19	50	34	29	41	30	24	31	47	34	32	23	39	30	27	39	41	33	40	45	44
Y_Contig_1	1457690	38	28	19	51	34	30	41	30	24	31	47	34	32	23	39	30	27	39	41	31	40	45	44
Y_Contig_1	1457691	38	28	19	51	34	30	41	30	24	31	48	36	32	23	39	30	27	39	41	32	40	47	45
Y_Contig_1	1457692	37	28	19	51	33	30	41	30	25	31	48	35	30	23	38	30	28	38	41	33	40	47	46
Y_Contig_1	1457693	38	29	19	50	33	30	41	30	26	31	48	35	30	24	37	30	28	39	41	33	40	47	46
Y_Contig_1	1457694	38	29	19	49	34	30	41	30	26	31	48	36	30	23	35	30	29	39	41	34	41	48	47
Y_Contig_1	1457695	38	29	19	49	34	30	39	30	26	32	48	36	30	24	35	28	29	39	42	34	41	47	47
Y_Contig_1	1457696	38	28	19	48	34	30	38	30	26	32	48	36	29	24	34	28	27	40	43	34	41	47	47
Y_Contig_1	1457697	37	30	20	48	35	30	38	31	26	32	48	36	29	24	34	28	27	40	43	35	41	46	47
Y_Contig_1	1457698	39	31	21	47	35	30	39	32	26	32	48	35	30	25	35	29	27	40	43	35	42	47	49
Y_Contig_1	1457699	38	29	21	46	34	30	39	31	26	33	49	35	31	26	34	29	27	40	43	35	42	48	49
Y_Contig_1	1457700	39	29	22	46	35	30	39	30	26	33	49	35	32	26	34	29	27	40	43	35	42	49	48
Y_Contig_1	1457701	39	29	22	46	35	30	39	29	26	33	49	35	32	26	34	29	26	40	43	34	42	50	49
Y_Contig_1	1457702	39	29	22	47	35	30	39	29	27	33	50	34	33	26	34	29	26	40	44	33	42	51	49
Y_Contig_1	1457703	40	29	24	46	35	30	38	30	27	33	52	34	33	26	34	29	26	41	41	33	42	51	51
Y_Contig_1	1457704	40	29	23	46	35	30	39	30	28	34	52	35	33	26	34	29	27	41	42	33	42	51	52
Y_Contig_1	1457705	40	29	23	45	35	30	39	30	29	34	52	35	32	26	34	29	26	41	43	33	42	52	51
Y_Contig_1	1457706	40	29	23	45	34	30	39	30	29	34	52	35	32	26	34	29	26	41	43	33	42	52	50
Y_Contig_1	1457707	41	29	23	45	34	32	40	30	29	33	52	34	30	27	34	29	26	41	44	33	41	51	49
Y_Contig_1	1457708	39	29	23	44	34	32	41	30	29	33	53	34	29	27	34	29	26	41	44	33	41	52	49
Y_Contig_1	1457709	38	29	23	44	34	32	40	31	30	33	54	34	29	27	33	29	26	42	45	34	42	52	51
Y_Contig_1	1457710	39	29	23	44	34	32	40	32	30	33	56	36	29	27	33	29	26	42	45	34	42	53	51
Y_Contig_1	1457711	39	28	23	45	34	32	40	33	31	33	56	37	29	27	32	29	27	43	44	34	42	52	51
Y_Contig_1	1457712	38	29	23	45	33	33	40	33	31	34	56	38	29	27	32	29	27	44	44	35	43	52	51
Y_Contig_1	1457713	38	29	23	44	33	33	40	33	31	34	56	39	29	28	33	29	27	44	44	35	44	52	51
Y_Contig_1	1457714	36	29	23	43	33	33	41	33	31	34	56	39	29	28	33	29	27	44	44	34	44	52	51
Y_Contig_1	1457715	36	30	22	43	33	33	41	33	30	34	56	39	29	28	32	29	27	44	44	33	44	52	51
Y_Contig_1	1457716	38	30	22	42	33	33	41	33	30	35	56	39	30	27	32	28	27	44	44	33	44	53	51
Y_Contig_1	1457717	38	30	23	41	34	31	41	32	30	35	56	39	30	27	34	27	28	45	44	33	43	53	52
Y_Contig_1	1457718	38	30	23	41	34	31	41	32	30	35	56	39	29	27	34	27	28	45	44	33	43	53	52
Y_Contig_1	1457719	38	30	23	40	32	30	41	32	30	35	55	39	29	27	34	27	26	45	44	33	42	53	52
Y_Contig_1	1457720	39	31	23	41	32	32	41	32	31	35	56	40	29	29	34	28	26	45	43	33	41	52	52
Y_Contig_1	1457721	39	31	23	41	32	32	40	32	31	35	56	40	28	29	33	28	25	45	43	33	41	51	52
Y_Contig_1	1457722	40	32	23	41	33	32	40	32	32	33	56	40	28	30	32	28	26	45	44	33	41	51	52
Y_Contig_1	1457723	41	32	23	42	33	31	40	34	33	33	56	39	28	30	33	27	26	45	43	33	42	52	52
Y_Contig_1	1457724	41	31	23	41	33	31	40	34	33	34	56	40	28	30	33	25	26	45	42	32	42	53	52
Y_Contig_1	1457725	41	33	23	41	34	32	41	33	33	34	56	40	28	29	33	26	27	45	42	32	41	53	52
Y_Contig_1	1457726	41	32	23	41	34	32	40	33	33	34	56	40	28	28	33	26	27	45	43	32	40	54	52
Y_Contig_1	1457727	41	32	24	42	34	32	40	33	34	35	56	40	28	28	32	28	28	45	43	33	41	53	49
Y_Contig_1	1457728	41	32	24	42	34	32	40	33	35	35	56	40	27	28	33	28	28	46	43	31	41	53	50
Y_Contig_1	1457729	41	32	25	42	34	32	41	33	33	35	56	40	27	28	33	28	26	46	43	33	41	55	50
Y_Contig_1	1457730	41	31	25	42	33	33	42	34	34	33	55	39	27	28	33	28	26	46	43	33	40	55	50
Y_Contig_1	1457731	41	32	25	43	31	34	41	35	34	33	54	39	27	27	33	28	26	46	43	33	40	54	50
Y_Contig_1	1457732	41	32	25	43	31	34	41	35	33	34	55	40	27	27	33	27	27	46	43	33	40	54	50
Y_Contig_1	1457733	40	32	25	43	31	35	41	35	32	34	55	39	26	27	33	26	27	46	43	33	40	55	50
Y_Contig_1	1457734	41	33	25	42	29	36	41	35	33	34	56	39	28	29	33	27	28	47	41	32	41	56	52
Y_Contig_1	1457735	42	33	25	42	29	36	40	35	33	34	57	39	28	29	33	27	28	47	41	31	41	55	52
Y_Contig_1	1457736	42	33	24	43	29	36	40	35	33	33	57	38	29	29	32	27	28	46	42	30	41	55	51
Y_Contig_1	1457737	41	34	24	43	29	36	39	36	33	33	55	38	30	29	31	27	28	46	43	30	40	55	51
Y_Contig_1	1457738	40	35	24	43	29	36	40	35	33	34	54	38	30	29	31	27	29	46	43	31	40	55	50
Y_Contig_1	1457739	39	35	24	43	29	36	40	35	32	34	54	38	30	29	31	27	29	46	43	31	40	54	50
Y_Contig_1	1457740	40	35	25	43	29	36	41	35	32	34	54	39	30	29	33	27	29	46	44	31	40	54	51
Y_Contig_1	1457741	41	35	25	42	29	36	41	34	32	33	54	39	29	29	33	27	29	46	45	30	40	54	51
Y_Contig_1	1457742	41	35	25	42	30	36	41	34	32	32	54	38	29	30	33	27	29	45	45	31	40	54	50
Y_Contig_1	1457743	41	35	25	42	30	35	40	34	33	32	54	39	29	30	33	27	28	44	45	31	40	56	49
Y_Contig_1	1457744	41	35	25	41	30	35	40	35	33	32	56	39	29	30	33	27	28	44	46	33	40	57	49
Y_Contig_1	1457745	41	35	26	41	30	35	40	34	33	32	56	40	29	31	35	28	29	43	46	33	39	57	49
Y_Contig_1	1457746	41	35	27	42	30	34	39	34	33	31	55	40	29	31	35	28	29	44	46	33	39	57	49
Y_Contig_1	1457747	39	35	27	41	31	34	39	33	33	31	56	40	29	31	36	28	29	44	47	33	40	57	49
Y_Contig_1	1457748	38	35	27	41	32	34	38	33	33	32	56	40	29	32	36	28	29	44	46	33	41	57	49
Y_Contig_1	1457749	38	35	27	40	32	34	39	33	33	33	55	40	27	32	36	28	29	44	45	33	40	58	49
Y_Contig_1	1457750	38	35	27	40	34	35	39	34	33	33	56	39	27	32	36	28	29	44	46	33	40	58	49
Y_Contig_1	1457751	36	35	28	40	34	35	37	34	33	33	56	39	27	32	36	29	29	44	46	33	40	59	49
Y_Contig_1	1457752	36	35	28	39	34	36	37	35	33	36	57	38	27	32	36	29	30	44	46	33	40	58	49
Y_Contig_1	1457753	36	36	28	39	34	36	38	36	33	36	57	39	27	32	38	29	30	44	45	33	40	58	50
Y_Contig_1	1457754	35	36	28	38	34	35	39	37	33	35	57	39	27	33	38	29	29	44	45	34	39	58	51
Y_Contig_1	1457755	35	36	28	38	34	35	39	37	33	35	56	39	27	33	38	29	28	45	45	33	39	58	51
Y_Contig_1	1457756	35	36	28	38	34	35	39	37	34	35	57	40	29	32	38	29	28	46	45	33	39	60	52
Y_Contig_1	1457757	35	36	28	39	33	35	39	37	34	34	58	40	29	33	37	30	28	45	45	33	39	59	52
Y_Contig_1	1457758	35	36	28	38	33	34	39	37	34	34	57	40	28	34	38	29	28	45	45	33	39	59	51
Y_Contig_1	1457759	37	36	28	38	33	35	39	38	34	34	57	40	28	34	36	29	28	45	47	33	39	59	51
Y_Contig_1	1457760	37	36	28	37	34	35	39	39	35	33	57	41	29	34	36	28	28	44	47	32	38	59	51
Y_Contig_1	1457761	37	36	28	37	34	35	39	39	34	32	56	41	29	34	37	29	28	44	47	32	38	59	50
Y_Contig_1	1457762	38	36	28	37	33	34	40	40	33	32	57	44	30	34	37	29	28	44	47	34	38	58	50
Y_Contig_1	1457763	37	36	28	37	33	34	40	40	33	32	57	44	30	35	37	29	28	44	47	34	37	58	49
Y_Contig_1	1457764	38	37	28	36	32	34	41	41	33	32	57	45	31	36	36	30	30	44	46	34	37	58	50
Y_Contig_1	1457765	38	37	28	35	32	34	41	41	33	33	57	46	31	36	36	30	30	44	47	34	37	59	50
Y_Contig_1	1457766	38	37	29	35	33	34	41	41	35	34	57	45	31	36	37	30	30	44	45	33	37	60	50
Y_Contig_1	1457767	38	38	30	35	33	33	41	41	35	35	57	44	31	35	36	30	30	44	47	33	37	60	49
Y_Contig_1	1457768	39	37	30	35	33	33	41	41	35	35	57	44	31	35	36	30	30	44	47	33	36	61	49
Y_Contig_1	1457769	40	37	30	34	33	34	41	41	35	35	57	46	31	35	36	30	30	44	47	32	36	61	49
Y_Contig_1	1457770	40	37	30	33	33	33	41	40	36	35	55	46	32	35	36	30	31	44	47	31	36	62	49
Y_Contig_1	1457771	41	36	30	35	33	33	41	40	36	35	55	46	32	35	36	31	31	44	46	32	36	62	49
Y_Contig_1	1457772	41	36	30	35	33	34	40	39	36	35	55	46	32	35	35	31	30	43	47	34	38	62	49
Y_Contig_1	1457773	42	35	32	35	32	34	38	38	36	34	54	45	33	35	35	31	30	43	46	35	38	61	48
Y_Contig_1	1457774	44	35	32	34	32	33	38	38	36	34	55	45	32	35	35	29	30	43	46	36	38	61	47
Y_Contig_1	1457775	44	35	32	34	31	33	40	38	36	35	55	45	32	36	35	29	31	42	46	36	38	61	49
Y_Contig_1	1457776	43	36	32	34	31	32	39	38	36	35	57	46	31	35	38	30	31	43	47	36	39	61	49
Y_Contig_1	1457777	43	36	32	34	30	32	38	39	36	35	57	46	33	35	38	31	32	43	47	36	39	61	49
Y_Contig_1	1457778	43	36	32	34	30	32	38	39	37	35	57	45	33	35	38	31	32	43	48	36	39	61	49
Y_Contig_1	1457779	41	36	32	34	31	32	39	39	37	35	57	45	33	35	38	31	32	42	48	36	39	60	49
Y_Contig_1	1457780	41	37	32	34	31	32	38	39	37	35	57	44	34	35	38	31	32	42	48	36	39	60	49
Y_Contig_1	1457781	41	37	32	35	31	32	38	39	37	35	58	44	34	36	38	31	32	42	48	36	39	59	49
Y_Contig_1	1457782	42	37	31	35	30	32	40	39	38	35	58	44	34	36	37	32	32	43	46	36	39	59	50
Y_Contig_1	1457783	44	37	31	35	30	32	40	39	38	35	59	43	34	36	36	33	32	42	46	35	39	58	52
Y_Contig_1	1457784	43	37	31	35	28	32	40	39	38	34	59	42	35	35	35	32	32	42	46	35	40	59	52
Y_Contig_1	1457785	44	37	30	35	29	31	40	39	38	34	60	42	35	35	35	33	31	40	44	35	40	57	53
Y_Contig_1	1457786	44	36	30	35	29	30	41	38	38	34	60	43	35	35	35	33	31	40	43	34	40	57	53
Y_Contig_1	1457787	44	36	30	35	28	30	41	38	36	34	60	43	34	35	35	33	30	38	43	33	39	57	54
Y_Contig_1	1457788	45	37	30	34	29	30	41	38	36	33	60	43	34	35	35	33	31	38	44	33	37	58	54
Y_Contig_1	1457789	45	37	31	34	30	30	41	36	36	32	61	42	34	35	35	33	32	39	44	33	36	57	54
Y_Contig_1	1457790	45	37	31	33	30	30	41	36	35	32	59	42	34	34	35	33	32	40	45	33	36	57	54
Y_Contig_1	1457791	46	37	31	31	30	30	41	36	35	31	59	42	34	33	35	33	32	40	46	34	35	57	54
Y_Contig_1	1457792	46	37	30	31	30	30	40	36	33	30	59	42	34	33	35	32	31	39	45	34	35	57	54
Y_Contig_1	1457793	46	37	30	31	30	31	41	36	33	31	58	41	34	34	35	32	31	39	45	34	34	57	53
Y_Contig_1	1457794	46	37	31	31	31	31	41	35	33	31	57	41	34	33	35	32	31	39	46	33	34	58	54
Y_Contig_1	1457795	46	37	31	31	31	32	41	35	33	32	57	41	35	33	33	32	32	39	46	33	35	57	53
Y_Contig_1	1457796	46	36	31	32	31	31	41	35	33	32	57	41	35	33	32	32	32	39	47	33	35	59	52
Y_Contig_1	1457797	46	36	32	32	31	31	42	35	33	32	56	43	35	33	32	33	32	38	47	32	36	59	52
Y_Contig_1	1457798	46	35	32	32	31	30	44	35	33	32	55	43	34	33	32	33	32	38	46	32	36	60	51
Y_Contig_1	1457799	47	35	33	32	31	31	44	35	33	32	55	44	34	33	32	33	32	37	46	32	36	60	51
Y_Contig_1	1457800	47	36	32	32	31	32	44	35	34	32	55	44	34	33	31	33	32	37	46	32	36	58	50
Y_Contig_1	1457801	46	35	32	32	30	32	44	35	34	32	55	44	34	32	31	33	32	37	46	32	35	58	49
Y_Contig_1	1457802	45	35	32	33	30	32	43	34	34	32	54	45	34	32	30	34	32	37	46	32	35	57	49
Y_Contig_1	1457803	46	35	31	33	30	32	43	34	34	34	54	45	34	32	30	34	33	37	46	33	32	57	49
Y_Contig_1	1457804	45	33	32	32	30	32	41	34	33	34	54	44	34	30	30	34	33	36	47	33	32	57	49
Y_Contig_1	1457805	45	35	33	32	31	32	41	34	33	35	54	44	34	30	30	34	34	36	47	33	31	57	48
Y_Contig_1	1457806	46	35	32	32	31	32	41	33	33	35	54	44	34	29	30	34	34	35	47	34	32	57	48
Y_Contig_1	1457807	46	34	31	32	31	34	41	32	32	35	54	44	34	29	29	33	34	35	47	34	32	57	48
Y_Contig_1	1457808	45	33	31	35	31	33	40	33	33	36	55	42	34	29	28	34	35	34	47	34	32	57	50
Y_Contig_1	1457809	44	33	31	35	31	33	40	33	32	35	55	42	34	30	28	34	35	34	47	34	32	57	50
Y_Contig_1	1457810	44	35	31	36	32	33	40	33	32	36	53	42	31	31	28	34	35	36	47	34	32	57	50
Y_Contig_1	1528840	36	26	33	30	29	30	39	42	33	44	38	24	32	37	31	40	37	41	35	38	21	41	44
Y_Contig_1	1528841	37	26	33	30	29	28	41	42	34	44	38	25	32	36	32	42	37	41	36	37	21	42	46
Y_Contig_1	1528842	37	26	33	30	29	28	41	43	35	43	38	26	32	36	32	43	37	41	37	38	20	42	46
Y_Contig_1	1528843	38	25	34	30	28	28	41	43	35	43	38	26	31	36	32	43	37	43	38	38	20	42	45
Y_Contig_1	1528844	37	24	34	30	28	28	42	41	34	43	38	26	31	35	32	43	37	43	38	37	20	42	45
Y_Contig_1	1528845	38	24	35	30	28	28	42	41	34	44	38	26	31	35	32	45	37	44	38	37	20	41	45
Y_Contig_1	1528846	39	23	35	30	28	28	42	41	34	43	38	26	31	35	32	45	37	44	37	37	20	40	45
Y_Contig_1	1528847	40	23	35	30	28	29	42	41	34	43	38	25	31	35	32	45	38	44	37	37	20	39	46
Y_Contig_1	1528848	40	23	35	30	28	29	41	41	34	44	39	25	31	35	30	44	39	44	36	36	20	39	46
Y_Contig_1	1528849	41	23	35	30	28	29	41	42	33	44	40	25	31	35	31	44	39	43	36	36	20	39	46
Y_Contig_1	1528850	41	23	35	29	29	30	41	42	33	44	40	25	32	36	33	45	39	44	36	37	19	39	46
Y_Contig_1	1528851	41	24	34	28	28	30	41	41	34	44	40	27	33	37	33	43	39	44	35	37	19	39	45
Y_Contig_1	1528852	41	24	34	28	29	30	41	41	34	44	40	28	33	37	33	43	39	44	36	37	19	39	47
Y_Contig_1	1528853	41	24	33	29	29	30	40	40	34	45	40	28	33	37	33	44	38	45	37	37	19	38	46
Y_Contig_1	1528854	42	25	32	28	29	30	41	40	34	44	40	28	32	37	33	45	37	46	37	37	19	39	47
Y_Contig_1	1528855	42	25	32	28	29	30	41	41	34	44	40	28	31	38	32	45	36	47	37	38	19	39	46
Y_Contig_1	1528856	42	24	31	28	28	32	41	40	34	44	40	28	31	38	32	44	36	49	37	38	19	40	46
Y_Contig_1	1528857	41	25	32	28	28	32	41	38	34	45	40	28	31	38	33	44	36	51	37	38	19	40	46
Y_Contig_1	1528858	42	25	32	28	28	32	40	37	35	46	41	28	33	38	34	44	36	50	37	38	20	38	47
Y_Contig_1	1528859	42	25	32	28	26	32	41	36	33	45	41	28	34	38	34	44	36	50	37	38	20	39	46
Y_Contig_1	1528860	42	25	32	28	26	32	41	36	34	45	41	28	34	39	34	44	36	50	37	38	21	39	47
Y_Contig_1	1528861	42	26	33	28	26	32	41	36	33	45	40	27	34	40	34	44	36	50	38	38	21	39	47
Y_Contig_1	1528862	42	26	33	28	26	33	41	36	33	45	40	27	34	40	36	45	36	50	38	38	21	39	47
Y_Contig_1	1528863	42	26	33	28	26	33	42	36	33	46	40	27	34	41	36	45	36	48	37	38	21	39	47
Y_Contig_1	1528864	44	27	32	29	26	34	43	36	33	46	40	27	34	41	36	45	36	48	37	38	21	39	46
Y_Contig_1	1528865	44	27	32	31	26	34	43	36	33	45	40	27	34	42	36	45	37	49	37	38	20	39	45
Y_Contig_1	1528866	45	26	31	31	26	34	43	37	33	44	39	27	34	43	36	46	37	51	37	38	19	40	49
Y_Contig_1	1528867	46	26	32	31	26	34	43	38	33	45	39	27	35	43	35	47	38	51	38	38	19	40	50
Y_Contig_1	1528868	46	27	31	31	26	34	44	39	33	46	39	26	35	43	35	47	37	51	38	38	19	40	50
Y_Contig_1	1528869	46	28	31	31	26	34	44	39	33	45	39	26	35	43	35	47	37	52	38	38	19	40	52
Y_Contig_1	1528870	47	29	29	30	26	33	43	39	33	45	38	26	35	42	35	47	37	52	38	39	19	40	52
Y_Contig_1	1528871	47	30	29	30	26	33	43	39	34	45	38	26	35	42	35	47	37	52	38	39	19	40	52
Y_Contig_1	1528872	47	30	28	31	25	32	43	39	35	46	38	26	36	43	35	49	38	52	39	39	20	40	52
Y_Contig_1	1528873	47	30	28	31	25	32	43	39	35	46	38	26	37	43	36	49	38	51	39	38	19	40	51
Y_Contig_1	1528874	48	31	29	32	27	32	43	40	35	46	39	26	36	43	37	50	38	51	39	38	19	40	51
Y_Contig_1	1528875	48	31	29	32	27	32	43	40	35	45	38	27	36	43	37	50	38	51	40	37	19	40	51
Y_Contig_1	1528876	48	31	29	33	27	33	43	40	35	45	39	27	36	42	36	50	36	51	43	36	19	41	51
Y_Contig_1	1528877	47	31	29	33	27	33	44	41	36	44	39	27	36	42	36	50	36	51	43	36	19	41	51
Y_Contig_1	1528878	47	32	29	33	27	32	44	41	36	44	38	27	35	42	36	50	36	51	42	36	19	40	51
Y_Contig_1	1528879	46	32	29	32	27	32	44	41	36	44	38	27	35	42	37	49	37	51	42	35	19	39	50
Y_Contig_1	1528880	46	32	29	32	27	32	43	41	36	44	38	27	36	42	37	49	38	51	42	34	19	39	50
Y_Contig_1	1528881	45	32	29	29	27	32	41	41	36	44	39	27	36	42	37	49	38	52	41	34	19	39	50
Y_Contig_1	1528882	46	32	28	29	26	33	41	41	36	44	39	26	36	43	39	50	37	53	41	33	20	41	51
Y_Contig_1	1528883	46	32	28	29	26	33	42	41	36	44	38	26	37	43	39	50	37	53	41	32	20	41	50
Y_Contig_1	1528884	46	32	27	28	26	33	42	41	36	43	38	25	37	43	39	50	38	53	40	31	20	41	50
Y_Contig_1	1528885	47	32	27	28	26	33	42	41	37	43	38	25	37	43	40	50	37	53	40	31	20	40	51
Y_Contig_1	1528886	47	33	27	28	26	32	40	41	37	43	38	25	37	43	40	49	37	53	40	31	20	40	51
Y_Contig_1	1528887	48	33	27	27	26	32	40	39	38	43	38	25	36	42	41	48	37	54	40	31	21	40	50
Y_Contig_1	1528888	49	33	27	27	26	32	41	39	38	44	38	25	36	42	41	49	37	54	40	31	21	39	50
Y_Contig_1	1528889	49	33	27	29	27	32	41	38	38	45	38	25	35	42	42	51	37	54	40	32	21	39	51
Y_Contig_1	1528890	49	32	27	29	28	31	41	38	38	44	38	25	35	42	42	51	37	56	40	32	21	39	51
Y_Contig_1	1528891	49	32	26	29	28	30	41	38	38	44	38	24	35	42	42	51	37	55	39	32	21	38	49
Y_Contig_1	1528892	49	33	26	30	28	31	41	39	38	44	39	24	35	43	42	52	37	55	38	35	21	38	49
Y_Contig_1	1528893	48	33	27	30	28	31	41	39	38	44	40	23	35	43	42	51	37	56	37	35	21	39	50
Y_Contig_1	1528894	49	32	27	30	28	30	41	39	38	44	40	23	35	43	42	51	36	57	37	35	20	40	50
Y_Contig_1	1528895	49	32	27	30	28	30	41	39	37	43	40	23	35	43	41	50	36	57	37	35	20	40	50
Y_Contig_1	1528896	50	32	27	29	27	30	41	39	37	43	40	23	35	43	41	50	35	57	36	34	20	39	49
Y_Contig_1	1528897	50	33	27	28	28	30	41	41	38	45	40	23	35	41	40	50	35	59	36	34	20	39	49
Y_Contig_1	1528898	50	34	27	28	28	29	40	41	37	46	41	23	35	41	41	51	35	59	36	35	21	39	49
Y_Contig_1	1528899	51	34	27	28	28	29	40	41	37	46	41	23	35	41	41	51	35	61	37	36	21	39	49
Y_Contig_1	1528900	51	34	27	28	28	30	41	41	37	46	41	23	35	41	41	51	35	61	37	35	21	39	49
Y_Contig_1	1528901	50	34	27	28	28	29	41	41	37	46	41	23	35	41	39	50	33	59	38	35	19	38	48
Y_Contig_1	1528902	50	34	26	29	27	29	41	41	36	47	41	23	35	41	40	52	34	59	38	35	19	39	48
Y_Contig_1	1528903	50	34	27	29	27	28	40	41	37	46	41	23	35	41	39	52	31	59	40	34	20	39	48
Y_Contig_1	1528904	50	34	27	29	27	28	40	41	37	45	41	23	35	41	39	51	31	59	40	35	20	39	48
Y_Contig_1	1528905	50	33	27	29	27	28	40	40	37	44	40	21	35	40	39	51	31	59	41	36	20	40	47
Y_Contig_1	1528906	50	35	28	29	26	29	39	40	37	43	41	21	37	40	39	51	30	60	41	36	20	41	48
Y_Contig_1	1528907	50	34	28	30	25	29	39	38	37	43	41	21	36	39	40	52	30	61	41	36	20	41	48
Y_Contig_1	1528908	50	34	26	29	26	30	39	38	36	43	41	21	35	37	40	52	27	62	41	35	19	42	48
Y_Contig_1	1528909	50	34	26	29	26	30	39	38	36	43	41	21	34	37	40	53	27	62	41	35	19	42	48
Y_Contig_1	1528910	51	34	26	28	26	30	38	38	36	43	40	20	34	37	40	54	28	62	41	36	19	42	47
Y_Contig_1	1528911	51	34	27	28	26	31	38	38	36	43	40	20	33	37	40	54	28	62	40	36	20	42	47
Y_Contig_1	1528912	51	35	28	28	26	31	38	37	37	43	40	20	32	37	40	54	28	62	40	36	21	43	47
Y_Contig_1	1528913	51	35	28	26	26	31	39	37	37	42	40	20	33	37	40	55	27	62	40	35	21	41	46
Y_Contig_1	1528914	50	34	29	25	25	30	37	36	37	41	40	20	33	37	40	55	27	62	39	35	20	41	47
Y_Contig_1	1528915	48	34	29	25	25	29	38	36	37	40	42	20	32	37	40	56	28	62	38	34	20	41	47
Y_Contig_1	1528916	48	34	29	25	26	30	39	36	37	40	42	20	32	37	40	57	28	61	38	34	20	41	47
Y_Contig_1	1528917	47	34	29	24	26	29	38	36	36	39	41	19	30	37	40	56	28	62	38	34	21	41	47
Y_Contig_1	1528918	46	34	29	24	25	29	38	36	36	39	41	19	30	37	40	57	28	62	38	34	21	41	47
Y_Contig_1	1528919	48	34	30	24	25	28	38	35	36	39	41	19	30	37	40	56	28	62	38	35	21	40	48
Y_Contig_1	1528920	48	33	29	24	25	28	39	35	37	40	42	18	30	37	39	55	28	61	39	36	21	41	48
Y_Contig_1	1528921	48	33	29	24	25	28	40	35	37	40	41	18	30	38	39	55	28	62	39	35	20	42	48
Y_Contig_1	1528922	48	33	29	24	25	28	39	36	37	40	40	18	30	39	39	55	28	62	39	35	20	42	48
Y_Contig_1	1528923	47	34	29	25	25	28	39	36	37	39	41	18	30	40	40	55	28	62	41	35	20	42	47
Y_Contig_1	1528924	47	35	30	25	26	28	40	35	37	38	41	18	30	40	42	56	28	61	41	35	20	42	46
Y_Contig_1	1528925	47	34	29	25	26	28	40	36	37	38	41	17	30	39	42	57	27	61	40	35	20	41	46
Y_Contig_1	1528926	46	34	29	26	28	29	39	36	37	37	40	17	30	39	42	57	27	60	40	35	20	41	45
Y_Contig_1	1528927	46	34	30	26	28	29	39	36	34	36	40	17	30	37	42	57	28	60	40	35	19	40	45
Y_Contig_1	1528928	45	34	30	26	28	30	38	36	34	36	40	17	30	36	41	56	29	62	39	36	19	40	44
Y_Contig_1	1528929	45	33	31	26	27	30	38	40	34	35	39	17	30	36	41	55	27	62	38	36	19	40	44
Y_Contig_1	1528930	46	34	30	26	27	31	38	40	34	35	39	16	30	37	41	55	26	62	38	36	19	39	44
Y_Contig_1	1528931	45	35	30	25	27	29	38	38	34	35	38	16	30	38	40	54	27	62	38	36	19	39	43
Y_Contig_1	1528932	45	37	31	25	28	30	38	38	34	36	39	16	30	38	40	55	27	61	38	36	19	40	43
Y_Contig_1	1528933	44	37	31	25	28	30	38	38	34	37	39	15	30	38	40	55	28	61	38	36	19	39	42
Y_Contig_1	1528934	44	36	30	25	28	30	39	37	33	37	39	15	29	37	41	55	28	61	37	36	19	39	42
Y_Contig_1	1528935	44	36	31	25	28	30	39	36	33	37	39	15	28	36	41	55	30	61	37	36	20	38	42
Y_Contig_1	1528936	43	35	30	24	27	28	38	36	32	34	36	15	27	34	42	51	30	59	36	35	20	38	42
Y_Contig_1	1528937	43	35	32	24	27	28	38	37	32	34	36	14	27	34	42	50	30	59	36	35	20	38	42
Y_Contig_1	1528938	43	37	32	24	27	28	38	37	32	34	37	14	27	34	42	50	30	59	37	35	20	38	42
Y_Contig_1	1528939	42	37	32	24	27	27	38	37	33	32	37	0	27	34	42	51	30	58	37	34	20	37	42
Y_Contig_1	1528940	41	37	32	24	26	27	38	36	32	31	37	0	28	34	41	51	29	57	37	35	19	37	42
Y_Contig_1	1528941	40	36	31	24	26	27	38	35	32	31	36	0	28	34	41	51	29	57	36	35	19	37	42
Y_Contig_1	1528942	40	36	31	24	26	28	38	37	33	31	35	0	28	34	39	51	28	56	33	34	19	35	42
Y_Contig_1	1528943	40	36	32	25	26	28	38	37	33	31	35	0	28	35	39	51	28	56	34	36	19	36	43
Y_Contig_1	1528944	38	36	32	26	26	28	37	37	33	31	35	0	27	36	40	51	28	56	34	36	19	35	43
Y_Contig_1	1528945	38	36	32	26	27	28	39	37	33	31	35	0	27	35	40	51	28	55	34	34	19	35	43
Y_Contig_1	1528946	39	36	32	28	27	28	40	37	33	31	35	0	27	35	40	52	26	55	35	34	19	35	43
Y_Contig_1	1528947	39	36	32	28	27	28	40	37	33	31	35	0	27	35	39	51	26	55	35	34	19	37	44
Y_Contig_1	1528948	39	36	32	28	27	27	40	37	33	32	36	0	27	35	39	51	26	53	35	34	19	37	44
Y_Contig_1	1528949	36	35	32	28	27	27	40	36	33	32	36	0	27	35	39	51	26	52	34	34	19	37	43
Y_Contig_1	1528950	35	35	33	28	27	27	40	36	33	32	36	0	27	34	39	51	26	52	33	34	19	38	43
Y_Contig_1	1528951	36	35	34	27	27	28	40	36	34	32	36	0	27	34	38	53	26	52	32	34	19	39	43
Y_Contig_1	1528952	37	35	34	27	27	28	40	36	33	31	35	0	27	34	37	52	25	51	32	34	19	40	43
Y_Contig_1	1528953	37	34	34	27	27	28	40	35	33	31	36	0	27	33	37	51	25	51	32	34	19	40	43
Y_Contig_1	1528954	37	34	34	27	26	28	39	35	33	31	36	0	26	33	37	51	24	50	33	34	19	40	43
Y_Contig_1	1528955	37	34	35	29	26	27	39	36	33	31	35	0	27	34	37	51	24	51	33	33	19	41	43
Y_Contig_1	1528956	37	34	35	29	26	28	39	36	33	31	35	0	27	34	38	52	24	51	33	33	19	41	43
Y_Contig_1	1528957	37	34	34	29	26	29	38	35	31	32	35	0	27	34	38	52	24	51	34	34	18	41	44
Y_Contig_1	1528958	37	34	34	29	26	29	39	35	32	32	36	0	26	34	37	50	25	50	34	34	18	42	44
Y_Contig_1	1528959	37	34	32	30	25	28	39	35	31	32	36	0	26	33	38	51	25	49	34	34	18	43	44
Y_Contig_1	1528960	35	34	32	30	25	28	39	35	31	31	35	0	26	33	38	51	26	49	34	33	18	43	43
Y_Contig_1	1528961	35	32	31	31	26	28	39	35	30	31	34	0	26	33	36	51	26	50	34	33	18	42	40
Y_Contig_1	1528962	35	32	31	31	26	28	39	35	31	31	35	0	27	33	36	51	27	49	34	34	17	42	40
Y_Contig_1	1528963	35	32	32	31	26	28	37	35	30	32	35	0	27	32	35	51	28	49	34	32	17	42	40
Y_Contig_1	1528964	35	32	33	30	23	29	35	36	30	32	35	0	27	32	35	51	29	49	34	32	17	41	40
Y_Contig_1	1528965	35	33	33	30	23	28	34	36	30	31	34	0	27	32	35	51	29	48	34	32	17	41	40
Y_Contig_1	1528966	35	34	33	31	22	29	34	37	31	31	34	0	28	33	35	50	29	49	34	32	17	42	41
Y_Contig_1	1528967	35	34	32	31	22	29	34	36	31	31	34	0	28	33	35	50	29	50	34	32	17	42	41
Y_Contig_1	1528968	35	34	34	31	23	27	33	34	30	31	33	0	26	33	34	52	28	50	33	30	18	42	38
Y_Contig_1	1528969	35	34	34	31	23	28	33	34	30	31	35	0	27	33	34	52	28	49	34	30	18	42	39
Y_Contig_1	1528970	35	34	34	32	23	28	32	34	30	31	35	0	27	32	34	52	29	49	34	30	18	42	39
Y_Contig_1	1528971	35	34	34	31	22	28	32	34	31	31	35	0	26	32	34	52	29	49	34	30	18	42	39
Y_Contig_1	1528972	37	34	35	31	22	28	32	34	31	31	35	0	28	33	34	52	29	49	34	30	18	42	38
Y_Contig_1	1528973	37	35	35	31	22	28	32	34	31	31	35	0	28	33	34	52	29	49	34	31	19	42	38
Y_Contig_1	1528974	37	35	35	31	22	29	32	34	31	31	35	0	28	33	33	53	29	47	34	31	19	42	38
Y_Contig_1	1528975	36	34	35	31	21	29	32	34	31	32	34	0	28	33	32	52	29	47	34	31	19	42	38
Y_Contig_1	1528976	37	34	35	31	21	29	33	34	32	31	33	0	27	33	32	52	29	47	34	30	19	42	38
Y_Contig_1	1528977	37	33	34	31	19	29	34	33	30	30	32	0	27	32	32	53	28	46	34	30	18	41	38
Y_Contig_1	1528978	37	33	35	31	19	30	34	33	30	30	34	0	27	31	32	53	28	46	34	30	18	40	38
Y_Contig_1	1528979	37	33	36	32	19	30	33	34	32	30	34	0	28	31	32	52	28	46	34	30	18	40	38
Y_Contig_1	1528980	37	33	36	32	19	30	33	34	32	30	34	0	28	31	32	51	28	47	32	30	18	41	39
Y_Contig_1	1528981	36	33	36	31	19	30	33	34	33	30	34	0	28	31	32	51	29	46	32	30	18	40	39
Y_Contig_1	1528982	36	33	37	30	19	30	33	34	34	29	34	0	28	31	32	52	30	46	32	30	18	40	38
Y_Contig_1	1528983	36	33	37	29	19	30	34	34	34	29	33	0	28	30	32	52	30	46	32	30	18	39	38
Y_Contig_1	1528984	37	33	37	29	19	29	36	35	35	30	35	0	28	30	33	52	30	46	33	31	19	39	38
Y_Contig_1	1528985	37	33	37	29	19	29	36	35	35	29	35	0	28	30	33	52	30	46	33	31	19	38	38
Y_Contig_1	1528986	37	33	38	29	19	29	36	35	34	29	35	0	27	30	33	52	30	46	32	31	19	38	38
Y_Contig_1	1528987	37	33	39	29	19	29	36	34	34	29	36	0	27	31	33	53	30	47	33	31	19	38	38
Y_Contig_1	1528988	38	33	39	29	19	29	37	35	34	30	35	0	27	30	33	54	31	47	33	31	19	36	39
Y_Contig_1	1528989	37	34	39	29	19	29	37	34	34	31	35	0	27	29	33	54	31	47	34	31	19	36	37
Y_Contig_1	1528990	38	34	38	29	19	29	37	36	33	31	34	0	27	29	33	52	32	47	34	31	18	35	38
Y_Contig_1	1528991	37	34	38	29	19	29	35	36	33	31	34	13	29	29	32	52	34	47	34	31	18	35	36
Y_Contig_1	1528992	37	34	38	28	19	29	35	36	32	31	34	13	30	29	32	52	34	47	33	30	18	36	37
Y_Contig_1	1528993	36	34	38	28	19	29	35	36	32	32	35	13	30	29	32	53	34	46	32	30	19	36	37
Y_Contig_1	1528994	36	34	38	28	20	29	34	36	32	32	36	13	30	29	33	52	34	46	33	30	19	36	37
Y_Contig_1	1528995	35	34	37	28	20	29	34	35	32	32	36	13	30	29	33	51	34	44	33	30	19	36	37
Y_Contig_1	1528996	36	34	38	27	21	30	34	35	32	33	36	13	31	30	34	51	34	44	34	32	20	36	37
Y_Contig_1	1528997	35	35	38	27	21	29	34	35	32	33	36	13	32	30	34	51	33	44	34	32	21	36	36
Y_Contig_1	1528998	35	35	38	27	21	29	34	35	32	32	35	13	32	30	34	51	32	44	34	33	22	36	36
Y_Contig_1	1528999	35	35	38	26	21	30	35	35	33	32	34	13	32	30	32	50	31	44	34	33	22	36	37
Y_Contig_1	1529000	35	35	37	26	20	29	36	35	33	32	33	13	31	29	32	50	31	43	35	32	22	37	37
Y_Contig_1	1529001	35	34	37	26	20	29	35	35	33	33	33	13	30	28	32	50	30	43	35	34	22	36	38
Y_Contig_1	1529002	35	34	37	26	19	30	35	35	34	33	32	13	30	28	33	51	30	44	35	34	22	36	37
Y_Contig_1	1529003	35	34	37	25	19	30	35	35	33	32	32	13	29	29	33	51	30	44	36	34	23	37	35
Y_Contig_1	1529004	34	33	37	25	19	30	34	35	33	33	34	13	29	29	33	50	30	43	36	34	23	37	33
Y_Contig_1	1529005	34	33	36	25	19	28	34	34	33	32	34	14	28	28	33	50	30	40	36	33	22	35	33
Y_Contig_1	1529006	37	34	37	25	19	28	34	34	33	33	34	14	28	28	32	50	30	40	36	33	22	35	33
Y_Contig_1	1529007	37	33	37	25	19	29	34	34	33	32	34	14	28	28	32	50	30	38	36	33	22	35	33
Y_Contig_1	1529008	36	33	38	25	19	29	34	34	32	34	33	14	27	28	31	50	31	38	36	33	22	35	32
Y_Contig_1	1529009	37	33	39	26	19	30	34	34	32	35	33	15	26	28	31	50	31	38	36	33	23	34	33
Y_Contig_1	1529010	37	33	39	25	19	30	35	34	31	36	34	15	26	27	31	51	32	39	36	33	22	34	33
Y_Contig_1	1529011	37	32	38	25	20	30	36	34	31	36	35	15	27	26	31	51	32	39	35	34	22	34	33
Y_Contig_1	1529012	37	32	39	26	20	29	36	34	32	36	35	15	27	25	30	50	32	39	36	34	22	34	34
Y_Contig_1	1529013	37	32	39	26	20	29	35	34	32	34	35	15	27	24	30	51	32	39	36	36	22	34	34
Y_Contig_1	1529014	35	31	40	25	21	28	34	34	32	34	35	15	28	24	30	51	32	39	36	36	22	34	35
Y_Contig_1	1529015	35	31	39	23	21	28	34	34	32	34	36	15	28	23	30	51	31	38	35	37	22	35	35
Y_Contig_1	1529016	34	32	39	23	21	30	34	33	32	34	36	15	27	22	30	50	32	37	35	36	22	34	31
Y_Contig_1	1529017	33	33	40	24	21	31	38	32	33	34	37	16	26	24	31	49	31	37	34	36	23	35	31
Y_Contig_1	1529018	33	31	40	24	21	31	38	32	33	33	37	16	27	24	31	49	31	36	35	38	23	35	31
Y_Contig_1	1529019	33	31	40	24	21	31	38	33	33	33	37	16	27	23	31	49	31	36	35	38	23	35	29
Y_Contig_1	1529020	33	30	40	24	21	31	38	35	33	33	37	16	27	23	31	47	32	37	35	37	22	35	29
Y_Contig_1	1529021	33	29	40	23	21	33	38	36	32	33	37	16	27	24	31	46	32	37	35	37	22	35	29
Y_Contig_1	1529022	33	29	40	23	21	33	38	36	33	33	39	16	27	23	31	47	31	38	34	37	22	35	29
Y_Contig_1	1529023	33	29	41	23	21	34	38	36	33	33	39	16	26	23	30	48	31	38	34	37	21	35	30
Y_Contig_1	1529024	32	28	40	24	19	34	38	36	34	34	38	16	26	23	29	47	32	38	34	37	22	36	30
Y_Contig_1	1529025	32	28	40	24	19	34	38	36	34	35	38	16	26	23	29	47	33	38	34	37	22	36	30
Y_Contig_1	1529026	32	27	40	23	19	34	38	34	34	35	37	17	27	23	29	47	34	38	30	37	22	35	30
Y_Contig_1	1529027	32	27	40	22	19	34	36	35	33	35	37	17	27	23	29	48	34	39	30	37	22	35	30
Y_Contig_1	1529028	33	26	40	22	20	34	36	35	33	35	39	17	27	23	29	48	33	39	30	37	22	34	30
Y_Contig_1	1529029	33	26	40	23	20	34	36	36	33	35	39	17	27	21	27	48	35	39	30	37	22	33	29
Y_Contig_1	1529030	33	26	40	23	20	34	36	36	33	35	39	17	25	22	27	48	34	39	30	37	20	33	29
Y_Contig_1	1529031	35	26	41	23	20	33	36	36	33	35	37	17	25	22	27	48	34	38	30	37	20	32	30
Y_Contig_1	1529032	34	26	41	23	21	34	36	36	33	35	38	18	25	21	26	49	34	37	30	38	20	32	30
Y_Contig_1	1529033	33	26	41	23	21	34	35	37	33	35	38	18	24	21	26	49	34	37	31	38	20	34	30
Y_Contig_1	1529034	33	26	41	23	21	34	36	37	32	34	38	18	24	21	26	49	33	37	32	38	21	34	30
Y_Contig_1	1529035	33	25	41	23	22	34	36	37	32	34	38	18	24	21	25	49	33	37	33	39	21	34	31
Y_Contig_1	1529036	33	26	41	23	22	34	36	38	32	36	38	18	24	21	25	49	33	37	33	39	21	35	31
Y_Contig_1	1529037	32	26	41	24	22	34	36	38	31	36	38	18	24	21	25	49	33	36	33	39	21	35	31
Y_Contig_1	1529038	31	26	41	24	22	34	36	38	31	35	38	18	24	21	25	47	33	37	33	39	21	36	31
Y_Contig_1	1529039	31	26	41	22	21	34	36	38	31	34	38	18	24	21	24	46	33	37	33	38	21	36	30
Y_Contig_1	1529040	31	26	41	22	21	36	36	38	33	34	39	18	24	21	25	46	34	36	34	39	21	36	31
Y_Contig_1	1529041	32	25	42	21	24	35	36	38	33	34	40	18	25	22	25	47	33	37	34	38	22	37	31
Y_Contig_1	1529042	33	25	42	21	26	35	36	38	32	35	40	18	25	22	25	46	33	37	34	36	22	37	31
Y_Contig_1	1529043	33	25	41	21	26	36	36	37	32	35	40	18	26	22	25	46	34	38	34	36	22	36	31
Y_Contig_1	1529044	32	25	42	21	26	36	36	38	31	35	40	18	26	22	25	46	34	37	36	35	22	36	31
Y_Contig_1	1529045	31	25	42	21	26	36	36	39	31	35	40	19	26	22	26	46	35	35	36	35	22	37	31
Y_Contig_1	1529046	31	24	42	21	25	36	36	38	31	35	40	19	26	22	26	46	35	35	36	34	22	38	31
Y_Contig_1	1529047	31	24	42	21	25	36	36	37	31	33	40	20	26	22	26	47	35	34	37	35	22	39	31
Y_Contig_1	1529048	32	23	42	21	25	36	36	37	31	31	39	20	26	22	25	47	35	34	37	34	21	39	32
Y_Contig_1	1529049	32	23	42	21	26	36	36	37	32	32	39	20	27	22	25	48	35	33	36	35	21	39	33
Y_Contig_1	1529050	33	23	43	20	26	36	35	38	32	32	39	20	27	22	25	48	34	33	34	35	21	39	33
Y_Contig_1	1529051	33	23	43	20	26	36	35	40	33	31	39	21	27	22	25	48	33	33	35	36	21	39	33
Y_Contig_1	1529052	33	23	43	20	26	38	35	40	33	31	41	21	27	22	25	48	33	33	35	36	21	39	34
Y_Contig_1	1529053	34	23	42	20	26	38	35	40	32	31	41	19	27	23	25	49	33	34	33	36	22	39	34
Y_Contig_1	1529054	34	23	42	20	27	38	35	40	33	31	42	18	28	23	25	49	33	34	32	34	22	38	33
Y_Contig_1	1529055	34	23	42	20	27	38	35	40	33	32	41	18	28	23	25	49	33	33	32	35	22	38	32
Y_Contig_1	1529056	34	22	41	21	27	37	35	40	34	32	42	18	27	24	27	49	33	33	32	36	23	37	32
Y_Contig_1	1529057	34	22	41	20	27	37	34	40	34	32	42	18	27	24	25	48	33	32	32	36	22	37	32
Y_Contig_1	1529058	35	22	41	20	26	36	35	40	34	31	42	17	27	24	27	46	33	31	32	36	22	36	32
Y_Contig_1	1529059	34	22	41	20	26	36	35	41	34	31	43	17	28	24	27	46	33	32	32	35	23	38	32
Y_Contig_1	1529060	34	22	41	20	26	36	35	41	34	32	43	17	28	24	27	46	33	33	33	35	24	38	32
Y_Contig_1	1529061	34	22	40	20	26	35	35	42	35	33	43	17	28	25	27	46	34	33	33	35	22	38	32
Y_Contig_1	1529062	34	22	39	20	26	35	35	42	34	33	43	17	28	25	27	46	34	33	33	35	22	38	32
Y_Contig_1	1529063	34	22	39	20	26	35	34	42	34	33	43	17	27	25	26	45	34	33	33	35	22	38	32
Y_Contig_1	1529064	34	22	39	19	26	35	34	42	34	33	43	17	27	25	26	45	34	33	33	35	22	38	32
Y_Contig_1	1529065	33	23	39	19	26	35	33	42	35	34	41	17	27	25	26	44	34	33	33	35	23	40	32
Y_Contig_1	1529066	33	23	39	19	25	35	32	42	35	34	42	17	27	25	26	43	34	32	33	35	23	40	31
Y_Contig_1	1529067	33	23	39	19	25	35	32	42	35	35	42	17	28	26	26	44	34	31	34	36	23	41	31
Y_Contig_1	1529068	32	23	39	19	26	35	32	42	35	35	43	17	29	26	26	43	34	32	34	36	23	41	31
Y_Contig_1	1529069	31	23	38	19	26	35	32	42	35	35	43	17	29	26	26	44	35	32	34	36	23	41	31
Y_Contig_1	1529070	31	24	39	19	27	35	31	42	34	34	43	17	28	26	26	44	35	32	34	35	23	41	31
Y_Contig_1	1529071	31	23	39	19	28	35	30	41	35	34	43	17	28	25	26	44	35	31	34	35	23	41	31
Y_Contig_1	1529072	31	23	39	19	28	36	30	41	36	34	43	17	28	24	25	46	35	31	34	34	23	41	30
Y_Contig_1	1529073	31	23	39	18	28	36	30	40	36	35	42	17	28	23	23	47	35	33	32	34	24	41	30
Y_Contig_1	1529074	31	22	38	19	27	36	29	40	37	36	42	17	28	24	23	48	36	33	32	34	24	42	30
Y_Contig_1	1529075	31	22	38	19	27	37	31	38	38	37	42	17	28	24	23	48	36	33	32	34	24	43	31
Y_Contig_1	1529076	32	22	38	18	25	36	31	38	38	37	42	18	28	24	23	48	36	34	32	34	24	43	31
Y_Contig_1	1529077	32	22	37	18	25	36	31	38	38	37	42	17	28	24	24	48	34	34	33	33	24	42	31
Y_Contig_1	1529078	32	22	37	18	25	35	31	38	38	37	43	17	28	24	24	48	33	32	34	33	25	42	32
Y_Contig_1	1529079	32	22	36	18	25	35	32	35	37	37	44	17	29	23	24	48	33	32	34	33	25	43	32
Y_Contig_1	1529080	31	21	36	18	26	34	32	35	37	37	45	17	29	22	24	48	32	32	34	33	26	43	32
Y_Contig_1	1529081	31	20	36	18	26	34	33	35	37	37	46	17	29	21	24	49	32	33	34	33	26	43	32
Y_Contig_1	1529082	31	18	35	18	25	34	33	36	37	36	45	17	29	22	24	48	32	33	34	34	26	42	32
Y_Contig_1	1529083	31	18	35	18	25	34	34	36	37	35	46	18	29	22	24	48	31	33	35	34	25	42	32
Y_Contig_1	1529084	31	18	35	18	25	34	33	37	37	35	46	19	29	22	23	48	30	33	35	34	25	42	32
Y_Contig_1	1529085	31	19	36	18	25	34	33	37	37	35	46	20	29	22	23	48	28	34	35	35	24	42	32
Y_Contig_1	1529086	31	20	36	19	25	34	33	38	37	36	46	21	29	22	22	48	28	35	35	35	24	42	32
Y_Contig_1	1529087	32	20	34	19	25	34	33	38	37	37	46	21	30	22	22	48	29	35	35	35	25	42	32
Y_Contig_1	1529088	33	18	35	19	25	36	33	38	37	37	45	21	30	22	22	48	29	35	34	35	25	43	31
Y_Contig_1	1529089	32	18	35	19	25	36	34	38	35	37	46	21	29	22	22	48	29	35	33	35	25	42	31
Y_Contig_1	1529090	32	18	36	19	26	36	34	38	35	37	46	21	29	23	22	49	30	35	33	34	24	42	31
Y_Contig_1	1529091	32	18	36	19	26	35	34	38	34	37	46	21	29	23	22	48	30	35	33	34	24	42	30
Y_Contig_1	1529092	33	18	36	21	28	35	33	36	35	37	48	23	31	23	22	49	35	34	34	34	25	42	30
Y_Contig_1	1529093	33	18	35	20	27	35	33	37	35	38	48	24	31	23	23	50	35	34	34	32	25	41	29
Y_Contig_1	1529094	33	18	35	19	28	35	31	37	35	38	48	24	31	22	23	50	35	34	34	32	25	41	29
Y_Contig_1	1529095	35	18	35	21	28	35	30	37	35	38	48	24	31	22	23	50	35	36	34	34	25	41	30
Y_Contig_1	1529096	35	18	37	21	28	35	31	37	35	38	48	24	31	22	23	49	35	36	34	35	25	40	29
Y_Contig_1	1529097	35	18	37	21	28	35	31	37	35	38	47	25	31	22	23	49	35	36	34	35	25	39	29
Y_Contig_1	1529098	35	18	38	21	28	36	31	37	35	37	46	25	32	22	23	49	35	36	35	35	26	40	30
Y_Contig_1	1529099	36	18	38	21	28	36	31	38	35	37	46	25	32	22	23	49	36	36	36	36	27	42	30
Y_Contig_1	1529100	36	18	37	21	28	37	31	37	36	38	47	25	34	22	23	49	36	36	36	36	27	41	30
Y_Contig_1	1529101	35	18	36	21	28	36	31	37	35	37	47	24	34	23	23	48	36	38	36	36	28	40	31
Y_Contig_1	1529102	35	19	36	22	28	37	31	37	35	37	47	25	34	23	23	48	37	40	36	36	28	40	34
Y_Contig_1	1529103	36	19	36	22	29	39	31	37	35	37	46	24	34	23	23	48	37	40	36	38	28	40	35
Y_Contig_1	1529104	36	19	36	22	29	39	31	37	35	37	47	24	34	23	22	49	37	41	35	38	28	41	36
Y_Contig_1	1529105	36	18	36	21	29	39	31	37	35	37	47	24	33	22	22	48	38	40	35	38	28	42	37
Y_Contig_1	1529106	37	18	36	21	29	38	31	38	36	37	48	24	35	22	21	48	38	40	35	38	29	42	37
Y_Contig_1	1529107	37	17	36	21	29	37	30	39	38	37	47	24	36	22	21	49	38	39	35	37	29	41	36
Y_Contig_1	1529108	37	18	37	22	28	37	30	39	38	37	47	24	38	22	21	49	38	39	36	37	29	41	36
Y_Contig_1	1529109	37	18	37	21	28	37	30	39	38	37	49	24	38	22	21	48	38	39	37	36	29	41	37
Y_Contig_1	1529110	36	18	37	20	27	38	31	38	37	38	50	24	38	22	21	48	37	38	37	36	29	41	37
Y_Contig_1	1529111	36	18	37	20	27	39	32	38	37	38	50	24	38	23	21	48	37	38	39	37	29	42	37
Y_Contig_1	1529112	36	18	37	20	27	39	33	38	37	38	49	23	37	23	21	48	36	38	39	36	29	42	38
Y_Contig_1	1529113	37	18	35	21	27	38	33	38	37	39	50	23	36	23	21	48	35	39	39	36	29	43	39
Y_Contig_1	1529114	38	17	35	20	27	38	33	38	36	39	51	23	35	22	21	48	36	40	39	36	29	43	40
Y_Contig_1	1529115	38	17	35	20	27	38	33	37	36	39	52	23	35	22	22	48	37	41	39	36	29	43	40
Y_Contig_1	1529116	38	17	35	20	26	40	35	37	36	39	52	22	35	22	22	49	37	40	39	36	29	42	39
Y_Contig_1	1529117	38	17	34	20	25	40	36	37	36	39	52	21	35	24	23	49	37	39	39	36	28	41	39
Y_Contig_1	1529118	38	18	33	20	25	39	36	37	36	39	52	21	36	24	23	48	37	39	39	36	28	41	39
Y_Contig_1	1529119	38	18	33	20	25	38	36	38	36	40	50	21	35	23	23	49	37	39	38	36	28	41	38
Y_Contig_1	1529120	38	18	34	19	26	38	36	38	36	41	50	21	35	23	24	49	36	39	39	36	28	41	38
Y_Contig_1	1529121	38	18	34	19	26	38	36	38	36	41	50	21	35	23	24	49	36	39	39	36	28	41	38
Y_Contig_1	1529122	35	17	33	20	26	38	36	38	37	42	51	22	34	23	24	50	37	40	39	36	27	41	38
Y_Contig_1	1529123	36	17	33	21	26	38	36	38	37	42	51	22	34	23	24	50	37	40	39	35	27	42	38
Y_Contig_1	1529124	36	18	35	22	26	38	36	41	37	43	51	22	36	23	24	49	37	41	41	35	28	42	39
Y_Contig_1	1529125	38	18	35	23	26	38	36	42	37	43	51	22	36	23	24	49	37	41	41	35	28	42	40
Y_Contig_1	1529126	38	18	37	23	26	38	36	42	37	43	51	22	37	23	24	49	37	41	41	35	28	42	41
Y_Contig_1	1529127	39	19	37	23	26	39	35	43	37	43	51	23	37	23	25	48	37	42	42	35	28	42	42
Y_Contig_1	1529128	40	20	36	23	26	38	35	43	38	44	49	23	38	23	25	49	37	42	43	35	28	42	42
Y_Contig_1	1529129	40	20	35	22	26	38	36	42	36	44	49	22	37	23	25	51	37	42	43	35	29	42	43
Y_Contig_1	1529130	40	20	35	21	26	38	36	42	36	45	49	22	37	23	26	51	37	42	43	35	29	41	42
Y_Contig_1	1529131	40	20	34	22	25	38	37	42	34	45	47	22	37	23	27	51	35	41	44	35	29	42	42
Y_Contig_1	1529132	40	20	35	22	25	38	37	41	34	45	47	22	37	23	27	52	35	41	45	35	29	42	42
Y_Contig_1	1529133	40	20	35	22	25	38	35	42	34	44	47	22	37	23	27	51	35	41	44	34	29	42	42
Y_Contig_1	1529134	41	20	35	22	25	38	33	42	33	44	48	23	38	23	27	53	35	41	45	35	28	42	42
Y_Contig_1	1529135	41	20	35	22	25	38	33	42	33	44	48	23	37	23	27	52	36	41	46	35	28	42	42
Y_Contig_1	1529136	41	20	33	22	25	38	33	42	33	45	48	21	37	22	27	51	36	40	46	35	28	42	42
Y_Contig_1	1529137	41	20	33	22	27	38	33	42	33	45	47	21	37	22	27	51	36	40	45	35	28	42	43
Y_Contig_1	1529138	40	20	33	22	28	38	32	42	33	44	47	21	37	22	27	50	36	41	45	35	28	42	43
Y_Contig_1	1529139	40	19	34	23	29	38	32	42	33	43	47	22	37	22	27	50	36	41	44	35	28	42	43
Y_Contig_1	1529140	39	20	34	23	29	38	32	40	33	43	47	22	37	22	27	50	35	43	44	35	28	42	43
Y_Contig_1	1529141	39	20	34	23	29	38	32	40	33	43	47	22	35	22	27	51	33	43	43	35	29	43	43
Y_Contig_1	1529142	39	20	35	23	29	40	32	40	33	43	47	22	34	22	27	50	34	43	43	36	29	42	42
Y_Contig_1	1529143	39	20	34	23	29	40	33	40	33	42	46	22	35	22	28	49	34	42	43	36	28	42	42
Y_Contig_1	1529144	39	20	34	23	28	41	33	40	33	43	45	22	35	22	27	49	34	42	42	37	28	43	42
Y_Contig_1	1529145	40	20	33	23	28	40	33	41	33	42	45	23	35	22	26	49	35	42	42	37	28	43	42
Y_Contig_1	1529146	39	20	33	23	29	39	33	42	33	41	46	23	35	21	27	50	35	42	42	37	27	43	42
Y_Contig_1	1529147	39	20	33	23	30	38	33	42	33	42	47	23	34	21	27	50	36	44	42	37	26	43	43
Y_Contig_1	1529148	39	20	33	23	30	39	33	42	33	42	47	23	34	21	27	50	36	44	42	38	26	43	43
Y_Contig_1	1529149	39	20	33	24	30	39	33	41	31	42	47	24	35	22	27	50	36	45	42	39	27	43	43
Y_Contig_1	1529150	39	20	33	24	30	39	32	41	31	42	48	24	35	22	26	50	36	45	42	39	27	42	43
Y_Contig_1	1529151	40	20	33	24	30	39	32	41	31	41	48	25	36	22	26	51	36	46	42	37	27	42	42
Y_Contig_1	1529152	40	20	34	24	30	38	32	42	30	41	48	25	36	23	25	50	36	46	41	37	27	42	42
Y_Contig_1	1529153	40	20	34	24	30	38	32	43	30	41	48	25	36	22	25	49	36	45	39	38	26	42	42
Y_Contig_1	1529154	40	21	34	24	30	38	32	43	30	40	46	25	36	22	26	51	37	46	39	39	26	42	42
Y_Contig_1	1529155	40	21	34	24	30	38	32	43	30	40	46	25	36	22	26	52	37	47	39	39	26	42	42
Y_Contig_1	1529156	38	21	33	24	30	38	32	43	30	39	46	25	36	22	27	52	37	47	40	39	26	42	42
Y_Contig_1	1529157	38	21	35	24	30	37	32	43	30	38	46	24	36	22	28	52	36	47	40	39	27	42	42
Y_Contig_1	1529158	38	21	34	24	30	37	32	43	30	36	46	25	36	22	29	52	36	47	40	39	27	42	42
Y_Contig_1	1529159	37	21	34	23	30	36	32	43	30	36	47	25	37	22	29	53	36	47	40	39	26	42	42
Y_Contig_1	1529160	38	22	34	24	30	36	32	43	30	35	48	25	37	22	29	53	36	46	40	39	26	42	41
Y_Contig_1	1529161	38	23	34	24	29	37	33	43	30	36	47	25	36	22	30	53	36	46	41	38	26	42	41
Y_Contig_1	1529162	38	23	34	23	29	37	33	43	29	36	47	25	36	22	29	52	36	46	40	36	26	42	40
Y_Contig_1	1529163	38	23	34	23	30	37	33	43	29	36	48	25	36	22	29	52	37	46	40	36	26	42	41
Y_Contig_1	1529164	38	23	33	24	29	37	34	43	29	37	49	25	35	22	29	53	39	47	40	36	26	42	41
Y_Contig_1	1529165	38	22	33	24	29	37	34	43	29	37	49	25	35	21	29	53	39	47	40	35	26	41	41
Y_Contig_1	1529166	39	22	33	24	30	34	33	43	30	38	51	25	35	23	29	54	41	47	40	35	26	41	41
Y_Contig_1	1529167	39	22	32	24	30	34	32	43	29	37	50	25	35	23	29	54	41	47	40	36	25	41	40
Y_Contig_1	1529168	40	22	32	24	31	34	31	42	29	37	50	25	35	23	31	54	41	49	40	34	25	41	41
