Y_scaffold4	464119	42	32	32	29	32	42	35	32	42	45	48	31	27	31	43	42	36	39	56	35	19	62	53
Y_scaffold4	464120	42	31	32	29	32	42	36	32	42	45	48	31	27	31	42	42	36	38	57	35	19	62	53
Y_scaffold4	464121	41	31	31	29	31	43	36	32	42	44	48	31	27	31	42	42	35	38	57	35	19	61	53
Y_scaffold4	464122	41	31	31	29	31	43	38	32	43	44	48	31	27	32	39	42	35	37	57	35	19	62	53
Y_scaffold4	464123	41	31	31	29	31	43	38	32	42	43	44	31	27	32	38	41	35	37	58	34	18	63	53
Y_scaffold4	464124	41	32	31	30	31	43	38	32	42	43	44	32	28	32	38	41	35	37	59	34	18	63	54
Y_scaffold4	464125	41	33	31	30	31	42	38	32	43	43	44	33	28	31	37	40	34	37	58	34	19	64	53
Y_scaffold4	464126	41	33	31	30	31	42	38	30	43	43	44	34	28	31	39	41	33	37	58	34	19	64	53
Y_scaffold4	464127	41	32	30	30	30	40	40	31	43	43	44	34	28	31	38	41	34	37	56	34	19	64	53
Y_scaffold4	464128	38	32	30	30	30	40	40	32	43	44	44	34	27	30	38	40	33	37	56	34	19	63	54
Y_scaffold4	464129	38	31	28	29	28	40	40	32	44	44	45	34	27	30	38	41	33	37	57	34	19	63	55
Y_scaffold4	464130	38	32	28	29	28	41	39	32	42	44	44	33	27	29	38	42	33	36	57	34	19	63	54
Y_scaffold4	464131	41	32	28	30	27	41	39	33	41	43	45	33	28	29	39	42	33	36	57	34	18	63	53
Y_scaffold4	464132	41	32	28	30	27	41	39	34	41	43	48	33	28	29	40	42	33	36	57	35	18	63	54
Y_scaffold4	464133	42	32	28	30	27	42	39	33	41	44	48	33	28	29	40	42	33	38	58	34	18	63	51
Y_scaffold4	464134	40	31	27	30	27	42	40	33	41	43	47	33	29	29	40	42	34	38	58	33	18	63	51
Y_scaffold4	464135	40	31	27	30	27	42	40	34	43	44	46	34	29	29	40	42	35	38	58	35	19	64	51
Y_scaffold4	464136	39	31	26	30	27	38	40	34	43	44	45	34	29	29	40	40	35	38	58	35	19	62	50
Y_scaffold4	464137	37	31	27	30	27	38	40	37	43	45	45	33	30	28	41	39	35	35	57	35	19	63	50
Y_scaffold4	464138	37	31	28	30	26	38	40	38	43	45	46	33	29	28	41	39	35	35	57	35	19	62	50
Y_scaffold4	464139	38	30	28	30	25	37	39	38	43	44	46	33	29	28	41	39	36	36	56	35	19	62	50
Y_scaffold4	464140	38	30	28	30	25	37	39	38	43	45	46	35	29	28	41	38	36	35	55	35	19	61	49
Y_scaffold4	464141	37	30	28	31	25	37	41	37	41	46	45	34	29	28	40	39	36	35	54	35	19	60	48
Y_scaffold4	464142	37	31	28	31	25	36	41	37	39	46	46	35	29	28	40	39	36	35	54	35	19	59	47
Y_scaffold4	464143	36	31	28	31	25	36	42	37	39	46	46	36	29	28	41	38	36	34	54	35	20	59	47
Y_scaffold4	464144	35	31	29	31	26	36	41	37	40	44	46	36	29	28	41	40	36	33	54	35	20	57	47
Y_scaffold4	464145	35	31	29	31	26	36	41	36	39	43	46	36	29	28	41	39	36	34	53	34	20	55	46
Y_scaffold4	464146	36	30	28	32	27	34	40	36	39	43	46	35	29	29	41	39	36	34	53	35	19	55	47
Y_scaffold4	464147	36	30	28	31	27	33	40	36	38	43	46	36	30	29	42	38	35	34	54	35	19	56	47
Y_scaffold4	464148	36	30	28	32	27	33	40	36	39	43	44	36	30	29	42	38	34	34	54	35	19	54	47
Y_scaffold4	464149	36	30	27	32	26	33	40	37	40	42	44	36	29	29	44	40	34	34	55	36	20	54	47
Y_scaffold4	464150	34	30	27	32	26	34	40	37	41	42	44	36	28	29	45	40	33	33	53	36	21	54	47
Y_scaffold4	464151	34	30	28	32	26	34	38	38	40	42	44	37	29	29	45	39	33	33	52	37	21	56	46
Y_scaffold4	464152	34	30	27	32	26	34	37	39	40	42	44	37	29	30	45	39	34	33	52	37	21	54	46
Y_scaffold4	464153	34	30	26	32	26	34	37	38	40	42	44	38	28	30	44	39	34	33	52	37	21	56	46
Y_scaffold4	464154	34	29	26	32	26	34	35	38	40	42	44	38	29	30	44	39	34	34	51	37	21	54	45
Y_scaffold4	464155	34	29	26	32	26	34	35	37	40	42	44	36	31	31	44	39	36	36	49	36	21	52	44
Y_scaffold4	464156	34	29	26	31	26	34	35	35	40	43	44	36	31	31	44	39	36	36	49	36	21	52	44
Y_scaffold4	464157	34	29	26	32	26	33	36	35	39	44	44	36	31	31	44	39	36	37	48	36	22	52	44
Y_scaffold4	464158	35	27	26	32	25	33	36	35	39	43	44	37	30	31	44	39	35	38	48	36	22	52	44
Y_scaffold4	464159	35	26	24	32	25	30	36	35	39	43	44	36	30	31	44	39	37	38	48	36	22	52	43
Y_scaffold4	464160	36	25	24	31	25	30	36	35	39	43	44	36	30	30	44	39	37	38	50	35	22	52	43
Y_scaffold4	464161	36	25	24	31	25	30	36	35	39	42	44	36	30	31	44	39	37	38	50	36	22	51	43
Y_scaffold4	464162	35	25	24	31	25	30	36	36	39	42	44	37	30	31	44	39	37	38	48	36	22	51	42
Y_scaffold4	464163	36	25	24	31	23	31	36	34	39	42	43	37	30	31	45	39	38	38	47	36	22	51	43
Y_scaffold4	464164	36	25	24	31	24	31	38	34	39	42	42	37	30	32	45	39	38	38	47	37	23	50	43
Y_scaffold4	464165	35	25	24	32	24	30	38	33	39	42	43	37	30	31	45	40	37	39	46	37	23	49	43
Y_scaffold4	464166	35	25	24	32	24	30	38	34	39	42	43	37	29	31	45	40	38	39	45	39	23	52	43
Y_scaffold4	464167	35	25	24	32	24	28	37	34	39	42	43	37	29	30	46	40	40	39	44	40	23	52	43
Y_scaffold4	464168	35	25	24	32	24	28	37	34	39	42	43	37	29	28	44	40	39	38	45	40	23	52	43
Y_scaffold4	464169	35	25	25	32	24	27	37	34	39	42	42	36	29	27	44	40	38	37	45	40	23	52	43
Y_scaffold4	464170	36	25	24	31	24	29	38	34	39	43	43	38	29	27	44	40	38	39	45	40	23	53	44
Y_scaffold4	464171	36	25	25	31	24	30	38	33	39	43	42	37	29	27	44	40	39	38	45	39	23	53	44
Y_scaffold4	464172	35	25	25	31	24	30	38	32	38	43	42	36	30	27	44	40	39	39	45	39	23	53	43
Y_scaffold4	464173	35	24	24	31	25	30	38	32	38	43	43	36	31	27	44	38	39	39	45	39	23	53	43
Y_scaffold4	464174	35	24	24	31	23	31	38	32	38	44	43	36	30	26	44	37	39	39	43	39	23	53	41
Y_scaffold4	464175	35	24	24	31	23	31	38	32	38	44	43	36	31	26	44	38	40	40	43	40	23	54	41
Y_scaffold4	464176	35	24	24	30	25	31	37	31	38	44	43	36	31	25	44	38	40	39	43	40	23	54	40
Y_scaffold4	464177	35	24	24	30	25	31	38	31	38	44	42	36	31	26	43	39	40	38	43	38	23	54	42
Y_scaffold4	464178	35	24	24	30	25	31	39	31	38	44	42	36	30	27	43	39	40	37	44	38	23	54	42
Y_scaffold4	464179	34	25	24	29	26	31	39	32	38	44	41	36	30	27	44	39	39	36	44	39	24	53	42
Y_scaffold4	464180	33	25	25	29	27	31	39	31	38	44	42	36	30	26	44	38	39	36	44	39	24	53	42
Y_scaffold4	464181	33	25	25	29	27	30	39	31	39	43	42	36	30	26	44	38	39	37	44	39	24	53	44
Y_scaffold4	464182	33	26	25	29	28	29	38	31	40	42	42	36	31	26	45	39	39	37	44	39	24	53	44
Y_scaffold4	464183	33	25	25	29	27	29	38	31	40	42	42	36	30	26	45	38	39	38	44	40	24	50	43
Y_scaffold4	464184	33	25	25	29	27	29	39	31	40	42	42	36	30	26	45	38	39	38	44	40	24	50	44
Y_scaffold4	464185	33	24	25	30	26	29	39	31	40	42	42	36	30	26	44	38	39	38	44	40	24	50	44
Y_scaffold4	464186	33	24	24	30	28	30	39	31	40	42	43	37	30	27	43	38	40	40	44	41	25	52	44
Y_scaffold4	464187	33	24	24	31	28	30	39	31	40	42	43	37	31	27	43	39	40	40	43	41	25	52	44
Y_scaffold4	464188	33	24	25	31	28	31	39	31	40	42	44	36	31	28	44	39	41	41	44	41	25	53	43
Y_scaffold4	464189	33	24	25	31	28	31	39	31	40	42	44	36	31	28	44	39	41	41	44	40	25	54	43
Y_scaffold4	464190	33	24	25	31	28	31	39	31	39	41	44	36	31	28	44	39	42	41	45	40	26	54	43
Y_scaffold4	464191	34	25	24	31	28	31	37	31	39	41	44	36	32	28	44	39	41	41	45	40	26	52	42
Y_scaffold4	464192	34	25	24	31	28	31	37	32	38	39	44	35	33	29	44	39	42	41	45	40	26	53	43
Y_scaffold4	464193	34	26	23	31	26	31	37	32	38	39	44	35	33	29	43	39	42	41	45	40	26	53	42
Y_scaffold4	464194	34	26	24	31	25	31	38	32	38	39	44	35	34	29	43	39	42	41	45	39	26	53	42
Y_scaffold4	464195	35	25	24	31	25	31	38	32	39	39	45	36	34	28	42	39	41	41	45	39	27	52	43
Y_scaffold4	464196	35	24	23	30	25	29	38	31	39	39	45	36	35	27	43	39	40	40	45	39	27	52	43
Y_scaffold4	464197	35	24	23	29	26	29	38	31	38	39	45	36	35	26	43	40	40	40	45	38	27	51	43
Y_scaffold4	464198	35	23	23	28	26	29	37	31	37	39	44	35	34	26	42	41	41	38	44	37	27	52	42
Y_scaffold4	464199	35	23	23	28	26	29	35	31	36	39	44	35	34	26	42	41	42	38	44	37	27	52	42
Y_scaffold4	464200	35	23	23	28	26	29	35	31	37	39	44	36	34	26	42	41	43	38	44	37	27	52	41
Y_scaffold4	464201	35	23	23	28	26	28	34	31	37	40	45	37	34	26	43	39	44	38	44	37	28	51	39
Y_scaffold4	464202	35	23	23	27	26	28	34	31	37	39	43	37	34	25	43	39	45	37	44	37	28	51	38
Y_scaffold4	464203	36	22	23	27	26	28	34	32	38	39	43	38	34	25	42	39	44	37	44	37	28	49	37
Y_scaffold4	464204	36	22	23	27	25	28	34	31	38	38	43	38	34	25	42	38	43	37	44	37	28	49	38
Y_scaffold4	464205	36	23	23	27	25	28	34	31	38	38	43	38	34	26	42	39	43	37	44	37	28	50	39
Y_scaffold4	464206	35	21	22	26	27	28	34	31	38	37	43	37	34	25	43	38	44	37	43	38	28	49	40
Y_scaffold4	464207	35	22	22	27	26	28	34	31	38	37	44	37	34	25	42	38	45	37	43	38	28	50	38
Y_scaffold4	464208	35	23	22	27	27	30	34	31	38	37	44	37	34	25	43	38	45	37	43	38	28	50	39
Y_scaffold4	464209	35	23	22	27	27	30	32	30	37	38	44	37	34	24	42	38	44	36	43	37	28	50	38
Y_scaffold4	464210	35	23	22	27	27	30	33	30	37	38	44	37	34	25	42	38	44	36	43	36	28	51	38
Y_scaffold4	464211	36	22	23	27	27	30	33	30	37	38	45	35	35	26	40	37	43	37	43	36	28	52	37
Y_scaffold4	464212	36	22	23	27	27	30	32	31	37	38	44	34	35	26	41	37	44	37	42	36	28	52	37
Y_scaffold4	464213	35	22	24	27	27	30	31	30	36	38	43	34	34	27	38	37	44	37	43	34	28	53	37
Y_scaffold4	464214	34	22	25	27	27	30	31	31	36	38	43	34	34	28	39	37	44	37	43	34	29	53	37
Y_scaffold4	464215	34	22	25	27	27	30	31	31	36	38	42	34	34	28	39	37	44	37	41	34	29	54	37
Y_scaffold4	464216	34	22	25	26	27	29	31	31	36	38	41	34	34	29	38	38	43	37	41	34	29	52	37
Y_scaffold4	464217	34	22	25	26	28	29	32	31	36	40	41	35	34	29	37	38	43	38	41	35	29	51	36
Y_scaffold4	464218	34	23	24	26	28	29	32	31	36	41	42	37	34	29	38	38	43	38	40	34	30	50	37
Y_scaffold4	464219	34	23	25	26	28	29	32	32	35	41	42	37	33	29	38	38	43	38	39	34	31	49	37
Y_scaffold4	464220	35	22	24	26	28	29	32	31	35	41	41	36	33	28	38	37	43	38	40	34	31	49	37
Y_scaffold4	464221	37	22	24	26	30	29	33	31	35	41	41	36	33	29	38	38	43	39	40	33	31	49	38
Y_scaffold4	464222	37	24	24	26	30	29	33	31	35	41	41	37	33	30	38	37	44	39	40	33	31	50	39
Y_scaffold4	464223	37	24	23	26	30	29	33	31	34	41	43	36	32	30	38	38	44	39	41	33	31	50	38
Y_scaffold4	464224	37	24	23	26	30	29	33	31	34	41	44	36	31	29	38	37	44	39	40	33	30	50	38
Y_scaffold4	464225	37	24	23	26	30	29	33	31	33	41	44	36	31	29	38	37	44	39	40	33	30	50	38
Y_scaffold4	464226	37	24	23	26	30	29	33	31	33	40	44	36	31	29	38	37	43	40	41	33	30	49	38
Y_scaffold4	464227	37	27	23	25	30	29	33	31	33	39	44	36	31	29	39	37	43	40	41	33	30	48	39
Y_scaffold4	464228	37	27	23	25	30	29	33	32	34	40	44	36	31	29	42	38	44	40	41	33	31	49	39
Y_scaffold4	464229	37	27	22	25	30	29	33	32	34	40	43	36	29	29	42	37	44	40	40	33	33	49	39
Y_scaffold4	464230	37	27	22	25	29	29	32	32	34	40	43	36	29	29	42	36	43	40	40	33	32	49	39
Y_scaffold4	464231	38	26	22	25	28	30	32	32	33	41	43	36	30	29	42	36	43	40	39	33	32	49	38
Y_scaffold4	464232	39	26	23	25	28	30	32	32	32	41	42	37	29	29	42	36	43	40	40	32	32	49	39
Y_scaffold4	464233	38	26	23	24	28	30	32	31	32	41	41	37	30	29	40	36	44	40	40	32	32	47	38
Y_scaffold4	464234	38	26	23	24	28	30	32	32	32	41	42	37	30	30	40	35	44	40	41	32	32	47	38
Y_scaffold4	464235	38	26	23	24	28	29	32	33	32	41	41	37	31	31	42	36	44	40	41	31	32	46	37
Y_scaffold4	464236	38	26	23	25	28	30	32	33	32	41	41	37	31	33	42	36	45	40	41	32	31	45	37
Y_scaffold4	464237	38	26	23	25	28	30	30	33	31	39	39	37	31	34	40	36	45	38	42	32	32	46	38
Y_scaffold4	464238	39	27	23	26	28	30	30	33	31	39	39	37	31	34	40	36	44	37	43	33	32	47	40
Y_scaffold4	464239	39	27	24	26	28	31	31	32	31	39	39	38	31	34	41	35	44	37	44	33	32	47	40
Y_scaffold4	464240	39	27	24	26	28	32	32	32	31	39	39	38	32	34	42	36	44	37	43	33	32	48	40
Y_scaffold4	464241	38	27	24	25	28	32	32	31	31	39	39	37	32	34	43	35	43	37	43	32	31	48	40
Y_scaffold4	464242	37	27	24	25	28	35	32	31	31	38	39	37	31	34	42	36	43	37	44	31	32	48	39
Y_scaffold4	464243	37	27	24	25	28	35	32	31	31	38	39	37	31	34	42	36	43	37	44	30	32	48	39
Y_scaffold4	464244	37	27	25	26	30	36	33	31	32	38	40	35	31	34	42	34	43	37	44	30	32	47	40
Y_scaffold4	464245	37	27	25	26	30	36	32	32	32	38	40	35	31	34	44	34	43	38	44	30	33	47	42
Y_scaffold4	464246	37	28	25	27	30	37	32	31	32	38	40	35	31	34	44	34	44	39	44	31	33	49	43
Y_scaffold4	464247	37	28	25	26	30	36	32	31	31	38	40	35	31	34	44	34	44	39	44	31	33	49	43
Y_scaffold4	464248	36	27	25	26	30	36	32	33	29	37	40	35	31	35	44	34	44	39	43	31	33	49	43
Y_scaffold4	464249	36	27	25	27	30	36	31	33	29	35	41	36	31	35	43	34	44	38	44	31	32	49	43
Y_scaffold4	464250	38	27	25	28	30	35	31	33	29	35	41	36	31	35	43	35	44	38	46	31	31	49	43
Y_scaffold4	464251	37	27	25	28	28	35	31	32	28	34	42	36	31	34	43	35	44	38	45	31	31	49	44
Y_scaffold4	464252	38	27	25	29	28	35	30	32	28	34	43	36	31	32	43	35	42	38	45	31	31	49	44
Y_scaffold4	464253	37	27	25	29	28	34	30	33	28	35	43	36	31	33	43	35	42	37	44	31	32	49	44
Y_scaffold4	464254	37	27	25	26	30	34	31	33	28	34	42	36	31	32	43	36	40	36	44	31	32	49	43
Y_scaffold4	464255	37	27	25	26	30	34	32	34	28	33	42	36	31	31	42	36	40	36	44	31	32	49	43
Y_scaffold4	464256	36	27	24	28	30	34	32	35	28	33	42	36	31	31	42	37	40	36	45	31	32	48	43
Y_scaffold4	464257	36	27	24	28	30	34	32	35	29	33	42	36	30	31	43	38	40	37	45	31	32	46	43
Y_scaffold4	464258	36	27	23	28	30	33	32	36	29	33	42	36	30	31	42	38	39	37	44	30	32	46	42
Y_scaffold4	464259	36	29	22	28	30	33	32	37	28	33	42	35	30	31	42	39	39	37	43	29	32	47	42
Y_scaffold4	464260	38	30	22	27	31	34	31	36	28	33	42	35	31	32	42	39	39	39	44	29	32	47	42
Y_scaffold4	464261	38	31	22	26	31	34	31	37	29	33	42	35	32	32	41	38	38	39	44	30	32	47	42
Y_scaffold4	464262	38	31	22	26	31	34	31	38	30	32	41	36	32	32	41	37	38	39	43	31	32	47	42
Y_scaffold4	464263	38	31	22	26	31	34	31	39	30	32	40	37	32	32	40	38	38	39	43	31	30	48	42
Y_scaffold4	464264	37	31	22	26	30	34	32	40	30	32	39	37	32	32	41	37	38	39	43	30	30	48	42
Y_scaffold4	464265	36	30	22	26	30	33	32	40	28	31	38	37	32	32	40	37	38	38	42	30	29	49	41
Y_scaffold4	464266	35	29	22	26	30	33	31	40	28	31	38	37	32	31	40	37	38	39	42	30	29	49	41
Y_scaffold4	464267	35	29	22	26	30	32	31	40	28	31	38	37	32	32	39	38	38	39	42	30	29	49	41
Y_scaffold4	464268	35	29	22	26	30	32	30	39	28	31	37	37	32	32	39	38	37	40	42	30	28	49	40
Y_scaffold4	464269	35	28	22	27	30	31	28	40	32	30	38	37	32	31	39	39	36	41	44	31	27	49	41
Y_scaffold4	464270	35	28	22	27	30	31	27	40	32	30	38	37	33	31	39	39	36	41	43	31	27	49	41
Y_scaffold4	464271	36	28	22	25	30	31	27	40	31	30	39	37	33	31	40	39	36	42	43	32	27	49	41
Y_scaffold4	464272	36	28	22	25	30	31	27	40	31	30	40	38	33	31	40	39	35	42	43	32	27	48	41
Y_scaffold4	464273	37	28	22	25	30	31	27	39	31	30	40	38	33	31	40	39	35	42	43	33	28	48	41
Y_scaffold4	464274	37	29	22	24	30	31	26	39	31	30	40	37	32	31	40	39	35	42	43	33	28	47	41
Y_scaffold4	464275	37	28	23	24	31	31	26	39	31	29	40	36	32	31	40	39	35	42	43	33	28	46	42
Y_scaffold4	464276	37	27	24	25	31	31	26	39	31	30	40	35	32	31	39	38	34	42	43	34	29	49	42
Y_scaffold4	464277	38	27	24	25	32	31	25	38	32	30	40	36	32	31	39	38	34	43	43	34	29	49	42
Y_scaffold4	464278	38	27	25	25	32	31	25	37	32	29	40	36	32	31	39	38	34	43	43	34	29	49	40
Y_scaffold4	464279	40	27	25	25	32	30	25	37	31	29	39	36	33	31	39	37	34	43	44	35	29	51	39
Y_scaffold4	464280	39	27	25	27	32	30	24	36	32	31	38	36	33	33	39	36	34	42	45	35	29	50	39
Y_scaffold4	464281	38	27	25	26	32	31	24	36	32	31	38	37	33	33	39	36	35	42	45	35	29	51	39
Y_scaffold4	464282	38	28	25	26	32	31	24	36	33	31	35	37	33	34	38	36	35	42	47	34	30	51	37
Y_scaffold4	464283	37	28	25	25	32	30	24	36	33	31	35	37	33	34	38	37	35	40	47	34	30	51	38
Y_scaffold4	464284	37	28	25	25	32	30	23	36	33	30	36	37	32	34	38	37	34	40	48	34	30	51	38
Y_scaffold4	464285	36	29	25	25	31	30	23	35	33	29	36	36	33	34	38	36	33	41	48	32	29	50	38
Y_scaffold4	464286	36	29	25	25	31	30	22	35	33	29	36	37	33	34	38	36	33	41	48	32	30	50	38
Y_scaffold4	464287	36	30	23	25	31	30	23	32	33	27	35	37	32	34	37	36	32	41	48	33	30	49	39
Y_scaffold4	464288	36	30	24	25	31	31	26	31	33	27	36	37	32	35	37	37	32	41	48	35	30	50	39
Y_scaffold4	464289	38	30	25	25	31	30	26	30	33	28	36	37	33	35	37	37	31	40	48	36	30	50	39
Y_scaffold4	464290	39	30	25	25	31	30	24	30	32	27	36	35	33	35	37	37	31	40	48	36	31	52	39
Y_scaffold4	464291	40	29	25	24	31	30	24	30	32	26	36	35	33	35	37	36	32	40	47	36	31	52	40
Y_scaffold4	464292	40	29	25	24	31	30	23	30	32	27	35	34	33	36	37	36	33	40	47	36	31	52	40
Y_scaffold4	464293	40	29	25	24	30	29	23	30	32	27	35	33	33	36	37	35	34	40	47	36	30	52	38
Y_scaffold4	464294	39	29	23	24	30	28	23	30	31	27	35	33	34	36	37	34	35	39	47	37	30	52	39
Y_scaffold4	464295	39	29	23	22	29	28	23	31	31	28	35	34	34	35	37	34	35	39	47	37	30	52	39
Y_scaffold4	464296	39	29	23	22	29	29	23	31	30	28	35	34	32	35	37	34	35	39	47	37	30	51	39
Y_scaffold4	464297	40	29	23	22	30	29	23	31	31	28	35	33	33	35	36	35	35	39	46	37	30	50	38
Y_scaffold4	464298	39	30	23	21	30	30	24	32	31	29	33	33	34	35	36	34	36	40	46	37	30	52	38
Y_scaffold4	464299	39	30	23	21	30	30	24	32	30	30	33	33	33	35	35	33	36	40	44	36	30	51	38
Y_scaffold4	464300	39	30	24	21	30	29	24	32	29	30	33	33	33	36	34	35	36	41	44	36	29	52	39
Y_scaffold4	464301	39	29	24	21	30	29	24	31	30	31	33	32	32	35	35	36	35	42	44	35	29	50	40
Y_scaffold4	464302	39	30	24	21	30	29	25	30	30	31	34	31	33	36	35	37	35	41	44	35	28	49	41
Y_scaffold4	464303	39	30	24	21	30	29	26	30	30	32	34	31	33	36	37	38	37	41	44	35	28	49	41
Y_scaffold4	464304	39	31	24	22	30	29	26	30	30	33	33	31	30	36	37	38	38	39	44	35	28	49	42
Y_scaffold4	464305	39	31	24	22	30	29	25	31	30	31	34	31	31	36	38	38	35	38	44	34	28	49	42
Y_scaffold4	464306	39	31	25	23	30	29	25	31	30	31	36	31	31	36	38	38	35	38	44	35	28	49	42
Y_scaffold4	464307	39	31	25	22	30	29	25	31	31	31	36	32	31	36	38	38	35	38	44	35	28	49	42
Y_scaffold4	464308	38	31	25	22	30	29	25	31	30	31	37	31	32	36	38	38	35	38	46	35	28	49	42
Y_scaffold4	464309	39	30	25	23	30	30	25	31	30	32	37	31	32	36	38	38	34	39	45	35	27	49	42
Y_scaffold4	464310	38	30	25	23	31	29	25	31	30	31	37	31	32	36	38	38	34	38	43	35	28	49	42
Y_scaffold4	464311	37	30	25	24	32	29	25	29	30	31	38	31	32	36	38	39	34	39	44	34	28	49	42
Y_scaffold4	464312	37	31	25	24	32	29	25	29	30	31	38	30	33	37	39	39	34	39	44	34	28	50	42
Y_scaffold4	464313	37	32	25	24	32	28	25	29	30	31	40	31	33	37	39	40	33	40	43	34	28	51	41
Y_scaffold4	464314	38	32	25	23	31	28	23	29	31	30	40	32	34	37	39	40	32	39	42	31	27	49	42
Y_scaffold4	464315	39	32	25	24	31	27	24	29	31	30	40	32	34	38	39	39	32	38	42	31	27	49	42
Y_scaffold4	464316	39	32	24	24	32	27	24	29	31	30	40	32	35	38	41	39	32	39	42	32	27	48	42
Y_scaffold4	464317	39	32	24	24	32	27	23	30	31	30	40	33	35	38	40	39	31	39	41	31	27	48	43
Y_scaffold4	464318	40	32	24	23	32	27	22	30	32	31	41	34	37	39	40	40	32	39	40	31	27	50	44
Y_scaffold4	464319	40	32	23	23	31	27	23	30	32	30	41	33	38	39	40	40	32	38	40	31	28	50	44
Y_scaffold4	464320	40	32	23	23	31	24	23	30	32	29	40	31	38	39	40	40	33	38	40	31	28	49	43
Y_scaffold4	464321	41	32	22	23	31	25	23	30	32	29	40	31	38	39	39	40	32	38	40	32	28	51	43
Y_scaffold4	464322	41	32	22	23	31	25	23	30	32	29	40	31	37	39	38	40	32	37	40	32	28	51	44
Y_scaffold4	464323	42	32	21	25	30	26	24	30	32	29	39	31	37	40	41	40	33	38	41	32	28	52	45
Y_scaffold4	464324	44	32	22	25	30	25	24	31	32	28	39	31	37	40	41	41	33	38	41	32	28	52	45
Y_scaffold4	464325	44	32	22	27	30	25	25	31	32	28	39	31	36	40	41	41	33	37	41	31	28	52	45
Y_scaffold4	464326	45	32	23	27	28	25	25	31	33	28	40	32	36	40	41	41	33	38	42	31	28	52	45
Y_scaffold4	464327	45	33	23	28	28	25	25	31	33	29	40	33	36	39	41	42	33	38	43	31	28	53	42
Y_scaffold4	464328	45	33	23	29	28	25	24	30	33	29	39	33	38	38	41	42	33	38	42	30	28	53	43
Y_scaffold4	464329	46	33	22	30	28	25	24	30	32	29	38	33	39	38	41	44	33	38	42	30	28	54	43
Y_scaffold4	464330	46	33	20	30	27	25	24	31	33	29	37	33	39	38	41	44	33	38	42	30	28	54	43
Y_scaffold4	464331	46	33	20	30	27	25	24	31	32	29	37	33	39	38	41	44	33	37	42	30	28	54	41
Y_scaffold4	464332	47	33	20	30	26	25	24	31	31	29	37	32	38	38	40	43	33	37	42	31	28	55	41
Y_scaffold4	464333	47	33	19	30	26	25	23	31	31	29	37	32	39	38	40	43	32	36	41	30	29	54	41
Y_scaffold4	464334	47	33	20	30	26	24	23	31	31	29	38	33	40	38	40	42	32	36	42	30	30	55	41
Y_scaffold4	464335	47	33	20	28	25	24	22	31	31	29	37	33	40	38	40	43	32	34	41	31	29	55	41
Y_scaffold4	464336	47	33	20	29	25	25	22	31	32	30	38	33	40	37	41	43	32	33	42	30	30	55	41
Y_scaffold4	464337	47	33	20	28	25	26	22	31	32	30	37	33	39	37	41	42	31	33	42	30	30	55	41
Y_scaffold4	464338	47	33	19	28	26	26	22	31	33	30	38	33	39	36	41	43	32	33	43	30	30	54	41
Y_scaffold4	464339	47	33	20	28	26	26	22	32	33	30	38	33	39	36	42	43	32	34	43	31	31	54	41
Y_scaffold4	464340	47	33	21	29	27	27	22	32	33	30	38	33	39	36	43	42	32	34	42	31	30	56	41
Y_scaffold4	464341	46	32	22	29	27	27	22	32	33	30	38	34	38	37	43	42	32	34	41	31	30	56	41
Y_scaffold4	464342	46	32	22	29	28	27	22	31	33	31	38	34	37	36	44	42	31	34	41	30	30	55	40
Y_scaffold4	464343	46	31	21	29	28	28	22	31	33	33	37	33	36	36	45	42	31	35	42	31	30	55	41
Y_scaffold4	464344	47	31	21	29	28	28	22	32	33	33	41	34	36	37	45	42	31	37	43	32	30	55	44
Y_scaffold4	464345	46	31	23	29	28	28	22	32	33	35	41	34	37	37	45	42	31	38	43	32	29	55	45
Y_scaffold4	464346	46	31	23	29	28	28	24	32	33	35	41	34	36	37	44	41	31	38	43	32	28	54	45
Y_scaffold4	464347	48	31	23	30	27	28	24	32	34	35	42	33	36	37	44	40	31	38	43	32	28	55	45
Y_scaffold4	464348	46	31	23	30	27	28	25	32	35	35	42	33	38	37	44	40	30	37	44	32	28	55	45
Y_scaffold4	464349	46	31	24	30	27	28	25	32	37	35	42	33	38	37	43	40	31	37	44	33	28	55	45
Y_scaffold4	464350	46	31	24	30	27	28	25	32	37	35	43	33	38	37	42	40	30	37	46	33	27	55	45
Y_scaffold4	464351	46	31	24	30	27	28	25	32	37	34	44	36	39	37	41	40	28	37	46	33	26	55	47
Y_scaffold4	464352	46	32	25	30	27	28	25	33	37	35	44	35	39	37	41	41	28	37	46	32	26	55	47
Y_scaffold4	464353	45	32	24	32	27	28	25	32	36	36	44	36	40	37	41	41	28	39	46	34	26	55	47
Y_scaffold4	464354	45	32	25	33	27	28	26	32	36	36	44	36	40	36	41	40	30	39	46	34	26	54	47
Y_scaffold4	464355	44	31	26	33	27	28	27	35	36	36	44	36	41	36	41	41	30	39	48	34	26	54	48
Y_scaffold4	464356	44	31	26	33	25	29	28	35	36	36	44	36	41	36	40	41	30	39	48	33	26	54	47
Y_scaffold4	464357	44	32	26	33	24	30	29	35	36	36	45	36	41	38	40	41	30	39	48	33	26	53	47
Y_scaffold4	464358	44	31	26	33	25	28	29	35	36	36	45	36	43	39	39	41	30	39	48	33	26	53	46
Y_scaffold4	464359	44	31	27	33	25	28	29	35	37	35	45	37	43	39	39	42	30	39	48	33	26	56	47
Y_scaffold4	464360	43	31	26	33	25	28	28	35	38	37	45	37	43	38	40	42	30	38	48	34	26	55	48
Y_scaffold4	464361	42	31	25	33	25	28	28	34	37	38	44	37	42	37	40	42	30	38	48	34	26	53	48
Y_scaffold4	464362	43	31	24	34	25	28	28	34	37	38	44	37	42	39	40	44	29	39	47	35	26	53	50
Y_scaffold4	464363	43	31	25	34	26	28	28	34	37	38	45	39	42	40	42	43	30	39	48	35	25	53	50
Y_scaffold4	464364	44	31	25	34	26	28	28	35	37	38	46	39	43	39	42	43	30	39	49	35	25	54	50
Y_scaffold4	464365	44	31	26	35	26	27	28	35	38	38	47	39	44	38	43	43	31	40	49	35	25	53	51
Y_scaffold4	464366	44	31	26	35	26	27	28	35	38	38	46	41	44	38	44	42	31	41	49	35	25	53	51
Y_scaffold4	464367	44	32	26	35	25	27	28	35	38	35	46	40	44	38	44	42	31	40	50	34	25	53	51
Y_scaffold4	464368	44	31	25	35	26	27	28	34	38	35	46	39	43	37	43	42	31	42	49	33	23	53	51
Y_scaffold4	464369	44	31	24	35	25	27	28	35	38	35	45	40	43	37	43	41	31	42	49	33	25	54	51
Y_scaffold4	464370	41	31	26	36	24	27	27	36	38	35	46	41	43	37	43	41	31	41	51	33	25	56	52
Y_scaffold4	464371	41	31	26	36	24	27	28	37	39	35	46	41	42	37	43	42	30	41	51	33	25	56	55
Y_scaffold4	464372	41	29	28	35	24	27	30	37	39	35	46	40	43	36	45	43	30	41	51	34	25	54	54
Y_scaffold4	464373	41	29	28	35	24	27	30	37	39	35	45	39	43	36	45	42	30	41	50	34	25	54	54
Y_scaffold4	464374	41	27	28	35	24	27	30	37	39	35	44	40	43	36	45	43	31	41	51	34	27	54	54
Y_scaffold4	464375	41	26	28	35	24	28	30	37	39	36	44	41	44	37	45	43	30	43	51	34	27	54	54
Y_scaffold4	464376	41	26	28	35	24	28	30	37	39	36	44	41	44	37	44	43	30	42	51	35	27	55	53
Y_scaffold4	464377	41	26	28	35	24	27	30	36	39	35	46	42	44	37	41	43	30	42	51	35	26	55	53
Y_scaffold4	464378	41	26	28	35	24	27	30	36	39	35	46	43	45	37	42	44	29	42	51	36	25	54	53
Y_scaffold4	464379	41	26	28	35	25	27	30	36	40	34	46	43	45	38	42	44	29	42	51	35	24	54	53
Y_scaffold4	464380	40	28	29	35	27	27	31	36	41	33	46	43	44	39	41	44	29	43	51	35	24	55	53
Y_scaffold4	464381	40	28	29	35	27	26	32	36	41	34	46	43	44	39	41	44	29	43	52	35	24	55	54
Y_scaffold4	464382	39	29	28	35	27	26	32	37	40	36	47	42	44	40	41	44	29	43	51	35	24	55	54
Y_scaffold4	464383	40	29	28	36	26	26	35	37	40	36	46	42	43	41	41	45	28	45	51	35	24	55	54
Y_scaffold4	464384	40	29	28	37	26	26	35	35	40	36	45	42	43	40	41	45	28	45	50	35	24	55	54
Y_scaffold4	464385	40	29	28	37	26	27	36	35	41	38	45	42	42	39	41	45	28	46	50	35	24	56	56
Y_scaffold4	464386	40	30	28	36	27	28	37	37	41	39	45	42	43	37	41	45	28	47	50	34	25	56	57
Y_scaffold4	464387	40	31	28	36	27	27	37	37	41	40	45	42	43	36	41	45	28	47	49	35	24	55	56
Y_scaffold4	464388	39	32	28	36	27	27	38	37	41	40	46	42	42	36	41	45	28	47	48	35	24	54	54
Y_scaffold4	464389	39	32	28	36	28	26	37	37	41	40	46	41	42	36	40	45	28	47	48	35	24	54	54
Y_scaffold4	464390	39	32	28	36	28	26	37	38	42	40	46	42	41	36	39	44	28	47	48	35	24	53	54
Y_scaffold4	464391	39	32	29	36	29	23	37	38	42	40	46	43	41	35	38	43	28	48	48	37	23	54	53
Y_scaffold4	464392	40	33	29	36	30	23	37	38	42	40	46	43	41	35	39	43	29	49	47	38	24	54	54
Y_scaffold4	464393	40	33	29	36	31	22	37	38	41	40	47	43	41	36	39	43	29	49	48	38	24	56	54
Y_scaffold4	464394	40	33	29	35	29	22	36	38	41	40	46	44	41	35	39	42	29	49	48	38	24	56	52
Y_scaffold4	464395	40	33	29	35	29	21	36	37	41	40	46	44	41	35	37	42	29	47	48	37	23	56	49
Y_scaffold4	464396	40	33	29	35	30	21	37	37	41	40	47	44	42	35	37	42	29	47	48	37	25	55	49
Y_scaffold4	464397	40	33	29	35	30	21	36	35	42	40	47	44	42	34	37	42	29	47	50	38	26	55	49
Y_scaffold4	464398	40	33	31	35	30	21	36	36	41	40	48	43	42	34	37	42	29	47	49	38	26	55	49
Y_scaffold4	464399	39	33	31	35	31	21	36	36	42	40	48	42	42	34	36	41	29	47	50	38	26	55	49
Y_scaffold4	464400	38	33	31	35	31	22	36	36	42	39	48	42	42	34	36	40	29	47	49	38	26	55	48
Y_scaffold4	464401	38	32	31	35	31	22	36	37	42	40	47	42	42	34	36	40	29	47	49	38	26	55	47
Y_scaffold4	464402	37	32	31	34	31	22	36	37	42	39	46	41	43	34	36	39	29	47	49	38	25	54	47
Y_scaffold4	464403	37	32	31	34	30	22	36	36	42	39	46	41	43	33	37	39	29	47	49	38	24	54	47
Y_scaffold4	464404	39	33	32	35	29	22	36	36	42	40	49	42	43	33	37	38	29	47	50	39	24	54	47
Y_scaffold4	464405	40	34	32	35	29	22	35	35	42	40	50	42	43	34	37	37	29	47	49	39	24	55	47
Y_scaffold4	464406	40	35	32	34	29	22	34	34	43	40	50	41	44	34	37	37	30	47	49	39	24	55	47
Y_scaffold4	464407	40	35	32	34	29	22	34	34	42	40	49	41	44	34	36	36	32	46	50	39	24	55	49
Y_scaffold4	464408	39	33	32	34	29	21	34	32	41	40	49	41	43	34	36	36	32	45	49	38	24	54	49
Y_scaffold4	464409	37	33	32	34	29	21	34	32	41	40	49	41	43	34	36	37	32	44	49	38	24	54	49
Y_scaffold4	464410	37	33	32	34	29	21	34	33	40	41	50	41	43	34	36	37	34	43	49	38	24	54	49
Y_scaffold4	464411	37	32	32	34	29	21	34	33	38	41	50	42	42	33	36	38	34	43	49	37	24	54	50
Y_scaffold4	464412	37	32	32	34	29	21	34	32	39	41	50	41	42	33	36	40	34	44	50	35	24	54	50
Y_scaffold4	464413	37	32	32	34	29	21	33	30	39	41	50	40	43	33	35	39	34	44	49	35	24	52	50
Y_scaffold4	464414	37	32	33	34	29	23	33	30	39	42	50	40	43	33	35	39	35	44	49	35	24	51	50
Y_scaffold4	464415	37	32	33	34	29	23	33	29	38	42	50	40	43	33	36	39	35	43	49	35	24	51	50
Y_scaffold4	464416	37	32	33	34	29	23	33	29	38	42	50	40	44	33	36	39	35	44	49	35	24	52	51
Y_scaffold4	464417	37	33	34	34	30	23	35	30	37	42	51	41	44	32	36	38	35	43	48	35	24	52	51
Y_scaffold4	464418	37	33	34	33	30	23	34	30	36	42	50	41	44	32	36	37	35	42	49	35	24	52	51
Y_scaffold4	464419	37	33	34	35	30	23	34	30	35	43	50	41	45	32	36	37	36	43	48	36	24	51	50
Y_scaffold4	464420	37	33	34	35	30	23	34	30	36	43	49	42	44	32	36	37	36	43	48	36	24	51	50
Y_scaffold4	464421	36	33	34	35	31	23	34	31	36	44	49	41	44	33	35	37	36	43	48	37	24	51	50
Y_scaffold4	464422	36	34	34	35	31	23	34	32	36	44	49	41	44	33	35	37	36	43	48	37	24	51	50
Y_scaffold4	464423	36	34	34	35	31	24	34	33	36	44	49	41	44	33	35	37	36	43	47	37	23	50	49
Y_scaffold4	464424	36	32	34	35	31	25	34	34	36	44	49	41	44	33	35	37	36	43	46	36	24	48	49
Y_scaffold4	464425	36	33	32	35	30	25	34	34	35	43	49	41	44	33	36	37	36	43	48	36	22	48	48
Y_scaffold4	464426	36	33	33	34	30	26	34	34	35	43	49	41	44	33	36	37	36	43	48	36	22	48	49
Y_scaffold4	464427	35	34	33	34	29	25	34	34	34	43	49	40	44	33	36	37	36	42	48	36	22	49	49
Y_scaffold4	464428	36	35	32	36	29	25	34	36	34	44	50	41	45	34	36	37	37	42	47	36	22	49	51
Y_scaffold4	464429	35	35	32	36	28	25	34	36	34	45	50	42	44	34	36	38	37	42	46	37	22	48	52
Y_scaffold4	464430	35	34	32	34	28	25	35	35	33	43	50	42	42	32	36	38	37	43	45	37	22	48	52
Y_scaffold4	464431	36	34	32	34	28	24	35	35	33	43	50	42	42	31	35	39	36	43	43	37	21	48	53
Y_scaffold4	464432	38	33	33	34	27	24	35	35	33	44	50	43	43	31	36	39	36	45	43	38	21	49	53
Y_scaffold4	464433	39	33	33	34	27	25	35	35	33	43	50	43	43	31	37	38	37	46	42	38	21	49	52
Y_scaffold4	464434	39	32	33	34	28	25	34	35	31	43	50	42	42	31	38	37	37	45	43	38	22	49	52
Y_scaffold4	464435	39	32	33	34	28	25	34	35	31	43	50	42	42	31	38	37	37	46	44	39	21	49	51
Y_scaffold4	464436	39	32	33	34	28	25	34	35	31	43	50	43	42	31	38	37	37	46	44	39	21	49	51
Y_scaffold4	464437	39	32	33	34	28	26	34	35	31	43	51	43	42	31	38	37	37	46	44	38	21	49	51
Y_scaffold4	464438	39	32	32	34	29	26	32	35	31	43	52	43	42	30	38	37	37	47	44	37	22	48	51
Y_scaffold4	464439	37	32	33	34	29	27	31	35	31	42	52	44	41	30	38	37	37	47	44	36	22	48	51
Y_scaffold4	464440	37	33	34	34	30	27	31	35	31	42	53	44	41	30	40	37	36	47	44	36	21	47	50
Y_scaffold4	464441	37	33	34	35	31	28	31	36	31	42	53	44	41	29	41	37	35	47	44	38	21	47	50
Y_scaffold4	464442	37	33	34	36	31	28	31	37	31	42	53	44	41	29	41	38	34	47	44	39	21	47	50
Y_scaffold4	464443	37	33	34	36	31	30	31	37	31	43	53	44	41	29	42	39	34	47	45	39	22	47	50
Y_scaffold4	464444	37	33	34	37	31	29	31	37	31	43	53	43	40	29	42	39	34	48	45	39	23	47	49
Y_scaffold4	464445	38	33	34	38	31	29	31	37	31	42	53	43	41	29	42	39	34	48	45	39	23	49	48
Y_scaffold4	464446	39	33	34	39	31	29	32	37	31	42	53	43	41	29	43	40	34	49	45	38	23	49	49
Y_scaffold4	464447	38	33	34	39	30	29	32	37	31	41	53	43	39	29	44	40	34	49	46	38	23	48	50
Y_scaffold4	464448	38	32	34	39	30	28	31	36	31	41	53	43	40	29	44	40	33	48	46	38	22	47	50
Y_scaffold4	464449	38	33	34	39	30	28	32	35	31	40	53	43	40	29	43	40	33	48	46	38	22	47	50
Y_scaffold4	464450	38	33	33	41	31	28	32	36	32	39	53	43	40	28	45	38	33	46	46	38	22	46	50
Y_scaffold4	464451	39	33	32	41	31	28	32	36	31	39	53	43	40	28	44	39	33	46	48	38	22	46	49
Y_scaffold4	464452	40	32	33	41	31	28	31	36	31	39	52	43	39	27	44	38	33	46	48	38	22	45	49
Y_scaffold4	464453	40	32	33	40	32	28	31	36	31	38	52	43	39	27	42	38	31	46	48	38	22	45	49
Y_scaffold4	464454	40	31	33	40	32	28	31	37	31	37	52	43	39	28	42	38	30	46	48	38	22	45	49
Y_scaffold4	464455	41	31	33	40	32	27	31	37	31	37	51	43	38	28	41	38	30	47	47	38	21	46	49
Y_scaffold4	464456	41	32	32	39	32	27	31	37	32	37	49	44	38	28	41	38	30	47	47	37	21	46	49
Y_scaffold4	464457	41	33	32	40	32	28	31	37	31	38	48	44	38	29	41	37	29	45	47	37	21	46	49
Y_scaffold4	464458	40	33	32	40	32	28	32	37	31	38	48	45	37	29	42	37	29	45	47	37	21	46	49
Y_scaffold4	464459	40	33	32	39	32	27	32	37	31	37	48	45	37	29	42	37	29	45	48	38	21	46	50
Y_scaffold4	464460	39	33	32	39	31	27	32	37	31	37	48	45	37	29	43	37	29	45	48	38	20	46	50
Y_scaffold4	464461	39	33	32	38	30	27	32	37	31	37	47	45	37	28	43	36	29	44	47	39	20	46	50
Y_scaffold4	464462	39	32	32	38	29	27	32	37	31	38	47	45	36	28	43	37	29	45	47	39	20	45	51
Y_scaffold4	464463	39	31	32	38	29	28	31	37	31	38	46	44	36	28	43	36	29	44	47	39	20	44	51
Y_scaffold4	464464	38	31	32	38	29	28	31	36	30	38	46	43	35	27	44	36	29	44	47	39	20	44	50
Y_scaffold4	464465	37	30	32	38	29	29	30	36	32	39	45	43	35	28	44	36	29	45	47	39	20	44	50
Y_scaffold4	464466	37	30	32	38	28	30	30	35	32	39	45	42	34	28	43	36	28	45	48	38	20	44	49
Y_scaffold4	464467	35	31	33	38	28	31	30	35	33	39	44	43	36	27	43	36	27	45	48	39	20	44	49
Y_scaffold4	464468	36	31	33	38	28	31	30	35	33	38	44	42	35	27	43	36	27	46	49	39	20	43	48
Y_scaffold4	464469	36	32	33	38	28	31	29	36	33	38	44	43	34	27	45	36	29	47	49	40	19	44	49
Y_scaffold4	464470	36	32	33	38	28	32	29	36	33	38	44	44	34	27	45	36	29	47	50	39	19	43	49
Y_scaffold4	464471	35	32	33	38	29	31	30	36	33	38	44	44	34	28	44	36	30	47	49	39	19	44	49
Y_scaffold4	464472	34	32	32	34	29	31	29	37	31	38	44	43	31	27	43	36	29	44	48	40	18	43	48
Y_scaffold4	464473	33	35	32	34	29	31	29	39	32	38	44	44	33	27	45	37	29	44	48	40	18	43	48
Y_scaffold4	464474	33	35	31	34	29	31	31	38	32	37	44	44	33	27	45	36	29	44	48	40	18	43	48
Y_scaffold4	464475	34	35	31	35	29	31	31	38	32	37	44	44	33	27	47	36	28	44	48	41	19	42	48
Y_scaffold4	464476	34	35	31	35	29	32	31	38	32	36	45	43	34	28	48	35	29	44	47	41	21	41	48
Y_scaffold4	464477	35	35	31	35	29	32	31	40	33	36	45	44	34	28	50	34	29	44	48	41	23	41	48
Y_scaffold4	464478	36	36	31	34	28	32	31	40	33	36	45	44	35	29	50	34	29	44	48	41	23	41	48
Y_scaffold4	464479	35	36	31	33	28	32	32	39	32	36	45	44	34	30	50	33	29	44	48	41	23	41	48
Y_scaffold4	464480	35	36	31	33	28	32	32	39	32	36	45	44	34	30	50	34	29	44	48	41	23	41	48
Y_scaffold4	464481	35	36	30	33	29	32	32	39	32	36	46	44	34	30	50	34	29	45	48	41	23	42	49
Y_scaffold4	464482	33	35	30	32	29	32	32	39	35	36	46	44	34	30	51	34	29	46	50	40	22	41	48
Y_scaffold4	464483	32	35	29	32	29	32	32	40	35	35	45	42	33	30	51	34	29	47	50	41	21	41	49
Y_scaffold4	464484	32	35	29	31	29	32	32	40	35	35	45	42	33	30	50	34	29	47	50	41	22	40	49
Y_scaffold4	464485	32	37	29	31	30	29	32	41	34	35	45	42	34	31	50	34	29	47	47	40	21	40	49
Y_scaffold4	464486	32	37	30	31	30	29	33	41	34	35	45	42	35	31	50	35	29	47	50	41	21	40	49
Y_scaffold4	464487	32	37	30	31	30	29	33	41	34	36	45	42	35	31	50	35	29	47	50	41	20	40	49
Y_scaffold4	464488	32	37	30	32	29	29	32	41	34	37	45	42	35	31	51	35	29	47	50	41	22	40	49
Y_scaffold4	464489	32	36	30	32	29	29	32	42	34	38	46	42	36	32	50	35	29	47	50	40	22	39	49
Y_scaffold4	464490	31	37	28	31	28	28	32	42	34	37	46	41	36	31	49	35	28	48	49	40	22	37	50
Y_scaffold4	464491	31	37	28	32	28	29	31	44	33	37	47	41	36	31	49	35	28	47	49	40	22	37	51
Y_scaffold4	464492	31	37	28	33	28	29	31	45	33	38	47	41	36	32	48	37	29	47	47	41	22	37	51
Y_scaffold4	464493	32	37	29	32	28	28	31	45	34	38	48	42	36	32	48	37	29	48	47	40	23	37	52
Y_scaffold4	464494	31	37	30	32	28	28	31	44	34	39	44	42	36	31	48	37	29	47	46	39	23	37	48
Y_scaffold4	464495	30	37	29	32	28	28	31	45	35	37	44	42	36	32	49	39	30	47	46	40	23	37	49
Y_scaffold4	464496	30	37	29	32	28	28	29	46	35	37	44	42	37	33	50	40	30	47	46	40	23	37	50
Y_scaffold4	464497	30	37	28	31	28	28	30	46	34	37	44	42	37	34	52	40	30	48	47	40	23	36	51
Y_scaffold4	464498	30	37	28	31	28	29	29	46	33	36	45	43	35	34	53	40	31	47	46	40	23	36	51
Y_scaffold4	464499	30	37	27	31	28	29	29	46	30	36	46	42	36	34	53	40	30	47	46	39	24	36	51
Y_scaffold4	464500	30	37	27	31	28	29	29	46	30	36	44	39	36	34	53	40	30	47	44	39	24	35	50
Y_scaffold4	464501	30	37	28	31	29	29	29	46	30	37	43	38	37	35	54	41	30	48	44	39	24	35	49
Y_scaffold4	464502	30	37	28	31	29	28	29	46	31	36	43	38	37	35	54	40	30	48	44	38	24	36	51
Y_scaffold4	464503	30	37	28	29	29	28	29	45	31	35	43	38	36	35	54	40	30	46	44	37	24	35	51
Y_scaffold4	464504	30	37	28	28	29	30	28	45	32	36	43	38	37	35	54	40	29	46	44	37	24	36	50
Y_scaffold4	464505	30	37	27	28	30	30	28	43	32	36	43	38	36	35	54	39	29	47	42	37	24	36	49
Y_scaffold4	464506	30	37	27	28	31	29	28	43	32	36	43	38	36	35	54	40	28	47	43	38	25	36	49
Y_scaffold4	464507	30	37	28	28	30	30	28	43	32	36	42	38	37	33	55	40	27	49	44	39	25	36	50
Y_scaffold4	464508	31	37	29	28	31	30	30	43	33	36	42	38	35	32	56	40	27	49	44	39	25	36	50
Y_scaffold4	464509	32	37	29	28	32	31	31	43	32	36	42	37	35	32	56	39	27	49	44	39	25	33	49
Y_scaffold4	464510	33	37	29	29	32	31	32	45	32	35	42	38	35	33	55	39	27	51	44	38	25	33	49
Y_scaffold4	464511	33	38	29	28	32	32	33	45	33	36	43	38	35	35	55	38	27	50	45	38	25	33	49
Y_scaffold4	464512	32	38	30	28	34	32	33	45	33	36	42	38	35	33	55	37	27	49	45	37	26	32	47
Y_scaffold4	464513	32	38	28	28	33	33	33	46	33	36	41	37	34	31	53	37	27	48	46	37	26	31	48
Y_scaffold4	464514	30	38	28	28	33	34	34	45	33	37	42	38	34	31	54	38	27	48	45	38	26	31	49
Y_scaffold4	464515	31	39	28	27	33	34	33	46	32	37	41	38	33	31	54	39	26	48	45	38	26	33	49
Y_scaffold4	464516	31	40	28	27	33	34	33	46	33	38	41	36	33	31	53	39	28	47	45	39	26	34	50
Y_scaffold4	464517	31	39	28	28	33	34	33	46	33	38	41	38	35	31	53	39	28	47	44	41	26	34	50
Y_scaffold4	464518	31	40	28	28	32	34	33	47	36	38	40	38	35	31	53	39	28	46	44	41	26	34	49
Y_scaffold4	464519	31	40	27	28	32	34	33	46	36	38	40	37	35	31	53	39	28	46	43	41	24	34	49
Y_scaffold4	464520	32	39	26	27	32	34	33	45	37	38	39	37	35	32	53	39	28	46	42	41	24	33	47
Y_scaffold4	464521	32	39	26	27	33	34	32	44	36	38	39	37	35	32	53	38	28	46	42	41	24	33	44
Y_scaffold4	464522	33	39	26	27	33	35	31	44	36	38	39	37	34	33	51	37	28	46	42	40	24	34	45
Y_scaffold4	464523	33	39	26	27	33	35	31	44	36	38	39	37	34	33	51	38	28	46	42	40	24	35	45
Y_scaffold4	464524	33	38	26	27	32	35	31	45	36	38	39	37	34	33	51	37	27	46	42	40	22	35	45
Y_scaffold4	464525	34	38	27	27	32	35	31	46	37	37	39	37	35	33	52	36	27	44	43	41	24	35	47
Y_scaffold4	464526	34	38	27	27	32	35	31	46	37	37	38	37	35	33	53	36	27	44	42	40	24	34	47
Y_scaffold4	464527	34	38	27	29	32	36	32	48	38	38	38	36	35	34	53	40	28	44	42	40	24	33	47
Y_scaffold4	464528	35	38	28	29	31	36	32	49	38	38	38	35	34	35	53	39	28	45	42	39	24	33	47
Y_scaffold4	464529	35	38	28	29	31	36	32	49	37	38	38	35	34	34	53	39	28	45	42	39	24	33	47
Y_scaffold4	464530	36	36	28	31	30	36	31	49	36	38	39	36	34	34	57	40	27	45	43	40	24	32	47
Y_scaffold4	464531	37	36	28	30	30	36	29	49	36	37	39	38	34	34	57	41	27	46	42	40	25	32	46
Y_scaffold4	464532	36	35	30	29	30	36	26	47	36	36	38	38	34	32	58	40	27	43	42	40	26	31	43
Y_scaffold4	464533	36	35	30	29	31	36	26	48	36	36	38	38	34	32	58	41	29	43	42	40	26	32	44
Y_scaffold4	464534	36	36	30	29	31	36	26	48	35	37	38	38	34	32	58	41	29	43	42	40	26	32	44
Y_scaffold4	464535	36	36	30	29	32	35	26	48	35	36	38	38	34	32	56	41	29	43	42	40	26	32	43
Y_scaffold4	464536	36	35	31	29	31	34	26	46	35	37	39	38	33	32	56	41	28	42	42	40	25	32	43
Y_scaffold4	464537	37	34	31	29	31	34	27	46	35	36	39	38	33	33	56	41	28	44	42	38	26	33	43
Y_scaffold4	464538	38	32	31	28	29	34	26	46	35	36	38	38	34	34	57	41	28	45	41	38	26	33	43
Y_scaffold4	464539	38	32	31	28	29	35	26	45	34	36	38	36	34	34	57	41	28	45	41	38	26	33	43
Y_scaffold4	464540	38	32	31	28	29	35	26	45	34	36	38	36	35	34	57	41	28	44	41	37	26	33	43
Y_scaffold4	464541	37	31	31	28	28	35	26	45	34	37	39	37	35	34	57	41	29	44	42	35	25	35	42
Y_scaffold4	464542	37	32	31	28	30	34	26	46	34	37	38	37	35	34	57	41	30	43	43	35	26	34	45
Y_scaffold4	464543	38	32	31	28	29	34	26	46	34	37	38	36	36	33	57	41	31	43	42	35	26	33	46
Y_scaffold4	464544	39	33	30	28	30	34	26	47	35	37	39	36	36	33	57	41	31	42	42	37	26	34	46
Y_scaffold4	464545	39	33	30	27	30	34	26	47	35	36	40	36	36	33	57	42	31	42	42	37	27	34	46
Y_scaffold4	464546	39	33	31	26	29	34	25	47	35	36	39	36	35	34	57	42	30	43	44	37	25	34	46
Y_scaffold4	464547	40	32	31	27	29	34	25	47	35	37	38	36	36	34	57	42	30	44	42	36	24	34	48
Y_scaffold4	464548	40	32	31	27	29	34	25	46	37	37	39	37	37	34	57	42	30	44	42	36	25	35	48
Y_scaffold4	464549	40	32	32	27	28	34	25	46	36	37	38	38	36	34	57	42	30	45	40	36	25	35	48
Y_scaffold4	464550	40	32	33	27	28	33	25	45	36	36	39	39	36	35	58	42	31	45	41	36	25	36	48
Y_scaffold4	464551	40	32	33	27	28	33	24	45	36	36	39	39	36	35	58	42	31	44	41	36	25	36	48
Y_scaffold4	464552	38	32	32	27	29	33	25	45	36	36	38	38	36	35	58	42	31	44	41	35	25	36	49
Y_scaffold4	464553	38	31	33	29	30	33	26	45	37	37	38	39	38	35	58	44	31	46	40	35	26	36	51
Y_scaffold4	464554	38	31	33	29	30	34	26	45	37	36	35	39	38	35	58	44	32	46	40	35	26	36	52
Y_scaffold4	464555	38	30	34	29	30	34	27	45	37	36	35	40	38	34	58	45	32	46	40	35	26	35	53
Y_scaffold4	464556	38	29	34	30	30	34	27	45	36	36	36	40	38	34	58	45	31	46	40	36	26	36	53
Y_scaffold4	464557	38	30	35	30	30	34	27	45	36	36	37	40	39	34	58	45	29	46	39	36	26	36	51
Y_scaffold4	464558	38	29	35	30	29	34	27	45	37	35	36	40	40	33	59	46	28	47	39	37	26	36	51
Y_scaffold4	464559	38	30	35	30	29	34	27	45	37	35	36	40	40	33	60	44	28	47	39	37	26	36	52
Y_scaffold4	464560	38	30	35	31	29	34	27	45	37	35	36	39	40	33	62	42	28	47	39	37	26	36	52
Y_scaffold4	464561	39	31	36	31	29	34	27	45	36	35	37	39	40	33	62	42	29	47	39	38	26	36	51
Y_scaffold4	464562	39	31	36	31	29	34	27	45	37	36	37	39	40	33	62	42	29	47	38	38	26	36	51
Y_scaffold4	464563	39	31	36	32	30	34	27	45	37	36	37	39	39	34	62	42	29	47	38	38	26	36	52
Y_scaffold4	464564	39	31	35	32	30	32	28	45	37	35	37	39	39	34	61	42	28	47	38	38	26	36	52
Y_scaffold4	464565	39	31	36	32	30	33	27	47	38	36	38	39	39	34	63	42	29	46	38	38	26	39	54
Y_scaffold4	464566	39	31	37	33	30	33	27	47	38	36	38	38	38	34	63	42	30	47	38	38	26	38	54
Y_scaffold4	464567	39	30	36	34	29	33	26	46	39	36	38	38	38	34	64	42	30	49	38	38	26	38	54
Y_scaffold4	464568	39	30	36	34	30	33	26	46	41	36	38	38	38	34	64	42	31	49	37	38	26	38	54
Y_scaffold4	464569	39	32	36	32	30	33	26	46	41	35	38	38	37	34	64	42	30	48	37	36	26	38	54
Y_scaffold4	464570	39	32	36	32	31	33	26	47	41	34	38	37	37	35	64	42	30	48	37	36	26	38	54
Y_scaffold4	464571	40	32	36	32	31	34	26	47	41	34	40	37	37	34	64	42	30	47	37	34	26	38	54
Y_scaffold4	464572	40	31	36	33	31	35	26	46	41	34	39	37	37	34	65	42	30	47	37	34	26	38	54
Y_scaffold4	464573	40	31	36	33	31	33	26	44	41	33	39	37	37	35	65	42	30	47	38	33	25	38	54
Y_scaffold4	464574	41	30	36	33	31	33	26	44	42	33	39	37	37	35	64	42	30	47	37	33	25	39	54
Y_scaffold4	464575	40	31	35	33	31	32	27	44	42	34	39	37	37	34	64	42	31	48	36	34	25	39	54
Y_scaffold4	464576	40	32	35	33	31	32	27	43	42	34	39	37	36	34	64	42	31	49	36	34	25	39	53
Y_scaffold4	464577	39	31	35	31	31	32	27	42	42	34	39	38	36	34	64	42	30	49	36	34	25	38	53
Y_scaffold4	464578	39	31	35	31	32	32	29	44	43	34	41	37	37	34	64	41	30	49	37	33	25	38	53
Y_scaffold4	464579	38	31	36	31	32	32	28	44	43	33	41	37	37	34	64	40	30	48	37	32	25	38	52
Y_scaffold4	464580	39	31	35	32	32	33	28	44	43	33	41	37	37	34	64	40	30	50	37	32	25	37	52
Y_scaffold4	464581	38	32	36	32	32	33	28	44	43	32	42	37	37	34	63	40	30	50	37	32	26	37	51
Y_scaffold4	464582	37	33	36	32	32	32	28	44	42	32	42	37	38	35	63	40	30	50	37	31	26	38	53
Y_scaffold4	464583	37	33	36	32	32	32	28	44	42	32	43	37	38	36	62	40	30	49	37	31	26	38	54
Y_scaffold4	464584	37	33	36	32	31	33	28	44	42	32	43	37	38	36	61	40	30	49	36	31	25	38	54
Y_scaffold4	464585	37	33	37	32	31	32	29	45	43	34	43	37	39	36	62	40	30	48	36	30	25	38	54
Y_scaffold4	464586	37	33	37	32	31	32	29	45	43	34	43	36	39	36	62	40	30	48	36	30	25	38	54
Y_scaffold4	464587	37	33	37	32	31	32	29	45	43	34	41	36	39	36	62	40	30	48	36	30	25	39	54
Y_scaffold4	464588	36	33	37	32	32	32	29	45	44	36	40	37	39	36	62	41	31	47	37	29	25	40	54
Y_scaffold4	464589	36	32	36	33	31	31	29	46	44	36	41	36	39	36	61	42	31	49	37	29	25	41	55
Y_scaffold4	464590	35	32	35	33	35	32	30	46	44	36	40	36	39	36	60	42	31	49	37	29	25	40	55
Y_scaffold4	464591	35	32	35	32	34	31	30	45	44	36	40	36	39	36	59	42	31	49	37	27	25	40	55
Y_scaffold4	464592	35	32	35	31	34	32	30	44	44	36	40	37	39	36	61	41	33	50	37	26	25	40	55
Y_scaffold4	464593	35	32	35	31	35	31	31	44	44	35	40	37	39	36	59	41	33	49	36	26	25	40	55
Y_scaffold4	464594	35	32	35	30	35	31	32	45	44	35	40	37	39	36	59	41	32	49	37	25	25	41	55
Y_scaffold4	464595	34	32	35	30	35	32	32	46	44	35	40	37	38	37	59	41	32	49	38	25	25	39	55
Y_scaffold4	464596	33	32	35	29	35	32	31	46	44	35	40	37	38	37	59	40	32	48	38	26	25	39	54
Y_scaffold4	464597	33	32	35	28	35	32	31	46	43	35	40	37	38	37	58	39	32	48	37	26	25	40	53
Y_scaffold4	464598	34	31	36	28	35	34	32	49	43	35	42	37	37	37	58	38	32	48	37	27	25	40	52
Y_scaffold4	464599	34	31	36	28	35	34	32	49	42	35	43	37	37	37	59	38	33	48	37	27	26	40	52
Y_scaffold4	464600	34	31	37	28	34	34	32	48	42	34	43	37	37	37	58	38	33	48	39	27	26	40	52
Y_scaffold4	464601	33	31	36	28	34	34	32	48	42	34	43	37	38	37	58	37	33	48	37	28	26	40	52
Y_scaffold4	464602	33	31	36	28	34	34	32	48	43	34	43	37	38	37	58	38	35	48	37	29	26	42	52
Y_scaffold4	464603	34	31	36	28	34	34	32	47	43	34	44	37	38	37	58	40	35	48	37	29	27	42	51
Y_scaffold4	464604	34	31	36	29	35	34	32	47	43	34	44	37	38	36	58	40	35	48	37	29	27	42	51
Y_scaffold4	464605	33	30	36	29	36	35	33	46	42	34	44	36	39	35	59	40	35	47	37	29	27	41	51
Y_scaffold4	464606	33	29	36	29	36	34	33	46	42	34	45	36	39	34	60	40	35	47	37	29	27	42	51
Y_scaffold4	464607	33	29	38	29	37	34	33	46	42	33	45	35	39	34	60	40	35	48	37	30	27	43	51
Y_scaffold4	464608	33	29	38	29	37	34	32	46	42	33	46	34	39	34	60	40	35	49	37	30	27	43	52
Y_scaffold4	464609	33	31	38	29	37	34	32	47	43	33	46	34	40	34	60	40	35	50	37	29	27	43	51
Y_scaffold4	464610	34	31	38	29	38	35	32	47	43	33	46	34	41	34	60	40	35	51	38	29	27	43	51
Y_scaffold4	464611	34	31	38	29	38	35	32	47	43	32	47	34	41	34	61	40	35	51	38	28	27	43	51
Y_scaffold4	464612	34	31	38	29	38	33	32	47	43	33	46	34	41	34	60	39	35	51	38	28	27	43	50
Y_scaffold4	464613	34	31	38	28	39	33	33	47	42	34	46	34	41	34	60	39	35	50	38	28	27	43	50
Y_scaffold4	464614	34	31	37	29	39	34	33	48	41	33	46	35	41	32	60	39	35	50	38	28	27	44	50
Y_scaffold4	464615	34	31	37	29	39	32	34	48	41	33	47	35	41	32	59	40	36	51	38	29	28	45	51
Y_scaffold4	464616	34	31	38	29	40	32	34	48	40	34	47	35	38	32	59	39	36	50	39	29	28	45	51
Y_scaffold4	464617	34	31	38	30	41	32	34	48	39	34	48	35	38	33	59	39	36	50	39	28	29	45	52
Y_scaffold4	464618	33	31	38	30	42	32	34	49	39	34	48	35	38	33	58	39	35	48	38	27	31	44	52
Y_scaffold4	464619	34	30	38	30	41	32	35	48	39	34	48	34	38	33	57	39	34	48	38	27	31	43	51
Y_scaffold4	464620	34	30	38	30	41	31	35	48	39	34	48	33	38	33	58	39	33	48	37	28	31	43	51
Y_scaffold4	464621	34	30	39	30	42	31	34	47	39	34	49	34	38	32	57	40	32	48	37	28	31	41	51
Y_scaffold4	464622	35	28	39	30	42	31	34	46	39	34	48	33	38	32	58	40	33	50	37	28	31	41	52
Y_scaffold4	464623	35	27	39	30	42	31	34	45	39	34	48	32	36	34	57	39	34	50	39	29	32	42	52
Y_scaffold4	464624	35	27	39	30	42	31	32	45	39	35	48	32	36	34	57	40	34	51	40	29	31	42	52
Y_scaffold4	464625	34	26	39	28	42	30	33	46	39	35	48	32	36	34	56	40	36	52	40	28	31	42	52
Y_scaffold4	464626	34	26	39	28	42	30	34	46	39	35	47	32	35	33	55	40	35	53	40	29	29	42	52
Y_scaffold4	464627	33	26	39	28	42	30	34	44	38	35	47	32	35	33	54	40	36	54	39	29	27	41	53
Y_scaffold4	464628	32	25	39	28	42	30	35	45	38	36	47	32	35	32	55	40	36	54	39	29	27	41	52
Y_scaffold4	464629	32	26	39	29	43	30	34	45	38	36	47	33	36	32	55	41	36	56	42	29	27	40	52
Y_scaffold4	464630	32	26	39	29	43	30	34	45	38	36	47	33	36	32	55	41	36	56	43	29	29	40	53
Y_scaffold4	464631	32	26	39	29	42	30	34	45	38	37	46	33	36	32	54	41	37	55	44	30	29	39	52
Y_scaffold4	464632	34	26	39	29	42	30	34	45	37	38	46	33	35	32	54	41	37	54	42	31	29	39	52
Y_scaffold4	464633	35	26	39	29	42	30	34	44	36	38	48	34	35	32	55	42	37	53	43	30	30	41	52
Y_scaffold4	464634	35	25	39	29	41	32	34	43	37	38	47	34	35	31	55	41	37	53	43	30	29	41	52
Y_scaffold4	464635	35	25	38	29	41	32	34	43	37	38	47	34	36	31	54	40	37	53	43	30	29	41	53
Y_scaffold4	464636	35	25	37	30	41	33	33	43	37	39	48	34	36	31	55	39	37	53	40	30	29	41	55
Y_scaffold4	464637	37	25	37	31	41	32	33	43	37	37	47	34	37	31	55	39	37	52	42	30	28	43	56
Y_scaffold4	464638	37	26	37	31	41	32	33	41	37	38	47	34	37	31	55	39	37	52	43	31	27	43	56
Y_scaffold4	464639	38	26	38	32	41	33	33	42	38	37	46	34	38	30	55	39	39	52	44	31	28	44	58
Y_scaffold4	464640	38	25	37	33	42	33	33	42	38	37	46	34	38	30	56	41	41	51	44	31	28	44	57
Y_scaffold4	464641	39	25	37	32	42	32	33	40	38	35	45	34	38	30	56	41	41	51	45	31	28	44	57
Y_scaffold4	464642	39	25	37	31	42	32	33	39	38	34	45	34	38	29	56	40	40	53	45	30	28	45	57
Y_scaffold4	464643	38	25	35	32	42	32	35	39	37	34	44	32	38	29	59	40	40	51	44	30	27	46	55
Y_scaffold4	464644	38	25	36	32	42	32	36	39	37	34	45	32	38	29	58	40	41	51	44	30	27	46	56
Y_scaffold4	464645	39	25	36	32	42	32	36	38	36	35	45	33	37	28	58	38	41	50	44	29	27	46	55
Y_scaffold4	464646	38	25	36	33	42	32	36	37	37	35	46	33	36	27	57	38	41	51	44	29	27	46	54
Y_scaffold4	464647	39	25	36	33	42	31	35	37	37	35	44	32	36	25	54	38	40	50	44	31	27	47	55
Y_scaffold4	464648	40	25	37	33	44	31	35	37	37	36	47	33	37	26	54	38	40	51	44	31	27	47	55
Y_scaffold4	464649	40	25	37	33	44	31	35	37	37	36	47	33	36	28	54	38	39	51	44	32	26	47	55
Y_scaffold4	464650	41	25	36	33	43	31	35	37	37	35	47	33	35	28	54	39	39	50	45	32	26	47	54
Y_scaffold4	464651	41	27	36	33	42	31	35	37	37	35	47	33	35	29	55	39	39	50	46	32	26	47	54
Y_scaffold4	464652	42	27	36	34	42	33	35	36	37	35	47	32	35	29	55	40	39	50	46	32	26	47	53
Y_scaffold4	464653	42	28	36	34	43	33	36	36	37	35	47	33	35	29	56	41	41	51	46	32	26	46	54
Y_scaffold4	464654	42	28	35	34	43	31	36	37	37	34	48	33	34	30	57	41	40	51	46	32	26	46	54
Y_scaffold4	464655	42	28	35	34	42	31	35	37	38	34	49	34	34	30	57	41	41	50	46	34	26	46	54
Y_scaffold4	464656	42	28	36	34	41	31	35	37	38	36	49	34	34	31	57	40	41	51	45	33	25	47	54
Y_scaffold4	464657	42	28	35	34	40	31	35	37	38	36	48	34	33	32	56	42	41	49	45	32	25	48	53
Y_scaffold4	464658	40	28	33	34	39	31	32	37	37	36	48	35	33	32	56	44	41	49	45	33	26	48	54
Y_scaffold4	464659	39	28	34	34	39	32	31	36	36	36	49	35	33	32	55	44	41	49	46	33	26	48	54
Y_scaffold4	464660	39	28	34	34	39	32	31	35	36	36	49	34	33	31	55	44	41	49	46	33	26	48	53
Y_scaffold4	464661	39	27	34	34	40	31	30	35	35	34	48	34	34	29	56	44	41	49	45	33	26	47	54
Y_scaffold4	464662	40	27	33	34	39	32	31	34	35	34	50	34	34	29	56	45	41	50	45	33	26	47	54
Y_scaffold4	464663	40	27	33	34	39	31	31	33	35	35	49	33	34	29	56	45	40	50	43	33	26	48	55
Y_scaffold4	464664	40	27	33	34	39	30	30	34	35	34	48	33	34	29	55	44	40	50	44	32	26	49	54
Y_scaffold4	464665	39	26	33	34	38	30	30	34	35	34	48	33	34	29	54	43	40	50	45	32	27	49	53
Y_scaffold4	464666	39	24	33	34	38	30	30	34	34	35	48	33	36	29	55	43	38	50	45	31	27	48	52
Y_scaffold4	464667	40	24	34	33	38	30	30	34	33	35	48	30	35	29	55	45	40	52	45	29	27	49	52
Y_scaffold4	464668	40	24	34	33	39	30	30	34	32	35	48	31	35	30	55	46	40	53	45	29	27	50	51
Y_scaffold4	464669	41	25	34	33	39	30	30	34	31	36	48	30	37	29	56	46	40	54	45	29	27	48	51
Y_scaffold4	464670	43	27	34	33	39	30	30	34	31	36	48	30	37	29	56	46	40	54	45	30	27	49	52
Y_scaffold4	464671	42	28	35	33	38	30	29	34	31	36	49	30	37	29	60	47	40	56	46	30	29	49	52
Y_scaffold4	464672	42	28	34	33	38	29	29	35	31	36	48	30	37	28	60	47	41	57	46	32	29	49	52
Y_scaffold4	464673	41	29	33	33	38	29	29	36	31	36	46	29	36	29	60	46	41	57	46	32	28	48	51
Y_scaffold4	464674	41	29	33	33	39	28	29	35	31	36	46	29	36	28	60	45	41	57	45	32	27	48	51
Y_scaffold4	464675	41	29	33	34	40	28	29	34	30	36	45	29	35	30	59	45	42	58	45	32	27	48	51
Y_scaffold4	464676	41	29	33	33	40	27	28	34	29	36	45	29	35	29	58	45	41	58	45	33	27	49	51
Y_scaffold4	464677	41	30	33	32	39	27	29	33	30	35	47	29	36	29	58	41	41	60	47	33	27	49	52
Y_scaffold4	464678	40	30	33	32	39	27	30	33	30	35	47	29	36	28	58	41	41	59	47	33	27	49	53
Y_scaffold4	464679	39	30	33	31	39	27	30	33	30	35	46	29	36	27	55	41	40	59	46	34	27	50	53
Y_scaffold4	464680	38	31	32	30	37	27	30	33	30	34	46	27	36	27	54	41	39	59	46	35	28	50	53
Y_scaffold4	464681	38	31	32	30	37	27	31	34	30	34	46	26	36	27	54	41	40	60	46	35	27	51	55
Y_scaffold4	464682	38	31	31	30	37	27	31	34	29	33	46	26	36	27	54	41	40	61	46	35	26	51	55
Y_scaffold4	464683	38	31	31	30	37	27	32	33	29	32	46	26	36	27	54	41	40	61	46	35	28	51	54
Y_scaffold4	464684	38	30	32	30	37	27	32	35	29	31	47	26	37	28	54	41	40	61	47	35	28	51	54
Y_scaffold4	464685	39	30	32	30	37	27	30	36	29	32	47	26	37	29	54	41	41	60	47	35	28	51	55
Y_scaffold4	464686	39	30	32	30	37	27	30	37	29	31	47	26	37	28	54	41	41	60	48	35	29	50	55
Y_scaffold4	464687	39	30	32	30	37	27	30	37	29	31	47	26	37	28	54	41	41	60	48	36	28	50	55
Y_scaffold4	464688	38	31	32	30	37	27	31	38	30	32	49	26	36	27	53	41	41	59	48	36	28	50	55
Y_scaffold4	464689	38	31	31	30	37	26	31	38	30	32	49	26	38	27	53	41	41	59	48	36	29	49	55
Y_scaffold4	464690	38	31	31	31	39	27	31	38	31	31	49	26	37	27	55	41	40	59	47	36	29	50	55
Y_scaffold4	464691	38	31	31	31	39	27	31	38	31	31	48	25	38	27	54	41	39	59	47	36	29	48	55
Y_scaffold4	464692	39	30	31	31	37	27	31	37	31	32	49	25	39	27	55	41	38	60	46	36	28	48	52
Y_scaffold4	464693	39	30	32	31	37	27	31	36	31	32	49	25	39	27	55	41	37	60	47	35	28	49	51
Y_scaffold4	464694	38	29	32	31	36	27	31	36	31	32	47	25	39	27	55	41	38	60	48	34	28	47	51
Y_scaffold4	464695	39	28	31	31	37	27	31	36	31	32	47	25	39	27	55	41	38	58	46	34	28	47	50
Y_scaffold4	464696	39	28	32	30	38	27	31	36	31	32	47	25	39	27	55	41	38	58	46	35	28	47	50
Y_scaffold4	464697	39	28	33	33	38	27	31	36	29	31	48	25	40	27	55	41	39	59	46	35	28	47	50
Y_scaffold4	464698	39	28	32	33	38	27	31	36	28	32	48	24	39	28	56	41	39	59	46	35	27	46	50
Y_scaffold4	464699	39	28	30	33	38	27	31	36	27	32	48	23	39	28	56	41	39	58	47	35	27	46	48
Y_scaffold4	464700	39	28	29	32	38	27	32	36	27	32	47	23	38	27	55	42	38	58	47	35	27	45	48
Y_scaffold4	464701	39	28	29	32	38	27	32	36	27	32	47	23	38	27	54	42	38	58	48	35	26	45	48
Y_scaffold4	464702	38	28	29	31	37	27	31	36	27	31	48	23	37	29	54	41	38	57	49	35	26	44	47
Y_scaffold4	464703	38	28	29	31	36	27	32	36	27	31	48	22	37	29	54	40	38	58	49	35	26	44	48
Y_scaffold4	464704	38	28	29	31	37	26	32	36	27	31	49	22	37	29	54	40	37	58	50	35	26	44	49
Y_scaffold4	464705	37	28	28	30	37	27	31	36	26	31	49	21	37	29	55	39	37	58	50	35	26	44	49
Y_scaffold4	464706	37	28	28	29	37	28	31	38	27	33	48	21	36	31	55	40	38	58	50	34	26	44	50
Y_scaffold4	464707	37	27	27	29	37	28	31	38	27	33	47	21	35	31	56	39	38	58	50	34	26	44	50
Y_scaffold4	464708	38	28	27	29	37	28	31	37	27	34	47	21	36	33	57	38	38	57	50	35	26	44	52
Y_scaffold4	464709	38	27	27	29	37	28	31	37	27	34	48	21	36	33	55	38	38	58	50	35	26	46	52
Y_scaffold4	464710	38	27	27	28	37	28	31	38	27	34	48	22	36	33	55	39	37	58	51	36	26	46	52
Y_scaffold4	464711	37	26	26	28	37	28	31	38	27	34	47	22	36	33	55	39	37	58	51	35	26	46	52
Y_scaffold4	464712	38	26	26	27	38	29	30	38	26	35	47	22	36	33	55	40	37	57	52	34	26	47	51
Y_scaffold4	464713	38	27	27	27	38	29	30	40	26	35	46	22	36	33	55	40	37	57	52	34	26	47	51
Y_scaffold4	464714	38	27	27	28	38	29	30	40	25	34	45	23	36	33	54	40	36	57	52	35	26	46	51
Y_scaffold4	464715	38	27	26	30	38	28	30	38	25	34	45	23	37	33	53	40	36	57	52	35	26	44	50
Y_scaffold4	464716	38	27	25	30	38	28	30	40	25	35	46	23	37	34	54	39	36	56	52	35	26	44	51
Y_scaffold4	464717	38	28	26	29	37	28	30	40	23	36	47	23	37	34	54	39	37	56	52	35	27	45	51
Y_scaffold4	464718	38	28	26	29	38	28	30	40	23	36	47	23	37	34	55	39	36	56	52	35	27	46	51
Y_scaffold4	464719	38	26	26	30	38	28	30	40	25	36	47	23	37	34	55	39	38	57	52	35	27	46	51
Y_scaffold4	464720	38	27	27	30	37	28	31	40	24	36	48	24	37	33	55	40	38	57	52	35	27	46	53
Y_scaffold4	464721	37	27	27	30	37	28	31	39	25	36	46	24	37	33	55	40	38	57	53	35	27	46	53
Y_scaffold4	464722	38	27	27	30	38	27	32	40	25	37	46	24	37	33	54	40	38	58	53	35	27	47	53
Y_scaffold4	464723	37	28	27	30	38	27	32	40	26	37	48	24	38	33	54	40	38	58	52	37	27	47	53
Y_scaffold4	464724	37	27	27	30	38	27	31	40	25	36	47	24	38	33	54	40	38	57	52	37	27	46	53
Y_scaffold4	464725	36	27	27	30	38	27	30	40	24	36	46	24	38	33	54	40	39	57	52	37	27	46	53
Y_scaffold4	464726	36	26	28	30	37	28	30	39	24	36	44	23	37	33	55	40	40	57	51	37	27	46	53
Y_scaffold4	464727	36	26	28	31	37	28	30	39	24	36	44	23	37	34	55	41	40	58	52	37	27	46	53
Y_scaffold4	464728	35	26	28	30	37	28	30	39	24	36	45	22	37	34	56	42	41	56	52	37	28	46	53
Y_scaffold4	464729	35	26	27	30	37	28	30	39	24	36	46	22	37	34	56	42	41	56	52	37	28	47	53
Y_scaffold4	464730	36	26	27	30	37	28	30	39	24	37	46	22	37	34	57	41	42	56	52	37	28	47	53
Y_scaffold4	464731	37	25	26	30	37	28	31	39	24	37	45	22	37	34	57	41	43	55	53	37	27	46	53
Y_scaffold4	464732	36	24	26	31	37	28	31	39	24	37	45	22	35	33	59	41	44	55	53	37	27	45	51
Y_scaffold4	464733	36	25	26	31	37	27	30	39	23	37	44	23	35	33	60	41	43	56	53	37	27	45	51
Y_scaffold4	464734	37	25	26	31	39	27	30	39	23	38	45	23	35	33	60	42	44	56	51	37	27	45	51
Y_scaffold4	464735	37	25	25	31	39	28	29	38	23	36	45	23	34	33	60	43	45	56	51	37	27	46	51
Y_scaffold4	464736	37	26	25	31	38	28	29	38	23	36	45	23	34	34	60	42	45	56	51	37	27	44	51
Y_scaffold4	464737	39	26	25	31	37	28	29	37	22	35	46	23	34	34	60	42	44	56	50	37	27	43	51
Y_scaffold4	464738	39	26	25	30	37	28	29	37	22	35	45	23	34	35	60	41	45	54	50	37	28	45	50
Y_scaffold4	464739	39	26	25	30	38	28	29	37	22	35	45	23	34	35	59	41	45	54	50	37	28	45	50
Y_scaffold4	464740	39	26	25	30	35	25	28	37	22	34	45	23	35	35	59	41	44	54	50	37	28	45	50
Y_scaffold4	464741	39	27	26	31	35	25	29	37	22	34	45	23	36	36	59	42	44	55	50	37	28	45	51
Y_scaffold4	464742	39	28	26	31	36	25	29	37	22	35	45	23	36	36	59	42	44	56	50	37	28	46	52
Y_scaffold4	464743	39	28	26	31	35	25	28	37	22	35	45	23	36	36	59	42	44	56	50	37	27	46	52
Y_scaffold4	464744	39	28	26	31	35	25	28	35	22	35	45	23	36	36	59	42	45	56	49	37	27	45	52
Y_scaffold4	464745	40	29	27	30	35	23	28	34	22	35	45	23	36	35	60	42	45	56	50	37	26	45	52
Y_scaffold4	464746	40	29	27	30	35	23	28	34	22	35	45	23	36	35	59	42	45	56	50	36	26	45	52
Y_scaffold4	464747	40	29	26	31	37	24	27	31	22	35	44	23	36	35	60	42	45	56	50	35	26	44	54
Y_scaffold4	464748	39	29	27	31	38	23	26	31	22	35	43	23	36	35	60	43	44	57	49	35	26	45	54
Y_scaffold4	464749	40	29	27	31	38	23	26	31	23	35	42	24	36	35	60	43	44	57	49	35	27	46	54
Y_scaffold4	464750	40	30	27	30	39	23	26	32	23	35	42	24	36	35	60	43	44	57	49	35	27	46	54
Y_scaffold4	464751	40	30	27	30	39	23	26	32	23	36	42	24	36	36	60	42	44	58	50	34	27	46	54
Y_scaffold4	464752	40	30	27	30	38	23	26	32	22	36	42	24	36	36	60	42	42	58	50	33	26	44	53
Y_scaffold4	464753	40	30	27	30	38	23	26	32	22	37	41	24	36	36	60	40	42	58	49	33	26	44	54
Y_scaffold4	464754	40	31	27	29	37	24	26	32	24	37	41	24	36	37	60	40	42	58	50	33	26	44	54
Y_scaffold4	464755	40	32	27	30	36	23	27	32	24	37	41	25	37	37	59	40	42	59	50	33	26	45	54
Y_scaffold4	464756	40	33	26	29	35	24	27	33	24	38	40	25	37	37	58	40	42	57	49	33	27	43	54
Y_scaffold4	464757	40	33	25	29	36	25	27	33	24	38	40	25	37	37	59	40	43	58	49	32	27	43	54
Y_scaffold4	464758	40	32	25	29	36	26	27	32	23	39	39	26	36	38	57	40	43	58	48	32	27	43	53
Y_scaffold4	464759	40	31	25	29	36	25	27	35	24	39	39	26	35	38	57	40	44	56	47	34	27	43	53
Y_scaffold4	464760	40	31	25	29	35	25	27	35	24	39	39	27	36	38	58	40	44	55	47	34	27	43	54
Y_scaffold4	464761	40	31	25	29	36	25	27	35	24	39	39	28	36	37	56	39	44	56	47	35	27	43	54
Y_scaffold4	464762	42	31	25	29	37	25	27	35	24	37	40	28	38	38	55	39	44	56	47	36	27	43	54
Y_scaffold4	464763	42	32	25	29	36	25	26	35	24	37	39	28	38	38	55	39	44	56	47	37	27	44	54
Y_scaffold4	464764	42	32	26	29	36	24	26	34	24	38	39	27	38	38	55	39	44	56	47	37	27	42	54
Y_scaffold4	464765	43	32	26	29	36	24	26	34	24	39	39	27	38	38	56	38	44	56	48	36	26	42	53
Y_scaffold4	464766	43	31	25	28	35	24	26	34	24	38	40	27	38	40	57	38	44	56	48	36	25	42	54
Y_scaffold4	464767	43	31	25	28	35	24	26	35	24	39	39	26	38	39	57	38	44	56	48	36	24	42	54
Y_scaffold4	464768	43	31	25	28	34	24	27	35	24	39	39	26	38	39	57	38	44	56	48	36	23	43	53
Y_scaffold4	464769	43	31	25	28	33	25	26	35	24	39	39	25	39	40	57	38	44	57	48	36	23	43	53
Y_scaffold4	464770	43	31	25	28	33	25	26	36	24	39	39	26	39	40	56	39	45	58	48	35	23	43	53
Y_scaffold4	464771	43	32	24	28	33	25	26	36	25	39	38	26	40	40	56	39	44	57	47	35	23	43	53
Y_scaffold4	464772	42	31	24	28	33	25	26	36	24	39	38	26	40	38	52	39	43	57	46	33	22	42	52
Y_scaffold4	464773	41	31	25	28	33	25	25	35	24	38	39	26	40	38	51	39	43	55	46	33	22	42	52
Y_scaffold4	464774	42	32	25	28	34	25	25	35	24	38	39	26	40	38	51	38	44	55	46	33	22	42	52
Y_scaffold4	464775	42	32	25	28	33	25	24	37	24	38	39	24	39	37	49	37	41	54	44	33	21	42	51
Y_scaffold4	464776	42	32	25	28	33	25	24	38	24	38	39	24	39	37	49	37	41	53	44	32	21	43	51
Y_scaffold4	464777	42	32	25	27	33	25	25	38	24	38	39	24	39	37	49	37	41	52	43	32	21	43	51
Y_scaffold4	464778	43	32	25	27	33	25	26	38	24	38	40	25	39	37	49	36	43	52	43	32	21	44	51
Y_scaffold4	464779	43	33	25	27	33	26	26	38	24	38	40	26	39	37	49	36	43	52	43	32	22	45	51
Y_scaffold4	464780	43	34	25	27	33	26	27	39	25	38	40	27	39	38	49	35	44	52	41	32	21	46	50
Y_scaffold4	464781	43	34	25	27	33	26	27	39	25	37	40	27	39	39	49	36	43	53	41	32	21	46	50
Y_scaffold4	464782	41	35	25	27	33	25	28	38	23	37	40	27	39	40	49	36	43	54	40	31	21	45	50
Y_scaffold4	464783	42	35	26	28	33	25	29	38	23	37	39	27	39	40	50	36	43	55	39	32	20	45	50
Y_scaffold4	464784	42	36	26	28	33	25	29	38	22	37	39	27	39	41	50	36	43	55	39	33	21	45	50
Y_scaffold4	464785	42	34	26	28	34	24	29	38	22	36	39	27	37	42	49	36	43	55	39	33	21	45	48
Y_scaffold4	464786	42	34	26	27	34	24	29	38	22	36	38	27	36	42	49	36	43	55	39	33	21	45	46
Y_scaffold4	464787	41	34	27	25	34	24	29	39	22	37	39	27	36	42	49	38	42	56	38	33	21	43	46
Y_scaffold4	464788	41	33	26	25	36	25	30	39	22	37	39	27	35	42	49	38	40	57	36	32	21	42	45
Y_scaffold4	464789	40	34	26	24	36	24	30	39	22	37	39	27	34	42	50	38	40	58	36	33	20	42	44
Y_scaffold4	464790	39	34	26	23	35	24	30	39	23	37	39	28	34	42	49	37	38	58	35	33	19	44	43
Y_scaffold4	464791	39	34	26	23	34	24	30	40	23	38	39	28	34	42	50	38	38	56	35	34	19	44	43
Y_scaffold4	464792	39	34	26	23	33	24	30	40	23	37	39	28	33	42	48	38	38	56	35	34	19	43	43
Y_scaffold4	464793	39	34	26	22	33	24	29	40	23	37	39	28	33	42	47	38	39	57	35	34	19	43	44
Y_scaffold4	464794	39	34	25	22	33	24	28	40	23	37	37	28	33	42	47	38	38	57	35	34	19	43	43
Y_scaffold4	464795	38	33	27	22	33	25	29	41	22	37	40	29	33	43	47	38	37	56	37	34	19	44	43
Y_scaffold4	464796	38	34	27	21	33	25	29	41	22	37	40	29	33	43	47	40	37	56	38	34	19	45	44
Y_scaffold4	464797	38	34	27	21	33	25	29	41	23	37	40	29	33	45	48	40	38	56	39	32	19	44	44
Y_scaffold4	464798	38	34	26	21	33	25	29	41	23	36	36	28	32	42	50	40	38	55	39	31	19	44	44
Y_scaffold4	464799	38	34	26	21	33	25	29	41	23	36	36	29	32	41	51	41	38	56	40	32	19	45	45
Y_scaffold4	464800	38	34	27	21	33	25	29	42	23	36	36	29	31	40	50	40	38	56	39	33	19	45	45
Y_scaffold4	464801	38	32	27	22	34	24	29	43	22	36	37	29	32	41	49	39	38	57	39	33	19	44	46
Y_scaffold4	464802	39	32	28	21	34	23	29	43	23	36	38	29	32	43	50	39	38	57	39	33	19	44	46
Y_scaffold4	464803	39	31	29	21	34	23	28	42	23	36	38	28	32	43	49	38	37	58	39	33	19	45	45
Y_scaffold4	464804	40	31	30	21	34	23	28	42	22	36	38	28	32	43	48	38	37	58	39	34	21	45	45
Y_scaffold4	464805	40	31	30	21	34	23	28	42	21	35	38	27	32	43	49	38	36	58	40	32	21	46	45
Y_scaffold4	464806	40	31	30	21	35	23	27	42	21	34	38	27	32	42	49	38	36	57	39	32	21	46	46
Y_scaffold4	464807	40	31	29	20	35	21	28	42	21	36	37	27	32	42	49	34	36	56	38	31	22	45	45
Y_scaffold4	464808	40	31	29	21	35	21	28	42	22	37	37	26	32	42	48	35	36	56	39	31	21	46	45
Y_scaffold4	464809	41	31	29	21	36	22	28	43	22	37	37	26	32	42	49	35	36	56	39	31	21	48	45
Y_scaffold4	464810	41	31	29	21	36	22	28	43	22	36	37	27	32	42	51	35	37	55	39	31	21	48	45
Y_scaffold4	464811	41	31	29	22	35	22	28	43	22	36	37	27	31	42	50	35	37	55	39	31	21	47	44
Y_scaffold4	464812	41	31	29	22	35	21	29	43	23	36	35	27	31	43	52	34	37	55	40	31	22	47	45
Y_scaffold4	464813	41	31	29	22	35	21	29	43	24	35	36	27	31	43	52	34	37	55	40	32	22	46	43
Y_scaffold4	464814	40	31	29	22	34	21	29	41	24	35	36	26	31	43	52	34	37	55	39	32	22	45	43
Y_scaffold4	464815	40	31	29	22	34	21	29	41	24	35	36	26	31	43	53	34	38	56	38	33	21	45	44
Y_scaffold4	464816	39	31	29	22	34	21	30	43	25	33	37	26	30	43	53	33	36	55	38	34	22	45	45
Y_scaffold4	464817	39	31	27	22	34	21	30	43	24	33	37	27	30	43	53	32	36	54	38	34	22	44	45
Y_scaffold4	464818	40	31	27	22	34	21	30	42	24	33	38	26	30	42	53	32	36	52	38	34	22	43	45
Y_scaffold4	464819	39	30	29	23	34	21	30	43	25	32	38	26	28	42	52	32	36	53	38	34	22	43	45
Y_scaffold4	464820	36	30	29	23	34	22	30	43	25	32	38	26	28	42	52	32	36	53	38	33	22	43	44
Y_scaffold4	464821	36	29	28	23	34	22	30	43	25	33	37	26	28	42	48	31	36	51	38	33	20	43	45
Y_scaffold4	464822	36	29	29	23	35	22	30	40	25	33	37	27	28	41	48	32	36	50	37	31	21	42	44
Y_scaffold4	464823	37	29	29	23	36	23	30	40	25	33	37	26	28	41	48	32	36	50	37	31	22	43	45
Y_scaffold4	464824	37	29	29	22	34	23	30	40	25	33	37	26	28	39	48	32	35	49	37	30	22	43	44
Y_scaffold4	464825	37	29	30	22	33	23	30	40	25	33	37	26	27	39	48	32	35	50	36	30	22	44	44
Y_scaffold4	464826	37	29	30	22	33	24	30	40	24	33	36	27	27	39	47	32	36	49	36	29	22	43	43
Y_scaffold4	464827	37	30	30	22	34	24	28	40	24	34	36	28	27	39	47	33	37	50	35	30	23	43	43
Y_scaffold4	464828	37	30	31	22	34	24	28	40	24	34	37	28	27	40	47	33	37	51	35	30	23	43	42
Y_scaffold4	464829	37	30	31	22	34	25	28	40	24	34	37	28	27	40	46	33	37	51	35	28	23	42	42
Y_scaffold4	464830	38	29	31	22	34	25	28	41	24	35	38	28	28	40	47	33	37	49	35	28	24	42	42
Y_scaffold4	464831	38	30	33	23	35	25	27	40	25	35	38	29	28	40	48	34	36	47	35	28	23	42	40
Y_scaffold4	464832	38	30	33	23	37	25	26	40	25	35	38	29	29	40	48	35	36	47	35	28	23	41	40
Y_scaffold4	464833	38	30	33	24	37	26	26	41	25	35	37	29	30	40	48	34	36	47	36	28	23	41	40
Y_scaffold4	464834	38	30	32	24	38	26	26	40	26	35	37	29	29	39	48	34	37	47	36	28	23	41	40
Y_scaffold4	464835	37	31	32	24	39	26	26	39	27	34	37	29	29	38	49	34	36	48	37	28	24	41	39
Y_scaffold4	464836	37	31	31	24	39	26	26	39	27	34	37	29	29	38	49	35	37	49	36	28	23	41	39
Y_scaffold4	464837	36	32	31	24	39	26	26	39	27	34	38	29	29	38	49	35	37	48	36	28	23	44	39
Y_scaffold4	464838	36	31	31	24	39	26	25	38	26	33	37	29	30	39	49	35	37	48	37	28	23	44	39
Y_scaffold4	464839	38	31	31	24	38	26	25	38	25	33	37	29	28	39	49	35	37	48	37	28	23	44	40
Y_scaffold4	464840	38	31	31	23	37	26	25	39	26	33	37	30	28	39	47	36	37	48	40	29	23	43	40
Y_scaffold4	464841	38	32	31	23	37	27	25	39	26	32	36	30	27	39	47	36	37	48	40	29	23	44	41
Y_scaffold4	464842	37	32	31	23	37	27	25	39	26	32	36	30	26	39	46	36	37	48	40	31	23	44	41
Y_scaffold4	464843	37	32	30	24	37	27	25	41	28	32	36	32	25	39	47	37	37	48	39	33	23	43	43
Y_scaffold4	464844	36	32	30	24	37	27	25	41	27	32	36	32	25	39	47	37	37	48	38	33	22	43	43
Y_scaffold4	464845	35	32	29	24	37	27	25	40	27	33	35	32	25	38	47	37	37	48	38	33	22	43	44
Y_scaffold4	464846	36	32	28	24	37	27	25	40	28	33	36	32	25	38	49	37	37	48	38	33	22	44	44
Y_scaffold4	464847	36	32	28	21	38	27	25	40	29	33	35	33	24	38	51	37	36	46	38	33	22	44	43
Y_scaffold4	464848	36	32	28	20	38	27	24	40	29	32	35	34	24	37	50	37	36	46	38	33	22	45	43
Y_scaffold4	464849	36	32	28	20	38	27	24	40	29	32	36	34	24	37	54	38	36	46	37	34	22	45	43
Y_scaffold4	464850	36	34	28	20	39	27	23	40	29	32	36	33	24	39	54	39	36	46	35	34	22	46	44
Y_scaffold4	464851	36	34	28	20	39	27	23	40	29	32	35	33	24	38	55	40	37	46	34	34	22	46	46
Y_scaffold4	464852	36	34	28	20	39	27	23	40	29	33	36	33	24	37	55	40	37	46	35	34	22	47	45
Y_scaffold4	464853	36	34	28	20	39	28	22	40	31	34	36	34	24	37	56	40	38	45	34	35	22	47	44
Y_scaffold4	464854	36	34	28	20	38	29	22	39	30	34	36	34	24	36	56	40	37	46	34	36	22	48	43
Y_scaffold4	464855	37	34	28	20	38	28	24	39	30	34	37	35	24	36	55	39	37	46	34	36	22	47	42
Y_scaffold4	464856	37	34	28	20	38	27	24	38	30	33	37	35	24	35	56	39	37	47	34	36	22	49	42
Y_scaffold4	464857	37	33	28	21	38	27	24	38	30	33	37	36	23	35	54	39	37	48	34	34	22	49	41
Y_scaffold4	464858	39	33	28	21	39	27	25	37	29	32	37	36	24	33	53	38	37	48	34	34	22	48	41
Y_scaffold4	464859	40	33	29	21	39	27	25	37	29	34	36	36	24	33	56	38	37	47	34	34	22	47	41
Y_scaffold4	464860	40	33	29	21	40	28	25	37	29	34	36	35	24	33	55	38	37	48	33	33	22	48	42
Y_scaffold4	464861	40	33	29	21	39	28	25	37	29	33	36	36	24	33	56	38	37	48	35	33	22	47	42
Y_scaffold4	464862	39	33	29	21	38	27	25	36	29	33	36	36	26	32	56	37	37	48	35	33	22	47	41
Y_scaffold4	464863	39	32	28	20	39	27	25	35	29	34	36	35	27	32	57	38	37	47	35	33	22	48	42
Y_scaffold4	464864	39	32	28	20	39	27	25	35	29	34	38	35	27	32	57	39	38	47	37	33	23	48	42
Y_scaffold4	464865	40	32	29	18	39	27	25	35	29	33	41	35	26	31	57	39	38	47	37	33	23	48	42
Y_scaffold4	464866	41	32	29	17	39	27	25	33	29	33	40	36	26	31	57	39	37	47	38	33	23	48	40
Y_scaffold4	464867	41	31	28	17	39	27	25	34	29	32	40	36	27	32	56	39	36	48	39	33	24	47	41
Y_scaffold4	464868	42	31	28	16	38	28	26	34	28	32	40	36	29	32	56	40	36	48	39	33	24	46	41
Y_scaffold4	464869	43	32	28	17	37	28	27	34	27	32	40	36	29	32	56	40	35	49	39	33	24	46	41
Y_scaffold4	464870	43	32	27	17	37	28	26	34	27	32	39	35	29	32	56	40	35	49	39	33	24	46	39
Y_scaffold4	464871	43	32	27	17	37	27	26	34	26	32	39	35	29	32	56	40	35	50	38	33	24	47	39
Y_scaffold4	464872	43	32	27	17	36	27	25	33	25	31	37	35	29	31	57	40	34	49	38	33	24	45	40
Y_scaffold4	464873	46	31	28	18	36	27	25	33	25	31	38	35	28	31	57	40	34	50	38	32	24	45	40
Y_scaffold4	464874	46	32	28	18	37	27	25	33	25	31	39	36	28	31	57	40	33	50	38	31	24	46	39
Y_scaffold4	464875	46	32	27	18	37	28	24	33	26	32	39	36	28	31	57	40	33	49	38	31	24	46	39
Y_scaffold4	464876	46	33	27	18	37	27	24	33	27	34	39	36	28	31	57	40	33	49	38	32	24	46	39
Y_scaffold4	464877	46	34	27	17	37	27	24	33	27	34	40	36	28	30	57	39	33	48	37	32	24	46	38
Y_scaffold4	464878	46	34	27	17	37	26	25	32	27	34	39	36	28	30	56	38	32	48	37	32	23	46	38
Y_scaffold4	464879	45	35	27	18	37	26	26	32	27	34	38	35	29	30	55	39	31	47	38	34	23	45	40
Y_scaffold4	464880	45	35	28	18	37	26	26	32	27	33	39	35	29	30	55	40	31	47	38	34	23	45	40
Y_scaffold4	464881	45	35	28	17	37	26	25	32	28	33	39	35	29	30	55	40	30	47	37	35	23	45	40
Y_scaffold4	464882	45	35	28	17	37	26	25	32	28	33	39	35	30	30	54	40	29	47	37	35	23	45	40
Y_scaffold4	464883	45	35	28	17	37	26	25	33	28	32	40	35	30	29	53	40	29	46	37	35	23	45	39
Y_scaffold4	464884	44	35	28	17	35	26	25	33	28	32	39	35	30	29	53	40	28	46	38	35	23	45	39
Y_scaffold4	464885	44	35	28	17	35	25	25	33	28	32	40	35	30	29	52	40	27	46	38	35	23	44	39
Y_scaffold4	464886	43	34	28	17	34	25	25	33	28	31	40	35	30	29	53	40	27	46	38	35	23	44	39
Y_scaffold4	464887	42	34	28	17	34	25	25	33	28	31	39	34	30	28	53	40	26	46	38	35	21	42	39
Y_scaffold4	464888	42	33	28	17	34	25	26	33	28	31	40	34	30	28	53	40	26	46	39	35	20	42	39
Y_scaffold4	464889	42	33	27	17	33	25	26	33	28	31	40	34	30	28	53	40	26	46	39	35	20	42	39
Y_scaffold4	464890	42	34	27	18	34	26	26	33	28	31	41	34	30	29	52	40	26	47	40	36	22	43	40
Y_scaffold4	464891	42	34	28	17	34	26	26	33	28	31	41	34	29	28	52	38	25	47	40	36	23	43	39
Y_scaffold4	464892	42	33	28	17	33	26	26	33	28	30	41	34	30	28	52	38	25	45	40	36	23	42	38
Y_scaffold4	464893	41	33	28	17	33	26	25	35	29	31	41	35	31	28	51	38	26	45	40	37	23	42	39
Y_scaffold4	464894	41	32	27	17	33	26	25	35	29	31	41	35	31	28	51	38	26	45	39	37	23	43	39
Y_scaffold4	464895	41	32	27	17	33	26	26	35	29	31	41	35	31	28	51	38	26	45	39	37	23	43	38
Y_scaffold4	464896	41	32	26	16	32	26	26	35	29	31	41	35	31	28	50	38	26	45	39	37	23	43	38
Y_scaffold4	464897	41	32	26	16	31	26	26	35	29	32	41	36	32	28	50	37	26	44	39	37	25	42	38
Y_scaffold4	464898	40	32	26	16	31	26	26	35	28	32	41	36	32	28	49	37	26	44	39	37	25	42	38
Y_scaffold4	464899	41	31	26	16	30	26	26	35	28	32	41	36	32	28	49	37	26	44	39	37	24	42	38
Y_scaffold4	464900	41	31	25	16	30	26	26	35	28	32	41	38	32	28	49	37	26	44	39	37	24	42	38
Y_scaffold4	464901	40	31	25	16	30	26	26	35	28	31	41	38	31	27	49	37	26	43	38	38	24	42	37
Y_scaffold4	464902	42	31	25	16	32	28	26	35	27	31	41	38	31	28	51	37	26	44	39	39	24	43	37
Y_scaffold4	464903	42	31	25	16	33	27	26	35	28	30	41	39	32	28	52	37	26	44	39	39	24	43	37
Y_scaffold4	464904	42	29	25	16	33	27	25	35	27	30	42	39	32	27	52	37	26	45	39	39	25	43	37
Y_scaffold4	464905	42	29	25	15	33	27	25	35	28	31	42	38	31	27	52	38	26	44	39	40	25	42	37
Y_scaffold4	464906	42	28	25	15	33	25	25	35	28	30	42	38	31	27	51	39	25	45	40	40	24	42	38
Y_scaffold4	464907	43	28	25	15	32	25	25	36	29	30	42	39	31	27	51	39	25	44	40	40	24	42	38
Y_scaffold4	464908	43	28	26	15	32	24	25	36	29	29	42	39	31	26	51	39	26	44	40	40	24	42	38
Y_scaffold4	464909	43	29	27	15	32	24	25	34	29	29	42	38	32	26	52	39	26	44	41	38	26	44	38
Y_scaffold4	464910	44	29	27	15	32	24	25	35	29	29	42	38	32	26	52	39	26	44	41	38	26	45	37
Y_scaffold4	464911	44	29	27	16	31	24	25	35	29	29	42	38	32	26	52	39	26	44	42	37	26	45	37
Y_scaffold4	464912	42	31	27	16	31	24	25	35	29	29	41	38	30	25	52	39	26	44	42	36	26	45	37
Y_scaffold4	464913	42	31	27	15	31	24	25	35	29	28	41	38	30	26	52	39	26	43	41	35	26	44	37
Y_scaffold4	464914	43	31	26	15	31	24	24	35	29	28	40	38	30	25	52	39	26	43	41	35	26	44	36
Y_scaffold4	464915	42	31	26	15	31	24	26	35	29	27	41	38	31	26	51	39	25	42	42	35	26	44	36
Y_scaffold4	464916	42	31	26	15	32	25	26	35	29	28	41	38	31	25	50	39	25	42	42	36	26	44	36
Y_scaffold4	464917	42	31	26	17	30	24	25	32	29	27	41	37	30	24	50	39	24	41	42	36	27	43	35
Y_scaffold4	464918	42	32	26	17	30	24	25	32	29	27	41	37	30	25	50	39	24	41	42	37	27	43	35
Y_scaffold4	464919	42	33	27	17	30	24	26	32	29	27	41	38	30	25	50	39	24	40	42	37	27	43	36
Y_scaffold4	464920	42	34	27	17	30	24	27	32	29	27	41	38	30	25	50	38	24	42	42	38	27	43	36
Y_scaffold4	464921	42	34	28	17	31	24	27	32	29	27	41	38	30	26	50	38	24	45	42	38	27	43	36
Y_scaffold4	464922	44	34	28	17	31	24	28	32	29	27	41	38	30	26	50	38	24	44	42	38	27	43	37
Y_scaffold4	464923	44	34	27	17	31	24	29	32	30	27	40	38	30	27	50	39	24	44	41	39	28	43	37
Y_scaffold4	464924	44	34	27	17	30	24	29	33	30	27	42	38	30	27	50	40	23	44	41	39	28	43	37
Y_scaffold4	464925	45	33	27	17	30	24	29	30	30	26	42	38	30	27	50	40	23	44	41	39	28	43	37
Y_scaffold4	464926	45	35	27	17	30	24	28	29	30	26	42	39	31	27	50	40	23	44	41	39	28	42	37
Y_scaffold4	464927	45	35	27	17	31	25	27	29	32	26	41	39	31	27	51	41	23	44	41	39	29	43	40
Y_scaffold4	464928	45	35	27	17	31	24	26	29	32	26	41	38	31	28	52	42	21	46	41	39	29	42	40
Y_scaffold4	464929	45	34	27	17	31	25	25	28	31	26	41	40	30	29	52	43	21	45	41	39	28	40	41
Y_scaffold4	464930	45	33	26	17	32	26	25	28	31	25	40	39	31	28	52	42	20	42	41	40	28	39	40
Y_scaffold4	464931	46	33	26	17	33	26	26	28	31	25	40	39	31	27	52	42	20	42	41	39	28	40	41
Y_scaffold4	464932	45	32	26	17	33	26	25	28	31	25	40	39	31	27	50	42	20	43	41	39	28	40	41
Y_scaffold4	464933	44	33	26	16	33	27	24	28	31	25	40	39	31	27	50	42	20	44	42	38	28	40	41
Y_scaffold4	464934	44	32	26	16	33	26	24	29	32	25	40	39	32	25	50	42	20	45	42	37	27	40	42
Y_scaffold4	464935	44	32	26	17	34	27	24	29	32	25	40	39	32	25	51	41	20	45	42	37	27	40	42
Y_scaffold4	464936	43	32	26	17	34	28	25	29	32	25	40	39	31	25	51	41	20	45	42	36	27	40	42
Y_scaffold4	464937	43	32	25	17	33	27	25	29	32	24	39	40	31	25	50	40	20	44	42	36	27	40	42
Y_scaffold4	464938	43	31	25	17	32	27	26	28	32	23	39	40	31	25	51	41	20	42	44	35	28	40	42
Y_scaffold4	464939	44	31	26	17	33	27	26	28	32	23	40	40	32	25	51	39	20	43	44	36	28	39	41
Y_scaffold4	464940	44	31	26	17	34	27	26	28	32	24	40	40	33	25	51	39	19	43	44	36	29	38	41
Y_scaffold4	464941	44	31	26	17	35	27	25	27	32	23	41	40	33	25	50	38	19	43	44	35	29	38	42
Y_scaffold4	464942	44	30	25	17	36	26	24	27	32	22	39	40	33	25	51	37	19	42	44	36	29	37	44
Y_scaffold4	464943	44	31	26	18	37	25	24	28	33	22	39	40	33	25	51	37	19	42	44	37	29	38	44
Y_scaffold4	464944	44	31	26	18	37	26	24	28	33	22	39	39	33	24	51	37	19	42	45	37	29	39	43
Y_scaffold4	464945	44	31	25	18	37	26	24	28	33	22	38	39	33	24	51	38	19	42	43	38	29	39	43
Y_scaffold4	464946	47	31	25	18	37	26	24	29	33	24	38	39	33	24	53	36	19	42	43	38	29	39	43
Y_scaffold4	464947	45	32	26	19	37	26	24	30	32	25	40	39	33	22	52	37	18	45	42	38	30	41	43
Y_scaffold4	464948	45	33	27	19	37	26	24	30	33	25	40	39	35	22	51	37	18	45	43	38	30	41	44
Y_scaffold4	464949	45	34	27	19	37	27	24	30	33	25	41	38	35	23	51	36	18	44	43	38	30	40	43
Y_scaffold4	464950	46	34	26	19	37	27	24	29	34	25	41	38	35	26	51	36	17	44	43	38	30	40	43
Y_scaffold4	464951	44	33	26	18	36	28	24	28	33	25	41	38	35	25	51	37	17	43	42	38	30	40	42
Y_scaffold4	464952	44	33	25	18	36	28	24	28	33	25	40	38	35	24	52	37	18	43	42	39	30	40	42
Y_scaffold4	464953	44	33	24	18	35	28	24	29	34	26	42	38	35	24	52	37	18	41	42	38	30	39	42
Y_scaffold4	464954	43	33	23	18	34	28	24	29	34	26	41	39	35	23	52	37	18	41	43	38	28	39	42
Y_scaffold4	464955	43	33	22	17	35	28	24	30	34	26	40	39	35	23	51	37	18	41	42	38	28	37	44
Y_scaffold4	464956	43	33	22	17	35	27	24	30	34	24	40	39	35	22	51	36	18	41	42	38	27	37	43
Y_scaffold4	464957	43	33	22	17	35	27	23	30	33	24	42	39	35	22	51	36	18	41	42	38	27	38	43
Y_scaffold4	464958	43	33	22	17	35	28	24	30	33	25	42	39	35	23	51	37	18	43	42	38	27	37	43
Y_scaffold4	464959	42	33	22	17	33	27	24	29	33	25	42	39	35	23	51	37	18	44	42	38	27	35	43
Y_scaffold4	464960	43	33	22	17	34	27	24	30	33	25	42	38	35	23	50	37	17	44	42	39	28	35	43
Y_scaffold4	464961	43	33	22	16	34	27	23	30	33	25	42	38	36	24	51	37	18	44	43	39	28	36	43
Y_scaffold4	464962	42	33	22	16	34	27	22	30	32	25	41	39	36	24	49	37	17	43	42	37	26	36	43
Y_scaffold4	464963	42	33	22	17	34	27	23	30	31	25	42	39	36	24	50	37	17	43	42	37	26	36	43
Y_scaffold4	464964	42	33	22	17	34	27	23	30	31	25	42	39	36	24	49	38	17	41	42	36	26	36	42
Y_scaffold4	464965	43	34	22	17	35	27	22	30	31	25	41	39	35	24	48	38	17	41	43	37	26	36	41
Y_scaffold4	464966	43	34	22	17	35	27	23	31	30	25	41	39	34	24	48	38	17	40	43	38	25	37	41
Y_scaffold4	464967	43	34	22	17	34	27	23	32	30	25	40	38	35	24	48	37	17	40	43	38	25	37	41
Y_scaffold4	464968	42	34	20	17	34	27	23	32	30	25	40	38	36	24	50	37	17	40	43	38	25	37	41
Y_scaffold4	464969	42	34	20	16	34	27	23	31	29	25	40	38	36	24	50	37	18	41	43	38	25	38	41
Y_scaffold4	464970	42	34	20	16	34	26	23	31	29	25	40	38	36	24	50	37	18	41	43	38	26	37	41
Y_scaffold4	464971	41	35	20	16	35	26	24	33	29	24	40	39	36	24	50	37	18	41	43	38	27	37	40
Y_scaffold4	464972	42	34	19	16	35	26	24	33	30	25	40	39	36	25	50	36	17	41	43	39	26	37	41
Y_scaffold4	464973	43	34	19	16	34	27	24	33	30	25	40	40	36	26	49	37	18	41	43	39	25	37	40
Y_scaffold4	464974	44	33	18	16	34	25	24	33	31	25	41	41	36	26	48	37	18	40	43	39	25	37	40
Y_scaffold4	464975	44	33	18	17	35	25	25	33	31	25	41	40	36	26	49	36	17	40	43	38	26	37	40
Y_scaffold4	464976	44	33	19	17	36	25	26	33	31	25	41	39	36	26	49	36	16	40	43	38	25	37	41
Y_scaffold4	464977	44	33	19	17	36	25	26	33	31	24	40	40	36	26	50	36	16	41	43	38	27	39	41
Y_scaffold4	464978	44	33	18	17	36	24	28	33	31	24	39	40	36	25	51	37	16	40	44	39	27	39	41
Y_scaffold4	464979	45	33	19	18	36	24	28	33	32	24	39	40	36	25	52	37	16	40	44	39	27	39	43
Y_scaffold4	464980	44	33	19	18	36	24	28	32	32	24	39	40	35	25	52	36	17	40	44	38	27	40	43
Y_scaffold4	464981	44	32	17	17	36	25	29	32	31	24	39	39	35	25	52	35	18	40	44	38	27	39	43
Y_scaffold4	464982	44	34	17	17	34	25	29	32	31	24	40	40	34	25	53	34	18	40	44	38	27	39	44
Y_scaffold4	464983	44	34	17	16	34	24	30	31	32	26	39	40	33	25	53	34	18	40	43	38	26	41	45
Y_scaffold4	464984	44	33	18	17	33	24	31	30	30	26	39	40	33	25	53	33	18	40	41	38	26	41	46
Y_scaffold4	464985	44	33	18	17	33	24	31	29	30	26	40	40	33	25	52	33	19	39	42	38	25	41	47
Y_scaffold4	464986	44	33	18	17	33	24	31	29	30	26	39	40	33	24	52	33	19	41	42	38	25	42	47
Y_scaffold4	464987	44	33	18	17	33	25	31	29	30	27	41	40	34	24	53	33	20	41	44	37	25	40	47
Y_scaffold4	464988	44	33	19	17	33	25	31	30	30	27	40	40	33	24	53	33	20	41	44	37	26	40	48
Y_scaffold4	464989	42	33	20	17	33	26	31	30	30	28	42	40	35	24	53	34	22	42	42	36	25	41	48
Y_scaffold4	464990	42	33	20	17	33	25	31	29	29	28	42	39	35	24	53	33	22	42	43	36	25	41	47
Y_scaffold4	464991	44	33	20	18	34	24	31	29	29	28	43	39	36	24	53	33	22	43	44	36	25	41	47
Y_scaffold4	464992	45	33	20	17	34	24	31	28	29	28	43	39	36	24	53	33	22	43	45	34	25	41	47
Y_scaffold4	464993	44	33	20	17	34	24	31	27	28	27	43	37	36	24	52	31	21	44	45	34	25	41	46
Y_scaffold4	464994	44	33	21	17	35	24	31	27	28	27	43	37	36	24	52	31	21	44	45	33	25	40	46
Y_scaffold4	464995	44	33	21	17	35	24	31	27	28	28	42	38	37	24	50	32	22	45	45	33	25	40	47
Y_scaffold4	464996	44	33	21	17	35	24	31	27	26	28	42	37	36	24	48	32	22	45	46	33	25	41	47
Y_scaffold4	464997	44	33	21	17	35	24	31	27	27	28	42	36	36	24	48	31	22	46	46	32	25	40	47
Y_scaffold4	464998	44	33	21	17	35	24	31	27	27	28	42	36	36	24	46	31	22	46	46	32	25	40	47
Y_scaffold4	464999	44	32	20	17	34	24	31	27	27	28	42	36	36	22	44	30	22	46	46	32	25	39	47
Y_scaffold4	465000	45	31	20	17	34	24	31	27	28	30	41	36	38	24	43	28	23	46	45	32	25	39	44
Y_scaffold4	465001	45	31	20	17	34	24	31	27	29	30	41	36	38	25	43	28	22	46	45	32	25	40	45
Y_scaffold4	465002	47	31	20	18	34	24	31	28	29	29	41	36	39	26	43	28	22	47	46	33	26	40	46
Y_scaffold4	465003	48	31	20	17	34	23	31	28	27	28	41	35	39	26	42	28	21	47	46	32	26	40	46
Y_scaffold4	465004	48	31	20	17	34	22	31	28	27	28	40	35	39	26	42	28	21	46	46	31	26	39	46
Y_scaffold4	465005	49	31	20	17	36	23	29	29	27	28	40	34	39	26	42	28	22	46	47	31	27	38	46
Y_scaffold4	465006	49	31	20	17	36	23	29	29	27	27	40	34	39	26	42	29	22	45	47	31	27	37	47
Y_scaffold4	465007	48	31	20	16	36	23	29	29	27	27	40	33	39	26	42	29	22	44	47	31	27	37	47
Y_scaffold4	465008	45	32	22	16	35	24	28	29	27	28	40	35	37	28	40	29	24	44	47	31	27	39	49
Y_scaffold4	465009	45	32	21	17	35	24	28	29	27	25	40	36	37	28	39	29	25	44	47	31	28	39	48
Y_scaffold4	465010	45	32	21	17	34	24	28	29	27	25	40	36	38	28	38	29	28	45	47	33	28	38	47
Y_scaffold4	465011	46	32	21	17	34	24	28	29	28	25	40	37	38	28	38	29	28	45	46	33	28	38	47
Y_scaffold4	465012	46	32	21	17	34	24	29	29	28	25	40	37	36	28	38	29	28	46	46	33	28	38	47
Y_scaffold4	465013	45	32	21	17	35	24	29	29	28	24	39	37	35	28	37	29	27	47	47	33	27	37	47
Y_scaffold4	465014	45	33	21	18	35	24	29	29	28	24	38	38	35	28	39	28	27	47	46	32	28	38	50
Y_scaffold4	465015	45	34	21	18	35	24	29	29	29	24	36	38	35	28	38	28	27	47	46	32	28	38	50
Y_scaffold4	465016	44	34	21	18	35	24	29	29	29	24	35	38	35	28	38	28	27	47	46	32	28	38	49
Y_scaffold4	465017	44	35	21	18	35	24	30	29	29	24	35	38	34	27	38	28	27	46	45	33	26	38	49
Y_scaffold4	465018	42	35	21	18	36	23	29	30	29	25	37	38	33	27	38	27	26	45	45	34	26	38	50
Y_scaffold4	465019	42	33	21	17	36	23	28	30	29	25	37	38	33	27	39	27	27	44	45	35	26	38	50
Y_scaffold4	465020	42	33	21	18	36	23	29	31	29	25	37	38	33	27	39	27	27	43	45	35	26	38	50
Y_scaffold4	465021	42	33	21	18	36	23	29	31	29	26	37	38	34	28	40	28	27	43	45	35	26	37	50
Y_scaffold4	465022	43	33	22	18	36	23	29	31	29	26	37	39	34	28	39	28	27	43	47	34	26	38	49
Y_scaffold4	465023	40	33	21	17	36	23	29	31	29	26	36	39	34	28	39	29	27	42	47	34	26	39	50
Y_scaffold4	465024	40	32	21	18	36	23	29	31	29	26	35	39	34	28	39	29	27	42	48	34	26	39	50
Y_scaffold4	465025	40	31	21	18	36	22	29	31	27	25	35	39	34	28	38	30	27	42	48	33	26	40	50
Y_scaffold4	465026	40	30	21	19	37	22	29	32	27	25	34	40	34	28	38	30	27	42	48	34	26	41	50
Y_scaffold4	465027	40	31	21	19	37	22	28	32	27	25	34	40	34	28	38	29	27	42	48	34	26	42	50
Y_scaffold4	465028	40	30	21	20	37	22	27	32	27	25	34	40	34	28	38	29	27	42	48	33	26	43	48
Y_scaffold4	465029	40	30	21	19	37	22	28	32	27	25	34	40	33	28	38	29	27	42	47	32	26	44	48
Y_scaffold4	465030	41	30	21	19	37	22	28	33	26	25	33	40	33	29	39	28	27	45	48	32	30	45	49
Y_scaffold4	465031	40	30	21	19	37	24	28	34	27	25	33	40	33	29	39	28	28	45	48	31	31	45	49
Y_scaffold4	465032	40	29	21	19	37	24	28	33	27	25	33	38	32	29	39	28	28	46	48	31	31	45	49
Y_scaffold4	465033	40	29	21	19	38	24	28	33	28	25	33	39	32	29	39	27	28	46	48	32	31	45	49
Y_scaffold4	465034	40	29	22	19	38	24	28	34	28	25	33	39	32	29	39	27	28	46	50	32	31	45	51
Y_scaffold4	465035	40	29	23	19	38	23	28	34	28	25	32	39	32	29	39	26	29	45	50	32	31	45	51
Y_scaffold4	465036	39	29	23	18	38	23	28	34	28	25	32	40	32	27	38	26	29	45	50	32	31	45	51
Y_scaffold4	465037	40	29	23	17	38	23	26	34	28	25	31	41	32	27	38	26	29	45	49	31	31	46	52
Y_scaffold4	465038	40	28	23	17	38	23	26	34	29	25	30	41	32	27	38	26	29	45	49	31	31	45	51
Y_scaffold4	465039	42	28	23	18	38	23	26	35	29	25	30	41	31	27	38	26	30	44	50	31	30	46	51
Y_scaffold4	465040	43	29	23	18	37	23	27	36	29	25	30	41	31	27	38	27	30	44	51	31	29	46	51
Y_scaffold4	465041	43	30	23	18	37	23	27	36	29	26	30	40	30	27	38	28	29	44	51	31	29	47	50
Y_scaffold4	465042	43	30	23	18	36	23	28	36	28	26	32	41	29	28	38	28	29	45	53	32	30	48	50
Y_scaffold4	465043	43	30	23	18	36	23	28	34	28	25	32	41	29	29	38	28	29	45	52	31	30	48	50
Y_scaffold4	465044	43	30	23	18	37	23	28	34	28	26	32	41	29	29	38	28	29	46	52	31	30	47	50
Y_scaffold4	465045	43	30	23	18	37	22	27	34	28	26	32	41	29	29	38	28	29	47	52	31	30	47	51
Y_scaffold4	465046	44	30	23	18	37	22	27	34	29	26	32	41	30	29	38	28	29	47	52	31	30	47	50
Y_scaffold4	465047	44	30	23	18	37	22	27	34	29	25	33	41	29	30	38	28	29	47	53	32	28	48	51
Y_scaffold4	465048	44	31	23	18	39	23	27	36	30	25	33	41	30	29	38	28	30	47	53	31	29	49	52
Y_scaffold4	465049	44	32	23	18	38	23	27	36	31	25	33	40	30	29	38	28	31	46	53	31	30	47	53
Y_scaffold4	465050	42	32	24	18	39	22	27	35	30	26	33	37	30	30	38	28	31	47	51	30	30	48	53
Y_scaffold4	465051	43	33	24	18	39	21	28	34	30	26	33	37	30	30	37	28	31	47	52	30	30	48	54
Y_scaffold4	465052	43	33	24	18	39	21	28	34	30	26	33	37	29	30	36	28	31	47	52	30	30	48	54
Y_scaffold4	465053	43	33	24	18	38	21	28	34	31	26	34	38	29	30	35	29	31	48	51	30	30	48	55
Y_scaffold4	465054	43	33	24	18	38	22	28	36	31	26	33	39	29	30	36	29	33	48	51	31	31	48	55
Y_scaffold4	465055	43	33	24	18	38	22	28	35	30	25	33	39	29	30	34	28	33	48	51	30	31	47	55
Y_scaffold4	465056	43	34	25	18	38	22	28	35	30	26	33	39	29	30	35	28	34	47	50	30	31	47	54
Y_scaffold4	465057	41	34	24	18	38	22	28	34	30	26	33	37	29	30	36	31	33	47	50	31	31	48	54
Y_scaffold4	465058	41	34	23	19	38	23	28	34	30	26	34	37	28	30	36	32	32	47	51	31	29	48	54
Y_scaffold4	465059	41	33	23	20	39	23	28	36	29	26	34	39	28	30	36	32	34	48	52	31	29	47	55
Y_scaffold4	465060	40	33	25	21	38	23	28	35	29	27	34	39	27	30	36	32	35	48	52	31	29	46	56
Y_scaffold4	465061	40	33	25	21	38	23	28	35	29	27	34	38	27	31	36	32	35	47	51	31	29	46	56
Y_scaffold4	465062	40	31	25	21	37	23	28	36	29	27	34	38	27	31	36	32	35	47	51	31	29	46	57
Y_scaffold4	465063	39	31	25	22	38	23	28	36	31	27	34	38	28	31	36	32	35	47	51	31	29	47	57
Y_scaffold4	465064	40	31	25	22	39	23	28	36	32	28	34	38	28	32	36	32	35	47	51	31	29	47	57
Y_scaffold4	465065	40	31	25	23	39	23	26	36	32	27	33	38	28	32	36	32	35	49	50	31	29	47	57
Y_scaffold4	465066	40	31	25	23	39	23	26	36	32	27	34	39	28	32	36	32	36	51	50	30	29	48	59
Y_scaffold4	465067	42	32	25	21	40	23	26	36	33	27	34	40	28	33	36	32	36	51	51	30	28	49	61
Y_scaffold4	465068	42	31	25	22	40	23	26	36	33	27	34	40	28	34	36	32	36	53	51	29	28	51	61
Y_scaffold4	465069	42	30	24	22	40	23	25	36	33	27	34	39	28	34	36	32	36	51	52	30	28	51	60
Y_scaffold4	465070	42	29	24	22	40	23	24	37	33	27	34	40	27	35	36	32	37	51	53	29	29	51	61
Y_scaffold4	465071	42	28	23	22	39	24	24	37	32	27	34	40	27	34	36	31	37	48	53	29	29	51	61
Y_scaffold4	465072	40	29	23	22	40	25	23	37	32	27	34	40	28	34	36	31	37	49	53	29	29	51	60
Y_scaffold4	465073	40	30	23	22	40	26	22	37	31	28	34	40	29	33	36	29	37	49	53	29	28	51	60
Y_scaffold4	465074	39	29	23	22	40	26	22	36	31	28	32	41	30	33	36	29	37	50	54	29	28	51	60
Y_scaffold4	465075	38	30	23	22	40	28	22	38	31	29	32	43	31	33	35	29	37	50	54	29	28	51	59
Y_scaffold4	465076	38	28	23	22	39	28	22	38	30	29	32	42	30	33	35	29	37	51	54	29	28	51	58
