Y_scaffold3	3629	31	28	33	25	27	30	32	33	29	22	32	36	33	28	46	39	34	36	32	28	23	54	46
Y_scaffold3	3630	30	28	33	25	27	30	31	33	29	22	32	36	32	27	46	39	33	36	32	29	23	55	46
Y_scaffold3	3631	30	28	33	24	27	30	32	33	29	22	32	36	32	27	46	39	33	36	32	29	23	55	46
Y_scaffold3	3632	30	29	33	25	27	30	32	34	29	22	33	35	32	27	44	39	33	36	32	29	23	55	47
Y_scaffold3	3633	28	28	34	23	27	28	32	34	29	22	32	35	33	26	44	39	33	35	31	29	23	55	47
Y_scaffold3	3634	28	28	33	23	27	28	32	34	29	22	32	35	33	26	43	40	33	35	29	29	20	55	49
Y_scaffold3	3635	28	28	32	22	26	27	32	33	29	22	33	34	33	26	42	40	33	35	28	29	20	55	49
Y_scaffold3	3636	29	28	31	22	26	27	32	33	29	22	33	34	33	27	42	40	33	35	28	30	20	55	49
Y_scaffold3	3637	28	29	31	22	25	27	31	33	29	23	33	34	32	27	43	40	33	33	28	28	20	55	50
Y_scaffold3	3638	30	29	30	22	25	26	30	33	29	23	33	32	32	27	43	40	33	34	28	27	20	55	49
Y_scaffold3	3639	30	29	31	21	25	26	30	33	29	23	32	33	32	27	42	40	33	33	28	27	21	55	49
Y_scaffold3	3640	30	28	31	21	25	26	30	33	28	22	32	33	32	26	42	38	33	32	28	27	20	54	48
Y_scaffold3	3641	30	28	31	20	25	26	30	33	28	22	32	34	32	26	43	38	33	32	28	29	20	52	49
Y_scaffold3	3642	30	28	30	20	25	25	30	33	28	22	32	35	32	26	41	37	33	31	28	29	20	52	49
Y_scaffold3	3643	30	28	30	20	24	24	31	33	28	22	32	33	31	27	39	36	31	31	29	29	20	52	50
Y_scaffold3	3644	30	28	30	20	25	23	31	33	28	22	32	32	31	28	39	36	32	32	29	29	20	54	50
Y_scaffold3	3645	30	28	30	20	25	24	31	33	27	22	32	32	31	28	39	37	31	31	29	30	21	53	50
Y_scaffold3	3646	30	27	30	20	25	24	30	32	27	22	33	31	30	28	39	37	31	32	28	29	21	53	51
Y_scaffold3	3647	30	27	31	20	25	23	30	33	26	21	34	31	29	27	39	37	31	32	28	30	21	53	51
Y_scaffold3	3648	30	27	31	20	25	23	29	33	26	21	33	31	29	27	39	37	31	33	28	29	21	53	51
Y_scaffold3	3649	32	27	32	20	24	23	29	32	26	21	33	29	31	27	38	37	31	33	28	30	21	53	51
Y_scaffold3	3650	32	27	32	20	24	24	28	32	26	21	33	29	31	27	39	37	30	33	28	30	21	52	51
Y_scaffold3	3651	32	27	33	20	25	24	28	31	26	21	32	29	30	27	39	36	30	34	28	30	21	51	50
Y_scaffold3	3652	32	27	33	19	25	23	28	31	27	21	32	29	30	27	39	34	33	34	28	30	21	51	50
Y_scaffold3	3653	31	27	34	20	25	23	28	30	27	21	32	29	30	27	39	34	33	34	27	30	21	50	50
Y_scaffold3	3654	30	27	33	20	25	23	29	30	26	21	33	29	30	27	39	34	35	34	27	29	21	51	51
Y_scaffold3	3655	30	27	33	19	25	23	29	30	26	21	33	29	30	27	39	34	34	34	27	29	21	52	51
Y_scaffold3	3656	31	28	32	21	26	23	29	30	26	21	32	29	29	27	40	34	34	33	27	30	21	53	52
Y_scaffold3	3657	31	28	32	21	27	23	28	30	26	20	31	28	29	27	40	33	34	33	27	30	21	53	52
Y_scaffold3	3658	31	28	31	21	27	23	28	29	27	20	31	28	29	27	40	33	34	31	27	30	20	53	52
Y_scaffold3	3659	33	26	31	21	27	23	29	29	26	20	32	28	28	27	40	33	34	31	27	30	20	53	53
Y_scaffold3	3660	33	26	31	21	27	23	29	30	27	20	32	28	28	27	38	32	34	31	27	30	19	53	53
Y_scaffold3	3661	33	24	31	21	27	22	28	29	28	19	32	28	28	27	38	32	34	31	27	28	19	54	54
Y_scaffold3	3662	34	24	32	21	27	23	28	30	28	19	32	28	28	27	38	33	34	31	27	28	19	55	54
Y_scaffold3	3663	34	24	32	21	27	23	28	30	27	19	32	27	28	27	40	33	34	31	26	28	18	54	55
Y_scaffold3	3664	34	23	34	21	28	23	28	32	27	19	33	27	28	27	41	33	32	32	27	29	18	55	54
Y_scaffold3	3665	34	23	34	20	28	23	28	31	27	18	31	27	28	26	41	32	31	30	27	28	17	54	54
Y_scaffold3	3666	33	23	34	20	28	23	28	31	27	18	30	27	28	26	41	32	31	29	27	28	17	54	54
Y_scaffold3	3667	33	23	34	20	28	22	29	31	27	19	29	28	29	26	41	31	31	30	27	29	16	54	54
Y_scaffold3	3668	32	23	34	20	27	22	30	31	27	19	30	28	29	26	40	31	31	31	26	29	16	54	54
Y_scaffold3	3669	32	23	34	20	27	22	30	31	27	19	30	28	29	26	40	32	31	31	26	29	16	53	54
Y_scaffold3	3670	33	23	34	20	27	22	29	32	26	20	30	28	28	25	39	32	31	30	26	28	16	53	54
Y_scaffold3	3671	33	23	34	22	28	23	29	32	26	20	30	29	28	25	40	32	31	30	26	28	16	53	56
Y_scaffold3	3672	32	23	34	22	28	24	29	32	26	20	31	29	28	25	40	32	31	31	26	29	16	53	56
Y_scaffold3	3673	33	23	33	22	28	24	29	32	26	20	31	29	28	25	40	32	31	30	24	29	16	52	57
Y_scaffold3	3674	32	23	34	22	29	24	29	33	26	20	31	28	28	25	40	32	31	30	24	28	16	52	57
Y_scaffold3	3675	32	22	34	21	29	24	29	32	26	20	30	27	28	25	39	32	31	30	24	28	16	52	57
Y_scaffold3	3676	32	22	33	21	29	24	29	31	26	20	30	28	28	24	39	32	31	31	23	27	16	53	57
Y_scaffold3	3677	32	22	34	21	30	24	29	32	27	19	30	27	27	22	40	32	32	31	23	27	16	53	57
Y_scaffold3	3678	33	22	34	21	30	24	29	32	27	19	30	27	27	22	40	33	32	31	24	26	16	53	59
Y_scaffold3	3679	33	22	34	21	30	24	29	32	27	19	30	26	26	22	40	33	31	31	23	26	16	53	59
Y_scaffold3	3680	34	23	34	21	30	24	29	32	27	18	30	26	26	22	42	33	31	32	23	26	16	53	58
Y_scaffold3	3681	34	22	34	21	30	24	29	32	27	18	30	25	26	22	42	33	31	32	23	26	16	53	58
Y_scaffold3	3682	34	22	33	22	30	24	29	32	27	18	30	25	26	22	43	31	31	32	24	26	15	53	56
Y_scaffold3	3683	32	23	33	23	30	24	29	33	28	18	30	25	26	23	45	32	31	33	25	26	15	53	56
Y_scaffold3	3684	32	23	33	24	30	24	30	33	28	18	31	26	26	23	45	32	31	33	25	26	16	54	56
Y_scaffold3	3685	32	23	33	23	29	24	30	32	28	19	32	26	25	22	44	33	31	34	26	26	16	54	57
Y_scaffold3	3686	32	23	33	24	28	24	30	32	28	19	32	26	27	23	44	33	31	33	26	25	16	54	56
Y_scaffold3	3687	32	23	32	24	28	24	30	32	28	19	32	26	28	23	44	32	31	33	28	25	16	55	56
Y_scaffold3	3688	31	26	32	24	29	24	30	32	28	19	31	26	28	23	44	32	33	34	28	25	17	55	55
Y_scaffold3	3689	31	27	32	24	29	24	30	32	28	19	31	26	27	23	45	32	33	35	28	24	17	53	55
Y_scaffold3	3690	32	27	33	24	29	23	30	32	28	21	32	26	27	23	46	33	33	35	28	25	17	53	55
Y_scaffold3	3691	32	27	34	23	31	23	30	32	28	21	33	26	28	24	46	33	31	36	28	26	17	53	55
Y_scaffold3	3692	32	27	34	24	31	23	30	32	28	21	33	26	27	24	46	33	31	36	28	26	16	53	54
Y_scaffold3	3693	32	27	34	24	31	24	31	32	29	21	33	26	27	24	47	33	31	36	28	26	16	53	54
Y_scaffold3	3694	32	27	34	24	31	24	31	31	29	20	33	26	27	24	47	33	32	35	28	26	15	52	53
Y_scaffold3	3695	32	28	34	26	32	24	31	31	29	19	33	26	28	24	50	34	33	37	27	27	15	53	53
Y_scaffold3	3696	33	28	34	26	32	23	31	31	29	19	32	27	29	24	50	34	33	38	27	27	15	55	53
Y_scaffold3	3697	33	28	34	26	32	24	31	32	29	19	32	27	29	23	50	34	35	38	27	28	16	55	53
Y_scaffold3	3698	33	26	34	26	32	23	30	31	29	19	31	27	29	23	50	34	36	38	27	28	17	55	53
Y_scaffold3	3699	34	27	35	27	32	23	30	31	29	19	31	27	29	23	50	34	37	38	27	28	17	56	52
Y_scaffold3	3700	34	27	35	27	32	23	30	31	28	18	31	26	28	23	50	33	37	38	27	28	16	55	52
Y_scaffold3	3701	33	26	35	27	33	23	31	31	28	18	31	26	28	24	49	33	38	38	27	30	14	55	52
Y_scaffold3	3702	33	26	36	28	33	23	31	31	28	18	31	26	28	24	48	33	38	38	27	30	14	55	51
Y_scaffold3	3703	33	26	37	28	32	23	31	30	28	18	30	27	28	24	49	34	38	39	27	30	15	54	51
Y_scaffold3	3704	34	25	37	29	32	23	32	29	27	18	30	27	28	24	49	34	37	38	26	30	15	54	51
Y_scaffold3	3705	34	25	37	29	32	24	32	29	27	18	30	27	28	24	49	34	39	38	25	30	15	55	52
Y_scaffold3	3706	34	25	37	29	32	24	31	29	27	18	30	27	30	24	49	34	39	38	25	30	15	55	52
Y_scaffold3	3707	34	26	37	29	32	25	31	31	27	19	30	28	30	24	49	34	39	38	26	30	15	55	52
Y_scaffold3	3708	34	26	37	30	31	25	30	31	29	19	30	27	30	25	49	34	38	38	27	30	15	55	52
Y_scaffold3	3709	36	26	37	30	31	25	30	32	29	20	30	26	30	25	49	35	39	38	27	30	15	55	53
Y_scaffold3	3710	38	27	37	30	31	25	31	32	29	20	30	26	28	25	48	35	39	38	27	30	16	55	53
Y_scaffold3	3711	38	28	37	30	31	24	31	32	29	20	29	26	30	25	47	35	39	38	28	31	20	55	52
Y_scaffold3	3712	37	28	37	30	31	22	31	34	28	21	30	26	30	25	48	35	39	38	27	31	20	55	51
Y_scaffold3	3713	38	28	37	31	31	22	30	33	27	21	30	27	29	26	47	35	39	37	27	31	20	53	51
Y_scaffold3	3714	39	29	37	31	31	23	31	33	27	21	30	27	29	26	47	35	39	37	27	30	20	54	50
Y_scaffold3	3715	39	28	36	30	31	23	31	33	27	22	30	28	30	26	46	35	40	37	28	30	20	53	51
Y_scaffold3	3716	39	28	35	30	31	23	31	33	27	22	30	28	30	26	46	35	40	38	27	30	20	54	50
Y_scaffold3	3717	39	28	35	28	30	23	31	32	27	22	29	28	29	25	46	35	39	37	28	30	20	55	51
Y_scaffold3	3718	38	28	35	28	30	23	31	32	28	22	29	28	29	24	46	35	39	37	28	30	21	55	50
Y_scaffold3	3719	38	28	35	28	30	23	32	32	28	22	29	28	29	24	47	35	39	37	28	30	21	55	49
Y_scaffold3	3720	37	27	35	28	30	22	32	34	28	22	30	29	29	25	47	35	39	38	28	30	21	55	50
Y_scaffold3	3721	37	27	34	28	30	22	31	34	28	22	30	29	28	25	46	35	39	38	28	30	20	54	51
Y_scaffold3	3722	38	29	35	29	30	23	31	35	27	22	31	30	29	24	46	35	41	38	29	30	20	54	51
Y_scaffold3	3723	39	29	35	28	30	23	31	36	28	21	33	30	30	24	46	36	42	38	29	30	20	54	51
Y_scaffold3	3724	39	29	35	28	33	23	31	36	28	21	33	29	30	24	46	36	42	38	29	30	20	56	52
Y_scaffold3	3725	40	30	35	28	33	23	31	36	27	21	33	29	29	24	46	36	42	38	29	30	20	55	52
Y_scaffold3	3726	40	30	35	28	33	23	32	36	27	21	33	29	29	23	47	36	41	37	29	30	20	55	52
Y_scaffold3	3727	40	31	35	28	34	24	33	35	28	20	34	29	30	23	47	37	42	37	31	31	20	55	53
Y_scaffold3	3728	39	32	35	28	33	24	32	36	28	20	34	29	30	23	47	37	43	37	30	30	20	56	54
Y_scaffold3	3729	40	32	33	28	32	24	32	36	28	20	34	28	30	23	47	36	42	37	31	31	20	56	53
Y_scaffold3	3730	39	31	33	28	31	22	32	36	27	20	33	28	30	23	47	35	42	36	31	31	19	55	53
Y_scaffold3	3731	40	30	33	28	31	23	32	36	27	20	35	27	31	21	47	36	41	36	31	31	19	56	54
Y_scaffold3	3732	40	30	33	28	31	24	32	36	27	20	35	27	31	21	47	36	42	36	31	31	19	56	54
Y_scaffold3	3733	39	30	33	28	30	24	32	36	27	19	35	27	31	21	47	35	42	36	31	32	19	56	54
Y_scaffold3	3734	39	30	34	28	30	23	32	35	26	19	34	27	31	21	45	35	42	36	31	31	20	56	53
Y_scaffold3	3735	39	31	33	27	30	23	33	34	26	19	33	27	32	20	44	35	42	37	32	31	21	55	52
Y_scaffold3	3736	39	31	33	27	31	23	33	33	26	19	34	28	32	21	44	35	43	37	32	31	21	55	52
Y_scaffold3	3737	39	30	33	27	31	23	33	32	26	19	34	28	32	21	45	35	43	37	33	33	23	54	53
Y_scaffold3	3738	39	30	33	27	32	23	33	32	26	19	34	28	31	20	45	35	43	39	33	33	23	54	53
Y_scaffold3	3739	40	30	32	28	33	23	33	32	25	20	34	29	31	20	45	35	43	39	32	33	24	54	53
Y_scaffold3	3740	41	30	32	28	33	22	32	32	25	20	35	29	32	20	44	36	43	39	32	33	24	53	53
Y_scaffold3	3741	41	30	32	29	33	22	31	32	25	20	35	29	32	21	45	35	43	39	32	32	24	52	52
Y_scaffold3	3742	42	30	32	29	32	23	31	32	25	20	35	29	32	21	45	35	43	39	31	32	23	53	50
Y_scaffold3	3743	42	30	31	29	32	23	31	32	25	21	34	29	31	20	45	34	44	39	31	33	23	53	50
Y_scaffold3	3744	41	29	31	30	33	22	31	32	25	21	33	30	31	20	46	34	43	39	31	33	24	54	51
Y_scaffold3	3745	40	29	30	30	32	22	31	32	25	21	33	31	31	19	46	34	43	39	31	33	24	54	50
Y_scaffold3	3746	39	29	29	30	32	22	30	32	24	20	33	31	31	19	46	34	43	39	32	32	25	54	49
Y_scaffold3	3747	39	29	29	30	32	22	30	31	24	18	31	34	30	18	45	34	43	39	32	33	25	54	48
Y_scaffold3	3748	39	30	29	29	31	21	29	30	26	19	30	34	30	18	44	34	43	38	33	32	25	53	48
Y_scaffold3	3749	40	31	30	29	31	21	29	31	26	19	32	33	30	18	44	34	43	38	33	32	26	54	50
Y_scaffold3	3750	39	31	30	29	31	22	29	30	24	19	31	33	30	18	44	34	42	37	33	32	26	53	50
Y_scaffold3	3751	39	31	29	29	32	22	29	30	24	19	31	33	30	18	44	34	41	37	33	32	26	53	50
Y_scaffold3	3752	40	30	29	30	32	22	29	30	26	18	30	32	30	18	44	34	41	37	34	32	27	50	49
Y_scaffold3	3753	40	31	28	30	32	23	28	30	26	18	30	31	30	18	44	34	40	37	34	33	26	50	49
Y_scaffold3	3754	40	30	28	30	32	24	28	30	25	19	30	30	30	17	45	34	39	38	33	33	26	50	48
Y_scaffold3	3755	42	30	28	30	32	24	28	30	26	19	30	30	29	17	45	35	39	37	33	33	26	49	48
Y_scaffold3	3756	42	30	28	30	31	24	27	30	26	19	30	30	29	18	46	35	39	37	32	33	26	49	48
Y_scaffold3	3757	42	30	27	30	31	24	27	31	26	19	30	31	28	19	46	35	41	36	31	33	27	48	47
Y_scaffold3	3758	42	30	27	30	31	24	28	30	26	18	30	31	28	21	46	35	41	36	31	33	27	48	47
Y_scaffold3	3759	42	30	26	30	30	24	28	31	26	18	31	31	28	21	46	33	41	36	31	33	27	48	47
Y_scaffold3	3760	42	30	26	30	29	24	27	30	26	18	30	31	28	21	45	33	40	36	31	33	28	48	47
Y_scaffold3	3761	41	30	27	30	29	24	27	30	27	16	30	31	28	21	43	34	41	36	32	34	28	48	47
Y_scaffold3	3762	40	31	27	30	31	25	28	31	28	16	30	31	30	21	44	34	40	36	31	34	29	45	47
Y_scaffold3	3763	40	31	27	30	31	25	27	32	28	16	30	31	31	21	44	34	41	36	30	34	29	45	47
Y_scaffold3	3764	40	31	27	30	31	25	27	32	28	16	31	31	31	21	44	34	41	35	29	34	29	46	44
Y_scaffold3	3765	40	31	25	30	31	25	27	32	28	16	32	31	31	21	44	35	41	36	29	34	29	46	44
Y_scaffold3	3766	39	31	25	30	31	25	27	32	28	16	31	31	31	22	44	34	41	37	29	33	29	46	43
Y_scaffold3	3767	39	32	25	30	31	25	27	32	27	16	31	30	30	23	44	34	42	37	29	33	29	46	43
Y_scaffold3	3768	40	32	25	29	30	26	27	31	25	17	31	30	31	23	45	35	42	39	31	33	29	46	43
Y_scaffold3	3769	40	32	25	29	29	26	27	31	24	17	31	30	32	23	45	34	41	39	31	33	29	47	43
Y_scaffold3	3770	40	32	25	29	28	26	26	31	25	17	31	30	32	22	45	34	42	39	31	33	29	46	43
Y_scaffold3	3771	40	32	25	29	28	25	25	31	26	16	33	30	32	22	45	35	42	38	31	33	30	46	43
Y_scaffold3	3772	40	31	25	29	28	25	25	31	25	16	33	30	33	22	45	35	42	38	31	33	30	45	42
Y_scaffold3	3773	40	30	25	29	28	25	25	31	25	16	33	30	33	22	45	35	41	38	31	33	30	45	42
Y_scaffold3	3774	40	31	25	29	28	24	24	31	26	16	33	30	33	21	45	35	42	38	32	33	30	45	43
Y_scaffold3	3775	39	31	24	29	28	23	24	31	26	16	33	30	32	21	45	36	41	38	32	33	30	45	43
Y_scaffold3	3776	40	31	24	29	28	23	24	29	26	16	33	30	32	21	45	35	41	38	32	33	30	45	42
Y_scaffold3	3777	40	31	24	29	27	23	23	29	26	16	33	30	33	21	45	35	41	38	32	33	31	45	42
Y_scaffold3	3778	41	31	25	27	28	23	23	30	26	16	33	30	32	21	45	35	41	38	32	33	31	44	43
Y_scaffold3	3779	42	31	25	27	28	23	23	30	26	16	33	30	32	21	46	34	42	38	32	33	32	44	43
Y_scaffold3	3780	42	31	25	27	28	23	22	30	26	16	33	30	32	21	46	34	42	39	32	32	32	43	44
Y_scaffold3	3781	42	30	25	26	28	24	22	30	26	17	33	30	33	21	46	34	42	39	32	32	34	43	43
Y_scaffold3	3782	42	30	26	26	28	24	22	29	26	17	32	30	33	21	46	34	42	39	32	32	34	44	43
Y_scaffold3	3783	42	31	25	26	28	24	22	29	26	17	32	30	33	21	46	33	42	39	32	32	34	44	43
Y_scaffold3	3784	41	30	25	26	29	24	22	29	26	17	33	30	33	21	46	32	43	40	32	31	34	43	41
Y_scaffold3	3785	41	31	25	26	29	24	23	29	26	18	33	30	34	21	45	32	43	41	32	31	34	43	41
Y_scaffold3	3786	41	31	25	26	29	24	23	29	26	17	33	30	34	21	45	31	43	41	32	31	34	43	40
Y_scaffold3	3787	41	31	25	26	29	24	23	29	26	18	33	32	34	21	45	31	43	41	33	31	34	43	40
Y_scaffold3	3788	40	31	25	26	29	24	23	29	27	18	33	35	34	21	45	31	43	40	33	31	34	44	40
Y_scaffold3	3789	40	31	24	26	30	24	23	29	27	18	33	34	34	21	45	31	44	40	33	31	34	44	40
Y_scaffold3	3790	40	33	25	26	30	24	23	29	27	18	33	34	36	21	43	32	44	41	33	31	33	46	38
Y_scaffold3	3791	40	32	25	26	29	23	22	29	26	19	34	32	38	20	43	32	43	42	33	30	32	46	37
Y_scaffold3	3792	40	32	26	27	29	23	23	29	26	19	35	32	38	20	43	32	43	42	33	30	32	46	37
Y_scaffold3	3793	40	33	26	27	29	23	23	29	26	19	35	32	39	19	43	32	43	42	32	30	32	47	37
Y_scaffold3	3794	41	33	26	27	29	23	23	29	27	19	36	32	39	19	42	32	43	43	32	30	33	46	37
Y_scaffold3	3795	41	33	25	28	29	23	23	29	28	19	36	32	39	19	42	31	43	43	32	29	33	46	37
Y_scaffold3	3796	41	34	25	28	29	23	23	29	28	19	35	31	39	20	42	32	43	42	32	29	34	46	36
Y_scaffold3	3797	41	34	24	28	29	23	24	28	28	20	34	31	40	20	42	32	43	44	32	29	34	47	36
Y_scaffold3	3798	41	34	23	28	29	23	24	28	28	20	34	31	40	20	42	32	42	43	31	29	34	46	36
Y_scaffold3	3799	39	34	23	28	29	23	24	29	29	20	35	32	38	20	43	33	42	43	32	28	35	47	38
Y_scaffold3	3800	39	35	22	28	30	22	24	31	29	20	35	32	38	20	42	33	42	43	32	28	35	47	40
Y_scaffold3	3801	39	35	21	28	28	22	24	31	29	20	35	32	38	20	42	33	42	42	32	29	35	47	40
Y_scaffold3	3802	39	35	21	28	28	23	24	32	29	20	35	32	38	20	42	33	39	42	32	29	35	47	40
Y_scaffold3	3803	39	36	22	28	28	23	24	32	29	20	36	32	38	19	44	33	39	42	32	30	35	47	41
Y_scaffold3	3804	40	36	22	29	28	23	23	32	30	21	35	33	38	19	44	33	37	42	32	31	35	46	41
Y_scaffold3	3805	39	35	22	28	27	23	23	32	30	21	34	34	38	19	44	34	37	43	32	30	35	44	40
Y_scaffold3	3806	39	35	22	27	28	24	23	33	30	21	34	34	38	20	43	34	38	43	32	30	35	44	42
Y_scaffold3	3807	37	36	22	27	28	24	23	33	30	22	34	34	38	20	43	35	37	43	32	30	35	45	41
Y_scaffold3	3808	37	36	22	27	28	23	23	33	29	22	34	34	38	20	44	35	38	43	32	30	35	45	40
Y_scaffold3	3809	37	36	22	27	28	23	22	33	30	22	34	37	38	20	44	35	38	43	32	31	35	45	40
Y_scaffold3	3810	37	35	22	27	29	23	22	32	30	23	33	37	38	20	44	35	38	44	32	31	35	45	39
Y_scaffold3	3811	36	35	20	27	29	22	22	32	29	23	33	37	38	20	42	34	39	45	31	31	35	42	39
Y_scaffold3	3812	36	35	20	27	28	22	22	32	29	23	33	37	38	20	42	34	39	45	31	31	35	42	39
Y_scaffold3	3813	36	36	20	27	28	22	22	32	29	23	33	38	38	20	42	34	40	44	31	32	35	41	39
Y_scaffold3	3814	36	36	21	27	28	22	22	30	29	23	32	38	38	20	41	34	40	45	31	32	35	41	39
Y_scaffold3	3815	36	36	20	26	28	22	22	30	29	22	32	38	38	20	42	34	40	44	31	32	35	41	39
Y_scaffold3	3816	36	36	20	26	28	23	21	30	29	22	32	38	38	20	42	35	40	44	32	32	35	41	39
Y_scaffold3	3817	36	36	20	27	28	23	22	30	29	22	32	37	37	20	42	35	40	44	32	32	35	41	39
Y_scaffold3	3818	36	36	20	29	28	23	22	30	29	23	31	38	37	20	42	34	40	43	32	32	34	41	39
Y_scaffold3	3819	36	36	20	29	28	23	22	30	29	23	31	38	37	20	42	34	40	43	32	33	34	41	39
Y_scaffold3	3820	36	36	20	28	27	22	22	30	29	22	33	37	37	21	41	33	40	44	32	36	35	42	37
Y_scaffold3	3821	36	36	21	28	27	21	22	30	29	22	34	37	37	21	41	33	41	44	32	37	35	42	37
Y_scaffold3	3822	36	36	21	28	29	20	22	30	29	22	34	37	37	21	41	33	41	43	33	36	35	43	37
Y_scaffold3	3823	36	36	21	28	29	21	24	31	29	23	34	38	39	21	41	33	41	43	32	37	35	43	37
Y_scaffold3	3824	37	36	20	29	29	21	24	31	29	23	34	38	40	22	41	34	41	43	32	37	35	43	37
Y_scaffold3	3825	37	36	20	29	29	21	24	31	29	23	34	37	39	22	41	35	41	42	32	37	35	42	37
Y_scaffold3	3826	37	36	20	31	29	22	24	30	30	23	34	37	40	22	41	35	42	41	32	37	35	42	37
Y_scaffold3	3827	37	36	19	32	28	23	24	30	30	23	34	37	40	22	40	36	41	42	32	37	36	42	37
Y_scaffold3	3828	36	36	19	32	28	23	24	30	30	23	34	37	40	21	40	35	41	43	31	37	37	42	35
Y_scaffold3	3829	36	36	20	32	28	24	24	30	30	23	34	37	42	21	40	35	41	43	31	37	38	41	35
Y_scaffold3	3830	37	35	21	32	28	24	25	30	31	23	34	37	43	21	40	37	41	43	31	37	38	42	37
Y_scaffold3	3831	37	35	21	32	29	25	27	30	31	23	35	38	43	21	38	37	41	43	29	37	38	42	37
Y_scaffold3	3832	37	35	22	31	29	25	28	30	31	23	35	38	43	21	39	37	41	43	30	37	38	42	38
Y_scaffold3	3833	38	34	22	32	29	25	27	29	31	23	35	38	43	21	38	38	41	43	29	38	39	42	39
Y_scaffold3	3834	38	34	22	32	29	25	27	29	32	23	34	38	43	21	38	38	41	44	29	38	38	42	39
Y_scaffold3	3835	39	34	22	32	29	25	27	29	32	23	33	38	43	21	38	37	42	44	29	38	38	42	38
