Y_scaffold3	552068	18	13	15	16	11	18	19	33	36	29	34	44	31	35	46	39	44	40	43	37	27	45	44
Y_scaffold3	552069	18	13	15	16	11	18	19	32	36	29	34	42	31	35	46	39	44	40	42	37	27	45	44
Y_scaffold3	552070	17	12	15	16	11	18	19	32	36	29	34	42	32	34	46	39	44	40	42	37	27	45	44
Y_scaffold3	552071	17	12	15	16	11	18	19	32	36	29	34	42	32	34	45	39	44	40	44	36	27	44	44
Y_scaffold3	552072	17	12	15	16	11	18	17	32	36	29	34	42	32	34	45	40	43	40	44	35	27	43	44
Y_scaffold3	552073	17	12	14	16	12	18	17	31	36	29	34	42	32	33	45	38	43	39	43	35	27	44	44
Y_scaffold3	552074	18	12	14	16	12	18	17	31	36	27	33	41	32	33	43	40	44	40	41	34	25	44	44
Y_scaffold3	552075	18	12	14	17	12	18	17	31	36	27	33	41	32	33	43	40	44	40	41	34	25	44	44
Y_scaffold3	552076	18	12	14	17	13	18	17	30	36	27	32	41	32	32	43	40	44	40	41	34	25	44	45
Y_scaffold3	552077	19	12	14	17	12	18	17	31	35	26	32	42	33	33	43	39	44	40	40	32	25	45	44
Y_scaffold3	552078	19	12	13	17	13	18	17	30	35	26	32	42	33	32	43	39	43	40	40	32	26	45	44
Y_scaffold3	552079	19	12	12	17	14	18	17	30	35	27	32	41	34	32	43	39	43	40	40	32	26	44	43
Y_scaffold3	552080	19	12	11	17	14	18	17	30	34	27	32	41	34	32	42	41	43	41	40	32	27	44	43
Y_scaffold3	552081	22	13	13	17	14	18	17	29	34	27	33	43	32	32	43	41	42	40	39	31	27	44	43
Y_scaffold3	552082	22	13	13	19	14	18	17	29	33	27	33	43	32	32	44	41	42	39	39	31	27	44	44
Y_scaffold3	552083	23	13	13	19	14	19	17	28	33	27	34	43	32	32	44	41	42	39	39	31	27	44	44
Y_scaffold3	552084	23	12	14	19	14	19	16	29	34	27	35	42	32	33	43	41	42	38	39	31	27	44	42
Y_scaffold3	552085	23	12	14	19	14	19	16	29	34	27	35	42	33	32	44	41	42	38	39	31	28	44	43
Y_scaffold3	552086	24	12	15	19	14	19	16	29	34	27	35	40	33	31	44	40	43	38	38	31	28	44	43
Y_scaffold3	552087	24	12	15	19	14	19	16	29	34	27	35	39	33	32	43	40	43	38	38	30	29	44	43
Y_scaffold3	552088	25	12	15	19	14	19	16	29	34	27	35	38	33	31	44	40	43	38	38	30	29	44	43
Y_scaffold3	552089	24	12	15	19	14	19	17	29	34	26	35	37	32	30	44	40	43	38	39	30	29	43	42
Y_scaffold3	552090	24	13	15	21	14	19	17	30	34	25	35	36	32	30	44	41	44	38	40	31	29	44	42
Y_scaffold3	552091	23	14	16	21	14	19	16	30	34	25	35	36	32	29	45	41	43	38	40	31	28	44	42
Y_scaffold3	552092	23	14	16	21	14	19	16	30	33	25	34	36	32	29	44	41	44	38	40	31	29	43	42
Y_scaffold3	552093	23	14	16	21	14	19	16	30	33	25	34	36	31	29	45	41	44	37	40	31	29	43	42
Y_scaffold3	552094	23	15	17	21	15	19	16	30	33	25	34	36	29	30	45	41	44	37	39	31	29	43	42
Y_scaffold3	552095	22	15	18	21	16	19	16	30	32	25	34	35	30	32	48	40	43	37	37	31	29	42	41
Y_scaffold3	552096	22	15	18	21	16	19	16	29	31	25	34	35	30	32	48	40	43	38	37	33	29	44	42
Y_scaffold3	552097	23	15	18	21	18	19	15	27	29	25	34	34	30	32	49	40	43	39	37	33	29	43	40
Y_scaffold3	552098	23	16	18	21	18	19	15	27	29	25	34	34	32	31	49	40	42	39	37	33	29	43	39
Y_scaffold3	552099	22	17	18	21	18	19	16	27	30	25	33	34	34	30	49	40	42	39	38	34	30	43	40
Y_scaffold3	552100	22	17	18	21	18	19	15	27	30	25	34	34	34	29	47	41	41	39	38	34	30	43	40
Y_scaffold3	552101	22	18	18	22	18	19	16	27	31	25	34	33	34	30	47	40	41	38	37	35	30	43	39
Y_scaffold3	552102	23	18	18	22	17	19	17	27	31	24	34	33	33	29	47	39	42	38	36	35	30	43	38
Y_scaffold3	552103	23	18	18	22	17	19	17	27	30	24	34	32	33	29	46	41	41	37	36	35	30	42	38
Y_scaffold3	552104	23	19	17	23	17	19	17	28	28	24	34	32	32	29	46	40	42	39	36	35	30	42	39
Y_scaffold3	552105	23	19	17	23	17	19	17	29	29	24	34	32	32	29	46	40	43	40	36	36	30	42	39
Y_scaffold3	552106	23	19	17	23	18	19	17	29	28	24	34	32	32	29	46	40	43	39	36	36	31	42	39
Y_scaffold3	552107	23	19	17	23	18	20	17	29	28	24	35	32	33	30	47	42	42	39	36	36	31	42	38
Y_scaffold3	552108	23	19	17	23	18	20	18	29	28	24	35	32	33	31	47	42	42	37	36	36	31	42	38
Y_scaffold3	552109	23	19	17	23	19	21	19	28	28	24	35	31	33	31	48	42	42	36	37	36	31	42	37
Y_scaffold3	552110	23	19	17	23	19	21	19	28	29	24	34	31	34	31	47	42	42	34	37	36	31	43	37
Y_scaffold3	552111	24	19	18	23	19	22	20	28	29	24	33	32	33	31	48	42	41	34	38	36	31	44	37
Y_scaffold3	552112	24	19	18	23	19	22	20	28	30	24	33	33	32	30	48	42	41	34	38	36	32	44	38
Y_scaffold3	552113	24	19	18	23	19	22	20	28	30	24	33	33	32	30	48	42	40	34	38	35	32	43	38
Y_scaffold3	552114	24	19	18	24	19	22	20	28	30	24	32	32	31	30	48	42	40	34	37	35	31	43	38
Y_scaffold3	552115	24	20	18	24	19	22	19	28	30	25	31	34	32	30	48	43	40	34	36	35	31	43	38
Y_scaffold3	552116	24	20	18	24	18	21	19	28	30	25	31	34	31	30	48	43	41	34	36	34	32	43	39
Y_scaffold3	552117	24	20	18	24	18	21	19	28	30	25	30	34	31	29	47	44	42	35	36	34	32	43	39
Y_scaffold3	552118	24	20	18	24	20	21	19	28	31	25	32	35	34	29	48	44	44	33	35	34	32	42	40
Y_scaffold3	552119	24	20	18	24	21	21	19	28	32	25	30	36	33	31	48	42	44	33	35	34	32	42	39
Y_scaffold3	552120	24	20	18	24	21	21	19	28	32	25	31	36	32	31	48	42	44	33	35	34	32	42	39
Y_scaffold3	552121	24	20	18	24	20	21	18	28	31	25	31	37	32	30	47	42	44	31	34	35	33	43	39
Y_scaffold3	552122	24	20	18	24	20	23	18	29	31	25	32	37	34	31	48	41	45	31	35	35	33	45	41
Y_scaffold3	552123	24	20	18	24	20	23	18	29	31	25	33	37	34	30	49	42	44	29	35	36	31	43	40
Y_scaffold3	552124	24	20	18	23	20	22	18	29	30	24	32	37	34	31	49	41	44	29	35	35	32	42	38
Y_scaffold3	552125	24	20	17	23	20	23	16	28	30	25	33	37	34	31	49	39	44	29	36	36	32	44	39
Y_scaffold3	552126	24	19	17	23	20	23	16	28	30	24	34	36	34	32	50	39	44	28	36	36	32	44	39
Y_scaffold3	552127	25	19	17	23	20	23	16	28	30	24	34	36	33	32	48	39	42	28	36	36	33	45	39
Y_scaffold3	552128	26	19	17	23	19	24	16	28	30	24	34	36	33	32	48	38	41	28	36	36	34	45	38
Y_scaffold3	552129	26	19	17	23	20	24	16	28	30	26	34	35	34	32	48	39	41	28	36	35	34	46	38
Y_scaffold3	552130	26	19	18	23	20	24	17	28	30	25	34	35	34	30	47	39	40	28	36	36	34	46	38
Y_scaffold3	552131	26	18	18	24	20	24	17	28	29	24	36	34	34	30	46	42	41	28	36	34	34	45	38
Y_scaffold3	552132	26	18	19	24	20	23	17	28	29	24	36	33	35	30	47	42	41	28	37	34	35	46	38
Y_scaffold3	552133	25	19	18	24	19	22	17	28	28	24	37	33	34	30	46	42	41	28	39	34	35	46	39
Y_scaffold3	552134	25	19	18	24	19	22	17	27	28	25	37	33	34	30	46	42	41	28	39	33	35	46	39
Y_scaffold3	552135	26	19	18	24	20	25	18	27	28	25	38	33	34	30	45	44	41	28	39	34	35	46	39
Y_scaffold3	552136	26	19	18	24	20	25	18	27	28	25	37	33	33	30	45	44	41	28	39	34	34	46	39
Y_scaffold3	552137	26	20	18	24	21	25	19	27	28	26	37	33	33	30	44	43	41	28	40	35	34	46	39
Y_scaffold3	552138	26	21	18	24	21	24	19	27	28	26	38	33	33	30	46	43	41	28	40	35	34	47	39
Y_scaffold3	552139	26	22	18	24	21	24	19	26	27	26	38	33	31	30	45	43	41	28	38	35	35	47	39
Y_scaffold3	552140	27	22	18	23	21	23	19	26	27	26	39	33	31	30	44	43	40	28	39	39	35	47	39
Y_scaffold3	552141	27	22	18	23	21	23	19	25	27	27	39	32	31	32	43	43	40	28	39	39	35	46	40
Y_scaffold3	552142	27	23	18	25	21	23	19	25	27	27	39	32	32	32	44	43	40	28	39	38	35	46	40
Y_scaffold3	552143	27	23	19	25	21	23	19	25	27	26	39	32	32	32	44	43	40	28	38	37	35	46	39
Y_scaffold3	552144	28	23	19	25	21	23	20	26	29	26	40	34	32	32	45	45	40	29	39	37	35	46	40
Y_scaffold3	552145	28	23	19	25	21	23	20	26	29	26	40	34	32	32	43	44	39	29	39	37	35	45	40
Y_scaffold3	552146	27	23	20	25	21	23	20	27	29	25	40	34	32	32	43	45	39	29	40	39	35	45	40
Y_scaffold3	552147	26	24	20	26	21	23	20	27	29	25	39	35	32	32	42	45	39	30	41	40	35	45	40
Y_scaffold3	552148	26	24	20	26	22	22	20	27	30	25	39	36	32	32	42	47	40	31	41	39	35	45	40
Y_scaffold3	552149	26	24	20	26	22	21	21	27	30	25	38	35	32	33	42	47	40	31	41	39	35	45	39
Y_scaffold3	552150	26	23	20	26	22	21	21	27	30	25	39	35	32	33	41	47	39	31	40	39	35	44	39
Y_scaffold3	552151	26	23	20	26	20	21	21	26	30	25	38	35	32	33	41	47	39	31	40	39	35	44	39
Y_scaffold3	552152	26	23	19	26	21	21	21	28	30	25	38	37	32	33	44	47	38	32	42	39	36	44	40
Y_scaffold3	552153	26	24	19	26	21	21	21	28	30	26	38	37	32	33	43	47	38	32	42	40	37	43	40
Y_scaffold3	552154	25	24	19	26	20	21	22	29	30	27	39	37	32	34	42	47	38	33	42	40	37	44	39
Y_scaffold3	552155	25	25	19	26	20	20	22	28	31	27	39	36	32	34	42	48	37	33	42	39	36	46	40
Y_scaffold3	552156	25	25	19	25	20	20	22	29	31	27	39	36	31	34	42	49	37	34	42	39	35	46	42
Y_scaffold3	552157	25	25	19	25	20	20	22	30	31	27	38	36	31	34	42	49	37	35	42	39	36	47	41
Y_scaffold3	552158	25	24	19	25	20	21	22	30	30	27	38	36	30	34	42	49	36	33	41	40	36	47	42
Y_scaffold3	552159	25	24	19	25	21	21	22	30	31	28	38	36	30	35	42	52	36	32	41	41	36	49	43
Y_scaffold3	552160	26	24	19	25	21	21	22	31	32	28	37	35	30	35	43	52	35	33	41	41	37	49	42
Y_scaffold3	552161	26	24	19	25	21	21	22	32	32	27	37	35	31	35	43	53	36	33	41	41	38	49	42
Y_scaffold3	552162	26	25	18	25	21	21	21	32	32	28	38	34	31	35	45	53	36	32	41	43	38	49	42
Y_scaffold3	552163	26	26	18	25	21	21	20	33	32	28	39	34	31	36	45	54	36	32	41	43	38	50	42
Y_scaffold3	552164	26	26	18	25	21	21	20	33	31	28	39	34	31	36	45	52	35	32	40	43	38	50	42
Y_scaffold3	552165	26	26	18	26	21	22	20	33	31	26	39	34	31	34	44	52	36	32	40	44	38	51	41
Y_scaffold3	552166	26	27	19	27	21	22	20	33	32	26	39	34	31	33	45	54	37	33	41	44	40	52	42
Y_scaffold3	552167	26	27	19	26	22	22	20	33	31	27	39	34	32	33	45	54	37	33	40	44	40	51	42
Y_scaffold3	552168	26	27	19	26	22	22	20	33	31	27	39	34	32	33	45	54	37	33	40	44	40	50	43
Y_scaffold3	552169	26	27	20	26	22	22	20	33	29	27	38	34	32	33	45	54	37	33	40	43	40	50	42
Y_scaffold3	552170	26	27	20	26	22	22	20	33	29	27	38	34	32	33	44	54	37	33	39	43	40	50	41
Y_scaffold3	552171	26	27	21	26	22	22	20	33	29	27	39	35	32	32	45	55	37	33	40	43	40	50	41
Y_scaffold3	552172	27	27	20	26	22	23	20	33	29	28	39	35	32	33	45	56	37	33	41	43	41	50	42
Y_scaffold3	552173	26	26	20	26	22	23	20	33	29	29	38	35	32	33	43	56	37	33	41	43	40	50	42
Y_scaffold3	552174	26	25	20	26	22	24	20	32	29	28	40	35	32	34	43	55	37	35	41	43	40	50	43
Y_scaffold3	552175	26	25	20	27	22	24	20	31	29	28	40	35	33	34	45	55	37	37	40	44	40	51	43
Y_scaffold3	552176	26	25	20	27	22	24	20	30	27	27	40	34	33	33	45	54	37	37	39	42	40	50	44
Y_scaffold3	552177	26	25	21	27	22	24	21	30	28	27	40	34	33	33	47	54	37	37	39	41	40	51	44
Y_scaffold3	552178	26	25	22	28	22	24	21	31	29	27	40	35	32	33	47	55	36	37	39	40	39	51	43
Y_scaffold3	552179	26	25	22	28	22	25	21	31	29	26	40	33	32	33	47	55	36	38	38	39	39	51	42
Y_scaffold3	552180	26	25	22	28	22	25	21	30	29	26	40	34	32	34	47	54	36	39	38	39	39	51	42
Y_scaffold3	552181	26	25	22	28	23	25	20	30	29	26	40	33	31	33	47	54	34	39	37	39	40	51	42
Y_scaffold3	552182	26	25	21	29	23	25	20	32	29	27	37	32	31	32	48	53	34	38	36	40	40	51	41
Y_scaffold3	552183	26	25	22	30	23	26	20	33	30	26	37	31	31	33	49	54	35	38	36	40	40	51	41
Y_scaffold3	552184	26	25	22	29	23	27	20	33	30	26	37	30	30	33	49	54	34	39	35	41	40	51	41
Y_scaffold3	552185	25	24	22	29	23	26	20	33	30	26	37	30	30	33	48	53	34	38	35	41	38	51	41
Y_scaffold3	552186	25	24	22	29	22	26	20	32	29	26	37	30	30	32	48	53	34	37	34	41	38	51	41
Y_scaffold3	552187	25	24	23	29	21	26	20	33	29	27	37	29	31	31	47	52	34	37	34	41	38	51	42
Y_scaffold3	552188	25	24	23	29	21	26	20	33	29	27	38	29	32	31	47	53	34	37	34	41	39	49	42
Y_scaffold3	552189	25	24	23	28	21	26	20	34	28	28	39	29	32	31	48	53	34	37	34	41	39	48	42
Y_scaffold3	552190	25	24	23	28	21	26	19	34	28	28	40	29	32	31	50	54	34	36	34	41	39	48	41
Y_scaffold3	552191	25	24	23	28	21	26	19	34	28	29	39	30	32	31	50	54	34	36	33	40	40	48	41
Y_scaffold3	552192	26	24	23	28	21	26	19	35	28	29	39	31	32	32	50	54	34	36	33	40	40	48	41
Y_scaffold3	552193	26	25	23	28	22	26	19	35	28	29	39	31	32	31	49	54	34	36	34	41	40	49	42
Y_scaffold3	552194	26	25	23	28	22	27	19	35	28	30	41	31	32	32	51	54	34	38	36	43	40	49	43
Y_scaffold3	552195	26	26	24	28	22	26	19	36	28	30	41	31	32	32	50	55	35	38	36	43	40	50	43
Y_scaffold3	552196	26	26	24	28	22	26	19	36	28	30	41	31	32	32	50	55	35	38	36	43	41	51	43
Y_scaffold3	552197	28	26	24	28	22	26	19	36	29	31	42	31	32	32	49	56	35	38	36	43	41	51	43
Y_scaffold3	552198	28	26	24	28	22	26	19	35	29	31	42	31	32	32	50	57	35	37	37	43	41	51	43
Y_scaffold3	552199	28	26	24	28	23	26	19	35	29	31	42	30	32	33	50	57	35	37	36	42	41	51	44
Y_scaffold3	552200	28	26	24	28	23	26	19	35	29	33	42	30	32	33	50	56	35	37	37	42	41	50	43
Y_scaffold3	552201	28	27	24	29	23	26	18	35	29	33	41	31	33	33	50	53	34	38	37	42	41	52	42
Y_scaffold3	552202	27	27	24	30	23	27	19	35	30	32	41	32	34	34	49	51	34	38	37	42	40	52	43
Y_scaffold3	552203	27	27	24	30	23	28	19	35	32	34	40	33	33	34	49	51	35	38	37	43	40	52	43
Y_scaffold3	552204	26	27	24	29	23	28	19	36	33	34	40	33	33	34	49	51	35	38	37	42	41	52	42
Y_scaffold3	552205	26	27	24	29	23	28	19	36	33	34	40	35	33	34	48	51	36	39	37	41	42	52	42
Y_scaffold3	552206	26	26	23	28	24	26	19	35	33	34	40	34	31	34	48	49	36	39	35	39	41	53	41
Y_scaffold3	552207	26	26	23	28	24	26	19	35	34	34	40	34	33	34	48	50	36	39	35	39	42	53	41
Y_scaffold3	552208	26	26	23	28	24	26	19	35	32	34	40	34	33	35	48	51	36	38	35	39	42	55	41
Y_scaffold3	552209	26	26	21	29	24	26	18	35	32	33	41	34	33	36	49	51	35	38	35	40	41	54	40
Y_scaffold3	552210	26	24	21	28	24	27	18	35	32	33	41	33	33	35	48	50	34	38	35	40	41	53	39
Y_scaffold3	552211	26	24	21	27	24	27	17	35	32	33	40	33	33	35	48	50	33	37	35	40	41	53	39
Y_scaffold3	552212	25	25	21	26	26	27	17	36	31	33	41	33	33	34	48	52	32	37	35	38	41	53	39
Y_scaffold3	552213	25	25	21	26	26	27	17	36	31	32	41	33	33	34	48	52	32	37	35	38	41	53	40
Y_scaffold3	552214	25	25	21	27	26	28	17	36	32	31	42	36	33	35	49	52	32	38	35	38	38	53	41
Y_scaffold3	552215	25	25	21	27	26	28	16	36	32	29	42	36	33	34	49	52	31	37	35	38	38	53	42
Y_scaffold3	552216	25	25	21	26	26	27	16	36	32	30	43	36	33	34	50	52	30	37	33	38	38	52	42
Y_scaffold3	552217	24	26	20	26	26	27	16	36	32	30	44	36	35	36	49	52	32	36	33	38	39	52	42
Y_scaffold3	552218	25	26	20	26	26	27	16	36	34	30	44	36	35	36	49	52	32	36	33	37	39	52	42
Y_scaffold3	552219	24	28	21	26	26	27	16	36	34	30	44	36	35	36	49	52	32	38	33	39	39	52	42
Y_scaffold3	552220	24	28	21	26	26	27	16	36	34	30	44	36	35	36	49	51	32	38	31	39	40	53	42
Y_scaffold3	552221	24	29	22	25	26	28	16	36	34	30	44	36	35	36	50	52	32	39	32	40	40	53	43
Y_scaffold3	552222	24	29	22	25	26	29	16	36	34	31	44	36	36	38	50	51	32	39	33	41	41	53	44
Y_scaffold3	552223	24	29	22	25	25	29	16	36	34	31	44	36	36	38	50	50	32	39	33	41	41	52	44
Y_scaffold3	552224	23	29	22	24	25	30	16	37	34	31	44	36	36	38	50	50	31	38	33	41	41	51	44
Y_scaffold3	552225	23	29	22	23	26	31	16	37	34	31	44	36	37	40	50	52	33	39	33	42	41	51	45
Y_scaffold3	552226	23	30	22	23	25	32	16	37	33	31	44	36	37	40	50	52	33	39	33	42	41	51	44
Y_scaffold3	552227	22	30	22	23	25	32	16	36	33	31	44	35	36	39	50	52	33	39	33	42	41	50	44
Y_scaffold3	552228	22	30	22	23	24	32	16	36	33	30	44	35	37	39	50	52	34	39	33	42	40	51	44
Y_scaffold3	552229	22	30	22	23	23	32	16	35	33	30	45	35	37	39	49	52	34	39	32	42	39	50	45
Y_scaffold3	552230	21	29	21	23	24	33	16	35	33	30	44	35	37	39	49	51	34	38	32	43	39	49	45
Y_scaffold3	552231	21	29	21	23	24	33	16	35	33	29	44	34	37	39	51	51	34	38	32	43	39	50	46
Y_scaffold3	552232	21	29	22	22	24	33	16	35	33	30	44	35	37	39	50	52	34	38	33	43	40	50	45
Y_scaffold3	552233	21	29	22	22	24	32	16	35	33	30	42	36	38	39	51	52	34	38	34	43	40	50	46
Y_scaffold3	552234	22	29	23	22	24	32	17	34	32	30	42	37	38	38	52	52	35	39	34	45	40	52	46
Y_scaffold3	552235	22	29	23	22	24	32	17	34	32	30	42	37	37	38	51	52	35	40	34	45	39	52	45
Y_scaffold3	552236	21	28	22	22	25	32	16	34	32	30	42	37	37	36	51	52	34	39	34	45	38	52	45
Y_scaffold3	552237	21	28	22	22	26	32	16	35	32	31	42	37	37	37	52	52	35	39	34	46	38	52	45
Y_scaffold3	552238	21	29	22	20	26	32	16	35	32	32	42	37	37	37	52	52	34	39	34	45	38	51	45
Y_scaffold3	552239	21	30	23	21	26	33	16	34	33	32	42	37	37	37	53	52	34	39	34	45	39	51	45
Y_scaffold3	552240	21	31	23	21	26	33	16	34	33	32	42	37	37	37	54	51	35	38	34	45	40	52	45
Y_scaffold3	552241	21	30	22	21	26	33	16	34	32	32	42	37	37	37	53	51	35	38	34	46	40	52	45
Y_scaffold3	552242	21	29	22	21	26	33	16	36	32	32	43	39	37	37	52	50	34	39	34	46	38	53	45
Y_scaffold3	552243	22	29	22	21	26	33	17	36	32	32	43	39	37	37	52	51	34	39	34	46	38	54	45
Y_scaffold3	552244	22	29	22	21	25	33	17	36	32	32	43	38	37	36	52	52	34	40	34	46	38	55	45
Y_scaffold3	552245	22	29	21	21	24	32	17	36	32	33	42	38	36	34	50	52	33	40	34	47	38	55	45
Y_scaffold3	552246	22	29	22	21	24	32	17	36	32	33	42	38	37	36	50	52	33	39	36	45	38	53	46
Y_scaffold3	552247	21	29	22	21	22	32	18	36	33	33	43	39	38	36	51	52	33	39	36	45	37	53	46
Y_scaffold3	552248	21	28	22	21	22	32	17	36	33	33	44	39	36	36	51	52	33	39	35	44	37	53	45
Y_scaffold3	552249	22	27	22	21	22	32	16	36	33	33	44	39	34	36	51	51	33	39	35	44	37	53	45
Y_scaffold3	552250	22	27	22	21	22	32	16	36	32	33	43	40	34	37	50	50	33	39	35	44	38	53	45
Y_scaffold3	552251	22	27	22	20	22	32	15	37	32	33	43	40	34	36	50	50	33	39	35	44	38	53	45
Y_scaffold3	552252	21	26	22	19	22	32	15	37	32	34	44	40	34	36	50	48	32	39	34	44	38	52	44
Y_scaffold3	552253	21	26	22	20	22	32	15	36	32	34	44	40	35	37	50	48	33	38	34	44	38	53	44
Y_scaffold3	552254	21	26	22	20	22	32	15	35	31	34	44	40	35	37	50	48	31	38	33	43	39	53	44
Y_scaffold3	552255	21	26	22	20	22	32	15	35	31	34	44	40	35	37	51	48	32	38	33	44	39	52	44
Y_scaffold3	552256	21	26	22	20	21	32	15	34	31	34	43	39	35	37	51	48	32	38	33	44	38	52	44
Y_scaffold3	552257	21	26	22	20	21	31	15	35	31	34	43	39	34	36	50	47	32	38	33	44	38	52	45
Y_scaffold3	552258	21	26	22	20	20	30	14	35	29	34	44	39	31	35	50	47	32	39	33	44	38	53	46
Y_scaffold3	552259	21	26	22	20	20	30	14	35	30	36	45	40	32	35	49	48	32	39	32	44	38	53	46
Y_scaffold3	552260	20	27	21	21	20	29	13	36	30	36	45	40	32	35	49	49	33	39	31	44	39	53	46
Y_scaffold3	552261	21	27	21	21	20	29	13	36	30	36	45	39	33	35	49	50	34	40	32	44	39	52	46
Y_scaffold3	552262	21	27	21	21	21	29	13	36	29	36	45	38	33	35	50	51	34	39	32	43	38	52	45
Y_scaffold3	552263	21	27	21	21	21	29	13	35	29	36	45	38	32	36	50	51	34	39	32	43	38	51	45
Y_scaffold3	552264	21	28	21	19	21	29	14	35	29	36	45	38	32	36	51	51	35	40	33	44	38	51	45
Y_scaffold3	552265	21	27	21	19	21	29	14	35	29	36	44	36	32	37	51	51	34	40	33	44	38	51	45
Y_scaffold3	552266	22	28	21	19	21	29	16	37	28	36	44	34	31	37	51	50	32	39	33	44	37	51	44
Y_scaffold3	552267	22	28	22	19	22	29	16	37	28	36	44	34	30	37	51	50	33	39	33	45	37	51	44
Y_scaffold3	552268	22	28	22	20	22	28	16	37	28	36	43	34	30	37	51	50	33	39	33	45	37	51	44
Y_scaffold3	552269	22	28	22	20	21	28	17	36	27	36	43	33	30	35	51	50	32	39	33	45	37	51	44
Y_scaffold3	552270	22	28	23	21	21	28	17	38	28	38	42	32	28	35	52	51	34	41	31	44	36	51	43
Y_scaffold3	552271	22	29	23	21	21	28	17	37	28	38	43	33	28	36	52	51	34	41	31	44	36	49	43
Y_scaffold3	552272	23	29	23	21	21	27	18	37	28	38	42	33	28	36	52	52	33	41	31	44	36	50	43
Y_scaffold3	552273	23	29	23	22	21	28	18	38	28	39	42	35	28	36	51	51	33	41	31	43	36	50	45
Y_scaffold3	552274	23	29	24	22	21	27	18	38	28	40	42	35	28	35	54	51	35	41	31	42	35	50	45
Y_scaffold3	552275	23	29	24	23	21	26	18	38	28	39	41	35	28	35	53	51	35	41	30	42	35	48	45
Y_scaffold3	552276	23	29	24	23	21	26	18	38	29	39	40	37	28	35	52	51	35	41	30	42	36	48	44
Y_scaffold3	552277	22	29	24	23	21	26	18	38	28	39	40	37	29	35	52	51	36	41	30	42	35	47	44
Y_scaffold3	552278	21	32	24	23	21	26	18	38	28	39	39	38	29	35	53	51	36	41	30	42	34	48	44
Y_scaffold3	552279	20	32	24	23	20	26	19	39	28	38	39	38	28	35	55	51	36	41	32	44	34	48	45
Y_scaffold3	552280	21	32	23	22	20	26	18	38	28	38	37	37	28	35	55	48	35	42	34	43	34	48	45
Y_scaffold3	552281	21	33	24	22	20	26	18	38	28	38	37	37	28	35	55	47	35	42	33	43	34	49	46
Y_scaffold3	552282	21	32	23	22	21	26	19	38	28	38	36	38	27	36	55	47	36	42	33	44	34	48	47
Y_scaffold3	552283	21	32	23	22	21	27	20	38	28	39	36	39	28	36	55	47	36	42	32	45	34	48	46
Y_scaffold3	552284	22	32	23	22	21	27	20	38	28	39	35	40	29	36	55	47	37	42	32	45	34	48	46
Y_scaffold3	552285	21	32	23	22	20	24	19	37	28	41	35	40	28	36	55	45	37	42	32	44	34	49	46
Y_scaffold3	552286	21	32	23	23	20	24	19	37	28	41	35	40	28	36	56	45	37	43	32	45	34	49	46
Y_scaffold3	552287	21	31	24	24	21	25	19	37	28	40	36	41	28	37	56	45	37	43	33	44	35	51	47
Y_scaffold3	552288	21	30	24	24	21	26	21	38	30	40	35	41	30	37	54	45	37	44	33	44	35	50	50
Y_scaffold3	552289	21	29	25	25	21	26	21	39	30	40	35	42	30	38	57	45	37	44	33	44	36	50	49
Y_scaffold3	552290	21	29	25	25	21	26	21	40	30	40	34	41	30	38	57	45	37	45	32	42	36	50	49
Y_scaffold3	552291	22	29	26	25	22	26	21	40	30	39	34	41	30	38	58	46	37	44	32	42	36	51	49
Y_scaffold3	552292	21	28	25	23	22	26	22	40	30	39	33	41	29	38	57	44	37	44	31	42	36	51	49
Y_scaffold3	552293	21	30	24	23	22	26	23	39	29	39	33	40	29	39	58	45	37	45	32	42	38	51	49
Y_scaffold3	552294	21	30	24	23	22	26	24	38	29	39	33	40	29	39	57	45	37	46	31	41	38	51	49
Y_scaffold3	552295	21	30	24	23	22	26	24	38	29	40	33	41	29	39	58	44	37	46	31	41	38	51	50
Y_scaffold3	552296	21	30	24	23	22	27	24	38	29	40	33	41	29	39	58	44	37	46	31	40	38	51	50
Y_scaffold3	552297	22	29	24	22	23	27	24	38	29	40	33	40	29	39	58	45	38	45	30	41	37	52	50
Y_scaffold3	552298	22	29	24	22	23	27	24	38	28	39	33	39	29	39	58	43	38	44	30	41	36	52	50
Y_scaffold3	552299	22	30	24	23	23	27	23	38	28	40	34	39	29	38	58	44	39	44	30	42	38	54	52
Y_scaffold3	552300	22	30	24	23	22	27	24	38	28	40	34	39	29	38	58	45	39	45	31	42	38	55	52
Y_scaffold3	552301	22	29	24	23	22	27	24	37	29	40	34	36	29	38	58	45	39	45	31	42	38	55	51
Y_scaffold3	552302	22	30	24	24	22	27	24	36	29	40	34	36	30	38	57	45	39	45	31	42	37	55	51
Y_scaffold3	552303	23	29	24	24	25	28	23	35	29	39	32	36	30	37	58	45	39	44	31	41	36	55	51
Y_scaffold3	552304	23	30	24	24	25	28	23	35	29	38	32	36	30	37	58	44	40	44	31	41	36	55	50
Y_scaffold3	552305	24	29	24	25	25	28	23	36	28	38	32	36	31	37	60	44	40	43	32	42	35	53	49
Y_scaffold3	552306	24	28	24	25	25	29	23	37	28	38	32	36	31	39	60	44	40	43	32	42	35	53	49
Y_scaffold3	552307	24	28	25	25	25	29	23	36	28	38	32	36	31	39	60	45	40	42	32	42	34	52	50
Y_scaffold3	552308	24	28	25	25	25	28	23	36	28	37	32	36	31	39	60	45	40	42	32	40	34	52	49
Y_scaffold3	552309	24	29	25	25	24	28	23	36	27	37	32	36	31	38	63	45	41	42	34	40	34	54	49
Y_scaffold3	552310	24	30	25	26	24	28	23	35	26	38	32	36	31	38	62	45	41	41	34	40	33	54	49
Y_scaffold3	552311	24	30	25	26	24	28	23	34	26	38	32	36	30	38	62	45	40	41	34	41	32	54	49
Y_scaffold3	552312	24	29	25	27	24	29	23	34	26	37	30	36	30	38	60	45	39	42	33	39	32	54	49
Y_scaffold3	552313	24	29	25	27	24	29	23	34	26	37	30	36	30	37	60	44	39	42	32	39	32	54	49
Y_scaffold3	552314	24	28	26	26	24	29	23	35	26	37	30	36	30	37	61	44	39	41	32	39	31	54	49
Y_scaffold3	552315	24	28	25	25	24	28	23	35	26	37	30	36	30	38	60	44	40	41	32	38	31	53	49
Y_scaffold3	552316	24	28	25	23	23	28	23	35	26	36	30	36	29	38	60	44	40	41	32	38	31	52	48
Y_scaffold3	552317	24	28	26	23	24	28	23	35	26	36	31	36	30	39	60	44	40	43	32	39	31	52	48
Y_scaffold3	552318	24	28	26	23	24	28	23	35	26	37	30	36	31	39	60	45	40	43	34	40	31	53	48
Y_scaffold3	552319	24	28	25	23	24	28	23	35	26	37	31	36	31	39	60	45	40	43	34	40	33	54	48
Y_scaffold3	552320	23	28	24	23	24	28	23	35	26	36	30	36	31	40	61	45	41	44	33	40	32	54	49
Y_scaffold3	552321	23	28	24	23	24	28	23	35	26	36	30	38	31	40	60	47	41	45	32	41	32	55	49
Y_scaffold3	552322	23	29	24	23	24	28	23	36	26	36	30	37	31	39	60	48	41	45	32	41	32	56	50
Y_scaffold3	552323	23	29	25	23	24	28	23	36	26	35	29	37	31	38	60	48	41	43	32	40	32	55	50
Y_scaffold3	552324	21	29	25	23	24	27	23	35	26	36	28	37	31	38	60	48	41	43	33	41	33	56	50
Y_scaffold3	552325	22	29	26	22	24	27	24	36	26	36	28	37	29	38	57	48	41	41	33	40	33	55	48
Y_scaffold3	552326	22	30	26	22	24	27	25	37	26	37	28	36	29	38	58	48	42	43	34	40	33	56	48
Y_scaffold3	552327	22	30	27	22	25	27	24	38	25	37	29	36	29	38	57	48	41	43	34	41	33	57	49
Y_scaffold3	552328	22	30	26	22	25	27	24	38	24	37	29	36	29	38	57	47	41	42	34	41	32	57	49
Y_scaffold3	552329	22	31	26	22	25	26	24	38	24	37	29	36	29	38	57	47	41	40	34	41	32	57	49
Y_scaffold3	552330	23	32	26	23	25	26	25	38	24	37	29	37	29	37	57	47	42	39	35	41	33	58	48
Y_scaffold3	552331	22	33	26	24	24	26	25	38	25	36	29	37	29	38	58	47	42	39	35	40	32	58	48
Y_scaffold3	552332	23	33	26	23	24	26	25	37	24	35	29	37	30	38	58	47	40	40	35	39	33	58	47
Y_scaffold3	552333	23	33	25	22	24	26	25	36	24	35	29	37	30	37	57	46	40	40	35	38	33	58	47
Y_scaffold3	552334	24	34	26	22	24	25	25	37	24	36	31	37	30	37	57	47	41	40	35	38	32	58	47
Y_scaffold3	552335	24	34	25	23	24	25	26	37	24	36	31	38	30	37	57	48	41	40	35	38	32	58	48
Y_scaffold3	552336	24	34	25	24	24	26	25	36	24	35	31	39	30	37	57	48	41	41	35	38	32	58	50
Y_scaffold3	552337	24	34	25	25	24	26	25	36	24	35	32	41	29	36	57	48	42	41	35	39	32	60	49
Y_scaffold3	552338	24	34	25	25	24	26	26	36	24	35	31	41	28	36	57	47	42	41	35	39	31	61	49
Y_scaffold3	552339	23	34	25	27	24	27	26	34	24	33	29	40	28	35	56	47	42	42	35	39	29	61	49
Y_scaffold3	552340	25	34	26	27	24	27	26	34	25	33	30	41	28	35	55	47	42	42	35	39	30	61	49
Y_scaffold3	552341	24	34	26	27	24	26	26	34	25	32	30	42	28	35	55	47	42	42	34	38	30	61	49
Y_scaffold3	552342	24	34	26	27	25	26	26	34	26	32	28	42	28	35	55	47	42	42	34	38	30	61	50
Y_scaffold3	552343	24	33	26	28	24	26	26	33	26	32	28	42	28	35	55	48	41	42	32	36	30	60	49
Y_scaffold3	552344	24	32	26	28	24	26	26	33	26	33	30	42	28	34	53	48	40	41	33	37	30	60	47
Y_scaffold3	552345	24	32	25	28	24	26	26	33	26	33	30	42	28	35	53	48	40	41	33	37	30	60	47
Y_scaffold3	552346	23	33	25	29	25	26	26	33	26	33	29	43	28	35	53	47	40	42	33	37	30	59	48
Y_scaffold3	552347	23	33	25	30	25	26	26	33	25	32	30	43	28	35	53	48	40	42	33	37	30	59	48
Y_scaffold3	552348	23	33	25	30	25	27	27	34	25	32	30	43	28	35	52	47	40	43	32	37	30	59	48
Y_scaffold3	552349	23	34	26	30	25	27	27	34	25	32	30	43	28	34	52	47	40	43	32	37	30	59	47
Y_scaffold3	552350	23	35	26	30	25	27	28	35	25	30	30	43	28	33	53	46	41	43	31	38	30	58	47
Y_scaffold3	552351	23	34	26	29	25	27	28	35	26	30	30	42	27	34	53	46	41	42	31	38	31	57	47
Y_scaffold3	552352	23	34	26	28	25	26	27	35	25	30	30	41	27	33	53	46	40	42	31	38	31	56	46
Y_scaffold3	552353	24	34	26	28	25	25	27	35	23	28	30	41	27	32	53	46	39	43	31	37	31	57	46
Y_scaffold3	552354	24	34	26	29	25	25	27	35	22	28	30	41	27	32	53	46	41	45	32	37	32	57	47
Y_scaffold3	552355	24	34	26	29	26	28	27	35	23	28	30	39	27	32	54	45	40	44	32	37	31	57	47
Y_scaffold3	552356	24	34	25	29	24	28	27	36	22	28	30	39	27	32	54	45	40	43	32	37	30	56	47
Y_scaffold3	552357	24	34	26	29	25	28	28	36	22	28	30	39	25	32	54	44	40	43	32	37	29	56	47
Y_scaffold3	552358	25	34	26	29	25	28	28	37	22	28	30	40	26	32	54	43	40	44	33	37	29	54	48
Y_scaffold3	552359	25	34	26	28	25	27	29	37	22	28	29	41	26	31	53	43	40	44	33	36	29	55	48
Y_scaffold3	552360	26	34	26	28	25	26	29	38	23	29	29	41	26	32	53	43	40	44	33	36	29	56	48
Y_scaffold3	552361	26	33	27	28	25	26	29	38	23	29	27	43	26	32	53	42	41	44	33	36	29	56	48
Y_scaffold3	552362	26	33	27	28	24	26	29	37	23	29	27	43	26	32	53	41	41	44	33	36	29	56	48
Y_scaffold3	552363	26	33	27	27	24	25	29	37	23	29	28	42	27	31	52	41	41	44	35	37	29	56	47
Y_scaffold3	552364	26	33	27	27	24	25	29	37	22	29	27	40	28	31	53	41	40	44	35	36	30	56	46
Y_scaffold3	552365	26	33	27	27	24	25	29	37	22	29	26	40	28	32	52	41	40	44	35	37	30	57	45
Y_scaffold3	552366	26	32	26	27	24	25	30	37	22	28	26	40	28	33	52	41	41	44	35	38	30	57	44
Y_scaffold3	552367	24	31	26	27	24	25	30	38	20	28	25	40	27	31	52	43	39	43	34	38	29	57	44
Y_scaffold3	552368	25	30	26	27	24	25	30	38	20	28	25	40	28	31	53	43	39	44	35	38	29	57	45
Y_scaffold3	552369	25	31	26	27	24	25	31	39	20	29	26	40	28	32	54	44	40	44	35	37	29	57	46
Y_scaffold3	552370	27	32	27	27	24	26	33	39	20	29	27	40	27	33	55	44	40	44	35	37	28	58	46
Y_scaffold3	552371	27	31	26	27	25	25	33	40	21	29	28	40	28	31	54	43	40	43	34	36	28	58	46
Y_scaffold3	552372	27	31	26	27	24	25	33	40	21	28	28	40	27	31	54	43	41	43	33	35	27	58	45
Y_scaffold3	552373	27	31	26	27	24	24	34	39	21	29	28	40	27	31	54	40	40	43	33	35	27	59	46
Y_scaffold3	552374	27	31	26	27	26	24	34	39	21	29	28	40	28	30	54	41	40	42	33	35	27	60	46
Y_scaffold3	552375	27	31	26	27	26	23	34	39	21	29	28	40	28	30	54	43	40	43	33	35	28	60	45
Y_scaffold3	552376	27	30	26	27	27	22	35	39	21	29	28	41	28	30	54	43	40	43	33	35	28	60	45
Y_scaffold3	552377	27	30	26	27	28	23	36	40	21	29	28	41	27	31	54	43	39	44	33	36	29	59	45
Y_scaffold3	552378	27	30	26	28	28	23	37	40	21	29	28	41	26	31	55	44	39	44	33	36	29	60	45
Y_scaffold3	552379	27	30	26	28	29	23	38	40	21	29	27	42	26	31	56	43	40	44	34	36	29	60	45
Y_scaffold3	552380	27	30	25	28	28	22	38	40	21	30	27	42	26	31	56	43	40	45	35	37	29	62	45
Y_scaffold3	552381	27	30	27	28	28	22	39	40	21	31	27	40	26	31	54	42	40	45	37	37	28	63	44
Y_scaffold3	552382	26	30	26	28	28	22	41	40	22	30	27	39	26	31	53	42	41	46	36	36	28	62	43
Y_scaffold3	552383	26	30	26	28	28	22	41	40	22	30	27	39	26	31	52	42	41	47	36	36	28	61	44
Y_scaffold3	552384	26	30	27	28	28	22	40	40	22	30	27	38	27	31	54	42	40	46	36	36	28	59	44
Y_scaffold3	552385	26	30	27	29	29	23	40	40	24	31	27	38	27	31	54	42	40	45	36	36	28	59	44
Y_scaffold3	552386	26	29	27	29	29	23	40	40	24	31	27	39	27	31	53	42	40	45	35	37	28	58	44
Y_scaffold3	552387	27	29	27	29	28	23	40	39	24	30	27	39	27	30	52	43	39	45	35	36	28	58	44
Y_scaffold3	552388	27	28	27	29	28	23	40	39	24	29	27	39	27	30	51	44	39	46	34	36	28	58	45
Y_scaffold3	552389	27	27	26	29	28	23	40	39	24	29	28	39	27	30	51	44	39	47	34	36	26	58	45
Y_scaffold3	552390	27	27	26	29	28	23	40	39	24	29	28	39	27	30	50	44	38	48	36	36	26	59	47
Y_scaffold3	552391	27	27	26	29	28	23	40	39	24	29	27	39	27	30	50	44	38	47	37	35	26	58	47
Y_scaffold3	552392	27	27	25	29	28	23	40	38	24	30	27	38	28	30	50	44	40	46	37	35	26	58	47
Y_scaffold3	552393	26	28	25	29	28	23	39	38	24	30	27	38	29	30	52	43	40	48	37	35	27	57	47
Y_scaffold3	552394	26	28	25	29	28	23	39	38	24	30	27	38	29	30	52	42	40	47	37	35	27	56	47
Y_scaffold3	552395	26	28	25	29	28	23	39	38	24	29	27	38	28	29	51	42	40	48	35	34	27	56	45
Y_scaffold3	552396	26	28	25	29	28	24	37	39	25	31	27	38	29	28	51	41	41	48	35	35	28	58	47
Y_scaffold3	552397	26	28	25	29	28	24	37	39	24	31	26	39	28	29	50	41	42	47	35	35	28	58	48
Y_scaffold3	552398	25	29	25	29	29	24	37	39	23	31	25	39	28	28	50	41	42	47	35	34	27	58	48
Y_scaffold3	552399	25	31	25	30	30	24	37	39	23	32	25	39	28	28	50	42	42	47	35	34	27	58	49
Y_scaffold3	552400	26	31	25	30	30	24	37	39	23	32	25	38	28	28	51	43	42	47	35	35	27	59	49
Y_scaffold3	552401	26	31	25	29	30	24	37	39	23	32	24	38	28	29	51	43	42	47	35	35	27	59	49
Y_scaffold3	552402	26	33	25	29	30	24	37	40	23	32	24	38	28	30	51	43	42	46	35	35	27	59	52
Y_scaffold3	552403	26	34	25	28	30	24	37	41	23	33	24	38	27	30	51	44	41	47	36	36	27	58	52
Y_scaffold3	552404	26	34	25	29	30	24	38	41	23	33	25	39	27	31	51	45	41	45	36	36	28	59	52
Y_scaffold3	552405	26	34	25	29	30	24	38	41	23	33	25	39	27	31	51	45	41	45	36	35	29	60	53
Y_scaffold3	552406	26	35	26	29	30	24	38	41	23	33	24	39	27	31	51	45	41	45	36	35	29	60	53
Y_scaffold3	552407	26	35	27	29	30	24	38	40	24	33	24	40	26	31	51	44	41	45	36	35	29	58	51
Y_scaffold3	552408	26	35	27	29	30	24	38	40	24	33	26	40	26	31	51	45	43	46	37	35	29	59	52
Y_scaffold3	552409	26	36	27	29	30	24	38	40	23	32	27	39	26	31	51	46	43	46	38	36	30	59	53
Y_scaffold3	552410	26	34	27	28	30	24	38	39	23	32	27	39	26	31	51	45	42	46	38	37	29	58	53
Y_scaffold3	552411	25	35	27	28	32	24	39	39	23	32	27	39	25	31	49	45	41	46	38	37	29	58	53
Y_scaffold3	552412	25	35	27	28	31	25	39	39	23	32	28	39	26	31	49	44	41	46	38	37	29	59	53
Y_scaffold3	552413	25	35	27	28	31	26	38	39	23	32	28	39	26	30	48	44	42	46	37	36	30	59	53
Y_scaffold3	552414	25	35	27	28	30	28	37	38	23	32	29	39	26	30	49	46	42	46	38	36	30	59	52
Y_scaffold3	552415	24	35	27	28	30	28	38	37	23	32	30	41	26	30	49	46	42	46	38	36	30	59	52
Y_scaffold3	552416	24	35	27	28	29	28	38	39	23	33	30	42	26	30	50	46	41	47	39	37	30	60	52
Y_scaffold3	552417	25	35	26	28	28	28	38	39	23	34	33	42	28	30	50	46	40	47	39	36	30	60	53
Y_scaffold3	552418	25	35	26	27	28	28	38	38	23	35	33	42	28	30	50	46	39	47	39	36	30	59	53
Y_scaffold3	552419	25	35	26	27	28	28	37	38	23	35	33	43	28	30	50	46	38	47	39	37	30	59	53
Y_scaffold3	552420	25	36	25	26	28	27	37	42	22	33	34	46	29	31	51	45	40	45	39	38	31	59	53
Y_scaffold3	552421	25	35	27	26	28	26	37	42	22	33	33	46	29	30	50	45	40	46	39	38	31	60	54
Y_scaffold3	552422	25	35	27	25	29	27	36	42	22	32	33	46	30	31	50	44	40	46	39	38	31	61	54
Y_scaffold3	552423	25	35	27	25	29	27	36	41	22	32	32	45	30	32	51	44	39	46	40	38	32	62	52
Y_scaffold3	552424	25	35	26	25	29	27	37	41	21	31	32	45	30	32	48	44	38	46	41	38	32	63	51
Y_scaffold3	552425	25	36	26	24	29	27	38	41	21	31	32	43	31	31	48	44	38	46	41	38	31	63	54
Y_scaffold3	552426	26	35	27	24	30	28	38	42	20	32	32	43	34	31	49	44	38	46	41	40	31	66	54
Y_scaffold3	552427	27	35	27	25	30	28	38	43	20	32	32	43	33	31	49	43	37	46	40	40	31	64	54
Y_scaffold3	552428	27	34	27	26	32	28	38	43	20	33	32	43	33	31	49	43	38	47	39	40	30	64	55
Y_scaffold3	552429	27	34	27	26	32	28	37	42	20	32	32	43	33	31	47	43	38	47	37	38	30	64	54
Y_scaffold3	552430	26	34	27	26	32	29	38	42	20	32	32	43	35	31	47	43	38	47	37	38	32	64	54
Y_scaffold3	552431	26	36	26	26	32	29	37	42	21	32	32	43	35	31	48	43	38	47	37	38	34	63	53
Y_scaffold3	552432	26	37	26	26	31	29	37	42	21	32	32	43	36	30	48	44	38	47	37	39	33	63	52
Y_scaffold3	552433	26	37	26	26	31	28	36	42	23	31	33	42	35	30	48	44	38	47	37	39	34	63	52
Y_scaffold3	552434	25	37	26	25	31	28	36	43	23	30	33	41	34	31	48	44	37	48	36	39	34	64	53
Y_scaffold3	552435	25	37	26	24	31	28	35	43	23	28	33	41	34	32	48	44	38	48	36	39	33	62	53
Y_scaffold3	552436	26	37	25	24	30	27	35	44	23	28	32	41	34	31	47	44	38	47	36	38	33	61	52
Y_scaffold3	552437	26	37	25	24	30	27	32	43	21	28	34	41	32	31	47	45	38	46	35	39	33	61	51
Y_scaffold3	552438	27	37	25	24	30	27	32	43	21	28	34	42	32	31	47	45	38	46	35	39	33	62	50
Y_scaffold3	552439	28	37	26	23	30	27	32	42	21	29	34	42	32	30	46	45	39	46	35	38	31	63	51
Y_scaffold3	552440	27	37	26	24	29	27	31	42	22	29	34	42	32	29	45	45	39	46	36	38	31	64	51
Y_scaffold3	552441	26	37	25	24	29	27	31	42	22	29	34	41	33	28	45	44	38	47	36	39	32	64	49
Y_scaffold3	552442	26	36	25	24	30	27	30	43	22	29	35	41	33	29	45	43	38	46	36	40	32	64	49
Y_scaffold3	552443	27	36	25	24	30	27	29	43	21	29	36	41	33	28	44	43	38	46	36	40	30	64	49
Y_scaffold3	552444	27	36	25	25	30	28	28	43	21	30	36	41	33	28	44	43	38	45	36	40	30	64	49
Y_scaffold3	552445	27	36	26	25	31	28	28	44	21	29	36	40	33	29	43	44	38	45	36	39	30	63	48
Y_scaffold3	552446	26	37	27	25	30	27	28	44	21	29	36	40	33	29	43	44	37	45	36	39	30	62	48
Y_scaffold3	552447	26	36	27	25	30	27	28	44	22	29	36	40	33	30	45	42	38	47	37	38	30	62	49
Y_scaffold3	552448	26	37	27	25	30	27	28	45	22	29	36	41	34	32	45	42	37	47	37	37	29	63	47
Y_scaffold3	552449	26	37	27	25	30	27	28	46	22	29	34	41	34	32	45	42	36	46	36	37	28	62	47
Y_scaffold3	552450	26	37	27	25	30	27	28	46	24	29	34	41	34	32	44	41	36	45	35	37	29	60	47
Y_scaffold3	552451	26	37	27	25	30	27	28	46	23	29	34	41	34	32	43	41	36	45	35	37	30	60	48
Y_scaffold3	552452	26	38	27	24	30	29	29	46	24	29	34	41	34	32	43	41	36	46	35	37	30	60	48
Y_scaffold3	552453	25	38	27	24	27	28	29	47	24	30	34	41	34	32	42	42	36	47	35	37	30	61	48
Y_scaffold3	552454	26	37	27	23	27	28	30	47	24	31	34	41	33	32	42	42	36	48	37	38	30	62	49
Y_scaffold3	552455	25	37	28	23	27	28	30	46	24	32	34	41	33	32	41	43	36	48	36	37	31	64	48
Y_scaffold3	552456	26	38	28	23	27	27	30	45	25	32	34	41	34	30	42	42	36	48	36	37	31	64	48
Y_scaffold3	552457	26	38	27	23	27	27	30	45	25	32	34	41	34	32	40	40	36	49	36	37	31	63	47
Y_scaffold3	552458	26	38	28	24	27	26	30	45	25	32	34	41	34	32	40	40	36	49	36	37	31	62	46
Y_scaffold3	552459	26	37	29	24	27	26	30	46	25	34	34	41	34	33	39	40	35	50	36	37	31	61	46
Y_scaffold3	552460	25	36	29	23	27	26	30	46	25	33	34	41	34	33	40	40	35	50	36	37	31	60	48
Y_scaffold3	552461	25	36	29	23	27	26	30	46	25	33	35	41	34	33	40	39	35	50	36	36	31	60	49
Y_scaffold3	552462	25	38	29	23	27	26	30	46	25	33	36	41	34	33	43	39	36	49	37	36	31	60	49
Y_scaffold3	552463	25	38	29	23	27	26	30	45	25	33	37	41	34	33	43	40	36	49	37	36	31	59	49
Y_scaffold3	552464	25	38	28	23	28	26	30	44	25	33	37	41	34	33	43	40	34	49	37	36	32	59	49
Y_scaffold3	552465	26	38	27	23	27	26	30	44	25	33	36	41	34	31	44	38	33	48	37	35	32	59	50
Y_scaffold3	552466	26	38	27	23	27	27	30	44	25	33	36	41	34	33	44	38	33	49	37	38	32	59	50
Y_scaffold3	552467	26	38	28	23	27	28	30	45	25	33	36	41	34	33	44	38	34	49	36	37	32	58	50
Y_scaffold3	552468	26	38	28	23	27	28	30	45	26	32	36	41	33	33	44	39	34	50	35	37	31	59	49
Y_scaffold3	552469	26	38	28	23	27	28	30	45	26	32	35	41	33	33	44	40	34	50	35	37	30	58	49
Y_scaffold3	552470	27	38	29	23	27	28	31	45	26	32	36	40	33	33	43	39	34	49	36	38	30	58	49
Y_scaffold3	552471	28	38	29	23	27	28	31	46	26	32	36	38	33	33	43	37	34	48	36	37	30	57	49
Y_scaffold3	552472	28	37	28	23	27	28	31	45	26	32	36	39	33	33	43	36	34	48	35	37	31	56	46
Y_scaffold3	552473	29	37	28	25	27	28	31	45	26	34	37	39	33	35	43	38	34	48	37	37	30	57	47
Y_scaffold3	552474	29	37	27	26	28	28	30	46	27	33	37	39	33	35	43	38	34	49	37	37	30	55	47
Y_scaffold3	552475	28	37	27	26	28	28	30	45	27	33	37	39	33	35	43	38	35	49	37	37	30	55	47
Y_scaffold3	552476	28	36	27	26	28	28	29	44	27	32	38	39	33	35	42	38	34	47	36	38	31	56	46
Y_scaffold3	552477	28	35	27	26	27	28	29	43	27	32	38	39	33	35	42	38	36	48	36	37	31	55	46
Y_scaffold3	552478	28	35	27	25	27	28	28	42	27	32	38	39	33	35	43	38	36	48	35	37	31	55	47
Y_scaffold3	552479	28	34	28	24	27	28	27	41	26	32	38	39	33	36	43	39	36	48	35	38	31	56	47
Y_scaffold3	552480	27	34	28	24	27	29	27	41	27	32	38	37	33	36	43	39	37	48	35	38	30	56	47
Y_scaffold3	552481	27	34	28	24	27	28	29	41	28	32	39	37	33	35	42	39	37	49	35	38	30	55	47
Y_scaffold3	552482	27	33	28	25	27	27	29	43	28	33	38	37	33	35	41	38	36	47	36	37	29	55	47
Y_scaffold3	552483	27	33	28	26	27	28	29	43	28	33	37	38	34	36	41	38	36	47	36	38	30	55	47
Y_scaffold3	552484	26	33	27	25	27	28	29	42	28	32	37	38	34	37	42	38	36	47	37	38	30	55	48
Y_scaffold3	552485	26	34	27	23	27	28	28	42	29	32	37	35	34	38	43	37	36	46	37	38	30	53	45
Y_scaffold3	552486	27	34	27	24	27	27	29	42	29	32	36	34	34	39	44	37	36	46	37	38	30	53	47
Y_scaffold3	552487	27	34	27	24	27	27	29	42	29	32	36	34	34	39	44	37	36	46	37	37	30	53	47
Y_scaffold3	552488	27	34	27	24	27	27	29	42	29	32	36	34	34	39	44	38	36	46	37	37	30	52	47
Y_scaffold3	552489	28	34	27	22	27	26	30	43	29	32	36	34	34	40	43	38	37	45	38	37	29	53	48
Y_scaffold3	552490	26	34	26	22	27	26	31	43	28	32	35	33	34	40	44	37	37	46	38	37	29	54	48
Y_scaffold3	552491	26	34	26	22	26	27	31	44	27	32	35	32	34	40	45	37	37	45	38	37	29	54	48
Y_scaffold3	552492	26	34	26	23	26	28	31	44	27	31	34	32	34	40	46	37	37	46	38	36	30	54	48
Y_scaffold3	552493	27	34	26	22	26	29	32	43	27	32	34	32	34	41	46	35	39	46	37	36	30	55	48
Y_scaffold3	552494	28	34	27	22	27	30	32	43	27	32	33	33	34	42	46	35	39	47	37	36	30	55	49
Y_scaffold3	552495	28	34	27	22	27	30	32	44	27	32	33	32	34	41	47	35	39	47	37	37	31	55	49
Y_scaffold3	552496	28	33	27	21	27	30	32	45	27	32	33	32	34	41	47	35	39	46	37	37	30	55	48
Y_scaffold3	552497	28	33	28	20	27	29	32	45	28	34	32	32	35	41	47	34	40	45	37	37	30	55	49
Y_scaffold3	552498	28	33	27	20	27	29	32	43	29	34	32	32	35	41	47	34	41	44	37	37	30	55	50
Y_scaffold3	552499	29	31	27	20	28	30	32	42	30	34	32	32	35	41	46	34	40	44	37	37	30	55	50
Y_scaffold3	552500	29	31	27	20	29	30	33	42	30	34	32	33	34	41	46	34	40	45	37	37	30	55	50
Y_scaffold3	552501	29	32	27	20	29	30	34	42	29	34	33	34	34	41	46	35	40	45	38	37	29	55	50
Y_scaffold3	552502	29	32	27	20	29	30	34	41	29	34	33	33	34	41	45	35	39	45	38	37	27	55	51
Y_scaffold3	552503	28	33	28	21	29	30	34	42	29	34	34	34	34	41	45	35	39	43	37	37	27	54	52
Y_scaffold3	552504	28	33	28	21	30	30	34	43	29	36	34	34	34	42	46	35	39	44	38	38	27	55	52
Y_scaffold3	552505	30	34	28	21	29	28	34	43	28	36	34	34	34	42	45	36	40	45	38	38	27	55	52
Y_scaffold3	552506	31	34	28	21	29	28	34	42	28	37	34	36	35	42	45	36	40	45	37	38	27	55	52
Y_scaffold3	552507	31	34	27	22	29	28	33	43	27	37	34	36	35	42	45	37	40	45	37	38	27	56	52
Y_scaffold3	552508	30	34	27	22	29	28	31	42	27	38	35	35	35	42	45	37	40	44	36	38	27	56	51
Y_scaffold3	552509	30	34	27	22	29	28	31	42	27	38	35	34	35	42	45	37	40	44	36	39	27	55	51
Y_scaffold3	552510	29	35	26	22	29	28	31	41	27	38	36	33	35	41	45	39	40	44	38	39	28	55	51
Y_scaffold3	552511	29	35	26	22	30	28	30	42	27	38	36	32	35	41	45	39	40	44	39	39	28	55	51
Y_scaffold3	552512	30	35	26	22	30	28	30	42	27	38	36	32	35	41	45	39	40	43	39	39	28	55	51
Y_scaffold3	552513	30	35	28	22	33	28	30	42	27	38	35	33	33	42	48	39	40	43	39	38	28	57	51
Y_scaffold3	552514	31	37	28	22	33	29	30	42	27	38	35	33	33	41	47	39	40	43	39	38	27	57	51
Y_scaffold3	552515	32	37	28	22	34	29	30	42	27	38	35	33	32	41	47	39	40	43	39	37	28	57	52
Y_scaffold3	552516	32	37	28	22	34	29	30	41	27	40	35	33	32	40	48	38	40	44	39	37	28	57	53
Y_scaffold3	552517	32	37	28	22	34	29	30	40	27	40	34	33	32	40	48	37	40	44	39	37	28	57	54
Y_scaffold3	552518	31	36	28	22	34	29	30	40	27	40	34	33	31	40	47	37	40	43	38	37	28	57	53
Y_scaffold3	552519	32	36	28	22	35	29	29	41	28	39	34	33	31	40	46	36	39	42	38	37	28	56	53
Y_scaffold3	552520	30	35	27	22	34	28	28	41	28	39	33	34	32	39	45	36	39	42	38	37	28	56	53
Y_scaffold3	552521	30	35	27	22	35	28	29	42	27	39	32	34	31	39	46	36	39	43	38	37	28	56	52
Y_scaffold3	552522	30	35	27	22	34	29	28	43	27	41	32	35	31	39	46	36	38	43	39	37	28	54	52
Y_scaffold3	552523	30	35	27	22	34	29	28	43	27	40	32	35	33	39	47	36	38	43	40	37	29	55	51
Y_scaffold3	552524	30	35	28	22	34	29	28	43	27	40	32	35	32	39	47	34	37	43	40	37	29	55	51
Y_scaffold3	552525	30	35	28	22	33	30	27	43	27	40	32	34	31	38	47	34	38	42	40	37	29	55	51
Y_scaffold3	552526	29	35	29	22	33	30	27	43	27	40	32	34	31	38	47	34	38	42	40	37	29	55	51
Y_scaffold3	552527	28	35	29	22	32	29	26	42	27	40	32	34	31	38	47	34	38	41	40	36	28	55	52
Y_scaffold3	552528	28	36	29	21	32	29	26	43	29	40	32	34	32	39	47	34	38	41	39	36	28	55	52
Y_scaffold3	552529	28	37	29	21	31	29	25	43	29	41	32	33	32	39	47	34	37	41	38	36	28	55	51
Y_scaffold3	552530	29	37	28	21	31	30	25	43	29	40	32	33	32	39	47	35	37	41	37	34	28	52	51
Y_scaffold3	552531	29	37	26	21	31	30	25	44	29	39	32	33	32	39	47	35	37	41	36	34	28	51	51
Y_scaffold3	552532	29	37	27	21	31	30	23	44	28	39	32	33	31	39	48	35	36	39	36	34	29	51	50
Y_scaffold3	552533	29	37	28	21	31	30	23	46	28	39	32	33	30	41	48	38	38	39	36	34	29	51	50
Y_scaffold3	552534	29	37	28	22	31	30	23	46	28	39	32	34	30	41	48	39	39	39	36	33	29	51	51
Y_scaffold3	552535	29	37	28	21	30	30	23	46	26	38	32	34	30	41	48	39	39	40	36	33	29	52	51
Y_scaffold3	552536	29	37	28	21	29	30	23	46	26	38	33	33	30	41	48	41	39	40	36	32	30	52	51
Y_scaffold3	552537	28	37	28	21	30	29	23	47	26	38	33	34	31	41	48	40	39	40	37	32	30	53	50
Y_scaffold3	552538	28	37	29	21	30	29	24	47	26	38	33	34	31	41	48	40	42	41	39	32	30	54	50
Y_scaffold3	552539	28	37	29	20	30	29	24	49	25	38	32	34	31	41	48	40	42	40	39	32	30	54	50
Y_scaffold3	552540	28	37	29	21	31	29	25	49	26	38	32	34	31	41	48	41	42	40	37	33	31	53	48
Y_scaffold3	552541	29	37	29	22	31	29	26	49	26	38	32	33	31	41	47	41	42	38	36	33	33	53	48
Y_scaffold3	552542	31	37	29	22	31	29	26	48	26	37	32	33	31	41	47	41	40	38	36	34	33	55	48
Y_scaffold3	552543	31	36	28	22	31	29	26	48	26	37	32	35	30	41	46	41	40	37	38	34	32	54	48
Y_scaffold3	552544	32	37	28	22	31	30	26	48	26	38	32	35	30	41	46	41	39	37	38	34	32	54	48
Y_scaffold3	552545	32	37	28	22	31	29	26	48	25	38	32	35	30	41	46	42	39	38	38	34	32	54	46
Y_scaffold3	552546	32	39	29	22	32	29	26	47	25	36	32	35	30	41	45	42	39	39	38	33	32	55	46
Y_scaffold3	552547	33	39	29	23	33	29	26	47	25	36	32	33	30	40	45	42	38	40	38	35	32	55	45
Y_scaffold3	552548	33	39	30	23	32	29	26	47	26	36	32	33	30	42	45	42	38	40	38	35	32	55	45
Y_scaffold3	552549	33	37	30	23	31	29	27	49	26	35	32	33	30	43	44	40	38	40	39	34	33	54	44
Y_scaffold3	552550	32	38	30	23	31	29	28	49	26	35	32	33	30	43	44	40	38	40	39	34	33	56	46
Y_scaffold3	552551	32	38	30	23	31	29	29	49	26	34	32	33	30	43	44	41	38	40	39	34	33	56	46
Y_scaffold3	552552	32	37	31	23	31	29	29	48	26	34	32	33	31	42	45	42	38	40	39	35	33	56	43
Y_scaffold3	552553	32	37	31	23	31	30	29	47	26	33	32	34	31	41	45	42	38	40	38	34	33	56	43
Y_scaffold3	552554	32	38	31	22	31	30	28	47	26	33	31	33	33	40	45	41	38	40	39	34	30	56	44
Y_scaffold3	552555	32	38	31	22	31	31	28	47	26	33	31	34	33	41	44	41	38	40	40	35	31	55	44
Y_scaffold3	552556	32	37	30	22	32	32	28	47	26	34	31	34	33	41	44	41	38	40	40	35	31	55	44
Y_scaffold3	552557	32	37	30	22	32	31	29	48	25	33	33	33	33	41	44	41	38	41	40	35	33	56	44
Y_scaffold3	552558	32	37	30	22	33	31	29	48	25	34	31	33	34	43	44	41	36	40	39	35	34	55	43
Y_scaffold3	552559	32	36	30	22	34	31	29	48	25	34	30	33	34	43	44	42	36	40	38	35	33	55	42
Y_scaffold3	552560	32	35	30	22	32	31	29	49	25	34	30	33	34	43	44	41	36	39	37	34	33	56	42
Y_scaffold3	552561	32	37	31	22	32	30	29	49	26	34	30	33	33	43	44	41	35	40	37	34	33	56	42
Y_scaffold3	552562	31	37	31	22	32	31	29	49	27	34	30	34	33	43	46	42	36	40	38	34	32	55	42
Y_scaffold3	552563	31	37	32	22	32	30	29	49	28	34	30	34	33	43	46	41	36	39	38	34	32	55	42
Y_scaffold3	552564	31	36	32	22	32	29	29	49	28	35	31	34	33	43	45	39	36	40	37	34	32	55	42
Y_scaffold3	552565	31	36	33	22	32	29	28	49	28	34	30	32	32	42	45	39	37	40	38	34	32	56	43
Y_scaffold3	552566	31	36	33	22	33	29	29	47	28	33	31	33	32	42	44	39	37	39	38	33	32	55	43
Y_scaffold3	552567	31	36	34	22	33	29	29	46	28	32	28	33	30	42	43	40	37	39	39	33	32	55	42
Y_scaffold3	552568	31	36	35	22	33	29	29	45	28	31	27	32	30	41	43	40	36	39	39	32	32	56	42
Y_scaffold3	552569	31	35	35	23	33	29	29	43	28	31	28	30	30	40	42	41	35	39	39	32	32	56	42
Y_scaffold3	552570	31	35	35	24	33	29	29	42	28	31	28	29	30	40	43	42	36	39	39	32	31	57	42
Y_scaffold3	552571	30	35	33	24	33	29	29	42	29	31	30	29	30	40	43	42	36	38	39	33	31	55	40
Y_scaffold3	552572	30	36	33	24	33	28	29	42	29	32	30	28	29	39	43	44	36	38	39	33	31	55	40
Y_scaffold3	552573	30	36	33	24	33	27	29	42	29	32	30	29	30	38	42	44	36	38	38	33	31	55	41
Y_scaffold3	552574	30	37	33	25	33	27	28	42	29	33	31	29	30	38	41	45	36	38	37	32	31	53	41
Y_scaffold3	552575	30	36	32	25	32	27	27	42	29	32	31	29	29	39	41	45	36	38	37	31	31	53	40
Y_scaffold3	552576	30	35	32	25	33	27	27	41	29	32	32	28	26	39	41	45	37	38	37	31	32	52	41
Y_scaffold3	552577	29	35	33	24	33	27	27	40	29	32	33	28	26	39	40	45	37	38	37	31	32	53	42
Y_scaffold3	552578	29	35	33	23	32	27	28	40	29	31	33	28	26	39	40	45	36	37	37	31	32	53	41
Y_scaffold3	552579	31	36	33	23	33	27	29	41	30	31	33	29	25	41	41	46	37	38	38	32	35	54	42
Y_scaffold3	552580	31	36	33	23	33	26	28	41	29	31	33	29	24	42	40	46	38	37	39	31	34	55	42
Y_scaffold3	552581	31	34	33	23	33	26	28	42	29	31	34	29	24	42	39	46	37	37	38	31	32	55	42
Y_scaffold3	552582	31	33	33	23	34	26	30	42	27	32	33	29	23	43	39	45	37	37	39	31	32	55	42
Y_scaffold3	552583	31	34	33	24	35	26	31	44	27	32	33	29	23	43	39	45	37	39	39	30	32	55	42
Y_scaffold3	552584	31	34	33	24	35	26	31	43	27	33	35	29	24	42	39	45	37	38	39	30	32	54	42
Y_scaffold3	552585	31	34	33	24	35	26	32	43	27	34	34	28	25	41	39	45	36	38	39	30	33	55	41
Y_scaffold3	552586	30	34	33	23	35	26	32	43	27	35	34	28	27	41	39	46	37	38	40	30	33	55	41
Y_scaffold3	552587	31	34	33	23	36	26	32	43	27	36	32	28	27	41	40	46	37	38	40	29	33	55	41
Y_scaffold3	552588	30	34	33	23	36	26	32	43	27	37	32	26	27	42	41	46	37	38	40	29	33	55	41
Y_scaffold3	552589	29	34	31	24	37	26	32	43	27	36	32	27	27	44	40	46	36	39	40	29	33	54	40
Y_scaffold3	552590	29	35	31	24	37	26	33	43	26	36	32	27	27	44	40	46	36	38	40	28	33	53	40
Y_scaffold3	552591	29	34	31	24	38	26	33	43	26	36	32	27	27	44	39	46	36	37	42	27	33	54	40
Y_scaffold3	552592	29	35	32	24	37	26	33	43	26	36	31	28	27	43	41	46	36	37	41	28	33	55	40
Y_scaffold3	552593	28	36	32	24	36	26	33	45	27	36	30	28	27	42	41	45	36	37	41	28	33	55	40
Y_scaffold3	552594	28	35	31	23	36	27	34	45	27	36	31	28	27	42	41	46	37	37	41	29	33	55	40
Y_scaffold3	552595	28	35	32	23	35	27	34	45	27	36	31	28	27	41	40	46	36	37	41	29	33	55	40
Y_scaffold3	552596	28	34	32	23	35	27	35	45	27	36	32	28	27	41	39	47	36	36	41	29	33	56	40
Y_scaffold3	552597	28	34	32	23	35	27	35	45	27	36	32	28	27	41	39	47	37	35	40	29	33	56	39
Y_scaffold3	552598	28	34	32	23	35	27	35	44	27	35	32	27	26	39	39	47	37	35	40	29	33	56	41
Y_scaffold3	552599	28	33	32	23	35	28	36	43	26	35	32	27	26	39	39	48	38	36	40	29	33	56	41
Y_scaffold3	552600	29	33	32	23	35	28	37	43	26	35	32	30	27	40	40	48	38	36	40	29	32	56	42
Y_scaffold3	552601	29	33	32	23	35	29	36	43	26	35	32	30	27	40	40	48	38	36	40	29	31	56	41
Y_scaffold3	552602	29	31	32	24	35	27	36	43	25	35	32	30	26	40	41	48	38	35	40	29	31	55	40
Y_scaffold3	552603	29	32	32	25	35	27	37	42	25	34	34	30	26	40	40	47	38	35	38	29	31	53	39
Y_scaffold3	552604	29	31	33	25	35	28	36	42	25	33	34	30	26	41	40	47	37	36	38	29	31	54	39
Y_scaffold3	552605	29	31	32	25	35	28	36	41	25	32	35	31	27	41	39	46	37	36	38	30	30	52	40
Y_scaffold3	552606	29	31	32	25	35	28	37	41	24	32	35	31	26	41	39	45	38	36	39	30	30	52	40
Y_scaffold3	552607	29	31	33	25	35	28	37	41	25	32	36	31	27	39	40	45	38	35	39	30	30	51	40
Y_scaffold3	552608	29	31	32	24	35	28	38	42	26	31	36	31	28	39	40	45	38	35	38	30	30	52	40
Y_scaffold3	552609	29	31	31	24	35	28	38	42	26	30	36	31	28	39	40	45	38	34	37	30	30	52	40
Y_scaffold3	552610	29	31	31	23	35	28	38	42	26	30	36	31	28	39	37	45	39	35	37	30	30	52	38
Y_scaffold3	552611	29	31	31	23	35	29	38	42	26	30	35	32	28	39	37	45	39	35	37	30	30	52	38
Y_scaffold3	552612	29	33	32	23	35	28	38	42	26	29	33	32	28	39	37	44	38	35	36	31	32	52	38
Y_scaffold3	552613	28	34	33	23	34	29	38	42	26	29	33	32	28	39	36	44	38	35	36	32	31	53	38
Y_scaffold3	552614	28	34	33	23	34	29	38	42	25	29	33	32	28	39	36	44	38	34	36	32	31	52	37
Y_scaffold3	552615	28	34	33	24	34	30	38	43	25	29	33	32	28	40	36	45	38	34	36	32	31	52	37
Y_scaffold3	552616	28	34	33	24	34	29	38	44	25	29	33	32	28	38	36	45	37	33	36	29	31	53	39
Y_scaffold3	552617	28	37	32	24	35	28	38	43	26	29	33	33	28	38	36	46	37	33	37	30	31	53	39
Y_scaffold3	552618	29	37	32	25	35	28	39	45	25	31	34	34	28	38	36	44	37	32	37	31	31	55	39
Y_scaffold3	552619	30	37	32	25	35	27	40	45	25	31	34	34	28	38	36	43	37	33	37	31	31	55	39
Y_scaffold3	552620	30	38	31	27	35	27	41	46	25	31	33	34	28	37	36	43	36	33	38	30	31	55	38
Y_scaffold3	552621	30	39	31	27	34	27	41	46	26	31	33	34	28	37	36	44	37	33	38	30	31	57	38
Y_scaffold3	552622	30	39	31	27	34	27	41	46	26	33	33	33	28	36	36	44	37	33	38	30	31	58	38
Y_scaffold3	552623	29	39	31	25	34	28	41	46	27	32	32	33	28	35	36	42	37	33	36	29	31	57	38
Y_scaffold3	552624	30	39	30	24	34	28	41	45	26	33	33	33	28	35	36	42	37	32	37	29	31	57	38
Y_scaffold3	552625	30	39	30	24	35	28	41	45	26	33	33	33	28	35	36	42	36	32	37	29	33	57	38
Y_scaffold3	552626	30	39	29	24	35	28	42	46	27	34	31	33	28	36	36	42	35	32	37	29	32	55	38
Y_scaffold3	552627	31	40	29	25	35	28	42	46	27	34	32	33	28	36	37	42	34	32	37	29	33	56	38
Y_scaffold3	552628	31	40	30	25	35	28	42	46	27	34	32	33	28	36	36	42	34	32	37	29	33	56	37
Y_scaffold3	552629	31	40	29	25	35	27	42	46	27	34	34	34	28	35	36	41	33	32	38	28	33	55	37
Y_scaffold3	552630	31	40	29	25	35	27	42	46	26	34	35	34	28	38	36	41	32	32	38	28	33	55	38
Y_scaffold3	552631	31	40	29	25	35	27	40	46	25	34	34	34	28	38	36	41	32	31	38	28	33	55	38
Y_scaffold3	552632	31	40	29	24	35	27	40	45	25	33	34	34	27	38	36	41	32	31	37	28	34	55	38
Y_scaffold3	552633	31	40	29	23	35	27	40	45	25	33	34	33	27	38	36	42	32	31	38	27	33	57	38
Y_scaffold3	552634	31	41	29	23	35	27	40	45	25	33	35	34	27	37	37	42	31	31	38	27	33	57	38
Y_scaffold3	552635	31	40	29	24	34	27	40	45	24	33	35	34	27	36	38	42	31	31	38	27	33	57	38
Y_scaffold3	552636	30	40	29	23	34	27	38	45	26	34	35	33	28	35	37	41	31	31	38	27	34	57	38
Y_scaffold3	552637	30	40	29	24	34	27	38	45	26	34	35	33	28	35	37	41	31	31	39	27	34	57	38
Y_scaffold3	552638	29	41	29	24	34	27	38	44	26	34	36	33	28	36	37	41	30	31	38	27	34	57	38
Y_scaffold3	552639	30	41	29	24	34	28	37	44	26	35	36	33	28	36	37	42	30	31	38	27	34	55	37
Y_scaffold3	552640	30	41	30	24	34	28	36	44	26	35	36	34	29	36	35	43	30	30	39	27	34	56	38
Y_scaffold3	552641	30	41	30	23	34	28	36	43	26	35	37	34	29	36	34	43	31	30	39	27	33	55	37
Y_scaffold3	552642	30	41	30	23	34	27	36	43	26	35	37	34	29	36	34	43	31	29	40	27	33	55	37
Y_scaffold3	552643	29	41	30	23	34	26	35	43	26	34	37	34	29	35	34	43	29	30	40	27	33	55	38
