Y_scaffold3	699587	40	36	31	33	33	19	21	36	34	26	38	28	41	29	48	43	41	43	44	26	22	51	51
Y_scaffold3	699588	39	36	31	33	32	19	21	36	35	26	38	28	41	29	48	42	40	43	44	27	22	50	51
Y_scaffold3	699589	39	36	31	33	32	19	21	37	35	26	39	29	41	30	48	42	40	43	44	27	22	51	51
Y_scaffold3	699590	39	35	32	33	31	19	21	37	36	26	39	29	41	30	48	40	40	42	44	28	21	52	51
Y_scaffold3	699591	39	35	32	33	31	19	21	37	36	26	40	29	40	30	49	40	40	42	44	28	21	53	51
Y_scaffold3	699592	39	35	31	33	30	19	21	37	36	27	40	29	39	30	50	40	41	42	45	27	22	53	50
Y_scaffold3	699593	39	34	31	32	30	18	21	37	36	28	41	29	41	30	46	40	40	42	45	26	22	52	50
Y_scaffold3	699594	39	34	31	32	30	18	21	37	37	28	41	29	41	31	46	39	40	43	45	26	22	52	50
Y_scaffold3	699595	39	34	31	31	30	18	21	37	37	31	41	29	41	30	46	39	39	43	46	26	21	52	49
Y_scaffold3	699596	38	34	31	31	29	18	22	37	37	31	41	29	42	31	46	37	39	43	46	26	21	52	49
Y_scaffold3	699597	39	33	32	31	29	18	22	36	37	30	41	29	41	31	47	36	39	43	47	26	21	51	49
Y_scaffold3	699598	39	32	31	32	29	18	23	36	36	28	41	28	41	32	46	36	39	42	47	26	21	51	48
Y_scaffold3	699599	39	32	31	32	30	18	23	36	35	28	41	28	41	32	46	36	39	42	46	26	21	52	48
Y_scaffold3	699600	38	31	31	33	27	18	23	36	35	28	41	28	41	32	48	36	39	43	46	26	21	51	48
Y_scaffold3	699601	38	31	31	33	27	17	22	37	34	29	40	28	41	32	48	35	40	44	46	26	20	50	48
Y_scaffold3	699602	39	31	31	33	26	16	22	37	34	29	40	28	39	32	47	35	40	44	45	27	21	51	48
Y_scaffold3	699603	39	31	31	33	26	16	23	36	34	29	40	28	40	33	47	35	39	44	45	27	21	50	48
Y_scaffold3	699604	39	31	31	33	26	17	23	35	33	30	40	28	40	33	47	35	38	44	45	27	21	49	48
Y_scaffold3	699605	39	31	34	33	27	17	23	35	33	31	40	28	40	33	48	35	38	45	45	28	22	49	47
Y_scaffold3	699606	39	31	33	33	27	17	23	35	33	31	40	27	40	33	49	35	38	45	44	26	21	48	47
Y_scaffold3	699607	39	30	33	33	27	17	23	35	33	31	40	27	39	33	48	35	37	45	44	26	21	48	47
Y_scaffold3	699608	38	30	33	33	28	18	23	34	33	31	40	27	40	33	47	34	37	46	44	26	21	48	47
Y_scaffold3	699609	38	31	33	32	29	19	22	32	34	31	39	28	40	33	47	34	36	47	43	26	21	48	47
Y_scaffold3	699610	39	31	32	32	29	19	22	33	34	31	39	28	40	33	47	34	38	47	43	26	21	48	46
Y_scaffold3	699611	39	31	32	32	28	20	22	33	34	31	39	28	40	34	47	34	38	47	43	27	21	50	46
Y_scaffold3	699612	39	30	31	32	27	20	22	33	34	32	38	27	40	34	48	34	38	47	43	27	21	50	46
Y_scaffold3	699613	39	30	31	31	27	20	23	32	34	32	38	27	41	34	48	34	39	45	42	28	21	49	45
Y_scaffold3	699614	38	31	31	31	27	20	23	32	34	31	38	26	41	34	48	33	39	45	42	28	21	48	46
Y_scaffold3	699615	39	31	31	31	27	19	23	33	35	31	38	26	41	35	48	34	39	45	41	28	21	46	46
Y_scaffold3	699616	39	31	31	31	27	19	22	33	34	31	38	26	41	35	48	34	39	43	41	28	21	45	46
Y_scaffold3	699617	39	31	32	30	27	19	22	31	33	31	39	27	40	36	52	34	39	43	41	28	21	45	47
Y_scaffold3	699618	39	31	32	30	27	20	22	31	33	31	38	27	40	36	53	34	39	43	41	28	21	46	47
Y_scaffold3	699619	38	31	31	30	27	19	22	31	33	31	39	27	41	36	53	36	39	42	41	28	21	46	47
Y_scaffold3	699620	37	32	31	29	27	19	22	30	33	32	40	27	41	36	52	36	38	43	40	28	21	47	46
Y_scaffold3	699621	36	32	30	29	27	19	22	30	33	32	40	27	40	35	52	36	37	43	40	28	21	47	46
Y_scaffold3	699622	36	32	30	29	27	19	22	30	32	31	40	27	38	35	51	36	36	44	40	30	20	46	46
Y_scaffold3	699623	37	33	30	29	27	19	22	30	33	32	40	27	39	37	51	35	36	44	40	30	20	46	46
Y_scaffold3	699624	37	32	30	29	27	19	21	30	33	32	42	28	39	37	51	35	37	44	40	30	19	46	46
Y_scaffold3	699625	37	32	29	29	25	19	21	30	33	32	42	28	39	37	52	35	37	44	40	30	19	45	46
Y_scaffold3	699626	36	32	29	30	25	19	21	29	33	32	41	27	39	38	51	35	36	44	40	30	19	45	46
Y_scaffold3	699627	36	33	30	30	25	19	21	29	32	32	40	27	39	38	49	35	36	44	39	30	19	44	45
Y_scaffold3	699628	38	33	30	30	25	20	22	29	31	32	40	27	39	37	49	35	37	43	39	31	19	45	46
Y_scaffold3	699629	37	30	30	30	25	20	23	29	30	32	39	27	39	37	50	35	37	43	38	31	19	44	45
Y_scaffold3	699630	35	30	30	31	25	21	23	31	30	32	39	27	40	37	52	35	37	42	38	31	19	43	46
Y_scaffold3	699631	34	30	31	31	25	22	23	31	29	31	38	27	40	37	52	35	37	41	38	31	19	43	46
Y_scaffold3	699632	34	30	32	31	24	22	23	31	29	31	38	27	41	37	53	34	37	41	38	30	19	43	46
Y_scaffold3	699633	34	31	32	30	24	21	23	31	29	31	39	27	40	35	52	33	37	41	38	30	19	43	47
Y_scaffold3	699634	34	31	31	30	24	21	23	32	30	31	39	27	40	35	52	33	37	40	39	30	19	41	47
Y_scaffold3	699635	35	32	30	30	24	21	23	32	30	31	39	27	40	35	52	33	37	40	38	30	19	41	47
Y_scaffold3	699636	35	32	30	29	23	21	23	32	30	32	40	27	40	36	52	33	37	41	38	30	19	41	47
Y_scaffold3	699637	34	31	30	29	23	21	23	33	30	32	40	27	39	35	51	32	36	41	38	29	18	41	47
Y_scaffold3	699638	34	31	29	29	23	22	24	35	30	33	42	29	39	34	51	32	38	41	38	29	18	41	48
Y_scaffold3	699639	33	31	29	29	22	22	25	35	30	33	42	29	38	34	51	32	38	41	38	29	18	41	48
Y_scaffold3	699640	33	30	29	30	22	22	25	35	30	33	42	29	38	33	51	33	38	41	38	29	18	41	47
Y_scaffold3	699641	34	30	29	30	22	22	25	36	30	33	42	29	38	35	52	34	39	43	38	29	18	41	46
Y_scaffold3	699642	34	29	29	30	23	22	26	35	30	33	42	28	38	35	52	34	41	42	38	29	19	40	46
Y_scaffold3	699643	33	30	29	30	23	22	26	35	30	33	42	29	38	35	51	33	43	43	38	28	19	39	46
Y_scaffold3	699644	33	31	29	30	23	22	26	35	31	33	42	29	39	35	51	36	43	44	38	28	19	41	46
Y_scaffold3	699645	35	31	29	30	23	22	26	34	32	33	41	29	38	35	51	36	43	43	38	30	19	41	46
Y_scaffold3	699646	35	31	29	30	24	22	27	34	32	33	40	30	38	35	51	36	43	43	38	30	19	42	46
Y_scaffold3	699647	35	29	29	29	24	22	27	33	32	33	40	29	38	35	51	36	43	43	36	31	19	43	45
Y_scaffold3	699648	35	29	29	28	24	22	27	33	32	33	39	29	38	35	51	36	44	43	36	31	19	43	45
Y_scaffold3	699649	35	30	29	28	26	22	27	35	33	33	38	29	38	33	50	36	42	43	36	31	19	43	45
Y_scaffold3	699650	35	30	29	28	26	22	27	35	33	33	38	29	38	33	48	36	41	43	36	31	20	43	45
Y_scaffold3	699651	35	30	29	28	25	21	27	35	33	33	37	29	38	33	47	36	41	42	36	31	20	43	46
Y_scaffold3	699652	35	30	29	27	25	21	27	35	32	33	36	29	37	33	47	36	41	42	37	30	19	42	46
Y_scaffold3	699653	35	28	30	26	23	21	27	35	32	33	37	31	37	33	47	36	41	43	38	29	21	42	46
Y_scaffold3	699654	35	28	30	26	24	21	27	35	32	32	36	33	37	33	47	37	41	45	38	28	21	42	47
Y_scaffold3	699655	35	29	30	26	24	21	27	35	32	32	36	33	38	33	47	37	41	46	38	28	22	41	47
Y_scaffold3	699656	36	28	30	25	24	21	27	35	32	31	36	33	39	32	46	37	41	46	38	28	21	42	46
Y_scaffold3	699657	36	28	31	25	24	21	26	36	32	30	36	33	39	31	46	38	41	47	40	27	21	42	46
Y_scaffold3	699658	36	28	31	25	24	21	25	36	32	31	36	32	39	33	46	38	42	47	39	28	20	42	46
Y_scaffold3	699659	36	28	30	25	24	21	25	36	33	31	36	32	39	34	46	38	43	47	39	28	20	43	46
Y_scaffold3	699660	36	28	30	25	24	21	25	36	34	31	35	31	39	34	47	38	43	48	39	28	20	43	46
Y_scaffold3	699661	35	27	30	24	24	21	25	35	34	30	35	30	39	35	47	38	43	48	38	28	20	43	46
Y_scaffold3	699662	35	27	31	23	24	21	25	36	34	30	35	31	40	35	47	38	43	48	38	26	20	43	47
Y_scaffold3	699663	35	27	31	23	24	21	26	36	34	31	33	31	40	34	47	38	43	47	38	26	20	43	49
Y_scaffold3	699664	35	26	31	23	25	21	26	33	32	31	31	32	40	34	47	37	43	46	39	26	19	41	49
Y_scaffold3	699665	36	26	31	23	24	21	27	33	32	31	33	32	40	34	47	37	43	47	40	26	19	41	49
Y_scaffold3	699666	33	26	31	23	25	21	27	33	32	30	33	31	40	34	47	36	43	46	40	25	19	42	48
Y_scaffold3	699667	34	27	32	23	25	21	28	33	32	30	33	32	41	34	48	35	42	46	40	25	19	45	49
Y_scaffold3	699668	34	27	31	23	25	21	29	33	32	30	32	33	41	34	48	35	42	49	40	25	19	45	49
Y_scaffold3	699669	34	27	31	22	25	21	29	34	32	30	32	33	41	33	47	35	43	49	40	25	19	45	51
Y_scaffold3	699670	34	27	32	22	25	22	28	34	31	30	31	33	40	33	47	35	42	47	40	25	19	44	50
Y_scaffold3	699671	34	27	31	22	25	22	27	34	31	30	30	33	39	33	47	35	42	47	39	25	20	44	50
Y_scaffold3	699672	33	27	31	22	25	23	27	34	31	28	30	34	40	33	47	35	41	49	40	26	20	43	50
Y_scaffold3	699673	34	27	31	22	25	23	27	34	31	28	30	34	41	33	46	36	41	50	40	26	20	43	50
Y_scaffold3	699674	34	27	30	24	26	24	27	34	30	28	29	34	40	33	46	35	41	50	40	26	20	43	50
Y_scaffold3	699675	34	27	30	24	26	24	28	34	30	28	29	34	40	33	45	36	42	50	40	26	20	43	51
Y_scaffold3	699676	34	27	31	24	26	25	28	34	29	28	29	34	40	34	45	34	42	51	40	26	20	43	51
Y_scaffold3	699677	34	26	31	25	24	25	28	34	29	29	28	34	39	34	45	32	42	52	39	26	20	43	52
Y_scaffold3	699678	35	26	31	24	24	25	29	33	30	29	28	33	38	34	46	31	42	52	38	26	20	44	52
Y_scaffold3	699679	35	27	31	24	24	25	29	32	30	28	28	33	38	33	46	30	42	51	38	26	20	45	51
Y_scaffold3	699680	35	26	31	24	24	25	29	31	29	28	28	33	36	33	46	30	41	51	37	24	19	45	53
Y_scaffold3	699681	36	26	31	23	24	25	29	31	29	28	27	33	36	32	46	29	42	52	37	24	19	46	54
Y_scaffold3	699682	35	26	32	23	24	25	29	30	29	28	27	33	34	32	46	29	42	53	36	24	20	45	55
Y_scaffold3	699683	35	26	32	23	24	25	29	31	28	29	28	33	34	32	45	31	41	53	36	24	20	45	56
Y_scaffold3	699684	35	26	33	23	24	24	29	31	29	29	28	33	34	32	45	30	41	53	36	24	20	45	56
Y_scaffold3	699685	34	27	33	24	24	24	29	31	29	29	27	32	34	33	41	30	38	53	36	23	20	45	56
Y_scaffold3	699686	34	27	33	24	25	24	29	31	29	29	28	31	35	33	43	30	38	53	36	23	20	45	56
Y_scaffold3	699687	34	27	34	24	25	23	31	32	29	30	28	31	34	33	43	30	37	53	36	23	20	44	54
Y_scaffold3	699688	33	27	34	24	25	22	31	32	28	30	28	31	34	33	42	31	37	53	38	24	19	43	54
Y_scaffold3	699689	33	27	33	24	24	22	31	34	27	29	27	31	34	33	43	30	37	53	39	24	18	44	53
Y_scaffold3	699690	32	28	33	24	24	22	32	35	27	29	26	31	35	33	43	30	37	52	38	24	18	43	52
Y_scaffold3	699691	32	29	33	25	24	22	32	34	26	29	25	30	34	32	43	30	37	52	39	24	18	42	51
Y_scaffold3	699692	31	28	33	26	22	23	32	34	26	28	25	29	34	30	40	30	35	50	38	24	18	41	50
Y_scaffold3	699693	31	29	33	26	22	23	32	35	26	30	25	29	34	30	40	30	35	50	38	24	18	41	50
Y_scaffold3	699694	31	28	34	26	22	23	33	35	25	30	26	28	33	30	40	30	36	50	38	24	18	41	50
Y_scaffold3	699695	32	28	35	27	22	23	35	36	26	30	26	28	33	30	41	29	36	50	39	25	20	41	49
Y_scaffold3	699696	32	28	35	26	23	23	35	36	26	30	26	28	32	30	41	30	35	50	38	25	20	41	49
Y_scaffold3	699697	32	28	35	26	22	23	34	35	26	29	26	28	32	30	41	30	35	50	38	25	20	41	48
Y_scaffold3	699698	31	28	35	26	22	23	34	35	26	29	26	28	32	30	41	29	37	50	38	25	20	41	47
Y_scaffold3	699699	31	28	33	26	22	23	35	35	26	29	26	28	32	30	42	29	37	50	37	27	20	42	45
Y_scaffold3	699700	31	27	33	26	22	23	36	35	26	29	26	28	32	30	42	29	37	50	36	27	20	44	45
Y_scaffold3	699701	31	27	32	25	23	23	35	35	26	29	26	28	32	30	43	29	38	50	36	27	20	44	45
Y_scaffold3	699702	31	27	32	24	23	23	35	35	25	29	28	29	32	30	43	30	38	50	36	26	20	44	45
Y_scaffold3	699703	33	27	33	24	23	23	35	35	25	29	28	30	33	30	43	29	37	50	35	26	20	43	45
Y_scaffold3	699704	33	27	34	24	23	23	35	35	25	30	27	30	33	29	42	27	37	50	35	25	19	43	42
Y_scaffold3	699705	33	29	34	25	23	23	35	35	24	30	27	31	32	29	42	27	38	50	35	26	19	42	42
Y_scaffold3	699706	33	29	34	25	23	23	35	36	23	29	27	31	32	29	42	27	38	50	35	26	19	41	42
Y_scaffold3	699707	33	31	34	25	23	22	36	36	23	29	28	31	32	30	42	26	38	51	35	26	19	41	42
Y_scaffold3	699708	33	31	35	26	23	22	36	35	23	29	28	31	32	29	44	26	39	52	35	26	20	41	41
Y_scaffold3	699709	33	31	35	26	22	22	36	35	23	28	28	31	32	29	43	26	39	53	36	26	20	41	41
Y_scaffold3	699710	32	32	35	25	22	22	35	33	23	28	28	31	32	29	42	26	39	53	36	26	21	39	41
Y_scaffold3	699711	32	32	35	25	21	22	34	33	23	28	28	32	31	30	42	25	40	53	36	26	21	39	41
Y_scaffold3	699712	32	32	35	25	21	21	33	33	25	28	28	32	31	30	42	25	39	52	36	26	21	40	41
Y_scaffold3	699713	32	32	35	24	21	22	33	33	26	28	28	32	31	29	42	25	38	52	37	26	21	41	41
Y_scaffold3	699714	33	31	35	24	21	21	33	33	26	30	28	32	31	28	42	25	38	50	34	26	21	40	40
Y_scaffold3	699715	33	31	35	23	21	21	33	34	24	31	27	32	31	28	42	25	38	50	35	25	22	40	40
Y_scaffold3	699716	32	31	35	22	21	21	32	32	23	32	27	32	30	27	41	25	38	50	35	26	22	41	40
Y_scaffold3	699717	32	31	35	22	21	21	33	31	23	32	27	32	31	27	41	26	38	52	35	27	23	41	40
Y_scaffold3	699718	32	31	36	22	20	21	34	31	23	32	27	31	32	26	40	27	38	52	35	27	23	41	41
Y_scaffold3	699719	32	31	36	22	20	21	35	31	23	32	27	32	32	26	40	27	38	52	34	27	23	41	41
Y_scaffold3	699720	32	31	35	23	20	21	35	31	22	32	27	32	32	26	39	27	37	50	32	27	23	40	39
Y_scaffold3	699721	32	31	35	23	20	21	36	31	23	31	27	32	32	26	38	27	37	51	32	27	22	41	39
Y_scaffold3	699722	32	32	36	23	20	19	36	31	24	31	27	32	32	26	38	27	36	49	32	26	21	41	39
Y_scaffold3	699723	31	30	35	23	20	19	36	31	24	31	27	32	32	26	37	26	33	49	31	26	19	41	38
Y_scaffold3	699724	31	29	35	23	20	19	36	31	24	30	26	32	32	26	39	26	33	50	33	26	20	41	40
Y_scaffold3	699725	32	29	36	23	20	18	35	32	24	30	26	32	31	26	38	28	33	49	31	26	19	41	40
Y_scaffold3	699726	32	28	36	23	20	18	35	32	25	30	26	32	31	27	38	28	34	49	30	26	19	42	40
Y_scaffold3	699727	32	29	36	24	20	18	35	32	25	30	25	32	31	28	38	28	33	48	30	26	19	42	40
Y_scaffold3	699728	33	29	36	24	21	18	35	31	25	30	25	32	31	28	38	28	32	49	31	26	19	42	41
Y_scaffold3	699729	38	31	36	24	21	18	35	31	26	30	25	32	30	28	40	29	32	49	31	26	19	42	41
Y_scaffold3	699730	38	31	37	25	21	18	35	31	26	30	25	32	30	28	40	29	32	49	31	26	19	42	43
Y_scaffold3	699731	37	32	37	26	21	18	35	31	26	30	26	31	30	28	40	29	32	49	30	25	19	43	43
Y_scaffold3	699732	37	32	37	26	24	18	35	31	26	30	26	30	30	28	40	30	32	49	30	25	19	43	44
Y_scaffold3	699733	39	31	38	26	25	18	35	31	27	30	28	30	30	28	40	30	32	50	30	25	19	44	45
Y_scaffold3	699734	39	31	38	26	25	18	34	31	28	30	28	30	30	28	40	31	32	50	30	25	19	44	45
Y_scaffold3	699735	40	31	38	26	25	19	34	31	28	29	28	30	31	28	40	32	33	50	30	24	20	45	45
Y_scaffold3	699736	40	31	39	25	24	19	34	31	27	29	28	30	31	28	40	32	33	50	30	24	21	46	44
Y_scaffold3	699737	40	31	39	25	24	19	33	31	27	30	28	29	31	27	40	32	33	50	30	24	22	46	45
Y_scaffold3	699738	40	31	39	24	24	19	33	31	26	30	28	29	31	27	40	32	33	49	30	23	22	45	44
Y_scaffold3	699739	40	31	39	24	24	19	33	30	26	30	27	29	31	26	40	32	33	49	30	23	22	44	44
Y_scaffold3	699740	40	31	38	24	24	19	32	32	24	31	27	28	31	26	41	33	32	48	30	22	22	44	45
Y_scaffold3	699741	40	31	38	24	24	19	32	32	24	31	26	28	31	26	41	33	33	48	31	22	22	46	46
Y_scaffold3	699742	40	31	38	24	24	19	32	32	25	30	26	29	31	26	40	33	33	48	30	23	21	46	46
Y_scaffold3	699743	40	31	38	25	25	19	32	32	26	30	26	31	30	25	40	33	34	49	30	24	21	46	48
Y_scaffold3	699744	40	31	38	25	25	19	32	32	26	32	26	31	30	25	40	33	34	48	30	24	21	46	48
Y_scaffold3	699745	40	31	38	25	25	19	33	32	26	29	26	31	30	25	40	33	34	48	29	24	21	47	48
Y_scaffold3	699746	41	31	38	26	25	19	33	32	26	29	26	31	29	24	40	33	34	48	29	24	22	47	48
Y_scaffold3	699747	41	31	37	26	25	19	33	32	26	29	26	31	29	24	39	33	34	47	27	24	22	47	48
Y_scaffold3	699748	41	31	37	28	25	19	32	32	27	30	28	32	30	23	40	33	34	47	27	24	22	47	48
Y_scaffold3	699749	41	32	37	29	24	19	32	34	28	30	28	32	30	23	40	34	34	47	28	24	22	47	48
Y_scaffold3	699750	42	32	37	27	26	19	32	34	28	29	28	32	30	22	39	34	35	46	28	23	22	48	48
Y_scaffold3	699751	42	32	37	28	26	19	32	34	29	29	29	32	30	22	39	34	34	46	28	23	21	51	48
Y_scaffold3	699752	41	32	37	28	26	19	32	34	29	29	29	32	30	23	39	34	34	46	28	23	21	51	49
Y_scaffold3	699753	42	32	36	28	26	18	31	34	29	29	29	32	30	23	39	34	34	46	28	23	21	51	49
Y_scaffold3	699754	42	32	35	28	26	18	31	33	29	28	29	32	30	23	39	34	34	46	28	23	21	51	49
Y_scaffold3	699755	42	33	31	28	25	18	32	34	29	27	29	32	30	23	38	34	34	46	28	23	20	51	49
Y_scaffold3	699756	42	33	31	27	26	18	33	35	30	27	30	32	30	23	38	34	34	46	28	23	20	52	49
Y_scaffold3	699757	42	33	31	27	25	18	33	35	30	27	30	32	30	23	38	34	35	45	28	23	20	52	49
Y_scaffold3	699758	43	33	32	27	23	18	33	36	30	27	30	31	31	23	40	34	37	44	30	23	20	52	49
Y_scaffold3	699759	44	32	32	28	23	16	33	35	29	27	30	31	31	23	40	35	37	43	30	23	20	52	49
Y_scaffold3	699760	43	32	32	29	23	16	33	36	29	27	30	31	31	23	42	35	36	44	30	23	20	52	51
Y_scaffold3	699761	43	32	32	30	23	15	33	35	29	27	30	31	31	22	43	36	36	44	30	22	20	49	51
Y_scaffold3	699762	43	32	32	30	24	15	33	35	29	26	31	31	30	22	42	36	35	46	30	22	20	49	51
Y_scaffold3	699763	42	31	32	30	24	15	33	35	30	27	31	31	29	22	42	36	35	47	30	21	20	48	52
Y_scaffold3	699764	42	32	34	30	24	14	34	35	29	27	31	31	29	21	43	36	35	47	29	21	20	48	51
Y_scaffold3	699765	42	32	35	31	24	14	34	35	29	27	31	32	29	21	43	36	35	47	29	21	21	49	51
Y_scaffold3	699766	43	32	34	31	24	14	35	35	29	27	31	32	29	21	43	36	35	47	29	21	21	50	50
Y_scaffold3	699767	44	32	34	31	24	15	35	35	29	27	30	32	30	21	41	36	35	47	30	21	21	50	49
Y_scaffold3	699768	44	32	34	32	24	14	35	35	29	27	31	32	30	21	40	35	36	47	30	21	23	49	49
Y_scaffold3	699769	44	31	33	32	24	14	34	35	29	27	29	32	29	21	40	35	35	46	30	21	23	48	49
Y_scaffold3	699770	44	31	33	34	24	15	34	36	30	27	29	32	29	21	40	35	35	47	30	20	23	50	49
Y_scaffold3	699771	44	32	33	34	24	16	35	36	30	27	30	33	30	20	40	35	36	46	31	19	23	50	49
Y_scaffold3	699772	42	31	33	34	25	16	35	36	29	26	29	33	29	18	40	35	36	46	31	20	23	50	49
Y_scaffold3	699773	42	31	33	34	25	17	35	36	30	27	29	33	29	19	40	35	36	46	31	20	23	50	50
Y_scaffold3	699774	41	31	33	34	25	18	35	36	30	28	28	33	29	19	40	35	35	47	31	20	23	50	50
Y_scaffold3	699775	41	32	33	34	27	17	35	38	30	28	29	33	30	18	39	35	35	48	32	20	23	50	50
Y_scaffold3	699776	41	32	33	32	27	17	35	38	30	28	29	33	30	18	39	34	35	48	32	20	23	50	50
Y_scaffold3	699777	41	32	32	32	27	17	34	38	30	28	30	33	30	18	40	34	35	48	32	20	23	49	51
Y_scaffold3	699778	39	32	32	32	27	16	34	38	30	28	30	33	30	18	40	34	34	49	32	19	23	49	50
Y_scaffold3	699779	40	33	32	32	27	16	35	39	31	28	32	33	32	18	39	35	35	50	33	19	23	52	50
Y_scaffold3	699780	40	33	35	31	27	17	35	38	32	28	32	33	32	18	39	35	35	50	33	19	23	53	50
Y_scaffold3	699781	40	33	34	31	28	17	35	38	33	29	32	33	32	18	39	35	35	52	35	19	23	53	50
Y_scaffold3	699782	40	34	33	31	28	17	35	38	33	29	32	33	31	18	38	35	35	54	34	20	23	53	49
Y_scaffold3	699783	40	33	33	32	28	17	35	39	32	29	31	34	33	18	40	35	36	55	34	20	23	54	48
Y_scaffold3	699784	40	33	33	32	27	17	35	38	31	29	31	34	34	18	40	35	36	55	33	20	23	54	48
Y_scaffold3	699785	39	34	33	32	27	17	35	39	31	29	31	33	34	18	40	36	36	55	33	20	23	55	48
Y_scaffold3	699786	38	34	33	32	27	17	35	39	31	28	30	33	34	18	40	36	36	54	33	21	23	55	49
Y_scaffold3	699787	38	34	33	32	27	17	35	36	31	28	28	32	34	18	40	36	35	53	33	21	23	56	49
Y_scaffold3	699788	39	35	33	32	26	18	33	36	31	27	28	31	34	18	40	36	36	54	33	21	23	56	49
Y_scaffold3	699789	38	35	34	32	27	19	33	37	31	27	28	31	34	18	40	37	37	54	33	21	23	57	49
Y_scaffold3	699790	38	35	34	32	27	19	33	37	31	27	29	31	33	17	40	36	36	52	33	21	23	57	48
Y_scaffold3	699791	39	35	34	32	27	19	33	37	31	27	29	31	33	16	40	35	37	53	33	21	23	59	48
Y_scaffold3	699792	38	34	33	33	26	19	32	37	31	28	29	30	33	16	40	34	34	52	33	21	22	59	48
Y_scaffold3	699793	37	32	33	35	26	19	32	37	30	28	29	30	32	16	40	32	33	52	34	21	22	59	49
Y_scaffold3	699794	38	32	33	35	26	19	32	37	30	28	29	30	32	16	40	31	33	52	34	21	22	57	49
Y_scaffold3	699795	38	33	33	35	26	19	32	37	29	28	30	31	32	16	40	31	33	53	34	20	22	57	49
Y_scaffold3	699796	38	33	33	35	25	19	31	37	30	28	30	30	32	16	40	32	34	52	34	20	22	56	49
Y_scaffold3	699797	38	33	33	35	25	19	32	37	30	28	31	30	34	16	40	32	34	53	35	20	23	55	50
Y_scaffold3	699798	38	32	34	35	25	19	32	38	30	29	31	30	34	18	40	33	33	53	35	23	23	55	50
Y_scaffold3	699799	38	32	35	35	24	19	32	36	29	29	31	30	34	19	40	33	33	53	35	23	23	54	50
Y_scaffold3	699800	38	32	36	35	25	20	32	37	29	29	33	30	34	19	40	33	33	54	33	23	22	54	49
Y_scaffold3	699801	38	32	36	35	25	20	32	38	29	30	34	30	34	19	40	33	33	54	33	23	22	54	49
Y_scaffold3	699802	38	32	36	35	27	20	33	38	29	29	33	29	34	19	42	33	33	54	33	23	23	56	49
Y_scaffold3	699803	38	32	35	35	27	20	33	39	29	29	33	29	34	19	42	33	32	52	33	23	22	57	50
Y_scaffold3	699804	37	32	35	35	26	20	33	39	29	29	33	27	34	19	42	32	32	50	33	23	22	58	49
Y_scaffold3	699805	37	31	35	36	26	20	33	39	29	29	33	27	33	19	43	32	32	50	33	23	21	58	48
Y_scaffold3	699806	36	31	35	36	27	20	33	38	29	30	33	27	32	19	44	32	32	50	33	23	21	57	48
Y_scaffold3	699807	37	31	35	36	27	20	33	38	29	30	34	28	32	19	44	31	32	50	31	23	21	57	49
Y_scaffold3	699808	37	31	35	37	27	20	33	38	30	29	34	28	32	17	47	33	32	50	32	22	21	57	49
Y_scaffold3	699809	37	31	35	37	26	21	33	38	29	29	34	28	32	16	47	34	31	50	34	22	21	57	49
Y_scaffold3	699810	37	31	35	37	26	21	34	38	28	29	34	28	32	16	46	34	31	49	34	22	21	58	49
Y_scaffold3	699811	38	31	35	37	26	21	34	38	28	29	35	28	32	15	46	34	31	49	34	22	21	58	49
Y_scaffold3	699812	38	32	34	37	26	21	34	37	28	29	35	27	31	16	46	34	31	49	34	22	22	57	48
Y_scaffold3	699813	39	32	34	37	27	21	33	37	28	29	35	28	31	18	46	35	31	49	34	23	22	58	46
Y_scaffold3	699814	39	32	33	37	26	21	33	37	28	28	35	27	31	18	47	35	31	49	33	23	21	58	47
Y_scaffold3	699815	38	32	32	37	26	21	33	37	28	28	33	27	31	18	49	35	32	48	32	23	22	58	47
Y_scaffold3	699816	38	31	32	37	25	21	33	37	28	28	33	27	30	18	50	37	32	49	32	23	22	57	48
Y_scaffold3	699817	37	31	31	38	25	21	31	37	28	28	33	25	29	21	49	38	33	48	32	23	23	54	47
Y_scaffold3	699818	37	30	31	38	25	22	31	37	28	28	32	25	29	22	49	39	33	47	32	24	22	58	46
Y_scaffold3	699819	37	30	31	38	26	22	31	36	27	30	32	25	30	22	49	40	32	47	32	24	22	58	45
Y_scaffold3	699820	38	30	30	38	26	21	31	36	27	30	32	25	30	22	50	40	33	47	32	24	22	58	45
Y_scaffold3	699821	38	30	30	38	26	21	31	36	27	33	32	25	30	22	50	39	33	46	34	23	22	59	45
Y_scaffold3	699822	38	30	30	38	29	21	31	38	27	33	32	24	31	22	50	40	34	45	34	22	23	59	46
Y_scaffold3	699823	38	30	30	37	29	20	31	38	27	33	32	24	30	23	51	40	35	44	34	22	23	59	46
Y_scaffold3	699824	37	30	30	36	28	20	30	38	27	34	32	24	30	23	52	40	35	44	34	22	24	59	47
Y_scaffold3	699825	37	30	29	36	28	20	29	38	28	34	32	24	30	23	52	39	34	46	34	22	24	59	46
Y_scaffold3	699826	37	30	28	36	28	19	30	39	29	33	33	25	30	22	52	40	34	45	34	22	24	60	46
Y_scaffold3	699827	37	30	28	35	28	19	30	39	29	32	33	25	30	22	52	41	34	45	34	22	24	60	46
Y_scaffold3	699828	36	30	28	35	28	19	29	39	28	32	33	25	30	22	51	41	34	46	35	22	24	60	45
Y_scaffold3	699829	36	30	28	35	28	19	29	39	28	32	33	24	30	22	51	41	34	46	35	22	23	59	45
Y_scaffold3	699830	37	30	28	35	28	19	29	40	28	35	33	25	32	22	52	42	35	47	35	22	24	58	45
Y_scaffold3	699831	36	30	28	35	28	20	29	41	28	35	33	25	33	22	52	40	34	46	35	21	25	58	42
Y_scaffold3	699832	37	30	29	35	28	21	30	41	28	36	33	26	34	22	52	40	34	45	35	21	24	58	43
Y_scaffold3	699833	37	30	29	35	28	21	30	40	28	36	32	27	34	22	52	40	34	45	35	21	24	58	43
Y_scaffold3	699834	37	31	28	35	28	21	32	40	27	36	32	27	34	22	53	40	34	45	35	21	24	58	44
Y_scaffold3	699835	37	30	29	34	28	20	32	40	27	36	32	27	33	21	51	40	34	44	34	21	24	58	44
Y_scaffold3	699836	37	32	29	35	28	20	32	40	27	36	32	28	33	21	52	40	35	44	34	21	24	58	44
Y_scaffold3	699837	37	32	29	34	27	20	30	39	27	35	33	28	33	21	52	39	35	44	34	20	24	58	44
Y_scaffold3	699838	37	32	29	35	27	20	30	40	27	35	33	29	33	21	52	39	35	44	32	21	24	58	44
Y_scaffold3	699839	37	31	29	35	27	21	30	38	27	36	34	29	32	21	52	40	35	44	31	21	24	58	44
Y_scaffold3	699840	37	31	29	35	28	21	30	37	27	36	35	29	32	21	51	40	35	44	31	22	24	58	44
Y_scaffold3	699841	37	31	29	34	29	20	30	37	27	36	35	29	32	21	51	40	35	44	29	22	24	58	44
Y_scaffold3	699842	37	31	29	33	29	19	30	37	27	36	35	30	32	21	52	40	35	44	29	22	24	58	44
Y_scaffold3	699843	37	30	29	33	29	19	31	36	28	34	35	30	32	22	52	40	35	45	29	21	24	58	45
Y_scaffold3	699844	37	31	29	31	29	19	29	35	27	34	34	30	32	22	52	40	34	45	29	21	24	58	45
Y_scaffold3	699845	37	31	28	31	29	19	30	35	28	35	35	30	32	22	51	40	34	45	29	21	23	58	45
Y_scaffold3	699846	36	31	28	30	29	19	29	36	28	35	35	32	32	22	52	40	34	46	29	21	24	57	45
Y_scaffold3	699847	37	31	28	30	29	19	30	38	28	36	35	32	33	23	52	40	35	46	29	21	24	57	45
Y_scaffold3	699848	37	31	29	30	29	19	30	38	28	36	35	32	33	23	52	40	33	45	29	21	24	57	45
Y_scaffold3	699849	37	31	29	30	28	20	29	38	28	36	35	31	33	23	51	39	33	45	29	19	24	56	45
Y_scaffold3	699850	37	31	29	30	28	20	28	38	28	36	35	31	33	23	51	39	33	44	29	19	24	54	45
Y_scaffold3	699851	38	32	29	32	28	21	28	39	28	36	35	31	34	23	51	39	33	45	29	19	24	54	45
Y_scaffold3	699852	38	32	28	32	28	21	28	39	28	36	34	30	34	23	50	38	32	45	29	19	24	54	45
Y_scaffold3	699853	36	32	28	32	28	21	28	39	28	36	35	29	33	23	50	38	32	46	29	19	24	54	45
Y_scaffold3	699854	36	32	27	32	29	21	27	39	29	35	34	29	34	23	51	38	32	46	29	19	24	54	45
Y_scaffold3	699855	36	30	27	31	29	21	27	39	29	35	34	28	34	23	51	38	31	46	29	18	24	55	45
Y_scaffold3	699856	36	29	29	32	29	22	26	38	29	35	34	28	34	25	51	39	31	46	30	18	24	54	45
Y_scaffold3	699857	36	29	29	32	29	22	26	38	29	35	34	29	34	24	51	39	32	46	30	18	24	53	45
Y_scaffold3	699858	37	27	28	31	29	22	26	38	30	36	34	29	34	24	49	39	32	47	30	19	23	54	45
Y_scaffold3	699859	37	27	28	30	29	22	26	38	30	36	35	29	34	24	49	38	32	46	29	19	23	54	45
Y_scaffold3	699860	38	31	29	30	29	22	27	38	31	37	37	29	34	24	49	39	32	47	29	21	22	56	46
Y_scaffold3	699861	38	31	29	30	29	22	27	38	31	37	37	28	34	23	49	39	31	47	29	21	22	56	46
Y_scaffold3	699862	38	31	29	30	29	22	27	38	29	37	37	28	34	23	49	39	31	47	29	21	22	56	46
Y_scaffold3	699863	38	31	30	30	29	21	28	39	28	38	37	28	35	23	48	40	32	47	28	20	22	55	47
Y_scaffold3	699864	38	31	31	30	29	21	29	38	28	36	37	27	35	23	47	40	32	47	30	20	21	55	48
Y_scaffold3	699865	38	31	31	30	30	22	30	38	28	35	38	27	35	23	47	40	32	47	30	20	21	55	48
Y_scaffold3	699866	38	31	31	30	30	22	30	38	28	34	38	27	35	23	47	39	32	45	30	19	20	55	48
Y_scaffold3	699867	39	31	31	30	30	22	30	38	28	35	39	28	34	23	48	39	32	45	30	19	20	56	48
Y_scaffold3	699868	39	32	30	30	30	22	28	39	28	36	39	27	33	24	48	38	32	45	31	19	20	56	47
Y_scaffold3	699869	39	32	30	30	30	22	28	39	29	36	39	26	32	24	48	37	32	45	32	19	20	57	47
Y_scaffold3	699870	39	32	30	30	30	22	28	39	29	36	39	26	32	24	48	38	32	45	32	19	21	57	47
Y_scaffold3	699871	39	32	30	30	30	22	27	38	28	36	39	26	32	24	48	38	33	44	32	19	21	56	47
Y_scaffold3	699872	39	31	30	30	30	22	27	38	26	38	39	26	31	24	49	38	33	43	33	19	21	56	47
Y_scaffold3	699873	39	31	30	30	30	23	27	39	26	38	38	26	31	24	48	38	33	42	33	19	20	56	46
Y_scaffold3	699874	39	32	30	29	31	23	28	40	26	38	38	26	31	25	47	38	33	42	31	20	20	56	45
Y_scaffold3	699875	38	32	29	29	31	23	28	39	26	39	38	26	31	24	47	36	33	42	31	20	20	56	46
Y_scaffold3	699876	39	34	29	29	31	23	28	39	25	39	39	26	31	24	48	36	32	43	31	22	20	55	45
Y_scaffold3	699877	37	34	30	29	31	25	28	39	25	39	39	26	31	23	48	36	32	42	30	22	20	55	44
Y_scaffold3	699878	37	34	30	29	30	25	28	39	25	39	40	26	31	23	48	36	32	42	30	22	21	55	45
Y_scaffold3	699879	33	33	30	29	31	25	29	39	24	39	40	26	31	23	47	35	32	44	30	22	21	55	45
Y_scaffold3	699880	33	32	29	28	31	26	30	39	25	39	40	26	32	23	47	35	32	44	31	22	21	55	43
Y_scaffold3	699881	34	32	29	27	28	26	30	39	25	39	39	26	34	23	47	35	32	44	31	23	21	55	42
Y_scaffold3	699882	32	32	29	27	28	27	30	40	25	39	38	26	34	23	47	35	32	44	31	23	21	55	42
Y_scaffold3	699883	32	32	29	27	28	27	30	40	24	40	37	27	35	23	47	35	32	43	31	23	21	55	41
Y_scaffold3	699884	31	32	29	27	28	27	30	40	23	40	37	27	35	23	47	33	32	43	31	23	21	55	41
Y_scaffold3	699885	31	32	29	27	28	27	30	40	23	40	38	27	34	23	47	33	31	43	31	23	20	54	41
Y_scaffold3	699886	30	32	28	27	28	27	30	40	23	40	38	28	34	24	48	33	31	43	31	23	19	54	41
Y_scaffold3	699887	30	32	28	27	29	27	30	40	23	39	39	28	34	24	51	34	31	44	31	24	18	55	41
Y_scaffold3	699888	31	32	28	27	29	27	30	40	24	39	39	28	34	24	52	34	31	45	31	24	18	55	41
Y_scaffold3	699889	31	32	28	27	29	27	30	38	24	39	40	28	34	24	52	34	31	46	31	24	18	55	41
Y_scaffold3	699890	31	32	28	27	29	27	30	38	25	38	41	28	33	25	50	34	31	46	31	24	18	54	40
Y_scaffold3	699891	32	32	28	27	29	27	30	39	25	38	42	28	33	25	50	34	30	46	30	24	19	53	41
Y_scaffold3	699892	32	32	28	27	29	27	30	41	24	38	41	27	32	25	50	34	32	46	31	23	19	54	40
Y_scaffold3	699893	32	33	28	27	28	27	30	41	24	37	42	27	32	25	51	36	32	47	32	22	19	55	39
Y_scaffold3	699894	32	33	28	27	28	27	30	41	24	35	43	27	32	25	51	36	32	48	31	22	19	55	39
Y_scaffold3	699895	32	33	28	27	28	27	29	40	24	35	43	27	31	25	52	36	32	48	31	22	19	54	39
Y_scaffold3	699896	32	33	28	25	29	28	30	40	27	36	42	27	31	26	53	38	33	49	31	22	18	54	39
Y_scaffold3	699897	31	33	29	24	29	28	31	40	27	35	41	26	32	27	52	39	33	52	32	22	18	54	40
Y_scaffold3	699898	31	32	31	24	29	28	31	40	27	35	41	26	33	28	52	39	34	53	32	22	18	54	40
Y_scaffold3	699899	31	32	31	23	29	29	32	38	26	35	41	28	33	28	52	39	35	53	31	23	19	53	40
Y_scaffold3	699900	30	32	32	23	27	29	32	37	27	35	42	28	32	28	51	41	34	55	31	23	19	54	41
Y_scaffold3	699901	31	32	32	22	27	29	33	37	26	35	41	28	33	28	51	41	34	55	31	23	20	51	42
Y_scaffold3	699902	30	32	33	22	27	29	34	37	26	35	41	28	33	29	52	41	34	55	31	23	20	51	41
Y_scaffold3	699903	30	32	34	22	27	29	34	37	26	35	41	28	33	28	52	41	34	55	30	23	20	51	41
Y_scaffold3	699904	31	32	37	22	27	30	34	38	26	35	41	29	33	29	52	41	34	56	31	22	20	51	42
Y_scaffold3	699905	31	31	37	22	27	30	32	37	26	35	41	30	33	29	52	42	34	55	33	22	20	51	42
Y_scaffold3	699906	31	31	38	22	27	30	33	36	25	35	40	30	33	30	52	42	34	55	33	23	20	50	42
Y_scaffold3	699907	30	31	37	22	27	29	33	36	25	35	40	30	32	30	52	42	33	55	32	23	20	50	42
Y_scaffold3	699908	30	31	37	23	28	29	33	35	26	35	40	31	33	30	51	44	32	57	31	24	20	50	44
Y_scaffold3	699909	30	31	37	21	28	30	33	34	26	35	40	31	33	30	50	43	31	57	32	24	21	50	42
Y_scaffold3	699910	30	33	37	21	28	30	32	34	27	35	40	31	34	30	49	42	31	58	32	24	21	50	41
Y_scaffold3	699911	31	33	38	22	29	31	32	34	27	35	41	31	34	30	50	42	32	58	32	24	22	50	42
Y_scaffold3	699912	32	34	38	22	28	31	32	34	27	35	40	31	34	30	51	42	33	56	32	24	22	50	42
Y_scaffold3	699913	32	34	36	21	28	31	31	34	26	35	39	30	34	30	50	41	33	55	31	24	23	51	42
Y_scaffold3	699914	32	33	36	22	28	31	31	33	26	35	39	31	35	30	50	41	33	55	32	24	23	50	42
Y_scaffold3	699915	33	33	35	22	28	31	31	33	26	35	39	31	35	30	50	41	33	56	32	24	23	50	42
Y_scaffold3	699916	33	34	35	23	28	31	30	33	28	35	39	31	35	31	49	41	33	57	32	24	25	50	43
Y_scaffold3	699917	33	34	35	23	28	30	30	33	28	35	39	31	34	30	48	41	33	57	32	24	25	51	43
Y_scaffold3	699918	34	34	35	22	29	30	30	34	29	36	38	31	34	30	48	40	32	57	32	24	23	51	43
Y_scaffold3	699919	34	34	35	21	29	30	30	34	29	35	38	31	34	30	48	40	32	57	32	24	23	51	43
Y_scaffold3	699920	34	34	34	20	29	29	30	33	28	35	38	31	34	31	48	40	32	56	32	24	23	50	43
