Y_scaffold3	791907	37	31	32	30	33	24	43	36	31	26	40	76	35	29	37	30	34	32	27	28	21	40	43
Y_scaffold3	791908	38	31	32	30	33	24	42	36	31	26	39	77	35	30	37	30	34	32	27	28	21	41	43
Y_scaffold3	791909	37	31	32	30	33	24	42	36	31	27	39	75	35	30	38	30	34	31	27	28	21	41	43
Y_scaffold3	791910	37	31	33	30	33	24	43	36	31	27	40	75	35	30	38	30	34	32	27	28	21	41	43
Y_scaffold3	791911	36	31	34	31	33	26	43	35	31	27	39	73	35	30	37	31	33	32	28	30	21	42	45
Y_scaffold3	791912	36	31	34	30	32	26	43	35	31	27	39	73	35	30	37	31	33	32	28	30	21	41	44
Y_scaffold3	791913	35	31	35	30	32	26	43	35	32	27	39	73	35	30	37	31	32	32	28	29	21	41	44
Y_scaffold3	791914	35	31	36	31	32	26	43	36	33	27	40	74	36	31	38	30	33	33	28	30	21	41	47
Y_scaffold3	791915	35	30	36	30	32	25	43	36	33	27	42	73	36	31	38	29	33	34	28	30	21	41	47
Y_scaffold3	791916	35	29	37	29	32	25	43	37	32	27	42	73	35	31	39	29	33	34	30	30	21	40	49
Y_scaffold3	791917	35	28	38	29	32	25	45	39	33	27	42	73	36	31	42	28	30	36	31	30	21	39	49
Y_scaffold3	791918	35	29	38	28	32	25	45	39	33	26	42	73	36	31	42	28	30	36	31	30	21	39	49
Y_scaffold3	791919	35	29	38	28	33	25	43	39	35	25	42	71	36	31	42	29	29	35	30	30	21	39	49
Y_scaffold3	791920	35	29	38	28	33	24	43	38	34	26	42	70	36	32	42	30	29	35	30	31	21	39	49
Y_scaffold3	791921	35	29	37	28	33	24	43	38	34	26	42	71	36	32	42	30	29	35	30	31	21	39	50
Y_scaffold3	791922	35	29	37	29	33	24	43	38	34	26	42	71	36	32	43	30	28	35	29	31	21	39	49
Y_scaffold3	791923	35	29	37	29	32	23	43	38	34	26	41	72	36	33	42	30	28	35	28	31	21	39	49
Y_scaffold3	791924	35	29	37	29	32	23	44	37	33	25	41	74	37	34	42	30	28	36	29	31	21	40	49
Y_scaffold3	791925	35	29	37	29	32	23	44	37	33	25	40	74	37	33	41	30	28	36	29	31	20	39	49
Y_scaffold3	791926	35	29	37	29	32	23	44	37	33	25	40	74	38	33	41	31	28	36	29	31	20	39	48
Y_scaffold3	791927	35	29	38	29	32	23	44	37	33	25	39	73	38	32	41	32	28	36	28	31	20	39	48
Y_scaffold3	791928	36	30	38	29	32	23	43	38	33	24	39	73	38	33	41	32	28	35	28	31	19	39	47
Y_scaffold3	791929	36	30	39	29	33	22	43	38	31	24	40	73	36	33	41	32	28	35	28	31	19	40	47
Y_scaffold3	791930	36	29	39	29	34	22	43	38	31	24	40	73	36	32	41	32	28	34	28	30	19	40	46
Y_scaffold3	791931	35	30	38	29	34	23	42	39	31	24	41	73	38	32	42	32	28	34	27	30	19	40	46
Y_scaffold3	791932	35	31	38	29	34	23	43	39	31	24	41	74	39	32	42	32	28	34	27	30	19	40	46
Y_scaffold3	791933	35	31	38	29	34	23	43	40	31	24	42	74	39	32	42	32	29	34	27	30	19	40	46
Y_scaffold3	791934	34	32	38	30	33	23	44	40	31	23	42	72	39	33	42	32	29	33	27	30	18	41	47
Y_scaffold3	791935	33	32	39	30	33	24	44	40	31	23	42	72	39	32	42	32	29	33	26	32	18	41	48
Y_scaffold3	791936	35	32	39	30	33	24	43	40	31	23	42	72	40	32	43	31	29	33	25	33	18	42	47
Y_scaffold3	791937	34	32	38	29	34	24	44	38	31	23	42	72	40	32	44	31	29	33	25	33	18	42	47
Y_scaffold3	791938	34	33	38	29	34	24	43	38	32	23	42	72	40	33	44	31	29	31	25	32	17	42	47
Y_scaffold3	791939	34	33	38	29	34	24	42	38	32	24	42	72	38	33	44	31	29	31	26	32	17	42	46
Y_scaffold3	791940	34	33	38	29	34	24	42	38	32	23	42	72	38	33	44	31	29	31	26	32	17	42	46
Y_scaffold3	791941	33	34	38	29	33	24	42	40	32	23	42	72	37	34	44	31	29	32	26	31	18	43	46
Y_scaffold3	791942	33	34	40	29	33	24	42	40	33	23	41	72	36	34	44	31	28	32	26	31	18	43	46
Y_scaffold3	791943	33	34	41	30	32	24	42	41	33	23	41	72	36	34	43	31	28	32	26	29	18	43	46
Y_scaffold3	791944	32	32	41	30	32	23	42	41	33	23	41	73	36	34	44	32	28	31	26	29	19	43	46
Y_scaffold3	791945	32	32	41	29	33	24	42	41	32	22	41	72	36	35	44	31	28	30	26	28	19	43	46
Y_scaffold3	791946	33	33	41	29	33	24	43	41	33	22	41	72	37	35	43	31	29	30	26	28	20	42	46
Y_scaffold3	791947	33	33	41	29	32	26	43	41	33	22	42	73	36	35	43	31	30	29	26	28	21	41	48
Y_scaffold3	791948	33	33	41	28	32	27	42	41	33	22	42	71	36	36	43	31	29	29	26	27	20	41	47
Y_scaffold3	791949	32	34	42	28	32	27	42	41	34	22	42	72	37	36	43	31	29	29	26	27	20	41	47
Y_scaffold3	791950	32	34	43	28	32	27	42	41	34	22	42	72	37	36	43	31	29	30	25	28	21	40	46
Y_scaffold3	791951	32	33	42	28	34	27	40	41	33	22	41	71	37	36	41	31	29	29	25	27	21	40	47
Y_scaffold3	791952	32	33	43	28	34	27	40	41	33	23	41	71	37	36	41	32	29	29	25	26	21	40	48
Y_scaffold3	791953	32	33	43	28	34	27	40	41	33	23	41	71	38	36	41	32	29	29	25	26	20	40	47
Y_scaffold3	791954	31	33	41	28	34	27	40	41	33	23	41	71	39	36	41	32	30	29	25	27	19	40	47
Y_scaffold3	791955	31	33	40	28	34	27	40	41	33	23	41	72	40	36	41	33	31	30	25	27	18	40	47
Y_scaffold3	791956	31	34	40	28	34	26	40	42	33	24	42	73	40	36	41	34	32	30	25	28	18	40	47
Y_scaffold3	791957	30	33	41	27	35	26	40	41	33	23	41	72	40	34	41	34	32	30	25	28	18	40	47
Y_scaffold3	791958	30	34	41	27	35	26	40	40	33	23	41	72	37	35	41	33	32	29	25	28	18	39	47
Y_scaffold3	791959	31	34	42	27	36	26	41	41	33	23	40	71	37	35	41	34	29	29	26	28	18	40	47
Y_scaffold3	791960	31	35	42	27	36	26	41	41	33	24	40	73	37	34	41	34	30	28	25	28	18	40	47
Y_scaffold3	791961	31	35	41	27	36	26	40	41	33	24	39	74	37	34	41	34	30	28	26	28	18	41	47
Y_scaffold3	791962	32	35	43	27	37	26	40	41	33	24	39	75	37	34	41	35	30	28	26	28	18	41	47
Y_scaffold3	791963	33	35	43	27	37	25	40	41	33	24	39	74	37	34	41	35	30	28	26	28	18	41	47
Y_scaffold3	791964	35	36	43	26	37	26	40	40	34	24	40	76	37	34	41	35	32	28	26	28	19	43	47
Y_scaffold3	791965	36	36	41	27	38	26	40	40	34	24	40	77	38	34	41	35	32	29	26	28	20	42	47
Y_scaffold3	791966	36	35	41	28	37	26	39	40	34	25	40	79	38	34	41	35	32	30	26	28	20	42	47
Y_scaffold3	791967	37	37	40	29	37	26	39	40	34	25	39	79	38	35	41	35	34	31	28	28	21	41	48
Y_scaffold3	791968	37	38	40	29	37	26	41	40	34	25	39	79	37	35	40	35	34	31	27	28	20	42	48
Y_scaffold3	791969	37	38	40	30	37	26	41	39	34	25	39	80	38	35	41	35	34	31	28	29	20	42	48
Y_scaffold3	791970	37	38	40	30	37	26	41	39	34	25	39	82	38	34	41	35	34	31	28	29	20	42	49
Y_scaffold3	791971	36	38	41	30	35	26	41	39	34	25	39	81	38	34	41	36	34	32	29	29	21	41	51
Y_scaffold3	791972	36	38	41	30	35	26	41	39	34	25	39	80	38	34	41	37	34	32	29	29	21	40	51
Y_scaffold3	791973	36	38	42	29	35	26	40	39	33	25	39	81	37	33	40	37	34	32	29	29	21	40	51
Y_scaffold3	791974	36	38	41	29	35	26	39	38	31	24	39	80	37	32	40	37	34	32	29	28	21	40	51
Y_scaffold3	791975	36	38	41	29	35	26	39	39	31	24	38	80	38	32	40	37	34	33	29	28	21	40	50
Y_scaffold3	791976	36	38	40	29	35	27	39	39	31	24	38	80	39	32	42	37	34	34	29	29	21	41	50
Y_scaffold3	791977	36	38	40	30	35	28	39	39	32	25	38	81	39	32	42	37	33	35	29	29	21	41	50
Y_scaffold3	791978	35	38	40	30	35	28	39	38	31	24	37	81	39	32	42	37	33	34	30	29	21	40	50
Y_scaffold3	791979	36	38	40	30	34	27	39	39	30	24	37	81	39	31	42	37	32	32	29	28	22	42	49
Y_scaffold3	791980	36	38	40	30	35	27	39	39	30	24	35	82	38	29	42	37	32	31	29	28	22	42	49
Y_scaffold3	791981	36	38	40	29	35	27	38	39	31	24	35	82	38	30	43	37	32	31	29	28	22	42	49
Y_scaffold3	791982	36	39	40	29	34	27	39	39	31	24	36	82	38	31	42	37	32	31	29	28	22	42	49
Y_scaffold3	791983	36	40	40	29	33	27	39	39	32	24	36	82	39	30	42	38	32	30	28	28	22	41	49
Y_scaffold3	791984	36	39	41	29	32	27	39	39	33	22	37	80	37	30	42	38	32	29	28	28	21	41	49
Y_scaffold3	791985	36	39	41	29	32	27	39	40	33	22	37	81	37	30	42	38	32	29	28	28	21	41	49
Y_scaffold3	791986	36	38	41	30	33	27	39	40	33	22	37	81	37	30	42	38	33	29	28	29	21	41	49
Y_scaffold3	791987	36	38	42	30	33	27	39	40	33	22	37	80	37	31	42	38	32	29	28	29	21	41	47
Y_scaffold3	791988	36	38	42	29	31	27	39	39	33	20	37	80	37	31	43	38	32	30	28	28	21	40	47
Y_scaffold3	791989	36	38	41	29	31	27	39	38	33	20	36	82	36	30	44	38	32	31	28	28	20	39	47
Y_scaffold3	791990	36	38	41	29	31	26	39	38	33	20	37	83	36	30	45	38	32	31	27	28	20	38	47
Y_scaffold3	791991	36	38	41	29	31	26	38	37	33	20	36	83	36	30	45	38	32	31	27	28	20	37	47
Y_scaffold3	791992	37	38	40	29	31	26	39	37	33	20	36	83	37	30	45	38	32	31	26	28	21	37	46
Y_scaffold3	791993	36	38	40	28	32	26	40	37	33	19	35	81	37	30	45	37	30	31	26	28	22	37	47
Y_scaffold3	791994	36	38	40	28	31	26	40	37	33	19	34	81	38	30	44	37	30	31	26	28	23	37	47
Y_scaffold3	791995	35	38	40	30	31	27	40	37	34	19	34	80	38	30	42	37	30	32	26	28	23	38	47
Y_scaffold3	791996	34	36	40	30	31	27	40	37	33	18	35	81	37	30	42	37	30	32	26	28	24	38	47
Y_scaffold3	791997	33	35	40	31	31	27	40	36	33	18	35	80	36	28	44	37	30	32	27	28	25	38	47
Y_scaffold3	791998	33	36	40	32	30	27	42	36	33	18	36	80	37	27	43	37	30	31	27	28	25	38	48
Y_scaffold3	791999	33	37	40	32	30	27	42	36	33	18	36	80	37	26	43	37	29	31	27	28	25	38	48
Y_scaffold3	792000	32	36	40	32	30	27	42	35	33	18	36	80	37	26	43	37	29	31	26	28	25	37	48
Y_scaffold3	792001	33	37	40	31	30	27	41	34	33	18	36	80	37	26	42	36	29	31	25	28	25	37	48
Y_scaffold3	792002	33	37	39	31	30	27	41	34	33	18	34	80	37	26	42	37	29	32	25	28	25	37	48
Y_scaffold3	792003	33	37	39	31	30	27	42	35	32	17	34	80	38	26	42	38	29	32	24	28	25	37	48
Y_scaffold3	792004	33	37	40	32	29	27	42	34	32	18	34	81	38	26	43	38	29	32	24	28	26	37	48
Y_scaffold3	792005	32	37	40	31	29	27	42	34	32	18	34	81	38	26	43	38	29	32	24	28	26	37	48
Y_scaffold3	792006	31	37	40	31	29	27	42	34	33	18	34	77	38	26	43	38	29	32	23	28	26	37	47
Y_scaffold3	792007	31	37	40	31	29	26	42	34	33	18	35	78	38	26	43	37	29	32	23	28	26	37	47
Y_scaffold3	792008	30	37	40	31	29	26	42	34	33	18	35	78	38	26	42	36	29	32	23	28	27	37	47
Y_scaffold3	792009	30	36	41	30	29	27	42	33	32	18	34	77	38	26	42	36	29	31	23	28	27	37	47
Y_scaffold3	792010	30	36	42	30	29	27	42	33	33	18	33	77	38	26	43	36	29	31	25	30	28	37	47
Y_scaffold3	792011	30	36	42	30	29	27	42	33	33	18	33	77	37	26	43	36	29	31	25	30	27	36	47
Y_scaffold3	792012	30	35	42	30	29	28	42	33	32	18	33	78	37	26	43	37	29	31	25	30	27	37	48
Y_scaffold3	792013	30	35	41	30	30	28	42	33	31	18	32	79	38	26	42	37	29	31	25	30	28	38	48
Y_scaffold3	792014	29	36	41	30	31	28	42	33	31	18	32	80	40	26	41	37	29	30	25	30	28	39	48
Y_scaffold3	792015	30	36	41	31	31	28	42	32	31	18	32	80	38	25	42	37	28	30	23	30	28	38	48
Y_scaffold3	792016	30	36	41	32	31	28	40	32	32	17	32	80	41	26	42	36	27	30	23	30	29	36	47
Y_scaffold3	792017	30	36	41	32	31	28	40	33	33	17	32	77	40	27	42	36	26	31	23	30	29	35	47
Y_scaffold3	792018	30	36	41	32	31	28	39	33	33	17	32	77	40	27	40	36	26	32	23	30	29	35	48
Y_scaffold3	792019	30	36	42	32	31	28	38	33	33	18	32	78	41	27	41	35	25	33	24	30	29	36	47
Y_scaffold3	792020	29	36	42	32	30	28	38	33	34	18	31	78	41	27	40	35	25	33	24	30	29	36	47
Y_scaffold3	792021	28	36	42	32	30	30	39	32	34	17	31	76	42	27	40	35	24	34	24	30	29	37	48
Y_scaffold3	792022	29	38	42	32	29	30	39	34	34	17	31	75	43	29	41	33	24	36	24	29	29	35	48
Y_scaffold3	792023	30	38	40	31	31	30	40	34	34	16	30	74	44	29	40	33	25	37	24	29	29	36	48
Y_scaffold3	792024	31	38	40	30	31	31	40	34	34	16	30	74	44	30	40	35	25	37	24	29	29	37	48
Y_scaffold3	792025	31	38	40	30	31	30	40	33	34	17	30	72	44	31	40	35	25	37	26	29	30	37	47
Y_scaffold3	792026	31	39	39	29	31	29	40	33	34	18	30	73	44	31	40	35	24	37	26	27	30	36	48
Y_scaffold3	792027	31	39	39	28	30	29	39	33	34	18	29	70	44	30	39	35	24	37	26	28	30	36	46
Y_scaffold3	792028	32	39	41	29	31	29	41	33	34	18	29	69	45	30	39	36	25	36	26	28	30	38	46
Y_scaffold3	792029	32	39	40	29	30	27	41	33	34	18	29	68	44	30	38	36	25	36	26	28	30	38	47
Y_scaffold3	792030	32	40	40	30	31	27	41	33	34	18	29	67	44	30	40	36	25	37	26	28	31	38	47
Y_scaffold3	792031	32	40	41	30	31	27	41	33	34	17	29	66	42	29	38	36	25	37	26	28	31	38	47
Y_scaffold3	792032	30	41	40	30	29	27	40	33	31	17	29	66	41	28	38	35	25	37	26	28	31	37	47
