Y_scaffold4	163473	33	32	34	21	24	21	38	29	20	31	30	35	33	29	46	35	31	37	39	41	23	40	43
Y_scaffold4	163474	33	32	33	20	23	22	38	28	20	31	30	35	33	29	45	36	31	37	40	42	23	41	44
Y_scaffold4	163475	34	31	33	20	23	22	37	28	19	31	29	34	34	29	45	36	31	37	41	42	23	43	45
Y_scaffold4	163476	34	31	33	20	22	22	37	27	19	31	28	34	34	29	44	34	29	37	41	41	23	43	44
Y_scaffold4	163477	35	31	32	20	22	22	37	27	19	31	28	34	34	28	45	34	29	37	41	40	23	42	44
Y_scaffold4	163478	35	32	31	22	22	22	36	27	19	31	29	34	34	28	44	34	29	37	42	41	23	42	44
Y_scaffold4	163479	35	33	31	22	22	22	36	27	19	31	28	34	33	28	44	34	28	37	41	41	23	42	43
Y_scaffold4	163480	35	34	32	22	22	22	36	28	20	33	29	33	33	28	42	33	28	38	43	40	24	42	42
Y_scaffold4	163481	35	34	32	22	22	22	36	31	20	33	29	33	33	27	43	34	28	38	43	41	24	42	42
Y_scaffold4	163482	36	34	32	22	22	22	37	30	21	33	29	33	33	27	43	34	28	38	43	41	24	41	42
Y_scaffold4	163483	36	34	33	22	22	22	37	30	22	33	29	33	33	27	43	34	28	38	43	41	24	41	43
Y_scaffold4	163484	36	34	33	22	22	22	37	29	22	33	29	33	33	26	44	33	29	40	43	41	22	41	43
Y_scaffold4	163485	36	34	33	23	22	21	36	29	22	34	30	34	32	26	44	33	29	41	43	41	21	41	43
Y_scaffold4	163486	36	34	33	24	24	22	37	30	23	33	30	34	33	26	44	33	30	38	43	41	21	40	43
Y_scaffold4	163487	36	33	33	24	24	22	37	31	23	35	30	34	33	26	43	33	30	38	42	41	21	40	42
Y_scaffold4	163488	35	33	33	24	24	22	37	31	23	35	30	35	33	26	43	33	30	37	42	41	21	40	41
Y_scaffold4	163489	35	34	33	24	24	22	37	31	23	35	31	35	33	26	43	33	30	37	42	40	21	40	41
Y_scaffold4	163490	35	34	33	24	24	22	37	31	23	35	31	35	33	26	43	32	31	38	42	40	20	40	41
Y_scaffold4	163491	35	34	33	24	23	23	37	31	23	35	30	35	33	26	44	32	31	38	41	40	20	40	41
Y_scaffold4	163492	35	34	33	23	24	23	37	31	23	35	30	35	33	27	44	32	31	40	43	40	22	40	41
Y_scaffold4	163493	35	33	33	22	24	24	37	31	23	35	30	35	34	27	44	34	31	39	42	40	22	40	41
Y_scaffold4	163494	34	33	32	22	24	24	37	32	24	34	28	35	33	26	44	33	31	40	42	41	22	40	41
Y_scaffold4	163495	34	33	32	22	25	23	37	32	24	34	28	35	33	26	44	33	31	39	43	41	22	39	42
Y_scaffold4	163496	34	33	32	22	25	23	37	33	24	34	28	35	33	26	44	32	31	38	44	42	22	39	41
Y_scaffold4	163497	35	32	32	23	25	23	37	33	24	35	29	34	32	26	42	32	31	37	43	41	22	39	41
Y_scaffold4	163498	34	32	30	23	23	23	37	33	23	34	29	34	32	23	42	32	31	36	43	41	22	39	41
Y_scaffold4	163499	34	35	30	23	24	23	37	32	23	34	29	35	30	23	43	31	31	36	44	41	22	40	40
Y_scaffold4	163500	35	34	30	23	24	24	38	32	24	34	29	35	30	22	43	32	29	36	45	41	22	41	41
Y_scaffold4	163501	35	34	30	23	24	24	38	32	27	34	29	36	30	23	43	31	29	36	45	41	22	41	41
Y_scaffold4	163502	35	34	29	22	25	23	37	32	27	34	29	37	31	23	45	31	29	36	45	41	22	42	41
Y_scaffold4	163503	35	34	29	22	24	24	37	32	27	34	29	36	31	23	45	31	29	36	45	40	22	44	43
Y_scaffold4	163504	35	34	29	22	24	24	37	32	26	34	29	36	31	23	45	31	29	36	46	41	22	44	45
Y_scaffold4	163505	36	35	29	22	24	23	37	32	26	34	29	36	32	23	45	30	30	35	47	41	22	43	45
Y_scaffold4	163506	36	34	29	22	25	23	37	31	26	34	29	36	32	24	45	30	30	35	47	39	22	43	45
Y_scaffold4	163507	36	35	29	22	25	22	37	32	26	35	29	37	32	24	45	30	30	36	47	39	22	43	45
Y_scaffold4	163508	36	35	30	21	26	21	36	32	26	35	29	36	31	24	44	32	30	34	47	40	23	42	45
Y_scaffold4	163509	36	35	30	22	26	21	36	32	25	34	29	36	31	23	44	31	30	33	47	41	23	42	43
Y_scaffold4	163510	36	35	28	22	26	22	36	32	25	34	30	36	31	23	45	33	30	33	47	40	23	42	42
Y_scaffold4	163511	37	35	28	22	28	22	38	32	25	34	30	36	31	23	45	33	30	33	48	40	23	43	42
Y_scaffold4	163512	37	35	28	22	28	22	38	32	25	34	30	35	31	23	44	33	30	33	48	39	23	44	43
Y_scaffold4	163513	37	35	28	21	30	21	38	31	25	35	28	34	31	23	44	33	30	33	48	41	23	44	45
Y_scaffold4	163514	37	35	28	21	30	22	38	31	25	35	28	34	31	23	44	33	31	33	48	41	23	45	45
Y_scaffold4	163515	36	35	30	21	30	22	37	33	25	35	28	34	32	23	45	32	31	33	47	42	23	45	46
Y_scaffold4	163516	36	35	31	20	30	21	37	33	25	34	28	34	32	23	44	31	29	33	47	42	23	45	46
Y_scaffold4	163517	36	35	31	20	30	21	37	33	25	33	28	34	31	23	44	31	30	33	47	43	23	45	46
Y_scaffold4	163518	35	35	31	19	29	21	36	33	25	33	27	34	30	23	43	31	30	33	46	44	23	45	45
Y_scaffold4	163519	35	35	31	19	29	20	36	33	25	33	26	34	30	21	42	32	29	32	45	44	23	46	43
Y_scaffold4	163520	35	35	31	19	29	20	36	34	25	32	26	34	31	21	42	32	29	35	47	43	24	47	44
Y_scaffold4	163521	36	36	31	19	30	20	36	34	24	32	26	33	29	22	41	31	29	35	48	42	24	48	44
Y_scaffold4	163522	38	36	31	21	31	20	37	34	24	31	26	33	29	22	42	32	30	37	48	41	25	48	45
Y_scaffold4	163523	37	36	32	21	31	20	37	34	24	31	26	33	30	23	43	32	30	36	48	41	26	47	45
Y_scaffold4	163524	36	36	31	21	31	20	37	33	24	32	26	33	31	23	43	33	30	35	48	41	26	48	45
Y_scaffold4	163525	37	36	31	21	31	21	37	33	25	31	26	33	31	24	42	33	30	33	48	41	26	48	45
Y_scaffold4	163526	37	36	31	21	31	21	37	33	25	30	26	33	31	24	42	33	30	33	48	41	26	48	45
Y_scaffold4	163527	37	36	31	21	31	22	37	33	25	30	26	32	31	24	43	33	31	34	48	41	26	48	45
Y_scaffold4	163528	38	36	30	21	31	22	38	33	25	29	26	32	31	24	45	33	32	34	48	41	26	48	45
Y_scaffold4	163529	39	35	30	21	31	22	39	34	25	29	27	32	31	24	45	31	32	33	47	42	26	49	45
Y_scaffold4	163530	39	34	30	22	30	21	39	33	26	29	27	32	31	24	43	31	32	33	47	41	26	49	44
Y_scaffold4	163531	38	34	30	22	30	21	38	33	26	29	28	33	31	24	42	32	32	33	47	41	25	50	44
Y_scaffold4	163532	38	34	30	21	31	21	37	33	27	30	28	32	31	26	44	32	32	33	48	40	25	49	43
Y_scaffold4	163533	39	34	30	21	32	21	36	31	27	30	29	32	31	25	44	32	34	32	48	40	25	49	42
Y_scaffold4	163534	39	34	30	21	32	21	36	31	27	30	29	31	31	24	45	32	34	32	48	39	25	49	42
Y_scaffold4	163535	39	33	30	20	31	21	35	32	27	31	29	31	30	24	45	32	35	32	47	39	25	49	42
Y_scaffold4	163536	41	36	30	20	31	21	34	33	27	32	30	32	31	25	44	32	36	33	47	39	25	49	43
Y_scaffold4	163537	41	36	28	21	32	21	34	33	27	32	30	32	30	25	44	32	36	33	46	38	24	48	43
Y_scaffold4	163538	41	36	28	22	32	21	34	33	27	32	30	32	30	25	45	32	37	34	46	38	24	48	44
Y_scaffold4	163539	41	37	28	22	33	21	34	33	28	32	30	33	30	25	45	32	37	34	47	39	23	48	44
Y_scaffold4	163540	41	37	28	23	33	22	35	32	28	32	31	33	30	25	45	32	39	34	47	39	23	48	44
Y_scaffold4	163541	41	37	28	23	34	21	34	32	28	32	31	32	29	24	45	32	38	34	46	39	22	47	43
Y_scaffold4	163542	42	36	28	24	34	22	35	32	28	32	31	32	28	25	46	32	38	34	46	38	23	47	43
Y_scaffold4	163543	42	35	27	24	34	22	35	33	28	32	30	32	28	25	45	32	38	34	46	38	23	46	43
Y_scaffold4	163544	43	35	27	24	34	23	33	33	27	32	29	32	28	25	45	33	38	35	47	38	23	46	44
Y_scaffold4	163545	44	35	26	24	34	23	33	34	28	32	28	32	28	24	45	33	38	37	47	38	23	46	44
Y_scaffold4	163546	44	35	26	24	34	23	33	35	28	33	28	32	28	24	45	33	37	37	47	39	24	47	44
Y_scaffold4	163547	44	34	26	24	35	23	32	35	28	32	28	32	27	24	45	33	36	38	47	40	24	47	43
Y_scaffold4	163548	45	36	27	24	34	23	32	35	29	32	29	32	27	24	45	33	36	38	47	40	24	47	42
Y_scaffold4	163549	46	37	27	24	34	23	32	35	29	31	29	31	28	24	45	34	36	37	47	40	24	46	42
Y_scaffold4	163550	46	37	27	24	34	23	32	35	29	31	29	31	28	24	45	34	36	37	47	40	23	46	42
Y_scaffold4	163551	46	37	26	24	35	23	30	34	28	30	29	29	29	24	44	33	34	36	47	40	23	46	41
Y_scaffold4	163552	47	37	26	23	35	23	30	34	28	32	29	29	29	24	46	33	34	36	46	40	23	45	41
Y_scaffold4	163553	48	37	26	23	35	23	30	34	28	32	29	30	29	24	46	33	34	36	46	40	23	45	41
Y_scaffold4	163554	49	37	26	23	36	23	29	34	28	33	29	30	29	25	46	34	34	36	47	40	23	46	42
Y_scaffold4	163555	49	37	26	23	36	23	29	34	28	33	29	30	29	25	46	34	34	37	47	40	23	46	42
Y_scaffold4	163556	48	37	26	23	36	23	29	34	28	33	29	30	29	25	42	34	34	37	46	40	23	46	42
Y_scaffold4	163557	48	37	26	22	36	22	29	34	28	32	30	30	29	25	42	33	34	37	46	40	23	46	42
Y_scaffold4	163558	47	37	27	21	37	22	30	36	29	32	31	30	30	25	42	32	33	37	46	40	23	45	42
Y_scaffold4	163559	47	37	27	21	37	22	31	36	28	32	32	29	30	25	43	31	33	37	46	40	23	46	41
Y_scaffold4	163560	47	38	26	22	38	22	31	36	28	32	32	29	30	25	43	31	33	37	46	39	23	46	41
Y_scaffold4	163561	47	38	26	22	38	22	30	36	28	32	32	29	30	25	42	31	33	36	46	39	23	46	40
Y_scaffold4	163562	47	37	26	21	38	22	32	36	28	32	32	30	30	25	43	31	33	36	46	39	23	47	39
Y_scaffold4	163563	46	36	26	21	39	22	32	37	28	32	33	30	29	25	44	29	34	36	46	38	24	46	40
Y_scaffold4	163564	46	36	25	21	39	22	33	36	26	32	33	30	29	26	44	29	35	35	47	40	24	43	40
Y_scaffold4	163565	46	36	25	20	39	22	33	36	26	32	33	30	29	26	44	29	35	37	48	40	25	43	40
Y_scaffold4	163566	46	38	25	20	39	22	33	36	26	33	34	30	29	27	44	29	35	37	48	40	25	43	40
Y_scaffold4	163567	46	38	25	20	39	22	34	37	27	33	33	30	29	27	44	29	35	37	48	39	24	41	40
Y_scaffold4	163568	46	41	25	20	39	22	33	37	27	33	33	30	29	27	43	29	35	37	48	39	24	41	40
Y_scaffold4	163569	45	41	25	20	41	22	34	36	27	34	33	30	28	27	43	30	35	37	47	38	23	41	40
Y_scaffold4	163570	45	41	23	20	41	22	34	36	26	34	33	30	28	26	44	30	35	38	47	38	23	41	40
Y_scaffold4	163571	44	41	23	20	39	21	34	37	26	33	32	30	28	26	43	30	35	38	48	38	24	41	40
Y_scaffold4	163572	44	41	23	20	39	21	33	39	27	33	32	30	28	26	43	30	35	38	48	38	24	42	39
Y_scaffold4	163573	47	40	22	20	39	21	35	39	27	32	31	30	27	25	44	29	33	38	46	38	24	41	38
Y_scaffold4	163574	47	41	22	20	39	21	35	38	28	32	31	30	27	25	44	30	33	39	47	38	24	41	39
Y_scaffold4	163575	46	41	22	19	38	20	35	37	28	32	30	30	27	25	45	30	34	39	46	37	24	41	38
Y_scaffold4	163576	45	40	22	19	38	20	36	36	28	32	29	30	25	25	44	30	34	39	46	37	22	40	38
Y_scaffold4	163577	45	41	22	19	39	21	37	36	28	32	29	30	25	25	45	31	34	40	46	36	22	40	38
Y_scaffold4	163578	46	42	21	19	39	21	36	35	27	32	29	29	25	25	45	31	33	40	47	36	22	40	36
Y_scaffold4	163579	46	44	21	19	40	21	36	35	27	32	29	29	26	26	45	31	33	40	47	36	21	40	36
Y_scaffold4	163580	46	44	21	19	40	21	35	35	27	32	29	29	26	26	45	31	33	40	47	36	20	40	37
Y_scaffold4	163581	47	43	21	19	40	21	36	35	27	32	28	29	26	26	45	33	34	40	46	34	19	38	37
Y_scaffold4	163582	48	43	21	19	40	21	36	35	26	32	27	29	26	27	44	33	34	41	46	34	18	38	37
Y_scaffold4	163583	48	42	20	19	41	21	37	36	26	33	27	29	28	28	44	33	34	42	45	35	18	39	37
Y_scaffold4	163584	48	42	19	19	41	22	36	36	26	33	26	29	28	28	43	33	34	42	46	35	18	39	37
Y_scaffold4	163585	48	41	19	19	41	22	36	36	25	32	26	29	28	28	41	34	34	40	45	34	18	40	36
Y_scaffold4	163586	49	41	19	19	43	23	36	37	25	32	26	29	29	28	41	34	34	40	45	34	20	40	36
Y_scaffold4	163587	49	41	19	19	43	23	36	37	25	31	26	28	29	28	41	34	35	40	45	35	20	40	36
Y_scaffold4	163588	49	42	19	19	44	23	37	37	26	33	26	28	29	28	42	34	35	40	45	35	20	40	36
Y_scaffold4	163589	48	43	19	19	44	22	37	37	26	33	26	27	29	28	42	34	34	42	46	35	20	41	36
Y_scaffold4	163590	48	44	19	19	45	22	37	37	26	33	26	26	29	28	41	34	34	42	45	36	20	41	36
Y_scaffold4	163591	48	43	19	19	44	22	36	37	25	33	26	27	28	28	41	34	35	43	45	38	20	41	35
Y_scaffold4	163592	49	43	18	19	45	22	36	37	25	33	27	29	29	27	40	35	35	43	45	40	20	42	35
Y_scaffold4	163593	49	43	18	19	46	23	34	38	25	33	27	29	29	27	40	36	35	43	44	40	20	42	35
Y_scaffold4	163594	49	43	19	19	46	23	34	38	25	34	24	29	29	28	40	35	35	43	44	40	20	42	35
Y_scaffold4	163595	49	43	18	19	46	23	35	38	25	34	24	29	29	29	40	35	35	43	44	40	20	43	35
Y_scaffold4	163596	47	43	18	19	46	23	35	38	25	33	24	30	29	29	40	35	36	43	44	41	20	43	36
Y_scaffold4	163597	47	43	17	19	46	24	35	37	25	33	24	30	29	29	39	35	37	42	44	41	20	43	35
Y_scaffold4	163598	46	43	18	19	46	25	34	37	25	33	24	32	29	29	39	35	36	41	44	41	20	43	35
Y_scaffold4	163599	46	43	18	19	47	25	34	37	25	33	24	30	28	29	39	36	36	42	44	41	21	44	34
Y_scaffold4	163600	47	42	18	19	47	26	34	38	27	33	24	30	28	29	39	36	37	42	46	41	20	45	34
Y_scaffold4	163601	47	42	18	19	46	26	34	39	27	33	24	30	28	30	39	37	37	42	45	41	19	45	34
Y_scaffold4	163602	47	43	18	19	46	26	34	39	27	33	23	30	28	30	39	36	37	42	45	41	18	45	35
Y_scaffold4	163603	47	44	17	19	46	26	33	39	27	33	23	30	26	30	38	36	37	41	44	41	18	45	35
Y_scaffold4	163604	48	46	17	21	46	26	33	39	27	34	21	31	26	30	37	37	37	42	45	41	18	44	36
Y_scaffold4	163605	47	46	18	21	45	26	34	38	27	34	21	31	26	29	37	37	37	42	45	42	18	44	37
Y_scaffold4	163606	46	46	19	21	45	26	34	37	27	34	22	32	26	28	37	37	36	42	45	40	18	44	37
Y_scaffold4	163607	45	45	18	21	45	26	34	37	27	34	22	30	26	28	36	37	35	42	45	39	18	43	36
Y_scaffold4	163608	45	44	18	21	45	26	34	37	26	34	23	30	25	27	36	38	35	42	45	39	18	44	36
Y_scaffold4	163609	45	44	19	20	46	26	34	37	26	34	23	30	26	27	35	38	36	42	43	39	18	44	35
Y_scaffold4	163610	44	43	19	20	46	26	34	38	26	34	23	27	25	27	35	38	36	42	42	38	18	44	33
Y_scaffold4	163611	45	43	19	20	46	25	34	40	26	34	23	26	24	28	36	39	36	42	41	38	18	45	33
Y_scaffold4	163612	45	44	20	20	45	25	34	40	26	33	23	26	24	28	37	38	35	42	41	38	18	46	34
Y_scaffold4	163613	45	45	20	20	46	25	34	40	26	33	23	26	24	28	37	38	35	42	40	38	18	46	34
Y_scaffold4	163614	45	45	20	20	46	25	34	40	27	34	23	25	24	28	37	38	34	41	40	38	18	46	34
Y_scaffold4	163615	44	45	20	20	46	25	32	39	27	34	23	24	24	28	37	38	35	41	39	38	18	46	33
Y_scaffold4	163616	45	45	20	19	46	26	32	39	27	34	24	24	24	28	37	38	36	41	39	37	18	46	33
Y_scaffold4	163617	45	45	21	20	45	26	32	38	26	34	24	24	25	28	37	38	36	41	39	35	18	46	33
Y_scaffold4	163618	44	45	20	20	45	24	32	38	26	34	24	24	24	27	37	38	36	40	38	35	18	45	33
Y_scaffold4	163619	45	47	19	20	45	24	31	38	26	33	25	24	24	27	38	38	37	40	38	35	18	45	33
Y_scaffold4	163620	45	47	19	20	45	24	31	38	26	34	25	25	24	27	39	37	37	40	38	35	18	43	33
Y_scaffold4	163621	45	44	19	20	45	24	30	36	26	32	25	26	24	27	38	36	37	40	38	36	18	43	33
Y_scaffold4	163622	45	44	19	20	45	24	30	36	26	32	25	26	24	27	37	36	37	40	38	36	18	43	33
Y_scaffold4	163623	45	44	19	20	45	23	30	36	26	32	25	28	25	27	37	36	37	40	36	36	18	42	32
Y_scaffold4	163624	45	44	19	20	45	23	30	36	26	32	25	28	24	27	37	35	37	42	36	35	18	42	32
Y_scaffold4	163625	45	44	19	20	45	24	30	36	26	31	25	28	25	28	37	35	38	43	36	35	18	40	32
Y_scaffold4	163626	44	44	19	19	46	25	30	36	26	31	24	28	25	27	36	35	39	45	35	35	18	40	32
Y_scaffold4	163627	44	43	19	19	46	27	30	36	26	31	25	29	25	27	36	36	39	45	35	34	18	40	33
Y_scaffold4	163628	44	42	19	18	47	27	31	36	26	31	25	28	25	28	37	37	39	45	35	34	18	40	33
Y_scaffold4	163629	44	41	18	18	48	28	31	33	27	31	26	28	25	29	37	36	39	47	35	35	18	40	34
Y_scaffold4	163630	45	41	18	18	48	28	31	33	27	29	25	28	25	29	37	36	39	46	34	35	17	40	34
Y_scaffold4	163631	45	41	18	18	49	28	31	32	27	29	25	29	25	31	36	36	39	46	35	35	17	40	34
Y_scaffold4	163632	44	41	18	18	49	28	30	32	26	29	25	29	25	31	36	36	40	46	35	36	17	41	35
Y_scaffold4	163633	44	41	18	19	49	28	30	32	25	29	25	29	25	30	37	36	40	46	35	36	17	41	34
Y_scaffold4	163634	44	43	18	19	49	28	30	32	25	30	26	28	25	30	37	38	39	44	35	36	17	41	34
Y_scaffold4	163635	44	43	18	18	49	28	30	32	25	29	27	27	25	31	37	38	39	43	35	36	17	40	33
Y_scaffold4	163636	44	43	18	17	47	27	30	32	24	29	27	28	24	31	37	39	38	43	35	36	17	41	33
Y_scaffold4	163637	44	43	18	17	47	27	30	31	24	28	27	28	24	32	37	41	38	44	34	36	17	41	34
Y_scaffold4	163638	44	43	19	17	47	29	31	32	24	28	27	28	23	33	37	41	38	44	33	36	17	41	34
Y_scaffold4	163639	44	42	19	17	47	29	32	32	24	27	26	28	23	32	37	41	39	43	33	37	17	41	34
Y_scaffold4	163640	44	42	20	17	47	29	32	32	24	28	26	29	23	32	37	41	38	44	32	37	17	41	34
Y_scaffold4	163641	44	42	20	17	46	28	32	32	24	28	26	29	23	34	35	41	38	42	32	37	17	42	35
Y_scaffold4	163642	44	42	21	18	47	27	32	32	24	29	26	29	23	34	35	41	38	42	32	37	16	43	35
Y_scaffold4	163643	44	42	21	18	47	27	32	32	24	29	26	30	22	34	35	39	38	42	32	38	16	43	36
Y_scaffold4	163644	44	41	21	18	48	27	33	31	24	29	26	30	22	35	35	40	38	41	32	38	17	43	36
Y_scaffold4	163645	44	42	20	18	47	28	33	31	25	29	26	31	22	35	35	40	38	41	31	38	17	43	35
Y_scaffold4	163646	44	42	20	19	47	29	33	30	25	28	27	30	23	36	35	40	38	41	31	37	17	43	35
Y_scaffold4	163647	43	41	20	18	46	29	33	31	25	28	26	29	23	36	34	40	38	41	30	37	17	44	35
Y_scaffold4	163648	43	39	20	20	45	29	34	32	25	28	27	30	23	37	34	40	38	42	29	37	17	43	35
Y_scaffold4	163649	44	40	21	20	46	28	34	33	25	28	27	31	23	37	34	42	38	42	29	37	18	43	35
Y_scaffold4	163650	43	40	21	20	46	28	33	33	25	28	28	30	24	37	34	41	38	42	28	37	18	44	35
Y_scaffold4	163651	43	40	22	20	46	28	33	33	22	28	28	29	24	36	34	41	38	41	29	37	18	45	35
Y_scaffold4	163652	42	41	24	20	45	27	33	33	22	28	29	29	23	36	33	41	38	41	29	36	19	43	36
Y_scaffold4	163653	43	41	24	20	45	27	33	33	22	28	29	29	23	36	33	41	38	41	29	36	19	44	36
Y_scaffold4	163654	43	42	24	20	45	27	34	35	22	27	29	29	22	37	33	41	38	41	28	36	19	43	37
Y_scaffold4	163655	42	42	24	20	44	27	34	35	23	27	29	30	22	38	33	41	37	41	27	36	19	43	38
Y_scaffold4	163656	42	42	24	20	43	28	34	35	23	27	29	31	21	37	33	41	37	41	27	36	19	43	38
Y_scaffold4	163657	42	42	24	20	43	28	34	34	23	26	29	30	21	37	33	41	37	40	27	36	19	43	38
Y_scaffold4	163658	42	41	24	19	41	28	34	35	25	28	30	30	22	37	34	39	37	40	28	34	19	43	40
Y_scaffold4	163659	43	41	24	19	41	27	33	35	25	29	30	30	22	37	34	41	38	40	29	34	19	43	40
Y_scaffold4	163660	43	42	24	19	41	26	33	36	25	29	30	30	23	37	33	40	38	40	29	34	19	43	40
Y_scaffold4	163661	42	42	24	19	40	26	31	36	25	29	30	30	23	37	33	40	38	40	28	34	19	42	39
Y_scaffold4	163662	42	43	24	19	39	26	31	37	25	29	30	30	23	37	33	39	36	40	28	34	19	42	39
Y_scaffold4	163663	42	43	24	19	37	26	31	37	25	29	30	30	23	37	34	39	36	40	28	32	19	44	37
Y_scaffold4	163664	43	43	23	19	39	25	31	35	25	29	30	30	22	37	34	39	36	41	28	32	19	44	38
Y_scaffold4	163665	43	43	22	19	39	25	31	35	26	30	30	30	23	37	34	39	36	41	29	31	19	44	37
Y_scaffold4	163666	43	43	21	19	39	25	31	35	26	31	31	31	23	37	34	39	36	40	29	30	19	44	37
Y_scaffold4	163667	44	43	22	19	39	25	31	35	27	31	31	31	24	37	34	39	36	40	29	29	19	44	37
Y_scaffold4	163668	44	43	22	19	39	25	30	34	27	31	32	31	24	37	34	39	36	39	29	28	18	43	37
Y_scaffold4	163669	43	43	22	20	40	26	31	34	27	31	32	31	24	37	34	38	36	38	28	29	18	42	37
Y_scaffold4	163670	42	43	22	20	40	26	31	34	27	31	32	31	24	36	34	39	36	38	28	29	19	42	36
Y_scaffold4	163671	43	42	22	20	40	26	31	34	27	31	32	31	24	36	34	40	36	38	29	29	19	43	37
Y_scaffold4	163672	41	42	22	18	40	26	30	34	27	31	34	31	25	36	33	39	36	36	29	29	18	44	36
Y_scaffold4	163673	42	42	21	18	40	26	30	34	27	30	34	31	23	35	32	40	36	37	29	30	17	44	36
Y_scaffold4	163674	42	43	21	18	41	27	32	35	27	30	34	31	23	35	32	40	36	37	29	30	17	45	36
Y_scaffold4	163675	41	44	21	18	42	26	32	35	26	29	34	32	23	34	33	40	38	37	30	30	18	46	36
Y_scaffold4	163676	41	44	21	18	42	25	32	36	25	29	35	33	23	34	33	40	38	37	30	31	18	47	38
Y_scaffold4	163677	41	44	21	18	42	25	33	36	25	30	36	33	23	34	32	40	37	36	31	31	21	47	39
Y_scaffold4	163678	40	44	21	18	42	25	32	36	26	30	37	33	23	34	30	42	36	36	31	31	21	46	39
Y_scaffold4	163679	39	45	22	17	41	25	32	37	26	30	36	34	23	34	30	42	36	35	31	30	22	45	39
Y_scaffold4	163680	39	45	23	17	41	25	32	37	26	30	36	34	23	34	30	43	36	35	31	31	22	45	39
Y_scaffold4	163681	38	45	23	17	40	25	32	37	26	29	34	34	23	32	30	41	34	35	30	31	22	43	39
Y_scaffold4	163682	38	45	23	17	39	25	32	37	25	29	34	34	23	32	27	41	34	35	29	31	22	43	39
Y_scaffold4	163683	38	45	23	17	40	26	32	37	25	29	34	34	24	31	27	41	35	35	29	31	22	43	39
Y_scaffold4	163684	37	45	23	16	40	26	32	37	25	29	34	34	24	31	26	41	35	35	29	33	23	43	39
Y_scaffold4	163685	35	45	23	16	41	26	32	35	25	27	33	34	24	31	26	41	34	34	30	33	23	44	39
Y_scaffold4	163686	34	43	23	15	41	26	32	35	25	27	33	33	23	31	26	42	33	34	30	33	23	44	39
Y_scaffold4	163687	34	43	23	16	40	26	32	35	25	27	33	33	23	31	26	42	33	34	30	34	23	45	39
Y_scaffold4	163688	35	42	23	15	40	26	32	36	25	27	33	33	23	31	25	42	33	32	30	33	23	46	38
Y_scaffold4	163689	35	42	23	16	39	25	32	36	24	27	35	32	24	32	25	42	33	32	30	33	23	46	40
Y_scaffold4	163690	35	42	23	15	39	23	31	36	24	27	34	32	24	33	25	42	31	32	30	33	23	46	40
Y_scaffold4	163691	35	42	23	15	38	23	30	36	25	27	34	32	24	34	25	42	31	32	30	33	23	46	40
Y_scaffold4	163692	33	42	23	14	39	23	31	35	25	28	34	32	24	33	24	41	30	32	30	33	22	45	40
Y_scaffold4	163693	32	42	23	14	39	23	31	36	25	28	34	33	24	33	25	42	30	31	31	33	22	45	40
Y_scaffold4	163694	32	42	23	14	39	23	31	36	25	28	34	33	25	33	25	41	32	32	30	34	22	46	40
Y_scaffold4	163695	32	42	23	14	40	23	31	34	24	28	35	33	25	33	25	42	32	30	30	34	22	45	40
Y_scaffold4	163696	33	42	23	14	40	23	31	35	24	27	36	33	25	33	25	42	32	30	30	34	21	45	39
Y_scaffold4	163697	33	42	23	14	39	23	31	37	24	27	36	35	25	32	26	43	32	31	30	33	21	46	39
Y_scaffold4	163698	31	40	23	14	39	23	31	37	23	28	35	35	24	32	26	43	31	31	30	33	21	47	39
Y_scaffold4	163699	31	39	23	14	39	24	31	37	23	28	37	35	24	32	26	43	31	31	30	33	21	48	39
Y_scaffold4	163700	31	39	23	14	40	24	31	37	24	28	39	35	24	32	26	43	31	31	30	33	21	48	39
Y_scaffold4	163701	29	39	23	14	41	24	31	38	24	27	39	34	24	33	25	43	31	32	30	33	22	47	39
Y_scaffold4	163702	29	40	23	15	41	25	31	38	24	26	39	34	24	33	24	43	32	33	30	33	22	47	40
Y_scaffold4	163703	29	40	25	15	41	26	32	39	24	26	39	34	24	32	24	43	32	32	30	33	22	47	40
Y_scaffold4	163704	28	40	27	16	41	26	33	39	24	25	40	35	24	32	24	43	32	32	29	34	22	48	40
Y_scaffold4	163705	28	40	27	16	41	27	33	39	24	26	40	35	24	32	24	43	32	31	29	34	22	48	40
Y_scaffold4	163706	28	40	27	16	41	27	33	39	24	26	40	35	24	31	24	43	32	31	30	34	22	48	40
Y_scaffold4	163707	28	41	26	16	41	27	32	39	24	26	39	35	24	31	24	44	33	32	31	34	22	49	40
Y_scaffold4	163708	28	41	26	16	40	27	33	39	23	26	39	36	23	31	24	44	33	32	32	34	21	49	39
Y_scaffold4	163709	28	40	26	17	41	28	32	40	23	27	38	36	23	32	23	44	33	32	32	34	21	47	39
Y_scaffold4	163710	29	41	26	17	40	28	31	39	23	27	40	36	24	32	22	44	33	33	32	35	21	46	40
Y_scaffold4	163711	31	41	26	17	39	28	31	39	23	27	40	35	24	32	23	44	33	33	32	35	21	45	40
Y_scaffold4	163712	31	41	26	18	39	28	31	38	23	27	40	35	24	32	23	44	32	33	32	35	20	45	39
Y_scaffold4	163713	31	42	26	18	38	28	31	39	22	27	39	35	24	32	23	44	32	33	32	35	20	46	39
Y_scaffold4	163714	31	42	28	18	38	30	30	39	22	27	39	35	24	31	22	45	29	33	31	33	20	46	39
Y_scaffold4	163715	31	43	28	18	38	30	31	39	22	28	39	36	25	31	24	45	29	31	31	33	19	47	39
Y_scaffold4	163716	31	41	28	19	38	30	31	39	22	27	38	36	25	30	24	45	29	31	31	33	19	48	40
Y_scaffold4	163717	32	41	29	19	38	30	30	38	21	27	39	36	26	30	25	46	30	31	32	34	19	48	40
Y_scaffold4	163718	32	38	29	19	37	30	29	38	21	27	39	37	26	30	25	46	30	31	32	35	19	48	40
Y_scaffold4	163719	32	39	29	18	36	30	29	39	22	26	40	36	27	30	26	45	30	32	33	35	20	48	43
Y_scaffold4	163720	32	39	29	18	37	30	29	39	22	26	40	36	27	30	25	48	30	31	33	35	20	48	43
Y_scaffold4	163721	31	40	28	18	37	30	30	38	22	26	40	36	27	31	25	49	30	31	33	36	21	48	44
Y_scaffold4	163722	30	40	29	18	37	30	30	36	21	26	40	36	27	31	26	49	30	31	33	36	21	47	44
Y_scaffold4	163723	29	40	29	18	37	30	28	37	21	26	39	36	27	31	25	50	30	31	33	36	22	47	45
Y_scaffold4	163724	29	39	29	18	37	30	28	37	23	26	41	36	28	32	24	50	30	31	32	36	22	47	45
Y_scaffold4	163725	30	39	30	19	38	30	29	37	24	26	42	36	27	32	25	50	29	31	32	36	23	48	45
Y_scaffold4	163726	31	39	30	19	38	30	28	37	24	26	43	36	27	31	25	51	29	31	32	36	23	48	46
Y_scaffold4	163727	31	38	30	19	37	29	27	37	24	26	44	36	27	31	24	50	28	30	33	36	23	48	46
Y_scaffold4	163728	30	37	30	19	37	29	27	37	24	26	44	36	27	31	25	50	30	30	32	36	23	48	46
Y_scaffold4	163729	30	35	30	19	36	29	27	38	24	26	44	36	26	31	25	50	31	30	32	36	23	48	47
Y_scaffold4	163730	31	35	31	19	36	29	27	38	24	26	44	36	26	32	25	50	31	30	32	36	23	50	46
Y_scaffold4	163731	30	35	32	19	36	29	26	38	25	27	45	36	26	32	26	49	30	30	32	36	25	50	46
Y_scaffold4	163732	29	34	32	19	36	29	27	38	26	26	45	36	25	30	26	49	30	29	32	37	25	51	46
Y_scaffold4	163733	31	34	32	19	36	29	26	37	26	27	45	36	24	30	27	49	31	28	32	35	25	50	47
Y_scaffold4	163734	31	33	33	20	37	28	27	37	26	27	45	36	24	30	27	49	31	28	30	36	25	50	47
Y_scaffold4	163735	31	33	33	20	37	28	27	37	26	27	45	36	24	30	27	48	31	28	30	36	25	49	46
Y_scaffold4	163736	29	33	34	20	35	27	27	36	26	27	45	36	23	31	27	48	31	28	31	36	23	49	46
Y_scaffold4	163737	29	33	34	21	34	27	27	36	26	26	45	36	23	32	27	48	30	28	31	35	24	50	46
Y_scaffold4	163738	29	33	34	21	34	27	26	36	25	25	45	37	23	32	26	47	30	28	31	35	24	51	46
Y_scaffold4	163739	30	32	35	21	35	27	26	36	25	25	45	38	24	33	26	47	30	27	30	35	26	50	46
Y_scaffold4	163740	30	31	35	21	33	27	27	36	25	26	46	38	24	33	26	47	30	27	30	34	27	50	46
Y_scaffold4	163741	29	31	35	21	34	26	27	36	25	26	46	36	24	33	27	46	29	28	30	32	28	50	47
Y_scaffold4	163742	28	31	35	21	33	26	27	37	25	27	46	36	23	33	28	45	29	29	30	30	28	50	47
Y_scaffold4	163743	28	31	35	21	31	26	27	37	25	26	46	36	23	35	28	45	30	29	30	30	28	50	47
Y_scaffold4	163744	28	31	34	21	31	27	27	37	25	25	46	36	23	34	28	45	30	29	29	30	28	50	47
Y_scaffold4	163745	28	31	34	21	31	27	26	38	26	25	46	36	23	33	28	45	30	29	30	30	28	49	47
Y_scaffold4	163746	31	31	34	21	31	26	26	38	29	25	46	37	23	33	28	47	29	29	29	29	28	51	46
Y_scaffold4	163747	31	31	34	21	31	25	26	38	30	25	46	37	24	33	28	47	28	29	29	29	28	52	46
Y_scaffold4	163748	31	31	33	21	32	24	26	38	31	25	46	35	24	33	28	47	29	29	29	29	28	52	46
Y_scaffold4	163749	31	32	33	22	31	24	26	38	33	25	46	35	24	33	29	46	29	28	29	28	27	52	46
Y_scaffold4	163750	30	33	33	22	31	23	26	37	31	25	46	36	24	33	29	46	28	28	27	29	27	52	46
Y_scaffold4	163751	30	30	33	22	31	24	26	36	31	25	46	35	24	32	29	45	28	28	27	29	27	52	46
Y_scaffold4	163752	30	31	33	22	31	24	26	36	31	24	46	35	24	32	29	45	28	29	28	30	27	52	47
Y_scaffold4	163753	29	31	33	21	31	24	26	36	31	24	46	35	24	32	30	45	28	29	28	30	27	52	46
Y_scaffold4	163754	29	31	33	21	32	25	26	36	31	24	46	35	24	31	30	45	28	29	28	30	27	52	46
Y_scaffold4	163755	30	31	32	21	32	25	25	36	31	24	46	35	24	31	30	45	28	29	30	29	27	54	45
Y_scaffold4	163756	30	31	31	21	32	25	25	36	31	24	45	34	24	31	30	45	28	29	31	30	27	54	45
Y_scaffold4	163757	31	32	31	21	32	25	25	37	31	25	44	34	24	31	30	44	27	30	32	30	27	53	45
Y_scaffold4	163758	31	32	31	21	32	26	25	37	31	25	44	34	24	31	31	44	27	29	32	30	27	54	45
Y_scaffold4	163759	32	32	30	21	31	26	25	37	31	25	44	35	23	32	31	45	27	29	32	30	27	55	45
Y_scaffold4	163760	32	32	30	21	31	27	25	36	31	25	44	35	24	33	31	45	27	31	33	30	27	55	45
Y_scaffold4	163761	31	30	30	21	31	27	25	35	31	26	44	35	24	32	30	44	27	31	33	30	28	54	45
Y_scaffold4	163762	31	31	30	21	31	27	25	35	31	26	44	36	24	32	29	44	27	32	33	31	28	53	43
Y_scaffold4	163763	31	30	30	21	30	27	25	35	31	26	44	36	24	32	29	44	27	32	33	31	28	53	43
Y_scaffold4	163764	32	30	30	21	29	27	25	35	30	25	44	36	24	32	30	44	27	32	34	31	27	53	43
Y_scaffold4	163765	32	30	29	21	29	27	24	34	30	25	44	37	25	32	31	44	26	32	35	30	27	53	43
Y_scaffold4	163766	32	30	29	20	29	27	24	35	30	25	43	37	25	32	32	44	25	32	35	31	27	53	44
Y_scaffold4	163767	32	30	28	20	29	27	24	35	30	25	43	37	24	32	32	44	26	32	35	31	27	52	43
Y_scaffold4	163768	32	30	28	20	29	27	24	36	30	25	44	37	24	32	32	45	26	32	35	31	27	52	43
Y_scaffold4	163769	31	29	29	20	29	27	25	36	30	25	43	37	24	32	31	46	25	32	35	31	27	53	43
Y_scaffold4	163770	31	31	29	21	29	28	26	36	30	24	42	34	24	32	30	46	26	32	35	31	27	53	44
Y_scaffold4	163771	31	31	29	21	29	27	26	36	30	24	42	34	24	31	30	46	25	29	34	32	28	54	43
Y_scaffold4	163772	31	31	29	21	29	27	26	37	30	24	42	34	24	31	32	46	25	29	34	32	28	54	43
Y_scaffold4	163773	31	31	29	21	28	27	26	37	30	24	42	33	23	31	32	46	25	29	34	32	28	54	43
Y_scaffold4	163774	31	33	29	22	29	27	26	37	30	24	42	34	22	32	32	47	25	29	34	33	28	54	43
Y_scaffold4	163775	30	33	29	22	29	28	26	37	30	24	42	34	22	32	32	47	25	29	34	33	28	54	44
Y_scaffold4	163776	31	33	28	22	28	27	26	37	30	24	44	35	23	32	32	47	24	28	35	33	28	54	44
Y_scaffold4	163777	31	35	28	22	30	25	26	37	30	24	43	35	24	33	32	46	24	29	35	33	28	55	43
Y_scaffold4	163778	31	35	28	23	29	25	25	37	30	24	43	35	24	32	31	45	24	29	35	32	28	55	43
Y_scaffold4	163779	31	35	28	23	29	23	26	37	29	24	42	35	24	31	31	45	24	27	34	31	28	55	42
Y_scaffold4	163780	31	35	28	23	29	23	27	39	28	24	43	35	25	32	31	45	24	27	34	31	28	55	42
Y_scaffold4	163781	32	35	28	23	28	23	27	39	28	24	43	35	25	30	31	45	24	28	33	31	29	56	42
Y_scaffold4	163782	32	35	28	23	28	23	27	40	28	24	44	35	25	31	31	45	24	29	33	30	29	55	41
Y_scaffold4	163783	32	34	28	22	28	23	28	41	29	23	44	35	25	31	29	44	26	29	33	30	29	55	42
Y_scaffold4	163784	32	34	28	22	28	23	29	41	29	23	41	34	25	30	29	43	27	30	33	30	30	54	43
Y_scaffold4	163785	32	34	28	22	28	23	28	41	29	23	41	34	25	30	30	43	27	30	33	30	30	54	43
Y_scaffold4	163786	32	35	28	22	28	23	28	40	29	24	41	34	25	30	30	41	27	30	33	31	30	54	43
Y_scaffold4	163787	33	35	28	23	28	23	28	40	29	24	41	35	25	29	30	40	27	29	33	31	30	54	43
Y_scaffold4	163788	33	35	28	23	28	22	28	39	30	24	41	35	25	28	30	40	28	29	33	31	30	54	43
Y_scaffold4	163789	33	35	29	23	28	22	28	39	31	24	41	35	25	28	31	40	27	29	33	30	29	54	43
Y_scaffold4	163790	34	35	29	23	29	22	29	39	31	23	41	34	27	28	32	40	27	28	33	30	29	54	44
Y_scaffold4	163791	34	35	29	24	29	22	29	39	31	23	41	34	28	26	32	40	28	28	34	30	30	53	43
Y_scaffold4	163792	35	35	28	23	28	22	29	39	32	22	41	34	28	26	32	40	28	29	34	31	30	52	44
Y_scaffold4	163793	37	37	30	23	28	22	29	40	32	23	41	33	30	27	33	41	29	29	34	31	31	54	44
Y_scaffold4	163794	37	37	30	24	28	22	28	40	31	24	40	34	31	26	35	40	29	30	33	30	31	55	44
Y_scaffold4	163795	38	36	31	24	28	21	28	40	31	24	40	33	31	25	35	40	29	30	33	30	31	56	44
Y_scaffold4	163796	38	36	31	23	28	21	28	40	31	24	40	33	30	25	36	40	29	31	34	30	32	56	44
Y_scaffold4	163797	38	36	31	22	29	22	27	39	32	23	40	32	30	25	36	40	29	32	34	30	32	56	44
Y_scaffold4	163798	38	35	31	21	30	22	27	39	32	23	40	33	30	24	36	40	29	31	34	30	32	56	44
Y_scaffold4	163799	36	36	30	21	29	22	27	38	32	23	41	32	31	24	36	38	29	31	34	30	32	56	45
Y_scaffold4	163800	36	37	30	22	29	22	28	39	31	23	41	32	30	24	36	38	29	31	35	30	32	54	44
Y_scaffold4	163801	35	38	29	22	29	22	28	39	31	23	41	32	30	24	36	38	29	31	34	30	32	52	41
Y_scaffold4	163802	36	37	28	22	29	22	28	40	31	23	40	33	30	25	35	38	29	32	34	30	31	52	41
Y_scaffold4	163803	36	37	28	21	29	22	27	39	32	24	40	33	30	25	35	39	29	32	34	30	31	51	39
Y_scaffold4	163804	36	37	29	21	29	22	27	39	33	24	40	35	30	25	35	39	29	32	34	30	31	51	39
Y_scaffold4	163805	37	37	32	21	29	22	27	39	32	24	40	35	29	24	35	39	29	32	34	31	32	51	38
Y_scaffold4	163806	37	37	32	21	29	21	27	38	32	24	39	34	29	24	36	39	29	32	34	31	32	51	37
Y_scaffold4	163807	37	36	32	21	29	21	28	37	33	23	39	34	31	24	35	39	31	34	35	31	32	51	38
Y_scaffold4	163808	36	36	31	21	29	21	29	37	32	22	39	34	30	24	36	40	32	34	35	31	30	50	37
Y_scaffold4	163809	36	35	31	21	29	21	29	37	32	21	39	35	30	24	36	38	31	34	34	31	30	50	37
Y_scaffold4	163810	36	34	31	21	29	21	29	36	32	21	38	35	29	24	36	37	31	34	34	31	30	50	38
Y_scaffold4	163811	37	34	31	21	29	21	29	36	32	21	38	35	29	24	36	37	31	34	34	31	30	50	38
Y_scaffold4	163812	37	33	31	21	29	21	29	35	32	21	38	35	29	24	36	37	32	34	34	31	30	49	38
Y_scaffold4	163813	40	34	32	23	28	22	30	36	32	21	38	37	29	27	35	37	32	34	35	32	30	46	38
Y_scaffold4	163814	39	34	32	23	27	22	30	36	32	21	38	37	29	28	34	37	32	34	36	32	30	46	38
Y_scaffold4	163815	39	34	32	24	27	22	30	36	31	20	38	37	29	28	34	37	32	34	36	33	30	46	38
Y_scaffold4	163816	38	34	31	25	27	22	32	36	31	19	37	36	28	28	34	37	33	34	36	34	30	47	39
Y_scaffold4	163817	39	34	31	25	27	23	32	36	30	20	38	36	27	28	34	37	32	34	37	35	30	47	39
Y_scaffold4	163818	39	35	31	24	27	22	32	36	29	21	39	36	28	28	34	37	33	34	38	35	30	48	39
Y_scaffold4	163819	40	35	31	24	26	23	31	36	29	21	39	36	28	28	34	37	33	34	37	35	30	48	39
Y_scaffold4	163820	40	35	31	24	27	23	31	36	30	21	40	36	28	28	34	36	33	34	36	35	29	46	39
Y_scaffold4	163821	39	35	31	24	27	24	31	36	30	22	40	36	28	28	34	36	33	35	35	35	29	46	38
Y_scaffold4	163822	39	35	31	24	27	24	31	36	30	22	39	36	27	28	34	36	32	35	35	36	30	45	38
Y_scaffold4	163823	38	35	31	23	27	25	31	36	30	22	39	36	27	28	34	34	32	34	35	35	30	45	38
Y_scaffold4	163824	39	33	31	23	24	25	29	35	31	22	41	36	27	29	34	34	32	35	35	35	30	43	38
Y_scaffold4	163825	39	34	31	23	24	25	29	35	31	22	41	35	27	30	33	33	31	37	34	35	29	42	38
Y_scaffold4	163826	41	34	31	23	24	25	28	33	30	22	38	34	27	30	33	32	33	37	34	34	27	42	36
Y_scaffold4	163827	41	35	31	23	24	25	28	34	30	23	38	34	27	32	33	32	33	37	34	34	26	42	35
Y_scaffold4	163828	41	35	31	23	24	25	29	34	31	23	38	34	27	32	34	31	33	37	35	34	26	43	36
Y_scaffold4	163829	41	35	30	23	24	25	28	33	30	23	38	33	27	32	34	31	33	37	35	34	25	43	36
Y_scaffold4	163830	41	35	29	23	24	25	28	33	30	23	39	34	28	32	34	30	33	37	35	33	26	43	36
Y_scaffold4	163831	41	35	29	23	24	25	29	33	30	23	39	33	28	35	35	30	33	37	35	33	27	43	36
Y_scaffold4	163832	41	35	29	23	24	25	29	33	31	23	39	33	28	36	35	31	34	37	35	33	27	43	36
Y_scaffold4	163833	42	35	29	23	24	24	30	33	31	23	39	33	27	36	35	31	34	37	35	33	28	44	36
Y_scaffold4	163834	42	35	29	23	24	24	30	33	31	23	39	33	27	36	37	31	34	37	35	31	27	44	36
Y_scaffold4	163835	42	34	29	23	23	25	30	33	31	23	38	34	27	37	37	33	34	38	34	32	27	44	36
Y_scaffold4	163836	43	34	29	23	22	25	30	33	31	23	38	34	27	37	37	33	35	39	34	32	27	45	36
Y_scaffold4	163837	43	34	29	22	22	25	30	33	31	23	39	34	27	37	38	33	35	39	34	31	27	44	36
Y_scaffold4	163838	42	34	30	21	22	25	30	32	31	23	39	34	27	37	38	33	34	39	33	32	27	44	36
Y_scaffold4	163839	42	34	30	21	22	25	31	32	30	23	38	34	26	35	38	33	35	39	33	31	27	45	34
Y_scaffold4	163840	42	35	30	21	22	25	31	32	30	24	39	34	26	35	38	33	35	39	33	31	27	46	34
Y_scaffold4	163841	42	35	30	21	22	25	31	33	31	24	39	34	26	34	38	33	35	39	33	31	27	46	34
Y_scaffold4	163842	43	35	31	21	23	25	30	32	31	23	39	33	26	33	37	33	34	39	32	30	27	48	34
Y_scaffold4	163843	43	35	31	21	23	25	30	33	31	23	40	33	26	33	37	33	34	40	32	30	27	47	34
Y_scaffold4	163844	43	35	31	21	23	25	30	33	31	23	41	33	26	34	37	33	33	40	33	32	27	47	34
Y_scaffold4	163845	43	35	31	21	22	25	30	34	31	23	40	33	26	34	37	32	33	40	33	32	27	47	35
Y_scaffold4	163846	42	35	31	21	22	25	30	33	33	23	40	33	26	34	37	32	33	41	33	31	28	48	35
Y_scaffold4	163847	43	36	31	21	22	26	30	33	33	23	40	31	28	35	36	31	33	39	33	32	28	48	36
Y_scaffold4	163848	43	36	30	21	22	26	30	33	33	22	40	31	28	35	36	31	34	39	33	32	28	47	36
Y_scaffold4	163849	43	36	30	21	22	25	29	33	34	22	39	31	28	35	36	30	35	41	33	32	28	47	37
Y_scaffold4	163850	43	36	31	21	21	25	29	33	33	22	37	31	28	36	36	30	36	41	33	32	28	47	37
Y_scaffold4	163851	44	37	31	21	19	25	29	32	33	22	38	31	27	35	36	30	36	39	33	32	27	47	37
Y_scaffold4	163852	44	37	31	20	19	24	29	33	33	22	39	31	27	36	36	32	35	39	34	32	27	47	36
Y_scaffold4	163853	44	37	29	20	19	23	29	32	33	22	39	31	27	36	37	31	35	42	34	32	27	47	35
Y_scaffold4	163854	45	37	27	19	20	24	28	32	33	23	38	31	27	37	37	31	36	42	34	31	27	46	36
Y_scaffold4	163855	45	36	27	19	19	23	28	30	33	23	37	32	27	37	37	31	35	41	32	31	27	45	36
Y_scaffold4	163856	45	36	27	19	19	23	28	30	33	23	37	33	27	37	39	30	35	41	32	31	27	46	36
Y_scaffold4	163857	45	36	27	19	19	22	27	31	33	23	37	32	27	38	39	30	35	41	31	31	27	46	36
Y_scaffold4	163858	45	36	27	18	19	22	27	30	33	23	37	32	27	37	40	30	35	42	33	31	27	46	36
Y_scaffold4	163859	45	36	27	18	19	22	28	30	33	22	37	32	27	37	40	30	35	42	33	31	27	46	36
Y_scaffold4	163860	45	36	28	17	18	22	28	31	33	22	35	32	27	37	41	30	35	41	34	30	27	46	35
Y_scaffold4	163861	43	37	29	17	18	22	28	31	33	22	35	32	27	37	40	30	35	42	34	30	27	46	35
Y_scaffold4	163862	43	37	29	16	19	22	28	31	33	22	36	33	28	37	39	30	35	42	34	31	27	46	35
Y_scaffold4	163863	43	36	27	17	20	20	28	30	33	22	36	33	27	38	41	29	36	43	34	31	27	45	35
Y_scaffold4	163864	43	36	27	17	20	19	28	31	33	21	36	32	27	38	40	29	36	44	34	31	27	45	35
Y_scaffold4	163865	43	36	27	17	20	19	27	31	33	21	37	33	27	38	39	30	36	45	33	31	27	44	35
Y_scaffold4	163866	43	36	28	16	20	19	27	31	33	22	37	34	27	38	40	30	36	45	33	31	27	44	35
Y_scaffold4	163867	43	36	28	16	20	19	27	32	33	22	36	34	26	38	39	29	35	45	32	30	27	44	36
Y_scaffold4	163868	43	36	28	16	20	19	27	33	33	22	37	34	26	38	39	29	35	45	32	29	27	45	36
Y_scaffold4	163869	43	35	28	17	20	19	28	32	32	22	37	34	26	38	38	29	35	44	33	29	26	45	33
Y_scaffold4	163870	43	35	28	17	19	19	28	32	32	22	38	34	26	38	38	27	35	44	34	28	26	45	32
Y_scaffold4	163871	43	34	28	17	19	19	28	31	32	22	38	34	26	37	39	25	35	44	33	28	24	46	31
Y_scaffold4	163872	42	34	28	17	19	20	28	31	32	22	38	34	26	37	38	25	36	44	33	28	24	46	31
Y_scaffold4	163873	42	34	28	17	19	20	28	31	29	22	36	35	26	36	39	25	36	43	33	28	25	45	31
Y_scaffold4	163874	43	35	28	17	19	20	28	31	29	22	36	36	25	36	40	24	36	43	33	28	25	46	32
Y_scaffold4	163875	43	35	27	16	19	20	27	32	28	22	35	36	25	37	39	24	37	43	33	29	24	45	32
Y_scaffold4	163876	42	35	27	16	20	21	27	32	28	22	35	36	25	37	39	24	37	43	33	29	24	45	31
Y_scaffold4	163877	42	35	27	16	20	21	27	32	28	23	34	36	26	37	39	24	38	43	32	29	24	45	31
Y_scaffold4	163878	43	35	27	16	20	21	27	32	28	23	34	36	26	37	38	24	36	43	32	29	24	45	31
Y_scaffold4	163879	43	35	27	16	20	21	27	31	28	23	34	36	28	36	38	24	35	43	32	29	24	45	30
Y_scaffold4	163880	42	36	26	16	21	22	27	31	28	23	34	38	28	35	38	23	35	44	32	29	24	43	30
Y_scaffold4	163881	42	36	26	16	21	22	28	31	27	22	33	39	28	35	37	23	35	44	32	29	22	43	30
Y_scaffold4	163882	42	36	26	16	21	22	27	31	26	21	33	39	28	35	37	23	36	44	32	28	22	42	30
Y_scaffold4	163883	41	36	26	16	20	22	28	32	26	20	33	39	28	36	36	24	35	44	32	28	22	43	29
Y_scaffold4	163884	42	37	25	15	19	22	27	32	26	20	35	39	28	36	36	24	35	44	32	28	23	43	29
Y_scaffold4	163885	42	37	25	15	19	22	27	33	26	20	36	41	28	37	38	24	36	45	31	28	24	43	29
Y_scaffold4	163886	42	37	24	15	19	22	27	34	26	20	36	41	28	36	38	24	37	46	31	28	24	43	29
Y_scaffold4	163887	42	38	25	14	19	22	28	34	27	21	36	42	28	35	38	26	37	46	31	28	23	42	29
Y_scaffold4	163888	43	38	25	14	19	22	28	34	27	20	36	41	28	35	38	26	37	46	31	29	23	41	29
Y_scaffold4	163889	42	39	24	14	18	22	28	35	27	19	36	40	28	34	39	26	37	44	31	30	21	42	29
Y_scaffold4	163890	42	39	24	14	18	22	27	35	27	19	35	41	28	34	39	26	37	44	31	31	20	42	29
Y_scaffold4	163891	42	39	24	14	17	22	26	35	28	19	35	40	28	34	38	26	37	43	31	31	19	42	28
Y_scaffold4	163892	43	39	24	14	17	23	26	34	28	19	34	41	28	33	37	25	37	44	32	32	19	42	29
Y_scaffold4	163893	44	40	24	14	17	23	26	34	28	19	35	41	28	33	37	26	37	44	32	32	19	42	29
Y_scaffold4	163894	44	41	24	14	17	22	26	33	27	19	35	39	28	33	37	26	36	44	31	32	19	42	29
Y_scaffold4	163895	43	41	24	15	19	22	26	33	25	19	35	39	28	33	37	25	36	44	31	32	19	41	30
Y_scaffold4	163896	41	41	24	15	20	23	26	33	25	20	35	39	28	33	37	26	36	44	32	32	19	40	30
Y_scaffold4	163897	41	41	24	15	19	23	27	34	23	20	35	41	27	33	37	26	35	44	32	32	19	39	30
Y_scaffold4	163898	41	41	24	15	19	24	28	34	22	20	36	41	27	33	38	26	35	44	32	32	19	39	30
Y_scaffold4	163899	41	41	24	15	19	24	28	34	21	20	36	41	27	34	37	26	35	44	32	32	19	39	30
Y_scaffold4	163900	41	40	24	15	19	24	28	34	21	20	36	40	27	34	37	26	35	44	32	31	19	38	30
Y_scaffold4	163901	41	40	24	15	18	23	28	34	21	20	36	40	27	34	37	26	35	43	33	31	19	38	29
Y_scaffold4	163902	41	37	26	14	19	23	28	34	21	20	36	40	27	35	37	26	35	42	32	30	19	38	28
Y_scaffold4	163903	42	37	26	14	19	22	28	34	21	20	36	40	27	36	36	26	35	42	32	30	19	39	28
Y_scaffold4	163904	42	38	26	15	19	22	28	34	21	20	36	40	27	36	37	26	37	42	30	30	19	38	30
Y_scaffold4	163905	41	39	26	15	18	22	28	34	21	20	38	40	27	36	37	26	37	42	29	30	19	37	30
Y_scaffold4	163906	41	39	26	15	19	22	28	33	21	20	38	40	27	36	37	27	37	42	27	29	19	38	30
Y_scaffold4	163907	40	38	26	15	19	22	28	33	22	19	38	40	27	36	38	27	37	41	27	30	19	38	31
Y_scaffold4	163908	39	38	26	15	19	21	28	33	23	19	38	39	27	36	37	27	37	41	27	30	19	37	31
Y_scaffold4	163909	39	38	26	15	19	21	28	33	23	19	38	39	27	36	37	26	37	41	27	30	19	36	31
Y_scaffold4	163910	38	38	26	15	19	20	28	33	23	19	38	39	26	35	37	26	37	40	26	30	18	36	31
Y_scaffold4	163911	38	37	25	15	19	20	27	32	23	18	38	39	27	35	37	26	37	40	26	31	18	37	32
Y_scaffold4	163912	39	37	25	16	20	20	27	32	23	18	39	39	29	36	37	26	37	39	26	31	18	38	32
Y_scaffold4	163913	39	37	25	16	20	20	27	32	23	18	39	39	29	36	36	26	37	41	27	30	18	38	32
Y_scaffold4	163914	38	37	25	16	20	22	27	32	23	18	40	38	29	36	36	26	37	41	26	30	18	38	32
Y_scaffold4	163915	38	38	26	16	20	23	28	32	23	18	41	38	28	36	35	26	37	41	25	32	18	38	32
Y_scaffold4	163916	37	38	26	16	20	22	28	31	23	18	41	38	29	36	34	27	37	41	25	31	18	38	31
Y_scaffold4	163917	37	38	26	16	20	22	28	31	23	19	41	38	29	36	34	27	38	41	25	32	18	39	31
Y_scaffold4	163918	39	38	27	16	20	22	28	31	23	20	40	38	30	36	34	26	38	41	25	32	18	39	32
Y_scaffold4	163919	38	37	26	16	20	22	27	31	24	20	41	38	30	36	35	25	38	41	25	32	18	39	33
Y_scaffold4	163920	38	37	27	17	20	21	29	31	24	20	41	38	30	36	35	26	37	41	25	31	18	39	32
Y_scaffold4	163921	38	37	28	17	20	21	29	31	24	20	41	38	30	36	35	26	37	41	25	30	17	38	31
Y_scaffold4	163922	38	37	28	17	20	21	29	30	24	20	41	38	30	36	33	26	37	41	25	30	17	38	31
Y_scaffold4	163923	39	37	28	16	20	21	29	30	24	20	41	38	30	36	33	27	37	41	26	29	17	39	31
Y_scaffold4	163924	39	36	28	16	20	21	29	30	24	20	41	37	30	35	33	26	37	41	26	29	17	40	31
Y_scaffold4	163925	39	36	28	15	20	20	29	30	24	20	40	37	30	35	33	26	37	40	25	29	17	41	31
Y_scaffold4	163926	38	35	28	15	19	20	29	30	24	20	40	37	28	35	33	27	38	40	25	29	18	41	31
Y_scaffold4	163927	38	35	28	14	19	20	28	30	24	20	39	36	28	35	33	28	38	39	25	29	18	41	31
Y_scaffold4	163928	39	36	28	14	19	21	28	29	24	20	40	36	28	34	33	28	38	39	25	29	18	42	31
Y_scaffold4	163929	38	36	28	14	19	21	27	28	24	20	40	36	27	34	34	28	38	39	26	29	18	42	31
Y_scaffold4	163930	37	36	29	14	20	23	27	29	24	21	40	35	28	34	34	28	38	37	26	29	18	41	31
Y_scaffold4	163931	37	36	29	14	21	23	26	28	23	21	39	35	28	33	35	28	37	37	26	29	18	41	31
Y_scaffold4	163932	37	36	29	15	21	23	26	28	26	21	39	35	28	33	35	28	36	38	26	29	18	41	31
Y_scaffold4	163933	38	35	29	15	21	23	26	27	27	21	39	35	28	33	35	29	35	38	26	29	17	41	30
Y_scaffold4	163934	38	35	29	15	21	23	25	27	28	21	39	35	28	33	35	30	34	38	26	29	18	41	30
Y_scaffold4	163935	38	35	29	15	21	23	25	27	28	21	39	35	28	33	34	30	34	38	26	29	18	41	31
Y_scaffold4	163936	37	34	29	15	21	23	23	27	27	20	39	34	28	33	35	30	34	38	26	28	18	41	30
Y_scaffold4	163937	36	34	29	14	22	23	24	27	27	19	39	34	28	33	36	31	34	39	26	28	19	41	30
Y_scaffold4	163938	36	34	29	15	22	23	25	27	27	20	39	34	28	33	36	31	33	40	26	28	19	41	30
Y_scaffold4	163939	36	34	28	15	22	23	25	27	26	20	39	34	28	33	35	31	33	40	26	28	19	42	30
Y_scaffold4	163940	35	34	27	15	22	23	24	27	26	20	39	34	25	33	33	31	33	40	26	28	19	42	29
Y_scaffold4	163941	34	34	26	15	22	23	23	28	26	20	40	34	25	33	34	31	32	41	25	28	17	42	29
Y_scaffold4	163942	33	33	26	15	22	23	23	28	25	20	40	34	25	33	34	31	32	40	25	26	17	42	27
Y_scaffold4	163943	34	32	25	14	21	23	23	28	25	19	40	34	23	32	32	31	32	40	25	26	16	39	27
Y_scaffold4	163944	37	33	25	14	21	23	23	28	25	19	40	34	23	32	32	31	32	39	25	26	16	39	27
Y_scaffold4	163945	36	33	24	14	21	24	23	28	24	19	40	34	23	33	32	31	32	38	25	26	15	38	27
Y_scaffold4	163946	37	34	24	14	20	23	23	27	23	19	40	34	23	33	31	31	32	37	24	26	15	37	27
Y_scaffold4	163947	37	34	24	14	20	23	23	27	23	19	41	34	23	33	33	31	32	37	24	26	15	38	27
Y_scaffold4	163948	37	34	24	14	20	23	23	27	23	19	40	33	22	33	33	31	32	37	25	26	15	38	28
Y_scaffold4	163949	37	33	24	14	20	23	23	27	24	19	39	33	22	33	34	32	32	37	25	26	14	38	27
Y_scaffold4	163950	38	32	24	13	20	23	23	26	24	19	38	33	22	33	34	32	32	37	24	26	14	38	27
Y_scaffold4	163951	38	31	24	13	20	23	23	26	24	19	38	33	22	33	35	32	32	37	24	26	14	38	27
Y_scaffold4	163952	37	31	23	13	20	23	24	26	24	19	39	32	22	32	35	32	32	38	24	26	14	39	27
Y_scaffold4	163953	37	31	22	13	20	23	24	27	23	18	39	30	22	31	36	31	33	39	24	25	14	39	26
Y_scaffold4	163954	36	32	20	13	20	23	24	27	21	18	39	29	21	31	35	31	33	39	24	24	14	39	26
Y_scaffold4	163955	36	31	19	13	20	24	24	27	21	18	39	29	21	31	35	31	33	39	24	23	13	39	26
Y_scaffold4	163956	35	31	19	13	20	24	24	27	21	18	40	29	22	31	35	31	32	39	24	23	13	40	27
Y_scaffold4	163957	35	32	19	13	20	24	23	27	20	18	42	29	22	31	35	31	31	37	23	23	13	40	26
Y_scaffold4	163958	35	32	19	13	20	24	23	27	20	18	42	29	22	32	34	30	30	38	22	24	13	40	26
Y_scaffold4	163959	35	32	19	13	20	24	23	27	20	18	42	29	22	32	34	30	30	38	22	24	13	40	26
Y_scaffold4	163960	35	32	19	13	20	24	23	27	20	18	42	29	22	32	34	30	30	38	22	24	13	40	27
Y_scaffold4	163961	34	32	19	13	20	24	23	27	20	18	42	29	22	32	34	30	30	38	22	24	13	40	27
Y_scaffold4	163962	32	32	19	13	20	23	23	27	20	17	42	29	21	31	35	30	30	38	22	24	13	40	27
Y_scaffold4	163963	33	31	18	11	20	23	22	26	20	17	42	28	22	29	35	30	30	38	21	23	13	40	27
Y_scaffold4	163964	34	33	18	11	20	24	22	26	20	18	42	28	22	28	35	30	30	37	20	23	13	40	27
Y_scaffold4	163965	34	34	18	10	20	25	23	27	20	19	42	28	23	28	36	31	30	37	19	22	13	40	26
Y_scaffold4	163966	34	34	19	9	20	25	22	27	20	19	42	28	23	28	36	31	29	37	19	23	13	39	26
Y_scaffold4	163967	34	34	20	9	20	24	22	27	20	18	40	28	23	28	36	31	28	37	18	22	13	39	27
Y_scaffold4	163968	34	33	20	9	20	24	22	27	20	17	40	28	22	28	36	31	30	37	17	22	13	38	27
Y_scaffold4	163969	35	33	20	9	19	23	23	27	19	17	39	29	22	28	36	32	31	36	18	22	13	38	28
Y_scaffold4	163970	35	33	20	9	18	21	23	27	19	16	39	29	22	28	37	33	31	36	18	22	13	38	28
Y_scaffold4	163971	36	33	21	9	18	21	23	28	19	17	38	29	24	28	39	32	31	35	18	21	13	38	28
Y_scaffold4	163972	37	33	22	9	18	22	23	28	18	17	38	30	24	28	40	32	30	35	20	23	13	39	28
Y_scaffold4	163973	37	33	22	9	18	21	23	28	18	19	39	30	24	28	40	32	30	35	22	23	13	39	28
Y_scaffold4	163974	35	33	22	9	18	21	23	28	18	20	38	30	24	29	41	31	30	34	22	24	13	40	28
Y_scaffold4	163975	34	32	22	9	18	21	23	29	18	20	38	30	24	28	41	32	30	33	22	24	13	41	28
Y_scaffold4	163976	34	32	22	9	18	21	24	29	18	19	38	30	24	28	41	32	28	33	22	24	13	41	28
Y_scaffold4	163977	34	32	22	9	18	22	24	29	19	18	39	30	25	26	42	32	29	33	22	24	13	41	28
Y_scaffold4	163978	34	31	22	10	18	22	23	29	18	18	39	30	26	28	41	32	29	33	21	24	13	41	27
Y_scaffold4	163979	34	31	22	10	19	22	24	29	18	18	38	30	25	28	42	33	29	33	21	24	12	41	27
Y_scaffold4	163980	34	32	22	10	19	22	24	29	18	18	37	29	25	28	41	33	28	35	22	24	11	41	27
Y_scaffold4	163981	34	32	22	10	20	22	23	29	18	18	37	30	25	26	41	33	28	35	22	24	11	41	27
Y_scaffold4	163982	34	32	22	10	20	22	24	30	17	18	37	30	25	25	42	33	28	35	22	24	11	42	27
Y_scaffold4	163983	34	32	22	10	20	22	23	30	17	18	37	30	25	25	40	34	27	36	23	25	11	42	27
Y_scaffold4	163984	34	32	22	10	21	21	23	30	17	18	37	30	26	24	40	32	28	36	23	24	11	44	28
Y_scaffold4	163985	34	32	22	10	21	21	23	30	17	18	37	29	26	25	40	32	28	35	23	24	11	43	27
Y_scaffold4	163986	33	33	22	10	21	21	23	30	19	18	37	29	26	25	40	31	28	35	23	23	11	42	27
Y_scaffold4	163987	33	33	25	10	23	21	22	30	20	18	36	29	26	24	40	31	28	35	23	23	11	42	27
Y_scaffold4	163988	32	33	24	11	22	20	22	30	20	18	36	30	26	24	39	32	30	35	23	23	11	41	27
Y_scaffold4	163989	32	33	24	11	22	21	22	30	20	18	36	31	26	24	39	33	30	35	23	23	11	40	27
Y_scaffold4	163990	33	32	24	12	23	21	22	29	21	17	35	31	26	24	40	33	30	35	24	23	11	39	27
Y_scaffold4	163991	33	32	24	12	23	21	22	29	20	17	35	31	25	24	40	33	30	35	24	24	12	39	27
Y_scaffold4	163992	32	34	23	12	23	22	22	28	20	18	34	31	25	24	41	32	30	34	24	24	12	37	26
Y_scaffold4	163993	32	35	23	12	23	22	22	28	20	19	34	31	25	25	42	32	30	34	24	24	12	37	26
Y_scaffold4	163994	32	37	23	12	23	22	23	29	20	19	33	31	25	24	43	32	30	35	23	22	12	37	27
Y_scaffold4	163995	32	38	23	12	23	22	23	28	20	20	33	31	26	24	43	32	30	35	23	22	12	37	26
Y_scaffold4	163996	32	39	23	12	23	22	23	27	18	20	33	31	26	24	43	33	30	34	23	22	11	36	26
Y_scaffold4	163997	32	38	24	12	23	22	23	27	18	20	33	31	24	23	43	33	30	34	25	21	12	35	26
Y_scaffold4	163998	32	38	24	12	23	22	23	27	17	20	33	33	24	23	43	34	29	33	26	21	12	35	26
Y_scaffold4	163999	32	38	23	12	23	22	23	27	17	20	33	34	24	23	44	35	29	33	26	21	12	35	25
Y_scaffold4	164000	32	37	23	14	23	22	23	28	17	21	32	34	25	22	44	34	28	33	26	21	12	35	25
Y_scaffold4	164001	32	35	23	14	23	22	24	27	17	21	31	33	25	22	44	33	29	33	25	21	12	35	25
Y_scaffold4	164002	32	35	23	14	23	22	24	27	17	21	31	33	26	22	44	33	29	33	25	21	13	36	24
Y_scaffold4	164003	31	35	23	14	24	22	24	27	17	20	31	34	26	21	44	36	29	30	25	22	13	36	24
Y_scaffold4	164004	31	35	23	14	24	22	24	27	17	20	31	34	26	21	44	36	28	30	25	22	13	36	24
Y_scaffold4	164005	31	35	23	14	25	23	24	27	17	19	31	33	26	21	45	36	28	30	25	22	13	36	24
Y_scaffold4	164006	31	36	23	14	25	23	24	27	19	19	31	32	26	21	44	37	29	30	27	22	13	35	24
Y_scaffold4	164007	31	36	23	14	25	23	24	26	20	19	31	32	26	20	43	37	29	30	27	22	14	35	25
Y_scaffold4	164008	31	35	23	14	26	24	24	26	20	20	31	32	26	20	43	38	30	30	25	22	14	35	25
Y_scaffold4	164009	31	35	22	14	26	25	23	26	20	20	31	32	26	20	44	38	30	30	25	22	14	35	26
Y_scaffold4	164010	30	35	22	14	26	25	23	25	20	20	31	32	27	20	43	38	30	30	24	22	14	35	26
Y_scaffold4	164011	30	35	21	14	26	26	22	26	22	20	31	32	26	21	43	40	30	29	25	21	14	36	26
Y_scaffold4	164012	30	35	22	15	25	26	22	26	22	21	30	32	27	21	43	40	32	29	25	21	14	37	26
Y_scaffold4	164013	30	35	22	15	24	26	22	26	22	21	30	31	27	20	41	40	31	28	25	21	14	37	26
Y_scaffold4	164014	30	34	22	16	24	26	22	25	22	21	29	30	27	20	41	40	31	27	25	21	14	37	26
Y_scaffold4	164015	29	34	22	16	24	26	22	27	22	22	29	30	27	21	40	41	32	26	25	21	14	37	26
Y_scaffold4	164016	29	34	21	17	24	26	22	27	22	22	29	29	28	21	40	42	32	26	26	21	14	36	25
Y_scaffold4	164017	28	34	20	17	24	26	22	26	22	22	29	29	28	21	41	42	31	26	27	21	14	36	24
Y_scaffold4	164018	28	34	20	17	24	26	22	25	22	22	28	28	28	21	41	42	31	26	27	21	15	35	24
Y_scaffold4	164019	28	34	20	17	24	26	22	25	23	22	27	28	27	21	41	42	31	27	25	21	15	35	24
Y_scaffold4	164020	28	34	20	17	24	26	22	25	23	22	26	28	27	21	41	41	31	28	24	21	15	35	24
Y_scaffold4	164021	28	34	19	17	24	26	21	25	23	23	26	28	27	21	39	41	31	28	24	21	14	34	26
Y_scaffold4	164022	29	34	20	17	24	25	21	27	23	24	27	28	27	21	38	41	31	28	24	21	13	34	25
Y_scaffold4	164023	30	33	20	17	24	25	21	28	23	25	27	27	27	21	38	41	31	28	25	21	13	35	25
Y_scaffold4	164024	29	33	20	17	24	25	21	29	24	25	27	26	27	21	37	41	31	28	25	21	13	34	25
Y_scaffold4	164025	29	34	20	17	24	25	22	29	24	24	28	27	26	20	37	40	30	28	25	20	13	34	25
Y_scaffold4	164026	29	34	20	18	23	24	22	29	25	24	28	27	27	20	38	40	31	28	25	20	14	34	25
Y_scaffold4	164027	29	34	20	18	23	24	22	29	25	24	28	27	27	20	38	40	30	28	25	20	14	34	26
Y_scaffold4	164028	28	34	20	18	23	24	22	29	25	24	28	27	25	20	38	40	30	28	25	20	14	34	26
Y_scaffold4	164029	28	34	20	18	23	24	22	29	25	24	28	27	25	21	38	40	30	28	26	20	14	34	26
Y_scaffold4	164030	28	33	20	18	22	23	22	29	25	24	28	25	25	21	38	40	30	27	26	20	14	34	26
Y_scaffold4	164031	28	33	20	18	22	23	22	29	26	24	29	24	28	21	38	42	30	27	26	20	14	35	27
Y_scaffold4	164032	27	33	20	18	23	23	21	29	26	24	29	24	28	21	38	43	29	27	26	20	14	36	27
Y_scaffold4	164033	26	34	20	18	23	23	20	27	26	24	27	21	28	21	38	42	29	26	26	19	13	35	27
Y_scaffold4	164034	26	34	20	19	23	23	20	29	26	24	27	22	28	22	38	42	30	26	26	19	13	35	27
Y_scaffold4	164035	26	34	20	19	23	23	20	30	26	24	26	22	28	21	36	42	29	25	26	19	15	35	27
Y_scaffold4	164036	26	34	20	19	23	23	21	29	26	24	27	22	29	21	36	42	28	25	27	21	15	36	29
Y_scaffold4	164037	26	33	20	20	23	23	21	31	26	23	27	23	30	21	37	41	28	25	27	21	16	37	29
Y_scaffold4	164038	25	33	20	20	23	23	21	32	26	23	28	23	30	21	37	41	28	25	27	20	16	37	29
Y_scaffold4	164039	25	33	20	20	24	24	21	31	27	24	28	23	29	21	37	41	28	26	27	19	16	36	29
Y_scaffold4	164040	25	33	20	20	24	24	20	31	27	24	28	22	29	21	37	42	28	26	27	18	16	37	29
Y_scaffold4	164041	26	34	20	20	24	23	21	30	26	25	28	21	29	21	37	42	28	26	26	17	16	40	29
Y_scaffold4	164042	25	34	21	21	25	23	21	30	26	25	29	23	29	20	38	42	28	24	25	17	17	39	28
Y_scaffold4	164043	24	33	21	21	25	23	21	30	26	25	28	23	29	20	38	41	28	24	25	17	19	39	28
Y_scaffold4	164044	24	32	21	21	25	23	21	30	26	25	28	23	29	20	38	41	28	25	26	18	19	40	28
Y_scaffold4	164045	24	32	21	20	23	23	21	30	26	25	28	23	29	20	38	41	28	27	26	18	19	41	27
Y_scaffold4	164046	24	32	21	20	22	22	21	30	25	24	28	23	29	20	38	39	28	27	27	18	19	41	27
Y_scaffold4	164047	24	32	21	20	22	22	21	30	25	24	28	21	30	20	38	39	28	29	27	18	19	42	27
Y_scaffold4	164048	24	31	21	20	22	21	20	30	25	24	27	21	30	20	38	39	28	29	28	18	19	41	27
Y_scaffold4	164049	24	31	21	19	23	21	20	30	25	24	27	21	30	19	38	39	28	29	28	18	19	41	27
Y_scaffold4	164050	24	31	20	19	23	21	20	30	25	25	27	21	30	19	38	39	28	30	29	18	19	41	27
Y_scaffold4	164051	24	31	19	19	22	21	20	30	25	25	27	21	30	18	38	39	28	30	29	18	19	42	27
Y_scaffold4	164052	24	31	21	19	22	21	20	31	25	25	28	21	30	18	38	40	28	30	29	19	19	41	27
Y_scaffold4	164053	23	31	21	19	22	21	20	31	25	25	28	21	30	19	38	40	28	30	29	19	19	41	26
Y_scaffold4	164054	23	30	21	18	22	21	20	31	25	25	28	21	30	21	37	40	27	30	29	19	19	41	26
Y_scaffold4	164055	23	29	21	18	22	21	20	31	25	25	26	21	30	21	38	40	27	30	29	19	19	41	26
Y_scaffold4	164056	23	29	21	18	21	21	21	33	25	25	26	21	30	21	38	40	27	30	29	19	19	40	26
Y_scaffold4	164057	23	29	21	18	21	21	21	33	24	25	26	21	30	21	37	40	27	30	29	18	19	40	25
Y_scaffold4	164058	24	29	21	18	21	21	21	34	23	25	26	21	30	21	37	40	27	29	29	17	19	40	25
Y_scaffold4	164059	26	30	21	20	21	22	22	36	24	25	27	22	30	20	38	41	26	29	29	19	20	40	25
Y_scaffold4	164060	26	31	21	20	21	23	22	36	24	25	28	22	29	20	40	41	26	29	29	18	20	39	24
Y_scaffold4	164061	26	31	21	20	21	23	22	37	24	25	28	21	28	20	40	41	26	30	29	18	20	39	25
Y_scaffold4	164062	25	31	21	19	21	23	23	39	24	25	27	21	27	19	40	41	27	32	29	18	21	40	25
Y_scaffold4	164063	25	31	22	20	21	23	23	40	24	25	27	21	28	19	40	41	27	30	28	18	21	41	25
Y_scaffold4	164064	25	31	22	20	21	22	23	41	24	25	26	21	28	19	40	41	27	30	28	18	21	41	25
Y_scaffold4	164065	25	33	21	20	22	21	22	42	24	25	25	21	29	19	40	41	27	30	28	19	21	41	27
Y_scaffold4	164066	25	34	21	20	22	21	22	43	24	25	25	22	28	19	40	40	27	30	28	19	22	42	28
Y_scaffold4	164067	25	34	21	20	22	23	22	43	24	24	25	23	28	19	40	40	25	30	28	18	22	42	30
Y_scaffold4	164068	24	34	20	20	22	23	22	42	24	23	25	23	27	19	39	40	25	30	28	18	22	42	29
Y_scaffold4	164069	24	33	22	20	22	23	20	42	25	23	24	24	27	19	39	41	25	30	28	18	22	41	28
Y_scaffold4	164070	24	33	22	19	22	23	20	42	25	23	24	25	27	19	39	40	25	30	28	18	22	41	28
Y_scaffold4	164071	25	34	21	19	22	24	20	42	25	24	24	25	27	19	39	40	25	30	28	18	22	41	28
Y_scaffold4	164072	24	34	22	19	22	24	20	42	25	24	25	25	28	19	39	39	25	32	28	18	23	41	28
Y_scaffold4	164073	24	33	22	19	21	24	20	42	26	24	25	25	28	19	39	39	25	32	28	18	23	41	28
Y_scaffold4	164074	24	33	22	19	20	24	20	42	26	24	25	25	28	19	40	39	27	32	29	18	23	40	27
Y_scaffold4	164075	25	33	22	19	19	24	20	42	26	24	24	25	28	19	40	38	27	32	29	18	23	41	27
Y_scaffold4	164076	25	32	22	19	19	24	20	42	27	24	24	24	28	19	40	38	26	32	29	18	22	41	27
Y_scaffold4	164077	26	32	22	19	19	25	20	44	27	24	25	25	28	19	40	38	26	32	30	20	22	41	27
Y_scaffold4	164078	25	31	22	20	19	24	21	44	27	24	24	25	28	19	39	38	26	32	29	20	22	40	27
Y_scaffold4	164079	25	31	22	20	19	24	21	44	27	24	24	25	27	19	39	38	26	32	29	20	21	41	27
Y_scaffold4	164080	26	31	21	21	20	22	21	44	27	24	24	25	27	19	40	38	26	33	29	20	21	41	27
Y_scaffold4	164081	26	31	21	21	19	24	21	44	27	24	24	25	27	19	39	38	26	33	29	20	21	42	27
Y_scaffold4	164082	26	31	21	20	19	24	21	44	24	24	24	26	28	19	39	37	26	32	29	20	21	42	27
Y_scaffold4	164083	25	31	21	20	20	24	21	44	23	25	24	26	28	19	40	38	27	35	30	21	21	42	27
Y_scaffold4	164084	25	31	22	20	20	24	21	45	22	25	24	26	28	19	40	37	28	34	31	21	21	42	27
Y_scaffold4	164085	25	31	22	21	20	24	21	45	22	25	25	26	28	19	40	37	28	34	31	21	21	42	26
Y_scaffold4	164086	25	31	22	21	20	24	21	45	22	25	25	26	28	19	39	38	28	34	31	21	21	42	26
Y_scaffold4	164087	26	30	23	21	20	24	20	45	22	25	25	26	28	19	38	38	28	33	31	21	20	42	26
Y_scaffold4	164088	26	30	22	20	20	23	19	45	23	24	25	26	28	19	38	39	28	32	32	21	21	42	26
Y_scaffold4	164089	26	30	22	20	20	23	19	46	23	24	25	27	28	19	38	39	28	32	32	21	21	42	26
Y_scaffold4	164090	26	30	22	20	19	23	19	46	23	24	25	27	28	19	38	39	28	32	32	21	22	42	26
Y_scaffold4	164091	26	30	22	20	19	23	19	45	23	24	24	27	27	19	37	39	28	31	32	21	22	42	26
Y_scaffold4	164092	25	31	22	21	20	23	19	45	25	23	24	28	27	19	38	38	27	32	32	21	23	42	27
Y_scaffold4	164093	25	30	22	21	20	23	19	45	25	23	24	28	27	19	38	38	27	32	32	21	23	42	27
Y_scaffold4	164094	22	30	22	21	20	23	19	45	25	23	24	28	27	20	38	38	27	32	32	21	24	43	27
Y_scaffold4	164095	22	30	22	21	20	22	19	45	25	23	24	28	27	19	38	39	27	32	32	21	24	44	27
Y_scaffold4	164096	21	29	22	21	20	22	19	46	25	23	24	28	27	20	38	39	27	33	32	21	25	44	27
Y_scaffold4	164097	21	29	22	21	20	22	19	47	25	23	23	29	27	20	37	38	27	33	32	21	25	44	28
Y_scaffold4	164098	21	29	22	21	19	22	19	47	25	23	23	29	27	20	37	38	27	33	31	21	25	44	28
Y_scaffold4	164099	21	29	22	21	19	22	19	47	24	23	23	29	27	20	37	37	27	34	31	21	25	44	28
Y_scaffold4	164100	20	29	24	21	19	22	19	46	24	23	24	30	28	20	38	37	27	33	31	21	25	44	28
Y_scaffold4	164101	20	29	24	21	19	22	19	46	24	23	23	29	28	20	38	37	27	33	31	21	25	44	28
Y_scaffold4	164102	21	29	25	21	19	22	19	45	24	23	23	29	28	20	39	37	27	32	31	21	25	44	29
Y_scaffold4	164103	21	28	25	21	19	22	21	45	24	23	23	29	28	20	38	37	26	31	31	21	25	44	29
Y_scaffold4	164104	21	28	25	21	19	22	21	45	24	23	23	29	29	21	38	37	26	31	31	23	25	43	30
Y_scaffold4	164105	21	28	25	21	20	22	22	45	24	23	23	29	29	21	38	37	26	31	31	23	25	44	30
Y_scaffold4	164106	21	28	25	21	20	22	22	45	24	23	22	29	27	21	38	37	26	30	31	23	25	44	29
Y_scaffold4	164107	21	27	25	21	20	22	21	45	24	23	20	29	27	20	38	37	26	30	31	22	25	44	29
Y_scaffold4	164108	22	27	25	22	20	23	21	45	24	23	20	29	27	21	38	37	26	30	31	22	25	44	31
Y_scaffold4	164109	24	27	25	22	20	23	21	45	24	23	20	28	27	21	38	37	26	30	32	22	25	44	31
Y_scaffold4	164110	24	27	25	22	21	23	21	45	25	24	20	29	27	22	39	37	29	33	32	24	25	46	30
Y_scaffold4	164111	23	28	26	22	21	23	21	45	25	24	20	28	27	23	38	37	29	33	32	24	25	46	30
Y_scaffold4	164112	22	27	26	22	21	23	22	45	25	24	20	28	26	23	38	37	29	33	33	24	27	46	32
Y_scaffold4	164113	21	28	26	23	21	22	22	46	25	24	21	29	26	23	38	37	30	33	33	24	28	46	32
Y_scaffold4	164114	21	27	26	23	21	22	21	47	25	23	21	29	26	24	38	37	30	33	33	24	28	46	31
Y_scaffold4	164115	21	28	26	23	21	21	21	47	25	22	21	29	25	25	37	36	30	33	33	24	28	46	31
Y_scaffold4	164116	21	28	28	23	21	22	21	47	25	22	22	30	25	25	38	37	30	33	33	23	28	46	31
Y_scaffold4	164117	21	28	27	23	21	22	21	47	25	22	21	30	25	25	38	37	30	33	33	23	28	46	30
Y_scaffold4	164118	21	28	27	23	21	22	21	47	25	22	21	30	25	25	38	37	28	33	32	23	28	46	29
Y_scaffold4	164119	21	28	30	23	21	22	21	47	25	23	21	30	26	25	38	36	27	33	32	22	29	46	29
Y_scaffold4	164120	21	28	30	23	21	22	21	47	25	23	21	30	25	25	37	35	27	33	32	22	29	46	30
Y_scaffold4	164121	20	28	29	23	21	22	21	46	25	22	21	30	24	25	35	35	27	33	32	22	28	46	30
Y_scaffold4	164122	19	28	29	23	22	22	21	46	25	22	21	30	24	25	34	36	28	33	31	20	29	47	31
Y_scaffold4	164123	19	28	29	23	22	22	21	47	25	20	20	30	24	25	34	36	28	33	29	20	30	47	31
Y_scaffold4	164124	19	28	29	23	22	22	21	47	25	19	20	32	24	23	34	35	28	34	29	19	30	44	31
Y_scaffold4	164125	19	28	29	23	22	23	21	47	25	19	20	32	24	24	34	35	29	33	29	19	30	43	31
Y_scaffold4	164126	20	28	29	23	22	22	20	47	25	19	19	32	24	24	34	35	29	33	28	19	30	43	31
