Y_scaffold4	24317	37	25	28	15	35	26	29	47	36	31	41	35	31	33	45	38	26	43	33	26	24	38	44
Y_scaffold4	24318	37	24	28	15	35	26	29	47	36	31	41	34	31	32	45	40	26	43	33	26	24	37	44
Y_scaffold4	24319	37	24	27	16	35	26	28	47	35	31	41	34	31	32	44	42	26	43	31	26	24	37	44
Y_scaffold4	24320	38	24	27	16	35	26	26	46	35	30	41	34	31	31	43	42	26	42	31	26	24	37	43
Y_scaffold4	24321	37	24	27	16	35	26	26	46	35	30	41	34	30	30	43	43	26	42	30	26	24	37	40
Y_scaffold4	24322	37	24	27	17	34	24	26	47	35	30	40	35	30	29	43	43	27	42	30	26	22	36	40
Y_scaffold4	24323	37	24	27	17	33	24	25	47	35	30	40	35	29	29	42	43	26	42	30	25	23	34	40
Y_scaffold4	24324	36	24	27	18	34	24	26	46	35	29	40	36	28	29	42	42	24	42	29	25	23	34	40
Y_scaffold4	24325	36	25	28	18	33	24	26	46	35	28	40	37	27	30	43	42	25	41	29	25	23	33	39
Y_scaffold4	24326	38	25	26	19	33	24	26	46	35	28	39	36	27	30	43	43	24	41	27	25	23	33	40
Y_scaffold4	24327	38	25	27	19	33	25	26	46	35	29	38	36	27	30	43	43	24	41	27	26	23	33	40
Y_scaffold4	24328	36	25	26	19	33	25	26	45	34	29	38	36	27	30	43	43	24	41	28	26	22	33	40
Y_scaffold4	24329	36	25	25	19	32	25	26	44	34	29	38	35	27	30	43	43	24	41	29	26	21	33	40
Y_scaffold4	24330	36	27	25	19	33	25	26	44	35	30	38	35	27	29	44	43	24	41	29	27	21	32	39
Y_scaffold4	24331	35	27	25	19	33	24	27	43	33	30	37	35	27	27	45	43	24	41	29	27	21	32	40
Y_scaffold4	24332	35	27	24	19	33	23	26	43	33	29	37	35	27	26	45	43	26	42	29	27	21	32	41
Y_scaffold4	24333	34	28	24	19	33	22	25	42	34	29	37	35	26	27	44	41	26	43	29	27	21	31	41
Y_scaffold4	24334	34	29	24	20	34	24	26	41	33	29	37	35	27	27	44	41	26	43	29	27	21	31	41
Y_scaffold4	24335	34	31	24	20	34	24	26	41	33	29	36	34	27	27	45	40	26	43	29	27	21	32	41
Y_scaffold4	24336	34	31	23	20	35	22	26	41	33	29	36	35	28	27	44	41	26	44	29	27	21	33	41
Y_scaffold4	24337	35	30	24	20	35	23	27	41	32	28	36	34	27	27	44	41	26	44	28	26	21	31	41
Y_scaffold4	24338	36	30	24	20	36	23	27	41	32	28	36	34	27	27	44	41	26	43	28	26	21	31	40
Y_scaffold4	24339	36	29	24	20	36	23	27	40	32	28	37	34	26	26	44	41	26	42	27	26	22	31	41
Y_scaffold4	24340	35	29	24	20	36	23	26	39	31	28	37	34	26	25	44	41	26	41	27	26	22	30	42
Y_scaffold4	24341	35	29	24	20	37	24	26	39	31	26	36	35	24	25	44	41	26	40	27	26	22	30	43
Y_scaffold4	24342	37	30	23	19	37	24	26	38	31	25	36	35	24	25	44	40	26	40	28	25	22	30	42
Y_scaffold4	24343	37	30	23	19	37	23	26	39	31	25	36	36	24	23	44	40	27	40	28	25	22	30	42
Y_scaffold4	24344	37	29	22	20	37	24	26	39	31	25	37	37	24	23	43	40	25	40	28	24	22	28	41
Y_scaffold4	24345	37	29	25	20	36	25	25	39	29	25	36	36	24	24	44	38	24	40	27	24	21	27	40
Y_scaffold4	24346	37	29	25	21	38	25	26	39	29	26	37	35	24	24	45	38	24	40	27	24	21	27	40
Y_scaffold4	24347	38	28	26	21	37	26	26	39	30	26	37	35	24	24	44	38	24	40	27	24	21	27	40
Y_scaffold4	24348	38	28	27	21	37	26	26	39	30	26	37	35	23	24	45	37	22	40	27	24	21	27	40
Y_scaffold4	24349	39	27	27	22	37	26	26	39	30	26	37	35	22	22	45	37	21	40	27	24	21	27	41
Y_scaffold4	24350	39	26	28	22	38	26	26	40	30	26	37	35	20	23	45	37	20	40	27	24	19	28	41
Y_scaffold4	24351	40	26	28	22	38	26	26	39	30	26	37	35	19	23	44	37	19	40	27	23	19	27	40
Y_scaffold4	24352	40	26	28	22	39	26	27	37	30	26	37	35	20	23	44	37	19	40	27	24	18	28	40
Y_scaffold4	24353	40	25	28	22	39	26	28	38	30	28	37	35	20	23	44	37	18	40	28	24	21	28	41
Y_scaffold4	24354	40	25	28	23	39	26	27	38	29	27	36	35	20	22	44	37	19	40	28	25	20	28	41
Y_scaffold4	24355	40	26	28	23	38	26	27	38	29	27	36	35	20	22	44	37	20	40	28	25	19	27	40
Y_scaffold4	24356	41	26	29	23	38	26	25	36	28	27	36	35	20	22	44	37	20	41	26	24	19	27	39
Y_scaffold4	24357	41	26	29	23	38	26	25	36	28	28	35	35	19	22	44	37	20	40	26	25	19	27	40
Y_scaffold4	24358	41	27	28	23	38	25	25	36	28	29	35	35	19	23	42	38	20	40	26	25	19	27	40
Y_scaffold4	24359	41	27	28	23	39	24	25	36	27	29	35	33	19	22	42	38	19	40	26	25	19	29	40
Y_scaffold4	24360	41	28	28	23	39	24	25	36	27	28	35	33	18	22	43	38	19	39	24	25	19	30	38
Y_scaffold4	24361	42	29	28	22	39	24	25	36	27	28	33	32	18	22	43	37	19	39	24	25	19	30	38
Y_scaffold4	24362	42	30	28	22	40	24	25	35	25	29	33	32	18	22	44	38	18	39	25	26	19	27	38
Y_scaffold4	24363	42	31	28	22	39	24	24	35	26	29	32	32	18	21	45	38	18	39	25	27	19	26	38
Y_scaffold4	24364	42	31	28	22	38	24	23	35	27	29	32	31	17	20	45	38	19	39	25	26	19	27	38
Y_scaffold4	24365	42	32	28	22	38	23	23	35	26	30	34	31	17	20	47	38	19	40	24	26	19	28	38
Y_scaffold4	24366	41	33	28	21	38	24	23	36	26	31	35	32	17	21	47	39	19	40	23	25	19	29	37
Y_scaffold4	24367	41	33	28	21	38	24	24	36	26	32	36	33	18	22	47	39	19	40	23	24	19	29	36
Y_scaffold4	24368	40	33	28	21	38	23	25	36	26	31	36	34	18	21	48	39	20	40	23	24	19	29	36
Y_scaffold4	24369	39	33	28	21	37	23	25	36	28	32	36	34	18	22	48	39	20	40	23	24	19	29	36
Y_scaffold4	24370	39	33	28	22	38	22	25	36	29	32	34	34	18	22	48	38	20	39	23	25	19	30	36
Y_scaffold4	24371	39	33	28	21	37	22	25	36	29	31	34	34	18	22	48	37	21	40	23	24	19	30	36
Y_scaffold4	24372	39	33	29	22	38	23	23	36	29	31	34	34	17	22	49	38	21	40	23	24	20	30	36
Y_scaffold4	24373	39	34	27	22	38	23	23	36	29	30	34	33	17	22	49	38	21	37	23	26	20	30	36
Y_scaffold4	24374	38	34	27	24	38	23	23	36	30	30	34	34	17	22	49	38	21	37	24	28	20	30	35
Y_scaffold4	24375	38	34	27	24	38	22	23	36	30	30	34	34	16	21	48	38	21	37	23	29	20	31	36
Y_scaffold4	24376	37	33	26	23	38	22	22	34	30	30	34	34	16	21	47	36	20	37	22	29	20	30	36
Y_scaffold4	24377	37	33	26	23	38	22	22	35	30	30	34	34	16	21	47	36	20	37	22	30	20	30	35
Y_scaffold4	24378	37	34	26	23	38	21	22	35	30	30	33	34	16	21	47	36	20	37	22	30	20	31	35
Y_scaffold4	24379	36	34	26	22	39	21	22	35	30	31	33	34	16	21	47	36	21	37	22	30	21	31	36
Y_scaffold4	24380	35	34	27	22	38	21	22	35	30	31	33	34	16	21	47	36	21	37	23	30	21	31	36
Y_scaffold4	24381	35	34	27	22	37	21	22	35	29	31	33	33	16	21	47	35	21	37	24	30	22	31	36
Y_scaffold4	24382	35	34	27	21	37	20	22	35	28	31	33	34	16	21	47	35	21	37	24	30	22	29	36
Y_scaffold4	24383	34	34	27	21	37	20	23	37	28	31	33	33	17	21	47	35	22	37	24	30	22	29	37
Y_scaffold4	24384	35	35	26	21	37	20	23	37	27	32	31	33	17	21	46	35	22	38	24	30	22	29	37
Y_scaffold4	24385	35	33	26	21	37	21	23	37	27	32	31	33	18	22	46	35	22	38	24	29	22	29	38
Y_scaffold4	24386	36	33	26	21	36	22	23	37	27	32	31	33	19	22	45	35	22	39	24	28	22	29	38
Y_scaffold4	24387	37	33	26	21	35	22	23	37	27	31	31	34	19	22	45	36	22	38	24	28	22	30	37
Y_scaffold4	24388	37	33	25	21	35	22	24	37	27	31	31	34	19	22	45	36	22	38	24	28	22	31	37
Y_scaffold4	24389	35	32	25	20	35	22	23	38	27	31	31	34	19	22	45	36	22	38	24	29	21	31	38
Y_scaffold4	24390	36	32	25	20	35	23	23	37	28	31	31	35	19	22	45	36	22	38	24	29	21	32	39
Y_scaffold4	24391	36	32	25	20	35	24	23	37	28	31	31	34	19	22	45	36	22	39	24	29	22	32	41
Y_scaffold4	24392	37	32	25	20	35	24	23	37	28	31	31	34	19	23	45	36	22	39	24	29	22	32	41
Y_scaffold4	24393	36	32	25	20	36	24	23	36	28	29	31	33	19	22	44	36	21	38	24	28	22	33	42
Y_scaffold4	24394	37	33	25	20	34	24	23	36	28	28	30	34	19	22	44	36	21	38	23	27	21	34	42
Y_scaffold4	24395	37	33	25	20	34	24	23	37	29	28	31	34	19	22	44	36	21	38	23	27	21	34	41
Y_scaffold4	24396	37	33	24	21	34	24	23	37	28	28	31	34	20	23	44	36	21	38	23	28	20	34	41
Y_scaffold4	24397	37	33	24	21	35	24	23	37	28	28	31	34	20	24	44	34	22	39	23	28	20	35	41
Y_scaffold4	24398	38	32	24	21	36	24	24	37	28	28	31	34	20	24	43	34	22	38	23	28	19	36	42
Y_scaffold4	24399	39	32	24	21	36	24	24	37	28	29	32	34	22	24	44	34	21	38	24	28	19	36	42
Y_scaffold4	24400	40	33	25	21	36	24	24	37	28	29	31	34	21	24	44	34	21	38	24	27	19	36	43
Y_scaffold4	24401	40	33	25	21	36	24	24	37	29	29	31	36	21	24	45	34	23	38	25	27	19	36	43
Y_scaffold4	24402	40	33	25	21	36	24	24	37	29	29	31	37	21	25	45	35	24	37	25	27	19	36	43
Y_scaffold4	24403	41	33	25	22	37	23	24	37	30	29	33	37	21	25	45	35	24	37	25	27	18	36	43
Y_scaffold4	24404	41	32	25	21	37	23	24	38	30	29	33	37	21	25	45	34	25	38	25	27	18	37	42
Y_scaffold4	24405	41	32	25	21	37	24	24	38	30	29	33	37	21	25	45	34	26	38	26	27	17	38	41
Y_scaffold4	24406	41	32	26	21	37	24	24	38	30	31	33	37	21	25	46	34	26	38	26	27	17	38	41
Y_scaffold4	24407	41	32	27	21	37	24	24	38	30	31	33	36	21	24	45	34	26	37	26	27	17	38	41
Y_scaffold4	24408	40	32	27	21	37	24	23	38	30	31	32	36	21	24	44	33	26	37	26	27	17	40	40
Y_scaffold4	24409	40	32	27	21	37	24	23	38	30	32	32	36	21	24	43	33	26	37	26	27	17	41	39
Y_scaffold4	24410	40	31	28	21	38	24	23	38	30	32	31	36	21	23	43	33	26	37	26	28	17	40	39
Y_scaffold4	24411	41	31	29	21	38	24	24	38	30	32	30	37	21	25	44	34	25	36	26	28	17	40	39
Y_scaffold4	24412	40	31	29	21	37	24	24	38	30	33	29	36	21	25	44	34	25	36	26	28	17	40	39
Y_scaffold4	24413	39	31	29	21	38	25	25	39	30	32	29	36	21	25	44	34	25	36	24	29	17	40	40
Y_scaffold4	24414	39	31	29	21	39	25	25	39	30	32	29	36	21	25	44	34	25	35	24	29	17	40	40
Y_scaffold4	24415	40	31	29	21	39	25	25	39	30	32	29	36	21	25	43	34	25	36	24	29	17	40	39
Y_scaffold4	24416	40	31	29	21	39	25	24	40	29	32	32	36	23	26	42	33	25	36	24	29	16	40	40
Y_scaffold4	24417	41	29	29	21	39	25	25	40	29	32	32	36	23	25	43	34	25	36	23	29	15	39	40
Y_scaffold4	24418	41	30	29	20	39	25	25	40	29	31	32	36	23	25	43	34	25	35	23	29	15	39	40
Y_scaffold4	24419	40	30	28	20	39	24	25	39	28	31	32	36	23	25	43	34	25	35	23	29	15	39	40
Y_scaffold4	24420	40	30	28	20	40	24	25	39	27	31	33	36	23	25	44	33	26	35	23	29	15	39	40
Y_scaffold4	24421	40	30	28	20	40	24	25	39	27	31	34	36	22	25	44	33	25	35	23	28	15	39	40
Y_scaffold4	24422	40	31	28	20	41	25	24	39	27	31	34	37	22	25	44	32	25	36	24	29	15	39	41
Y_scaffold4	24423	42	31	28	20	41	25	24	39	27	31	36	37	22	25	45	33	25	36	24	28	15	39	40
Y_scaffold4	24424	41	31	28	20	42	24	24	39	27	33	36	38	22	26	46	33	25	36	23	28	15	38	40
Y_scaffold4	24425	41	31	28	20	41	22	24	39	27	33	36	38	21	28	46	33	25	36	23	28	15	36	41
Y_scaffold4	24426	42	31	28	20	41	23	23	39	27	33	36	38	21	28	47	33	25	37	23	28	15	36	42
Y_scaffold4	24427	42	31	28	20	40	23	23	39	28	33	36	38	21	28	47	33	25	37	23	28	15	36	43
Y_scaffold4	24428	41	31	28	20	40	23	24	38	28	33	36	38	21	28	46	33	25	37	23	28	15	36	42
Y_scaffold4	24429	41	31	28	20	40	24	24	38	27	33	37	38	20	28	46	33	26	35	24	29	15	36	42
Y_scaffold4	24430	41	31	28	22	40	24	24	37	27	33	37	37	20	28	46	31	26	33	24	29	16	36	42
Y_scaffold4	24431	40	30	28	22	40	24	24	38	26	33	36	38	20	28	46	31	26	33	24	29	15	36	41
Y_scaffold4	24432	40	30	28	22	41	24	24	38	26	33	36	38	20	28	45	31	26	33	24	29	15	36	41
Y_scaffold4	24433	40	30	27	22	42	24	24	39	26	33	35	38	19	28	45	31	26	34	23	29	15	37	42
Y_scaffold4	24434	40	30	27	22	42	25	24	39	26	32	36	38	19	28	45	31	26	34	22	29	15	37	42
Y_scaffold4	24435	40	29	27	22	42	25	24	39	26	32	36	38	19	28	43	31	26	34	21	29	15	36	42
Y_scaffold4	24436	41	28	27	21	43	24	24	39	25	32	35	38	20	28	42	29	24	34	21	29	15	36	41
Y_scaffold4	24437	42	28	26	21	43	24	24	39	25	32	35	38	20	28	41	28	24	34	21	29	15	36	41
Y_scaffold4	24438	43	28	26	21	42	24	24	39	25	32	35	38	19	27	41	28	24	33	21	29	15	35	41
Y_scaffold4	24439	44	30	27	21	43	24	23	39	27	32	35	38	20	26	42	28	24	32	22	28	15	34	40
Y_scaffold4	24440	44	30	27	22	42	24	23	39	27	31	34	38	20	28	42	28	25	33	22	28	15	32	39
Y_scaffold4	24441	45	30	25	22	42	24	23	38	27	31	34	36	20	28	39	28	25	33	22	27	15	32	39
Y_scaffold4	24442	45	30	25	22	42	24	23	38	27	31	34	36	21	29	39	29	26	34	22	26	15	32	39
Y_scaffold4	24443	45	30	26	22	42	24	23	38	27	31	34	36	21	30	38	29	26	34	22	26	15	34	40
Y_scaffold4	24444	46	30	26	22	42	25	23	36	25	31	33	35	22	29	38	29	26	34	22	28	15	34	40
Y_scaffold4	24445	46	30	26	21	42	25	22	36	25	31	33	33	22	29	38	28	26	32	21	28	15	34	39
Y_scaffold4	24446	47	30	26	21	43	25	22	36	25	31	34	33	22	29	38	28	26	32	21	28	16	35	39
Y_scaffold4	24447	48	30	26	21	43	25	22	35	25	31	34	33	22	29	38	28	26	32	21	29	16	35	39
Y_scaffold4	24448	47	29	26	21	42	25	22	35	25	31	34	33	21	29	39	28	26	33	21	29	16	35	39
Y_scaffold4	24449	47	29	26	22	42	25	22	35	25	31	33	33	20	29	37	28	26	33	21	29	16	36	38
Y_scaffold4	24450	47	30	26	22	43	24	23	36	27	30	31	33	20	29	38	30	25	33	21	29	16	37	38
Y_scaffold4	24451	47	31	25	22	43	24	23	36	27	30	31	34	20	28	38	30	25	33	22	29	17	38	38
Y_scaffold4	24452	47	31	25	22	44	24	23	35	27	30	31	33	19	28	37	30	25	33	22	29	17	37	39
Y_scaffold4	24453	47	31	25	22	44	24	23	34	28	29	31	33	18	28	37	30	25	33	21	29	18	37	40
Y_scaffold4	24454	48	31	25	23	44	25	23	33	28	29	31	34	18	29	36	29	25	33	22	29	18	38	40
Y_scaffold4	24455	49	31	24	23	44	25	22	32	28	28	31	34	18	29	35	29	25	33	21	29	18	38	40
Y_scaffold4	24456	50	31	24	23	43	25	22	32	26	28	30	34	18	29	34	28	26	33	21	29	18	38	40
Y_scaffold4	24457	50	33	23	23	43	25	22	32	26	29	29	34	18	29	35	28	27	34	21	29	18	38	40
Y_scaffold4	24458	50	33	23	23	43	25	22	31	26	29	29	33	20	29	35	28	27	34	21	29	17	38	40
Y_scaffold4	24459	51	34	23	24	43	25	22	31	25	29	28	33	19	29	35	28	27	35	21	29	18	38	40
Y_scaffold4	24460	51	35	23	24	42	25	23	31	24	29	28	33	19	29	35	26	27	34	21	29	18	36	39
Y_scaffold4	24461	50	35	22	24	41	25	25	30	25	29	28	33	19	30	35	26	26	33	21	29	18	37	40
Y_scaffold4	24462	50	35	22	24	41	25	25	30	25	30	28	33	19	30	37	26	26	33	22	29	19	37	41
Y_scaffold4	24463	51	35	22	24	41	26	25	29	25	30	28	33	20	30	38	26	26	33	22	29	19	37	41
Y_scaffold4	24464	52	36	22	24	41	27	26	28	25	30	28	32	20	29	38	26	26	33	22	28	19	38	41
Y_scaffold4	24465	52	37	21	25	41	27	25	28	25	30	28	33	21	29	38	26	26	33	22	28	19	38	42
Y_scaffold4	24466	51	36	21	24	41	27	25	29	25	30	28	33	21	31	37	24	26	34	21	28	21	38	41
Y_scaffold4	24467	51	36	21	24	41	27	25	29	26	30	29	35	21	30	36	24	26	34	20	28	21	37	41
Y_scaffold4	24468	51	36	21	23	41	27	25	29	26	30	29	35	21	30	36	21	26	34	20	28	21	37	41
Y_scaffold4	24469	51	36	21	23	41	27	25	30	26	30	29	35	21	30	36	21	26	35	20	28	21	37	41
Y_scaffold4	24470	51	36	21	23	41	27	25	31	26	31	31	35	21	30	37	22	26	35	20	28	21	37	41
Y_scaffold4	24471	51	36	22	22	41	27	25	30	27	32	31	36	21	30	38	22	26	35	20	28	21	38	39
Y_scaffold4	24472	51	36	22	22	42	27	25	31	27	32	32	35	21	30	38	23	26	36	20	28	21	38	39
Y_scaffold4	24473	50	36	22	22	41	27	25	31	27	31	33	35	21	29	37	23	26	36	21	28	21	39	38
Y_scaffold4	24474	50	36	22	22	42	27	24	30	27	31	33	34	22	29	38	23	27	36	21	28	21	39	40
Y_scaffold4	24475	50	35	21	22	42	27	24	30	28	31	33	33	22	29	38	23	26	36	21	28	21	39	41
Y_scaffold4	24476	48	35	21	21	42	27	24	29	28	31	33	33	22	29	40	23	26	36	22	28	21	39	40
Y_scaffold4	24477	48	35	20	21	42	26	25	29	28	30	33	33	23	29	40	23	26	37	22	27	21	39	40
Y_scaffold4	24478	48	35	20	21	42	26	26	29	28	30	33	32	23	29	40	23	26	38	21	27	22	41	42
Y_scaffold4	24479	50	36	20	21	42	27	26	29	28	30	33	32	23	29	40	23	27	39	20	27	22	41	43
Y_scaffold4	24480	51	34	20	22	41	27	26	30	27	29	34	32	23	29	42	23	28	39	20	26	22	41	42
Y_scaffold4	24481	51	34	20	22	41	27	24	31	27	29	34	31	23	29	41	23	28	38	20	27	22	42	42
Y_scaffold4	24482	51	34	21	22	42	27	25	31	27	29	35	31	23	30	41	23	26	36	20	27	23	42	41
Y_scaffold4	24483	50	33	21	21	41	26	25	32	26	30	35	31	24	30	41	25	26	36	21	27	24	41	41
Y_scaffold4	24484	51	32	21	22	40	25	24	32	27	30	34	31	23	30	41	25	26	36	21	27	24	41	41
Y_scaffold4	24485	52	30	21	22	40	25	26	33	27	30	34	31	23	30	40	27	26	36	21	27	24	40	42
Y_scaffold4	24486	51	31	21	22	39	24	25	34	27	30	35	30	22	30	40	25	26	35	21	27	24	40	41
Y_scaffold4	24487	51	31	20	23	39	24	26	34	27	30	36	30	22	31	41	25	26	35	22	30	25	40	41
Y_scaffold4	24488	50	31	20	23	38	24	26	34	28	30	36	30	22	31	41	25	26	35	22	31	25	40	42
Y_scaffold4	24489	51	31	20	24	38	24	26	34	28	30	35	31	22	31	41	25	27	35	23	31	24	40	41
Y_scaffold4	24490	51	33	20	24	38	24	26	34	28	30	35	31	22	32	42	25	28	36	24	31	24	41	40
Y_scaffold4	24491	51	33	20	24	37	23	26	34	28	30	36	30	22	33	40	25	28	36	24	31	24	41	40
Y_scaffold4	24492	49	33	20	24	37	25	26	35	28	29	35	30	22	33	40	25	28	36	25	31	24	41	40
Y_scaffold4	24493	48	33	20	24	37	25	27	34	28	29	35	29	22	33	40	25	27	36	25	31	24	41	40
Y_scaffold4	24494	49	33	17	23	38	24	27	34	28	29	34	28	22	32	40	26	27	36	25	31	24	41	40
Y_scaffold4	24495	48	33	17	24	38	24	27	35	28	29	34	28	22	32	40	26	27	36	25	31	24	39	40
Y_scaffold4	24496	48	33	17	23	36	24	26	35	28	28	33	28	22	32	39	26	27	36	25	31	24	39	40
Y_scaffold4	24497	48	33	16	23	36	23	26	37	27	28	33	29	22	32	40	26	28	36	25	31	24	39	40
Y_scaffold4	24498	49	33	15	23	37	23	26	38	27	28	34	29	22	33	39	26	28	36	25	32	24	40	40
Y_scaffold4	24499	49	34	15	22	37	23	25	39	27	29	34	29	22	33	39	27	28	36	25	32	24	40	39
Y_scaffold4	24500	49	34	14	22	37	23	25	38	28	28	35	29	22	32	39	27	28	36	25	32	24	40	40
Y_scaffold4	24501	49	34	14	22	37	23	25	38	28	28	35	29	22	32	39	28	28	36	26	33	25	41	41
Y_scaffold4	24502	50	34	15	22	36	24	24	38	28	28	35	29	21	32	38	29	28	36	26	32	25	40	41
Y_scaffold4	24503	50	34	15	22	37	25	24	37	28	26	35	29	21	32	38	29	28	35	25	32	22	40	40
Y_scaffold4	24504	49	34	15	21	37	25	24	37	28	26	35	29	21	32	38	29	28	36	25	31	22	40	40
Y_scaffold4	24505	48	33	14	22	37	26	23	37	28	27	34	29	21	32	38	29	27	35	24	31	22	40	41
Y_scaffold4	24506	48	33	14	22	37	26	23	37	28	28	34	28	21	32	38	29	27	35	24	31	22	40	41
Y_scaffold4	24507	49	33	14	22	36	26	23	37	28	27	34	28	22	32	38	28	27	35	24	30	22	40	40
Y_scaffold4	24508	53	34	14	22	36	27	23	38	28	26	34	28	22	31	39	27	30	35	25	30	22	40	40
Y_scaffold4	24509	53	34	14	22	35	27	24	38	28	26	36	28	22	31	39	27	30	35	25	30	22	39	40
Y_scaffold4	24510	54	32	14	22	35	27	25	38	28	27	36	28	22	31	38	27	31	36	26	30	23	38	40
Y_scaffold4	24511	52	31	14	23	34	27	25	38	28	26	37	28	23	31	38	26	31	36	26	30	23	38	40
Y_scaffold4	24512	52	29	14	23	35	27	25	38	28	26	37	28	23	30	37	26	31	36	26	29	23	39	40
Y_scaffold4	24513	52	29	14	23	35	27	25	38	27	28	37	28	23	31	36	27	31	36	26	28	23	40	40
Y_scaffold4	24514	52	29	14	23	36	27	26	38	26	29	37	28	23	30	36	27	30	36	26	28	23	39	40
Y_scaffold4	24515	53	27	14	25	36	27	26	38	26	28	34	28	24	30	35	26	30	36	28	28	23	38	40
Y_scaffold4	24516	54	27	14	25	37	26	26	38	26	27	35	27	24	29	35	26	30	36	28	28	23	37	40
Y_scaffold4	24517	54	27	14	25	37	26	25	38	26	26	34	26	23	28	35	26	30	36	28	28	22	37	41
Y_scaffold4	24518	54	26	15	25	37	27	24	38	27	26	34	25	23	28	34	26	29	36	28	28	22	37	41
Y_scaffold4	24519	54	26	14	24	37	27	25	38	25	28	34	25	24	28	36	27	29	36	30	28	22	37	41
Y_scaffold4	24520	54	26	15	25	36	27	25	38	24	28	34	26	24	28	36	27	28	36	30	27	22	36	41
Y_scaffold4	24521	56	26	15	25	36	27	25	39	25	28	34	26	24	28	36	27	27	35	30	28	22	36	42
Y_scaffold4	24522	56	26	15	24	35	26	25	39	25	28	34	26	24	28	35	26	27	35	30	28	21	36	42
Y_scaffold4	24523	57	25	15	23	35	27	25	39	25	30	34	26	26	28	35	26	27	35	30	25	21	37	44
Y_scaffold4	24524	57	25	15	22	35	27	27	41	25	30	35	25	26	28	35	27	27	35	29	24	21	37	44
Y_scaffold4	24525	57	25	15	22	35	28	27	41	26	32	35	25	27	28	36	27	28	35	29	23	22	36	44
Y_scaffold4	24526	58	25	16	23	35	28	27	41	27	32	35	25	28	28	36	27	28	34	30	24	22	36	44
Y_scaffold4	24527	58	25	16	23	34	28	27	41	28	32	36	25	28	28	36	26	28	34	30	24	22	36	44
Y_scaffold4	24528	59	25	16	23	34	28	27	41	29	32	36	25	28	28	36	26	27	34	30	24	22	37	43
Y_scaffold4	24529	59	25	16	23	34	28	27	41	29	31	36	25	28	28	35	26	28	35	29	24	21	37	42
Y_scaffold4	24530	59	25	15	23	34	28	27	41	29	31	36	25	28	28	35	27	28	35	29	25	21	38	44
Y_scaffold4	24531	59	25	15	23	34	28	27	41	29	31	36	25	29	28	35	27	28	35	28	25	20	38	44
Y_scaffold4	24532	59	25	15	23	33	28	27	39	28	31	36	24	29	28	35	27	27	34	28	25	20	38	43
Y_scaffold4	24533	60	25	15	23	33	27	26	38	28	31	37	25	28	28	35	27	28	34	28	25	21	38	43
Y_scaffold4	24534	59	24	15	23	33	27	26	38	28	30	37	24	29	28	36	28	27	34	28	25	21	38	43
Y_scaffold4	24535	59	25	15	23	33	27	26	38	28	30	37	24	28	27	36	29	27	36	28	25	20	38	42
Y_scaffold4	24536	58	25	15	23	33	26	26	38	29	30	37	24	28	27	36	30	27	35	28	25	20	38	43
Y_scaffold4	24537	58	25	15	23	33	26	25	38	29	30	37	23	28	27	36	29	27	35	28	24	20	38	43
Y_scaffold4	24538	58	25	15	24	34	26	25	37	27	30	37	22	30	27	37	29	27	35	28	23	20	36	42
Y_scaffold4	24539	58	25	15	24	34	26	25	39	27	30	37	22	31	27	37	29	27	35	29	23	21	37	43
Y_scaffold4	24540	56	26	16	24	34	26	25	39	27	32	37	22	31	27	37	29	27	35	29	23	21	37	43
Y_scaffold4	24541	56	26	16	24	35	25	25	39	27	33	37	22	31	27	37	29	27	34	29	23	20	37	43
Y_scaffold4	24542	54	26	17	24	35	25	26	39	27	33	37	22	31	26	37	30	27	34	29	23	20	38	43
Y_scaffold4	24543	57	26	18	24	34	25	26	40	27	33	37	21	31	26	36	30	27	34	29	24	20	38	42
Y_scaffold4	24544	57	25	17	24	34	25	26	42	27	36	37	20	32	26	38	30	27	36	30	24	20	37	43
Y_scaffold4	24545	58	25	17	23	34	25	26	41	26	36	36	20	32	26	40	32	27	36	30	24	20	37	44
Y_scaffold4	24546	58	25	17	24	34	25	26	41	26	36	36	20	32	26	40	32	27	36	30	23	20	37	44
Y_scaffold4	24547	58	25	17	24	33	25	26	41	26	36	36	20	34	25	40	32	26	35	30	23	20	36	44
Y_scaffold4	24548	57	25	17	24	32	25	26	41	26	36	36	20	34	25	40	32	26	35	30	23	20	35	42
Y_scaffold4	24549	55	25	17	24	34	25	26	42	26	36	35	20	32	25	40	32	26	35	29	23	20	35	42
Y_scaffold4	24550	54	24	16	24	34	25	26	42	26	35	35	20	32	26	41	32	26	35	29	24	20	35	42
Y_scaffold4	24551	56	24	16	24	34	25	26	43	24	35	35	18	32	25	40	31	24	35	28	24	20	35	43
Y_scaffold4	24552	56	24	17	24	34	25	27	43	23	35	33	18	32	26	40	31	24	34	29	24	20	36	43
Y_scaffold4	24553	56	24	17	23	34	25	27	43	23	35	33	18	32	26	41	31	24	34	29	24	20	36	43
Y_scaffold4	24554	57	24	18	22	34	24	27	42	23	34	33	18	33	26	41	32	22	34	30	24	20	36	44
Y_scaffold4	24555	57	24	18	22	34	24	27	42	23	34	33	18	33	26	41	32	22	33	30	24	20	35	44
Y_scaffold4	24556	57	24	19	22	34	24	27	42	23	32	33	18	34	26	40	32	22	34	30	24	20	35	44
Y_scaffold4	24557	58	24	18	22	36	24	28	42	23	32	33	18	34	27	40	32	22	34	31	24	20	36	44
Y_scaffold4	24558	58	24	18	22	36	25	30	42	24	33	33	18	34	27	40	32	22	34	31	25	20	34	45
Y_scaffold4	24559	58	24	18	22	36	24	30	42	24	32	33	18	34	27	41	32	22	34	31	24	20	34	45
Y_scaffold4	24560	57	24	18	22	35	24	29	42	24	32	33	18	34	25	41	32	22	35	31	24	20	34	46
Y_scaffold4	24561	56	25	17	22	36	24	30	42	24	33	33	17	34	25	40	31	22	35	31	24	20	35	46
Y_scaffold4	24562	56	25	17	22	36	24	30	42	24	32	33	17	34	25	41	31	22	35	31	24	20	35	46
Y_scaffold4	24563	57	25	17	22	35	23	29	42	24	32	34	17	35	26	41	31	22	36	31	22	20	36	45
Y_scaffold4	24564	58	25	17	22	35	23	29	42	25	32	33	17	34	26	41	31	23	36	31	22	20	36	44
Y_scaffold4	24565	58	25	17	22	35	23	30	41	25	33	32	17	33	25	41	31	24	35	31	22	20	36	45
Y_scaffold4	24566	58	25	17	22	35	24	30	40	26	34	32	16	33	26	40	31	24	35	31	22	20	38	45
Y_scaffold4	24567	57	25	18	22	35	24	29	39	26	35	32	16	33	27	41	31	25	35	31	22	19	38	45
Y_scaffold4	24568	57	25	19	23	35	24	30	38	25	36	31	15	33	27	43	31	25	35	31	23	19	38	47
Y_scaffold4	24569	57	25	19	23	34	24	30	38	25	36	29	15	34	27	42	31	24	37	30	23	19	38	47
Y_scaffold4	24570	57	25	19	23	33	24	30	38	25	36	29	15	34	27	42	32	24	38	29	23	19	37	47
Y_scaffold4	24571	58	25	19	21	32	24	30	39	25	36	29	15	34	28	42	32	24	38	29	23	19	37	47
Y_scaffold4	24572	58	24	19	21	32	24	30	39	25	36	29	14	34	28	42	32	24	37	29	22	19	37	46
Y_scaffold4	24573	56	25	19	21	32	24	31	39	25	36	27	14	34	29	41	31	24	37	29	22	19	38	46
Y_scaffold4	24574	56	26	19	21	31	24	31	39	25	34	27	13	35	28	40	31	24	37	30	23	19	38	46
Y_scaffold4	24575	57	26	19	21	31	24	31	39	26	35	27	14	35	26	39	31	25	38	30	24	19	39	46
Y_scaffold4	24576	57	25	19	21	31	25	31	39	25	35	27	14	35	27	39	31	25	37	30	25	19	40	44
Y_scaffold4	24577	58	25	19	22	31	25	31	39	25	35	27	14	36	27	39	31	26	37	30	27	19	40	44
Y_scaffold4	24578	58	25	19	23	31	25	31	39	25	35	27	14	36	27	40	31	26	38	31	27	19	40	44
Y_scaffold4	24579	58	26	20	23	31	24	31	39	26	36	26	16	39	27	40	31	26	39	30	26	19	40	44
Y_scaffold4	24580	58	27	20	23	30	24	31	39	26	36	26	16	39	27	40	31	26	41	30	26	20	41	44
Y_scaffold4	24581	58	27	21	23	30	24	31	39	28	36	26	15	39	27	40	31	26	40	30	26	20	41	44
Y_scaffold4	24582	59	27	21	23	29	25	31	40	28	36	26	15	39	27	40	31	26	40	30	26	20	41	43
Y_scaffold4	24583	59	27	21	24	28	25	31	38	28	37	27	15	39	27	40	31	26	39	30	27	20	40	43
Y_scaffold4	24584	59	27	21	24	28	24	31	38	28	37	27	16	39	28	40	31	26	38	30	29	20	40	43
Y_scaffold4	24585	59	27	21	24	28	24	32	37	29	37	27	17	38	28	40	32	26	39	30	29	20	41	43
Y_scaffold4	24586	58	27	22	25	26	24	32	37	28	37	27	18	38	29	41	32	26	39	29	28	20	42	43
Y_scaffold4	24587	57	27	21	25	27	25	32	37	28	37	27	18	38	30	41	33	26	39	29	28	21	42	43
Y_scaffold4	24588	56	26	22	26	26	25	32	36	29	37	28	19	38	30	40	34	26	39	29	28	21	42	45
Y_scaffold4	24589	57	27	22	27	26	26	33	36	29	37	28	20	38	30	40	35	25	39	29	28	21	43	45
Y_scaffold4	24590	57	28	23	26	26	26	33	36	30	37	28	20	38	28	41	35	25	38	29	28	21	44	45
Y_scaffold4	24591	57	29	24	27	28	26	33	36	30	37	27	20	37	28	41	35	25	38	29	28	21	44	45
Y_scaffold4	24592	57	29	24	27	28	27	34	36	30	37	27	21	37	27	43	34	25	38	29	28	21	44	45
Y_scaffold4	24593	57	29	22	27	28	27	34	36	30	37	27	22	36	27	43	34	25	38	29	27	21	42	45
Y_scaffold4	24594	56	29	22	27	28	26	34	36	30	37	27	22	36	27	43	34	26	38	30	26	21	42	45
Y_scaffold4	24595	57	29	22	27	29	26	34	36	30	37	26	24	36	26	44	34	28	38	30	27	22	42	45
Y_scaffold4	24596	57	29	22	26	29	26	34	37	30	37	26	23	36	26	44	34	28	39	31	27	22	42	46
Y_scaffold4	24597	56	29	22	26	29	26	34	37	30	37	26	23	36	26	44	35	28	39	32	27	22	42	47
Y_scaffold4	24598	56	29	22	26	29	26	34	37	30	37	26	23	36	26	44	36	29	38	32	27	22	42	48
Y_scaffold4	24599	56	29	22	25	29	26	34	37	30	37	27	23	37	26	44	36	29	38	32	27	24	41	48
Y_scaffold4	24600	56	28	22	25	28	26	33	35	28	37	27	24	37	26	43	34	29	38	32	27	24	40	48
Y_scaffold4	24601	56	28	22	25	27	26	34	35	28	37	27	23	37	26	44	33	29	39	33	27	23	39	47
Y_scaffold4	24602	56	28	22	25	26	26	35	35	27	37	27	23	39	27	44	34	30	39	34	27	23	39	47
Y_scaffold4	24603	55	28	22	25	26	25	35	35	27	36	27	23	39	27	44	34	30	40	35	27	22	39	46
Y_scaffold4	24604	54	28	22	24	27	26	36	35	27	36	28	22	40	26	44	34	30	40	34	28	23	38	46
Y_scaffold4	24605	53	28	22	23	29	26	37	35	27	36	28	22	40	26	44	34	30	41	34	29	23	39	47
Y_scaffold4	24606	52	27	23	23	30	26	37	35	27	36	28	22	39	27	44	34	28	41	33	30	23	39	47
Y_scaffold4	24607	53	26	23	23	30	26	37	34	27	35	28	22	39	27	44	34	28	41	34	31	23	39	47
Y_scaffold4	24608	52	26	23	22	30	26	37	34	27	35	28	22	38	27	45	35	28	40	35	31	22	40	47
Y_scaffold4	24609	52	25	23	22	30	26	35	34	27	35	30	22	39	27	45	37	29	40	35	32	22	39	47
Y_scaffold4	24610	52	24	23	22	30	26	35	34	27	35	30	22	39	27	45	37	29	40	35	32	22	41	47
Y_scaffold4	24611	53	25	23	22	31	25	35	34	26	36	32	22	39	26	45	37	29	40	35	32	22	41	46
Y_scaffold4	24612	54	25	23	22	31	25	35	34	25	35	32	22	39	27	43	38	29	39	34	33	21	42	45
Y_scaffold4	24613	53	25	24	22	32	25	35	34	25	36	32	22	38	27	42	38	29	39	34	33	21	42	45
Y_scaffold4	24614	51	25	24	22	31	24	34	35	25	36	34	24	38	27	42	39	29	39	35	35	21	41	45
Y_scaffold4	24615	52	25	24	21	31	24	34	35	25	36	35	23	37	26	42	40	29	39	35	35	21	42	45
Y_scaffold4	24616	53	25	24	21	31	24	34	35	25	36	35	23	37	25	42	41	29	38	35	35	19	42	45
Y_scaffold4	24617	53	25	24	21	31	24	34	35	24	36	35	22	37	25	43	41	30	37	35	35	19	42	45
Y_scaffold4	24618	53	25	24	21	31	24	34	35	24	35	34	22	37	25	43	41	30	37	35	35	19	42	45
Y_scaffold4	24619	54	27	24	21	31	24	34	34	24	35	33	22	37	25	44	40	30	36	36	35	20	42	45
Y_scaffold4	24620	53	27	24	21	31	24	34	35	24	35	33	22	38	25	43	39	31	36	36	35	20	42	46
Y_scaffold4	24621	54	27	23	21	31	24	34	35	23	34	33	21	38	26	42	39	33	35	36	35	20	41	47
Y_scaffold4	24622	55	27	23	21	30	25	34	34	24	34	32	22	38	26	43	38	32	34	36	35	20	41	47
Y_scaffold4	24623	56	27	24	20	30	26	35	34	25	34	31	22	39	26	43	38	32	34	35	34	19	40	47
Y_scaffold4	24624	56	27	24	20	29	26	35	34	25	34	31	23	39	26	41	37	31	34	35	34	19	40	44
Y_scaffold4	24625	56	28	24	20	29	26	36	34	25	34	31	23	40	26	41	37	31	34	35	34	19	40	44
Y_scaffold4	24626	56	28	24	20	29	26	36	35	25	34	31	23	40	26	40	37	31	34	35	34	19	40	44
Y_scaffold4	24627	58	29	24	20	29	26	34	35	25	34	31	24	39	26	40	38	31	34	35	34	18	39	44
Y_scaffold4	24628	56	29	25	20	29	26	34	36	26	34	31	24	39	26	40	38	30	33	35	34	18	39	42
Y_scaffold4	24629	56	28	25	20	29	26	34	37	26	34	31	24	39	26	40	39	30	32	35	34	18	39	41
Y_scaffold4	24630	55	28	26	19	29	25	34	36	27	34	30	25	39	26	37	39	29	32	36	34	18	39	41
Y_scaffold4	24631	55	28	25	20	28	25	34	35	27	34	29	25	39	26	37	39	30	32	36	33	17	38	40
Y_scaffold4	24632	55	29	25	20	28	26	33	35	29	33	29	28	39	24	37	39	32	31	36	33	17	38	40
Y_scaffold4	24633	55	29	25	20	28	26	33	34	29	33	29	28	38	24	37	40	32	32	36	33	16	38	40
Y_scaffold4	24634	54	29	26	20	29	27	33	34	28	33	29	28	38	24	37	40	33	32	36	33	16	39	42
Y_scaffold4	24635	53	29	27	20	29	27	32	34	28	33	28	28	38	25	38	38	33	32	36	34	16	39	41
Y_scaffold4	24636	53	28	27	20	28	27	32	33	28	33	27	28	38	24	38	38	33	32	38	33	15	39	42
Y_scaffold4	24637	53	28	27	20	28	27	32	33	28	33	27	29	38	24	38	38	33	32	37	31	16	39	42
Y_scaffold4	24638	54	28	27	21	28	27	32	33	27	34	28	30	38	24	38	38	33	32	38	30	16	39	41
Y_scaffold4	24639	53	27	27	20	28	27	32	33	27	35	28	30	38	24	38	39	32	32	37	30	16	39	41
Y_scaffold4	24640	53	27	27	20	28	27	32	33	27	35	28	30	39	23	38	40	31	32	36	30	16	38	41
Y_scaffold4	24641	53	27	27	22	28	27	32	35	27	35	27	30	40	23	38	40	31	32	35	31	16	39	41
Y_scaffold4	24642	53	27	28	23	28	25	33	34	27	35	28	30	40	23	38	40	32	32	34	31	16	39	43
Y_scaffold4	24643	53	27	29	26	28	25	33	34	27	35	28	31	40	23	38	41	32	33	34	31	17	40	43
Y_scaffold4	24644	53	27	29	26	30	25	33	34	27	35	28	32	40	23	39	41	32	33	35	31	17	40	43
Y_scaffold4	24645	53	27	29	25	31	24	33	33	27	35	29	31	40	23	38	42	32	33	35	31	17	40	43
Y_scaffold4	24646	53	27	30	25	31	24	33	32	27	35	29	31	40	23	38	42	32	33	35	32	17	40	44
Y_scaffold4	24647	55	27	30	26	30	24	33	31	27	35	29	31	40	22	37	43	31	33	35	32	18	40	45
Y_scaffold4	24648	54	27	30	26	30	24	33	30	27	35	28	31	41	22	37	43	31	33	36	32	18	39	45
Y_scaffold4	24649	54	26	30	26	30	24	34	29	27	34	28	31	41	22	37	42	31	34	36	32	18	39	46
Y_scaffold4	24650	54	26	30	26	29	24	35	29	26	34	29	31	41	22	37	42	31	34	36	32	18	39	45
Y_scaffold4	24651	53	26	30	26	29	24	35	29	26	34	30	31	41	22	37	41	31	34	35	31	17	38	45
Y_scaffold4	24652	52	26	29	26	30	23	35	30	26	35	30	31	41	22	38	40	30	35	35	31	17	38	45
Y_scaffold4	24653	52	26	29	26	29	21	33	30	27	36	31	32	42	22	38	41	30	35	35	30	17	39	45
Y_scaffold4	24654	52	26	30	27	29	21	33	30	27	36	32	32	42	22	39	41	29	35	35	30	17	39	45
Y_scaffold4	24655	51	26	30	26	29	20	33	31	27	35	32	32	42	22	39	41	29	35	35	30	17	39	44
Y_scaffold4	24656	50	26	30	26	30	20	33	31	27	34	32	32	41	22	39	41	29	35	35	30	17	39	44
Y_scaffold4	24657	48	25	30	26	32	19	33	30	27	34	33	32	41	22	39	41	27	35	34	30	17	39	43
Y_scaffold4	24658	48	25	30	27	32	19	33	31	27	34	33	32	40	22	39	41	26	35	34	31	17	39	43
Y_scaffold4	24659	48	25	31	27	32	19	32	31	27	35	31	32	40	22	39	41	26	35	34	32	19	38	43
Y_scaffold4	24660	48	25	31	29	33	21	31	32	27	34	31	32	40	22	39	41	25	35	33	33	18	38	43
Y_scaffold4	24661	48	25	31	29	33	21	32	33	26	34	31	32	39	22	39	41	25	35	33	35	18	38	44
Y_scaffold4	24662	48	25	31	29	32	21	32	33	26	34	31	32	39	22	40	41	25	36	32	36	18	37	45
Y_scaffold4	24663	47	25	31	28	32	22	31	33	26	31	31	32	39	20	40	40	25	36	33	36	18	36	45
Y_scaffold4	24664	47	26	31	30	32	22	31	33	26	31	31	32	39	20	40	40	25	36	33	36	18	37	47
Y_scaffold4	24665	46	26	31	30	32	22	31	33	26	31	31	32	39	20	40	40	26	36	31	36	18	38	47
Y_scaffold4	24666	46	26	31	31	31	23	31	32	26	31	30	32	40	20	40	40	26	36	31	36	18	38	47
Y_scaffold4	24667	46	26	31	31	31	23	31	32	26	31	30	32	40	20	39	41	26	37	30	37	18	38	46
Y_scaffold4	24668	46	26	30	31	31	22	30	33	25	29	31	32	40	20	39	41	26	37	30	37	18	38	46
Y_scaffold4	24669	47	26	30	31	31	23	30	33	25	28	32	33	39	22	38	40	26	37	29	37	18	39	46
Y_scaffold4	24670	47	27	29	30	31	24	32	33	23	28	32	32	39	22	39	41	26	37	29	36	18	39	45
Y_scaffold4	24671	46	27	29	30	31	24	32	32	23	27	33	32	39	22	39	41	26	37	29	36	18	40	45
Y_scaffold4	24672	46	27	29	30	31	24	32	33	23	26	33	32	39	22	40	41	26	38	29	36	18	40	43
Y_scaffold4	24673	45	27	29	30	31	24	32	33	24	26	33	32	37	22	41	42	26	39	29	36	19	39	43
Y_scaffold4	24674	45	27	29	30	31	24	31	31	24	25	32	32	38	22	40	41	26	39	29	37	18	39	43
Y_scaffold4	24675	45	27	29	30	31	23	31	31	23	25	32	32	37	22	40	41	25	39	29	37	18	39	41
Y_scaffold4	24676	44	27	28	29	31	23	31	31	22	25	32	32	36	22	40	42	25	39	28	36	18	39	41
Y_scaffold4	24677	45	26	28	29	31	23	31	31	20	25	31	32	36	22	40	42	25	38	28	35	18	38	41
Y_scaffold4	24678	45	26	28	29	32	23	32	31	20	25	31	32	36	22	40	43	25	38	30	35	18	39	42
Y_scaffold4	24679	45	26	29	29	32	23	32	31	20	25	31	32	36	22	40	43	25	39	30	34	18	38	42
Y_scaffold4	24680	45	26	29	29	32	24	32	31	20	25	31	32	36	22	41	42	25	39	30	34	18	38	41
Y_scaffold4	24681	45	26	29	29	32	26	33	31	20	26	30	32	35	22	41	42	24	38	30	34	17	38	41
Y_scaffold4	24682	46	26	29	30	32	26	33	31	20	26	30	31	35	22	41	42	25	39	30	34	17	39	41
Y_scaffold4	24683	46	26	29	31	32	26	35	31	20	26	31	32	35	22	41	42	25	39	30	34	17	39	41
Y_scaffold4	24684	45	26	29	31	32	26	35	32	20	26	31	32	34	22	40	41	25	39	30	34	17	39	41
Y_scaffold4	24685	45	25	29	31	32	25	35	32	20	26	31	32	34	22	40	40	25	38	30	34	17	39	41
Y_scaffold4	24686	45	25	30	31	32	25	34	32	21	25	31	33	32	22	40	39	25	38	30	35	17	39	40
Y_scaffold4	24687	45	25	30	31	32	25	34	32	21	25	31	33	33	22	40	39	25	38	30	35	18	39	40
Y_scaffold4	24688	45	25	29	30	33	25	34	32	21	25	31	33	31	22	39	39	26	38	30	35	18	39	40
Y_scaffold4	24689	45	24	29	30	33	25	34	30	21	25	31	33	30	22	39	39	26	38	29	35	18	38	39
Y_scaffold4	24690	45	24	30	31	33	26	34	30	23	23	31	33	30	22	39	40	27	39	29	35	18	39	39
Y_scaffold4	24691	45	24	30	31	32	26	35	30	24	22	32	33	30	22	39	40	27	39	29	35	18	39	38
Y_scaffold4	24692	44	24	29	31	33	26	34	31	24	23	32	34	30	22	39	39	27	40	29	34	18	37	38
Y_scaffold4	24693	43	24	28	31	33	26	34	28	24	21	32	34	31	22	37	39	27	40	28	34	18	37	38
Y_scaffold4	24694	43	24	28	31	33	26	34	28	24	21	32	34	30	22	37	40	27	40	28	34	18	37	38
Y_scaffold4	24695	42	24	29	32	33	26	34	28	24	21	32	34	30	22	35	38	27	41	28	35	18	37	38
Y_scaffold4	24696	42	25	30	31	33	26	33	29	24	21	32	34	27	22	35	39	28	43	28	35	18	37	39
Y_scaffold4	24697	42	25	31	31	33	26	33	28	24	21	32	34	27	23	35	39	28	43	28	37	18	37	39
Y_scaffold4	24698	42	26	31	31	33	26	34	28	24	21	34	34	27	23	35	39	28	43	28	37	18	37	39
Y_scaffold4	24699	42	26	32	31	31	26	34	28	24	20	35	34	27	22	36	40	28	43	28	37	18	37	39
Y_scaffold4	24700	43	26	32	32	31	26	34	28	24	20	35	34	27	22	35	40	28	43	29	37	18	37	37
Y_scaffold4	24701	41	26	32	32	31	26	34	27	24	20	35	33	28	22	36	41	27	43	30	38	18	37	38
Y_scaffold4	24702	41	26	31	33	31	25	33	27	24	20	35	33	28	22	36	42	27	43	29	38	19	36	37
Y_scaffold4	24703	42	26	32	35	30	25	33	27	24	20	35	33	28	22	35	42	28	44	29	38	19	36	37
Y_scaffold4	24704	41	26	31	35	30	25	33	27	24	20	35	33	27	22	35	41	28	44	28	38	19	35	36
Y_scaffold4	24705	43	26	30	36	30	25	33	29	24	20	35	33	27	22	36	41	29	43	27	38	19	35	38
Y_scaffold4	24706	43	26	30	36	30	25	34	29	25	20	35	33	26	23	36	41	29	43	27	38	19	35	40
Y_scaffold4	24707	42	26	30	36	28	25	33	29	25	21	35	33	26	23	35	41	30	43	27	38	19	35	40
Y_scaffold4	24708	42	26	30	36	29	24	31	29	25	20	35	33	26	23	35	42	31	43	27	37	20	35	39
Y_scaffold4	24709	42	26	29	36	29	24	31	29	25	20	35	33	26	23	35	42	31	43	27	37	20	34	39
Y_scaffold4	24710	42	26	29	36	29	24	31	29	26	20	37	33	27	23	36	42	31	42	27	38	20	34	39
Y_scaffold4	24711	42	25	29	36	28	24	30	29	26	19	37	34	27	22	36	42	31	42	27	38	20	33	39
Y_scaffold4	24712	41	25	29	36	29	24	32	28	26	19	36	34	27	22	35	43	31	43	27	38	21	32	39
Y_scaffold4	24713	42	25	30	36	29	24	32	27	26	19	36	36	26	22	35	43	31	42	27	38	21	32	40
Y_scaffold4	24714	43	25	30	36	28	25	32	27	25	19	36	36	26	22	35	43	31	42	27	38	21	32	40
Y_scaffold4	24715	43	25	30	36	28	24	31	27	25	18	35	36	26	22	35	43	30	42	28	38	21	33	40
Y_scaffold4	24716	43	25	30	37	28	24	31	27	24	17	35	36	26	21	35	43	30	42	28	38	21	31	40
Y_scaffold4	24717	43	25	29	37	28	24	31	27	25	16	35	36	26	20	34	42	29	42	28	38	21	31	40
Y_scaffold4	24718	44	25	29	36	28	24	31	28	26	15	35	36	26	20	32	43	29	41	28	38	21	33	39
Y_scaffold4	24719	44	25	29	36	28	24	32	28	27	16	35	36	25	20	33	43	29	40	28	39	22	33	40
Y_scaffold4	24720	44	26	29	36	28	24	32	28	27	16	35	38	26	20	33	43	29	40	28	39	22	33	41
Y_scaffold4	24721	46	26	29	36	28	23	32	27	27	16	35	38	26	20	33	43	29	41	28	39	22	33	41
Y_scaffold4	24722	45	26	31	36	28	23	32	27	27	16	35	38	26	20	33	43	29	41	28	40	22	33	41
Y_scaffold4	24723	45	24	31	36	28	24	31	28	27	16	35	38	26	19	33	43	29	42	28	39	22	32	41
Y_scaffold4	24724	44	25	31	36	28	23	32	29	27	16	35	37	25	19	33	43	29	42	27	38	22	33	42
Y_scaffold4	24725	43	26	31	36	28	22	32	29	27	15	36	37	25	18	33	44	27	41	27	37	22	32	42
Y_scaffold4	24726	44	26	31	36	28	22	32	29	27	15	36	37	27	18	33	44	28	41	27	36	22	31	42
Y_scaffold4	24727	43	26	31	36	28	22	32	30	27	15	37	38	28	18	34	45	28	41	27	35	22	31	43
Y_scaffold4	24728	43	26	31	35	28	22	31	31	27	16	37	38	29	18	33	46	28	40	26	35	22	31	43
Y_scaffold4	24729	43	25	30	35	28	22	31	31	26	15	38	36	27	18	33	46	27	39	26	36	23	31	43
Y_scaffold4	24730	44	24	30	36	28	23	31	31	26	16	38	36	27	19	33	46	28	36	26	35	22	31	43
Y_scaffold4	24731	43	23	30	36	29	22	32	29	24	16	37	36	27	19	34	46	29	36	26	35	22	31	44
Y_scaffold4	24732	43	23	30	36	29	22	32	29	24	16	38	37	29	19	34	46	29	36	27	35	22	31	44
Y_scaffold4	24733	43	23	30	35	29	22	32	29	24	15	39	37	29	19	34	46	30	36	27	33	21	31	44
Y_scaffold4	24734	43	23	30	35	29	22	32	29	24	15	38	35	29	18	35	46	30	36	27	32	21	31	44
Y_scaffold4	24735	43	24	30	35	29	22	31	29	23	15	38	36	29	18	35	45	31	36	27	32	21	30	44
Y_scaffold4	24736	43	24	29	34	29	22	31	29	23	15	38	37	28	18	34	45	31	36	27	32	22	29	44
Y_scaffold4	24737	44	24	29	34	29	21	32	30	23	15	40	39	28	17	35	43	32	36	27	32	22	29	45
Y_scaffold4	24738	44	26	28	33	31	21	32	30	22	15	39	38	30	17	35	42	33	35	27	32	22	29	44
Y_scaffold4	24739	43	25	28	32	31	20	31	31	21	15	40	38	31	17	35	41	33	35	28	32	22	29	44
Y_scaffold4	24740	42	24	27	32	31	20	31	31	20	16	40	38	31	17	34	41	34	35	28	32	22	28	44
Y_scaffold4	24741	42	24	26	31	29	20	32	31	20	16	40	38	31	18	34	41	34	35	29	34	23	28	44
Y_scaffold4	24742	42	24	26	31	29	19	32	31	20	16	40	37	32	18	33	41	34	34	30	34	23	28	44
Y_scaffold4	24743	42	24	26	31	29	19	32	31	20	16	41	37	33	17	33	41	34	34	29	34	23	28	43
Y_scaffold4	24744	42	25	26	31	28	20	32	31	21	16	42	36	33	17	33	42	33	36	28	34	22	28	43
Y_scaffold4	24745	40	25	26	31	27	21	32	30	21	16	42	35	33	17	32	42	33	37	28	33	22	28	43
Y_scaffold4	24746	40	25	26	31	27	21	32	30	21	16	41	35	33	17	33	42	33	36	28	35	23	27	42
Y_scaffold4	24747	40	25	26	31	27	23	33	30	21	17	40	35	32	17	33	41	33	36	27	36	21	27	41
Y_scaffold4	24748	41	25	26	31	28	23	33	31	22	17	40	35	32	17	32	40	32	36	27	36	21	27	40
Y_scaffold4	24749	41	26	26	31	28	23	33	31	22	17	41	35	33	17	32	41	32	36	27	36	21	27	41
Y_scaffold4	24750	41	26	26	30	28	23	33	31	22	17	41	34	33	17	31	41	32	35	26	36	21	29	41
Y_scaffold4	24751	41	25	26	30	28	23	31	31	22	17	41	34	32	16	31	41	32	35	25	38	21	29	41
Y_scaffold4	24752	41	25	26	30	28	23	31	31	22	17	41	35	31	16	31	40	32	35	25	39	21	29	41
Y_scaffold4	24753	41	25	26	30	27	23	31	31	22	17	41	35	31	16	32	40	32	34	24	39	21	29	42
Y_scaffold4	24754	41	25	26	30	27	22	31	32	22	17	40	35	30	16	32	40	33	34	25	38	20	29	42
Y_scaffold4	24755	42	26	26	30	25	22	31	32	22	17	40	35	31	17	32	41	33	33	25	37	20	28	41
Y_scaffold4	24756	42	26	25	31	25	22	31	32	22	17	40	35	31	17	32	41	33	33	26	36	20	29	42
Y_scaffold4	24757	41	26	26	32	26	22	30	32	22	18	41	35	31	17	31	41	33	33	25	35	20	29	42
Y_scaffold4	24758	42	26	26	32	26	22	30	32	22	18	42	36	30	18	31	38	32	33	24	34	20	28	42
Y_scaffold4	24759	42	26	26	32	26	22	30	32	22	18	40	36	30	21	31	38	32	33	24	35	20	30	42
Y_scaffold4	24760	42	26	26	32	26	22	30	32	23	18	40	36	31	21	31	38	33	33	24	35	20	30	44
Y_scaffold4	24761	42	25	26	32	26	22	30	32	23	17	39	36	31	21	31	38	33	33	24	35	20	30	44
Y_scaffold4	24762	42	25	26	32	26	22	31	34	24	17	40	36	31	20	31	37	33	34	24	34	21	29	45
Y_scaffold4	24763	42	24	25	32	25	22	31	33	24	16	38	35	31	20	31	36	33	34	23	34	21	29	45
Y_scaffold4	24764	42	24	25	32	26	22	31	33	24	16	37	34	31	20	31	36	33	34	23	32	22	29	45
Y_scaffold4	24765	41	23	25	32	26	22	31	33	24	16	36	34	31	20	31	36	33	34	23	32	22	28	44
Y_scaffold4	24766	41	23	25	35	28	22	33	33	24	17	36	33	31	20	30	35	33	35	23	32	22	29	44
Y_scaffold4	24767	41	22	25	35	28	22	34	32	24	17	36	34	31	20	30	35	34	36	23	32	22	29	44
Y_scaffold4	24768	41	21	26	35	29	22	34	32	24	17	36	34	31	20	31	35	34	36	23	32	22	29	44
Y_scaffold4	24769	42	21	27	35	30	22	35	32	24	17	36	34	31	20	31	35	34	36	23	32	21	30	44
Y_scaffold4	24770	42	21	27	35	30	22	35	31	24	17	36	34	30	20	31	34	33	36	24	32	21	31	42
Y_scaffold4	24771	43	21	27	35	30	22	35	32	24	17	36	35	30	19	31	34	32	36	24	32	21	31	42
Y_scaffold4	24772	42	21	27	35	30	21	35	32	23	17	36	35	30	19	31	34	32	36	24	32	21	31	42
Y_scaffold4	24773	43	21	26	35	30	20	34	32	21	17	36	34	29	20	31	34	32	36	25	32	21	32	42
Y_scaffold4	24774	43	22	26	35	30	20	34	32	22	17	36	34	28	21	31	34	32	37	23	32	21	32	42
Y_scaffold4	24775	43	21	26	36	30	21	33	31	22	17	36	33	27	21	31	34	32	37	24	32	21	33	42
Y_scaffold4	24776	43	21	26	36	30	21	33	31	22	17	37	33	27	22	31	35	32	37	24	32	21	33	42
Y_scaffold4	24777	42	21	27	36	30	21	33	31	22	17	38	34	28	22	32	36	32	36	24	32	21	33	42
Y_scaffold4	24778	42	21	26	36	30	21	33	30	21	17	38	34	28	22	32	37	33	36	24	32	21	33	43
Y_scaffold4	24779	42	21	26	36	30	21	33	30	21	17	38	35	28	22	32	36	33	37	24	32	21	33	43
Y_scaffold4	24780	42	21	25	36	30	21	35	32	21	19	38	35	28	23	32	37	33	37	25	33	21	33	44
Y_scaffold4	24781	42	20	25	34	31	21	34	32	19	19	38	33	28	23	32	37	30	37	24	33	21	33	44
Y_scaffold4	24782	42	20	25	34	31	21	34	32	20	19	39	32	28	23	33	35	30	36	24	33	21	34	43
Y_scaffold4	24783	42	21	25	34	31	21	35	33	20	19	39	32	28	23	33	34	30	36	24	34	21	34	44
Y_scaffold4	24784	42	21	25	34	30	20	35	33	20	19	39	32	28	23	32	34	29	36	24	34	21	33	43
Y_scaffold4	24785	42	21	24	34	30	20	35	32	20	19	39	32	28	22	30	35	29	36	24	34	21	33	43
Y_scaffold4	24786	42	23	24	33	30	20	35	32	20	19	39	32	28	22	30	36	29	36	23	34	21	34	43
Y_scaffold4	24787	43	23	25	33	30	20	36	32	20	19	39	31	29	22	31	37	29	36	23	35	21	35	44
Y_scaffold4	24788	42	22	25	32	30	20	36	32	20	19	38	30	29	22	31	37	29	36	23	35	21	35	44
Y_scaffold4	24789	42	22	25	32	31	20	37	34	20	19	38	29	30	22	30	38	29	36	23	34	21	35	45
Y_scaffold4	24790	42	21	26	32	31	20	37	33	20	19	38	30	30	21	30	37	29	35	23	34	21	36	45
Y_scaffold4	24791	42	22	26	30	31	21	37	34	20	19	38	30	29	22	32	38	29	35	23	34	21	36	45
Y_scaffold4	24792	42	22	25	29	32	21	35	34	20	19	37	30	29	23	32	38	29	35	24	34	21	36	44
Y_scaffold4	24793	42	22	24	26	31	21	35	34	21	19	37	29	29	23	32	36	29	34	24	34	20	35	44
Y_scaffold4	24794	41	22	24	28	30	21	35	34	21	19	38	29	29	24	32	37	30	34	24	34	20	36	44
Y_scaffold4	24795	39	22	24	27	29	21	36	34	21	19	37	29	29	24	32	36	30	34	25	33	19	36	42
Y_scaffold4	24796	39	22	23	27	29	21	36	34	22	19	37	29	29	24	33	37	30	34	26	33	19	38	43
Y_scaffold4	24797	39	22	24	27	29	21	36	35	22	19	37	29	28	24	34	36	31	34	27	33	19	38	43
Y_scaffold4	24798	40	22	24	27	29	22	36	35	22	19	38	29	28	25	34	36	31	34	26	33	20	38	43
Y_scaffold4	24799	38	22	24	27	29	22	35	35	22	19	38	29	29	25	34	36	31	32	26	33	20	38	42
Y_scaffold4	24800	38	22	24	27	29	22	34	35	22	19	36	29	29	25	34	36	31	32	26	33	20	38	41
Y_scaffold4	24801	38	22	24	28	29	22	34	35	22	19	36	29	29	26	35	37	32	32	26	34	21	38	41
Y_scaffold4	24802	38	22	24	28	27	22	34	35	22	18	36	28	30	26	36	37	32	31	26	34	21	38	41
Y_scaffold4	24803	38	22	25	28	27	22	34	35	21	17	35	28	29	26	36	36	32	31	27	34	21	37	41
Y_scaffold4	24804	38	23	24	27	27	23	34	36	21	17	35	28	30	26	35	37	33	31	27	34	21	37	42
Y_scaffold4	24805	38	24	24	27	27	23	34	36	21	17	35	28	30	26	35	37	33	31	27	34	21	37	42
Y_scaffold4	24806	37	24	25	27	26	23	34	37	21	17	34	28	30	26	35	38	33	31	27	34	21	37	43
Y_scaffold4	24807	37	24	25	27	24	23	34	37	21	17	34	28	30	26	35	38	34	31	28	34	21	37	43
Y_scaffold4	24808	38	24	24	26	24	22	34	36	21	16	34	28	30	26	34	38	35	30	28	31	19	37	43
Y_scaffold4	24809	38	24	24	26	24	22	35	36	21	16	34	28	31	26	34	38	35	32	28	31	19	38	43
Y_scaffold4	24810	38	24	24	27	24	22	35	37	21	17	35	28	31	26	34	38	35	34	28	32	20	38	43
Y_scaffold4	24811	38	24	24	28	25	22	34	36	21	17	34	28	31	26	36	38	35	34	28	30	20	39	41
Y_scaffold4	24812	38	25	24	28	25	22	34	36	21	17	34	28	31	26	36	38	35	33	28	29	20	39	41
Y_scaffold4	24813	39	25	25	26	27	21	34	37	21	17	35	28	31	26	35	38	36	34	27	30	20	37	40
Y_scaffold4	24814	39	24	25	26	26	21	34	38	22	17	35	28	31	26	35	38	35	34	28	30	20	38	39
Y_scaffold4	24815	39	24	25	25	26	21	34	38	23	17	35	28	31	27	36	38	35	33	28	30	20	38	39
Y_scaffold4	24816	39	24	25	25	26	21	34	38	23	18	35	28	30	27	36	39	35	33	28	30	21	38	40
Y_scaffold4	24817	39	24	25	25	27	20	34	38	24	18	35	28	30	26	36	38	35	33	28	29	21	38	40
Y_scaffold4	24818	39	24	25	25	27	20	35	37	24	18	33	28	30	26	36	38	35	33	28	29	21	38	40
Y_scaffold4	24819	39	24	25	25	28	21	34	37	24	18	33	28	31	26	38	38	35	33	28	29	21	37	40
Y_scaffold4	24820	38	23	26	25	29	20	33	37	24	19	34	28	31	26	37	37	35	33	30	29	21	36	40
Y_scaffold4	24821	39	23	26	25	29	20	33	36	22	19	33	28	31	26	36	36	35	31	31	29	20	37	40
Y_scaffold4	24822	40	23	26	25	29	20	33	38	22	19	33	28	31	26	35	36	35	31	31	29	20	37	41
Y_scaffold4	24823	41	23	26	26	29	20	33	38	22	20	33	29	32	27	35	36	35	31	32	29	20	37	41
Y_scaffold4	24824	41	23	27	26	30	20	33	38	22	19	33	29	31	27	36	36	35	31	32	28	20	37	41
Y_scaffold4	24825	41	24	27	26	30	20	33	38	23	19	33	30	31	28	37	36	35	31	32	29	20	37	41
Y_scaffold4	24826	42	24	27	26	30	22	33	40	23	19	33	30	32	28	37	35	35	31	32	29	20	36	42
Y_scaffold4	24827	42	25	27	26	30	23	33	39	23	19	33	30	32	28	37	35	34	31	32	29	20	37	42
Y_scaffold4	24828	44	25	27	27	29	23	32	39	23	19	33	31	32	28	37	34	34	31	30	29	20	36	41
Y_scaffold4	24829	44	26	26	28	30	23	32	39	23	19	33	31	32	28	38	34	34	30	30	29	20	37	43
Y_scaffold4	24830	44	26	26	28	30	22	32	40	23	19	33	31	32	29	37	34	34	31	30	29	20	37	42
Y_scaffold4	24831	44	26	26	29	30	20	31	40	23	18	33	31	32	29	38	34	34	31	30	29	20	37	43
Y_scaffold4	24832	43	26	26	28	31	20	31	40	24	18	33	31	32	29	38	34	33	30	31	29	20	36	43
Y_scaffold4	24833	43	26	26	27	31	20	29	40	24	18	33	31	32	29	38	34	33	30	32	29	20	36	43
Y_scaffold4	24834	43	26	27	27	31	20	29	39	24	18	33	31	32	30	38	34	34	29	32	29	20	36	43
Y_scaffold4	24835	43	26	27	27	31	20	29	39	24	18	33	31	31	30	38	34	34	29	32	29	20	36	43
Y_scaffold4	24836	43	26	26	27	30	21	29	39	23	18	34	30	31	30	38	36	33	29	32	28	20	36	43
Y_scaffold4	24837	44	26	26	27	29	21	29	39	24	18	34	30	31	30	38	36	32	29	32	28	19	36	43
Y_scaffold4	24838	44	26	25	27	30	20	29	39	24	19	34	32	32	30	38	37	31	31	32	28	19	36	43
Y_scaffold4	24839	44	26	25	27	30	20	30	39	24	20	34	33	32	30	38	36	31	30	32	28	18	36	43
Y_scaffold4	24840	45	26	24	27	31	20	30	39	22	20	34	33	32	30	38	36	31	30	32	28	18	35	43
Y_scaffold4	24841	45	26	24	27	31	20	29	39	21	19	33	33	32	30	38	36	31	30	32	28	18	36	42
Y_scaffold4	24842	45	26	24	27	30	20	29	38	21	19	33	33	32	30	38	36	31	29	32	28	18	36	42
Y_scaffold4	24843	44	26	24	27	30	21	29	39	21	19	34	34	32	30	39	36	31	27	32	28	18	36	42
Y_scaffold4	24844	44	26	23	26	30	21	29	41	21	18	34	34	32	30	39	35	31	25	32	28	18	36	42
Y_scaffold4	24845	45	24	23	27	30	21	28	41	21	18	35	35	33	29	38	34	30	24	32	25	19	36	41
Y_scaffold4	24846	46	24	22	28	30	22	29	42	21	18	35	35	33	29	38	34	30	24	32	25	19	36	41
Y_scaffold4	24847	46	24	22	28	30	22	29	42	21	18	35	35	33	29	38	34	30	24	32	25	19	36	41
Y_scaffold4	24848	46	25	22	28	31	22	29	42	21	18	33	36	33	29	39	34	30	24	32	25	19	37	41
Y_scaffold4	24849	46	25	22	28	31	22	29	43	21	18	33	36	33	29	38	34	30	24	33	25	19	37	41
Y_scaffold4	24850	45	25	22	28	32	22	29	43	21	18	33	36	33	29	38	34	31	24	32	24	19	37	41
Y_scaffold4	24851	46	25	22	28	32	22	30	43	21	20	33	36	32	29	37	33	31	24	31	23	19	37	40
Y_scaffold4	24852	45	25	23	27	34	22	30	43	21	20	33	36	32	29	38	32	31	24	31	23	19	37	40
Y_scaffold4	24853	43	26	22	25	34	22	30	42	21	20	33	36	32	29	38	33	30	23	33	24	19	37	39
Y_scaffold4	24854	43	26	22	24	36	22	30	42	21	20	33	38	32	28	38	33	30	23	33	24	19	37	36
Y_scaffold4	24855	43	27	21	25	36	22	30	42	21	20	33	38	33	28	37	33	31	24	33	24	19	37	36
Y_scaffold4	24856	43	26	22	26	36	22	29	42	22	20	33	38	33	28	37	33	31	24	32	24	19	36	36
Y_scaffold4	24857	43	26	22	26	37	22	29	42	22	20	32	38	33	27	37	33	32	24	32	24	19	36	37
Y_scaffold4	24858	45	26	24	27	36	22	30	42	21	20	32	38	33	27	37	33	31	24	32	24	19	36	37
Y_scaffold4	24859	45	27	24	27	36	22	30	42	20	20	30	38	33	27	38	33	31	25	32	24	21	36	37
Y_scaffold4	24860	45	27	26	27	36	22	30	42	20	20	31	38	33	27	38	33	31	25	32	23	21	36	36
Y_scaffold4	24861	43	27	24	26	35	21	28	43	20	20	31	37	33	27	39	33	31	24	31	23	20	35	35
Y_scaffold4	24862	44	28	24	27	35	21	28	43	20	20	32	38	33	27	39	32	31	24	31	24	20	36	35
Y_scaffold4	24863	43	28	24	27	35	21	28	43	20	20	33	37	33	28	39	32	31	24	31	24	20	36	35
Y_scaffold4	24864	44	29	25	27	35	22	27	43	21	20	33	37	33	28	39	32	31	24	31	24	21	39	34
Y_scaffold4	24865	44	28	25	27	35	22	27	43	21	20	33	37	33	28	39	32	31	25	31	24	21	38	34
Y_scaffold4	24866	44	28	24	27	35	22	27	44	19	21	33	38	34	28	39	32	31	27	31	23	22	39	34
Y_scaffold4	24867	44	28	24	27	36	22	26	44	19	21	33	40	33	28	39	32	31	27	31	22	22	40	36
Y_scaffold4	24868	44	28	24	27	36	22	26	45	19	21	33	41	33	28	40	32	31	26	31	22	22	40	36
Y_scaffold4	24869	45	29	24	27	36	22	25	45	19	21	33	41	33	28	39	32	31	26	31	22	22	40	35
Y_scaffold4	24870	45	28	24	27	36	22	25	45	19	21	33	39	33	27	39	32	31	26	31	22	22	40	34
Y_scaffold4	24871	43	28	24	27	36	22	25	46	19	21	33	39	33	27	39	32	31	25	31	22	22	40	34
Y_scaffold4	24872	43	28	24	27	36	23	25	47	19	21	33	39	35	27	39	32	32	26	34	21	23	40	35
Y_scaffold4	24873	44	28	24	27	36	22	25	45	19	21	34	39	35	27	39	32	32	26	34	21	23	39	34
Y_scaffold4	24874	44	27	24	28	36	22	25	45	19	21	34	39	35	27	39	33	32	26	34	22	23	39	34
Y_scaffold4	24875	45	27	24	27	37	22	25	45	19	21	33	40	35	27	39	32	32	26	34	23	23	39	34
Y_scaffold4	24876	44	27	24	27	37	22	26	44	19	20	32	39	31	27	38	31	31	26	34	23	23	40	35
Y_scaffold4	24877	44	27	24	27	37	23	26	43	19	20	32	39	31	28	39	31	31	26	34	24	24	40	34
Y_scaffold4	24878	44	28	24	28	37	24	26	43	19	20	32	39	31	28	40	31	31	26	34	24	24	40	35
Y_scaffold4	24879	44	28	25	29	37	24	26	43	20	20	32	39	30	28	40	32	32	27	34	23	23	40	35
Y_scaffold4	24880	44	28	25	32	38	23	25	43	20	20	32	39	30	27	40	32	31	27	34	23	22	40	35
Y_scaffold4	24881	44	28	24	32	37	23	25	43	20	20	33	39	30	27	39	32	30	27	34	24	22	41	36
Y_scaffold4	24882	44	29	24	32	37	24	25	43	21	21	32	38	28	27	39	32	31	27	33	24	22	41	36
Y_scaffold4	24883	44	30	25	33	37	24	25	43	21	22	31	38	28	27	39	32	30	27	34	24	22	43	36
Y_scaffold4	24884	44	30	25	33	37	24	26	43	21	22	31	38	28	27	39	33	30	27	35	24	22	43	36
Y_scaffold4	24885	44	30	25	33	37	25	27	43	21	22	31	37	29	26	39	35	29	27	35	25	22	43	36
Y_scaffold4	24886	43	30	25	34	36	25	28	42	21	22	31	33	29	26	40	35	30	27	36	25	21	43	36
Y_scaffold4	24887	43	30	25	34	37	26	27	42	21	22	29	33	29	26	39	36	30	27	36	25	21	43	36
Y_scaffold4	24888	43	28	25	35	35	27	27	42	21	22	29	33	27	26	39	36	29	28	36	25	21	43	37
Y_scaffold4	24889	42	28	26	35	35	27	27	41	21	22	29	33	26	26	39	36	29	28	35	25	21	42	38
Y_scaffold4	24890	42	28	26	35	35	28	27	41	22	21	29	33	26	27	39	36	28	29	35	25	21	44	39
Y_scaffold4	24891	42	28	27	35	35	28	27	41	22	21	29	33	26	26	39	37	28	29	35	23	20	45	39
Y_scaffold4	24892	43	28	27	35	35	28	27	42	22	21	29	34	25	26	38	37	27	29	34	24	20	45	39
Y_scaffold4	24893	43	28	27	35	35	28	27	42	22	21	28	34	24	26	38	37	26	29	34	24	20	45	39
Y_scaffold4	24894	43	27	27	35	35	27	29	42	22	22	27	34	24	26	38	36	26	26	34	24	20	45	39
Y_scaffold4	24895	44	27	27	35	35	26	29	42	22	22	28	34	24	26	38	36	26	26	35	25	19	46	39
Y_scaffold4	24896	44	27	27	35	34	25	29	42	22	22	28	34	24	26	37	36	26	26	35	22	18	46	39
Y_scaffold4	24897	45	27	27	36	34	24	28	42	22	21	28	34	24	26	37	36	26	26	35	22	18	46	39
Y_scaffold4	24898	45	26	27	36	34	24	28	41	21	21	28	34	25	26	37	35	26	26	35	22	18	44	38
Y_scaffold4	24899	46	26	27	36	34	24	28	42	21	21	28	34	24	26	37	35	27	28	35	22	18	45	39
Y_scaffold4	24900	46	26	27	36	34	25	28	42	21	21	28	35	25	27	38	35	27	28	35	22	20	45	39
Y_scaffold4	24901	46	26	27	36	34	25	28	42	22	21	28	34	25	27	38	35	26	28	34	19	20	45	40
Y_scaffold4	24902	46	26	28	36	33	25	28	42	22	21	28	34	25	27	38	35	26	28	34	19	20	45	40
Y_scaffold4	24903	47	26	29	36	33	25	28	42	22	21	29	34	25	27	37	37	26	28	34	19	20	45	39
Y_scaffold4	24904	48	26	29	36	33	25	27	41	22	21	29	34	25	28	38	37	25	28	33	20	20	46	39
Y_scaffold4	24905	46	25	29	36	33	25	26	41	22	21	29	34	24	27	38	36	25	28	33	20	20	45	39
Y_scaffold4	24906	46	26	28	35	33	25	26	41	22	21	29	34	24	26	38	36	25	28	32	20	20	45	38
Y_scaffold4	24907	46	26	29	35	32	25	26	41	23	20	28	34	24	26	38	37	25	29	32	20	20	45	38
Y_scaffold4	24908	46	26	29	35	31	25	26	41	23	20	27	33	24	26	37	37	25	28	32	21	20	44	38
Y_scaffold4	24909	47	27	29	37	31	26	27	41	24	21	28	33	25	23	37	37	27	29	32	20	20	42	38
Y_scaffold4	24910	48	27	29	37	30	26	27	41	23	21	28	33	24	23	37	37	26	29	32	20	21	42	36
Y_scaffold4	24911	47	26	29	37	30	26	26	41	23	21	27	33	24	23	37	37	26	28	32	21	21	42	35
Y_scaffold4	24912	46	26	29	37	30	26	27	39	24	21	28	33	24	23	37	37	26	28	32	21	20	42	35
Y_scaffold4	24913	47	26	30	37	30	26	27	39	24	21	28	33	25	23	36	37	26	29	32	21	20	42	35
Y_scaffold4	24914	47	26	30	35	29	26	27	39	24	21	28	35	26	23	35	37	26	29	32	21	19	42	35
Y_scaffold4	24915	47	26	30	34	28	26	27	39	24	21	27	35	26	23	35	36	26	28	32	21	19	41	36
Y_scaffold4	24916	46	26	30	34	28	26	25	38	24	20	27	35	26	23	35	36	25	28	32	21	19	41	36
Y_scaffold4	24917	45	26	29	34	27	26	24	38	24	20	27	34	26	23	35	36	25	27	31	21	19	41	36
Y_scaffold4	24918	45	26	30	34	27	26	24	38	24	20	28	35	26	23	35	36	25	27	31	21	19	41	36
Y_scaffold4	24919	44	26	29	34	26	26	23	38	24	20	28	35	26	23	35	36	25	27	31	21	19	40	36
Y_scaffold4	24920	45	26	29	34	26	26	23	39	25	21	29	36	27	23	37	36	25	28	30	22	19	39	37
Y_scaffold4	24921	45	26	29	34	27	26	23	38	25	21	29	35	28	23	37	36	25	28	30	22	19	39	37
Y_scaffold4	24922	45	26	29	34	27	26	23	38	25	21	29	34	28	23	36	37	25	28	31	22	19	39	37
Y_scaffold4	24923	45	25	29	34	27	26	22	38	25	21	29	35	28	22	36	37	25	28	30	22	19	38	38
Y_scaffold4	24924	45	25	29	34	27	26	22	38	25	21	29	35	28	21	37	37	25	27	30	22	19	38	39
