Y_scaffold5	702391	35	33	12	32	28	19	22	26	33	35	30	31	32	23	38	48	28	41	34	37	21	32	27
Y_scaffold5	702392	35	33	12	32	28	19	21	25	33	35	30	31	32	23	38	48	27	41	34	37	23	32	27
Y_scaffold5	702393	35	33	12	32	28	20	21	25	33	35	30	32	33	23	39	48	27	41	35	37	23	32	27
Y_scaffold5	702394	35	34	12	32	28	20	21	25	32	35	30	32	33	23	39	47	27	41	36	38	23	33	27
Y_scaffold5	702395	33	34	14	33	28	20	21	25	32	36	31	31	33	23	39	46	27	41	37	38	23	33	27
Y_scaffold5	702396	33	34	14	33	28	20	21	25	33	36	31	31	33	23	39	45	26	41	37	38	22	32	28
Y_scaffold5	702397	32	35	15	33	28	20	21	26	32	36	33	31	32	24	40	44	26	41	37	37	22	32	27
Y_scaffold5	702398	32	35	15	33	28	20	21	27	32	35	33	31	32	24	40	44	26	42	37	35	22	32	27
Y_scaffold5	702399	32	35	15	33	27	20	21	28	32	35	33	31	32	24	40	44	26	42	37	35	22	32	29
Y_scaffold5	702400	33	35	15	33	27	20	21	28	33	34	32	31	32	24	40	44	26	41	36	35	23	31	29
Y_scaffold5	702401	33	35	15	32	27	21	22	28	33	35	31	30	31	24	40	44	27	41	36	35	24	31	29
Y_scaffold5	702402	33	34	15	30	27	21	22	28	33	34	31	30	29	24	40	44	27	40	36	35	24	32	29
Y_scaffold5	702403	32	34	15	30	27	22	22	27	33	33	31	29	29	24	39	43	26	39	36	35	25	31	29
Y_scaffold5	702404	33	34	14	30	27	22	23	28	33	33	32	27	30	26	37	43	26	38	35	36	25	30	28
Y_scaffold5	702405	34	34	14	30	27	23	23	30	33	33	32	27	30	26	39	43	26	38	35	36	25	30	28
Y_scaffold5	702406	34	34	14	30	27	23	23	30	33	33	32	27	30	25	39	44	26	38	35	36	25	31	29
Y_scaffold5	702407	34	34	14	30	27	23	23	30	33	33	31	27	30	25	39	44	26	38	36	36	25	31	31
Y_scaffold5	702408	33	34	14	30	27	23	23	29	33	33	29	28	30	25	40	43	27	37	38	36	25	33	31
Y_scaffold5	702409	33	34	14	29	27	23	22	30	33	33	29	28	30	25	42	43	27	37	39	36	25	33	31
Y_scaffold5	702410	33	35	15	28	27	24	22	31	33	31	28	29	30	26	42	45	27	37	39	36	27	33	30
Y_scaffold5	702411	33	35	15	28	27	24	23	31	33	30	28	29	30	26	44	45	27	37	39	36	27	34	31
Y_scaffold5	702412	32	34	15	28	27	24	24	31	32	30	27	30	29	26	44	45	27	37	39	35	27	33	31
Y_scaffold5	702413	33	34	14	29	27	25	24	31	32	28	27	30	28	26	45	44	27	37	39	35	28	32	31
Y_scaffold5	702414	33	33	14	28	26	25	23	31	32	28	27	30	28	26	45	44	27	36	39	35	27	33	31
Y_scaffold5	702415	33	33	15	28	26	25	23	31	31	29	28	30	27	26	47	43	29	36	39	35	27	34	31
Y_scaffold5	702416	34	33	14	28	27	25	23	31	33	29	28	31	26	26	47	44	31	36	38	35	27	35	31
Y_scaffold5	702417	34	33	13	29	27	25	23	31	33	28	29	31	26	25	48	45	31	36	38	35	27	34	31
Y_scaffold5	702418	34	33	13	29	26	25	23	31	34	28	29	31	26	26	48	45	31	36	38	34	27	34	32
Y_scaffold5	702419	36	33	12	28	28	25	23	29	34	27	30	32	24	25	49	45	30	37	39	35	27	33	32
Y_scaffold5	702420	36	32	12	28	28	26	23	31	34	27	31	32	24	24	49	46	30	37	42	33	27	34	34
Y_scaffold5	702421	37	30	12	27	28	26	23	31	34	27	31	32	24	24	48	48	30	36	42	33	25	34	34
Y_scaffold5	702422	37	30	12	27	28	26	23	30	34	27	33	32	25	24	48	48	30	36	42	33	25	36	32
Y_scaffold5	702423	37	30	12	26	28	26	23	30	34	27	33	33	25	24	48	48	30	36	42	33	25	35	32
Y_scaffold5	702424	37	30	12	26	27	25	23	30	34	26	31	33	25	24	47	48	30	36	42	33	25	36	32
Y_scaffold5	702425	37	30	14	27	28	26	23	30	33	27	32	33	25	24	47	47	29	36	44	34	25	39	33
Y_scaffold5	702426	37	30	14	27	28	26	23	30	34	27	32	32	25	24	47	45	29	36	44	33	25	40	33
Y_scaffold5	702427	35	31	15	27	28	26	24	30	36	28	32	31	24	24	47	45	28	36	45	33	26	40	33
Y_scaffold5	702428	35	32	15	28	29	27	25	28	36	28	32	31	24	24	48	43	27	36	45	33	26	40	34
Y_scaffold5	702429	35	32	15	27	29	27	25	28	36	27	34	32	24	24	48	42	27	37	43	33	26	39	33
Y_scaffold5	702430	34	32	15	27	29	27	26	28	36	27	34	32	23	24	48	42	27	37	43	33	25	39	33
Y_scaffold5	702431	34	29	15	27	28	26	26	28	35	27	33	32	23	22	48	42	27	35	43	34	24	38	35
Y_scaffold5	702432	34	29	16	27	28	26	26	27	35	27	33	33	22	22	48	42	27	34	44	34	24	38	35
Y_scaffold5	702433	33	29	16	28	28	26	26	27	34	27	33	33	22	22	48	42	26	34	44	34	24	38	35
Y_scaffold5	702434	33	29	16	28	28	27	26	27	34	27	33	33	21	22	48	42	26	34	44	34	24	38	35
Y_scaffold5	702435	33	28	15	28	28	27	26	27	34	27	32	32	21	21	46	42	25	33	43	34	24	39	36
Y_scaffold5	702436	33	29	16	29	29	27	27	24	35	28	31	30	21	20	45	43	26	32	44	34	23	39	36
Y_scaffold5	702437	33	29	16	29	29	28	27	24	36	28	31	31	21	20	45	43	25	32	44	34	23	39	36
Y_scaffold5	702438	33	28	16	29	29	28	27	24	36	28	31	31	21	20	45	44	25	31	43	33	23	39	36
Y_scaffold5	702439	33	28	16	29	29	29	27	23	36	28	32	32	23	21	47	46	27	32	43	33	24	40	36
Y_scaffold5	702440	34	27	16	29	29	29	25	23	36	28	32	32	22	20	48	46	26	33	43	34	24	40	36
Y_scaffold5	702441	35	26	16	28	28	29	24	23	36	29	32	31	22	20	49	46	26	34	43	34	24	40	36
Y_scaffold5	702442	35	26	16	28	28	27	24	24	34	30	31	31	22	20	48	47	25	36	42	34	24	39	37
Y_scaffold5	702443	35	26	16	29	28	26	24	24	34	30	31	31	22	20	48	47	25	37	43	35	24	39	38
Y_scaffold5	702444	34	24	17	30	28	27	24	25	34	31	31	32	22	20	48	46	25	37	43	35	24	40	39
Y_scaffold5	702445	34	24	17	30	28	26	24	25	34	31	31	32	22	20	48	45	26	37	43	34	24	41	40
Y_scaffold5	702446	34	23	17	30	30	26	24	25	34	31	31	32	21	20	47	45	26	38	43	34	24	40	41
Y_scaffold5	702447	34	23	17	31	30	26	24	25	34	32	31	33	20	20	47	45	26	38	43	34	24	40	40
Y_scaffold5	702448	33	23	17	31	30	26	23	25	33	31	31	33	20	20	47	45	26	38	43	34	24	40	40
Y_scaffold5	702449	33	23	17	30	30	26	22	25	33	31	33	33	20	20	46	45	29	38	43	34	24	40	41
Y_scaffold5	702450	34	23	18	30	31	26	21	26	32	31	33	33	20	20	46	46	30	38	43	34	24	41	41
Y_scaffold5	702451	34	23	18	31	31	26	21	26	32	31	33	33	20	20	46	46	30	38	43	33	24	42	41
Y_scaffold5	702452	34	23	18	30	31	26	21	27	32	31	33	32	20	20	46	46	31	38	43	34	24	42	43
Y_scaffold5	702453	33	23	18	30	29	26	21	27	32	31	33	32	21	20	47	45	31	38	42	34	24	42	43
Y_scaffold5	702454	33	23	18	30	29	26	21	27	31	31	33	32	20	20	46	45	30	38	41	34	24	42	43
Y_scaffold5	702455	33	23	18	29	29	26	21	29	31	32	32	34	19	20	44	45	31	39	42	34	23	42	43
Y_scaffold5	702456	33	23	18	29	29	26	22	29	31	32	31	34	19	21	44	45	31	40	43	34	23	42	41
Y_scaffold5	702457	33	23	18	28	29	26	23	29	31	32	32	34	19	21	43	45	30	40	43	34	23	42	41
Y_scaffold5	702458	33	21	19	28	29	25	22	29	31	33	33	34	19	21	42	44	29	40	43	33	23	42	41
Y_scaffold5	702459	35	22	19	28	27	26	23	29	32	33	33	33	18	21	42	42	29	40	45	33	23	42	42
Y_scaffold5	702460	35	22	20	28	29	27	23	29	32	33	33	33	18	21	42	42	30	40	45	32	24	42	42
Y_scaffold5	702461	35	22	21	28	31	27	23	29	32	34	34	34	17	21	42	42	30	40	43	32	25	42	42
Y_scaffold5	702462	34	22	22	28	31	27	24	29	33	34	36	34	18	22	41	44	30	40	43	32	25	42	43
Y_scaffold5	702463	35	22	22	27	31	27	24	29	33	35	36	34	18	22	41	44	30	40	44	32	25	42	43
Y_scaffold5	702464	36	26	22	27	31	27	24	28	32	35	37	34	18	21	40	44	30	40	44	32	25	41	43
Y_scaffold5	702465	36	26	22	27	31	27	24	28	32	35	37	34	17	21	40	44	30	40	43	32	25	41	43
Y_scaffold5	702466	36	27	22	27	31	27	24	28	32	35	38	34	17	22	39	43	30	40	44	32	25	42	42
Y_scaffold5	702467	36	28	22	26	31	27	24	28	32	35	38	34	17	22	39	43	30	40	43	31	25	42	42
Y_scaffold5	702468	36	29	22	26	30	27	24	29	32	36	38	35	17	22	39	43	30	40	44	32	25	42	43
Y_scaffold5	702469	36	29	22	26	30	27	25	29	32	36	39	35	17	22	40	43	30	39	42	31	26	42	43
Y_scaffold5	702470	36	30	22	27	30	27	27	30	32	37	39	35	17	23	40	44	30	39	42	31	26	41	43
Y_scaffold5	702471	34	30	23	29	30	27	26	30	31	38	38	35	18	23	40	43	30	39	42	31	25	41	43
Y_scaffold5	702472	34	31	23	29	30	27	27	30	31	37	36	34	18	23	39	43	30	36	42	32	25	39	43
Y_scaffold5	702473	34	31	23	29	30	27	28	30	31	36	37	34	18	23	39	42	30	37	42	32	25	39	43
Y_scaffold5	702474	34	31	23	29	30	27	29	30	30	36	37	34	17	23	39	42	29	37	42	32	25	39	43
Y_scaffold5	702475	34	31	23	29	30	27	29	30	31	36	37	34	17	23	39	42	29	37	42	32	27	40	43
Y_scaffold5	702476	34	31	23	29	30	27	30	30	32	37	37	34	17	23	39	42	29	39	42	32	27	40	43
Y_scaffold5	702477	34	31	23	29	30	27	30	31	33	37	37	34	18	23	39	43	28	39	41	32	27	40	43
Y_scaffold5	702478	35	32	23	28	30	27	30	31	33	37	37	34	18	24	39	45	28	39	41	32	27	40	43
Y_scaffold5	702479	35	31	23	28	30	27	30	32	33	38	36	35	18	24	39	45	28	38	38	32	27	40	43
Y_scaffold5	702480	36	31	23	28	30	27	30	31	31	38	36	35	18	24	39	44	28	38	38	32	27	41	43
Y_scaffold5	702481	35	31	23	28	30	27	30	31	31	38	36	36	16	24	39	44	28	38	38	33	27	41	44
Y_scaffold5	702482	34	30	23	28	30	27	30	31	31	38	36	35	16	23	39	44	27	38	38	33	27	41	44
Y_scaffold5	702483	34	30	23	28	30	27	30	31	30	38	36	35	16	22	39	43	27	38	38	33	27	41	43
Y_scaffold5	702484	34	30	23	28	31	27	30	31	30	39	38	33	16	23	39	43	28	36	37	33	28	42	43
Y_scaffold5	702485	34	30	23	30	31	27	31	31	30	39	39	33	16	23	40	43	29	36	37	32	28	43	44
Y_scaffold5	702486	34	30	23	30	31	27	32	31	30	39	39	33	15	24	39	45	29	36	37	32	28	43	45
Y_scaffold5	702487	34	30	23	29	30	25	32	31	30	39	40	33	16	24	39	46	29	36	37	32	27	43	45
Y_scaffold5	702488	34	30	23	29	30	25	31	31	30	39	41	33	17	24	38	46	28	36	37	32	27	43	45
Y_scaffold5	702489	32	31	24	30	29	26	31	31	30	39	41	32	17	24	37	45	29	35	36	32	27	43	45
Y_scaffold5	702490	32	31	24	30	30	26	31	31	30	39	41	32	17	24	37	45	29	35	36	32	27	42	45
Y_scaffold5	702491	32	31	24	30	29	26	31	31	30	39	41	32	17	24	37	44	29	36	36	32	27	42	45
Y_scaffold5	702492	32	31	24	30	29	26	32	30	30	37	41	33	18	23	37	44	29	37	36	32	27	42	45
Y_scaffold5	702493	32	32	25	28	30	26	35	31	30	37	41	33	18	23	37	45	30	38	36	31	27	43	46
Y_scaffold5	702494	32	32	24	28	30	26	35	32	30	37	41	32	18	23	37	45	30	38	35	30	27	43	47
Y_scaffold5	702495	32	33	24	28	30	26	34	33	30	36	43	33	20	23	37	45	30	38	35	31	28	43	47
Y_scaffold5	702496	31	33	24	27	30	26	35	33	30	36	43	33	20	23	37	43	30	37	34	31	28	42	47
Y_scaffold5	702497	31	34	24	27	29	27	36	33	30	35	44	33	20	23	37	43	30	38	34	31	29	42	46
Y_scaffold5	702498	30	34	24	27	29	28	37	33	30	35	44	33	20	23	38	43	30	38	34	31	29	42	45
Y_scaffold5	702499	30	34	24	27	30	28	37	33	30	34	43	33	21	23	38	42	29	38	34	30	29	42	45
Y_scaffold5	702500	29	34	25	28	31	28	37	33	30	33	43	31	21	24	36	42	29	41	34	30	29	41	45
Y_scaffold5	702501	29	33	25	28	31	28	37	33	29	33	44	30	21	24	36	43	30	41	34	30	29	41	46
Y_scaffold5	702502	30	33	25	29	31	28	37	33	27	33	44	30	21	24	37	43	30	41	35	30	30	41	46
Y_scaffold5	702503	30	33	26	30	31	28	37	32	28	33	44	30	20	24	37	43	30	41	35	30	30	41	46
Y_scaffold5	702504	30	33	26	30	31	28	37	31	29	32	47	30	21	24	36	42	30	40	35	30	30	40	46
Y_scaffold5	702505	30	33	26	30	31	28	37	31	29	32	46	30	21	24	36	40	30	40	36	27	31	41	46
Y_scaffold5	702506	31	33	26	30	31	28	37	31	30	32	47	31	21	24	36	40	31	40	36	27	31	42	46
Y_scaffold5	702507	31	32	26	30	31	27	37	30	30	32	47	31	21	24	36	40	31	40	36	27	30	41	46
Y_scaffold5	702508	31	32	26	30	31	27	37	30	30	32	46	30	21	23	35	40	31	40	36	26	30	41	46
Y_scaffold5	702509	31	33	25	29	33	28	37	30	31	32	46	30	21	23	36	40	31	39	36	26	29	40	46
Y_scaffold5	702510	31	33	25	30	33	28	37	29	31	32	47	30	21	23	37	41	32	41	36	26	30	40	46
Y_scaffold5	702511	31	32	25	30	31	27	37	29	31	32	48	30	21	21	37	41	33	41	37	26	31	40	46
Y_scaffold5	702512	32	32	25	29	30	28	37	29	31	32	48	31	21	21	36	41	33	41	37	26	31	41	47
Y_scaffold5	702513	33	32	25	30	30	28	37	29	32	32	48	30	21	21	35	41	33	39	37	26	31	41	47
Y_scaffold5	702514	33	32	25	30	30	29	36	28	32	32	48	30	21	21	35	42	33	39	37	27	31	41	46
Y_scaffold5	702515	34	32	25	30	30	28	35	28	31	32	48	31	22	21	35	43	34	40	37	27	31	41	46
Y_scaffold5	702516	34	32	25	30	30	28	35	28	31	32	48	31	22	21	35	43	33	40	37	27	31	41	46
Y_scaffold5	702517	34	32	26	30	30	28	35	28	31	31	48	30	21	21	35	43	33	40	37	27	31	41	46
Y_scaffold5	702518	34	32	26	30	30	28	34	29	31	31	48	31	21	21	34	43	33	40	37	27	31	41	45
Y_scaffold5	702519	34	33	26	30	30	28	34	30	31	31	47	31	20	21	34	42	33	40	36	27	31	41	48
Y_scaffold5	702520	34	34	26	30	29	28	34	30	32	31	47	32	20	21	34	42	33	39	35	27	31	41	48
Y_scaffold5	702521	33	34	26	29	29	27	34	30	32	31	47	34	20	22	34	42	34	39	35	26	33	40	47
Y_scaffold5	702522	35	34	26	29	29	27	34	31	32	31	47	34	20	22	34	42	34	41	35	26	33	40	47
Y_scaffold5	702523	35	34	25	29	29	27	34	31	33	31	47	34	20	23	35	41	35	41	36	26	33	40	47
Y_scaffold5	702524	35	34	25	29	29	27	34	31	33	31	47	34	20	24	35	41	36	41	36	26	33	40	46
Y_scaffold5	702525	35	34	25	29	29	27	35	30	33	32	47	35	20	23	35	42	37	40	36	25	33	39	46
Y_scaffold5	702526	36	35	25	30	30	27	34	30	33	32	47	35	21	23	38	42	37	40	36	25	33	39	46
Y_scaffold5	702527	37	35	25	30	32	27	34	30	33	32	48	35	21	23	38	43	37	40	36	25	33	39	46
Y_scaffold5	702528	39	35	25	30	32	27	34	31	33	32	49	34	21	23	38	43	37	41	37	24	33	39	47
Y_scaffold5	702529	40	34	25	30	32	26	34	31	33	32	48	34	21	23	38	43	37	41	37	24	33	39	47
Y_scaffold5	702530	41	34	25	30	31	26	34	31	33	31	48	33	21	23	36	43	37	41	37	24	34	39	47
Y_scaffold5	702531	41	34	25	29	31	26	34	31	33	31	48	34	21	22	36	44	37	42	37	26	34	39	47
Y_scaffold5	702532	41	34	25	29	31	26	34	31	33	31	47	35	22	22	36	45	36	42	37	26	36	38	46
Y_scaffold5	702533	40	34	25	29	31	26	34	31	33	31	47	36	23	22	35	46	35	41	37	25	36	39	47
Y_scaffold5	702534	39	32	24	28	31	26	34	31	32	32	47	36	23	22	34	46	35	40	37	24	36	39	47
Y_scaffold5	702535	39	32	24	28	31	26	34	31	32	32	47	36	23	21	34	48	35	40	37	23	36	39	47
Y_scaffold5	702536	39	32	24	29	31	26	34	31	33	32	47	37	22	21	34	48	36	41	36	23	36	39	48
Y_scaffold5	702537	39	32	24	29	31	26	35	32	33	32	46	38	22	21	34	48	36	42	36	23	35	40	48
Y_scaffold5	702538	40	32	24	30	31	28	36	31	35	32	46	38	22	21	34	48	36	42	36	24	35	40	47
Y_scaffold5	702539	40	31	24	30	32	28	38	31	33	32	46	38	23	21	34	48	38	41	36	23	35	40	48
Y_scaffold5	702540	42	30	23	31	32	28	40	31	33	31	46	37	23	21	34	48	38	42	36	22	34	40	49
Y_scaffold5	702541	42	30	23	31	32	28	40	31	33	31	46	38	23	22	34	46	37	43	38	22	33	40	49
Y_scaffold5	702542	41	29	23	31	32	28	41	31	33	31	46	38	22	22	35	46	37	43	37	22	32	40	49
Y_scaffold5	702543	41	29	23	32	32	28	41	31	33	32	47	38	22	22	34	46	38	43	38	22	32	40	50
Y_scaffold5	702544	40	28	23	32	33	28	41	31	33	32	49	38	22	22	34	46	38	44	37	22	32	39	50
Y_scaffold5	702545	40	28	20	32	33	29	42	30	31	29	47	37	22	21	35	47	38	43	36	22	33	39	49
Y_scaffold5	702546	40	27	20	32	33	29	42	30	32	29	47	37	24	21	35	48	38	43	36	22	33	39	50
Y_scaffold5	702547	40	27	21	32	33	29	42	30	32	29	47	37	24	21	35	48	38	43	36	22	33	39	50
Y_scaffold5	702548	40	27	21	32	35	29	42	30	32	30	48	38	25	21	36	48	38	44	36	22	32	40	49
Y_scaffold5	702549	40	27	21	32	35	29	42	29	31	30	48	38	25	21	36	50	39	44	36	23	32	40	49
Y_scaffold5	702550	41	27	21	32	35	29	42	30	32	30	48	38	25	21	36	51	39	44	36	23	32	40	49
Y_scaffold5	702551	41	27	22	33	35	28	41	30	32	29	48	38	25	22	36	51	38	44	36	23	31	40	49
Y_scaffold5	702552	42	28	22	33	35	28	41	30	32	30	49	38	25	22	36	51	37	45	37	23	31	40	49
Y_scaffold5	702553	44	28	22	33	35	29	40	28	32	30	48	38	24	21	34	50	37	45	37	22	30	40	49
Y_scaffold5	702554	46	28	22	32	36	29	42	28	31	30	48	38	24	20	35	50	38	45	37	23	30	41	49
Y_scaffold5	702555	45	28	23	32	36	27	42	27	31	30	48	37	25	20	35	50	38	45	37	23	30	40	50
Y_scaffold5	702556	45	28	23	32	36	27	43	28	31	30	48	37	25	20	35	49	39	45	37	24	30	40	49
Y_scaffold5	702557	44	28	23	32	36	27	43	28	31	31	48	37	25	20	35	49	40	45	37	24	29	40	47
Y_scaffold5	702558	44	29	23	32	37	27	43	28	31	31	48	36	25	20	35	51	39	45	35	25	29	39	47
Y_scaffold5	702559	44	29	23	32	38	27	43	27	32	31	48	38	25	20	33	51	39	45	34	26	29	39	48
Y_scaffold5	702560	44	28	23	32	38	26	43	26	32	31	48	37	26	19	33	49	39	45	34	26	27	40	48
Y_scaffold5	702561	44	28	23	32	38	26	42	27	32	31	48	38	26	19	32	49	39	46	34	28	27	39	47
Y_scaffold5	702562	44	28	23	33	38	27	41	27	32	31	48	37	27	19	32	49	39	48	34	28	27	41	48
Y_scaffold5	702563	43	28	23	32	38	27	41	27	32	31	48	37	27	19	31	49	39	47	34	28	26	41	48
Y_scaffold5	702564	44	28	23	33	37	27	41	28	32	31	48	37	27	19	31	49	39	47	34	28	26	40	48
Y_scaffold5	702565	43	28	22	33	36	27	41	29	34	31	47	37	27	19	29	51	38	48	34	28	26	40	48
Y_scaffold5	702566	42	28	22	33	36	27	41	29	32	31	47	36	28	19	29	51	36	48	34	28	26	39	48
Y_scaffold5	702567	42	28	22	32	36	27	41	29	32	31	47	36	28	19	28	52	36	48	35	26	26	40	49
Y_scaffold5	702568	42	28	22	32	33	27	41	29	31	31	46	35	29	18	27	52	36	46	34	27	26	42	48
Y_scaffold5	702569	43	28	22	32	33	26	41	28	31	32	45	35	29	18	27	51	37	43	32	27	26	41	46
Y_scaffold5	702570	43	28	22	32	33	26	41	28	31	32	45	35	30	19	27	51	37	43	33	27	26	41	46
Y_scaffold5	702571	43	28	22	32	33	26	41	28	31	33	43	35	29	20	27	49	37	44	33	28	26	40	46
Y_scaffold5	702572	43	28	22	33	33	26	41	28	31	33	43	36	29	20	29	49	37	44	33	28	26	39	46
Y_scaffold5	702573	43	28	22	32	33	26	40	28	31	33	43	35	29	20	29	50	37	44	33	27	26	39	46
Y_scaffold5	702574	43	28	23	32	33	25	40	28	32	33	42	36	29	20	30	52	37	44	31	29	26	37	47
Y_scaffold5	702575	43	29	22	32	32	25	40	29	32	33	42	36	29	20	30	53	36	45	32	29	27	35	47
Y_scaffold5	702576	43	30	22	35	33	25	39	29	32	33	42	36	29	20	30	54	36	45	32	29	27	34	47
Y_scaffold5	702577	43	29	21	35	32	25	39	29	30	33	42	36	29	20	30	55	36	45	31	30	27	34	46
Y_scaffold5	702578	43	28	22	34	31	25	38	29	30	33	42	36	29	20	29	56	37	45	31	31	28	34	45
Y_scaffold5	702579	44	28	22	34	31	25	37	29	31	33	40	35	29	20	29	57	37	44	31	31	28	34	45
Y_scaffold5	702580	44	28	21	34	31	25	39	30	31	33	40	35	30	21	29	56	37	44	31	31	28	35	45
Y_scaffold5	702581	46	28	20	35	31	25	39	30	31	33	40	35	30	21	29	56	37	44	30	32	29	35	45
Y_scaffold5	702582	46	28	20	37	31	25	39	31	31	34	42	34	30	21	29	56	37	44	31	32	29	35	45
Y_scaffold5	702583	47	28	20	37	31	25	39	32	31	35	42	34	30	22	29	56	38	45	31	32	29	36	45
Y_scaffold5	702584	47	28	20	37	31	24	39	32	31	35	42	34	30	22	29	56	38	45	31	32	30	36	45
Y_scaffold5	702585	47	29	20	37	30	24	40	32	30	35	42	34	30	22	29	56	37	46	31	32	30	35	44
Y_scaffold5	702586	46	28	20	36	30	25	39	32	30	34	42	34	32	22	30	55	37	47	30	33	29	36	44
Y_scaffold5	702587	46	28	20	37	30	25	39	32	29	34	43	33	32	22	30	55	37	47	30	33	29	36	44
Y_scaffold5	702588	46	29	20	37	30	26	39	32	30	34	42	32	32	21	29	54	35	46	30	33	29	36	44
Y_scaffold5	702589	46	29	20	37	30	26	41	33	30	34	43	32	30	21	29	53	35	46	30	33	28	35	43
Y_scaffold5	702590	45	29	20	37	30	26	41	33	30	35	44	33	30	22	28	54	36	46	30	32	29	35	43
Y_scaffold5	702591	44	29	20	37	30	26	41	33	30	33	44	33	30	22	27	53	37	44	30	33	29	35	42
Y_scaffold5	702592	44	29	20	37	30	26	40	33	30	33	44	33	30	22	27	55	38	43	31	33	29	35	42
Y_scaffold5	702593	44	29	20	36	30	26	41	33	30	33	44	33	31	23	27	56	38	41	30	32	30	35	41
Y_scaffold5	702594	44	31	19	35	31	26	41	35	30	32	44	32	31	23	27	56	38	41	31	33	30	34	41
Y_scaffold5	702595	44	31	19	35	29	27	41	35	31	32	44	32	32	24	27	56	37	41	31	33	30	33	39
Y_scaffold5	702596	44	31	19	35	29	27	41	35	31	32	44	31	32	24	27	56	38	41	31	33	31	33	40
Y_scaffold5	702597	44	32	19	33	29	27	41	35	32	31	44	31	32	24	27	58	38	42	31	34	31	33	40
Y_scaffold5	702598	44	32	18	33	29	27	41	35	32	31	42	31	32	24	28	57	36	42	31	34	32	33	40
Y_scaffold5	702599	44	32	18	33	29	28	41	35	32	32	42	31	33	24	28	60	36	43	31	34	32	34	40
Y_scaffold5	702600	43	33	18	34	29	28	41	34	32	32	42	31	33	24	28	60	36	43	32	34	32	33	40
Y_scaffold5	702601	43	33	18	33	29	28	41	34	32	32	43	31	33	25	28	59	35	43	33	34	32	32	38
Y_scaffold5	702602	43	34	18	33	29	28	41	33	32	32	44	32	33	25	28	59	35	43	33	33	32	32	39
Y_scaffold5	702603	43	35	18	33	29	29	41	33	33	32	44	32	34	25	27	59	35	43	35	33	33	32	39
Y_scaffold5	702604	43	35	19	33	29	29	41	33	34	31	45	32	34	25	27	60	35	43	36	33	33	33	39
Y_scaffold5	702605	43	35	19	33	29	29	40	31	34	30	45	30	35	25	27	60	35	43	36	33	35	32	39
Y_scaffold5	702606	43	35	19	33	29	29	39	31	36	32	45	30	35	24	27	60	35	42	35	35	35	32	40
Y_scaffold5	702607	43	35	18	33	29	29	39	31	36	32	44	30	36	24	27	60	35	42	35	35	35	32	40
Y_scaffold5	702608	42	35	18	33	29	29	39	32	35	32	44	30	36	24	27	60	35	42	35	35	35	32	40
Y_scaffold5	702609	42	35	18	33	29	28	38	32	36	32	44	30	36	24	27	60	35	43	34	35	35	32	39
Y_scaffold5	702610	42	38	18	33	26	27	39	32	36	32	44	31	36	24	27	60	34	42	35	35	34	32	40
Y_scaffold5	702611	43	38	17	33	24	27	39	33	36	31	43	30	35	24	27	60	34	42	36	35	33	32	40
Y_scaffold5	702612	42	38	16	33	24	27	38	34	35	31	41	30	35	23	26	58	35	42	36	36	33	31	39
Y_scaffold5	702613	41	35	17	33	24	27	38	34	35	31	41	31	35	23	26	58	35	42	35	37	33	31	39
Y_scaffold5	702614	41	34	17	33	24	27	38	34	35	31	41	31	34	24	30	58	35	43	36	37	33	32	39
Y_scaffold5	702615	41	34	17	33	24	27	38	35	35	32	40	31	34	25	30	58	36	43	35	37	32	32	39
Y_scaffold5	702616	41	34	17	33	24	28	39	35	35	32	40	32	35	25	31	58	36	43	34	36	32	31	39
Y_scaffold5	702617	41	32	17	34	23	27	38	34	35	32	39	31	35	26	33	60	36	44	34	37	31	31	38
Y_scaffold5	702618	41	33	17	33	23	27	38	34	35	32	39	30	36	26	33	60	36	45	34	37	31	32	39
Y_scaffold5	702619	42	33	18	34	23	27	37	33	36	32	39	30	36	26	33	60	36	45	35	39	31	32	40
Y_scaffold5	702620	42	32	18	34	23	27	37	34	36	32	39	30	36	26	33	59	36	45	35	39	31	32	40
Y_scaffold5	702621	43	31	17	31	23	27	36	35	36	31	39	31	35	26	34	59	37	45	35	39	31	32	41
Y_scaffold5	702622	43	30	18	30	23	27	36	35	36	31	38	32	35	25	34	60	37	45	35	38	31	33	41
Y_scaffold5	702623	43	30	18	30	24	28	35	35	36	32	37	33	35	25	35	60	37	45	35	39	32	34	41
Y_scaffold5	702624	43	30	18	30	25	28	34	35	36	32	37	33	35	25	35	60	37	45	35	39	31	34	41
Y_scaffold5	702625	43	30	19	30	25	28	34	36	35	32	37	33	35	25	35	60	37	45	35	40	30	34	41
Y_scaffold5	702626	44	30	19	29	25	28	33	36	34	32	37	33	35	25	35	60	37	44	36	40	30	34	41
Y_scaffold5	702627	44	31	20	29	25	28	33	35	33	32	37	32	34	24	36	58	37	44	36	40	30	35	41
Y_scaffold5	702628	45	30	20	29	25	29	33	35	33	32	37	32	34	24	36	58	37	44	37	40	30	35	41
Y_scaffold5	702629	45	31	20	30	26	29	33	34	33	32	37	34	34	24	36	58	37	44	37	40	31	35	41
Y_scaffold5	702630	44	31	20	31	26	30	33	35	33	32	39	34	34	24	36	58	37	44	37	41	31	35	41
Y_scaffold5	702631	44	31	20	31	28	30	33	35	33	32	39	33	34	24	36	58	37	44	37	40	31	36	41
Y_scaffold5	702632	44	31	20	30	28	30	34	36	34	32	38	33	34	24	36	58	37	44	38	40	31	37	42
Y_scaffold5	702633	44	31	20	30	28	30	34	36	34	32	38	33	34	22	36	58	37	44	38	40	30	37	42
Y_scaffold5	702634	44	31	20	29	28	30	32	36	35	32	36	34	34	23	35	57	36	44	39	41	30	35	42
Y_scaffold5	702635	44	31	20	29	28	30	31	37	35	32	36	34	35	23	35	57	37	44	39	41	30	36	42
Y_scaffold5	702636	44	32	20	29	28	30	33	37	35	33	36	34	35	23	35	56	37	44	39	41	30	37	41
Y_scaffold5	702637	44	32	20	29	28	30	33	37	36	33	35	34	34	23	35	55	37	44	39	40	32	37	41
Y_scaffold5	702638	44	32	20	29	28	30	33	37	36	33	34	34	33	24	35	55	37	44	40	40	32	37	42
Y_scaffold5	702639	44	31	19	28	28	29	33	38	36	33	34	34	34	24	35	55	36	44	40	40	32	37	43
Y_scaffold5	702640	44	31	19	28	27	29	33	38	36	33	34	34	34	24	36	55	36	44	40	40	32	37	44
Y_scaffold5	702641	44	32	19	28	27	30	33	39	36	33	35	34	34	24	36	55	36	44	40	40	32	37	45
Y_scaffold5	702642	43	32	20	28	27	30	32	39	35	33	35	33	33	25	36	55	36	45	40	40	32	37	45
Y_scaffold5	702643	43	31	19	28	27	30	29	38	35	33	34	33	33	26	36	54	36	44	40	42	32	36	44
Y_scaffold5	702644	43	31	19	28	27	30	29	36	35	33	35	32	33	27	36	54	36	44	40	41	31	37	43
Y_scaffold5	702645	41	30	19	28	27	30	28	36	35	33	33	33	32	27	37	53	36	43	40	41	31	36	42
Y_scaffold5	702646	42	29	19	28	27	30	28	36	35	34	34	33	33	27	38	53	37	42	40	41	30	36	43
Y_scaffold5	702647	43	29	19	28	27	28	27	37	35	34	33	33	34	27	38	53	37	42	40	43	31	36	43
Y_scaffold5	702648	44	30	21	27	25	29	27	37	35	34	34	33	35	28	38	53	38	42	40	43	31	36	43
Y_scaffold5	702649	44	30	21	28	25	30	27	38	35	34	34	34	34	28	38	53	38	43	40	43	31	37	43
Y_scaffold5	702650	43	30	21	28	25	31	27	39	35	34	35	33	34	27	38	53	38	41	40	43	31	38	43
Y_scaffold5	702651	43	30	21	28	25	30	27	39	35	34	34	34	34	27	40	52	38	40	40	42	32	38	42
Y_scaffold5	702652	42	30	21	27	25	30	27	39	35	34	35	34	35	27	39	52	38	40	39	42	31	38	42
Y_scaffold5	702653	42	30	20	27	25	30	27	40	34	34	35	36	34	28	39	52	38	41	39	42	31	38	42
Y_scaffold5	702654	42	30	20	27	25	30	27	40	34	34	32	36	36	28	39	52	39	41	39	42	31	39	42
Y_scaffold5	702655	42	30	20	27	25	30	27	40	33	34	31	36	36	28	39	52	39	41	38	42	30	38	42
Y_scaffold5	702656	41	32	20	27	25	30	28	40	33	34	32	36	37	29	39	52	38	41	38	42	30	38	42
Y_scaffold5	702657	41	31	20	27	26	30	29	41	33	34	32	37	38	29	39	52	38	41	38	42	30	38	43
Y_scaffold5	702658	41	31	20	27	26	30	31	41	33	34	32	37	38	29	37	53	38	41	38	42	30	38	43
Y_scaffold5	702659	41	31	20	29	25	31	31	41	32	35	32	37	38	30	38	53	37	40	38	42	30	39	43
Y_scaffold5	702660	41	31	20	28	25	31	31	41	32	35	31	37	38	30	37	52	37	39	38	42	29	39	43
Y_scaffold5	702661	41	31	20	28	25	31	31	41	32	35	30	37	39	31	37	52	36	39	37	43	28	39	43
Y_scaffold5	702662	40	31	20	26	25	31	32	41	32	35	30	36	39	31	37	52	36	40	38	44	28	39	43
Y_scaffold5	702663	40	31	21	26	25	31	32	43	31	35	30	36	39	32	37	53	36	40	38	44	28	40	43
Y_scaffold5	702664	39	32	21	27	25	30	32	43	30	35	30	36	40	32	37	52	36	41	37	43	28	40	43
Y_scaffold5	702665	40	32	21	27	25	30	33	44	31	34	30	36	39	33	37	51	35	40	37	44	28	40	43
Y_scaffold5	702666	40	32	21	27	24	30	34	44	31	33	29	36	39	33	37	51	35	41	36	44	28	40	43
Y_scaffold5	702667	40	32	21	27	24	30	34	44	31	33	29	35	39	33	38	51	35	41	37	44	28	42	45
Y_scaffold5	702668	39	32	21	27	24	30	35	43	32	33	29	35	39	33	38	51	35	41	37	45	26	42	44
Y_scaffold5	702669	39	31	21	28	24	29	35	44	32	33	29	34	39	33	39	52	34	42	37	45	25	42	44
Y_scaffold5	702670	39	32	22	28	24	29	35	44	31	33	29	33	38	33	39	52	34	42	37	45	25	42	44
Y_scaffold5	702671	39	32	22	28	24	29	35	44	31	33	29	33	38	32	40	53	35	42	38	45	25	42	43
Y_scaffold5	702672	36	32	23	28	24	29	35	43	31	35	29	33	39	31	40	53	35	40	37	46	25	43	43
Y_scaffold5	702673	36	32	23	27	24	29	35	43	30	36	29	33	40	30	40	53	34	42	36	46	26	43	44
Y_scaffold5	702674	36	32	23	27	24	29	35	43	29	37	29	33	40	30	40	53	33	43	36	47	26	45	44
Y_scaffold5	702675	36	32	22	27	24	29	34	43	29	36	28	33	40	30	40	53	32	43	37	47	26	45	44
Y_scaffold5	702676	36	32	23	27	23	30	35	43	28	36	29	33	39	30	37	53	32	43	37	48	26	45	44
Y_scaffold5	702677	35	32	23	27	21	30	36	42	28	36	28	33	39	31	37	52	30	45	37	47	26	46	44
Y_scaffold5	702678	35	32	23	27	21	30	36	43	28	36	27	34	39	31	37	53	30	44	36	47	26	46	44
Y_scaffold5	702679	34	33	23	27	21	30	38	43	28	36	27	35	39	31	37	53	31	44	36	46	26	47	44
Y_scaffold5	702680	34	33	23	27	21	30	39	43	29	36	27	36	39	31	37	53	31	44	36	46	26	47	44
Y_scaffold5	702681	33	33	23	27	21	30	39	42	29	35	28	35	40	31	37	52	31	43	36	44	26	47	44
Y_scaffold5	702682	33	33	23	27	22	30	39	43	30	36	28	34	39	32	37	50	32	44	37	44	24	47	45
Y_scaffold5	702683	33	33	23	27	22	30	39	43	30	36	28	33	38	32	37	50	32	44	37	44	24	46	45
Y_scaffold5	702684	33	33	23	28	22	31	40	43	30	35	28	33	38	32	38	49	32	44	37	44	25	46	43
Y_scaffold5	702685	33	33	24	28	22	31	40	46	31	36	29	33	38	32	41	49	32	45	37	44	25	47	43
Y_scaffold5	702686	33	33	25	28	22	31	41	47	30	36	29	33	38	33	42	49	31	46	37	43	25	47	44
Y_scaffold5	702687	33	33	25	28	22	31	40	47	29	36	30	32	38	33	41	49	31	45	37	43	26	47	44
Y_scaffold5	702688	32	33	26	28	22	29	40	47	27	36	30	32	38	33	41	49	31	45	37	42	26	47	44
Y_scaffold5	702689	32	34	26	27	21	29	38	47	27	37	30	33	37	33	41	50	30	45	37	42	26	47	43
Y_scaffold5	702690	30	34	26	28	21	30	36	47	27	37	31	34	37	33	41	50	30	44	37	42	26	47	43
Y_scaffold5	702691	30	33	26	28	21	30	36	47	27	37	31	33	37	32	41	50	30	43	35	42	26	47	43
Y_scaffold5	702692	30	33	26	28	22	30	36	47	27	38	31	33	37	32	41	50	29	44	36	42	26	47	42
Y_scaffold5	702693	30	33	27	27	22	30	36	47	27	37	31	33	37	32	41	51	29	43	35	42	26	47	42
Y_scaffold5	702694	29	33	27	27	21	30	36	47	27	37	30	33	37	33	40	51	30	43	35	41	26	47	42
Y_scaffold5	702695	29	33	27	27	21	29	35	46	27	37	31	34	37	33	40	50	30	43	36	41	25	47	43
Y_scaffold5	702696	29	34	27	28	21	29	36	46	26	37	33	34	35	34	40	49	30	43	36	41	25	47	42
Y_scaffold5	702697	29	34	26	28	19	29	36	46	26	37	33	33	35	35	40	49	31	43	36	41	25	48	42
Y_scaffold5	702698	29	34	26	28	19	29	36	46	26	36	32	33	34	35	39	49	31	42	36	41	25	47	41
Y_scaffold5	702699	28	34	26	29	19	30	36	45	26	36	32	34	35	35	39	46	32	42	36	40	25	48	40
Y_scaffold5	702700	27	34	25	29	19	31	36	46	26	36	32	34	35	35	39	47	32	42	37	40	24	48	41
Y_scaffold5	702701	26	33	24	30	19	31	35	46	26	34	31	34	35	34	42	47	32	41	37	40	24	47	41
Y_scaffold5	702702	26	33	24	30	19	31	35	46	26	35	31	34	35	34	44	47	32	41	37	40	24	48	41
Y_scaffold5	702703	25	33	24	30	18	29	35	46	26	35	31	34	35	34	44	47	32	41	37	40	24	48	41
Y_scaffold5	702704	23	34	24	30	18	29	34	46	26	35	32	34	35	34	43	47	31	41	37	39	24	47	41
Y_scaffold5	702705	23	34	23	31	17	29	34	46	28	35	32	35	34	34	43	46	30	41	37	38	24	47	41
Y_scaffold5	702706	25	34	23	31	17	29	34	46	28	36	32	35	35	34	44	45	30	42	37	37	24	47	41
Y_scaffold5	702707	25	33	23	31	17	29	34	45	28	35	32	35	36	34	43	46	29	42	36	37	24	46	42
Y_scaffold5	702708	25	34	23	31	17	29	34	45	27	35	32	34	36	34	43	46	29	42	36	37	24	46	42
Y_scaffold5	702709	25	36	23	31	17	29	34	45	27	36	32	33	35	34	43	46	29	43	37	36	25	45	42
Y_scaffold5	702710	24	36	23	31	17	30	34	44	28	36	33	32	35	34	43	46	29	43	37	34	25	45	42
Y_scaffold5	702711	24	36	24	31	17	31	34	45	28	37	34	33	35	35	43	46	29	42	38	36	25	46	43
Y_scaffold5	702712	24	38	24	31	17	30	34	45	28	37	34	33	34	35	43	47	29	40	39	38	25	45	42
Y_scaffold5	702713	24	38	24	31	17	29	35	45	27	37	34	33	34	36	43	47	30	40	39	39	25	45	42
Y_scaffold5	702714	25	38	24	30	17	29	35	44	26	36	34	33	35	36	43	46	29	40	39	39	25	45	42
Y_scaffold5	702715	24	38	25	31	17	29	35	43	26	36	34	33	35	36	43	45	29	40	40	39	25	46	42
Y_scaffold5	702716	24	38	25	31	17	29	35	43	28	37	34	34	34	36	43	43	31	40	41	40	25	46	43
Y_scaffold5	702717	25	38	25	32	18	29	35	43	29	37	34	35	34	36	44	43	31	40	40	40	26	45	43
Y_scaffold5	702718	24	38	25	32	18	30	35	44	30	37	34	35	33	36	44	43	31	41	42	39	27	43	44
Y_scaffold5	702719	22	37	25	33	18	29	35	43	30	35	36	36	32	34	44	43	30	40	39	39	27	43	45
Y_scaffold5	702720	22	37	26	33	18	29	36	43	29	35	36	36	32	34	43	43	30	40	40	39	27	43	44
Y_scaffold5	702721	23	37	26	33	18	29	37	43	29	35	36	36	32	34	43	42	30	41	41	39	27	43	44
Y_scaffold5	702722	23	37	27	32	18	30	37	43	29	35	36	35	32	34	41	42	30	41	41	38	27	43	44
Y_scaffold5	702723	23	38	27	33	18	29	37	43	29	34	36	35	32	35	42	41	30	41	41	38	27	44	44
Y_scaffold5	702724	23	39	26	33	18	29	38	43	29	35	36	35	32	35	42	41	30	41	41	37	27	44	43
Y_scaffold5	702725	23	38	25	33	18	29	39	42	29	34	36	36	32	35	42	41	30	40	40	37	26	44	43
Y_scaffold5	702726	23	38	25	30	17	29	40	43	28	35	36	36	32	35	42	41	30	41	40	37	26	44	43
Y_scaffold5	702727	23	38	25	30	17	29	40	42	30	34	36	36	32	35	42	40	30	42	41	36	26	44	43
Y_scaffold5	702728	23	38	24	31	17	28	42	42	30	34	36	36	32	35	42	39	29	42	41	35	25	44	43
Y_scaffold5	702729	22	38	24	31	17	28	42	42	29	34	36	36	32	35	42	38	29	42	41	35	25	44	43
Y_scaffold5	702730	23	37	24	31	17	28	40	41	29	35	36	37	31	34	42	38	30	42	40	34	27	43	43
Y_scaffold5	702731	21	37	24	30	17	28	40	41	29	36	36	37	31	34	43	38	30	42	40	33	26	43	44
Y_scaffold5	702732	21	37	24	29	17	28	41	40	30	35	34	37	31	34	44	39	30	42	40	33	27	43	44
Y_scaffold5	702733	20	37	24	29	17	28	41	39	30	34	34	38	31	34	44	39	29	41	40	33	27	42	44
Y_scaffold5	702734	20	37	24	29	17	27	41	38	30	34	34	38	31	34	43	39	29	39	40	33	25	42	44
Y_scaffold5	702735	20	35	24	29	17	27	40	39	31	34	34	38	30	34	43	38	30	40	40	32	25	41	45
Y_scaffold5	702736	20	36	25	28	18	26	40	39	32	34	34	38	30	34	43	38	30	41	40	32	26	41	46
Y_scaffold5	702737	20	36	25	28	18	26	40	39	32	34	33	38	30	34	43	37	30	43	41	32	26	41	46
Y_scaffold5	702738	20	38	25	28	19	25	39	39	32	33	31	37	30	34	42	36	29	43	40	31	26	41	46
Y_scaffold5	702739	20	38	25	28	21	25	38	38	33	33	31	39	30	34	43	36	29	43	40	31	26	41	46
Y_scaffold5	702740	20	38	26	28	21	26	38	38	33	33	31	39	30	33	43	37	29	42	40	31	25	41	46
Y_scaffold5	702741	20	38	26	29	22	26	38	38	33	33	32	40	31	33	43	36	27	42	39	31	25	42	45
Y_scaffold5	702742	20	38	28	29	22	26	38	38	34	33	32	40	31	32	43	35	27	42	39	31	25	42	46
Y_scaffold5	702743	20	38	28	29	23	25	37	38	34	33	32	40	31	32	43	34	27	43	39	31	24	42	47
Y_scaffold5	702744	20	36	28	29	22	24	37	36	33	33	32	40	32	33	43	35	27	43	38	30	25	42	47
Y_scaffold5	702745	20	36	28	29	22	24	37	36	33	34	32	40	32	33	43	35	27	43	38	30	25	43	47
Y_scaffold5	702746	20	36	28	29	23	25	37	36	32	34	32	40	32	33	43	35	27	42	38	30	25	43	46
Y_scaffold5	702747	21	35	28	29	23	25	37	36	32	34	32	40	32	33	43	33	27	42	38	29	25	43	46
Y_scaffold5	702748	21	35	28	29	23	25	37	36	32	34	33	41	31	33	42	32	26	42	38	29	24	43	46
Y_scaffold5	702749	21	35	28	28	23	25	38	36	33	33	33	41	31	33	42	32	25	41	38	29	24	42	46
Y_scaffold5	702750	21	34	28	28	23	25	38	36	34	33	32	41	30	33	42	32	25	42	36	29	24	42	46
Y_scaffold5	702751	21	33	28	28	23	25	38	36	34	35	32	41	29	32	42	32	26	43	35	29	23	42	46
Y_scaffold5	702752	21	32	28	29	24	25	38	36	34	35	31	40	29	31	42	32	26	44	35	30	22	42	46
Y_scaffold5	702753	21	32	28	29	24	25	39	36	33	35	31	41	29	31	42	32	26	44	34	30	22	42	46
Y_scaffold5	702754	21	32	27	29	24	25	39	36	33	36	31	41	29	31	42	31	26	44	33	30	22	41	46
Y_scaffold5	702755	21	32	27	29	24	25	39	36	34	36	31	41	28	31	42	32	25	43	32	29	20	42	46
Y_scaffold5	702756	22	32	27	29	24	25	38	36	32	34	30	41	28	31	42	32	25	43	33	28	20	42	45
Y_scaffold5	702757	21	32	27	29	24	25	39	36	32	34	30	41	27	31	42	32	25	43	33	28	20	44	45
Y_scaffold5	702758	22	31	27	29	24	25	39	35	32	34	31	40	27	32	42	32	26	43	32	28	20	44	46
Y_scaffold5	702759	23	30	26	29	24	25	39	35	31	34	31	40	27	33	42	32	26	42	32	28	20	44	46
Y_scaffold5	702760	22	30	26	29	24	25	38	35	31	34	31	40	27	34	42	32	26	43	31	28	20	44	45
Y_scaffold5	702761	22	30	26	29	24	25	38	33	31	34	31	40	27	35	43	32	25	43	30	27	20	44	45
Y_scaffold5	702762	24	30	25	29	25	25	38	33	31	33	31	40	27	34	42	34	25	45	30	27	20	45	45
Y_scaffold5	702763	24	30	26	29	25	26	38	33	31	33	31	40	27	34	41	35	25	45	31	27	20	45	45
Y_scaffold5	702764	24	30	26	30	25	26	38	32	31	32	30	40	27	34	39	35	25	44	32	27	20	44	46
Y_scaffold5	702765	26	29	26	31	25	26	39	32	31	32	30	39	27	33	37	34	25	43	32	26	20	43	47
Y_scaffold5	702766	28	30	26	31	25	26	38	32	31	32	30	39	27	32	36	34	25	43	32	26	20	43	47
Y_scaffold5	702767	28	30	26	30	25	27	38	33	31	31	30	39	27	32	36	33	25	43	32	26	20	43	50
Y_scaffold5	702768	27	29	26	30	25	28	38	32	33	30	30	39	27	33	36	33	25	43	31	25	20	44	48
Y_scaffold5	702769	27	29	25	29	26	28	38	32	32	32	30	39	27	33	36	34	25	43	34	24	20	44	48
Y_scaffold5	702770	27	29	25	29	26	28	38	32	32	32	30	39	28	33	35	34	24	43	35	24	20	44	48
Y_scaffold5	702771	26	29	24	29	26	27	38	31	32	32	30	37	28	33	35	34	24	43	35	24	20	43	47
Y_scaffold5	702772	26	29	25	29	26	26	38	31	32	32	30	37	29	33	35	34	25	43	35	23	21	44	47
Y_scaffold5	702773	26	29	25	30	25	26	38	31	33	32	30	36	29	33	35	34	26	42	35	23	21	44	47
Y_scaffold5	702774	26	29	25	30	24	26	38	31	33	32	30	36	29	33	35	34	26	42	35	23	21	45	47
Y_scaffold5	702775	26	29	24	30	24	26	38	30	34	31	30	37	29	33	35	34	26	42	35	22	21	44	47
Y_scaffold5	702776	23	29	23	29	22	25	38	31	36	31	31	35	29	33	35	35	26	42	34	22	22	43	47
Y_scaffold5	702777	23	29	24	29	22	25	38	31	36	31	31	35	29	33	35	35	26	42	34	24	22	44	48
Y_scaffold5	702778	23	29	24	29	22	25	38	31	36	31	31	35	29	33	35	35	26	42	34	24	22	44	48
Y_scaffold5	702779	23	29	24	29	22	26	38	32	36	30	31	36	30	33	35	35	26	42	34	23	21	44	48
Y_scaffold5	702780	24	29	24	28	22	25	38	31	36	31	29	36	30	33	35	35	26	43	34	23	21	43	47
Y_scaffold5	702781	24	28	24	28	20	26	38	31	36	32	30	36	31	33	35	35	26	43	34	23	21	42	47
Y_scaffold5	702782	24	28	25	28	20	26	38	30	35	32	30	36	31	33	35	35	26	43	33	23	21	41	46
Y_scaffold5	702783	24	29	26	30	20	26	38	30	35	31	31	35	33	32	35	36	28	45	32	22	21	42	46
Y_scaffold5	702784	24	30	26	31	21	26	40	29	34	31	31	35	32	32	36	35	27	46	33	22	21	42	47
Y_scaffold5	702785	25	31	26	31	21	28	40	29	34	31	31	36	32	32	36	35	26	47	33	22	21	42	46
Y_scaffold5	702786	27	31	26	31	21	28	38	29	34	30	31	36	32	31	36	35	27	47	33	22	22	41	46
Y_scaffold5	702787	27	31	27	31	21	28	38	29	33	30	32	36	32	31	36	35	27	47	33	23	21	42	46
Y_scaffold5	702788	28	31	27	31	21	28	38	30	33	30	32	37	32	31	37	35	28	47	32	23	21	42	46
Y_scaffold5	702789	28	31	27	31	21	28	38	29	33	30	32	38	31	31	36	35	28	47	32	23	21	42	45
Y_scaffold5	702790	28	31	27	31	21	28	38	29	33	30	32	38	32	32	36	36	28	47	32	23	21	42	44
Y_scaffold5	702791	28	31	28	31	21	27	38	28	33	30	31	38	34	32	36	36	29	46	32	23	21	42	43
Y_scaffold5	702792	28	31	27	31	21	27	38	28	33	30	31	38	34	31	36	37	28	44	32	22	21	43	43
Y_scaffold5	702793	28	31	27	32	20	27	38	28	33	30	31	38	34	30	35	37	28	44	32	21	21	43	43
Y_scaffold5	702794	28	31	27	32	21	28	38	29	33	31	31	38	33	29	35	37	28	44	32	21	21	42	43
Y_scaffold5	702795	28	31	27	32	21	28	38	29	33	31	31	37	33	29	34	37	28	44	32	21	21	42	43
Y_scaffold5	702796	27	31	27	32	22	28	38	28	33	30	30	37	31	29	33	37	27	44	32	20	21	42	42
Y_scaffold5	702797	26	32	27	32	22	28	38	28	33	30	31	37	32	29	33	37	26	44	33	19	20	42	42
Y_scaffold5	702798	25	31	26	32	22	27	39	28	33	30	30	38	31	28	33	37	26	44	33	19	20	42	43
Y_scaffold5	702799	25	31	26	31	22	25	39	27	33	30	30	37	31	28	33	38	26	43	33	19	20	41	43
Y_scaffold5	702800	25	31	25	31	22	25	39	26	33	30	29	36	31	28	32	38	26	44	33	19	19	40	43
Y_scaffold5	702801	25	31	25	31	22	26	39	27	33	31	29	37	32	28	31	38	26	44	33	19	19	40	43
Y_scaffold5	702802	25	31	25	31	22	26	39	27	33	31	28	37	31	28	31	38	26	44	32	20	19	40	43
Y_scaffold5	702803	26	31	25	30	22	26	39	26	33	31	29	35	32	27	32	38	26	44	33	21	19	42	43
Y_scaffold5	702804	26	31	25	30	22	26	40	26	32	31	30	35	30	27	32	40	25	44	33	22	19	41	43
Y_scaffold5	702805	26	30	25	30	22	26	39	26	32	30	29	35	30	27	32	40	25	44	33	22	19	41	43
Y_scaffold5	702806	27	29	27	30	22	26	40	26	32	31	29	35	29	26	32	42	25	44	34	22	19	41	43
Y_scaffold5	702807	27	29	27	30	21	27	39	26	32	32	29	34	28	26	32	42	26	44	35	22	19	41	42
Y_scaffold5	702808	27	29	29	29	20	25	39	27	32	32	30	34	28	25	32	42	27	44	34	23	19	40	43
Y_scaffold5	702809	27	29	28	29	20	24	41	27	32	32	30	35	29	25	32	44	27	44	34	23	19	40	44
Y_scaffold5	702810	27	29	28	29	20	24	41	28	33	32	30	35	29	26	32	44	27	44	34	22	19	40	44
Y_scaffold5	702811	27	30	28	31	20	24	40	29	33	32	30	35	29	25	32	44	27	44	34	21	19	39	45
Y_scaffold5	702812	27	31	31	31	20	24	40	29	33	32	30	35	29	25	32	45	27	43	33	22	19	42	44
Y_scaffold5	702813	27	30	30	30	20	24	40	27	33	32	30	35	28	24	32	44	27	44	33	22	19	41	44
Y_scaffold5	702814	27	30	31	31	21	25	40	27	33	32	31	35	28	23	32	45	28	44	34	21	19	42	44
Y_scaffold5	702815	27	30	31	31	21	25	39	25	32	33	32	35	29	23	32	45	28	44	34	21	19	43	45
Y_scaffold5	702816	27	30	31	31	21	25	38	25	32	33	32	35	29	23	32	45	29	44	35	21	19	43	45
Y_scaffold5	702817	28	30	31	31	21	25	38	25	32	33	32	35	29	23	31	45	29	44	34	21	19	41	43
Y_scaffold5	702818	28	30	31	31	21	26	37	25	32	33	32	35	29	23	32	45	29	44	34	20	19	41	43
Y_scaffold5	702819	28	28	30	30	23	26	37	26	33	33	33	35	29	23	31	44	29	43	34	20	18	41	42
Y_scaffold5	702820	28	28	30	30	23	26	37	26	33	31	33	35	29	23	31	44	29	44	34	20	18	41	42
Y_scaffold5	702821	30	27	29	30	23	28	38	26	33	31	34	36	30	23	32	43	28	44	34	22	18	43	42
Y_scaffold5	702822	31	28	29	30	23	28	38	26	33	31	35	37	30	23	32	43	28	44	34	21	20	43	42
Y_scaffold5	702823	31	28	29	31	23	28	38	26	33	30	35	37	29	23	31	43	28	42	34	21	19	43	41
Y_scaffold5	702824	31	28	29	31	24	28	38	26	33	29	35	38	29	24	31	43	28	42	35	20	20	41	40
Y_scaffold5	702825	31	29	29	31	25	29	38	26	33	29	36	37	30	24	31	42	29	42	35	21	20	41	41
Y_scaffold5	702826	30	28	28	30	26	28	38	26	34	30	35	38	30	24	32	42	29	42	35	20	20	41	43
Y_scaffold5	702827	30	28	28	30	26	28	37	26	35	30	36	38	30	23	32	42	29	42	35	20	20	40	42
Y_scaffold5	702828	30	27	28	30	26	28	34	25	34	30	36	35	29	23	33	41	28	43	35	20	20	41	42
Y_scaffold5	702829	30	27	28	30	26	28	34	25	35	30	37	35	30	23	33	42	30	43	36	20	20	40	42
Y_scaffold5	702830	30	27	28	30	25	28	34	24	35	30	37	35	30	23	34	42	29	43	37	20	20	41	43
Y_scaffold5	702831	30	28	28	30	26	28	34	25	34	30	37	35	30	23	34	42	29	43	37	20	20	41	42
Y_scaffold5	702832	30	29	28	30	26	28	34	25	34	31	37	35	31	23	34	42	29	42	36	20	20	41	42
Y_scaffold5	702833	30	29	28	31	26	27	33	24	34	32	37	35	31	23	33	42	29	43	37	20	20	41	42
Y_scaffold5	702834	30	29	28	30	28	28	32	23	35	31	37	34	31	23	32	41	29	43	37	21	19	41	43
Y_scaffold5	702835	30	29	27	29	27	28	32	22	34	31	37	34	32	24	30	42	29	42	37	21	19	41	43
Y_scaffold5	702836	30	29	26	29	27	28	31	22	35	31	37	34	33	23	29	43	30	41	38	21	20	40	43
Y_scaffold5	702837	30	30	26	29	27	29	33	21	36	31	37	35	33	22	30	43	30	41	38	21	20	39	43
Y_scaffold5	702838	30	30	25	30	27	29	33	21	36	31	36	35	33	22	30	43	30	41	38	21	20	39	43
Y_scaffold5	702839	30	29	25	30	27	29	33	21	36	30	36	33	33	22	31	42	30	41	38	21	20	39	44
Y_scaffold5	702840	30	29	25	28	27	30	32	21	37	30	36	33	33	23	31	43	30	42	38	21	20	40	43
Y_scaffold5	702841	30	30	25	28	26	30	32	21	37	29	35	33	33	23	31	43	30	43	37	21	20	41	43
Y_scaffold5	702842	31	31	25	28	26	30	33	21	37	29	36	32	33	23	30	43	30	42	37	21	20	41	43
Y_scaffold5	702843	31	31	24	28	26	28	33	22	37	29	35	32	33	23	30	42	30	43	37	21	20	41	44
Y_scaffold5	702844	31	31	25	28	27	28	33	23	37	29	33	31	33	22	30	42	29	43	38	21	20	42	43
Y_scaffold5	702845	31	31	25	27	27	29	32	23	38	29	34	31	35	22	30	42	29	44	38	22	20	42	43
Y_scaffold5	702846	33	30	25	28	27	29	32	23	38	29	32	31	35	21	31	42	29	44	38	22	21	42	44
Y_scaffold5	702847	33	30	25	28	27	29	32	23	38	29	32	31	35	22	31	42	28	44	38	22	21	42	45
Y_scaffold5	702848	34	30	25	28	27	30	32	23	38	29	32	30	34	23	31	42	27	44	39	22	21	41	45
Y_scaffold5	702849	34	30	26	27	28	29	32	23	37	29	32	30	34	23	31	42	26	46	39	23	21	41	45
Y_scaffold5	702850	34	30	26	26	28	28	32	22	39	29	32	30	34	23	31	41	26	46	38	23	21	41	44
Y_scaffold5	702851	35	31	27	26	28	28	33	22	39	30	32	31	35	22	29	42	26	46	39	23	21	41	44
Y_scaffold5	702852	35	31	27	26	28	28	33	22	39	29	32	31	35	22	27	42	26	46	39	23	22	40	44
Y_scaffold5	702853	35	31	27	27	28	28	34	22	39	30	31	31	35	23	28	42	26	47	39	23	23	40	45
Y_scaffold5	702854	36	31	27	26	28	28	34	22	39	30	32	30	35	23	28	42	26	47	39	23	23	40	45
Y_scaffold5	702855	38	31	27	26	28	28	34	22	37	30	33	31	33	23	27	42	28	46	39	23	24	40	45
Y_scaffold5	702856	36	32	27	26	28	28	34	23	38	29	33	32	33	23	27	43	28	46	40	23	24	40	45
Y_scaffold5	702857	36	31	27	26	27	27	34	24	38	29	33	32	33	23	27	43	28	45	40	24	24	42	43
Y_scaffold5	702858	36	30	27	26	27	27	34	24	39	29	33	32	33	23	27	43	28	45	40	24	24	43	43
Y_scaffold5	702859	36	29	27	26	27	27	35	24	39	28	33	32	33	23	27	43	28	45	39	24	23	43	43
Y_scaffold5	702860	37	31	27	26	27	27	35	23	38	28	32	31	33	23	27	43	29	46	38	24	23	43	42
Y_scaffold5	702861	37	31	26	28	27	26	35	23	39	28	31	31	33	22	27	42	31	46	38	23	23	42	42
Y_scaffold5	702862	38	30	26	27	27	28	37	24	39	29	31	31	34	22	27	41	31	46	39	21	23	41	43
Y_scaffold5	702863	38	31	26	27	27	28	36	24	39	30	31	31	34	21	27	41	30	47	39	20	23	41	42
Y_scaffold5	702864	37	31	25	26	27	28	36	27	40	30	31	31	34	21	27	41	30	46	38	20	23	39	44
Y_scaffold5	702865	37	32	26	27	27	28	36	27	40	28	31	31	34	21	27	40	29	46	37	21	22	39	43
Y_scaffold5	702866	37	32	26	27	28	28	36	27	40	28	31	30	34	21	27	40	29	46	38	21	22	39	43
Y_scaffold5	702867	37	32	27	26	27	28	36	27	39	28	30	29	35	21	26	40	29	47	38	21	22	39	42
Y_scaffold5	702868	37	32	27	26	27	28	36	26	38	28	30	29	35	21	26	40	29	46	36	22	21	39	41
Y_scaffold5	702869	37	32	27	26	27	28	34	26	38	28	29	28	35	21	26	40	29	46	37	21	21	39	40
Y_scaffold5	702870	37	32	26	26	27	29	34	26	38	28	29	28	35	21	26	40	29	46	36	21	21	39	41
Y_scaffold5	702871	36	33	26	26	27	29	33	26	38	28	29	28	35	21	27	40	30	45	35	22	21	39	41
Y_scaffold5	702872	36	34	25	26	28	29	34	26	38	28	29	28	35	22	30	40	30	46	35	22	21	39	43
Y_scaffold5	702873	36	34	25	25	28	29	34	26	38	28	29	28	35	21	30	39	30	47	36	22	21	40	44
Y_scaffold5	702874	38	33	25	24	28	29	33	26	38	27	29	27	38	21	30	38	30	47	36	22	21	41	45
Y_scaffold5	702875	38	33	25	24	29	29	33	26	38	27	29	26	38	21	30	38	30	47	37	22	21	42	45
Y_scaffold5	702876	39	33	25	24	29	29	32	25	37	26	29	27	38	21	30	37	30	46	38	22	20	42	45
Y_scaffold5	702877	40	33	25	23	29	29	31	25	36	26	30	27	39	21	30	37	31	45	37	22	20	43	45
Y_scaffold5	702878	40	33	25	22	29	29	30	25	36	26	30	27	39	21	30	37	31	45	37	22	20	44	45
Y_scaffold5	702879	39	33	25	22	29	30	30	25	37	26	31	27	40	22	30	39	31	45	37	23	21	44	46
Y_scaffold5	702880	39	33	25	22	29	30	30	25	37	26	31	26	40	22	30	39	30	45	38	24	19	45	46
Y_scaffold5	702881	39	33	25	22	29	30	30	25	36	25	31	26	40	23	29	40	30	46	38	25	21	45	45
Y_scaffold5	702882	40	32	26	23	29	30	29	25	36	26	31	26	40	23	28	39	30	46	40	25	20	46	46
Y_scaffold5	702883	40	32	26	23	29	30	29	25	35	26	31	25	40	22	28	39	30	45	41	25	20	47	46
Y_scaffold5	702884	40	32	26	24	28	31	29	25	35	26	33	27	40	22	28	39	29	45	41	25	21	47	45
Y_scaffold5	702885	40	33	26	25	28	31	30	24	35	26	34	28	40	23	28	40	31	46	42	25	21	47	45
Y_scaffold5	702886	41	32	26	25	27	31	30	24	34	27	34	28	40	24	28	40	31	45	42	25	20	48	44
Y_scaffold5	702887	41	32	26	25	28	32	30	24	34	27	34	29	40	25	28	40	31	44	41	26	20	48	44
Y_scaffold5	702888	41	31	26	25	27	32	30	24	33	27	34	29	40	25	28	40	31	43	41	26	20	48	44
Y_scaffold5	702889	41	32	26	25	25	32	30	24	32	27	34	28	41	25	28	40	31	44	41	26	20	48	44
Y_scaffold5	702890	41	33	25	25	25	31	31	25	32	29	34	28	41	25	29	40	31	46	41	28	20	48	46
Y_scaffold5	702891	41	33	26	25	24	32	31	24	32	29	33	28	40	25	30	40	33	46	41	28	20	47	47
Y_scaffold5	702892	41	33	24	25	23	32	31	24	31	28	33	29	39	25	30	40	33	45	42	28	19	46	45
Y_scaffold5	702893	43	33	24	25	23	32	31	24	31	29	33	29	37	24	30	41	34	45	42	28	19	46	45
Y_scaffold5	702894	43	33	24	25	23	32	31	24	31	29	33	29	37	24	31	40	34	45	43	28	19	46	44
Y_scaffold5	702895	43	33	24	26	23	32	31	24	31	29	33	30	38	25	32	40	36	45	43	28	19	46	44
Y_scaffold5	702896	43	33	24	26	23	31	31	25	31	29	33	30	39	25	32	40	36	44	44	29	18	46	45
Y_scaffold5	702897	43	33	25	26	23	31	31	25	32	29	33	30	40	25	32	41	37	44	44	29	18	46	46
Y_scaffold5	702898	43	33	25	26	23	31	32	25	32	29	32	30	41	25	33	39	37	44	44	30	18	46	46
Y_scaffold5	702899	43	33	25	26	23	30	31	25	31	29	32	30	41	25	34	39	37	44	44	31	18	46	45
Y_scaffold5	702900	43	33	25	26	23	30	31	25	30	29	32	30	41	25	34	39	37	43	44	31	19	46	45
Y_scaffold5	702901	43	33	25	26	23	31	31	25	30	27	32	30	41	25	34	40	37	42	44	31	19	46	45
Y_scaffold5	702902	43	33	25	26	23	31	31	25	30	27	32	30	42	26	34	40	38	42	44	31	19	46	45
Y_scaffold5	702903	43	33	25	26	23	31	30	25	29	26	31	29	42	26	34	40	38	42	44	31	19	47	45
Y_scaffold5	702904	43	33	25	26	23	31	30	25	29	26	31	29	42	26	34	39	38	42	46	31	19	46	45
Y_scaffold5	702905	42	33	26	26	24	31	30	25	29	26	31	29	42	26	34	39	39	42	45	31	19	47	46
Y_scaffold5	702906	42	33	26	27	24	32	30	25	31	26	32	30	42	26	35	39	39	43	45	31	19	47	46
Y_scaffold5	702907	41	33	27	28	24	32	29	25	31	26	33	31	42	25	35	39	38	43	45	31	20	45	45
Y_scaffold5	702908	41	32	27	28	24	32	28	25	31	26	33	31	42	24	36	39	38	43	45	31	20	46	45
Y_scaffold5	702909	40	32	27	28	24	32	27	26	31	26	33	31	42	24	36	39	38	43	45	31	20	46	45
Y_scaffold5	702910	40	31	27	28	24	33	27	26	31	26	33	31	42	23	36	40	39	42	48	31	20	46	45
Y_scaffold5	702911	41	31	28	28	24	34	28	27	31	26	34	31	42	22	35	42	39	42	48	30	21	47	45
Y_scaffold5	702912	39	31	28	28	24	34	28	27	31	26	34	31	42	22	35	40	39	40	48	30	21	46	45
Y_scaffold5	702913	38	31	27	28	24	33	28	27	31	26	34	31	42	22	35	39	40	40	46	30	21	46	45
Y_scaffold5	702914	38	31	27	28	25	33	28	27	31	26	35	31	42	23	35	39	40	40	47	30	21	48	44
Y_scaffold5	702915	37	31	27	27	25	33	27	27	32	26	35	31	42	23	35	39	39	40	47	30	21	48	43
Y_scaffold5	702916	35	30	27	27	25	34	28	27	32	26	35	31	41	23	34	39	39	40	47	30	21	48	42
Y_scaffold5	702917	35	30	27	27	25	33	29	26	32	27	35	31	41	23	34	39	39	41	47	30	21	48	40
Y_scaffold5	702918	35	31	27	27	25	33	28	27	30	25	36	31	40	24	34	39	39	41	46	31	21	47	40
Y_scaffold5	702919	35	31	27	27	24	33	28	27	31	25	36	31	41	24	35	38	39	41	44	31	21	47	40
Y_scaffold5	702920	35	31	28	27	24	33	28	27	31	25	36	31	40	24	36	38	39	42	43	31	21	48	40
Y_scaffold5	702921	35	31	28	27	24	33	28	27	31	25	36	31	40	24	36	37	39	42	43	31	21	48	40
Y_scaffold5	702922	35	32	27	27	24	33	28	27	31	25	36	31	39	26	36	37	39	43	44	31	19	46	40
Y_scaffold5	702923	36	32	27	26	24	34	28	28	30	24	36	31	39	26	36	39	38	43	44	31	19	49	40
Y_scaffold5	702924	36	33	27	26	24	34	30	28	30	24	37	31	40	27	35	39	39	43	44	32	19	49	40
Y_scaffold5	702925	36	34	27	26	24	34	30	28	29	24	36	30	40	27	35	39	39	43	44	33	19	49	40
Y_scaffold5	702926	36	33	27	26	24	34	30	28	28	25	36	30	40	27	35	37	39	42	44	33	18	49	40
Y_scaffold5	702927	37	32	26	26	24	34	30	28	29	25	37	30	40	27	35	36	39	42	43	32	18	48	39
Y_scaffold5	702928	37	32	26	26	24	34	30	27	29	25	37	30	40	27	35	36	40	42	43	32	18	48	41
Y_scaffold5	702929	37	32	26	26	24	33	31	27	29	25	37	29	39	27	35	37	40	42	43	32	18	48	41
Y_scaffold5	702930	38	32	26	26	24	32	31	27	30	23	37	29	41	27	35	38	42	42	43	32	18	49	42
Y_scaffold5	702931	39	31	26	25	24	32	31	27	30	23	36	29	39	27	35	38	41	42	43	32	18	49	42
Y_scaffold5	702932	39	31	25	24	24	32	30	27	30	23	36	30	39	27	35	39	42	42	45	32	21	49	42
Y_scaffold5	702933	39	31	24	24	23	33	30	27	30	23	36	30	39	27	35	38	42	40	45	32	22	48	42
Y_scaffold5	702934	39	30	24	24	22	32	30	27	30	23	36	30	39	27	34	38	42	39	44	32	23	47	41
Y_scaffold5	702935	37	29	26	24	22	31	30	27	30	23	37	29	39	27	34	38	43	40	44	32	23	47	42
Y_scaffold5	702936	36	28	25	24	22	31	30	27	31	23	38	29	40	27	33	38	41	40	44	31	22	47	43
Y_scaffold5	702937	36	28	25	24	22	31	30	27	31	23	37	30	41	28	33	38	42	40	44	31	22	47	44
Y_scaffold5	702938	35	28	25	24	22	31	30	26	31	23	37	29	41	27	33	38	42	40	44	31	22	47	44
Y_scaffold5	702939	35	28	26	24	21	31	30	27	32	24	38	29	40	26	33	38	42	40	44	31	22	48	44
Y_scaffold5	702940	35	28	26	24	21	31	29	27	32	24	38	30	39	26	33	38	41	40	44	31	22	48	44
Y_scaffold5	702941	35	28	25	24	22	31	29	27	32	24	38	30	38	26	34	38	42	40	44	31	22	48	44
Y_scaffold5	702942	35	28	25	24	22	31	29	27	32	24	38	30	39	26	35	37	42	40	44	31	22	47	44
Y_scaffold5	702943	35	28	25	24	22	33	30	29	33	24	38	33	40	26	34	39	42	40	44	31	24	48	46
Y_scaffold5	702944	35	28	24	24	22	32	31	28	33	23	37	33	40	26	34	39	42	40	44	31	24	48	46
Y_scaffold5	702945	35	27	24	24	21	32	31	28	33	23	37	34	40	26	34	39	43	40	44	31	25	49	46
Y_scaffold5	702946	35	28	24	24	22	32	32	28	33	23	37	35	40	28	35	39	44	40	46	33	25	50	46
Y_scaffold5	702947	35	27	24	24	22	32	32	28	33	24	36	36	39	28	35	40	45	39	45	33	25	50	46
Y_scaffold5	702948	35	27	24	24	22	32	33	28	33	24	36	35	39	29	36	40	45	39	45	33	25	50	45
Y_scaffold5	702949	35	27	24	24	22	32	33	28	33	25	36	35	39	29	36	39	45	40	45	33	27	51	45
Y_scaffold5	702950	35	28	24	24	22	32	33	28	33	25	36	36	39	29	36	39	45	41	46	33	28	51	46
Y_scaffold5	702951	36	29	24	24	22	31	33	27	33	24	35	36	38	29	37	40	44	41	47	33	28	50	46
Y_scaffold5	702952	35	29	25	24	23	31	33	27	33	24	35	36	38	30	37	40	44	41	47	32	28	49	46
Y_scaffold5	702953	35	29	25	24	23	31	33	27	33	24	35	36	37	30	37	39	44	40	47	32	28	49	46
Y_scaffold5	702954	35	29	24	24	23	32	32	27	32	24	34	36	37	30	37	36	44	40	47	31	28	49	46
Y_scaffold5	702955	34	30	24	24	23	32	33	27	32	23	34	36	37	30	37	35	44	40	46	31	28	48	46
Y_scaffold5	702956	34	30	23	24	23	32	34	27	32	22	35	37	38	30	37	35	43	40	45	31	28	48	46
Y_scaffold5	702957	33	30	22	23	23	34	33	26	32	23	35	37	38	30	37	33	43	40	45	31	30	48	47
Y_scaffold5	702958	33	31	21	23	23	34	33	25	32	23	34	37	38	31	38	33	42	41	45	30	30	48	46
Y_scaffold5	702959	33	31	23	23	23	34	31	25	32	22	34	36	37	31	37	31	43	41	45	30	30	48	45
Y_scaffold5	702960	33	31	23	22	24	36	31	24	31	22	34	36	36	30	37	31	43	41	45	30	30	48	45
Y_scaffold5	702961	33	31	21	21	24	36	31	23	31	23	34	36	36	30	37	31	43	41	45	30	31	46	45
Y_scaffold5	702962	33	31	20	21	24	36	33	24	31	23	34	38	38	30	38	32	43	42	45	29	31	45	45
Y_scaffold5	702963	33	31	19	21	25	36	33	24	31	23	34	38	38	30	38	31	43	41	45	29	32	45	46
Y_scaffold5	702964	32	33	19	20	24	35	33	24	31	22	33	38	38	31	38	32	41	42	43	29	32	45	46
Y_scaffold5	702965	32	34	19	20	25	35	33	24	31	22	32	38	37	31	38	32	41	42	43	29	32	45	45
Y_scaffold5	702966	33	34	19	20	25	35	33	25	31	22	32	38	37	31	38	32	42	41	43	29	32	46	45
Y_scaffold5	702967	32	34	19	20	25	35	33	26	30	22	34	38	38	31	38	32	42	41	43	29	32	46	45
Y_scaffold5	702968	33	34	19	20	26	35	33	26	30	23	34	39	39	31	37	32	43	42	43	29	32	46	44
Y_scaffold5	702969	33	35	19	20	25	35	35	24	29	24	33	39	40	31	37	32	43	42	43	29	32	47	44
Y_scaffold5	702970	33	35	19	20	25	35	35	24	27	24	32	37	40	31	36	33	43	41	43	27	32	45	44
Y_scaffold5	702971	31	35	19	21	25	34	34	24	28	25	32	38	39	31	35	33	43	42	42	27	32	45	45
Y_scaffold5	702972	30	34	19	21	25	34	34	24	29	25	31	37	38	31	36	35	43	42	41	27	30	45	46
Y_scaffold5	702973	30	34	19	20	24	34	35	24	30	25	31	37	37	30	37	36	43	42	40	26	29	46	46
Y_scaffold5	702974	30	32	19	20	23	34	35	24	30	25	31	37	37	30	38	36	42	42	40	28	29	46	46
Y_scaffold5	702975	30	32	19	20	23	35	35	25	29	25	31	37	37	30	39	36	42	42	40	28	29	46	45
Y_scaffold5	702976	30	32	19	19	23	35	34	25	29	24	31	36	37	30	38	37	42	43	40	28	29	45	43
Y_scaffold5	702977	29	32	19	19	23	36	34	25	28	24	30	36	37	30	37	37	42	41	40	28	29	45	43
Y_scaffold5	702978	29	32	20	19	23	36	34	26	28	24	29	36	37	30	37	37	42	40	40	29	28	44	43
Y_scaffold5	702979	29	33	20	19	23	37	35	26	27	24	28	36	36	29	36	36	40	40	39	29	28	43	44
Y_scaffold5	702980	29	32	20	19	22	37	35	25	27	23	28	38	36	29	36	36	40	40	40	30	28	43	43
Y_scaffold5	702981	29	32	20	19	22	37	35	25	27	23	28	38	36	29	36	36	41	40	40	30	28	43	44
Y_scaffold5	702982	30	32	20	21	22	37	35	25	27	21	28	38	35	29	36	36	41	41	40	31	28	43	44
Y_scaffold5	702983	30	32	21	21	22	37	35	27	27	21	28	38	35	29	36	36	41	40	39	31	28	43	45
Y_scaffold5	702984	30	32	21	21	21	36	35	27	26	21	27	38	35	29	36	36	41	40	39	30	28	42	44
Y_scaffold5	702985	30	32	21	21	21	36	36	26	25	21	27	38	33	28	36	35	40	40	39	31	28	42	43
Y_scaffold5	702986	30	32	21	21	21	36	36	26	25	21	27	38	33	28	36	34	40	40	38	31	27	42	43
Y_scaffold5	702987	30	32	21	22	21	36	34	26	24	21	26	37	33	28	35	34	41	40	38	31	26	42	43
Y_scaffold5	702988	30	32	21	21	21	35	35	27	24	22	26	38	34	29	36	35	41	41	38	31	27	43	45
Y_scaffold5	702989	30	33	21	21	21	34	35	27	23	22	27	38	34	28	35	34	40	42	39	31	28	43	44
Y_scaffold5	702990	30	34	21	21	21	35	35	27	23	22	27	38	35	28	36	34	40	41	39	31	28	42	44
Y_scaffold5	702991	32	33	21	21	21	35	35	27	23	22	27	38	35	28	36	34	40	40	40	31	28	42	44
Y_scaffold5	702992	32	33	21	21	22	35	35	27	23	22	26	38	35	28	36	34	40	40	41	31	29	42	44
Y_scaffold5	702993	32	34	20	21	22	35	35	27	23	22	26	38	35	28	36	34	40	39	41	31	29	42	44
Y_scaffold5	702994	32	34	19	21	22	35	35	26	23	22	26	38	35	28	36	34	41	39	39	31	29	42	44
Y_scaffold5	702995	32	34	20	21	22	34	35	26	22	22	25	39	34	27	35	34	41	38	40	30	29	42	44
Y_scaffold5	702996	30	34	19	20	24	34	35	27	22	22	25	39	34	27	34	35	41	38	40	32	28	41	43
Y_scaffold5	702997	30	34	18	20	24	34	35	28	22	22	25	39	33	26	34	34	41	38	40	32	29	41	42
Y_scaffold5	702998	29	33	18	20	24	33	35	28	23	23	26	40	33	25	34	36	41	38	40	32	29	43	43
Y_scaffold5	702999	30	33	18	20	24	33	35	28	23	22	26	40	33	25	33	36	41	37	39	32	29	43	43
Y_scaffold5	703000	30	33	18	20	24	33	35	28	23	23	26	40	33	26	33	36	41	37	39	32	29	43	44
Y_scaffold5	703001	30	33	18	20	24	33	33	29	23	23	27	42	33	26	33	36	41	37	40	32	29	44	45
Y_scaffold5	703002	30	33	18	20	24	33	33	29	23	23	27	42	33	27	33	36	41	37	40	32	28	46	45
Y_scaffold5	703003	30	32	18	19	24	33	33	29	23	22	28	42	33	26	32	36	41	38	40	34	27	46	44
Y_scaffold5	703004	29	32	18	19	24	33	32	29	24	22	27	43	34	27	32	36	41	38	40	34	27	46	43
Y_scaffold5	703005	28	32	18	19	23	33	33	27	24	22	26	42	34	27	32	35	39	38	40	34	26	46	43
Y_scaffold5	703006	28	32	18	19	23	34	33	28	23	22	26	41	35	27	31	34	40	37	41	33	26	44	43
Y_scaffold5	703007	28	33	19	19	24	34	34	27	23	23	26	41	35	27	31	34	42	37	42	33	26	44	43
Y_scaffold5	703008	28	33	19	19	24	34	34	27	22	24	26	41	35	27	33	34	42	37	42	35	26	43	43
Y_scaffold5	703009	28	33	19	19	24	34	33	27	22	25	26	41	35	27	33	34	42	37	42	36	26	44	43
Y_scaffold5	703010	27	33	19	19	24	34	33	27	22	24	26	41	35	27	33	34	41	38	42	37	28	45	43
Y_scaffold5	703011	26	32	19	17	24	33	32	27	21	24	26	41	35	27	34	34	39	38	41	36	28	45	43
Y_scaffold5	703012	27	32	19	18	24	32	32	28	21	23	26	41	35	27	34	34	39	39	40	36	30	46	42
Y_scaffold5	703013	27	31	19	18	25	32	32	28	21	22	26	41	35	29	34	34	39	38	40	36	30	46	42
Y_scaffold5	703014	27	31	19	18	25	32	32	25	20	23	26	41	34	29	35	34	39	38	40	37	31	46	40
Y_scaffold5	703015	26	31	18	17	25	34	32	25	18	23	26	41	34	29	35	34	38	38	41	36	31	46	41
Y_scaffold5	703016	26	31	18	17	24	34	32	25	18	23	26	41	34	30	35	34	38	38	40	36	31	46	41
Y_scaffold5	703017	26	31	19	17	24	34	32	26	18	23	26	41	33	30	35	34	38	37	42	36	31	46	41
Y_scaffold5	703018	26	32	19	16	24	33	32	26	18	23	25	41	33	30	35	34	38	37	41	35	31	46	40
Y_scaffold5	703019	26	32	19	16	24	33	31	26	19	23	25	41	33	30	34	34	39	36	41	35	31	46	39
Y_scaffold5	703020	26	30	19	16	24	32	31	26	19	23	25	41	33	29	33	34	38	36	41	34	31	46	38
Y_scaffold5	703021	26	30	19	16	24	33	31	26	19	23	25	42	33	29	31	34	38	36	41	34	31	46	38
Y_scaffold5	703022	26	29	19	16	24	33	31	26	19	24	25	42	33	29	31	34	38	36	40	34	31	44	37
Y_scaffold5	703023	27	29	19	17	24	33	31	29	20	25	27	44	33	31	30	34	38	35	40	34	32	49	37
Y_scaffold5	703024	25	29	19	17	24	34	31	29	20	25	28	44	30	31	30	34	38	35	39	34	32	48	36
Y_scaffold5	703025	25	30	19	17	23	34	31	31	20	25	28	44	30	31	31	34	39	36	40	34	32	48	36
Y_scaffold5	703026	24	30	19	17	23	34	31	31	20	25	28	43	30	31	31	34	40	36	39	34	32	48	38
Y_scaffold5	703027	23	30	19	18	23	34	31	31	22	25	27	43	29	31	31	35	40	36	39	35	33	47	41
Y_scaffold5	703028	23	30	19	18	24	34	32	32	22	24	26	44	28	32	31	35	40	37	40	36	33	47	40
Y_scaffold5	703029	23	30	19	18	24	33	32	32	21	25	27	44	28	31	31	35	40	37	40	35	32	47	40
Y_scaffold5	703030	23	30	19	17	26	33	33	33	21	25	28	44	28	30	31	35	40	36	39	33	31	46	39
Y_scaffold5	703031	22	30	20	17	27	33	34	33	21	24	28	44	28	30	32	34	41	36	40	33	30	46	39
Y_scaffold5	703032	22	30	19	16	28	33	34	33	21	24	28	44	28	30	32	34	41	36	37	33	30	44	41
Y_scaffold5	703033	21	30	19	15	28	32	35	33	21	24	26	42	29	29	32	33	40	37	37	33	29	46	42
Y_scaffold5	703034	22	30	19	15	28	33	34	33	21	24	25	42	28	29	33	34	40	37	37	33	29	47	42
Y_scaffold5	703035	22	29	19	14	28	33	34	34	21	24	25	42	28	29	33	34	40	36	37	33	30	48	42
Y_scaffold5	703036	22	29	19	14	29	34	36	34	21	24	26	42	29	28	33	35	41	36	37	33	31	47	42
Y_scaffold5	703037	21	29	19	15	28	34	36	34	22	25	26	41	29	27	33	35	41	35	37	32	31	47	43
Y_scaffold5	703038	22	29	19	15	29	35	36	34	22	25	26	41	30	28	33	35	41	36	37	32	31	47	44
Y_scaffold5	703039	22	30	19	15	29	35	36	35	22	25	27	40	29	30	32	34	41	34	39	31	31	47	45
Y_scaffold5	703040	22	29	18	15	29	35	36	34	22	24	27	40	29	30	31	33	41	33	39	31	31	47	45
Y_scaffold5	703041	22	29	19	16	29	34	37	35	22	24	27	39	29	30	30	33	39	34	39	31	31	47	45
Y_scaffold5	703042	22	29	20	16	29	34	38	35	22	23	27	38	29	30	30	33	39	34	39	31	31	47	46
Y_scaffold5	703043	22	29	20	16	29	34	38	35	22	23	27	39	29	29	30	33	38	35	39	31	31	47	46
Y_scaffold5	703044	22	29	20	16	29	34	38	35	23	23	27	38	29	29	28	34	38	35	38	32	31	47	46
Y_scaffold5	703045	22	29	20	15	29	34	38	36	23	23	27	38	28	28	28	34	37	35	37	31	31	47	47
Y_scaffold5	703046	22	29	19	15	28	34	38	35	24	24	27	38	27	28	29	34	36	35	37	31	31	47	46
Y_scaffold5	703047	21	29	19	15	28	34	38	36	24	24	27	37	26	29	30	33	35	35	37	31	31	47	45
Y_scaffold5	703048	21	29	19	15	28	35	37	36	24	25	27	38	26	29	29	33	35	36	37	29	31	47	46
Y_scaffold5	703049	21	30	19	16	29	35	38	36	24	25	27	38	27	31	29	32	35	36	38	30	32	47	47
Y_scaffold5	703050	21	30	19	17	29	35	38	37	24	25	27	39	27	31	30	32	36	36	38	30	31	48	47
Y_scaffold5	703051	22	30	19	16	29	34	39	39	24	25	27	39	27	31	30	31	34	38	39	29	32	48	46
Y_scaffold5	703052	22	30	19	16	29	34	40	39	25	25	27	39	27	30	32	32	34	37	39	29	32	48	46
Y_scaffold5	703053	24	30	19	16	29	34	40	39	24	25	27	39	27	31	32	33	35	37	38	30	32	48	47
Y_scaffold5	703054	24	31	18	16	29	33	40	39	24	25	27	41	27	31	34	33	35	37	37	30	33	48	46
Y_scaffold5	703055	25	31	18	16	28	33	40	39	24	25	28	41	27	31	35	34	34	37	37	31	33	48	48
Y_scaffold5	703056	25	31	18	16	28	33	41	39	23	25	27	40	27	32	34	34	35	36	37	31	33	48	48
Y_scaffold5	703057	25	31	17	15	28	32	41	38	23	28	25	39	27	32	34	34	35	36	38	31	32	48	48
Y_scaffold5	703058	25	31	17	15	30	32	41	38	23	28	25	40	27	32	35	34	35	36	38	31	32	47	48
Y_scaffold5	703059	26	31	17	15	30	33	41	38	23	29	25	40	27	32	35	34	34	36	36	31	32	48	49
Y_scaffold5	703060	25	31	19	15	30	33	41	37	23	29	24	40	27	32	35	33	34	36	35	32	31	48	50
Y_scaffold5	703061	25	31	19	15	30	34	41	37	23	29	24	39	27	32	35	32	34	36	35	32	31	47	50
Y_scaffold5	703062	25	31	20	15	28	34	42	37	23	29	23	39	27	32	35	32	34	37	35	33	31	46	50
Y_scaffold5	703063	25	32	20	15	28	34	42	37	23	29	23	39	27	31	35	32	33	38	35	33	31	46	52
Y_scaffold5	703064	26	32	20	14	28	34	43	38	26	30	23	39	27	31	35	32	34	38	33	33	31	46	52
Y_scaffold5	703065	26	32	20	14	28	34	43	38	25	30	23	39	28	31	35	32	35	38	33	33	31	47	52
Y_scaffold5	703066	26	31	20	14	29	33	42	38	25	29	22	39	29	31	35	32	35	36	33	34	31	48	52
Y_scaffold5	703067	26	31	20	14	29	33	41	38	25	29	22	39	29	31	36	34	35	36	35	34	31	48	52
Y_scaffold5	703068	26	31	20	14	29	33	41	37	26	29	22	39	29	29	36	34	35	36	35	34	31	49	52
Y_scaffold5	703069	26	31	20	14	29	33	41	37	25	29	22	39	28	29	35	34	35	36	35	34	31	50	52
Y_scaffold5	703070	26	32	19	14	29	33	41	37	26	29	23	39	28	28	34	36	35	34	35	34	32	49	52
Y_scaffold5	703071	26	31	19	14	29	32	41	37	26	29	23	39	28	28	33	36	35	34	34	34	33	49	52
Y_scaffold5	703072	26	31	19	14	29	32	41	38	27	29	23	39	29	27	33	34	34	35	34	34	33	47	52
Y_scaffold5	703073	26	31	20	15	29	32	41	37	28	29	23	40	30	28	33	35	34	35	35	35	33	47	52
Y_scaffold5	703074	26	30	20	15	30	32	39	37	28	29	22	40	29	27	33	35	33	35	36	35	33	46	52
Y_scaffold5	703075	26	29	21	15	30	33	39	36	27	29	22	41	29	27	33	35	33	35	36	34	33	46	52
Y_scaffold5	703076	25	29	22	15	30	33	39	36	26	28	21	42	29	27	33	36	33	35	36	33	33	45	52
Y_scaffold5	703077	24	29	22	15	30	33	39	36	27	28	21	42	29	27	33	36	33	35	36	33	33	45	52
Y_scaffold5	703078	24	29	22	15	30	33	39	36	26	28	21	42	28	27	33	36	32	34	36	33	33	45	51
Y_scaffold5	703079	27	29	22	16	30	33	38	36	27	28	20	42	28	27	34	35	31	35	37	34	34	46	51
Y_scaffold5	703080	26	29	22	17	30	33	38	37	27	28	20	43	28	27	34	35	31	37	37	35	35	46	52
Y_scaffold5	703081	25	29	23	17	30	33	38	37	27	28	20	43	28	27	34	35	30	36	37	35	33	46	52
Y_scaffold5	703082	24	29	23	18	30	33	38	37	27	28	20	42	28	27	34	36	30	36	35	35	32	46	52
Y_scaffold5	703083	24	30	24	18	30	33	39	38	28	29	20	42	28	28	34	36	31	36	35	35	32	46	53
Y_scaffold5	703084	24	30	23	17	30	33	37	38	28	29	20	42	28	28	34	36	31	36	35	35	31	47	53
Y_scaffold5	703085	24	30	22	17	30	33	37	38	28	29	19	42	27	28	34	36	30	34	35	35	31	47	53
Y_scaffold5	703086	24	30	22	17	30	33	37	38	27	29	18	42	27	28	34	36	30	34	35	35	31	46	54
Y_scaffold5	703087	27	30	22	17	32	34	38	39	27	29	19	42	26	28	35	37	30	34	36	36	31	46	53
Y_scaffold5	703088	27	30	22	17	32	34	38	39	27	29	19	42	26	28	36	37	30	34	36	36	31	46	52
Y_scaffold5	703089	27	31	21	17	32	34	38	38	26	28	18	41	26	28	36	37	30	34	36	36	31	45	52
Y_scaffold5	703090	28	31	21	18	32	34	37	38	26	29	18	40	27	28	36	36	30	34	36	38	32	46	51
Y_scaffold5	703091	28	31	21	18	31	34	37	39	25	29	19	39	27	28	35	36	30	34	36	38	32	46	51
Y_scaffold5	703092	28	31	21	18	31	34	37	39	25	29	19	39	26	28	35	37	30	34	36	37	30	46	50
Y_scaffold5	703093	28	31	22	18	31	33	37	37	25	29	19	39	25	28	35	36	30	34	36	38	30	45	54
Y_scaffold5	703094	28	32	22	18	31	33	36	37	25	29	19	38	25	27	35	36	28	34	36	38	29	44	54
Y_scaffold5	703095	28	31	22	19	31	33	36	37	25	29	19	37	25	27	34	36	28	36	35	37	29	44	54
Y_scaffold5	703096	28	31	22	20	30	34	35	37	25	29	19	38	25	27	34	37	28	36	34	36	29	45	54
Y_scaffold5	703097	28	31	22	20	30	34	36	37	25	28	20	37	25	27	35	36	27	36	34	36	29	45	54
Y_scaffold5	703098	28	31	22	20	30	34	36	38	25	28	20	37	25	26	34	36	27	35	34	36	29	46	56
Y_scaffold5	703099	28	31	22	21	31	34	36	40	25	27	20	37	25	26	34	36	28	36	33	36	27	45	57
Y_scaffold5	703100	28	30	22	21	31	34	35	40	25	27	20	36	25	26	33	37	28	35	32	36	26	45	56
Y_scaffold5	703101	27	30	22	21	31	35	35	40	25	28	20	35	25	26	32	36	29	35	31	36	26	45	56
Y_scaffold5	703102	27	30	22	21	31	35	35	41	25	29	22	36	25	25	34	36	29	37	31	36	26	46	56
Y_scaffold5	703103	28	31	22	21	31	35	35	41	25	29	22	36	25	25	35	36	29	37	31	36	26	46	57
Y_scaffold5	703104	28	31	23	21	31	34	34	41	25	29	22	36	25	25	35	36	29	37	31	37	26	46	58
Y_scaffold5	703105	28	30	24	21	31	33	33	41	25	28	22	35	25	25	36	36	29	37	32	37	26	46	58
Y_scaffold5	703106	28	30	24	21	31	33	33	41	25	28	21	35	24	25	36	36	29	37	32	37	26	46	58
Y_scaffold5	703107	28	29	24	21	31	32	32	41	25	28	22	35	25	25	36	36	30	37	33	37	24	46	57
Y_scaffold5	703108	29	29	22	21	32	33	32	42	25	28	23	36	25	25	35	36	30	38	33	37	24	47	57
Y_scaffold5	703109	29	29	22	21	31	31	32	43	25	29	24	36	25	26	35	37	30	38	34	37	23	47	57
Y_scaffold5	703110	29	29	22	22	31	31	33	44	26	28	24	36	26	26	36	37	30	38	34	37	23	47	56
Y_scaffold5	703111	29	29	22	24	31	31	33	43	26	28	24	35	25	26	35	36	30	38	34	37	24	47	56
Y_scaffold5	703112	29	28	22	24	31	31	32	44	26	28	24	34	25	26	35	36	30	37	34	37	24	47	56
Y_scaffold5	703113	29	27	22	24	31	31	32	44	26	29	24	33	25	26	35	36	30	36	34	37	23	46	55
Y_scaffold5	703114	29	27	22	24	31	31	32	44	27	31	24	33	25	25	36	36	30	36	35	37	23	46	55
Y_scaffold5	703115	29	26	23	24	31	31	32	44	27	31	25	34	25	25	36	38	30	37	35	37	23	45	55
Y_scaffold5	703116	28	26	23	24	31	31	32	43	28	31	25	34	25	25	36	38	29	37	35	38	23	45	55
Y_scaffold5	703117	27	27	23	24	31	30	32	43	28	31	23	35	26	25	36	38	27	37	35	38	23	45	55
Y_scaffold5	703118	27	27	24	24	30	30	31	44	28	31	23	35	25	25	36	38	27	37	36	38	23	45	55
Y_scaffold5	703119	27	27	25	25	29	30	29	44	28	30	24	36	24	25	36	39	27	38	36	39	23	44	55
Y_scaffold5	703120	27	27	25	26	29	29	29	44	28	29	24	35	24	25	36	38	27	38	36	39	23	44	55
Y_scaffold5	703121	27	29	25	25	29	29	29	44	27	29	25	36	24	26	36	38	27	37	36	39	23	43	54
Y_scaffold5	703122	27	29	25	25	29	29	29	45	26	29	25	36	25	26	35	36	27	38	36	39	23	43	53
Y_scaffold5	703123	27	29	25	25	29	29	28	45	25	29	24	35	25	26	34	35	28	37	36	39	23	42	53
Y_scaffold5	703124	30	29	26	25	28	28	28	45	26	31	24	35	25	26	33	37	28	37	36	37	23	42	55
Y_scaffold5	703125	31	29	25	25	28	27	28	44	26	32	24	36	25	26	32	37	28	37	36	37	24	43	55
Y_scaffold5	703126	31	29	24	25	28	26	29	43	26	32	24	36	25	26	32	37	28	36	37	36	24	43	55
Y_scaffold5	703127	31	30	24	25	28	26	30	45	26	32	24	36	25	26	34	37	28	36	37	36	24	43	55
Y_scaffold5	703128	33	30	24	25	28	25	31	45	26	32	24	36	25	26	34	37	28	38	38	37	24	43	55
Y_scaffold5	703129	33	29	24	25	28	25	31	45	27	32	25	36	25	26	34	37	28	38	38	37	24	43	53
Y_scaffold5	703130	33	29	24	24	28	25	31	45	28	32	26	34	25	26	34	37	28	38	37	36	24	44	53
Y_scaffold5	703131	33	29	24	25	28	25	31	45	28	32	27	34	25	26	34	37	27	38	38	36	24	44	52
Y_scaffold5	703132	33	30	24	24	28	25	31	45	28	33	27	34	25	27	34	38	27	37	39	35	26	44	52
Y_scaffold5	703133	33	30	23	24	28	25	31	43	29	33	27	34	25	28	35	38	27	37	39	35	26	45	51
Y_scaffold5	703134	33	31	24	24	27	25	31	44	29	33	27	34	25	28	35	39	27	37	39	35	26	45	51
Y_scaffold5	703135	33	31	24	24	27	25	29	44	29	32	27	34	25	28	35	39	27	36	39	34	26	44	51
Y_scaffold5	703136	33	31	24	24	27	26	29	44	29	33	27	34	25	28	35	39	28	36	39	34	26	44	52
Y_scaffold5	703137	33	31	24	24	27	26	30	44	29	33	28	33	25	28	36	39	27	35	39	34	26	44	52
Y_scaffold5	703138	34	31	24	24	27	26	30	43	29	33	28	33	24	27	36	39	27	35	39	34	25	46	51
Y_scaffold5	703139	35	30	24	24	27	26	30	43	29	33	27	33	24	27	36	39	27	34	38	34	24	46	52
Y_scaffold5	703140	33	28	24	24	27	25	30	43	29	33	27	33	23	27	35	39	28	34	38	34	24	45	52
Y_scaffold5	703141	33	28	24	24	27	25	30	43	29	33	27	33	23	28	35	39	28	34	38	35	24	45	53
Y_scaffold5	703142	33	27	24	24	25	25	29	42	29	33	28	33	23	28	35	39	27	35	38	35	23	44	53
Y_scaffold5	703143	33	27	24	24	25	26	29	42	29	33	28	33	23	28	35	39	27	35	38	35	24	44	53
Y_scaffold5	703144	33	27	24	24	25	26	30	41	29	33	28	33	22	29	35	39	29	35	38	35	24	44	53
Y_scaffold5	703145	34	27	25	24	25	26	30	41	29	33	28	33	22	29	36	39	30	36	38	35	24	44	53
Y_scaffold5	703146	34	27	25	24	23	26	31	40	28	33	29	32	23	29	36	38	31	37	38	33	23	44	53
Y_scaffold5	703147	33	27	25	24	23	26	31	40	29	32	28	32	23	29	36	38	31	37	37	32	23	44	53
Y_scaffold5	703148	32	27	25	24	24	26	31	40	30	32	29	31	23	29	36	37	31	38	36	32	23	45	54
Y_scaffold5	703149	32	28	25	24	25	26	31	40	30	32	29	31	23	29	36	38	31	37	36	32	23	45	54
Y_scaffold5	703150	33	28	25	24	25	26	31	40	30	31	30	31	23	29	36	38	31	37	36	32	23	45	53
Y_scaffold5	703151	33	29	25	24	25	26	31	39	30	31	30	29	23	28	37	39	32	37	35	30	23	42	52
Y_scaffold5	703152	33	29	25	24	25	26	31	39	30	31	30	29	23	28	37	40	32	37	35	31	23	42	53
Y_scaffold5	703153	33	29	25	24	25	27	32	39	29	31	30	29	22	27	37	40	32	37	35	31	23	42	53
Y_scaffold5	703154	33	29	25	24	26	27	31	39	29	31	30	30	22	27	37	40	33	37	36	32	23	42	54
Y_scaffold5	703155	33	29	25	24	26	27	31	39	29	31	30	31	21	27	37	41	33	37	36	32	24	43	54
Y_scaffold5	703156	33	28	26	24	26	26	31	38	29	31	30	31	22	27	37	41	32	37	36	32	24	45	55
Y_scaffold5	703157	34	29	26	24	25	26	30	38	30	31	31	31	23	28	38	41	31	37	36	31	24	45	55
Y_scaffold5	703158	34	28	26	25	25	26	31	38	30	31	32	31	23	29	37	41	32	38	37	29	25	44	55
Y_scaffold5	703159	34	28	26	25	25	27	31	38	31	30	32	31	25	29	38	41	32	38	37	29	25	45	55
Y_scaffold5	703160	35	28	27	25	25	28	31	37	32	30	32	32	25	30	38	42	32	38	37	28	25	44	56
Y_scaffold5	703161	35	28	27	25	25	28	31	37	32	30	32	32	26	30	38	42	32	38	38	28	24	44	56
Y_scaffold5	703162	34	28	27	24	26	29	30	37	32	30	32	32	26	30	38	42	32	37	38	28	23	43	56
Y_scaffold5	703163	34	28	27	24	25	29	30	37	32	30	32	32	26	28	38	42	32	40	38	30	23	45	57
Y_scaffold5	703164	34	29	27	23	25	29	30	37	32	31	32	32	26	28	37	42	33	40	38	28	22	45	57
Y_scaffold5	703165	33	28	27	23	25	27	30	37	33	31	32	32	26	28	37	42	33	40	37	28	22	45	56
Y_scaffold5	703166	33	29	26	23	25	27	30	37	33	31	33	32	26	27	38	44	33	41	37	28	22	45	56
Y_scaffold5	703167	33	29	26	23	25	27	30	36	34	31	33	32	26	28	38	44	33	41	36	28	22	45	56
Y_scaffold5	703168	35	28	26	23	25	27	30	36	34	31	34	32	26	28	38	46	34	42	36	30	22	45	56
Y_scaffold5	703169	35	28	26	23	25	27	30	37	33	30	33	32	26	27	38	46	33	42	36	30	22	44	56
Y_scaffold5	703170	35	28	26	22	25	28	29	36	33	30	33	32	26	27	38	45	33	42	36	30	21	44	56
Y_scaffold5	703171	35	28	26	22	25	28	29	36	34	30	35	32	26	27	38	45	34	42	36	30	22	43	56
Y_scaffold5	703172	35	28	26	22	25	28	29	36	34	29	36	33	26	26	38	45	34	42	36	30	22	42	56
Y_scaffold5	703173	34	28	26	23	25	27	29	34	33	30	35	32	26	26	38	45	34	42	36	31	22	41	56
Y_scaffold5	703174	34	27	26	23	25	27	29	34	34	30	35	32	26	27	39	45	35	41	36	31	22	40	56
Y_scaffold5	703175	34	27	26	23	27	27	29	32	33	30	36	32	26	27	39	45	34	41	35	31	22	40	55
Y_scaffold5	703176	34	27	26	23	27	27	30	32	33	30	36	32	27	27	40	45	32	42	35	31	22	40	52
Y_scaffold5	703177	34	27	26	24	26	27	29	33	33	30	36	32	27	27	41	44	32	41	36	29	23	41	51
Y_scaffold5	703178	34	27	26	24	26	27	29	32	33	30	36	31	28	26	42	44	32	41	35	29	23	40	51
Y_scaffold5	703179	36	27	27	25	26	27	29	31	33	29	35	32	28	26	42	44	33	41	36	29	23	40	51
Y_scaffold5	703180	36	27	27	25	25	26	28	31	33	30	34	32	29	26	41	45	33	42	36	29	25	42	53
Y_scaffold5	703181	36	27	26	25	24	27	28	31	34	30	35	32	29	27	42	46	33	43	36	29	25	42	54
Y_scaffold5	703182	36	27	26	25	23	27	27	31	34	30	35	32	29	27	42	47	33	43	36	29	25	42	51
Y_scaffold5	703183	37	27	26	25	23	28	27	31	34	29	38	32	29	28	42	48	34	42	35	29	26	41	51
Y_scaffold5	703184	36	27	27	25	23	27	27	31	34	29	39	32	29	28	41	46	34	42	35	29	26	40	51
Y_scaffold5	703185	37	27	27	25	22	26	27	31	34	29	40	31	31	28	41	47	32	42	35	29	24	39	51
Y_scaffold5	703186	37	27	26	25	21	26	25	31	34	30	39	32	30	28	41	47	32	43	35	29	25	40	52
Y_scaffold5	703187	37	27	26	24	21	25	25	31	33	29	39	32	30	28	41	47	32	43	36	29	25	40	51
Y_scaffold5	703188	36	28	26	24	21	24	25	31	33	29	39	32	30	28	41	47	32	43	36	29	25	41	50
Y_scaffold5	703189	36	27	26	24	21	24	24	30	33	28	38	33	30	26	41	47	32	43	34	29	25	41	48
Y_scaffold5	703190	36	28	26	24	21	25	24	30	33	28	38	33	30	26	41	47	32	43	35	28	25	41	47
Y_scaffold5	703191	36	28	25	23	22	25	22	30	33	28	39	33	31	26	41	47	32	42	34	29	25	42	46
Y_scaffold5	703192	36	28	24	23	22	25	22	32	33	28	39	33	31	26	41	47	32	42	34	29	25	43	46
Y_scaffold5	703193	36	28	24	23	22	25	22	32	33	28	39	32	31	26	41	46	32	43	34	31	25	43	47
Y_scaffold5	703194	36	28	24	23	22	27	23	32	32	28	39	33	31	26	41	46	31	43	35	30	25	43	47
Y_scaffold5	703195	37	28	24	23	23	27	23	32	32	28	39	33	32	26	41	46	32	44	35	30	25	43	46
Y_scaffold5	703196	37	28	24	23	23	28	23	32	31	27	39	33	32	26	40	46	32	44	35	30	25	43	46
Y_scaffold5	703197	37	29	24	23	23	28	23	31	30	27	39	33	32	25	39	46	32	44	35	30	25	44	46
Y_scaffold5	703198	37	28	24	23	23	27	23	31	30	26	40	33	31	26	39	46	32	43	35	30	26	44	45
Y_scaffold5	703199	37	28	24	21	22	27	22	31	30	26	40	33	30	24	38	46	31	43	34	29	25	44	45
Y_scaffold5	703200	35	27	24	21	24	28	21	29	30	26	40	32	31	24	34	47	31	42	34	28	25	44	45
Y_scaffold5	703201	36	27	25	21	24	29	22	28	30	26	40	32	30	24	34	47	31	41	34	28	24	44	45
Y_scaffold5	703202	36	27	26	21	23	29	21	28	30	26	40	32	31	24	35	46	31	42	34	28	24	44	46
Y_scaffold5	703203	35	27	26	21	23	29	21	28	30	26	40	32	31	23	35	47	30	42	34	28	24	44	45
Y_scaffold5	703204	35	27	26	21	23	29	21	29	30	26	40	31	31	24	35	47	30	42	34	28	24	43	45
Y_scaffold5	703205	34	27	26	20	23	28	21	29	30	26	39	31	31	24	34	46	30	42	34	27	24	43	44
Y_scaffold5	703206	34	27	26	20	23	28	21	29	29	26	39	34	31	23	34	46	30	42	34	28	25	43	44
Y_scaffold5	703207	33	28	27	20	23	28	21	29	29	23	40	34	31	23	32	46	32	44	33	28	25	43	44
Y_scaffold5	703208	33	28	27	20	22	28	22	29	29	23	40	35	31	24	32	46	32	44	33	28	25	44	44
Y_scaffold5	703209	33	29	28	20	22	27	22	29	29	22	40	35	31	24	34	46	32	44	33	28	25	43	44
Y_scaffold5	703210	34	29	26	21	22	27	21	29	29	22	40	36	31	24	34	46	32	44	33	27	25	42	43
Y_scaffold5	703211	34	29	25	21	22	26	20	28	29	22	41	36	31	24	34	46	32	43	33	27	25	42	43
Y_scaffold5	703212	34	28	25	21	22	26	20	29	29	22	41	36	31	23	35	46	33	42	33	26	26	42	41
Y_scaffold5	703213	35	28	25	21	23	26	20	30	29	22	41	36	31	23	35	47	34	43	33	26	26	42	41
Y_scaffold5	703214	34	28	25	21	23	26	19	30	27	21	42	36	31	23	35	47	33	43	33	26	26	42	41
Y_scaffold5	703215	35	28	26	22	24	28	19	30	29	24	44	36	31	23	35	48	32	44	35	28	26	42	42
Y_scaffold5	703216	36	28	27	22	23	27	19	30	29	24	45	36	30	23	35	48	32	44	35	27	26	41	43
Y_scaffold5	703217	37	28	27	22	23	27	19	30	30	25	45	36	30	23	36	46	33	44	33	28	26	41	44
Y_scaffold5	703218	37	28	27	22	24	27	19	30	30	25	45	36	30	23	37	46	34	44	33	28	26	40	44
Y_scaffold5	703219	37	28	28	22	24	27	19	30	30	26	44	36	30	23	37	45	34	44	33	29	26	40	44
Y_scaffold5	703220	36	28	27	22	24	27	19	30	29	26	45	36	30	23	38	45	35	44	33	29	26	40	44
Y_scaffold5	703221	36	27	27	22	24	27	19	30	28	26	45	36	31	23	38	45	35	46	33	30	25	40	44
Y_scaffold5	703222	35	27	27	22	24	27	20	29	28	26	45	35	30	23	38	45	35	45	32	30	25	40	44
Y_scaffold5	703223	35	28	27	22	24	27	20	29	27	26	45	35	31	22	39	44	35	45	32	29	25	41	45
Y_scaffold5	703224	35	29	25	22	23	26	20	30	27	26	46	34	31	22	39	44	35	45	31	28	25	41	45
Y_scaffold5	703225	36	29	25	22	23	26	20	30	27	26	46	34	32	22	40	44	35	46	31	28	25	41	44
Y_scaffold5	703226	36	29	25	22	23	26	20	30	27	26	46	34	34	22	40	43	34	45	31	28	25	40	44
Y_scaffold5	703227	35	29	25	22	24	26	20	30	25	26	46	34	34	22	39	44	34	45	31	28	25	40	44
Y_scaffold5	703228	36	29	25	21	24	26	20	30	25	26	46	34	35	22	39	45	34	45	31	27	24	41	44
Y_scaffold5	703229	35	29	25	20	24	26	20	29	25	26	46	34	34	22	39	45	34	44	31	27	23	41	44
Y_scaffold5	703230	35	29	25	21	24	26	20	29	25	26	46	34	33	22	39	44	34	43	31	26	23	41	43
Y_scaffold5	703231	35	29	25	20	24	26	20	32	25	26	47	34	33	22	39	44	33	43	31	26	23	41	44
Y_scaffold5	703232	35	28	25	20	24	25	19	32	25	26	47	34	33	22	40	43	33	44	32	26	22	41	43
Y_scaffold5	703233	36	28	24	20	24	25	19	31	24	25	47	34	33	21	40	44	32	44	32	26	22	41	43
Y_scaffold5	703234	36	28	24	20	24	25	19	32	24	25	48	34	33	21	40	44	33	44	32	26	22	40	43
Y_scaffold5	703235	35	29	25	21	24	24	18	32	24	25	48	34	33	20	39	43	33	44	32	25	22	41	41
Y_scaffold5	703236	34	30	25	22	23	24	18	32	24	25	47	33	33	20	39	43	33	44	32	26	22	41	41
Y_scaffold5	703237	34	30	25	22	22	25	18	32	24	25	47	33	33	20	39	44	33	44	31	27	22	41	41
Y_scaffold5	703238	34	30	25	22	22	25	18	32	24	25	47	33	33	20	38	44	33	44	32	28	22	41	41
Y_scaffold5	703239	33	29	25	21	22	24	19	33	24	24	47	33	32	20	38	43	33	45	32	28	22	40	41
Y_scaffold5	703240	33	29	25	21	22	24	19	33	24	24	47	32	32	20	38	44	34	45	32	26	22	40	41
Y_scaffold5	703241	33	29	25	21	22	24	19	32	24	24	46	32	32	20	37	43	35	45	32	26	22	40	41
Y_scaffold5	703242	33	29	25	20	22	24	19	32	24	25	46	32	32	21	37	43	35	45	32	26	22	40	41
Y_scaffold5	703243	33	29	24	20	22	24	19	32	24	25	46	31	32	21	37	43	35	45	32	25	22	40	37
Y_scaffold5	703244	34	29	24	20	23	24	20	32	26	26	46	32	32	20	37	44	35	45	32	28	23	42	39
Y_scaffold5	703245	34	30	24	19	23	24	20	32	26	26	48	33	32	21	38	44	35	44	32	28	23	41	39
Y_scaffold5	703246	34	32	24	18	23	23	20	32	26	26	47	32	32	22	37	43	35	45	32	29	23	40	40
Y_scaffold5	703247	34	32	24	18	23	23	19	32	26	26	48	32	32	22	37	44	35	45	32	29	23	40	40
Y_scaffold5	703248	34	33	24	18	24	23	17	31	26	26	48	33	33	22	37	45	35	45	32	29	24	39	38
Y_scaffold5	703249	34	34	25	17	24	23	17	30	26	26	48	33	34	22	38	45	35	45	32	30	24	39	37
Y_scaffold5	703250	34	34	25	17	24	23	18	30	26	26	48	33	35	22	38	44	36	46	32	30	24	39	37
Y_scaffold5	703251	34	34	25	17	25	23	18	32	26	25	48	36	36	23	37	45	36	47	32	32	24	38	37
Y_scaffold5	703252	34	34	24	17	24	23	18	31	27	25	46	35	36	23	37	45	36	46	32	32	25	40	37
Y_scaffold5	703253	33	33	23	17	24	23	18	32	29	25	46	36	36	23	36	45	38	46	32	32	25	40	38
Y_scaffold5	703254	33	33	23	17	24	23	18	33	29	25	46	36	36	23	36	45	38	46	32	31	25	40	37
Y_scaffold5	703255	34	33	22	17	25	24	18	33	29	25	46	36	37	23	35	45	39	46	31	31	25	41	38
Y_scaffold5	703256	34	33	22	16	25	24	20	33	29	25	45	36	37	23	35	45	39	46	30	31	26	41	38
Y_scaffold5	703257	34	33	22	15	25	23	19	33	29	27	45	36	36	22	35	45	40	45	31	31	26	41	39
Y_scaffold5	703258	33	33	22	15	24	22	19	32	29	28	45	35	36	22	35	45	40	45	31	31	26	40	39
Y_scaffold5	703259	33	32	22	15	25	23	19	31	29	28	44	36	36	21	36	44	41	45	30	31	27	40	39
Y_scaffold5	703260	33	32	22	15	26	24	19	30	28	28	44	37	34	21	35	44	43	45	30	31	27	41	40
Y_scaffold5	703261	34	32	22	15	26	24	20	30	29	28	44	37	35	21	35	44	43	45	30	31	26	41	40
Y_scaffold5	703262	34	32	22	15	25	24	20	30	29	27	44	37	35	21	36	44	43	44	31	31	26	41	40
Y_scaffold5	703263	34	32	22	15	25	24	20	30	29	27	44	37	35	21	36	43	44	44	32	31	26	41	40
Y_scaffold5	703264	35	31	22	15	26	24	20	30	29	25	44	38	35	21	36	43	44	44	32	32	26	41	40
Y_scaffold5	703265	35	31	21	15	25	24	20	30	30	25	43	38	35	21	36	42	44	43	32	32	27	41	40
Y_scaffold5	703266	36	31	21	14	25	24	20	32	29	25	43	38	35	21	36	42	44	43	32	31	27	40	40
Y_scaffold5	703267	36	31	21	14	25	24	20	31	29	25	43	36	33	21	36	42	44	44	32	31	27	40	40
Y_scaffold5	703268	36	31	20	15	25	24	20	30	29	24	43	36	33	21	36	43	44	42	31	31	28	40	40
Y_scaffold5	703269	37	30	20	15	25	26	20	30	29	24	42	37	33	22	37	44	44	42	32	31	29	40	40
Y_scaffold5	703270	37	30	20	14	25	27	20	30	29	24	42	37	33	22	37	44	44	43	33	31	29	40	40
Y_scaffold5	703271	37	28	20	14	25	27	20	30	29	24	42	36	33	21	38	44	44	43	33	31	29	40	40
Y_scaffold5	703272	37	29	20	14	25	27	22	29	29	24	43	36	33	21	38	44	44	42	34	31	30	41	41
Y_scaffold5	703273	36	29	20	14	25	27	22	29	29	23	43	36	34	21	39	45	44	42	35	31	31	41	39
Y_scaffold5	703274	37	29	21	14	25	27	22	29	28	22	43	37	34	21	39	44	44	42	35	31	31	41	39
Y_scaffold5	703275	37	29	22	14	26	27	21	29	28	21	43	36	35	21	39	44	44	42	34	31	30	40	39
Y_scaffold5	703276	37	28	22	14	26	27	22	30	28	22	43	36	35	22	39	43	44	42	35	31	31	40	40
Y_scaffold5	703277	37	28	23	14	26	27	20	28	28	22	45	37	35	22	37	43	44	41	35	31	32	40	40
Y_scaffold5	703278	35	28	23	14	26	28	20	28	27	22	45	37	35	22	38	43	44	40	34	30	32	40	40
Y_scaffold5	703279	36	28	24	14	26	29	20	29	27	23	45	38	35	22	38	43	45	41	34	30	32	40	40
Y_scaffold5	703280	36	28	24	14	26	29	21	29	27	23	45	38	35	22	39	43	45	41	34	30	32	39	40
Y_scaffold5	703281	36	27	24	14	26	30	21	29	27	23	44	38	35	22	40	43	46	41	33	30	32	40	41
Y_scaffold5	703282	35	27	25	15	26	30	21	30	27	22	44	39	35	20	40	44	47	41	32	31	30	40	41
Y_scaffold5	703283	35	27	28	15	26	30	21	30	26	22	44	40	35	20	40	44	47	41	32	32	31	39	44
Y_scaffold5	703284	35	27	27	15	26	30	21	29	26	22	44	40	35	20	40	43	47	41	32	32	31	39	45
Y_scaffold5	703285	35	27	28	14	26	30	22	29	27	22	44	40	36	20	41	45	48	41	33	34	33	39	45
Y_scaffold5	703286	35	28	28	14	26	28	22	30	27	22	44	40	37	20	41	45	48	41	33	34	33	39	44
Y_scaffold5	703287	34	28	28	15	27	28	21	30	27	22	43	41	37	20	39	45	48	42	33	34	34	40	44
Y_scaffold5	703288	34	28	29	16	27	28	21	30	28	22	44	41	37	20	39	45	48	42	33	35	34	39	44
Y_scaffold5	703289	33	28	29	18	27	30	20	30	28	22	45	41	37	20	39	45	48	43	34	36	34	39	43
Y_scaffold5	703290	33	28	29	18	27	30	20	30	28	22	45	42	37	20	39	45	48	44	33	36	34	39	45
Y_scaffold5	703291	33	28	29	18	27	30	20	30	28	22	45	42	37	19	40	45	48	44	33	35	34	39	44
Y_scaffold5	703292	32	28	29	18	28	30	20	31	29	22	44	43	37	19	41	45	48	43	33	35	34	39	44
Y_scaffold5	703293	34	28	29	19	28	29	22	31	29	22	44	43	37	19	42	45	48	43	35	35	33	39	44
Y_scaffold5	703294	34	28	29	19	28	29	22	32	29	22	44	42	37	18	42	45	46	43	34	36	33	39	44
Y_scaffold5	703295	34	28	28	19	28	29	23	32	30	22	44	42	37	18	42	45	45	42	35	37	33	38	46
Y_scaffold5	703296	34	29	28	19	28	28	23	32	30	22	43	42	36	18	42	44	44	41	35	37	33	37	46
Y_scaffold5	703297	34	29	27	19	25	28	22	35	28	22	42	42	36	18	42	44	45	41	36	37	34	35	45
Y_scaffold5	703298	35	29	28	19	25	28	23	35	28	24	42	42	36	18	41	43	45	41	37	37	34	35	44
Y_scaffold5	703299	35	28	28	19	25	28	23	35	28	25	42	42	37	19	41	43	46	43	37	37	34	35	44
Y_scaffold5	703300	34	28	28	19	25	28	23	35	28	25	41	42	37	18	41	44	46	42	37	37	34	35	44
Y_scaffold5	703301	34	27	28	19	25	28	24	35	29	25	41	42	37	18	41	45	48	41	38	37	34	36	44
Y_scaffold5	703302	34	27	28	20	26	28	24	35	29	25	41	41	37	18	41	44	49	41	39	36	34	36	43
Y_scaffold5	703303	34	27	28	20	26	27	24	35	29	25	42	40	37	18	41	44	49	41	39	36	34	36	43
Y_scaffold5	703304	34	27	27	20	27	27	24	35	29	25	43	40	37	18	42	44	48	42	39	35	34	36	42
Y_scaffold5	703305	34	28	27	20	27	27	24	35	29	26	44	39	36	18	42	43	48	42	38	35	33	36	41
Y_scaffold5	703306	34	28	27	20	27	27	25	35	29	26	44	39	35	18	41	43	48	42	37	35	34	35	41
Y_scaffold5	703307	35	26	26	20	27	27	26	35	29	27	43	39	35	17	40	44	47	41	37	35	34	36	41
Y_scaffold5	703308	36	26	26	19	27	27	25	35	29	26	42	40	36	16	40	44	47	40	37	35	32	36	43
Y_scaffold5	703309	36	26	26	19	27	26	25	35	28	26	42	40	34	16	39	44	47	40	37	35	32	35	43
Y_scaffold5	703310	35	27	26	19	27	25	28	35	27	26	42	39	34	15	38	43	47	40	37	35	31	35	42
Y_scaffold5	703311	35	27	26	19	26	25	28	36	27	26	42	39	33	15	38	43	47	40	36	35	31	35	42
Y_scaffold5	703312	36	28	26	19	26	25	28	35	27	28	42	39	34	15	38	43	48	38	38	34	32	34	44
Y_scaffold5	703313	37	28	26	20	26	25	28	35	27	28	42	39	34	15	38	43	48	37	39	33	32	33	43
Y_scaffold5	703314	37	28	26	20	26	25	28	36	26	26	42	39	34	15	40	43	47	38	40	33	32	33	43
Y_scaffold5	703315	37	27	26	20	26	25	28	37	26	26	41	40	35	15	39	45	47	38	41	33	32	33	43
Y_scaffold5	703316	37	28	26	20	26	26	28	37	25	26	41	40	35	14	39	44	47	38	40	33	32	33	43
Y_scaffold5	703317	37	28	26	20	27	27	28	37	26	27	40	40	35	14	39	44	47	37	40	32	32	33	45
Y_scaffold5	703318	36	28	26	20	27	27	28	38	27	27	40	41	35	14	40	42	46	37	41	31	32	34	45
Y_scaffold5	703319	36	29	27	20	28	26	29	38	26	27	38	40	35	14	40	42	46	37	41	32	31	33	46
Y_scaffold5	703320	36	30	27	20	28	25	31	38	26	27	38	40	35	14	40	42	45	37	41	34	33	33	47
Y_scaffold5	703321	36	30	27	21	28	25	31	38	26	27	37	41	35	14	40	42	45	37	41	34	33	33	47
Y_scaffold5	703322	36	30	28	20	28	25	31	38	26	28	36	41	35	14	40	42	45	37	41	33	33	33	47
Y_scaffold5	703323	36	31	28	21	29	26	32	38	25	28	35	41	34	14	38	42	44	38	41	33	33	33	47
Y_scaffold5	703324	37	31	28	21	29	26	32	38	26	29	35	41	34	15	38	43	44	39	41	33	33	34	47
Y_scaffold5	703325	37	31	28	21	27	26	32	38	26	29	35	41	34	15	38	43	44	39	41	33	33	34	47
Y_scaffold5	703326	39	34	28	21	27	26	33	37	25	29	35	42	33	15	35	42	44	39	40	34	32	34	49
Y_scaffold5	703327	39	34	28	21	28	27	33	37	25	29	35	42	34	17	35	43	44	39	40	34	32	34	50
Y_scaffold5	703328	38	34	28	22	28	27	33	37	25	30	35	42	34	17	35	44	43	39	40	34	32	35	50
Y_scaffold5	703329	37	34	27	21	28	27	33	37	25	30	35	41	34	17	35	44	43	39	39	35	32	35	50
Y_scaffold5	703330	37	34	28	21	28	27	33	38	25	29	35	41	33	17	35	43	43	38	38	35	30	33	48
Y_scaffold5	703331	38	34	29	21	29	27	33	41	24	29	35	42	33	16	34	43	42	37	39	35	31	33	48
Y_scaffold5	703332	38	34	29	21	29	26	33	41	24	29	35	42	33	16	34	42	42	37	39	35	31	34	48
Y_scaffold5	703333	37	34	29	21	30	26	33	41	24	31	31	42	33	15	34	41	41	38	39	35	30	33	47
Y_scaffold5	703334	36	34	29	21	30	26	33	41	24	31	30	42	33	15	34	41	41	38	39	35	30	33	47
Y_scaffold5	703335	36	34	29	21	32	26	33	40	25	31	30	42	31	15	34	42	41	39	39	35	30	33	48
Y_scaffold5	703336	36	33	29	21	32	27	33	40	25	30	31	41	31	15	35	42	41	38	38	38	30	32	47
Y_scaffold5	703337	36	33	29	21	32	27	33	40	25	30	31	41	31	14	36	42	41	37	38	39	30	32	47
Y_scaffold5	703338	36	33	29	21	31	27	33	40	26	30	31	41	30	14	36	43	41	37	38	39	30	31	47
Y_scaffold5	703339	36	32	30	21	31	26	33	40	26	30	32	40	30	14	36	43	41	37	38	39	30	31	47
Y_scaffold5	703340	37	31	30	21	31	26	34	40	26	30	34	40	30	14	37	45	42	37	37	39	30	32	48
Y_scaffold5	703341	37	31	30	21	30	26	34	39	26	30	33	40	29	14	37	45	42	37	37	38	30	31	48
Y_scaffold5	703342	38	31	31	21	31	25	34	37	26	30	33	40	29	17	38	45	44	38	37	37	30	31	47
Y_scaffold5	703343	38	31	31	22	31	26	34	38	26	30	34	40	29	17	38	46	44	39	37	37	30	32	47
Y_scaffold5	703344	38	31	31	22	32	25	33	38	26	30	34	39	29	18	38	46	44	39	37	37	30	32	47
Y_scaffold5	703345	37	32	31	22	31	25	33	38	26	30	34	39	28	18	38	46	43	38	37	38	30	32	48
Y_scaffold5	703346	37	32	31	22	31	24	33	38	26	30	34	40	28	18	38	46	43	38	37	38	30	32	48
Y_scaffold5	703347	37	31	31	22	31	25	33	38	26	31	35	40	28	18	39	46	43	38	38	38	30	31	48
Y_scaffold5	703348	37	31	31	23	31	24	33	39	25	31	34	41	28	17	39	47	43	38	39	38	29	31	47
Y_scaffold5	703349	37	31	31	23	30	24	33	39	25	32	36	41	29	17	40	46	43	38	38	38	29	30	47
Y_scaffold5	703350	36	31	30	23	30	24	33	39	25	32	36	40	28	18	40	46	43	38	38	38	29	30	47
Y_scaffold5	703351	36	31	29	23	30	24	32	39	25	33	37	40	27	18	39	46	44	37	38	38	29	30	46
Y_scaffold5	703352	36	31	30	23	29	24	33	39	25	33	37	42	28	18	39	45	44	37	38	38	29	30	46
Y_scaffold5	703353	36	31	30	23	29	24	33	39	25	33	37	42	28	17	39	44	44	37	38	38	28	30	46
Y_scaffold5	703354	36	31	31	24	29	24	33	40	25	33	38	42	29	18	40	44	44	37	38	38	29	31	47
Y_scaffold5	703355	36	30	31	24	29	24	32	40	25	33	37	37	30	17	40	44	43	36	38	37	28	31	47
Y_scaffold5	703356	37	30	30	24	29	24	32	40	25	33	37	37	30	17	41	44	42	36	39	37	30	31	47
Y_scaffold5	703357	37	30	30	24	29	24	32	40	25	33	37	37	30	17	41	44	42	36	39	37	30	31	47
Y_scaffold5	703358	37	30	30	24	29	24	31	40	27	33	37	37	30	17	41	44	42	36	39	37	30	31	47
Y_scaffold5	703359	37	30	28	25	29	24	31	40	27	33	38	37	30	17	39	44	42	36	39	37	30	31	47
Y_scaffold5	703360	37	31	28	23	29	24	31	40	26	33	38	36	30	17	39	44	42	36	38	37	30	31	47
Y_scaffold5	703361	37	33	28	23	29	23	31	39	26	34	39	36	31	18	39	43	42	36	39	38	30	31	47
Y_scaffold5	703362	37	33	28	24	29	24	31	39	26	34	39	36	31	19	40	43	42	36	39	38	31	31	47
Y_scaffold5	703363	36	34	27	24	28	26	31	38	25	34	38	36	31	20	40	44	41	35	39	38	31	30	46
Y_scaffold5	703364	36	34	27	24	27	26	31	38	24	33	36	36	31	20	40	45	41	35	38	37	31	30	46
Y_scaffold5	703365	36	34	28	24	28	25	32	38	24	31	36	36	30	20	40	44	41	35	38	36	32	30	46
Y_scaffold5	703366	35	34	28	24	28	25	32	38	24	31	35	36	30	20	40	44	41	35	38	36	32	30	45
Y_scaffold5	703367	34	34	28	24	28	25	32	38	23	30	35	36	32	20	38	45	41	36	38	36	32	30	44
Y_scaffold5	703368	34	34	28	24	27	25	33	38	22	29	35	36	32	20	37	45	40	36	38	36	32	30	44
Y_scaffold5	703369	34	33	27	24	27	25	33	38	22	29	35	36	32	20	37	45	40	36	38	35	31	29	44
Y_scaffold5	703370	35	33	27	25	28	25	33	38	22	29	34	36	32	20	38	45	39	36	39	35	32	30	44
Y_scaffold5	703371	35	34	27	27	28	25	33	38	22	29	34	36	30	21	39	45	39	35	39	34	32	30	45
Y_scaffold5	703372	36	34	27	27	28	25	32	38	22	29	34	37	30	21	38	45	39	35	39	34	32	30	45
Y_scaffold5	703373	39	33	27	26	28	25	33	37	22	29	33	37	29	21	38	44	39	35	39	34	32	30	44
Y_scaffold5	703374	38	33	27	26	28	25	33	38	22	29	33	36	27	21	38	44	39	34	39	34	32	30	44
Y_scaffold5	703375	36	34	27	26	28	25	33	38	22	29	33	36	26	21	39	43	40	35	38	35	32	29	45
Y_scaffold5	703376	36	34	27	26	28	25	33	39	22	29	34	36	26	21	39	43	40	35	38	35	32	29	46
Y_scaffold5	703377	36	34	27	26	27	25	33	39	22	29	34	36	27	21	39	42	41	35	38	35	32	29	46
Y_scaffold5	703378	35	35	27	27	27	25	33	40	23	29	37	36	26	21	40	43	41	35	39	36	32	30	45
Y_scaffold5	703379	35	35	26	26	27	26	33	40	24	29	37	36	26	21	40	44	42	35	39	36	32	30	45
Y_scaffold5	703380	35	35	26	26	27	26	33	40	24	29	37	36	26	21	41	44	42	35	39	37	32	30	45
Y_scaffold5	703381	35	35	26	26	27	26	33	37	24	30	37	36	26	21	41	43	42	34	38	38	33	31	44
Y_scaffold5	703382	35	36	26	26	27	26	34	37	25	30	37	37	26	21	40	44	42	35	38	38	33	33	44
Y_scaffold5	703383	34	36	26	24	27	26	34	36	25	30	37	37	26	21	41	43	40	35	38	37	34	33	43
Y_scaffold5	703384	33	35	26	24	27	26	34	38	26	30	36	38	26	21	41	44	40	35	38	37	34	34	43
Y_scaffold5	703385	33	34	26	24	27	26	34	38	26	30	37	38	26	21	41	44	40	35	38	38	34	33	43
Y_scaffold5	703386	33	34	26	24	27	26	34	38	26	30	37	38	26	21	41	44	40	35	38	38	34	33	43
Y_scaffold5	703387	33	34	28	24	27	26	34	38	27	32	37	38	26	21	43	43	41	36	39	38	33	34	43
Y_scaffold5	703388	33	34	28	24	27	26	34	38	27	33	38	39	26	21	44	43	42	36	39	38	33	34	43
Y_scaffold5	703389	33	34	28	24	27	26	35	38	27	34	38	39	26	21	44	43	40	36	39	37	33	33	45
Y_scaffold5	703390	34	34	28	24	28	26	35	38	26	34	38	39	26	21	44	42	41	36	39	37	33	33	45
Y_scaffold5	703391	34	34	28	24	27	27	34	38	26	34	38	39	26	21	44	42	41	36	39	35	33	32	46
Y_scaffold5	703392	34	34	28	24	27	27	35	38	25	32	38	39	26	20	44	42	41	36	39	35	33	32	45
Y_scaffold5	703393	34	34	28	24	27	27	35	38	25	32	38	39	26	20	45	42	41	36	39	35	33	33	44
Y_scaffold5	703394	33	34	28	24	27	27	35	39	25	32	38	39	26	20	46	42	41	35	39	35	32	33	44
Y_scaffold5	703395	33	32	28	24	27	27	35	39	26	33	37	38	26	19	45	42	41	35	39	35	33	33	43
Y_scaffold5	703396	33	32	28	24	27	28	37	40	26	33	37	38	26	19	45	42	41	35	39	35	33	34	43
Y_scaffold5	703397	33	31	28	24	28	28	37	41	26	33	36	37	25	20	45	42	41	35	40	35	34	34	43
Y_scaffold5	703398	33	31	27	24	27	28	37	40	27	33	36	37	24	20	44	41	40	34	40	34	33	34	43
Y_scaffold5	703399	33	31	27	24	27	28	37	40	27	33	38	35	25	20	44	41	40	33	40	34	33	35	43
Y_scaffold5	703400	33	32	27	24	26	27	36	38	27	34	38	34	24	20	44	43	38	32	40	32	33	35	43
Y_scaffold5	703401	33	32	27	24	26	27	36	38	27	34	38	34	24	20	45	42	38	33	41	32	33	36	43
Y_scaffold5	703402	33	32	28	24	26	26	36	39	26	33	38	34	24	20	44	42	38	32	42	33	32	34	43
Y_scaffold5	703403	33	32	28	25	27	26	36	37	25	34	38	33	24	21	44	42	36	36	42	34	33	35	42
Y_scaffold5	703404	33	33	28	25	27	26	36	37	25	34	38	34	25	22	44	43	36	36	42	34	33	36	43
Y_scaffold5	703405	32	33	28	25	26	25	36	37	26	34	40	34	24	22	44	43	35	36	42	34	33	36	43
Y_scaffold5	703406	34	33	28	25	26	25	34	37	26	34	42	34	24	23	44	44	35	36	43	34	32	37	43
Y_scaffold5	703407	34	33	28	25	26	25	34	37	26	32	42	34	24	23	44	44	34	37	42	34	32	37	42
Y_scaffold5	703408	34	33	28	25	26	26	34	37	26	31	41	34	24	23	44	44	33	36	42	34	32	37	42
Y_scaffold5	703409	34	33	28	25	26	26	34	38	26	30	41	33	24	23	44	46	32	36	42	34	31	37	41
Y_scaffold5	703410	35	33	28	25	25	26	34	38	26	30	41	32	24	23	46	47	30	36	43	34	31	37	41
Y_scaffold5	703411	34	33	28	25	26	26	34	37	25	30	43	32	23	23	46	47	30	36	42	34	31	39	42
Y_scaffold5	703412	34	33	28	25	26	28	34	37	25	30	43	32	23	23	45	47	32	36	42	34	31	39	42
Y_scaffold5	703413	34	33	28	25	26	28	35	37	25	30	44	31	23	23	45	46	31	36	41	35	31	39	43
Y_scaffold5	703414	34	34	28	25	25	28	35	37	25	30	44	30	23	23	44	46	31	36	41	34	31	39	44
Y_scaffold5	703415	35	33	29	26	25	28	35	37	24	30	45	30	23	24	44	46	31	36	42	34	32	39	44
Y_scaffold5	703416	35	34	29	26	25	28	35	35	25	30	45	30	23	24	44	45	31	36	42	34	32	39	45
Y_scaffold5	703417	36	34	29	26	25	27	35	36	25	31	45	30	23	24	44	45	31	35	42	33	31	40	45
Y_scaffold5	703418	36	35	29	25	25	27	36	36	25	31	46	30	24	23	45	44	31	35	42	33	31	41	46
Y_scaffold5	703419	35	35	28	25	25	26	36	36	25	31	46	29	24	23	44	44	31	35	41	33	31	41	46
Y_scaffold5	703420	35	36	28	25	25	25	36	37	25	31	46	29	24	24	44	44	32	34	40	33	31	41	46
Y_scaffold5	703421	34	35	28	25	25	25	34	37	25	31	45	29	24	24	43	44	32	35	40	33	30	40	46
Y_scaffold5	703422	35	35	28	25	25	25	35	37	25	31	45	29	23	24	44	44	31	35	39	34	29	40	45
Y_scaffold5	703423	34	36	28	26	25	26	35	37	25	31	45	29	22	24	45	43	31	35	39	34	29	40	45
Y_scaffold5	703424	34	36	27	26	25	26	35	37	25	31	45	28	22	24	45	43	31	36	39	34	29	40	45
Y_scaffold5	703425	34	36	27	26	25	26	35	37	25	32	45	28	21	24	45	45	32	37	39	34	29	41	45
Y_scaffold5	703426	34	35	27	27	25	26	34	36	26	31	46	28	22	23	46	45	33	37	38	34	28	42	46
Y_scaffold5	703427	34	35	26	27	25	27	34	37	26	32	44	27	23	23	46	45	33	37	37	34	27	42	46
Y_scaffold5	703428	34	35	26	27	25	26	34	37	26	32	43	27	23	23	45	46	33	37	37	34	27	42	46
Y_scaffold5	703429	34	35	26	27	25	25	34	37	25	31	43	26	23	23	45	46	33	36	37	34	27	43	48
Y_scaffold5	703430	34	35	26	27	26	24	33	37	25	31	43	26	23	24	44	46	33	36	37	34	27	42	47
Y_scaffold5	703431	34	35	26	26	26	24	33	37	25	31	43	26	24	24	44	46	33	36	37	34	27	42	47
Y_scaffold5	703432	34	35	25	25	26	24	33	37	25	31	43	27	24	24	44	44	32	36	37	33	27	42	47
Y_scaffold5	703433	34	35	23	26	27	24	33	38	25	32	45	27	25	24	44	45	32	36	37	32	26	42	45
Y_scaffold5	703434	34	35	23	26	27	24	32	38	25	32	45	27	26	24	43	45	30	36	37	32	25	42	45
Y_scaffold5	703435	34	35	22	26	27	24	32	37	24	32	45	27	24	24	46	43	30	36	37	31	26	43	46
Y_scaffold5	703436	34	34	22	25	27	24	33	37	24	31	45	27	24	24	46	43	30	36	38	31	26	43	46
Y_scaffold5	703437	34	34	23	25	25	24	34	37	24	32	45	26	24	24	46	43	30	35	38	32	25	42	45
Y_scaffold5	703438	34	34	22	24	25	24	34	37	23	32	44	26	24	25	46	42	30	35	38	31	25	42	45
Y_scaffold5	703439	34	34	23	22	24	22	35	37	23	32	44	27	25	25	46	42	31	34	38	30	26	43	45
Y_scaffold5	703440	35	34	23	22	25	22	34	37	23	32	44	27	25	25	46	42	30	33	38	30	26	43	43
Y_scaffold5	703441	35	34	23	22	25	22	35	37	22	32	44	27	25	25	44	42	30	33	38	30	26	43	43
Y_scaffold5	703442	33	34	23	22	25	22	35	36	23	32	45	28	26	25	46	43	32	34	38	30	26	44	43
Y_scaffold5	703443	32	34	23	22	25	22	34	37	23	33	45	28	26	25	45	44	32	35	36	30	26	44	45
Y_scaffold5	703444	32	34	23	22	25	22	33	37	22	33	46	28	26	25	44	44	33	35	35	29	26	44	45
Y_scaffold5	703445	31	34	22	23	25	23	33	35	22	33	47	29	27	25	44	44	33	34	34	28	25	44	46
Y_scaffold5	703446	31	36	22	23	25	24	33	34	22	33	47	29	28	25	44	44	33	34	35	28	25	45	46
Y_scaffold5	703447	30	36	22	23	25	24	34	34	22	33	47	29	28	25	44	44	33	34	35	29	25	45	47
Y_scaffold5	703448	30	37	22	24	25	24	33	34	22	30	46	29	28	25	44	43	34	33	35	29	26	46	47
Y_scaffold5	703449	30	37	22	25	25	24	33	34	22	30	46	29	28	24	44	43	33	32	36	30	26	46	47
Y_scaffold5	703450	31	37	22	26	25	24	33	34	22	30	46	29	28	24	44	42	32	32	36	30	26	46	47
Y_scaffold5	703451	31	37	23	26	25	24	33	34	22	30	46	29	28	24	45	41	30	32	36	31	26	46	47
Y_scaffold5	703452	31	36	23	25	24	24	34	34	22	30	47	29	29	24	45	41	29	32	35	31	26	46	47
Y_scaffold5	703453	31	36	23	25	23	24	34	34	22	30	46	29	29	24	45	41	29	32	35	31	26	46	47
Y_scaffold5	703454	31	36	23	26	23	25	34	34	22	30	45	29	29	25	44	41	30	32	34	31	26	46	47
Y_scaffold5	703455	33	35	23	26	23	25	34	34	22	29	44	29	30	25	44	41	31	33	34	31	26	45	47
Y_scaffold5	703456	33	35	22	26	23	25	33	34	21	28	45	29	30	25	45	41	31	34	34	31	25	45	47
Y_scaffold5	703457	31	36	23	26	23	25	32	34	21	27	45	29	30	25	45	40	31	34	33	31	26	44	47
Y_scaffold5	703458	30	37	23	26	23	25	32	35	22	28	45	28	29	25	45	40	30	34	32	31	26	44	45
Y_scaffold5	703459	30	36	23	26	23	25	32	35	23	29	45	28	29	25	46	41	30	34	32	31	27	44	45
Y_scaffold5	703460	30	37	23	26	24	25	31	35	23	28	45	28	28	25	47	41	30	34	32	31	27	45	44
Y_scaffold5	703461	30	37	23	27	26	25	32	34	23	28	47	28	28	25	48	41	30	34	30	31	27	45	44
Y_scaffold5	703462	29	36	23	27	26	25	32	34	24	28	47	28	27	25	48	41	30	34	30	31	26	45	43
Y_scaffold5	703463	28	36	23	27	26	25	32	34	24	28	47	29	28	25	48	41	30	34	29	32	26	45	43
Y_scaffold5	703464	28	35	23	27	26	25	32	34	24	28	47	29	28	25	46	41	30	33	28	33	26	46	43
Y_scaffold5	703465	28	35	23	27	26	24	33	33	24	28	47	28	28	25	46	39	30	33	27	33	26	46	43
Y_scaffold5	703466	28	35	23	27	25	25	33	33	24	28	47	29	28	26	46	38	30	32	27	33	26	46	43
Y_scaffold5	703467	27	35	23	28	25	24	33	35	23	28	47	29	28	26	46	38	30	32	27	33	26	46	41
Y_scaffold5	703468	27	33	23	28	25	24	32	34	22	28	47	27	28	26	45	39	30	32	26	32	26	45	41
Y_scaffold5	703469	27	33	22	28	24	24	32	34	22	28	48	27	28	26	45	39	30	32	26	32	26	45	41
