Y_scaffold5	787807	54	33	32	33	26	33	23	36	27	29	42	36	29	35	39	42	27	38	47	31	31	44	40
Y_scaffold5	787808	54	33	32	33	26	33	23	36	27	27	42	35	29	35	39	41	28	38	48	30	31	45	40
Y_scaffold5	787809	53	33	32	33	25	33	22	38	27	27	42	35	29	35	40	41	28	37	47	30	31	46	40
Y_scaffold5	787810	54	32	32	33	25	34	23	40	25	27	44	35	28	37	37	42	29	37	47	30	31	46	44
Y_scaffold5	787811	52	32	32	34	24	34	23	41	25	27	44	35	28	37	39	43	29	38	47	30	30	46	44
Y_scaffold5	787812	53	32	32	33	24	34	23	40	26	27	45	35	28	37	39	43	29	39	47	30	31	47	44
Y_scaffold5	787813	51	32	32	33	24	34	23	40	26	27	45	35	28	38	39	43	29	38	47	30	32	49	44
Y_scaffold5	787814	51	32	33	32	24	34	22	39	25	28	43	36	28	38	37	43	29	38	47	30	32	49	44
Y_scaffold5	787815	52	32	34	32	24	34	22	38	26	28	43	36	29	38	37	43	29	38	47	30	32	49	45
Y_scaffold5	787816	52	32	34	32	24	33	22	38	26	28	43	37	29	38	38	44	29	38	46	30	32	49	48
Y_scaffold5	787817	52	31	34	32	24	34	22	38	26	28	43	37	29	38	38	44	28	38	46	28	32	50	48
Y_scaffold5	787818	52	32	34	32	23	34	23	38	27	27	43	36	31	38	38	44	28	38	46	29	35	50	46
Y_scaffold5	787819	52	32	35	33	23	34	23	38	27	27	45	37	31	38	37	44	28	38	46	29	34	51	47
Y_scaffold5	787820	52	31	36	32	24	34	24	38	27	27	44	37	31	37	37	44	31	38	46	29	34	51	48
Y_scaffold5	787821	52	30	34	32	24	33	24	38	28	26	44	35	31	37	36	45	30	38	45	29	34	48	47
Y_scaffold5	787822	52	30	35	32	24	33	24	38	28	26	44	35	31	37	36	45	30	38	45	31	34	48	47
Y_scaffold5	787823	51	29	36	32	23	33	24	39	28	26	44	35	31	37	36	45	30	38	45	31	34	48	47
Y_scaffold5	787824	51	29	37	32	23	33	24	38	28	26	45	35	31	37	36	45	31	39	45	31	33	47	48
Y_scaffold5	787825	52	30	37	32	24	33	24	38	28	26	44	36	31	38	38	45	32	39	45	31	33	47	48
Y_scaffold5	787826	53	29	37	32	24	32	24	38	28	26	42	36	31	38	39	45	32	40	45	31	32	47	49
Y_scaffold5	787827	53	29	37	31	23	32	25	38	28	27	42	36	32	38	39	47	32	40	46	31	32	47	48
Y_scaffold5	787828	53	30	37	31	22	31	24	38	28	27	43	36	32	38	38	47	31	42	45	31	32	47	48
Y_scaffold5	787829	52	30	37	31	22	31	24	37	29	28	43	35	31	38	37	47	31	42	45	32	32	47	48
Y_scaffold5	787830	51	30	35	31	22	31	24	37	29	28	43	35	31	38	36	46	31	43	45	32	32	46	47
Y_scaffold5	787831	51	30	35	31	22	31	24	37	28	27	43	35	31	38	36	46	32	43	45	32	31	46	48
Y_scaffold5	787832	51	29	35	31	22	31	25	37	28	26	43	34	31	38	35	46	31	42	45	33	31	47	48
Y_scaffold5	787833	51	33	36	31	22	32	26	36	29	26	44	36	30	39	34	47	31	42	46	32	31	47	47
Y_scaffold5	787834	52	33	36	31	21	32	26	37	29	26	44	35	29	40	33	46	32	41	47	31	31	47	47
Y_scaffold5	787835	54	34	36	31	21	32	26	37	29	26	45	35	28	40	34	46	32	41	47	31	31	47	47
Y_scaffold5	787836	55	34	36	32	21	32	26	37	30	26	45	35	29	40	34	46	32	41	48	31	31	47	47
Y_scaffold5	787837	56	34	36	31	21	32	27	37	30	27	41	35	29	40	34	46	32	41	48	29	31	48	47
Y_scaffold5	787838	57	34	36	31	21	32	27	35	30	27	41	35	29	40	34	46	32	42	48	29	31	48	46
Y_scaffold5	787839	57	33	36	31	21	32	27	35	29	27	41	35	29	41	32	45	32	40	48	29	30	46	47
Y_scaffold5	787840	57	33	37	29	21	32	27	35	29	28	40	36	29	43	32	45	34	40	48	29	30	47	47
Y_scaffold5	787841	56	34	37	28	20	33	27	34	30	27	39	35	29	43	32	45	34	41	48	27	30	48	47
Y_scaffold5	787842	57	34	37	28	20	33	27	34	30	27	39	35	29	43	32	45	34	41	48	27	30	48	47
Y_scaffold5	787843	57	34	37	27	20	33	27	35	30	27	40	35	29	43	33	45	34	41	48	27	30	48	47
Y_scaffold5	787844	57	34	37	27	20	33	27	34	30	27	40	35	29	43	34	46	34	41	48	27	30	48	47
Y_scaffold5	787845	55	34	38	27	20	33	27	34	31	27	40	35	29	43	35	46	34	41	49	27	29	48	47
Y_scaffold5	787846	55	35	37	27	20	33	27	34	31	27	40	35	28	43	35	46	34	40	48	27	29	48	47
Y_scaffold5	787847	55	35	37	27	20	33	27	34	31	27	42	35	28	44	37	46	34	40	48	27	30	49	48
Y_scaffold5	787848	53	35	38	27	19	33	28	36	32	27	43	34	30	43	37	47	34	40	48	27	31	49	48
Y_scaffold5	787849	54	35	38	27	19	32	27	36	32	27	43	33	29	43	38	46	33	40	48	27	30	49	46
Y_scaffold5	787850	54	35	38	27	19	33	27	37	33	27	43	33	30	43	38	45	33	40	49	27	30	49	46
Y_scaffold5	787851	53	35	39	27	19	32	27	37	33	27	43	34	29	42	38	45	33	40	49	27	29	50	45
Y_scaffold5	787852	53	35	39	27	20	32	27	37	33	28	43	34	29	43	38	45	34	39	49	27	29	52	44
Y_scaffold5	787853	53	34	39	27	20	32	28	36	33	28	43	34	29	43	38	45	34	38	49	26	29	53	44
Y_scaffold5	787854	53	34	40	27	20	32	28	36	35	28	44	34	29	43	38	45	34	38	49	26	31	53	45
Y_scaffold5	787855	53	33	40	26	20	30	29	36	36	28	45	34	29	43	38	47	33	38	49	26	30	53	44
Y_scaffold5	787856	52	34	39	26	20	28	29	36	36	29	45	35	29	43	38	47	32	38	49	26	30	53	44
Y_scaffold5	787857	53	34	39	26	21	28	29	37	35	29	46	35	29	44	39	47	33	39	48	26	30	53	44
Y_scaffold5	787858	53	33	38	26	21	29	30	37	36	29	46	35	29	43	39	48	33	39	48	26	30	53	44
Y_scaffold5	787859	52	33	39	25	21	29	30	36	37	29	46	34	28	44	38	48	33	39	47	25	30	51	44
Y_scaffold5	787860	52	33	40	26	22	29	30	36	37	29	46	34	28	44	40	49	33	39	47	25	30	52	44
Y_scaffold5	787861	52	33	40	26	22	29	30	37	37	29	46	34	28	44	41	49	33	40	47	25	30	51	45
Y_scaffold5	787862	52	33	40	26	22	31	30	37	36	29	46	33	27	44	41	49	33	40	47	25	30	51	45
Y_scaffold5	787863	52	33	40	26	22	31	29	37	36	29	47	33	27	44	41	49	33	40	47	25	31	51	45
Y_scaffold5	787864	53	33	40	26	23	31	29	38	36	29	47	34	27	44	41	50	32	40	48	25	31	52	45
Y_scaffold5	787865	53	33	40	26	23	31	28	38	36	29	47	34	27	44	41	50	32	40	48	25	31	52	45
Y_scaffold5	787866	53	33	40	26	23	31	29	38	35	28	47	34	27	44	42	50	32	40	47	25	31	52	46
Y_scaffold5	787867	53	33	40	26	23	33	29	38	36	28	47	34	28	44	43	51	32	40	47	25	30	52	46
Y_scaffold5	787868	53	33	40	26	23	33	29	38	36	28	46	34	29	42	43	51	32	40	47	25	30	52	46
Y_scaffold5	787869	53	33	39	25	23	33	29	38	37	28	46	34	28	41	43	51	31	40	46	26	30	51	46
Y_scaffold5	787870	53	33	40	25	23	35	30	38	37	29	49	34	28	41	42	50	31	40	45	26	31	51	47
Y_scaffold5	787871	54	33	40	25	23	35	30	38	37	29	49	35	28	41	42	50	32	40	46	26	31	52	48
Y_scaffold5	787872	54	33	39	25	23	35	30	39	38	29	49	35	28	41	43	50	32	40	46	26	31	52	48
Y_scaffold5	787873	53	32	39	25	23	35	30	39	38	29	49	36	28	41	42	49	31	40	45	26	32	54	48
Y_scaffold5	787874	53	32	39	25	23	35	30	39	38	28	49	36	29	41	42	49	31	40	45	26	32	54	48
Y_scaffold5	787875	53	32	38	25	23	35	31	39	38	28	49	37	30	41	43	49	31	41	45	26	32	54	50
Y_scaffold5	787876	53	32	37	24	23	35	31	39	38	28	49	37	29	41	42	50	31	43	45	26	32	54	50
Y_scaffold5	787877	53	31	38	24	23	34	32	39	37	28	49	37	29	41	41	50	31	42	45	26	31	53	49
Y_scaffold5	787878	53	30	38	25	23	34	32	39	37	28	49	37	29	41	40	50	31	44	44	26	31	51	49
Y_scaffold5	787879	52	30	38	25	23	34	32	39	37	28	49	37	29	41	40	50	31	44	44	26	31	50	49
Y_scaffold5	787880	51	32	38	25	23	35	32	39	37	28	49	37	29	41	41	50	31	44	44	26	30	49	49
Y_scaffold5	787881	51	32	38	25	23	35	32	40	37	28	49	37	29	41	42	52	31	44	44	26	30	49	49
Y_scaffold5	787882	50	32	39	25	23	35	32	39	38	28	49	36	29	41	42	52	30	44	44	27	30	49	49
Y_scaffold5	787883	50	31	39	25	25	34	33	40	38	28	49	36	29	41	42	52	30	44	44	27	29	49	51
Y_scaffold5	787884	50	30	39	25	24	34	33	40	38	28	50	36	30	40	42	52	29	44	44	26	29	48	51
Y_scaffold5	787885	50	30	39	25	23	33	34	40	38	28	50	35	30	39	42	52	28	44	44	26	29	48	51
Y_scaffold5	787886	49	29	38	26	23	32	34	41	37	27	49	35	30	40	41	51	28	44	46	25	29	50	51
Y_scaffold5	787887	49	30	38	26	23	32	35	42	37	27	50	35	31	41	41	50	29	44	46	25	30	51	52
Y_scaffold5	787888	49	30	38	26	23	32	35	42	37	27	50	34	31	41	41	50	29	44	46	25	30	51	52
Y_scaffold5	787889	50	30	39	27	24	32	35	42	37	27	50	35	31	41	41	50	29	44	46	25	30	51	52
Y_scaffold5	787890	50	30	40	27	24	30	35	42	35	27	50	33	31	41	41	50	29	42	45	25	30	49	51
Y_scaffold5	787891	50	30	40	27	25	31	35	42	35	27	50	33	32	41	41	50	30	42	44	25	30	49	51
Y_scaffold5	787892	50	30	40	27	25	31	35	42	36	27	50	33	32	41	41	50	30	42	44	25	30	49	51
Y_scaffold5	787893	49	30	40	27	26	30	35	42	36	27	50	34	33	41	41	50	31	42	45	25	31	51	52
Y_scaffold5	787894	49	31	40	26	26	30	35	42	36	27	50	34	33	41	41	50	31	42	45	25	31	52	53
Y_scaffold5	787895	48	31	40	25	26	30	34	42	37	28	50	35	33	41	41	48	31	42	42	25	31	52	54
Y_scaffold5	787896	48	31	40	25	26	30	34	42	38	29	49	35	33	41	41	49	31	42	43	25	31	52	55
Y_scaffold5	787897	48	30	40	25	26	30	35	42	38	29	50	34	34	40	41	49	28	43	41	25	32	52	55
Y_scaffold5	787898	48	30	40	25	26	31	35	42	38	29	52	34	34	40	41	49	29	45	42	25	32	52	55
Y_scaffold5	787899	48	30	40	25	26	30	35	42	39	29	52	34	34	40	41	49	29	45	42	24	32	51	55
Y_scaffold5	787900	48	30	40	25	26	30	35	42	39	29	53	34	34	40	41	48	29	44	42	23	31	51	55
Y_scaffold5	787901	47	30	40	24	26	29	35	42	39	29	52	34	34	39	41	48	29	44	42	22	32	51	55
Y_scaffold5	787902	47	30	40	24	25	29	34	43	39	28	51	33	33	37	41	48	28	44	40	21	32	50	54
Y_scaffold5	787903	46	30	40	24	25	30	34	43	39	28	51	33	34	37	42	48	28	44	40	21	32	50	55
Y_scaffold5	787904	46	30	40	24	25	30	34	43	39	27	50	33	35	36	42	48	28	44	39	21	31	50	56
Y_scaffold5	787905	46	29	39	21	25	30	35	43	40	27	50	33	36	36	43	48	28	43	39	19	30	51	56
Y_scaffold5	787906	45	29	40	21	25	30	36	42	40	27	50	33	37	34	41	48	28	43	39	19	30	51	56
Y_scaffold5	787907	44	30	40	21	25	30	36	40	38	26	50	33	38	34	40	47	27	41	38	19	30	50	56
Y_scaffold5	787908	44	30	39	21	24	29	36	40	38	26	49	32	38	36	40	47	28	41	37	20	30	50	56
Y_scaffold5	787909	44	30	38	20	24	27	35	40	38	25	49	31	38	36	40	45	28	38	35	20	30	47	54
Y_scaffold5	787910	45	30	38	20	24	27	35	40	38	25	49	31	38	36	40	44	28	38	36	20	30	47	54
Y_scaffold5	787911	45	30	38	20	24	28	35	39	37	24	49	31	38	36	41	44	27	38	36	20	30	47	54
Y_scaffold5	787912	46	30	38	20	23	27	36	39	37	24	50	33	38	37	42	45	27	38	36	21	31	47	54
Y_scaffold5	787913	46	30	38	20	23	27	36	40	37	24	50	33	38	37	42	44	27	38	36	21	31	47	54
Y_scaffold5	787914	45	30	38	20	22	28	36	39	36	24	51	33	39	40	42	44	25	37	36	21	31	47	55
Y_scaffold5	787915	47	29	38	20	22	28	35	39	36	24	51	33	39	40	42	43	26	36	36	18	31	46	54
Y_scaffold5	787916	47	29	37	20	22	28	34	38	35	24	51	33	40	38	41	44	27	36	35	18	31	44	55
Y_scaffold5	787917	47	31	38	21	22	28	34	38	35	24	52	33	40	38	42	44	27	36	34	18	31	45	56
Y_scaffold5	787918	45	31	38	21	23	28	34	39	35	24	52	33	39	39	42	44	27	36	34	18	33	45	56
Y_scaffold5	787919	44	31	38	21	23	29	33	39	35	25	52	33	39	39	42	44	27	36	34	18	33	44	56
Y_scaffold5	787920	45	31	38	22	24	29	33	40	34	25	52	33	38	39	41	42	27	36	34	17	33	44	56
Y_scaffold5	787921	45	30	37	22	25	29	32	40	34	25	52	33	38	39	41	42	27	36	33	17	33	44	56
Y_scaffold5	787922	44	30	37	22	25	29	32	40	34	25	52	33	38	39	41	42	27	36	33	17	33	45	56
Y_scaffold5	787923	44	29	34	22	25	29	32	41	34	25	53	33	38	39	41	42	28	36	31	17	33	45	55
Y_scaffold5	787924	44	29	34	21	25	29	32	41	34	25	53	32	38	39	41	42	28	36	31	16	32	45	56
Y_scaffold5	787925	44	29	34	20	24	30	32	42	33	24	52	32	37	39	42	42	27	36	32	15	31	45	56
Y_scaffold5	787926	44	28	34	20	24	29	33	41	32	23	53	32	37	40	43	42	28	35	31	15	32	45	55
Y_scaffold5	787927	44	26	34	21	23	28	32	42	31	22	54	32	37	39	46	42	29	35	31	16	33	46	55
Y_scaffold5	787928	42	27	34	21	24	28	32	42	31	23	54	32	36	38	46	42	29	35	31	16	33	46	55
Y_scaffold5	787929	41	27	33	20	23	27	32	42	31	23	54	32	37	38	46	41	29	34	30	16	33	45	55
Y_scaffold5	787930	41	27	33	20	23	27	32	43	31	23	54	32	38	38	47	41	29	35	30	16	33	45	54
Y_scaffold5	787931	41	28	32	20	23	27	32	43	31	23	53	32	38	38	46	41	29	34	30	14	33	45	54
Y_scaffold5	787932	42	27	32	21	25	27	32	43	31	23	55	32	38	39	46	42	29	33	30	13	33	46	54
Y_scaffold5	787933	43	28	31	21	25	27	32	42	31	25	53	31	38	39	46	42	29	33	31	14	33	46	54
Y_scaffold5	787934	43	28	29	21	24	27	30	40	31	25	53	32	38	39	46	42	28	32	31	13	33	46	53
Y_scaffold5	787935	43	28	29	22	24	27	30	40	31	25	53	31	38	38	46	42	29	32	31	13	33	47	54
Y_scaffold5	787936	44	28	28	22	24	27	30	40	31	25	52	31	38	38	46	42	28	32	31	14	34	49	54
Y_scaffold5	787937	43	28	28	22	24	27	31	40	32	25	52	31	38	38	47	42	28	32	31	14	33	49	53
Y_scaffold5	787938	43	28	28	22	24	26	30	40	32	24	50	31	38	38	47	42	28	32	31	14	32	49	52
Y_scaffold5	787939	44	28	28	22	24	26	30	40	32	24	50	31	38	38	47	40	28	32	31	14	32	48	52
Y_scaffold5	787940	44	29	29	21	24	25	30	41	32	24	51	31	38	37	47	40	30	31	31	15	31	48	53
Y_scaffold5	787941	43	30	29	22	23	26	30	41	31	23	51	31	38	37	48	41	29	32	31	15	31	48	53
Y_scaffold5	787942	43	30	30	22	22	26	30	41	31	23	52	32	38	37	46	41	29	32	31	15	31	48	53
Y_scaffold5	787943	43	30	30	23	22	26	31	41	31	23	50	32	38	37	46	41	29	33	31	15	31	48	53
Y_scaffold5	787944	42	30	30	23	22	26	31	41	31	23	50	32	38	36	46	41	29	33	31	15	31	48	53
Y_scaffold5	787945	42	29	30	23	22	26	31	41	32	22	49	31	39	35	46	40	29	33	30	14	31	47	53
Y_scaffold5	787946	41	29	32	23	22	26	31	41	31	22	49	30	38	35	46	39	29	35	31	14	31	46	51
Y_scaffold5	787947	41	29	32	23	22	26	32	39	31	22	49	30	37	35	46	38	28	36	31	15	31	46	50
Y_scaffold5	787948	40	29	34	24	20	25	32	38	31	22	48	30	36	35	46	39	29	36	30	15	30	46	50
Y_scaffold5	787949	40	29	35	24	20	25	32	36	31	22	49	31	36	35	46	39	29	37	29	15	29	43	49
Y_scaffold5	787950	40	29	35	24	20	25	32	35	31	22	48	31	36	34	47	39	29	37	30	15	29	43	49
Y_scaffold5	787951	40	29	35	24	21	25	32	35	31	24	48	31	37	34	47	39	30	36	30	15	29	43	49
Y_scaffold5	787952	39	30	35	23	21	26	32	35	31	24	49	31	37	31	46	38	30	37	30	15	29	43	49
Y_scaffold5	787953	39	29	35	23	22	26	32	35	32	23	49	32	37	31	46	37	30	39	29	15	30	43	46
Y_scaffold5	787954	39	29	34	20	22	26	32	35	32	24	47	32	37	29	47	37	31	38	30	15	30	42	46
Y_scaffold5	787955	39	28	34	20	22	27	32	35	33	23	47	32	37	28	47	38	31	37	30	15	30	42	44
Y_scaffold5	787956	39	28	34	20	22	27	32	35	33	23	47	32	36	27	48	38	31	37	29	16	29	41	44
Y_scaffold5	787957	39	28	35	20	22	27	32	35	33	23	46	32	36	28	48	38	32	37	29	16	29	41	44
Y_scaffold5	787958	39	28	35	20	22	26	32	35	33	23	46	32	36	27	48	37	31	37	28	16	29	40	43
Y_scaffold5	787959	40	28	35	22	22	27	32	32	34	23	46	33	36	27	47	37	31	38	29	16	29	40	43
Y_scaffold5	787960	39	28	35	22	22	27	32	31	35	23	46	33	37	27	47	36	30	38	30	16	29	40	42
Y_scaffold5	787961	38	29	35	22	22	28	33	30	34	23	46	33	36	27	44	35	30	37	31	16	29	41	43
Y_scaffold5	787962	38	29	34	22	22	28	33	30	34	24	45	33	36	27	44	35	30	36	31	16	28	40	43
Y_scaffold5	787963	38	29	35	22	22	28	34	30	34	23	45	32	36	26	44	35	31	37	31	17	27	38	43
Y_scaffold5	787964	38	29	36	22	22	29	34	30	34	23	45	32	36	26	44	36	31	39	31	17	27	37	43
Y_scaffold5	787965	37	29	35	22	21	29	34	31	33	23	45	32	35	26	44	36	31	40	32	17	26	38	38
Y_scaffold5	787966	37	29	35	22	21	29	34	31	33	23	45	31	35	26	45	36	31	40	32	18	26	39	38
Y_scaffold5	787967	37	30	35	22	21	28	34	31	33	23	45	31	35	26	45	37	31	40	32	19	24	40	38
Y_scaffold5	787968	37	29	34	22	21	28	33	31	33	23	44	31	34	26	45	37	31	40	32	18	22	40	38
Y_scaffold5	787969	37	29	34	21	21	28	33	31	33	23	43	30	33	26	45	36	31	40	32	18	23	39	36
Y_scaffold5	787970	37	29	33	21	20	28	32	31	33	23	43	30	33	26	45	38	29	40	31	18	23	39	36
Y_scaffold5	787971	37	30	33	22	20	29	32	31	32	23	43	30	33	26	45	37	29	40	31	18	23	39	36
Y_scaffold5	787972	38	30	32	22	22	29	33	30	32	23	44	29	34	27	45	38	30	40	32	16	23	39	36
Y_scaffold5	787973	38	30	32	22	22	30	31	30	32	24	44	29	35	27	45	38	30	41	34	16	23	38	36
Y_scaffold5	787974	37	30	31	22	22	30	31	30	32	25	43	29	35	26	45	40	29	40	34	16	23	38	35
Y_scaffold5	787975	35	29	31	22	22	30	31	30	32	24	45	28	36	25	42	40	28	39	33	16	23	39	33
Y_scaffold5	787976	35	30	32	22	23	30	31	31	32	23	45	29	36	25	42	40	28	39	33	16	23	39	34
Y_scaffold5	787977	35	31	33	22	23	31	31	31	32	23	46	29	36	25	42	38	29	39	33	15	24	39	34
Y_scaffold5	787978	35	30	33	22	23	31	31	31	32	23	44	28	36	25	42	38	29	37	35	15	24	39	34
Y_scaffold5	787979	35	29	33	22	23	31	30	31	31	22	45	29	36	24	42	38	29	37	35	14	25	41	34
Y_scaffold5	787980	36	27	33	22	23	30	30	31	31	22	45	28	36	24	43	38	29	36	36	14	25	42	34
Y_scaffold5	787981	36	27	33	22	23	30	30	31	31	22	45	28	37	24	43	38	28	36	36	14	25	42	33
Y_scaffold5	787982	36	26	33	21	24	30	29	32	30	24	45	27	37	25	43	38	28	36	35	13	25	41	33
Y_scaffold5	787983	39	26	32	21	25	31	29	31	30	24	46	28	38	25	42	38	28	36	36	14	25	42	33
Y_scaffold5	787984	39	26	32	21	26	31	29	32	30	24	45	29	38	25	43	39	27	36	37	15	26	42	33
Y_scaffold5	787985	37	25	31	21	26	32	31	33	30	26	45	29	38	26	42	39	27	37	38	15	26	41	33
Y_scaffold5	787986	36	25	31	20	26	32	31	33	29	26	44	29	37	26	42	39	27	37	37	15	26	42	33
Y_scaffold5	787987	35	25	31	20	26	33	29	32	31	25	46	30	37	26	42	39	27	38	36	15	26	41	33
Y_scaffold5	787988	34	25	31	20	26	34	29	32	32	25	47	30	37	27	42	39	28	37	36	15	26	42	33
Y_scaffold5	787989	34	25	31	19	26	35	29	32	32	25	47	30	37	26	42	40	28	37	38	15	27	43	32
Y_scaffold5	787990	33	25	31	19	26	35	29	31	31	25	47	29	37	24	42	38	26	37	39	16	28	41	32
Y_scaffold5	787991	35	24	31	21	26	35	29	31	30	25	47	29	37	25	43	38	26	36	40	16	28	41	32
Y_scaffold5	787992	34	24	31	21	26	35	29	31	30	25	48	29	38	25	43	38	26	36	40	17	28	42	32
Y_scaffold5	787993	34	24	31	21	26	35	29	30	30	26	47	30	38	25	42	38	26	36	40	18	28	43	34
Y_scaffold5	787994	34	24	30	21	26	35	29	30	30	26	48	30	38	25	41	37	27	36	38	19	28	43	34
Y_scaffold5	787995	34	25	29	22	26	35	32	30	30	26	47	30	38	27	41	37	28	36	38	19	28	43	34
Y_scaffold5	787996	33	24	29	22	26	35	32	31	30	26	47	31	38	28	41	37	28	36	38	20	28	46	34
Y_scaffold5	787997	33	24	29	22	26	35	32	31	30	26	46	32	38	27	39	37	28	37	38	20	27	45	33
Y_scaffold5	787998	33	24	28	22	26	35	32	30	29	26	45	32	36	27	39	36	28	37	38	22	26	45	33
Y_scaffold5	787999	32	24	28	22	26	35	32	30	29	26	46	32	36	27	40	37	28	36	40	23	28	46	35
Y_scaffold5	788000	33	25	28	22	26	35	33	29	28	26	46	32	35	27	40	37	28	36	39	24	29	46	35
Y_scaffold5	788001	34	25	27	23	26	35	32	29	28	27	46	31	35	27	40	37	28	37	39	24	29	45	35
Y_scaffold5	788002	34	25	28	23	25	35	33	30	28	26	46	32	35	27	40	37	28	37	39	24	29	44	35
Y_scaffold5	788003	34	25	28	23	25	35	33	31	28	26	46	32	35	27	40	37	29	37	39	24	29	45	36
Y_scaffold5	788004	34	25	27	23	25	35	34	31	26	26	45	33	35	27	40	37	29	36	39	24	27	45	35
Y_scaffold5	894279	23	25	32	21	32	31	23	41	30	39	38	41	30	23	35	42	44	41	37	26	26	38	40
Y_scaffold5	894280	23	24	32	21	32	31	22	42	30	39	38	41	30	24	35	42	44	41	38	26	26	38	40
Y_scaffold5	894281	23	24	32	21	32	31	22	40	30	39	38	41	28	24	35	42	45	41	36	26	27	38	41
Y_scaffold5	894282	23	24	32	21	32	30	22	41	30	38	38	43	30	25	37	41	45	41	36	26	28	38	41
Y_scaffold5	894283	23	23	33	21	32	30	22	41	30	38	38	42	30	25	37	41	45	40	36	26	27	38	41
Y_scaffold5	894284	23	23	33	22	32	30	21	41	28	39	40	42	30	25	38	42	43	40	36	27	27	39	41
Y_scaffold5	894285	23	23	33	22	32	30	21	41	28	39	39	44	30	25	38	42	42	40	36	28	29	39	41
Y_scaffold5	894286	24	23	33	22	32	30	21	40	28	40	40	44	29	25	39	41	42	40	36	28	28	39	39
Y_scaffold5	894287	23	22	33	21	33	31	21	41	28	40	40	45	29	24	39	41	42	39	38	29	28	39	39
Y_scaffold5	894288	23	22	32	20	34	31	21	41	27	38	41	44	28	23	40	41	42	39	38	29	28	39	38
Y_scaffold5	894289	23	22	32	18	35	31	21	41	27	38	43	41	28	23	40	40	42	39	36	29	28	39	38
Y_scaffold5	894290	23	22	32	18	35	31	21	39	26	38	43	40	29	23	40	42	40	39	36	31	28	39	38
Y_scaffold5	894291	24	22	32	18	35	31	22	39	25	38	44	41	29	23	40	40	40	38	36	31	28	39	38
Y_scaffold5	894292	24	22	32	18	35	30	22	39	25	36	44	41	31	23	41	39	40	40	38	31	28	39	38
Y_scaffold5	894293	24	22	32	19	34	30	22	37	25	34	44	39	32	23	40	39	39	40	37	32	28	39	38
Y_scaffold5	894294	24	21	32	19	34	30	22	37	25	35	45	39	32	23	40	39	39	41	37	32	28	39	38
Y_scaffold5	894295	23	21	32	19	34	30	23	39	25	35	45	39	32	23	40	39	38	41	37	32	29	40	39
Y_scaffold5	894296	22	21	32	19	34	30	23	41	25	36	44	39	32	23	40	40	38	41	38	31	29	39	39
Y_scaffold5	894297	22	21	31	19	34	31	23	42	25	36	44	39	31	23	41	40	38	41	38	31	29	40	38
Y_scaffold5	894298	21	21	31	19	34	30	23	42	25	36	43	38	31	25	41	40	38	41	38	31	29	41	37
Y_scaffold5	894299	22	21	31	19	34	30	24	41	25	36	42	39	31	25	40	40	39	41	38	31	29	40	36
Y_scaffold5	894300	22	21	30	20	34	31	25	42	25	37	43	41	32	25	40	40	39	41	38	31	29	39	36
Y_scaffold5	894301	22	20	28	20	33	31	25	42	25	37	43	41	32	25	41	40	38	41	38	32	29	40	36
Y_scaffold5	894302	23	20	28	20	31	31	25	40	25	37	44	41	31	25	41	40	38	41	38	32	30	40	36
Y_scaffold5	894303	24	20	28	20	31	31	25	40	24	37	44	41	31	25	41	41	38	41	38	32	30	41	37
Y_scaffold5	894304	25	20	27	19	31	30	25	40	24	35	44	41	31	25	41	42	38	41	38	31	30	42	38
Y_scaffold5	894305	25	20	27	20	31	30	25	41	25	35	44	42	32	25	43	43	38	41	39	32	31	42	37
Y_scaffold5	894306	26	21	27	20	31	30	25	42	25	33	45	42	32	25	44	44	38	41	40	32	31	42	37
Y_scaffold5	894307	27	21	27	20	31	31	25	42	25	33	45	42	33	25	45	48	38	42	40	32	31	44	37
Y_scaffold5	894308	28	21	27	21	31	32	25	43	25	31	44	42	33	25	46	48	37	42	40	32	31	44	37
Y_scaffold5	894309	28	21	28	22	31	32	25	43	25	30	44	42	33	25	45	48	37	42	40	32	30	43	37
Y_scaffold5	894310	30	21	29	22	32	32	25	43	26	29	45	42	33	25	45	48	36	42	40	32	30	42	36
Y_scaffold5	894311	30	20	28	22	32	32	26	43	26	28	42	42	33	25	45	50	36	43	40	34	30	42	36
Y_scaffold5	894312	30	20	28	22	32	31	25	44	26	28	42	42	33	25	44	50	37	44	39	33	30	44	36
Y_scaffold5	894313	30	20	28	23	32	31	26	44	26	28	42	42	33	25	44	50	37	44	39	33	31	45	34
Y_scaffold5	894314	30	21	29	23	32	31	26	44	27	27	42	42	35	25	44	50	37	44	40	34	31	45	35
Y_scaffold5	894315	30	21	29	22	32	31	27	44	27	27	42	41	35	24	42	50	37	45	41	34	31	45	34
Y_scaffold5	894316	30	21	29	22	32	31	27	45	27	27	42	41	35	24	42	50	36	45	41	34	31	45	33
Y_scaffold5	894317	31	21	28	23	32	31	28	43	27	28	42	43	36	24	42	50	37	43	39	35	32	46	34
Y_scaffold5	894318	31	21	28	23	31	32	28	43	27	28	42	43	36	24	42	49	37	41	39	34	33	46	34
Y_scaffold5	894319	31	21	27	23	31	31	28	43	28	30	42	43	36	24	42	49	38	42	39	34	32	45	35
Y_scaffold5	894320	30	20	27	23	31	31	27	43	28	31	42	42	35	24	42	49	38	43	39	34	32	45	35
Y_scaffold5	894321	29	20	27	23	29	31	27	44	27	30	41	43	34	23	39	49	38	43	38	32	32	46	35
Y_scaffold5	894322	31	20	27	23	29	32	27	44	27	31	41	43	34	23	39	49	38	43	38	32	32	46	35
Y_scaffold5	894323	31	20	27	24	29	32	27	42	28	31	41	41	34	23	40	49	38	43	37	32	32	45	35
Y_scaffold5	894324	31	22	27	24	29	32	28	42	28	30	41	40	34	23	40	49	39	44	38	32	34	44	35
Y_scaffold5	894325	32	23	27	24	29	32	29	42	28	30	40	40	34	23	40	49	39	44	39	33	35	44	35
Y_scaffold5	894326	32	24	26	24	29	33	29	42	27	30	40	40	32	23	40	48	41	44	39	33	35	44	36
Y_scaffold5	894327	31	24	26	23	29	33	29	43	27	30	40	41	32	23	40	49	40	44	39	33	34	44	35
Y_scaffold5	894328	32	24	26	22	29	33	30	42	27	30	40	41	32	22	39	50	40	44	39	33	34	45	35
Y_scaffold5	894329	32	24	26	22	29	34	30	42	27	30	40	41	32	22	39	50	40	44	39	33	34	46	36
Y_scaffold5	894330	32	25	26	22	29	34	30	42	27	30	40	41	32	22	39	51	41	44	39	33	34	45	37
Y_scaffold5	894331	31	26	26	22	30	34	30	42	27	31	39	41	32	22	39	51	41	44	38	33	34	45	37
Y_scaffold5	894332	31	27	26	22	30	34	30	42	28	32	40	41	33	22	39	51	41	45	38	33	34	45	37
Y_scaffold5	894333	31	27	26	22	30	34	30	43	29	32	40	41	33	21	40	51	42	45	38	33	33	45	37
Y_scaffold5	894334	31	26	27	23	30	34	31	41	28	32	41	41	34	21	40	51	42	45	38	33	33	45	37
Y_scaffold5	894335	31	26	27	23	30	34	32	43	28	32	40	41	34	21	40	51	41	45	38	33	34	44	37
Y_scaffold5	894336	31	26	28	23	30	35	32	43	27	32	41	41	34	21	40	51	41	45	38	34	34	44	38
Y_scaffold5	894337	31	25	28	23	29	35	32	43	26	32	41	42	34	21	41	51	41	45	37	34	34	44	38
Y_scaffold5	894338	31	26	28	24	29	35	32	43	26	32	41	42	34	21	41	52	41	47	37	34	34	43	38
Y_scaffold5	894339	31	27	28	24	29	35	32	43	26	32	41	42	34	21	41	53	41	47	36	33	34	43	38
Y_scaffold5	894340	31	27	28	24	30	35	32	43	26	32	41	42	34	21	41	53	41	46	36	33	34	43	38
Y_scaffold5	894341	31	27	28	24	31	35	32	43	26	32	40	42	35	21	41	53	41	46	36	33	35	42	38
Y_scaffold5	894342	31	27	28	25	32	34	33	44	27	32	40	42	35	21	41	54	41	44	36	35	35	42	38
Y_scaffold5	894343	31	28	29	24	33	33	33	44	27	32	40	42	35	21	41	54	41	44	36	36	35	43	38
Y_scaffold5	894344	31	29	29	25	33	33	33	42	26	32	40	42	35	21	41	54	41	44	36	36	35	43	38
Y_scaffold5	894345	31	29	31	26	33	33	33	43	27	32	40	42	35	20	41	53	41	44	37	36	34	43	39
Y_scaffold5	894346	31	29	31	26	33	33	33	43	28	32	40	42	35	20	41	53	42	44	37	36	34	43	40
Y_scaffold5	894347	31	29	31	26	33	33	33	43	28	32	40	42	35	20	41	53	42	44	37	36	34	43	40
Y_scaffold5	894348	31	29	31	26	33	32	33	43	28	32	41	42	35	20	41	53	42	44	37	36	34	43	40
Y_scaffold5	894349	31	29	32	26	33	32	33	43	30	32	40	42	35	19	42	53	42	45	37	36	34	43	40
Y_scaffold5	894350	31	29	32	25	34	32	33	43	29	32	40	42	35	19	43	53	43	45	37	37	34	43	41
Y_scaffold5	894351	31	29	32	25	33	32	33	43	29	31	40	42	35	19	43	53	43	45	37	37	33	43	39
Y_scaffold5	894352	31	29	32	25	32	32	33	43	29	31	41	42	35	19	43	53	42	45	37	37	33	44	39
Y_scaffold5	894353	31	29	32	26	32	32	33	43	29	31	41	42	35	19	43	53	42	45	37	36	33	44	39
Y_scaffold5	894354	31	29	32	26	32	32	33	43	29	31	40	42	35	19	43	53	42	45	37	35	33	44	39
Y_scaffold5	894355	30	29	33	25	32	33	33	43	29	31	39	42	37	19	43	53	42	46	38	35	33	44	40
Y_scaffold5	894356	30	28	33	25	33	33	33	43	29	31	39	42	37	19	44	53	41	47	37	35	33	44	40
Y_scaffold5	894357	30	28	33	25	34	34	33	43	29	30	39	43	37	19	44	52	41	47	36	35	33	44	40
Y_scaffold5	894358	29	28	33	25	34	34	33	42	29	30	40	43	37	19	44	51	42	44	36	35	31	44	40
Y_scaffold5	894359	30	28	33	25	34	34	33	42	29	30	40	44	37	19	44	51	43	44	36	35	31	44	40
Y_scaffold5	894360	30	28	33	25	34	34	33	42	29	30	40	44	37	19	44	51	43	44	36	35	31	44	40
Y_scaffold5	894361	30	28	33	24	34	34	33	42	29	30	40	43	38	20	43	51	43	44	36	35	31	44	41
Y_scaffold5	894362	29	28	33	24	33	35	32	41	29	29	37	41	37	20	44	49	43	44	39	33	31	44	40
Y_scaffold5	894363	29	28	33	24	33	35	32	41	29	29	37	42	37	20	44	49	43	44	39	33	31	44	40
Y_scaffold5	894364	29	28	32	24	33	35	32	41	29	29	37	42	37	21	44	48	43	44	39	33	32	44	40
Y_scaffold5	894365	29	28	32	25	33	35	32	42	29	29	37	43	37	22	44	48	43	44	40	33	32	44	40
Y_scaffold5	894366	29	28	32	25	33	35	32	42	30	29	37	43	38	22	44	48	45	44	40	33	32	44	40
Y_scaffold5	894367	29	28	32	25	33	35	33	42	31	28	37	43	38	21	44	46	43	43	41	32	32	45	41
Y_scaffold5	894368	30	28	32	25	33	35	34	42	31	28	37	43	38	21	44	46	43	43	41	32	32	45	42
Y_scaffold5	894369	30	30	32	25	32	35	33	41	31	28	38	43	36	21	42	46	42	43	41	34	32	45	42
Y_scaffold5	894370	31	31	33	24	32	35	33	41	31	28	39	43	36	21	43	47	42	45	43	35	32	46	42
Y_scaffold5	894371	30	30	33	24	32	36	33	41	31	28	39	43	36	21	43	47	41	45	43	35	32	46	41
Y_scaffold5	894372	29	30	33	24	31	36	33	41	27	28	39	43	36	21	43	46	41	45	43	35	31	44	41
Y_scaffold5	894373	29	31	33	24	31	36	33	41	26	28	39	41	35	21	43	46	41	45	43	35	31	44	42
Y_scaffold5	894374	29	31	33	25	31	36	33	41	26	28	37	42	34	20	42	46	40	44	42	34	31	44	42
Y_scaffold5	894375	29	32	33	25	31	36	33	41	26	28	38	42	35	20	42	46	40	44	42	34	31	44	42
Y_scaffold5	894376	29	32	33	25	31	35	33	40	26	28	38	42	35	20	42	45	39	44	42	34	31	44	42
Y_scaffold5	894377	30	33	34	26	33	35	34	40	25	27	38	42	35	22	42	44	41	43	42	34	29	45	44
Y_scaffold5	894378	30	33	33	26	34	34	34	39	24	28	37	42	34	22	41	45	40	43	43	32	29	46	44
Y_scaffold5	894379	30	33	32	26	34	34	33	38	23	28	37	40	34	22	42	45	39	42	42	32	29	46	43
Y_scaffold5	894380	29	34	32	26	34	33	31	39	22	27	37	39	34	22	42	45	40	43	41	32	32	46	42
Y_scaffold5	894381	29	33	31	26	33	32	29	36	22	26	36	38	32	21	42	43	38	41	42	31	31	46	39
Y_scaffold5	894382	29	33	31	25	33	32	29	36	22	25	36	38	32	21	42	43	38	41	42	31	31	47	39
Y_scaffold5	894383	29	33	31	25	33	32	30	36	22	25	36	38	31	21	41	43	38	40	42	31	31	47	40
Y_scaffold5	894384	29	35	31	25	32	32	30	37	22	25	37	38	31	21	41	43	40	39	42	31	31	46	41
Y_scaffold5	894385	29	35	31	25	32	31	30	37	22	25	37	38	31	21	41	43	40	39	42	31	31	47	41
Y_scaffold5	894386	30	34	32	24	31	31	30	37	22	25	37	37	30	21	41	43	40	39	42	31	31	48	40
Y_scaffold5	894387	30	34	32	24	30	31	30	37	21	25	36	38	30	21	41	43	40	39	41	32	32	48	40
Y_scaffold5	894388	30	33	32	24	29	31	30	36	21	25	37	37	31	21	42	42	39	41	40	31	31	48	38
Y_scaffold5	894389	30	33	32	24	30	32	31	36	21	26	37	37	31	21	42	44	39	39	40	31	31	48	38
Y_scaffold5	894390	31	33	32	24	30	31	31	36	22	26	37	37	31	21	42	45	39	40	40	31	31	48	37
Y_scaffold5	894391	32	33	32	24	30	31	31	36	22	27	37	36	32	21	42	44	38	40	40	31	31	48	37
Y_scaffold5	894392	32	32	32	24	30	31	29	35	22	27	37	35	32	21	42	44	38	39	39	31	32	48	37
Y_scaffold5	894393	32	32	32	24	30	31	29	35	21	28	37	35	32	21	42	44	38	39	38	31	32	47	37
Y_scaffold5	894394	33	32	32	24	30	32	29	37	21	28	37	36	33	21	43	45	38	39	38	32	32	47	37
Y_scaffold5	894395	33	32	31	24	30	32	29	37	21	28	37	36	34	21	44	43	39	39	38	32	32	47	38
Y_scaffold5	894396	32	32	30	24	30	31	29	37	21	28	37	35	34	21	44	42	38	39	36	32	33	47	38
Y_scaffold5	894397	32	32	30	22	29	31	29	37	20	28	37	36	35	21	44	42	38	40	36	32	33	46	38
Y_scaffold5	894398	33	32	30	22	28	32	29	37	21	27	37	35	34	20	44	41	38	40	36	32	33	45	38
Y_scaffold5	894399	33	31	30	23	28	32	29	37	22	28	37	34	36	20	44	42	39	40	36	32	33	45	38
Y_scaffold5	894400	33	31	31	23	28	32	29	38	23	27	38	34	36	19	43	42	39	40	37	32	33	45	38
Y_scaffold5	894401	33	30	31	22	28	31	28	38	23	26	37	35	36	18	43	41	37	41	37	31	33	44	38
Y_scaffold5	894402	33	30	31	22	28	31	28	38	23	26	37	35	36	18	43	41	37	41	37	31	33	44	38
Y_scaffold5	894403	32	31	31	22	28	30	29	39	23	26	37	36	36	17	43	41	37	41	37	31	32	44	38
Y_scaffold5	894404	32	31	31	22	28	30	29	39	24	25	37	37	36	17	43	39	38	40	37	30	32	44	38
Y_scaffold5	894405	32	30	31	22	27	29	29	39	24	25	38	36	36	16	42	39	38	41	37	30	33	44	38
Y_scaffold5	894406	32	30	31	22	28	27	29	39	23	25	38	36	36	16	42	39	38	39	37	31	32	45	38
Y_scaffold5	894407	31	31	32	22	28	27	30	39	23	25	37	37	36	16	43	40	38	39	37	31	32	45	38
Y_scaffold5	894408	31	30	32	22	29	28	30	37	23	25	37	37	36	16	43	40	38	39	37	31	32	44	38
Y_scaffold5	894409	31	30	31	22	28	28	28	38	22	25	36	37	36	16	43	39	37	39	36	31	32	44	39
Y_scaffold5	894410	30	30	30	22	25	28	27	37	22	25	36	36	38	16	43	39	37	39	35	29	32	45	39
Y_scaffold5	894411	30	30	30	22	24	27	27	37	22	25	36	35	38	16	43	38	36	38	33	30	32	45	39
Y_scaffold5	894412	30	31	30	20	24	27	26	37	22	25	37	35	39	16	42	38	35	39	33	32	32	45	39
Y_scaffold5	894413	31	31	30	20	24	27	26	37	23	25	37	35	39	16	41	38	35	38	33	31	32	46	39
Y_scaffold5	894414	31	31	28	20	24	27	27	37	23	25	37	35	39	16	40	39	35	37	33	31	33	46	40
Y_scaffold5	894415	31	31	27	20	24	27	28	37	23	25	37	35	39	16	40	38	35	37	32	31	33	46	40
Y_scaffold5	894416	31	31	25	20	24	27	28	37	23	25	37	35	38	15	39	38	34	37	31	31	33	46	40
Y_scaffold5	894417	31	31	26	20	23	27	28	37	23	25	38	35	40	14	40	38	34	37	31	32	33	44	39
Y_scaffold5	894418	31	31	26	20	24	26	28	37	23	25	38	34	40	15	41	38	33	37	31	32	32	44	39
Y_scaffold5	894419	31	31	27	20	22	25	28	37	23	25	38	35	40	16	42	38	32	37	31	32	33	44	40
Y_scaffold5	894420	33	30	24	19	22	25	28	36	23	26	40	34	41	15	42	37	33	37	31	32	32	44	39
Y_scaffold5	894421	33	30	24	19	23	25	28	35	23	26	40	34	41	15	45	37	32	36	33	32	31	44	39
Y_scaffold5	894422	33	30	24	19	23	23	28	35	23	26	40	35	40	15	45	37	33	36	34	32	31	45	39
Y_scaffold5	894423	33	30	24	19	23	24	28	35	23	27	40	34	40	14	45	37	33	36	34	33	29	45	39
Y_scaffold5	894424	32	31	23	20	23	25	28	35	23	27	40	34	39	13	45	37	33	36	35	33	29	45	38
Y_scaffold5	894425	31	31	22	20	23	25	28	35	23	27	40	34	39	13	44	37	33	36	35	33	29	45	37
Y_scaffold5	894426	31	31	24	20	23	24	28	35	24	26	40	33	39	13	44	37	34	36	35	33	28	45	37
Y_scaffold5	894427	32	31	24	20	23	24	28	35	24	25	40	33	39	13	43	37	34	36	35	33	28	46	37
Y_scaffold5	894428	32	31	24	20	23	24	28	35	24	25	39	33	39	11	42	36	35	35	35	32	28	46	37
Y_scaffold5	894429	32	31	24	20	24	24	28	34	24	25	38	33	39	11	43	37	35	35	35	32	28	47	38
Y_scaffold5	894430	32	30	24	20	25	24	28	33	24	25	38	33	39	9	43	37	35	35	34	32	28	48	38
Y_scaffold5	894431	32	32	24	20	25	26	27	34	25	25	38	34	38	9	44	37	34	35	36	33	27	48	37
Y_scaffold5	894432	32	32	25	20	25	26	27	34	25	25	38	32	37	9	43	37	34	35	36	33	26	48	37
Y_scaffold5	894433	32	33	24	20	26	27	26	37	25	25	40	32	38	9	42	38	34	37	36	34	27	47	38
Y_scaffold5	894434	32	34	25	20	26	27	26	36	26	23	38	30	38	9	41	37	34	37	36	33	25	46	38
Y_scaffold5	894435	32	34	25	21	26	27	26	36	26	23	37	31	39	9	42	37	34	38	36	32	25	46	38
Y_scaffold5	894436	32	34	24	22	27	27	26	36	26	23	38	31	39	9	41	37	34	38	36	32	25	46	38
Y_scaffold5	894437	32	33	24	22	26	26	27	36	27	23	38	30	40	9	41	37	34	39	34	31	25	48	38
Y_scaffold5	894438	32	33	24	23	26	26	27	36	27	24	38	30	41	9	40	38	34	39	34	31	25	48	38
Y_scaffold5	894439	32	33	25	23	25	26	27	37	27	24	36	29	41	9	40	38	34	39	34	30	25	48	38
Y_scaffold5	894440	33	33	25	23	26	26	27	37	27	24	36	29	40	9	42	36	35	39	34	28	25	48	38
Y_scaffold5	894441	33	33	25	23	26	26	26	37	27	24	36	28	39	9	42	37	35	38	34	28	25	47	37
Y_scaffold5	894442	33	34	25	24	26	26	26	37	27	25	36	28	38	10	41	36	35	37	32	28	25	47	37
Y_scaffold5	894443	34	34	25	23	26	27	26	37	27	25	36	28	37	10	41	35	35	37	33	28	25	47	38
Y_scaffold5	894444	34	34	25	23	28	27	26	37	27	24	35	28	37	10	44	35	38	36	34	28	26	48	38
Y_scaffold5	894445	34	34	26	23	28	27	25	35	28	24	35	28	38	10	44	34	38	36	35	28	25	47	38
Y_scaffold5	894446	34	34	26	23	27	27	26	35	28	23	35	29	39	10	44	33	38	35	34	28	25	47	38
Y_scaffold5	894447	35	34	26	24	28	26	26	36	28	23	36	29	39	8	45	35	38	35	34	28	25	45	39
Y_scaffold5	894448	36	34	28	24	28	26	26	36	28	23	37	29	40	8	45	36	38	35	34	28	27	45	40
Y_scaffold5	894449	36	34	28	24	28	25	24	36	28	23	37	28	40	8	45	36	37	35	33	28	28	46	40
Y_scaffold5	894450	36	33	28	23	28	25	23	35	29	22	37	26	39	8	45	36	37	35	33	29	28	47	40
Y_scaffold5	894451	36	33	29	23	28	25	24	34	29	22	37	26	38	8	45	36	39	35	33	28	28	46	40
Y_scaffold5	894452	35	33	29	24	28	25	24	34	28	22	36	25	38	8	45	36	39	35	32	28	27	45	39
Y_scaffold5	894453	34	33	29	23	28	25	23	34	28	23	36	25	38	8	45	36	39	35	32	28	26	44	38
Y_scaffold5	894454	32	33	29	23	28	26	23	34	28	24	36	25	38	8	46	34	39	34	32	28	26	43	37
Y_scaffold5	894455	32	32	30	24	29	28	23	34	29	24	37	26	39	8	43	35	41	34	31	27	26	43	37
Y_scaffold5	894456	32	32	29	24	30	28	23	33	29	24	37	26	39	8	45	34	42	34	32	27	26	43	37
Y_scaffold5	894457	31	33	29	24	30	27	24	34	29	24	38	26	38	9	44	30	42	33	32	28	26	41	36
Y_scaffold5	894458	30	33	30	23	30	26	24	33	29	24	38	27	38	9	43	30	42	33	32	28	26	40	35
Y_scaffold5	894459	30	33	29	22	30	26	24	33	29	24	38	27	38	9	41	30	42	33	33	30	26	39	35
Y_scaffold5	894460	30	33	28	22	29	26	24	34	28	24	37	27	38	10	41	29	42	34	33	30	26	39	36
Y_scaffold5	894461	30	33	28	22	29	26	23	35	28	25	37	28	38	11	42	28	43	36	33	28	26	39	36
Y_scaffold5	894462	31	34	29	22	29	26	22	34	28	25	37	29	38	12	43	28	42	35	33	29	26	36	37
Y_scaffold5	894463	31	34	30	21	29	26	23	34	28	25	37	29	38	12	44	29	41	36	33	29	26	36	39
Y_scaffold5	894464	31	33	29	21	29	26	23	34	27	25	37	29	36	12	45	29	42	36	33	28	27	36	38
Y_scaffold5	894465	30	33	29	20	30	26	22	34	27	25	37	28	36	12	45	29	43	35	32	28	28	36	38
Y_scaffold5	894466	30	33	29	21	30	26	22	33	27	25	36	28	36	12	45	29	43	35	32	29	28	36	37
Y_scaffold5	894467	30	33	30	21	30	25	22	33	28	24	36	27	35	12	45	29	42	35	32	29	27	37	38
Y_scaffold5	894468	32	33	30	21	30	25	22	33	27	22	36	29	33	12	45	29	43	37	32	29	27	37	38
Y_scaffold5	894469	33	32	30	21	32	25	22	33	27	22	36	29	33	12	45	29	42	36	31	29	27	37	37
Y_scaffold5	894470	33	32	30	22	32	25	22	34	27	22	36	29	33	12	45	29	42	35	31	29	27	37	38
Y_scaffold5	894471	33	33	30	22	32	25	22	33	27	24	36	29	33	14	45	29	44	35	31	29	27	37	38
Y_scaffold5	894472	31	33	31	22	33	24	22	33	27	23	37	29	33	14	45	29	44	35	31	29	27	38	38
Y_scaffold5	894473	32	33	31	21	33	24	22	35	26	23	38	29	33	14	44	29	44	35	31	29	27	38	38
Y_scaffold5	894474	32	31	31	21	33	24	21	35	26	23	38	29	33	14	44	29	43	34	31	28	25	39	38
Y_scaffold5	894475	31	30	31	21	33	24	20	35	28	23	38	29	33	14	44	29	42	34	31	28	24	40	38
Y_scaffold5	894476	31	30	31	21	33	23	22	35	28	23	38	29	33	14	44	29	40	34	31	28	24	40	37
