Y_scaffold5	1038021	37	27	28	25	27	13	38	28	26	26	35	30	31	29	40	40	26	33	33	29	23	35	46
Y_scaffold5	1038022	37	28	28	24	26	14	37	28	26	26	35	29	31	29	40	40	27	33	33	28	23	36	47
Y_scaffold5	1038023	36	28	28	24	26	14	37	28	26	26	35	29	31	29	41	40	27	32	33	28	24	35	48
Y_scaffold5	1038024	36	27	28	24	26	14	36	29	27	29	33	29	31	29	40	41	26	32	33	27	24	34	48
Y_scaffold5	1038025	37	26	28	24	26	14	36	27	27	30	33	29	31	29	40	41	26	32	32	26	24	34	48
Y_scaffold5	1038026	36	26	28	24	26	14	36	27	27	30	32	29	31	29	40	41	27	32	32	26	24	34	48
Y_scaffold5	1038027	36	26	29	23	26	14	36	27	26	30	32	29	30	29	41	41	27	32	30	26	24	34	49
Y_scaffold5	1038028	36	26	29	23	26	14	35	27	26	30	32	28	30	29	41	41	27	31	30	26	24	34	51
Y_scaffold5	1038029	36	25	29	23	26	14	35	25	26	31	32	28	30	29	41	39	28	31	31	25	26	34	51
Y_scaffold5	1038030	37	25	29	21	27	14	34	25	26	32	32	28	31	29	40	39	29	31	31	25	25	34	51
Y_scaffold5	1038031	36	25	27	20	26	14	34	25	26	31	31	28	29	29	40	39	28	32	29	25	25	35	50
Y_scaffold5	1038032	37	25	27	20	26	14	35	25	26	31	31	29	29	29	40	40	28	32	29	25	25	35	50
Y_scaffold5	1038033	37	25	27	20	26	14	34	25	26	30	31	29	29	29	40	40	28	32	29	25	25	35	50
Y_scaffold5	1038034	37	25	27	20	26	14	33	25	26	30	31	29	29	29	40	39	28	32	29	25	26	35	52
Y_scaffold5	1038035	36	25	27	20	26	14	33	25	26	30	31	29	27	28	40	39	28	32	29	25	26	35	52
Y_scaffold5	1038036	36	25	29	20	26	14	33	25	26	30	31	29	30	28	41	39	29	33	30	25	26	35	52
Y_scaffold5	1038037	36	25	29	20	26	14	33	25	26	29	30	28	31	25	41	39	29	33	30	26	26	35	52
Y_scaffold5	1038038	35	25	30	20	26	14	34	25	26	29	30	27	31	26	41	39	30	33	30	27	26	34	52
Y_scaffold5	1038039	35	25	29	19	25	14	34	25	27	30	30	26	31	27	41	38	28	33	30	27	25	33	53
Y_scaffold5	1038040	35	25	29	19	25	13	34	26	27	30	30	26	32	28	42	38	27	32	30	27	25	33	53
Y_scaffold5	1038041	35	26	29	19	25	13	34	27	27	30	30	26	32	28	42	38	27	32	30	27	25	32	53
Y_scaffold5	1038042	35	26	30	19	25	13	35	27	27	30	29	26	30	28	43	37	27	32	31	27	25	33	53
Y_scaffold5	1038043	35	26	30	18	26	13	35	27	27	30	29	26	30	28	42	37	27	32	31	27	25	33	52
Y_scaffold5	1038044	35	27	30	18	26	12	35	26	26	30	29	25	31	28	43	37	27	30	30	27	25	33	53
Y_scaffold5	1038045	35	28	29	19	26	12	35	26	26	30	30	25	32	27	43	36	28	31	30	27	25	32	53
Y_scaffold5	1038046	35	28	29	19	26	12	34	26	25	31	29	25	32	28	43	36	28	32	30	27	25	32	52
Y_scaffold5	1038047	35	28	29	19	25	12	34	26	25	31	29	25	32	28	43	35	28	33	31	27	24	32	52
Y_scaffold5	1038048	35	28	28	19	25	12	34	26	24	31	29	25	32	27	43	36	28	34	31	27	24	31	52
Y_scaffold5	1038049	35	28	27	19	25	12	34	26	24	31	28	25	32	26	43	36	28	34	31	26	24	31	51
Y_scaffold5	1038050	36	28	25	19	25	12	34	28	24	30	29	25	32	27	43	36	28	35	30	26	25	30	51
Y_scaffold5	1038051	36	28	25	19	25	12	34	28	24	31	30	25	32	27	43	36	28	35	31	27	26	31	53
Y_scaffold5	1038052	36	27	25	17	25	12	34	28	24	31	30	25	31	27	42	36	28	35	30	27	26	31	54
Y_scaffold5	1038053	36	27	25	17	25	12	33	28	23	31	30	25	30	27	42	36	28	35	30	27	25	31	54
Y_scaffold5	1038054	37	27	26	17	25	12	33	29	23	30	30	25	29	26	42	35	28	35	30	27	25	33	54
Y_scaffold5	1038055	37	27	26	17	25	12	32	29	23	30	30	25	29	27	44	35	27	35	31	27	25	33	55
Y_scaffold5	1038056	37	27	26	17	26	12	32	29	23	30	30	25	28	27	45	35	27	35	31	28	27	33	55
Y_scaffold5	1038057	37	27	26	17	27	12	32	29	23	31	30	25	28	26	45	35	27	35	31	28	27	33	56
Y_scaffold5	1038058	38	27	26	17	27	12	32	29	23	31	29	25	28	26	45	38	27	35	31	28	27	33	57
Y_scaffold5	1038059	39	28	25	17	27	12	32	29	22	31	29	25	28	26	45	37	27	36	31	28	27	34	57
Y_scaffold5	1038060	39	26	25	17	28	12	32	29	22	31	29	25	28	26	45	37	26	37	32	28	27	34	57
Y_scaffold5	1038061	40	24	24	17	28	12	32	30	22	31	29	25	27	26	44	37	26	37	32	29	26	34	56
Y_scaffold5	1038062	40	24	24	17	28	12	32	30	22	31	28	25	28	27	44	37	27	37	32	29	27	33	57
Y_scaffold5	1038063	40	24	25	17	28	12	31	29	22	31	28	25	28	27	44	36	27	37	32	30	27	33	58
Y_scaffold5	1038064	40	24	24	17	28	12	31	28	22	31	28	25	28	27	44	35	27	37	31	31	27	33	58
Y_scaffold5	1038065	40	23	24	17	29	13	31	29	22	33	28	25	28	29	44	36	28	35	31	31	27	33	57
Y_scaffold5	1038066	38	23	24	18	29	14	31	29	21	33	28	25	28	29	43	34	28	35	32	32	27	34	59
Y_scaffold5	1038067	38	23	24	18	28	14	31	28	20	33	28	24	28	29	43	35	28	34	32	33	27	34	59
Y_scaffold5	1038068	38	23	24	18	28	14	31	28	20	33	28	24	29	29	43	35	28	34	32	33	27	34	59
Y_scaffold5	1038069	38	23	24	19	28	15	31	28	20	33	29	24	29	29	43	35	28	34	32	33	26	35	59
Y_scaffold5	1038070	38	22	24	19	28	14	30	28	20	33	29	24	31	29	43	35	28	34	33	33	26	35	59
Y_scaffold5	1038071	38	22	24	19	28	14	30	28	20	34	28	23	31	29	43	35	27	34	33	33	26	34	58
Y_scaffold5	1038072	39	24	24	20	29	15	30	28	19	34	28	23	33	29	43	35	27	35	34	33	26	34	58
Y_scaffold5	1038073	39	24	23	20	27	15	31	28	19	34	29	23	34	29	43	36	27	35	35	33	26	34	58
Y_scaffold5	1038074	39	25	23	20	26	16	31	29	21	34	29	24	34	29	44	37	26	35	35	33	26	34	58
Y_scaffold5	1038075	39	25	22	20	27	17	31	29	21	34	29	24	34	29	44	37	26	34	36	32	26	34	58
Y_scaffold5	1038076	39	25	22	20	27	18	30	29	21	34	28	24	35	28	44	37	25	34	37	33	26	34	59
Y_scaffold5	1038077	38	25	22	20	28	17	30	29	21	33	28	23	35	28	44	38	24	35	37	33	25	34	61
Y_scaffold5	1038078	38	25	22	21	28	17	29	29	21	33	29	23	36	28	43	38	24	35	37	34	25	34	61
Y_scaffold5	1038079	39	25	22	21	28	17	30	29	22	33	29	23	37	28	43	37	24	34	36	35	26	35	60
Y_scaffold5	1038080	39	25	23	21	28	17	30	29	23	32	30	23	36	29	42	36	24	35	35	36	26	35	60
Y_scaffold5	1038081	39	26	22	21	28	18	30	28	23	30	31	23	36	29	42	37	24	35	34	36	26	35	59
Y_scaffold5	1038082	39	26	23	21	28	18	31	28	23	31	32	23	37	29	42	38	24	35	35	36	26	34	59
Y_scaffold5	1038083	39	27	23	22	28	18	31	28	23	31	32	23	38	29	42	38	24	35	35	38	26	34	58
Y_scaffold5	1038084	39	27	22	22	28	18	31	28	23	31	32	22	39	29	42	39	24	35	35	38	26	33	58
Y_scaffold5	1038085	39	26	22	22	28	18	31	28	23	30	32	21	39	30	42	38	24	35	35	38	26	33	59
Y_scaffold5	1038086	39	26	22	22	29	19	32	28	23	29	32	21	40	30	42	39	24	34	36	38	25	33	60
Y_scaffold5	1038087	39	26	23	23	29	20	32	28	24	29	32	21	41	30	42	39	26	34	37	38	25	33	59
Y_scaffold5	1038088	39	26	23	23	30	20	32	27	25	29	31	21	41	30	43	39	26	33	37	38	25	33	60
Y_scaffold5	1038089	38	26	23	23	30	20	33	28	25	29	30	21	41	30	43	39	26	33	36	37	25	33	59
Y_scaffold5	1038090	39	26	22	23	30	20	33	28	25	29	29	20	41	30	42	39	26	33	36	37	25	33	58
Y_scaffold5	1038091	40	27	23	25	31	21	33	28	27	29	28	21	40	30	43	40	28	33	36	36	25	35	59
Y_scaffold5	1038092	38	26	23	25	31	21	32	29	27	29	29	21	40	30	42	41	28	33	36	37	25	35	59
Y_scaffold5	1038093	38	25	23	25	30	21	33	29	27	28	30	20	39	29	42	40	28	32	36	36	25	35	61
Y_scaffold5	1038094	39	25	23	25	31	21	33	29	27	28	30	20	39	29	42	40	28	32	36	36	26	34	61
Y_scaffold5	1038095	38	25	23	25	31	21	33	29	27	28	30	21	40	29	42	40	28	32	36	36	26	34	61
Y_scaffold5	1038096	39	25	24	25	31	21	33	29	27	28	30	21	41	28	42	39	28	32	37	36	26	35	62
Y_scaffold5	1038097	38	25	24	25	30	21	33	29	26	28	30	20	41	28	42	37	28	32	37	35	26	35	61
Y_scaffold5	1038098	38	25	26	24	29	20	33	29	27	28	29	20	42	27	42	37	27	31	38	35	26	35	61
Y_scaffold5	1038099	38	25	27	24	29	21	34	29	27	28	29	20	42	28	42	37	27	32	38	35	26	35	61
Y_scaffold5	1038100	38	25	28	24	29	21	34	28	27	28	30	20	42	28	41	37	27	33	36	35	26	35	61
Y_scaffold5	1038101	38	25	28	24	29	21	34	28	27	29	30	19	42	28	42	37	26	33	36	34	26	35	62
Y_scaffold5	1038102	38	25	27	24	29	21	34	28	27	29	31	19	43	28	42	38	26	34	37	35	27	34	63
Y_scaffold5	1038103	37	24	28	25	29	21	33	28	27	28	29	18	44	26	42	37	26	34	36	35	27	34	62
Y_scaffold5	1038104	37	24	28	25	29	22	33	28	27	28	30	18	44	26	43	38	28	34	36	35	27	34	63
Y_scaffold5	1038105	37	24	28	25	29	22	33	28	28	28	30	17	44	26	42	36	28	34	36	35	27	34	63
Y_scaffold5	1038106	37	24	28	25	29	22	33	28	28	28	29	17	44	26	42	36	29	34	36	35	27	34	62
Y_scaffold5	1038107	37	24	29	25	29	22	33	28	28	28	30	17	44	26	40	36	28	35	36	35	27	34	62
Y_scaffold5	1038108	37	24	29	25	29	22	33	28	27	28	29	17	44	26	40	36	27	35	37	34	27	33	61
Y_scaffold5	1038109	39	24	29	25	30	23	33	28	27	27	29	17	45	27	42	36	27	34	37	34	28	34	63
Y_scaffold5	1038110	40	24	29	23	30	23	33	28	27	27	28	18	46	27	42	36	27	34	38	33	28	33	62
Y_scaffold5	1038111	40	24	30	23	30	23	33	28	28	27	28	18	46	27	43	37	27	34	38	34	27	33	63
Y_scaffold5	1038112	40	24	30	23	30	23	34	27	29	27	26	17	44	25	43	37	27	33	38	33	27	33	63
Y_scaffold5	1038113	39	23	30	23	30	23	34	27	29	27	26	17	44	25	43	37	27	32	38	33	27	33	63
Y_scaffold5	1038114	38	22	31	23	29	23	35	27	29	28	25	16	44	25	43	37	29	31	39	33	27	35	64
Y_scaffold5	1038115	38	22	31	24	28	23	35	27	29	28	25	16	44	25	43	37	29	32	40	33	27	34	64
Y_scaffold5	1038116	38	22	31	23	28	24	34	26	28	28	25	16	44	24	43	35	28	32	39	33	27	34	64
Y_scaffold5	1038117	37	22	31	22	27	24	33	26	28	28	25	16	44	24	43	35	28	32	39	33	27	34	64
Y_scaffold5	1038118	36	22	31	22	27	24	33	27	28	28	25	16	45	24	43	37	28	32	39	33	27	35	65
Y_scaffold5	1038119	35	22	31	22	27	24	33	27	28	28	25	16	45	24	44	37	28	32	39	33	27	36	65
Y_scaffold5	1038120	35	22	31	22	27	24	32	27	28	28	26	17	45	25	44	36	28	32	39	33	28	36	65
Y_scaffold5	1038121	35	23	32	22	26	25	32	28	28	28	26	17	45	25	44	37	28	33	40	33	28	37	64
Y_scaffold5	1038122	35	23	32	23	26	25	32	27	28	29	26	16	44	25	43	38	28	33	41	33	29	36	64
Y_scaffold5	1038123	34	23	32	23	26	25	34	27	28	29	26	16	44	25	43	38	27	33	41	33	28	37	63
Y_scaffold5	1038124	32	22	31	23	26	25	34	27	28	29	27	16	44	26	43	38	27	33	41	33	28	37	63
Y_scaffold5	1038125	33	26	31	23	26	25	34	28	28	29	27	17	45	27	41	42	27	36	41	33	29	37	63
Y_scaffold5	1038126	34	26	31	23	26	26	34	28	27	30	28	17	45	27	40	43	27	36	40	33	29	37	63
Y_scaffold5	1038127	34	26	31	23	26	27	34	28	27	30	28	17	45	29	40	43	25	35	39	33	29	38	63
Y_scaffold5	1038128	34	26	31	23	26	27	34	28	27	30	28	17	45	30	40	43	25	35	39	32	28	37	62
Y_scaffold5	1038129	35	26	32	23	26	27	34	27	27	30	28	17	45	30	38	42	25	34	39	32	28	37	62
Y_scaffold5	1038130	35	26	32	23	26	28	33	27	27	30	28	17	46	30	39	43	25	34	39	32	28	37	62
Y_scaffold5	1038131	35	26	32	22	26	28	33	27	27	30	27	17	46	29	40	42	25	34	39	32	28	36	62
Y_scaffold5	1038132	34	26	32	22	26	28	32	27	27	30	27	17	46	29	40	41	25	34	39	32	28	36	62
Y_scaffold5	1038133	33	26	34	21	27	28	33	28	27	31	27	19	46	29	40	42	25	35	39	33	28	36	64
Y_scaffold5	1038134	33	27	34	21	27	28	33	28	27	31	27	19	46	29	40	41	25	35	39	33	29	37	64
Y_scaffold5	1038135	34	27	34	21	27	27	31	28	27	31	28	19	46	29	40	41	25	36	37	33	28	38	65
Y_scaffold5	1038136	35	27	34	22	27	27	31	28	27	31	28	19	45	29	40	41	25	37	37	33	28	39	65
Y_scaffold5	1038137	35	27	34	21	27	27	31	28	27	32	28	19	45	29	40	41	25	37	36	33	28	40	64
Y_scaffold5	1038138	36	25	33	20	27	28	32	28	27	33	28	19	45	31	40	41	27	37	34	33	28	40	66
Y_scaffold5	1038139	35	25	33	20	27	27	32	28	28	33	28	19	45	31	40	41	27	37	34	33	28	40	66
Y_scaffold5	1038140	36	25	34	20	27	27	32	28	29	33	28	19	45	31	40	41	27	37	33	33	28	40	65
Y_scaffold5	1038141	36	25	34	20	27	27	32	28	30	32	29	19	44	31	39	40	26	37	33	33	28	39	65
Y_scaffold5	1038142	35	25	34	20	27	27	32	28	30	32	29	19	44	32	39	41	26	37	33	33	28	39	65
Y_scaffold5	1038143	35	25	34	20	27	27	32	28	30	33	30	19	44	32	39	41	27	38	32	33	30	39	65
Y_scaffold5	1038144	35	25	34	20	27	27	31	28	30	33	30	19	43	32	39	41	27	37	32	33	30	39	65
Y_scaffold5	1038145	35	25	34	19	26	27	31	28	30	32	30	19	43	32	41	42	27	37	32	33	31	39	65
Y_scaffold5	1038146	35	24	34	18	26	27	31	28	29	32	30	19	43	31	40	42	27	37	32	33	31	38	64
Y_scaffold5	1038147	35	24	34	18	26	27	31	27	29	31	30	19	43	31	40	42	27	37	31	33	31	41	63
Y_scaffold5	1038148	35	24	34	19	26	26	30	28	29	30	28	19	43	31	41	41	27	37	31	36	31	42	63
Y_scaffold5	1038149	34	24	35	19	27	26	28	29	28	30	28	19	42	30	42	41	28	37	30	36	29	42	64
Y_scaffold5	1038150	34	24	35	19	26	26	28	28	27	30	28	19	42	30	42	41	28	36	31	36	29	42	64
Y_scaffold5	1038151	34	24	35	19	27	25	28	26	27	30	28	18	42	29	43	42	28	35	31	36	29	42	62
Y_scaffold5	1038152	34	24	34	20	26	25	27	27	28	31	28	18	39	30	48	42	29	35	32	37	32	42	63
Y_scaffold5	1038153	34	24	34	20	26	25	27	27	29	31	28	17	39	28	47	42	29	36	34	37	32	42	62
Y_scaffold5	1038154	34	24	34	20	26	25	27	27	28	31	27	17	39	28	47	42	28	36	34	37	31	40	61
Y_scaffold5	1038155	34	24	31	20	27	23	27	27	27	31	27	17	39	29	48	42	28	35	34	35	30	40	60
Y_scaffold5	1038156	34	24	31	20	27	23	26	28	27	32	27	16	39	29	48	43	29	35	34	35	30	40	60
Y_scaffold5	1038157	34	24	32	20	27	23	26	28	27	32	27	17	40	29	48	43	29	35	35	34	30	40	59
Y_scaffold5	1038158	33	23	31	20	27	23	26	28	26	32	27	18	40	29	48	43	29	35	35	34	30	40	59
Y_scaffold5	1038159	33	22	31	22	27	23	25	28	26	32	27	17	40	29	48	43	29	35	35	33	30	40	59
Y_scaffold5	1038160	32	21	31	22	26	23	24	26	26	33	27	17	40	28	47	44	28	35	35	33	30	40	58
Y_scaffold5	1038161	32	20	31	22	26	23	24	26	26	32	27	17	40	28	47	44	27	35	34	33	30	40	58
Y_scaffold5	1038162	33	20	31	22	26	23	24	26	25	32	26	17	38	29	47	44	27	35	34	33	29	39	58
Y_scaffold5	1038163	33	20	31	22	26	22	24	26	26	31	25	18	39	28	46	44	27	37	34	32	29	39	58
Y_scaffold5	1038164	33	20	30	22	26	23	23	25	25	31	25	18	39	28	46	45	27	38	34	32	29	38	58
Y_scaffold5	1038165	33	18	29	22	26	23	22	23	25	31	26	18	38	28	46	46	27	39	33	30	29	39	57
Y_scaffold5	1038166	33	18	29	22	26	24	22	23	25	31	26	18	38	28	46	47	27	39	33	30	29	39	58
Y_scaffold5	1038167	32	18	29	22	26	24	22	24	24	31	26	18	38	28	46	46	26	41	33	30	29	39	59
Y_scaffold5	1038168	31	18	28	23	26	24	22	25	24	30	26	17	38	28	47	47	26	41	33	30	29	39	58
Y_scaffold5	1038169	31	19	30	23	26	24	24	25	25	29	26	17	38	28	47	47	26	41	34	31	29	39	58
Y_scaffold5	1038170	31	20	31	23	26	24	24	25	25	29	26	17	38	28	48	47	26	41	34	31	29	40	58
Y_scaffold5	1038171	31	20	31	23	27	23	23	25	25	30	27	18	38	28	48	47	26	41	34	31	29	39	58
Y_scaffold5	1038172	31	19	32	23	27	23	23	25	25	30	27	18	39	28	48	47	25	41	35	31	30	39	57
Y_scaffold5	1038173	32	19	32	23	27	23	23	25	25	30	27	18	39	28	47	47	25	41	35	31	30	39	56
Y_scaffold5	1038174	32	19	32	23	27	23	23	24	24	27	27	18	39	28	47	46	25	41	35	31	30	39	56
Y_scaffold5	1038175	32	19	32	24	26	23	24	25	26	29	27	18	39	28	47	46	24	41	36	32	30	39	55
Y_scaffold5	1038176	33	19	33	24	26	23	24	28	27	29	26	18	39	28	47	46	24	41	36	32	30	39	55
Y_scaffold5	1038177	33	20	34	24	27	24	24	28	27	29	26	18	39	28	47	46	24	41	36	32	30	39	55
Y_scaffold5	1038178	34	20	34	24	27	25	23	28	26	29	26	18	38	28	47	47	24	41	36	32	30	39	55
Y_scaffold5	1038179	35	20	35	24	26	25	23	28	26	28	26	18	38	28	47	47	23	42	35	32	28	39	55
Y_scaffold5	1038180	34	21	35	24	26	26	23	28	26	28	27	18	38	28	47	47	22	42	35	32	27	39	54
Y_scaffold5	1038181	34	21	35	24	26	27	23	28	26	27	27	19	37	28	48	47	22	41	35	32	28	38	54
Y_scaffold5	1038182	33	21	35	24	26	27	22	28	26	27	27	19	37	28	48	46	22	41	35	32	28	39	54
Y_scaffold5	1038183	33	21	35	24	26	27	22	28	26	27	27	19	37	28	48	46	22	41	35	33	27	39	54
Y_scaffold5	1038184	34	21	34	24	26	27	22	28	26	27	27	19	36	29	47	46	22	40	35	33	27	40	56
Y_scaffold5	1038185	35	21	34	24	26	27	22	28	27	27	27	19	36	29	47	46	22	40	35	33	27	41	56
Y_scaffold5	1038186	34	21	33	24	26	27	21	28	27	27	27	19	35	29	47	46	22	40	34	33	27	41	56
Y_scaffold5	1038187	35	21	33	23	26	28	21	28	28	27	28	19	34	29	47	46	22	40	35	32	27	41	57
Y_scaffold5	1038188	35	21	32	24	25	28	20	28	28	27	28	19	33	28	46	47	21	40	35	31	27	41	57
Y_scaffold5	1038189	35	21	32	24	25	28	20	28	27	26	28	19	33	28	46	47	21	40	35	31	27	41	56
Y_scaffold5	1038190	36	21	32	24	25	29	21	26	27	26	28	19	32	27	45	47	21	41	34	31	27	41	56
Y_scaffold5	1038191	36	20	33	24	24	30	21	26	27	27	30	19	32	27	46	48	21	41	33	31	26	42	56
Y_scaffold5	1038192	36	20	32	24	24	30	21	27	27	27	30	19	32	27	46	48	21	41	33	31	26	42	56
Y_scaffold5	1038193	36	20	32	24	25	30	22	27	27	27	30	19	32	27	46	48	21	41	33	31	26	42	57
Y_scaffold5	1038194	36	18	32	23	25	30	23	28	27	27	30	19	31	26	45	48	20	40	33	32	26	42	56
Y_scaffold5	1038195	36	18	32	23	25	30	23	28	27	27	30	19	31	26	45	48	20	40	33	32	26	42	56
Y_scaffold5	1038196	36	18	32	23	25	29	23	28	27	26	30	19	31	27	47	48	20	39	33	31	26	42	56
Y_scaffold5	1038197	37	18	32	22	25	28	23	29	27	26	30	21	31	28	47	49	20	38	32	30	26	42	56
Y_scaffold5	1038198	37	18	32	22	26	28	24	29	27	26	30	21	31	28	48	48	21	38	32	30	26	43	57
Y_scaffold5	1038199	37	19	32	23	26	28	24	29	27	26	28	21	31	27	48	48	21	38	32	30	26	43	59
Y_scaffold5	1038200	36	19	32	23	26	28	25	27	27	26	29	21	31	27	48	48	22	38	32	31	26	44	59
Y_scaffold5	1038201	37	19	32	23	26	29	25	27	27	25	27	21	31	27	48	48	22	38	31	30	26	44	57
Y_scaffold5	1038202	37	19	32	23	26	29	25	27	27	25	27	22	31	27	48	48	22	38	31	31	27	44	56
Y_scaffold5	1038203	37	19	32	23	26	29	25	27	27	25	27	22	32	27	50	49	22	38	31	31	27	43	56
Y_scaffold5	1038204	36	19	31	23	26	29	26	27	27	25	27	21	32	28	50	49	22	38	30	31	27	42	56
Y_scaffold5	1038205	36	19	31	23	26	29	26	27	27	26	27	22	32	28	48	49	22	38	29	31	25	43	56
Y_scaffold5	1038206	36	19	32	24	25	29	26	27	27	27	27	22	32	28	48	49	22	38	30	30	25	43	57
Y_scaffold5	1038207	36	19	32	25	24	29	26	28	27	26	27	22	32	28	48	50	22	38	30	30	26	42	56
Y_scaffold5	1038208	35	19	32	25	25	29	26	28	27	27	27	22	32	28	48	48	22	38	30	30	27	42	55
Y_scaffold5	1038209	34	19	32	25	25	29	26	28	27	27	27	22	33	28	48	47	22	37	30	30	27	41	56
Y_scaffold5	1038210	34	19	32	25	24	29	26	28	27	27	27	23	33	28	48	47	22	37	29	30	27	41	55
Y_scaffold5	1038211	33	19	32	25	24	29	26	27	27	27	27	23	33	28	49	47	22	38	29	29	27	41	57
Y_scaffold5	1038212	33	19	32	25	24	29	26	27	29	28	27	24	32	27	50	47	22	38	29	29	26	41	55
Y_scaffold5	1038213	35	20	31	26	24	28	26	26	30	28	27	24	32	27	50	47	22	37	30	28	26	41	54
Y_scaffold5	1038214	35	20	31	26	24	28	26	28	30	28	27	24	32	26	49	47	22	37	30	27	26	41	54
Y_scaffold5	1038215	35	20	31	26	24	27	26	27	30	26	27	24	32	25	48	46	21	37	30	27	26	41	54
Y_scaffold5	1038216	35	20	32	25	24	27	27	27	30	26	28	24	32	25	48	45	21	37	29	27	27	41	53
Y_scaffold5	1038217	35	20	34	25	24	27	27	27	30	26	29	24	32	25	48	44	21	38	29	27	27	41	53
Y_scaffold5	1038218	35	20	34	24	24	27	27	27	30	27	28	24	31	25	49	44	21	38	29	27	27	40	53
Y_scaffold5	1038219	36	20	34	24	24	27	27	27	30	27	28	24	29	25	49	44	21	38	30	27	27	40	55
Y_scaffold5	1038220	36	20	34	24	24	27	26	27	31	26	28	25	29	25	49	44	21	37	29	27	27	39	55
