Y_scaffold5	1038283	41	22	33	22	24	17	22	33	31	30	28	31	19	30	52	34	23	36	31	38	31	46	61
Y_scaffold5	1038284	39	21	33	22	24	17	23	34	31	30	27	31	19	30	52	34	23	35	31	38	32	46	61
Y_scaffold5	1038285	39	21	33	22	24	17	23	34	31	31	28	31	21	31	50	34	23	34	31	38	32	45	60
Y_scaffold5	1038286	39	21	33	21	24	17	22	34	32	30	28	31	21	30	50	34	23	34	31	37	32	45	60
Y_scaffold5	1038287	38	21	33	21	24	17	22	34	32	28	29	31	21	30	52	35	21	34	31	38	32	43	59
Y_scaffold5	1038288	38	22	33	21	24	17	22	34	31	28	29	32	22	29	52	35	23	34	32	38	33	43	57
Y_scaffold5	1038289	38	22	32	22	24	17	22	35	31	28	29	34	22	29	52	35	23	34	32	38	33	43	58
Y_scaffold5	1038290	38	22	32	22	25	17	22	35	32	29	30	34	22	29	52	35	24	36	32	39	33	44	58
Y_scaffold5	1038291	38	22	31	21	25	17	23	35	31	29	29	34	24	29	51	35	25	36	33	39	33	44	57
Y_scaffold5	1038292	39	22	31	21	25	17	23	36	31	29	29	34	24	28	51	34	25	36	34	39	33	44	57
Y_scaffold5	1038293	39	22	33	22	25	17	23	37	31	28	29	34	25	29	51	35	25	37	35	39	31	44	58
Y_scaffold5	1038294	40	21	33	23	25	17	23	37	31	28	29	34	25	29	52	35	25	37	35	39	31	44	58
Y_scaffold5	1038295	40	21	33	23	25	17	23	38	31	28	29	34	25	29	50	34	25	38	35	39	30	44	58
Y_scaffold5	1038296	40	21	33	23	25	17	23	39	31	28	29	34	25	29	50	34	25	38	35	39	30	43	58
Y_scaffold5	1038297	40	21	32	22	25	17	23	37	31	28	29	34	25	29	48	36	24	38	35	37	30	40	57
Y_scaffold5	1038298	41	21	32	23	26	18	23	37	31	28	29	35	25	29	48	37	25	38	35	36	30	40	57
Y_scaffold5	1038299	41	21	32	23	27	18	23	38	31	28	29	35	25	30	49	37	26	38	35	35	29	40	57
Y_scaffold5	1038300	41	21	32	23	27	18	23	38	30	28	29	35	25	29	46	36	26	38	34	35	29	40	56
Y_scaffold5	1038301	42	21	32	23	27	18	23	37	29	27	29	36	25	29	45	36	26	38	34	36	29	41	57
Y_scaffold5	1038302	42	21	32	23	27	18	23	37	29	27	29	36	25	29	44	36	26	37	32	36	27	41	56
Y_scaffold5	1038303	43	22	32	23	27	19	23	37	29	27	29	35	25	29	44	37	26	36	32	36	27	41	56
Y_scaffold5	1038304	42	22	32	23	27	19	23	37	29	27	29	36	25	28	43	37	26	36	33	36	27	41	56
Y_scaffold5	1038305	43	22	32	23	27	19	23	38	29	27	29	36	25	28	43	37	26	36	33	36	27	41	56
Y_scaffold5	1038306	43	22	31	23	27	19	23	37	29	26	29	35	27	28	44	36	26	36	35	36	27	41	56
Y_scaffold5	1038307	43	22	34	23	26	19	25	37	29	26	30	34	26	28	45	38	26	36	34	37	27	42	56
Y_scaffold5	1038308	43	22	34	23	26	19	25	37	30	26	30	34	26	29	45	39	26	36	34	37	27	43	56
Y_scaffold5	1038309	43	22	34	22	26	19	25	38	30	26	30	35	26	29	45	39	26	36	34	37	27	44	55
Y_scaffold5	1038310	42	22	34	22	25	20	25	38	30	25	30	35	26	28	45	38	26	36	34	37	27	44	55
Y_scaffold5	1038311	41	22	34	22	25	20	25	37	29	26	30	35	25	28	45	38	26	35	35	37	27	43	56
Y_scaffold5	1038312	41	22	35	22	25	20	25	37	30	26	31	34	26	27	45	38	26	35	36	37	26	43	56
Y_scaffold5	1038313	41	22	35	22	25	19	25	37	31	26	31	34	26	28	45	38	25	34	36	38	27	43	56
Y_scaffold5	1038314	42	22	35	21	25	20	25	38	31	26	30	34	26	28	44	36	25	33	36	38	27	42	55
Y_scaffold5	1038315	43	22	35	21	25	19	25	39	33	25	31	34	26	28	44	36	25	31	36	38	27	42	55
Y_scaffold5	1038316	43	23	35	21	25	19	25	39	33	25	31	34	26	28	43	37	26	30	36	38	27	42	54
Y_scaffold5	1038317	44	25	35	21	26	19	25	38	33	25	30	34	26	28	43	37	26	29	36	38	27	42	54
Y_scaffold5	1038318	44	25	35	20	26	19	25	37	33	25	31	34	26	28	43	36	27	29	36	38	28	42	54
Y_scaffold5	1038319	44	24	33	20	26	19	23	37	32	25	31	35	26	28	43	35	28	29	35	37	28	42	54
Y_scaffold5	1038320	45	23	32	21	27	19	23	37	33	25	32	35	26	28	43	34	28	29	36	38	28	41	54
Y_scaffold5	1038321	45	24	34	22	26	19	23	37	33	24	31	34	26	28	43	34	28	29	37	38	28	42	55
Y_scaffold5	1038322	45	24	33	22	26	19	23	37	33	23	31	36	25	28	43	34	28	29	36	38	27	42	55
Y_scaffold5	1038323	44	24	32	22	26	19	22	37	32	22	31	37	25	28	42	34	29	29	36	38	26	42	55
Y_scaffold5	1038324	43	24	33	22	26	19	23	38	31	22	31	39	25	28	42	34	30	30	36	38	26	42	55
Y_scaffold5	1038325	43	24	33	21	26	19	24	37	30	22	32	39	25	28	43	34	30	30	36	38	26	42	54
Y_scaffold5	1038326	42	24	32	21	26	19	24	34	31	22	32	39	25	29	43	34	30	30	36	38	26	43	54
Y_scaffold5	1038327	42	23	31	21	25	18	24	34	31	22	32	39	25	31	43	35	30	30	36	38	26	43	53
Y_scaffold5	1038328	41	23	31	21	27	18	25	35	31	23	32	41	25	31	43	34	30	30	36	38	26	43	54
Y_scaffold5	1038329	40	23	30	21	27	18	25	35	31	23	32	42	25	31	44	34	30	29	36	38	26	43	54
Y_scaffold5	1038330	40	22	30	22	27	16	25	35	31	23	31	41	25	31	44	34	30	29	36	41	25	42	54
Y_scaffold5	1038331	40	22	30	22	27	16	25	35	31	23	31	41	25	31	44	34	30	29	37	41	25	42	54
Y_scaffold5	1038332	40	22	30	22	27	16	25	35	31	25	32	40	25	31	44	34	30	29	39	41	25	43	54
Y_scaffold5	1038333	40	22	30	22	27	16	25	36	31	25	32	40	25	31	44	34	30	28	39	40	25	43	54
Y_scaffold5	1038334	39	22	30	22	27	16	25	36	32	25	32	40	24	30	44	34	30	28	39	40	25	41	51
Y_scaffold5	1038335	38	22	30	22	27	16	25	36	31	25	33	40	24	30	44	34	30	28	39	40	25	42	52
Y_scaffold5	1038336	39	22	30	23	27	16	25	36	31	25	34	40	24	31	44	35	29	28	39	41	25	42	52
Y_scaffold5	1038337	38	22	30	23	27	15	25	36	31	25	33	40	25	32	45	35	29	29	38	41	25	42	52
Y_scaffold5	1038338	37	22	30	22	27	14	26	36	30	25	33	40	25	31	46	34	29	30	39	41	25	42	52
Y_scaffold5	1038339	38	22	30	22	27	14	26	36	30	25	33	41	25	31	46	35	29	29	39	41	25	42	53
Y_scaffold5	1038340	38	23	29	22	27	13	25	36	31	24	32	41	25	31	44	34	29	29	39	42	25	41	53
Y_scaffold5	1038341	38	23	29	22	28	13	25	36	33	24	31	41	25	32	44	35	29	29	39	42	25	42	53
Y_scaffold5	1038342	38	23	29	22	28	13	25	36	33	24	31	41	26	32	44	35	30	29	39	43	25	42	53
Y_scaffold5	1038343	38	23	29	22	27	13	24	36	33	24	30	41	26	32	44	35	30	29	39	43	25	42	52
Y_scaffold5	1038344	38	23	29	22	27	13	23	36	34	24	30	41	25	32	44	35	30	29	39	42	25	42	53
Y_scaffold5	1038345	38	24	29	22	27	13	23	36	35	24	30	41	25	31	45	36	30	29	41	42	25	43	55
Y_scaffold5	1038346	38	24	29	22	27	13	23	36	35	24	30	41	25	30	43	37	31	30	41	42	25	44	55
Y_scaffold5	1038347	37	24	29	21	26	14	23	35	35	24	30	39	25	29	43	37	30	30	42	42	26	43	54
Y_scaffold5	1038348	37	24	29	21	27	14	22	35	35	24	29	40	25	29	44	37	30	29	43	43	25	43	52
Y_scaffold5	1038349	37	23	29	21	27	15	22	35	35	24	29	40	25	29	44	37	30	29	43	43	25	43	52
Y_scaffold5	1038350	37	23	29	21	27	15	22	35	35	24	29	40	25	29	44	37	29	28	44	42	25	43	52
Y_scaffold5	1038351	36	23	29	21	28	14	22	36	35	24	29	40	25	30	45	37	29	28	45	42	24	42	52
Y_scaffold5	1038352	36	23	30	21	28	14	22	36	35	25	29	39	25	30	45	37	29	28	45	41	23	42	52
Y_scaffold5	1038353	36	23	30	21	28	14	23	36	35	26	29	39	24	30	43	37	29	28	45	41	23	45	54
Y_scaffold5	1038354	37	23	30	22	28	14	23	35	35	26	29	39	24	29	42	37	29	28	45	41	23	45	54
Y_scaffold5	1038355	37	23	29	21	30	15	23	35	35	25	28	38	24	29	42	38	29	29	44	41	23	44	52
Y_scaffold5	1038356	37	24	30	21	30	15	23	34	37	24	28	39	24	29	42	37	29	29	44	41	23	45	52
Y_scaffold5	1038357	37	24	30	20	30	15	23	34	37	25	28	39	24	29	43	37	30	29	44	41	22	45	52
Y_scaffold5	1038358	37	25	30	21	28	15	23	35	37	25	28	39	24	29	44	36	30	29	44	41	21	46	52
Y_scaffold5	1038359	37	24	30	21	28	15	23	35	37	25	28	39	23	29	44	37	30	28	44	41	21	46	51
Y_scaffold5	1038360	37	24	31	21	28	15	23	36	37	25	28	38	23	30	43	37	30	28	44	41	21	46	51
Y_scaffold5	1038361	37	25	31	22	28	15	24	36	37	25	28	38	23	30	43	37	31	27	44	41	21	46	49
Y_scaffold5	1038362	36	24	32	21	27	15	24	37	35	24	29	37	23	30	42	37	30	27	44	41	21	46	50
Y_scaffold5	1038363	36	24	32	21	27	15	24	37	35	24	29	37	23	30	42	37	31	27	43	41	21	46	50
Y_scaffold5	1038364	36	24	32	21	28	15	24	35	35	24	29	37	23	31	42	37	31	27	43	41	21	46	50
Y_scaffold5	1038365	36	24	32	21	28	15	24	35	35	24	29	37	23	31	42	37	31	27	43	41	21	46	50
Y_scaffold5	1038366	36	24	32	21	29	15	24	35	35	24	28	37	23	31	42	37	32	27	43	41	21	46	49
Y_scaffold5	1038367	37	24	30	21	28	15	24	35	36	24	29	37	23	31	41	38	34	27	42	42	21	46	50
Y_scaffold5	1038368	37	24	30	22	28	15	24	35	36	23	29	38	23	32	41	38	34	27	42	42	21	46	50
Y_scaffold5	1038369	36	24	30	24	28	15	24	35	36	23	30	38	23	33	41	38	34	27	42	44	21	46	48
Y_scaffold5	1038370	36	24	30	25	28	15	24	35	35	24	29	37	23	33	41	38	34	27	42	44	21	47	48
Y_scaffold5	1038371	36	25	30	25	28	15	24	36	35	25	28	38	22	33	42	38	35	27	42	43	21	47	48
Y_scaffold5	1038372	36	25	30	26	28	15	24	35	35	25	28	38	22	33	42	38	33	27	42	43	21	47	48
Y_scaffold5	1038373	35	24	30	27	28	15	27	36	34	25	28	38	22	33	42	39	32	27	43	43	21	47	47
Y_scaffold5	1038374	36	23	29	27	28	15	27	36	35	26	28	38	22	33	42	38	32	25	43	41	21	47	48
Y_scaffold5	1038375	36	23	29	27	28	16	27	36	35	26	28	39	22	32	42	37	32	25	43	41	21	46	48
Y_scaffold5	1038376	36	23	29	27	28	16	27	36	36	27	28	39	22	31	44	37	32	25	43	41	22	46	48
Y_scaffold5	1038377	36	23	29	27	27	16	27	36	36	27	28	39	22	31	44	37	32	25	43	41	24	46	48
Y_scaffold5	1038378	35	22	29	27	27	16	27	36	36	26	27	39	21	31	43	37	31	24	43	41	24	44	48
Y_scaffold5	1038379	36	22	29	26	27	16	27	35	34	26	27	39	21	31	43	38	31	24	42	41	24	45	47
Y_scaffold5	1038380	36	22	29	26	26	17	27	35	34	26	27	38	21	31	44	38	31	23	42	40	22	45	49
Y_scaffold5	1038381	36	22	29	26	25	17	26	34	34	26	27	38	21	31	44	38	31	23	41	41	21	45	49
Y_scaffold5	1038382	36	22	29	27	25	17	25	35	34	27	26	38	21	31	44	39	31	23	39	38	21	45	47
Y_scaffold5	1038383	36	21	29	27	24	17	25	35	33	27	26	38	21	31	44	40	30	23	40	37	21	45	46
Y_scaffold5	1038384	36	21	28	26	24	17	25	35	33	28	25	37	21	30	45	40	31	23	40	36	21	44	46
Y_scaffold5	1038385	36	21	28	25	24	17	25	35	33	28	25	37	21	30	44	40	31	23	40	36	21	44	45
Y_scaffold5	1038386	32	21	28	25	24	17	24	34	33	29	24	34	20	29	43	38	31	22	40	36	21	42	44
Y_scaffold5	1038387	33	21	29	25	25	17	25	34	33	28	24	35	20	30	43	39	31	23	40	36	21	42	44
Y_scaffold5	1038388	34	21	29	25	25	17	25	34	33	28	24	35	20	31	44	39	30	22	40	36	21	42	44
Y_scaffold5	1038389	34	21	28	25	25	17	26	34	33	28	24	35	20	31	44	39	30	22	41	36	20	42	43
Y_scaffold5	1038390	32	19	29	26	25	17	26	34	33	28	25	35	18	31	43	39	30	22	40	35	21	42	43
Y_scaffold5	1038391	32	20	29	26	25	17	26	34	33	28	24	34	18	32	43	39	30	21	40	35	21	42	44
Y_scaffold5	1038392	32	20	29	26	24	17	24	35	33	29	24	34	18	34	43	40	30	21	40	35	20	42	43
Y_scaffold5	1038393	32	20	29	25	24	17	24	34	32	29	24	33	18	34	45	40	30	20	41	35	20	42	42
Y_scaffold5	1038394	32	20	29	25	24	17	25	34	32	29	24	34	18	33	45	40	30	20	41	34	20	42	41
Y_scaffold5	1038395	32	20	29	26	24	17	25	34	32	30	24	35	16	33	45	41	30	20	41	35	20	42	40
Y_scaffold5	1038396	32	20	29	27	24	17	24	33	32	30	24	35	17	34	45	42	31	20	41	34	20	42	40
Y_scaffold5	1038397	33	19	29	27	24	17	24	33	32	30	24	36	17	32	46	42	31	20	41	34	20	41	39
Y_scaffold5	1038398	32	19	29	27	23	17	24	34	32	30	24	36	17	33	46	42	31	20	41	34	20	41	39
Y_scaffold5	1038399	32	19	27	27	23	17	23	34	32	31	24	35	17	32	46	40	31	20	40	34	20	39	39
Y_scaffold5	1038400	33	19	26	27	23	17	23	34	32	31	25	36	17	32	43	40	31	20	40	34	20	39	39
Y_scaffold5	1038401	32	19	26	27	23	17	23	34	31	31	26	36	17	32	44	41	31	20	39	33	20	39	39
Y_scaffold5	1038402	32	19	26	27	23	17	24	34	30	31	26	36	18	32	44	41	31	20	39	33	20	39	40
Y_scaffold5	1038403	32	19	25	27	23	17	24	34	30	31	25	35	18	31	44	41	31	20	39	33	20	39	39
Y_scaffold5	1038404	31	18	25	27	23	17	24	33	30	31	26	35	18	31	44	41	30	19	39	33	20	38	39
Y_scaffold5	1038405	31	19	25	27	22	18	24	33	30	31	28	35	17	30	42	40	30	19	40	33	20	38	39
Y_scaffold5	1038406	31	19	24	27	22	18	24	33	31	31	27	36	17	31	42	39	30	19	38	34	20	36	40
Y_scaffold5	1038407	31	19	24	27	22	19	23	32	31	31	27	36	16	31	42	39	30	19	38	34	20	36	41
Y_scaffold5	1038408	30	19	24	27	22	19	23	32	31	31	28	36	15	32	42	39	30	18	38	33	20	36	40
Y_scaffold5	1038409	30	20	23	27	22	19	23	32	29	31	27	35	15	32	41	39	31	17	37	33	20	36	39
Y_scaffold5	1038410	30	20	23	26	22	19	23	32	29	31	27	35	15	31	41	39	31	17	37	33	20	36	39
Y_scaffold5	1038411	30	19	24	27	23	19	23	33	29	31	27	35	15	31	41	39	31	17	37	31	20	38	38
Y_scaffold5	1038412	31	20	24	28	24	19	23	33	29	32	27	35	15	30	40	41	31	18	37	30	19	38	39
Y_scaffold5	1038413	31	20	24	28	23	19	22	33	29	31	27	35	15	30	40	41	31	18	37	30	19	37	38
Y_scaffold5	1038414	30	21	23	28	23	18	22	33	29	31	27	33	14	30	40	42	31	17	36	30	18	37	38
Y_scaffold5	1038415	30	23	24	28	22	18	21	32	29	31	26	33	14	30	40	42	30	18	36	30	18	37	38
Y_scaffold5	1038416	29	22	23	28	22	18	21	32	29	31	27	34	14	29	40	42	29	19	36	30	17	37	38
Y_scaffold5	1038417	29	22	23	28	22	18	21	32	29	31	27	34	15	30	41	43	29	19	36	30	18	37	39
Y_scaffold5	1038418	29	22	23	28	22	18	21	32	29	31	27	34	15	30	40	42	29	19	35	31	18	36	40
Y_scaffold5	1038419	29	22	23	28	22	18	21	32	29	31	27	34	15	30	40	42	29	19	34	31	18	36	38
Y_scaffold5	1038420	29	21	23	28	22	18	21	32	29	31	28	34	15	31	40	42	29	19	34	31	18	36	38
Y_scaffold5	1038421	30	21	23	28	23	18	21	32	29	30	28	34	15	31	39	42	29	19	34	32	18	36	37
Y_scaffold5	1038422	30	20	22	28	23	18	22	31	28	30	29	35	16	32	39	43	29	19	34	31	18	38	37
Y_scaffold5	1038423	31	20	22	28	23	20	23	30	28	28	30	34	16	32	39	43	28	19	34	30	18	38	35
Y_scaffold5	1038424	30	21	23	28	23	20	23	29	29	26	32	33	16	34	39	42	28	18	33	30	17	38	35
Y_scaffold5	1038425	29	21	24	28	23	20	23	29	29	26	31	32	17	34	39	42	28	18	34	30	17	36	34
Y_scaffold5	1038426	29	21	24	28	23	21	23	29	29	26	30	33	17	34	40	42	28	17	32	30	17	36	34
Y_scaffold5	1038427	28	22	24	28	23	22	23	29	29	27	30	33	17	34	40	41	28	17	32	30	17	35	34
Y_scaffold5	1038428	30	22	24	28	23	20	23	30	29	27	30	33	17	34	40	41	28	18	32	29	18	35	34
Y_scaffold5	1038429	32	22	24	27	22	20	23	30	29	27	31	33	17	34	41	41	28	18	33	28	18	35	34
Y_scaffold5	1038430	33	22	24	27	21	20	23	29	29	26	31	33	17	34	41	41	28	19	33	28	17	34	34
Y_scaffold5	1038431	34	22	24	27	21	20	23	29	29	26	33	33	17	34	41	41	28	20	33	27	17	33	34
Y_scaffold5	1038432	34	22	24	26	22	20	23	29	28	26	33	33	17	34	41	41	28	20	33	27	17	33	34
Y_scaffold5	1038433	34	23	24	26	22	20	22	28	28	26	33	32	18	34	42	41	28	20	33	27	16	33	34
Y_scaffold5	1038434	34	23	24	26	22	21	22	29	28	27	34	32	18	34	42	42	28	23	33	26	16	33	34
Y_scaffold5	1038435	34	23	24	26	22	21	22	29	29	26	33	32	17	33	42	42	28	23	33	26	17	32	34
Y_scaffold5	1038436	34	23	24	26	22	21	22	31	28	26	33	32	17	33	42	42	28	23	32	26	17	32	35
Y_scaffold5	1038437	36	22	24	26	22	20	22	32	28	26	32	32	16	34	40	41	27	25	33	26	17	33	35
Y_scaffold5	1038438	36	22	24	25	22	20	22	31	28	26	32	30	16	34	40	41	26	25	33	26	16	33	35
Y_scaffold5	1038439	36	22	24	25	22	20	22	31	27	26	32	29	16	34	40	42	26	25	33	26	16	33	34
Y_scaffold5	1038440	35	22	24	25	22	20	22	31	26	25	32	29	16	34	40	42	25	23	33	25	17	32	34
Y_scaffold5	1038441	34	22	23	25	23	20	21	31	26	26	31	30	15	34	40	42	23	23	31	25	19	33	34
Y_scaffold5	1038442	34	22	23	25	23	20	21	31	26	26	31	30	15	33	40	42	25	23	31	25	19	33	34
Y_scaffold5	1038443	34	22	24	23	24	20	22	31	26	26	31	31	15	33	40	43	25	21	31	26	19	33	33
Y_scaffold5	1038444	34	22	24	23	24	21	23	31	27	26	31	31	15	33	40	44	25	21	31	27	19	33	33
Y_scaffold5	1038445	34	22	24	23	24	21	23	30	27	26	32	31	16	33	40	44	25	20	31	27	21	33	34
Y_scaffold5	1038446	35	22	24	23	25	21	23	29	27	27	32	31	16	34	40	44	26	20	31	27	21	33	34
Y_scaffold5	1038447	36	22	25	23	25	21	23	29	27	27	33	31	16	34	40	42	26	21	31	27	21	33	34
Y_scaffold5	1038448	35	22	25	22	24	20	24	29	27	28	33	30	16	34	40	41	25	21	31	27	21	34	34
Y_scaffold5	1038449	35	22	26	21	23	20	24	29	27	29	33	29	16	33	39	41	24	22	32	27	21	33	34
Y_scaffold5	1038450	35	22	27	21	22	20	25	29	27	29	33	29	16	33	38	41	23	22	32	27	21	33	37
Y_scaffold5	1038451	35	22	27	22	22	20	26	29	27	31	33	29	17	33	38	41	23	22	32	26	21	33	36
Y_scaffold5	1038452	37	23	27	22	22	20	26	30	27	32	33	29	17	33	38	40	24	22	33	26	21	34	36
Y_scaffold5	1038453	38	22	28	22	22	19	26	30	27	33	33	29	17	33	38	40	24	22	33	26	21	34	36
Y_scaffold5	1038454	38	22	29	22	22	19	26	30	27	33	33	29	17	33	38	39	24	22	32	26	21	35	38
Y_scaffold5	1038455	37	23	29	23	21	19	26	29	27	33	34	29	16	33	38	39	24	22	32	26	21	35	38
Y_scaffold5	1038456	37	23	27	24	21	19	26	29	27	33	33	29	15	33	37	39	25	22	30	26	21	36	38
Y_scaffold5	1038457	37	23	26	23	21	19	25	29	27	33	34	29	16	32	36	37	26	22	30	26	21	36	38
Y_scaffold5	1038458	37	23	26	23	21	19	25	29	26	33	34	28	16	31	37	37	27	23	30	29	21	36	39
Y_scaffold5	1038459	37	23	26	23	21	19	25	28	26	33	35	28	16	31	37	38	27	24	31	31	21	37	40
Y_scaffold5	1038460	37	23	26	23	21	18	25	28	26	33	34	30	17	32	37	39	27	24	31	32	21	37	40
Y_scaffold5	1038461	37	23	25	23	21	18	25	28	26	32	34	30	17	32	37	39	27	24	29	32	21	37	39
Y_scaffold5	1038462	38	23	25	23	21	18	25	28	25	32	35	30	17	32	37	39	27	24	29	31	20	38	40
Y_scaffold5	1038463	38	23	25	24	21	18	25	29	24	32	35	30	18	31	36	40	27	25	29	31	20	38	41
Y_scaffold5	1038464	37	23	26	24	21	17	25	28	24	32	34	30	18	31	36	41	27	25	30	31	20	38	41
Y_scaffold5	1038465	36	23	26	24	22	17	25	27	23	32	34	30	18	31	37	41	27	25	31	31	20	38	41
Y_scaffold5	1038466	37	22	26	24	22	17	25	27	23	33	34	30	18	31	38	40	26	25	31	31	20	38	40
Y_scaffold5	1038467	37	20	26	24	21	17	25	27	23	33	35	30	19	31	39	40	26	25	31	32	21	38	40
Y_scaffold5	1038468	36	20	26	23	20	17	26	27	22	33	35	30	19	32	38	40	25	25	30	32	20	38	40
Y_scaffold5	1038469	36	21	27	23	20	18	26	27	22	33	34	29	19	32	39	41	24	26	30	31	20	39	40
Y_scaffold5	1038470	36	20	26	23	20	18	26	28	22	33	34	30	19	32	39	41	24	26	30	31	20	41	39
Y_scaffold5	1038471	36	20	25	22	20	18	26	28	22	33	34	30	19	32	39	41	24	26	29	31	20	40	39
Y_scaffold5	1038472	36	22	26	23	20	18	26	28	22	32	34	27	20	32	39	41	23	26	30	31	20	40	39
Y_scaffold5	1038473	36	22	26	23	20	18	26	27	23	32	34	26	20	32	40	41	22	26	30	31	21	40	40
Y_scaffold5	1038474	36	23	25	23	21	18	26	27	23	33	34	25	20	32	40	41	23	25	30	30	21	40	40
Y_scaffold5	1038475	36	23	25	23	21	18	25	27	23	32	33	25	20	32	39	41	23	25	29	30	21	40	40
Y_scaffold5	1038476	36	23	26	23	22	19	25	27	22	32	34	26	21	29	39	40	24	25	30	30	21	40	40
Y_scaffold5	1038477	36	23	28	23	20	21	25	27	22	32	35	25	21	29	39	40	24	26	31	30	21	40	40
Y_scaffold5	1038478	37	23	28	23	20	21	24	26	22	32	35	24	21	29	39	40	25	25	31	30	21	40	39
Y_scaffold5	1038479	37	23	28	23	20	21	24	27	22	32	35	23	22	29	38	40	25	25	32	30	21	40	41
Y_scaffold5	1038480	37	23	30	23	20	21	24	27	22	32	35	23	22	29	38	40	25	25	32	28	21	40	42
Y_scaffold5	1038481	39	25	31	24	20	22	24	29	24	32	35	24	24	30	37	42	25	25	31	28	22	40	42
Y_scaffold5	1038482	39	25	31	24	20	22	24	28	24	31	35	24	24	30	37	42	25	25	29	28	22	39	44
Y_scaffold5	1038483	39	26	31	25	20	22	24	28	23	31	35	24	24	30	37	42	25	25	29	28	22	39	44
Y_scaffold5	1038484	39	26	31	25	20	22	24	28	23	31	34	24	24	30	37	42	25	25	29	28	22	39	43
Y_scaffold5	1038485	39	26	31	26	20	22	24	28	23	31	34	25	24	30	37	42	26	26	29	27	22	39	44
Y_scaffold5	1038486	38	26	31	25	21	22	25	29	24	33	33	25	24	30	38	41	26	26	30	28	24	39	44
Y_scaffold5	1038487	38	26	31	25	21	22	25	29	24	33	33	26	23	29	37	41	26	28	30	29	24	39	44
Y_scaffold5	1038488	38	26	31	25	21	23	24	29	24	33	33	26	23	29	36	42	26	27	30	29	24	40	44
Y_scaffold5	1038489	37	26	31	25	21	23	24	30	24	33	33	25	23	29	36	42	26	28	30	28	24	40	43
Y_scaffold5	1038490	37	25	31	25	22	24	23	29	23	33	33	25	23	29	36	43	26	28	30	28	24	39	43
Y_scaffold5	1038491	37	25	31	25	21	24	22	29	21	33	33	25	23	28	36	42	26	28	30	28	25	38	43
Y_scaffold5	1038492	37	25	31	26	21	24	22	29	21	33	33	25	22	28	37	42	25	28	30	28	25	38	43
Y_scaffold5	1038493	38	25	33	26	21	24	22	29	21	33	33	26	23	28	37	43	26	28	30	31	25	38	44
Y_scaffold5	1038494	39	24	33	26	21	24	22	28	21	33	33	26	23	28	37	43	27	28	30	32	25	39	45
Y_scaffold5	1038495	40	24	33	27	21	24	22	28	20	33	34	27	23	28	36	42	27	29	28	32	25	38	45
Y_scaffold5	1038496	40	24	33	27	21	24	22	28	21	34	35	28	23	28	36	41	26	28	28	32	25	38	46
Y_scaffold5	1038497	40	24	32	27	22	23	21	28	23	34	35	28	24	28	35	40	26	30	26	32	24	40	46
Y_scaffold5	1038498	41	24	32	27	21	23	21	28	24	34	35	27	25	28	37	40	26	30	27	32	25	40	47
Y_scaffold5	1038499	41	24	33	28	21	24	21	28	24	36	36	27	26	28	37	40	26	30	26	33	25	39	47
Y_scaffold5	1038500	41	24	33	28	21	24	20	28	24	36	37	27	26	29	37	40	26	32	26	33	25	39	47
Y_scaffold5	1038501	41	24	34	28	21	24	20	27	24	36	37	27	26	28	36	40	26	32	26	33	26	40	47
Y_scaffold5	1038502	41	24	34	29	21	25	20	27	24	36	37	27	26	28	36	40	27	32	26	33	26	40	47
Y_scaffold5	1038503	42	24	34	29	21	25	20	27	24	35	38	27	26	29	37	39	27	33	27	33	27	37	46
Y_scaffold5	1038504	41	24	34	28	22	25	20	27	26	35	38	27	27	29	37	40	27	34	28	33	27	38	47
Y_scaffold5	1038505	41	24	34	28	22	24	20	27	27	35	39	27	28	29	37	40	27	33	28	33	27	38	47
Y_scaffold5	1038506	42	23	33	28	22	25	20	29	25	35	39	26	28	29	37	40	27	33	28	33	27	37	47
Y_scaffold5	1038507	43	23	33	28	22	25	21	29	25	35	39	26	28	29	36	40	26	34	28	33	28	37	47
Y_scaffold5	1038508	43	22	33	27	22	25	21	28	25	34	39	26	29	29	35	40	26	34	29	33	28	36	47
Y_scaffold5	1038509	43	23	32	27	22	25	21	27	25	35	39	26	29	28	35	39	26	34	29	33	28	37	48
Y_scaffold5	1038510	43	23	32	27	22	25	21	27	26	36	39	27	29	28	36	39	26	35	29	33	28	37	48
Y_scaffold5	1038511	43	22	32	26	22	26	20	27	26	36	39	27	29	28	36	39	25	35	29	33	29	39	48
Y_scaffold5	1038512	43	23	31	28	22	26	21	26	26	36	38	28	29	28	38	40	26	36	29	34	29	39	47
Y_scaffold5	1038513	43	24	31	28	22	26	22	26	25	37	38	28	29	28	38	40	24	36	29	35	29	40	47
Y_scaffold5	1038514	43	25	32	28	21	26	22	26	25	37	38	28	29	27	38	40	24	36	29	35	28	39	47
Y_scaffold5	1038515	43	25	31	28	20	26	23	26	25	37	38	29	29	27	38	40	25	36	29	34	28	39	48
Y_scaffold5	1038516	43	25	31	28	20	26	23	26	24	37	39	29	29	27	38	40	23	36	29	33	28	40	48
Y_scaffold5	1038517	42	25	31	29	20	26	23	26	25	37	37	28	29	27	38	39	23	35	29	32	28	41	47
Y_scaffold5	1038518	42	25	31	28	20	26	24	26	25	39	37	30	29	26	38	39	24	35	29	32	29	45	47
Y_scaffold5	1038519	42	25	31	26	20	26	24	27	25	39	36	30	29	25	38	39	24	36	30	30	29	45	48
Y_scaffold5	1038520	42	26	31	24	20	26	25	27	25	38	36	29	29	25	37	40	24	36	29	30	29	44	48
Y_scaffold5	1038521	42	25	31	24	20	26	25	27	25	37	36	30	30	25	37	40	23	36	29	30	29	43	48
Y_scaffold5	1038522	43	25	31	24	20	26	25	27	25	38	36	30	30	25	38	41	23	36	29	30	29	43	48
Y_scaffold5	1038523	43	25	33	23	20	26	24	26	25	37	36	31	30	25	38	40	24	36	28	30	28	43	48
Y_scaffold5	1038524	42	25	33	23	20	26	24	26	24	36	36	31	30	26	38	41	24	36	28	31	28	44	47
Y_scaffold5	1038525	42	25	33	23	20	25	24	26	24	36	36	30	30	25	38	41	24	36	28	31	27	44	47
Y_scaffold5	1038526	42	25	34	24	20	25	24	26	25	35	36	31	30	26	37	41	24	36	29	32	27	45	47
Y_scaffold5	1038527	42	25	34	24	20	25	24	26	25	35	36	31	30	27	37	41	26	36	29	32	26	46	48
Y_scaffold5	1038528	42	26	34	24	21	26	24	26	25	35	36	30	30	27	37	42	26	36	30	33	26	45	48
Y_scaffold5	1038529	40	26	33	24	21	25	24	26	25	35	36	30	30	27	36	41	26	36	30	33	26	46	48
Y_scaffold5	1038530	40	26	33	24	21	26	24	27	25	35	36	30	31	28	36	42	26	36	30	33	26	46	45
Y_scaffold5	1038531	40	26	33	24	21	26	25	26	25	35	36	30	31	28	36	41	26	36	29	32	26	46	46
Y_scaffold5	1038532	40	26	34	23	21	27	26	26	25	34	38	30	31	28	36	41	26	36	29	33	26	46	46
Y_scaffold5	1038533	40	27	35	23	21	27	26	26	25	33	39	31	31	28	35	40	25	36	29	34	26	47	46
Y_scaffold5	1038534	40	27	35	23	21	28	26	26	25	33	39	31	31	28	34	40	25	36	29	35	26	47	47
Y_scaffold5	1038535	40	27	35	23	21	27	26	26	25	33	39	31	31	28	34	40	25	36	28	35	26	47	46
Y_scaffold5	1038536	40	27	34	23	21	27	26	26	25	32	39	31	32	27	34	41	25	36	29	35	26	47	47
Y_scaffold5	1038537	39	27	34	24	20	27	25	27	25	33	39	30	33	27	34	41	26	35	29	35	27	48	48
Y_scaffold5	1038538	39	27	34	25	20	27	24	27	25	33	39	31	33	26	34	41	26	35	29	35	27	49	48
Y_scaffold5	1038539	39	27	34	24	20	27	24	28	25	33	38	31	33	26	34	41	26	35	29	35	27	50	48
Y_scaffold5	1038540	39	27	33	24	20	28	25	28	25	33	39	32	34	25	34	42	26	35	29	35	27	50	48
Y_scaffold5	1038541	39	26	33	24	20	28	25	30	26	32	39	32	35	23	34	41	26	35	30	36	27	50	47
Y_scaffold5	1038542	39	26	33	25	20	28	25	30	26	31	39	32	35	23	33	41	26	36	29	36	27	50	48
Y_scaffold5	1038543	40	26	33	25	20	28	25	30	26	31	39	33	35	23	31	41	27	36	29	35	27	49	49
Y_scaffold5	1038544	40	26	33	25	20	29	24	29	26	31	39	31	36	23	31	41	27	36	29	35	27	49	49
Y_scaffold5	1038545	40	26	35	24	21	29	24	30	27	31	39	31	36	24	31	42	27	36	29	34	27	49	49
Y_scaffold5	1038546	40	26	35	23	21	29	24	30	28	31	39	31	35	23	31	41	26	36	29	34	28	49	49
Y_scaffold5	1038547	39	27	35	23	21	29	24	30	29	32	39	30	35	23	30	41	26	37	29	34	28	50	49
Y_scaffold5	1038548	40	28	35	24	21	29	25	29	29	33	39	30	35	23	30	41	26	37	29	34	28	50	49
Y_scaffold5	1038549	40	28	35	24	21	29	25	29	29	33	39	30	35	23	30	43	26	37	31	34	29	50	48
Y_scaffold5	1038550	40	28	35	24	21	29	26	28	29	33	38	29	35	24	30	43	25	37	31	34	29	50	48
Y_scaffold5	1038551	41	28	35	24	21	29	26	28	29	33	37	29	35	24	28	42	25	37	31	34	30	51	50
Y_scaffold5	1038552	41	28	35	24	21	29	26	28	29	34	37	30	35	24	28	42	25	37	31	34	30	51	51
Y_scaffold5	1038553	42	28	35	24	21	29	26	28	29	34	37	31	35	24	28	43	25	37	31	34	30	51	51
Y_scaffold5	1038554	42	27	35	23	21	29	26	29	29	34	34	31	35	24	28	42	25	37	30	35	29	52	49
Y_scaffold5	1038555	42	27	35	23	21	29	27	29	29	35	34	30	35	24	29	42	25	37	32	35	29	54	49
Y_scaffold5	1038556	42	27	35	23	21	30	27	29	28	35	34	30	35	23	29	42	25	37	32	35	29	54	49
Y_scaffold5	1038557	42	27	35	24	21	29	27	29	28	35	35	30	35	23	30	43	26	38	33	36	29	54	49
Y_scaffold5	1038558	42	27	35	24	21	29	27	29	29	35	34	30	35	22	31	43	26	38	33	37	29	54	49
Y_scaffold5	1038559	42	26	35	24	21	29	29	29	30	36	34	31	35	22	31	44	25	39	33	37	30	54	49
Y_scaffold5	1038560	42	26	36	25	21	29	29	29	30	36	34	31	35	22	30	44	25	40	33	37	29	55	48
Y_scaffold5	1038561	42	26	36	24	20	30	30	28	30	36	34	31	34	22	30	44	25	41	33	37	29	53	49
Y_scaffold5	1038562	41	25	36	23	19	30	30	28	30	35	34	31	34	23	29	42	25	40	33	38	29	53	48
Y_scaffold5	1038563	41	25	36	23	19	31	30	28	30	35	34	31	34	23	29	43	25	41	33	38	29	53	48
Y_scaffold5	1038564	41	24	36	23	19	31	31	28	31	35	34	31	34	24	29	44	26	42	35	37	29	54	48
Y_scaffold5	1038565	42	22	35	23	19	30	31	29	31	35	34	31	34	24	29	44	27	41	35	36	29	55	47
Y_scaffold5	1038566	42	22	35	23	19	30	31	29	31	35	33	30	34	24	30	44	27	40	35	38	29	55	47
Y_scaffold5	1038567	42	22	34	23	19	29	31	29	31	35	34	31	33	24	30	43	27	40	35	38	28	56	49
Y_scaffold5	1038568	42	23	33	23	19	30	31	29	31	35	34	31	33	23	29	43	28	41	35	37	28	56	48
Y_scaffold5	1038569	42	22	33	23	19	30	30	29	31	35	34	31	33	22	29	43	28	41	35	38	28	56	48
Y_scaffold5	1038570	42	23	34	23	19	30	30	29	32	35	35	31	33	23	31	43	28	41	35	38	28	56	49
Y_scaffold5	1038571	41	24	33	24	18	29	31	30	32	35	35	31	32	23	33	42	28	41	35	37	28	55	50
Y_scaffold5	1038572	41	24	34	24	18	29	31	30	32	35	35	30	32	23	33	42	28	42	36	37	28	56	50
Y_scaffold5	1038573	40	25	34	25	19	28	30	30	31	35	35	30	32	22	34	42	29	42	37	37	28	55	50
Y_scaffold5	1038574	40	25	33	25	19	28	30	32	30	35	32	30	32	21	34	42	29	43	36	37	28	55	51
Y_scaffold5	1038575	40	26	33	25	20	29	31	32	30	36	32	30	31	21	32	41	29	43	35	37	28	55	52
Y_scaffold5	1038576	40	25	33	25	19	28	31	32	30	35	32	29	31	21	32	42	29	43	36	37	28	55	52
Y_scaffold5	1038577	39	25	33	25	19	27	32	32	29	35	33	29	31	21	32	42	30	43	36	37	28	56	53
Y_scaffold5	1038578	37	25	34	25	19	27	32	31	29	35	33	29	31	21	32	43	30	42	36	37	27	56	53
Y_scaffold5	1038579	35	25	34	25	19	27	33	31	29	35	32	29	31	22	31	43	29	42	35	38	27	56	53
Y_scaffold5	1038580	34	25	34	25	20	28	33	31	28	35	32	29	31	22	31	43	29	42	35	38	28	56	54
Y_scaffold5	1038581	34	24	34	25	19	28	33	31	27	35	32	29	30	22	31	43	29	41	36	38	28	56	54
Y_scaffold5	1038582	34	24	34	25	20	28	33	30	28	36	32	30	30	22	31	42	29	39	36	38	28	56	56
Y_scaffold5	1038583	34	24	34	25	20	28	33	31	28	35	33	30	30	22	31	42	29	39	36	38	28	56	56
Y_scaffold5	1038584	34	24	34	25	20	28	33	31	28	35	33	30	29	22	32	43	29	39	36	39	28	55	56
Y_scaffold5	1038585	32	24	34	25	20	28	33	29	28	35	33	30	29	22	32	43	29	38	37	40	28	56	55
Y_scaffold5	1038586	32	25	34	25	20	28	33	31	28	35	35	30	30	22	32	43	30	37	37	39	28	56	56
Y_scaffold5	1038587	31	25	34	25	20	28	33	30	28	35	35	30	30	21	32	44	30	37	37	39	28	55	57
Y_scaffold5	1038588	31	25	34	26	20	28	33	30	28	35	35	29	30	21	32	44	31	37	37	39	27	55	58
Y_scaffold5	1038589	31	25	34	26	20	28	34	30	28	35	35	29	30	21	33	43	32	37	37	39	26	55	58
Y_scaffold5	1038590	31	25	34	29	19	28	34	30	29	36	36	29	30	22	33	44	33	38	37	39	25	55	58
Y_scaffold5	1038591	31	25	34	29	19	28	34	29	30	36	36	29	29	23	32	45	33	38	37	39	25	55	59
Y_scaffold5	1038592	30	25	33	29	19	29	33	28	32	36	36	28	28	23	32	44	31	38	36	41	26	55	60
Y_scaffold5	1038593	31	26	33	29	18	29	32	28	32	36	37	28	28	23	32	44	31	38	37	39	26	56	60
Y_scaffold5	1038594	32	27	33	29	18	28	32	28	32	36	37	28	28	23	33	44	31	38	37	39	26	57	60
Y_scaffold5	1038595	32	27	33	29	19	29	32	29	32	37	37	28	27	23	33	45	31	38	37	39	24	57	59
Y_scaffold5	1038596	31	27	33	29	19	29	32	29	32	36	37	28	27	22	33	45	30	38	38	39	24	57	59
Y_scaffold5	1038597	30	27	32	30	19	29	32	29	32	36	36	28	27	22	33	45	30	37	37	40	24	57	59
Y_scaffold5	1038598	30	27	32	30	19	29	31	29	32	35	36	28	27	22	33	45	30	37	38	40	24	56	59
Y_scaffold5	1038599	30	28	31	30	20	29	31	28	32	35	37	29	27	22	34	46	30	36	39	40	24	57	59
Y_scaffold5	1038600	30	28	30	30	20	29	30	28	32	35	37	29	27	22	33	46	30	36	39	41	24	57	56
Y_scaffold5	1038601	29	28	30	30	22	29	29	29	32	34	38	30	26	22	33	46	30	36	40	41	24	57	56
Y_scaffold5	1038602	28	28	31	30	22	29	29	28	32	34	38	30	26	22	34	48	29	36	39	41	24	56	56
Y_scaffold5	1038603	28	29	30	31	22	29	29	28	33	33	38	30	27	22	34	48	29	37	40	41	24	56	56
Y_scaffold5	1038604	28	29	29	31	22	29	30	28	33	33	38	29	27	22	35	48	29	37	41	41	24	55	54
Y_scaffold5	1038605	28	28	29	30	22	29	30	28	33	33	36	29	26	22	35	48	27	37	41	41	24	54	54
Y_scaffold5	1038606	28	28	29	29	22	29	29	28	33	33	36	29	26	22	35	49	26	37	41	40	24	53	54
Y_scaffold5	1038607	28	28	30	29	22	29	29	28	34	34	36	30	26	23	34	49	26	37	41	38	24	52	53
Y_scaffold5	1038608	28	28	30	29	24	29	29	28	34	35	36	30	26	23	34	49	26	37	41	37	26	52	53
Y_scaffold5	1038609	28	28	30	29	24	29	29	28	34	35	35	29	26	24	34	49	26	36	41	35	26	50	52
Y_scaffold5	1038610	28	28	30	29	24	29	29	29	34	35	35	29	27	24	34	49	27	36	41	35	27	49	52
Y_scaffold5	1038611	27	29	30	29	24	29	29	29	36	35	35	29	26	24	34	49	27	37	41	35	27	49	52
Y_scaffold5	1038612	27	29	30	28	24	29	29	29	37	34	34	29	27	24	34	49	27	35	41	36	27	49	50
Y_scaffold5	1038613	27	30	30	28	25	29	29	28	37	34	35	29	26	24	34	48	28	35	41	36	27	50	50
Y_scaffold5	1038614	27	30	29	28	26	29	30	28	37	34	35	29	26	24	36	47	29	35	40	36	27	51	50
Y_scaffold5	1038615	28	30	29	28	25	31	30	28	37	34	35	29	26	24	36	46	30	35	40	36	27	51	50
Y_scaffold5	1038616	27	30	29	29	25	31	30	28	38	34	34	29	26	24	35	46	30	35	40	35	26	51	50
Y_scaffold5	1038617	27	30	30	29	25	31	30	28	38	34	34	29	25	23	35	46	30	36	40	35	26	51	50
Y_scaffold5	1038618	27	31	31	29	25	31	29	28	38	34	34	29	25	24	35	46	30	36	40	36	26	51	50
Y_scaffold5	1038619	27	30	30	31	25	31	29	28	39	34	34	28	25	24	34	46	30	35	41	36	26	49	50
Y_scaffold5	1038620	27	28	29	32	25	32	30	27	38	34	34	28	24	24	34	46	30	35	41	36	26	48	50
Y_scaffold5	1038621	27	29	29	33	25	32	30	27	38	34	34	28	24	25	34	46	30	35	41	36	26	48	50
Y_scaffold5	1038622	27	29	29	32	25	32	30	27	38	34	34	28	24	25	34	46	30	35	41	36	26	48	50
Y_scaffold5	1038623	27	29	29	31	25	32	29	27	38	34	35	28	24	25	33	46	30	35	41	37	25	49	49
Y_scaffold5	1038624	27	29	29	31	23	32	29	27	38	33	35	30	23	25	34	47	28	35	41	37	25	49	49
Y_scaffold5	1038625	28	29	30	31	23	32	29	27	38	33	35	29	23	26	34	48	29	35	41	37	25	49	49
Y_scaffold5	1038626	28	29	29	31	23	32	29	28	39	34	34	29	23	26	34	48	30	35	41	37	25	49	49
Y_scaffold5	1038627	28	29	29	31	23	29	29	28	39	34	33	29	23	26	34	48	30	34	39	37	26	49	50
Y_scaffold5	1038628	28	30	29	32	23	30	29	28	39	34	33	29	23	27	34	48	29	34	39	37	26	50	49
Y_scaffold5	1038629	28	30	27	31	23	29	30	27	39	34	33	30	23	27	34	49	29	34	38	37	27	51	47
Y_scaffold5	1038630	28	28	27	31	23	29	30	26	38	34	33	29	21	27	34	48	29	34	39	37	26	51	48
Y_scaffold5	1038631	26	28	26	31	23	29	31	25	38	33	33	29	21	26	35	47	30	34	40	37	26	51	48
Y_scaffold5	1038632	27	28	26	32	23	31	31	27	38	33	32	30	21	28	35	47	30	36	40	38	26	50	47
Y_scaffold5	1038633	27	27	26	32	23	31	31	28	39	33	32	30	21	29	35	47	31	36	40	38	26	51	47
Y_scaffold5	1038634	27	27	26	32	23	32	31	27	39	34	34	32	21	29	36	47	31	36	40	38	25	51	46
Y_scaffold5	1038635	27	27	26	31	23	32	30	27	39	34	34	31	21	29	37	47	30	35	41	38	25	51	46
Y_scaffold5	1038636	26	27	26	31	23	32	30	27	39	33	34	32	21	29	36	47	30	34	41	37	24	51	47
Y_scaffold5	1038637	26	27	26	31	23	32	30	27	38	33	34	31	21	29	36	47	30	33	41	36	24	51	46
Y_scaffold5	1038638	26	27	26	32	23	31	30	27	39	33	34	31	21	29	37	47	30	33	40	37	24	50	46
Y_scaffold5	1038639	26	27	25	33	23	31	30	26	39	33	34	31	21	29	37	46	30	32	40	37	24	50	46
Y_scaffold5	1038640	26	27	25	33	22	30	30	26	39	34	34	32	21	29	37	45	30	33	40	37	24	50	46
Y_scaffold5	1038641	26	27	26	33	22	30	31	26	39	34	34	32	22	29	37	45	30	33	40	37	24	50	46
Y_scaffold5	1038642	25	27	25	32	22	30	33	27	41	34	34	32	22	29	36	44	29	33	41	34	24	50	46
Y_scaffold5	1038643	25	29	25	32	22	31	34	29	41	34	36	33	21	29	36	46	30	33	41	34	24	50	43
Y_scaffold5	1038644	24	30	25	32	22	31	34	29	42	34	37	33	21	29	36	47	30	33	41	33	25	51	45
Y_scaffold5	1038645	24	31	25	31	22	31	33	29	42	34	37	32	21	30	36	47	30	32	42	34	25	51	44
Y_scaffold5	1038646	24	31	25	31	22	31	33	29	41	33	36	31	21	30	36	48	31	34	42	34	25	51	44
Y_scaffold5	1038647	26	31	27	31	21	31	33	29	39	33	36	31	20	30	35	48	31	33	42	34	25	50	44
Y_scaffold5	1038648	25	31	27	31	21	30	33	29	38	33	36	31	19	30	33	48	31	33	41	33	24	50	44
Y_scaffold5	1038649	25	32	26	30	21	29	33	29	38	31	36	31	18	30	33	48	31	33	41	32	24	50	44
Y_scaffold5	1038650	26	32	27	30	21	30	34	31	39	30	35	31	18	29	34	48	32	31	41	32	25	51	44
Y_scaffold5	1038651	26	34	27	29	19	29	34	31	39	30	35	32	19	29	34	50	31	31	40	32	25	50	44
Y_scaffold5	1038652	25	34	26	29	18	29	35	31	39	30	35	33	20	27	33	52	31	31	40	32	24	51	43
Y_scaffold5	1038653	25	35	26	29	18	30	35	31	37	31	35	33	20	28	33	51	32	30	41	32	24	52	44
Y_scaffold5	1038654	25	35	26	29	18	30	36	31	37	31	35	33	19	28	33	51	33	30	41	32	24	52	44
Y_scaffold5	1038655	25	35	26	29	20	30	36	31	37	32	36	33	18	28	34	51	33	30	41	32	24	53	44
Y_scaffold5	1038656	25	36	26	29	21	29	36	30	38	32	36	33	18	30	35	51	34	30	41	33	24	53	44
Y_scaffold5	1038657	24	36	26	29	21	30	36	31	38	31	36	34	18	30	35	51	35	29	40	34	23	54	44
Y_scaffold5	1038658	24	35	26	29	21	30	36	31	39	31	37	34	17	30	36	51	36	29	40	34	25	54	44
Y_scaffold5	1038659	23	36	26	28	23	31	36	31	38	29	37	34	17	30	36	51	35	27	40	34	25	53	44
Y_scaffold5	1038660	24	37	26	27	23	31	36	31	38	29	37	35	17	31	35	52	35	27	41	34	25	53	44
Y_scaffold5	1038661	24	37	26	27	23	30	36	31	39	29	37	34	18	31	35	51	35	27	43	34	25	52	44
Y_scaffold5	1038662	24	36	27	27	24	30	34	31	39	28	40	34	18	31	35	51	35	27	44	33	25	52	45
Y_scaffold5	1038663	25	35	27	28	24	31	34	31	39	28	40	34	19	32	35	51	35	27	44	33	26	53	45
Y_scaffold5	1038664	25	34	28	28	24	31	34	31	39	28	40	33	19	32	35	52	34	27	44	33	26	53	44
Y_scaffold5	1038665	25	34	28	28	25	32	34	31	39	29	40	33	19	33	36	52	34	27	44	33	27	53	44
Y_scaffold5	1038666	25	34	29	28	25	32	34	31	40	29	39	33	19	33	36	52	34	27	44	33	27	53	44
Y_scaffold5	1038667	25	34	29	27	25	32	35	31	39	29	39	33	19	33	36	53	34	27	44	33	27	51	44
Y_scaffold5	1038668	25	34	29	27	25	32	33	32	39	27	39	32	19	33	36	55	33	28	44	33	26	48	44
Y_scaffold5	1038669	25	34	30	28	26	32	33	31	41	27	39	32	20	33	37	56	33	27	46	33	27	49	45
Y_scaffold5	1038670	26	34	31	28	26	32	33	31	41	27	39	32	20	33	37	55	34	27	47	33	27	49	45
Y_scaffold5	1038671	25	34	32	29	26	32	33	31	42	26	40	31	19	33	37	56	35	27	47	34	27	49	46
Y_scaffold5	1038672	25	34	31	29	26	32	31	31	42	26	40	33	19	33	36	56	35	27	47	34	28	50	46
Y_scaffold5	1038673	25	34	30	29	26	33	31	32	43	28	40	32	19	34	36	55	34	27	47	33	28	49	46
Y_scaffold5	1038674	26	35	30	29	26	33	31	32	42	28	40	32	19	34	36	56	35	27	47	32	28	48	46
Y_scaffold5	1038675	26	35	30	28	26	34	31	34	43	28	40	31	19	33	36	56	35	27	46	32	28	48	46
Y_scaffold5	1038676	27	35	29	29	26	34	31	34	42	28	40	31	19	33	36	56	35	27	46	32	28	47	46
Y_scaffold5	1038677	27	34	30	29	25	33	31	34	42	29	40	32	19	33	36	55	33	27	46	31	27	46	45
Y_scaffold5	1038678	27	35	30	29	25	33	31	34	42	29	41	32	20	33	36	57	33	27	46	31	27	46	45
Y_scaffold5	1038679	27	35	31	29	25	33	31	34	42	29	41	33	21	32	36	57	33	27	46	31	29	46	47
Y_scaffold5	1038680	27	35	31	29	26	33	31	33	43	30	41	33	21	32	36	56	33	27	46	31	30	46	47
Y_scaffold5	1038681	27	36	31	29	26	33	30	36	44	30	43	33	21	32	36	56	34	27	46	31	30	46	46
Y_scaffold5	1038682	28	36	30	29	26	33	30	36	44	30	41	34	21	32	37	56	34	27	46	30	31	45	46
Y_scaffold5	1038683	28	35	30	29	26	33	30	36	45	31	40	33	21	32	37	56	35	27	46	29	31	45	46
Y_scaffold5	1038684	28	35	30	29	26	32	30	36	45	31	40	33	22	33	37	56	35	27	47	29	31	45	44
Y_scaffold5	1038685	28	35	30	29	26	32	31	36	47	31	40	33	22	34	37	55	35	30	47	29	31	45	43
Y_scaffold5	1038686	28	35	31	30	26	32	31	36	47	30	41	34	20	34	37	55	35	31	45	30	31	46	42
Y_scaffold5	1038687	28	35	31	30	26	33	31	35	47	30	41	34	20	34	37	54	34	31	45	30	30	47	42
Y_scaffold5	1038688	28	35	31	31	26	33	31	35	47	31	41	34	20	35	36	55	34	32	44	30	30	46	42
Y_scaffold5	1038689	30	36	31	31	26	34	31	35	47	31	41	34	20	36	37	56	34	32	44	30	30	46	42
Y_scaffold5	1038690	30	37	32	32	26	33	30	35	46	31	42	34	20	38	37	55	34	32	45	31	30	49	42
Y_scaffold5	1038691	30	37	31	31	26	34	30	32	47	30	42	33	19	38	37	55	33	33	45	30	30	49	42
Y_scaffold5	1038692	31	37	32	31	26	34	30	32	47	30	42	33	19	38	37	56	34	32	45	33	30	49	42
Y_scaffold5	1038693	31	39	32	31	26	33	30	32	47	30	42	33	18	38	37	56	34	32	45	33	29	49	42
Y_scaffold5	1038694	31	40	32	31	25	33	30	32	47	30	43	33	18	39	37	55	34	32	46	33	29	49	43
Y_scaffold5	1038695	31	40	31	31	25	33	30	32	46	30	43	33	18	38	37	55	34	32	46	33	29	48	43
Y_scaffold5	1038696	31	40	31	31	25	34	30	32	44	30	44	33	18	38	38	56	34	32	46	33	28	50	43
Y_scaffold5	1038697	32	39	33	31	25	34	29	32	44	29	44	33	18	38	38	56	34	31	46	33	28	50	43
Y_scaffold5	1038698	33	40	34	30	25	34	30	35	45	28	44	33	18	38	39	57	34	31	47	34	28	50	43
Y_scaffold5	1038699	33	40	34	30	26	34	30	35	45	27	44	33	18	38	39	55	34	31	45	34	27	50	44
Y_scaffold5	1038700	31	40	34	30	26	34	28	36	45	26	44	33	19	37	40	55	35	31	45	34	27	49	41
Y_scaffold5	1038701	31	40	35	30	26	34	28	36	45	26	44	32	19	37	40	56	35	31	45	34	27	49	42
Y_scaffold5	1038702	31	41	35	30	26	34	28	36	45	26	44	31	19	37	40	57	36	31	45	34	28	49	41
Y_scaffold5	1038703	30	42	35	30	26	35	28	36	46	27	44	31	19	37	40	56	36	31	46	34	28	49	42
Y_scaffold5	1038704	30	42	35	30	26	34	27	36	46	27	45	32	19	37	40	56	36	32	46	33	28	47	41
Y_scaffold5	1038705	30	42	35	30	26	33	27	37	46	26	45	32	19	37	40	58	36	32	46	33	29	47	41
Y_scaffold5	1038706	30	42	36	30	26	33	28	37	46	27	45	32	20	37	39	57	36	32	45	32	29	47	41
Y_scaffold5	1038707	30	42	36	29	26	33	27	38	45	27	45	31	20	37	39	57	35	29	45	31	28	47	41
Y_scaffold5	1038708	30	44	37	29	26	33	27	38	45	27	45	31	20	37	39	56	35	29	45	32	28	48	41
Y_scaffold5	1038709	30	44	37	29	26	33	27	38	44	26	45	31	21	37	39	56	35	29	45	33	28	48	41
Y_scaffold5	1038710	30	44	38	28	27	33	27	39	44	26	46	31	21	37	39	56	35	29	45	36	28	47	41
Y_scaffold5	1038711	30	44	38	28	27	32	26	39	45	26	47	31	22	37	39	57	36	28	47	36	28	47	41
Y_scaffold5	1038712	30	44	38	28	28	33	26	39	44	26	47	31	22	36	39	57	36	28	47	35	28	48	41
Y_scaffold5	1038713	30	44	38	28	28	32	25	39	45	26	47	31	22	36	39	56	35	27	47	35	28	47	41
Y_scaffold5	1038714	30	44	38	28	28	32	25	39	45	26	47	31	22	35	39	55	35	26	46	35	28	48	41
Y_scaffold5	1038715	29	44	38	28	28	32	25	38	45	26	47	32	22	35	38	55	34	26	46	35	28	47	41
Y_scaffold5	1038716	29	44	39	30	28	32	25	38	45	27	47	32	23	35	38	57	34	26	46	33	28	47	41
Y_scaffold5	1038717	29	44	39	30	28	32	25	38	45	27	46	31	23	34	37	57	34	26	46	33	28	46	38
Y_scaffold5	1038718	29	43	39	31	28	31	25	38	45	27	45	31	23	34	38	57	33	25	46	33	28	47	38
Y_scaffold5	1038719	29	43	39	31	28	31	25	38	46	27	44	31	23	35	38	57	35	25	46	32	28	47	38
Y_scaffold5	1038720	29	42	38	31	28	31	26	38	45	27	43	31	23	34	36	56	35	25	46	32	28	47	37
Y_scaffold5	1038721	30	42	38	30	28	31	25	37	46	28	42	31	23	36	34	57	36	26	46	32	28	46	36
Y_scaffold5	1038722	30	42	37	30	28	30	25	37	46	28	42	31	23	36	35	57	36	26	47	32	28	45	36
Y_scaffold5	1038723	30	42	38	29	28	30	26	35	46	29	42	31	23	36	36	58	35	25	46	33	28	45	35
Y_scaffold5	1038724	30	41	37	29	28	30	25	35	46	30	43	32	23	36	36	57	35	25	46	33	28	45	34
Y_scaffold5	1038725	30	41	37	29	28	30	25	36	46	29	43	32	23	36	36	57	36	25	47	34	28	45	34
Y_scaffold5	1038726	30	41	37	29	29	30	26	37	46	30	44	32	23	36	36	57	36	25	46	35	28	45	34
Y_scaffold5	1038727	30	41	37	29	29	30	25	37	46	30	43	32	24	36	36	56	35	25	46	35	28	44	33
Y_scaffold5	1038728	30	41	38	29	29	30	24	37	46	30	43	32	24	35	36	57	36	24	46	34	27	44	34
Y_scaffold5	1038729	31	41	37	29	29	31	24	37	46	30	44	32	24	35	36	57	36	24	47	34	27	45	35
Y_scaffold5	1038730	31	41	37	29	28	30	24	37	46	30	44	33	24	35	36	57	36	24	47	34	27	45	35
Y_scaffold5	1038731	30	41	37	29	27	29	24	37	46	29	42	33	24	35	35	57	36	25	46	34	26	45	34
Y_scaffold5	1038732	31	41	37	29	27	29	25	37	45	30	42	33	24	35	35	57	37	25	46	34	26	45	34
Y_scaffold5	1038733	31	42	37	29	27	29	25	36	45	30	41	33	25	35	34	56	38	24	46	34	26	45	35
Y_scaffold5	1038734	32	44	37	30	27	29	25	36	45	30	41	33	24	35	34	56	38	25	46	32	26	44	36
Y_scaffold5	1038735	32	44	38	30	27	29	26	36	45	31	41	33	25	35	34	56	38	25	46	32	28	44	36
Y_scaffold5	1038736	32	44	38	30	27	29	26	34	45	31	39	33	26	35	34	56	37	27	46	32	28	44	35
Y_scaffold5	1038737	32	44	38	29	28	29	26	34	45	31	39	35	27	35	34	55	36	27	45	33	28	43	34
Y_scaffold5	1038738	33	44	38	29	28	29	26	35	45	30	39	35	27	34	34	55	36	28	45	33	28	43	34
Y_scaffold5	1038739	33	45	38	29	28	29	25	35	45	31	39	35	28	35	33	55	35	28	46	33	28	43	34
Y_scaffold5	1038740	34	45	38	27	27	29	26	35	45	31	37	36	28	35	34	54	34	27	47	34	28	44	37
Y_scaffold5	1038741	34	45	38	27	27	29	26	35	44	30	37	36	28	34	34	55	34	27	47	33	28	44	37
Y_scaffold5	1038742	34	46	38	27	27	28	26	35	42	30	38	36	28	34	34	54	35	28	48	32	28	44	36
Y_scaffold5	1038743	33	45	38	27	27	28	26	35	42	30	38	36	29	34	35	53	35	29	47	32	28	43	36
Y_scaffold5	1038744	32	44	39	27	27	28	26	35	42	30	39	36	29	34	34	54	35	29	47	32	28	42	36
Y_scaffold5	1038745	32	44	39	27	27	27	26	35	42	30	38	36	29	34	34	53	35	29	47	32	29	42	36
Y_scaffold5	1038746	32	44	39	27	27	27	26	35	42	30	38	37	30	34	34	53	36	29	46	32	29	42	36
Y_scaffold5	1038747	33	44	39	26	26	27	27	35	42	30	39	37	31	35	34	54	36	30	46	32	30	43	38
Y_scaffold5	1038748	33	45	39	26	26	27	27	35	42	29	38	36	31	35	34	54	37	31	46	32	30	43	38
Y_scaffold5	1038749	33	44	39	26	26	27	27	35	42	29	37	35	31	35	34	54	37	32	45	32	30	42	38
Y_scaffold5	1038750	32	44	40	25	25	27	27	35	42	29	37	36	31	35	35	54	38	33	45	31	31	43	38
Y_scaffold5	1038751	32	43	40	25	25	27	28	35	42	28	37	36	32	35	34	54	38	33	44	31	31	43	38
Y_scaffold5	1038752	33	43	40	24	25	27	28	35	42	27	40	37	31	35	34	53	37	34	44	31	32	44	38
Y_scaffold5	1038753	32	42	40	24	25	27	27	35	41	27	40	37	32	36	34	53	38	33	42	31	32	44	38
Y_scaffold5	1038754	32	42	40	24	25	27	29	35	42	27	40	37	32	36	34	52	38	33	42	32	32	46	38
Y_scaffold5	1038755	32	42	40	26	25	27	29	37	42	27	40	37	32	35	35	52	38	33	42	32	32	47	38
Y_scaffold5	1038756	32	42	41	26	25	28	29	37	41	27	40	37	32	35	35	52	38	33	42	32	32	47	38
Y_scaffold5	1038757	32	42	41	26	25	28	29	37	41	26	40	37	32	35	36	51	37	33	42	32	32	47	37
Y_scaffold5	1038758	32	42	41	27	23	28	29	37	41	25	40	37	30	34	36	50	37	33	41	32	30	48	37
Y_scaffold5	1038759	32	43	41	27	23	28	29	37	42	27	40	38	30	34	36	51	37	33	41	31	30	48	37
Y_scaffold5	1038760	32	43	41	27	23	31	29	36	42	27	40	37	30	33	36	50	36	34	41	31	30	49	37
Y_scaffold5	1038761	32	42	41	27	23	31	29	36	40	27	40	37	31	33	36	51	36	34	42	31	30	49	38
Y_scaffold5	1038762	31	42	41	27	23	31	29	37	40	27	40	38	30	34	36	51	36	34	42	30	30	48	38
Y_scaffold5	1038763	31	43	41	27	22	31	30	37	42	27	39	38	30	34	36	51	36	36	43	31	30	48	39
Y_scaffold5	1038764	31	43	41	27	21	31	30	37	42	27	39	39	30	34	34	51	34	38	43	31	30	47	39
Y_scaffold5	1038765	30	43	41	27	21	31	30	37	42	27	39	39	30	34	33	51	34	38	42	32	30	47	39
Y_scaffold5	1038766	29	43	41	26	21	31	30	37	43	28	39	39	30	34	32	51	34	38	42	32	30	47	39
Y_scaffold5	1038767	29	43	40	26	21	31	30	37	44	29	39	40	31	36	32	51	34	38	43	32	31	47	39
Y_scaffold5	1038768	29	42	39	27	21	32	30	38	44	30	39	40	31	35	33	51	34	38	43	31	32	49	40
Y_scaffold5	1038769	29	42	39	25	22	32	30	38	43	30	40	41	31	36	33	50	34	38	43	31	32	49	40
Y_scaffold5	1038770	29	42	39	24	23	31	29	38	44	31	40	41	31	36	33	50	34	39	42	31	32	49	40
Y_scaffold5	1038771	29	41	39	23	23	31	29	38	44	31	39	41	31	35	34	50	35	39	42	31	32	50	40
Y_scaffold5	1038772	29	41	39	23	23	31	29	38	44	31	39	41	31	35	35	50	35	39	42	30	32	50	41
Y_scaffold5	1038773	29	41	40	23	23	30	29	38	45	31	39	41	31	36	35	49	35	39	42	30	32	49	41
Y_scaffold5	1038774	28	40	39	23	23	30	29	38	46	31	39	39	31	35	34	49	34	40	42	30	32	49	41
Y_scaffold5	1038775	28	41	39	24	23	30	29	37	45	32	39	40	31	35	34	48	34	40	41	30	32	49	41
Y_scaffold5	1038776	30	41	38	24	23	31	29	37	45	31	39	40	31	36	34	48	34	40	41	30	32	49	41
Y_scaffold5	1038777	29	40	37	23	23	30	28	37	45	32	40	39	31	35	34	47	34	40	42	30	30	47	40
Y_scaffold5	1038778	29	40	38	23	23	30	28	37	45	32	40	40	31	35	35	48	35	40	42	30	30	48	40
Y_scaffold5	1038779	29	40	38	23	23	30	28	38	45	32	41	40	31	35	36	49	36	40	42	30	30	48	41
Y_scaffold5	1038780	29	40	38	23	23	30	29	41	45	32	41	40	32	34	36	49	36	41	40	32	30	49	41
Y_scaffold5	1038781	29	40	38	22	24	30	28	41	45	33	41	40	32	37	35	50	35	41	40	32	30	49	40
Y_scaffold5	1038782	28	40	38	22	24	28	28	40	45	33	41	40	32	37	35	50	35	39	40	31	30	49	40
Y_scaffold5	1038783	28	40	38	22	24	27	29	39	45	32	40	38	32	35	35	50	34	39	40	31	30	48	40
Y_scaffold5	1038784	28	40	38	22	23	27	30	39	45	31	39	37	32	35	34	50	34	40	42	31	30	48	41
Y_scaffold5	1038785	28	40	38	22	24	27	31	39	44	31	40	37	32	35	33	50	34	40	44	31	30	48	40
Y_scaffold5	1038786	28	40	38	22	24	27	31	39	43	31	40	37	32	35	33	50	35	40	45	31	30	48	41
Y_scaffold5	1038787	28	40	38	22	24	27	31	40	43	31	42	37	32	35	33	49	35	40	45	31	30	48	41
Y_scaffold5	1038788	28	42	38	22	24	27	31	40	43	31	42	38	33	36	32	50	35	40	46	31	31	48	41
Y_scaffold5	1038789	28	43	38	22	24	27	31	40	43	31	43	38	33	36	32	50	35	41	46	31	30	48	42
Y_scaffold5	1038790	28	42	38	22	24	27	31	40	43	31	42	37	33	36	32	49	35	40	46	31	30	48	42
Y_scaffold5	1038791	29	42	37	22	24	28	29	40	42	31	43	35	32	36	34	49	35	40	46	30	30	48	42
Y_scaffold5	1038792	29	41	37	22	24	28	28	37	40	31	43	35	32	36	34	49	35	40	45	30	30	48	42
Y_scaffold5	1038793	29	41	38	22	25	27	28	38	40	31	42	35	32	36	35	48	35	40	45	31	29	46	43
Y_scaffold5	1038794	31	42	38	22	25	27	28	38	39	31	41	35	33	36	35	48	34	40	45	32	29	47	41
Y_scaffold5	1038795	32	41	38	22	25	28	29	38	39	32	40	35	33	36	36	48	34	41	44	31	30	47	40
Y_scaffold5	1038796	33	41	36	22	25	28	29	38	39	32	40	36	33	36	38	46	33	39	44	31	30	46	39
Y_scaffold5	1038797	32	41	36	23	26	28	29	38	39	32	40	36	33	36	38	46	33	38	45	31	30	46	39
Y_scaffold5	1038798	31	41	37	23	26	27	29	37	39	32	40	37	33	36	38	46	32	39	45	32	31	46	38
Y_scaffold5	1038799	31	40	37	23	26	27	28	36	39	32	39	37	33	36	38	46	32	39	45	32	31	45	39
Y_scaffold5	1038800	31	40	35	26	27	27	28	37	40	34	39	38	33	36	37	46	32	39	46	32	31	46	39
Y_scaffold5	1038801	31	39	35	27	28	27	28	37	41	34	39	37	32	36	37	45	32	39	46	32	30	46	38
Y_scaffold5	1038802	31	39	35	27	27	27	27	37	41	34	38	36	31	36	37	43	32	38	44	32	30	46	37
Y_scaffold5	1038803	31	38	35	27	27	27	26	38	42	33	38	36	32	35	37	43	31	38	43	33	31	46	37
Y_scaffold5	1038804	31	38	36	27	26	27	26	39	41	32	37	36	32	35	37	42	31	39	43	33	31	45	38
Y_scaffold5	1038805	31	37	36	27	25	27	26	39	40	32	36	36	32	35	35	42	31	39	43	32	31	44	38
Y_scaffold5	1038806	31	37	36	27	24	28	27	38	40	33	37	36	32	33	35	42	30	40	43	32	31	44	39
Y_scaffold5	1038807	31	37	36	27	24	27	27	37	40	33	37	35	32	33	35	42	29	40	43	31	31	43	39
Y_scaffold5	1038808	31	37	36	27	24	27	27	37	40	33	36	35	32	33	33	42	28	40	43	31	29	44	38
Y_scaffold5	1038809	32	36	36	27	23	26	27	37	40	33	37	34	32	33	34	42	28	40	43	31	30	44	38
Y_scaffold5	1038810	31	36	36	27	25	27	27	37	40	34	37	33	31	32	33	41	28	40	43	33	30	45	39
Y_scaffold5	1038811	32	36	36	27	25	27	27	37	39	34	37	33	30	32	33	41	28	40	41	34	29	44	39
Y_scaffold5	1038812	32	37	35	27	25	28	27	37	39	35	34	33	30	32	33	41	28	40	40	33	29	44	38
Y_scaffold5	1038813	31	37	35	27	25	28	27	37	39	35	34	34	30	31	33	41	29	40	40	34	29	48	39
Y_scaffold5	1038814	31	37	33	27	25	28	26	37	39	35	34	34	30	31	34	41	31	40	40	34	29	48	39
Y_scaffold5	1038815	30	37	35	27	24	27	25	36	38	34	34	34	30	30	33	41	31	39	40	34	28	47	39
Y_scaffold5	1038816	31	37	34	27	24	27	25	36	38	34	34	34	31	30	34	41	31	39	40	35	28	48	40
Y_scaffold5	1038817	31	37	33	26	23	27	25	37	38	34	34	34	31	30	34	41	33	39	40	35	28	50	40
Y_scaffold5	1038818	33	37	34	26	23	28	25	37	36	36	35	35	31	30	34	40	33	39	38	35	28	49	39
Y_scaffold5	1038819	33	38	34	26	23	29	25	37	37	36	35	35	31	30	34	40	33	39	37	36	27	50	40
Y_scaffold5	1038820	32	39	33	28	23	29	24	37	37	36	36	35	33	30	34	40	32	39	36	37	28	51	41
Y_scaffold5	1038821	33	39	32	27	23	30	26	36	37	36	35	35	33	30	34	39	31	39	36	37	29	51	40
Y_scaffold5	1038822	34	39	32	27	23	30	26	36	37	36	35	33	33	30	34	39	32	40	36	37	28	50	40
Y_scaffold5	1038823	34	39	32	28	23	29	26	35	37	34	35	33	33	28	34	39	32	41	36	37	28	52	41
Y_scaffold5	1038824	34	38	32	28	23	29	26	35	37	34	35	33	33	28	34	39	31	41	37	37	30	53	42
Y_scaffold5	1038825	34	38	32	28	23	28	27	34	36	34	35	33	33	28	34	39	31	41	37	39	30	53	42
Y_scaffold5	1038826	34	38	32	27	24	28	27	34	36	33	35	33	33	28	33	38	31	41	37	39	30	53	43
Y_scaffold5	1038827	34	39	31	27	24	28	27	34	36	33	36	33	33	27	33	38	32	42	38	39	31	53	43
Y_scaffold5	1038828	34	37	31	27	24	28	28	34	36	33	35	33	32	27	33	37	32	42	38	39	31	55	43
Y_scaffold5	1038829	34	37	30	27	24	28	28	34	35	33	35	33	31	27	34	38	32	43	38	40	28	55	41
Y_scaffold5	1038830	34	36	30	27	23	28	28	34	35	32	35	33	30	27	34	38	32	43	38	40	28	55	41
Y_scaffold5	1038831	34	36	30	27	23	28	28	31	34	32	33	33	30	28	34	38	31	43	38	40	28	55	41
Y_scaffold5	1038832	33	36	29	27	24	28	27	32	35	32	33	32	30	28	33	38	31	44	38	41	27	55	41
Y_scaffold5	1038833	33	37	29	27	25	28	27	33	34	31	34	32	30	28	33	38	30	44	40	41	27	54	41
Y_scaffold5	1038834	33	37	29	27	25	28	27	33	34	31	35	33	29	27	33	39	31	45	39	40	27	54	42
Y_scaffold5	1038835	34	38	28	25	25	29	26	33	33	32	35	33	29	26	34	40	32	41	39	39	28	53	42
Y_scaffold5	1038836	34	38	28	25	25	29	26	33	33	32	34	31	29	26	34	40	33	43	39	39	29	53	42
Y_scaffold5	1038837	34	38	28	23	25	29	26	34	33	32	34	31	29	25	35	40	33	44	39	39	29	53	42
Y_scaffold5	1038838	33	39	28	23	25	29	26	34	33	31	35	31	30	26	35	39	33	43	41	40	29	52	43
Y_scaffold5	1038839	31	37	28	23	26	28	26	33	34	32	34	30	30	23	35	38	34	43	41	40	29	51	43
Y_scaffold5	1038840	31	37	27	22	26	28	26	33	35	32	34	30	29	23	35	38	34	43	41	39	28	49	43
Y_scaffold5	1038841	29	37	27	22	26	27	26	33	34	32	34	30	29	23	35	37	34	42	40	38	28	50	41
Y_scaffold5	1038842	29	37	26	22	26	28	26	33	34	32	36	31	29	22	35	37	33	43	40	37	28	52	41
Y_scaffold5	1038843	29	35	26	22	26	29	27	33	34	32	35	32	30	21	35	37	33	43	40	37	28	53	42
Y_scaffold5	1038844	29	35	28	22	26	29	27	32	35	32	35	32	30	21	35	36	33	43	39	37	28	52	41
Y_scaffold5	1038845	28	35	27	22	26	29	27	32	35	33	35	32	30	21	35	36	33	43	39	37	30	53	41
Y_scaffold5	1038846	29	35	27	22	26	28	27	32	35	33	34	33	30	21	34	35	33	43	39	37	30	52	41
Y_scaffold5	1038847	27	34	26	22	26	28	28	30	34	33	34	35	30	20	33	37	34	43	38	37	30	53	41
Y_scaffold5	1038848	28	33	26	22	26	28	27	29	34	33	34	35	30	20	34	36	34	43	38	37	30	53	41
Y_scaffold5	1038849	28	33	26	22	25	28	27	30	34	34	34	35	32	21	33	37	35	44	38	37	30	53	40
Y_scaffold5	1038850	28	32	25	22	25	28	27	29	35	34	34	36	32	21	34	37	35	44	38	37	29	53	40
Y_scaffold5	1038851	28	32	25	23	25	27	26	30	34	34	33	36	31	21	34	37	35	44	37	37	29	53	39
Y_scaffold5	1038852	28	32	25	23	25	27	26	31	35	34	33	36	32	21	34	37	35	44	37	37	29	53	39
Y_scaffold5	1038853	28	32	25	23	25	27	26	31	35	33	33	36	32	21	34	37	35	44	36	37	29	53	39
Y_scaffold5	1038854	28	32	25	23	25	27	26	30	37	33	34	35	32	21	34	37	35	43	37	37	29	53	40
Y_scaffold5	1038855	28	32	25	25	25	27	26	29	37	33	34	35	32	22	33	35	35	43	36	36	28	53	41
Y_scaffold5	1038856	28	32	24	25	25	27	25	30	37	32	34	35	31	22	33	36	35	43	36	36	29	53	41
Y_scaffold5	1038857	28	31	23	25	25	27	25	30	37	32	34	35	31	22	33	36	36	43	36	36	29	53	41
Y_scaffold5	1038858	28	30	22	25	25	27	26	31	38	32	34	35	31	22	33	36	36	43	36	35	29	52	41
Y_scaffold5	1038859	28	30	22	26	25	27	26	30	38	32	34	35	30	22	33	36	36	43	36	33	29	52	41
Y_scaffold5	1038860	29	30	22	26	25	27	26	30	38	32	33	36	30	24	34	36	37	44	35	32	30	53	40
Y_scaffold5	1038861	29	30	22	27	26	28	26	31	38	32	32	36	30	25	34	35	39	45	36	32	29	54	41
Y_scaffold5	1038862	29	31	22	27	25	27	26	31	38	32	32	36	30	25	34	35	39	45	35	32	29	53	41
Y_scaffold5	1038863	29	31	22	27	25	27	26	32	37	32	31	36	30	25	34	35	39	45	35	33	29	53	41
Y_scaffold5	1038864	30	31	22	27	25	28	28	32	37	32	32	36	30	26	35	35	39	45	36	33	30	53	41
Y_scaffold5	1038865	30	31	22	27	26	28	28	32	37	32	32	35	30	26	35	35	40	45	36	33	30	53	41
Y_scaffold5	1038866	30	32	21	25	26	29	29	32	37	31	33	35	29	26	35	33	40	46	36	33	30	54	42
Y_scaffold5	1038867	31	32	21	24	26	29	29	32	37	31	34	35	31	26	34	34	40	46	37	33	30	53	42
Y_scaffold5	1038868	31	32	21	24	26	30	29	33	37	31	34	35	32	25	34	34	40	46	38	33	30	53	42
Y_scaffold5	1038869	31	33	21	25	26	30	29	33	37	31	34	36	32	26	34	33	38	45	38	33	30	54	42
Y_scaffold5	1038870	31	33	21	25	26	30	30	33	37	31	34	36	32	26	34	33	38	45	38	33	30	54	42
Y_scaffold5	1038871	32	34	21	25	26	30	31	33	37	31	34	37	33	25	33	33	38	44	38	35	30	54	42
Y_scaffold5	1038872	33	34	22	26	27	31	31	33	37	32	34	38	33	25	32	32	39	44	38	35	31	54	42
Y_scaffold5	1038873	33	34	21	26	27	32	31	34	37	32	34	38	33	26	31	32	39	44	38	34	32	55	42
Y_scaffold5	1038874	33	34	21	26	26	33	32	34	38	31	33	37	34	26	31	32	40	44	38	34	32	56	42
Y_scaffold5	1038875	33	34	22	26	26	33	32	33	38	31	33	37	34	26	31	33	39	44	37	33	32	56	42
Y_scaffold5	1038876	34	34	22	26	25	33	31	33	38	30	32	37	34	26	31	33	39	44	37	32	32	57	42
Y_scaffold5	1038877	34	35	20	26	25	34	31	33	38	30	32	37	33	26	31	33	39	45	37	32	32	57	42
Y_scaffold5	1038878	34	35	20	26	26	34	32	33	38	30	33	37	33	26	31	32	38	46	38	32	32	60	41
Y_scaffold5	1038879	33	36	20	26	26	33	32	33	38	30	32	37	34	26	31	32	38	46	37	32	32	60	40
Y_scaffold5	1038880	33	35	20	26	26	33	32	33	39	30	32	36	34	26	31	31	38	47	37	32	32	60	39
Y_scaffold5	1038881	33	35	20	26	26	33	32	33	41	31	32	36	34	26	31	32	38	46	37	33	33	60	38
Y_scaffold5	1038882	32	35	20	26	26	33	32	33	41	30	32	35	34	27	31	32	37	46	37	33	33	60	38
Y_scaffold5	1038883	32	35	20	26	26	33	32	34	43	30	34	35	34	27	31	32	37	46	39	35	33	60	37
Y_scaffold5	1038884	32	34	19	25	26	33	32	34	43	29	34	34	32	29	31	32	37	46	39	35	31	61	36
Y_scaffold5	1038885	33	35	19	25	26	33	32	34	43	29	35	34	34	30	31	34	38	46	39	36	32	62	36
Y_scaffold5	1038886	34	36	19	25	25	33	32	35	46	31	35	35	33	30	32	34	39	45	39	35	32	62	36
Y_scaffold5	1038887	35	36	19	25	26	32	32	35	46	31	35	34	33	30	32	34	39	44	39	35	32	62	36
Y_scaffold5	1038888	34	36	19	24	27	32	32	34	46	30	35	34	33	30	32	34	40	44	38	35	32	63	36
Y_scaffold5	1038889	33	35	19	24	27	32	32	34	45	30	35	33	32	29	32	34	40	44	37	35	33	63	34
Y_scaffold5	1038890	33	35	19	24	27	32	31	34	45	30	35	33	32	29	32	35	40	44	39	35	33	62	33
Y_scaffold5	1038891	34	34	19	24	28	33	31	34	45	30	34	33	32	29	33	33	40	44	38	35	33	62	32
Y_scaffold5	1038892	34	34	19	24	28	33	31	34	45	30	35	33	32	29	32	33	39	43	38	35	33	62	32
Y_scaffold5	1038893	34	35	19	24	28	34	31	34	46	31	34	33	31	29	32	32	40	43	38	36	32	63	33
Y_scaffold5	1038894	34	35	19	24	27	34	30	33	46	30	33	33	31	29	32	33	40	44	39	36	32	63	33
Y_scaffold5	1038895	34	36	19	24	26	34	30	34	46	30	33	32	29	29	32	32	39	44	40	37	31	64	35
Y_scaffold5	1038896	34	36	19	24	26	34	29	34	46	30	33	32	29	29	32	32	39	44	40	37	32	64	33
Y_scaffold5	1038897	33	37	19	24	26	35	29	34	46	30	32	32	29	29	32	32	40	43	39	36	32	63	33
Y_scaffold5	1038898	34	36	21	24	26	35	30	34	46	31	32	32	29	29	32	32	39	42	39	37	32	63	33
Y_scaffold5	1038899	36	36	20	25	25	35	30	34	46	32	32	32	29	29	33	31	38	40	40	37	32	63	33
Y_scaffold5	1038900	37	37	20	25	25	35	31	33	47	33	33	31	29	30	32	31	38	40	41	38	31	62	33
Y_scaffold5	1038901	37	37	19	25	25	36	31	33	47	33	32	31	27	30	31	30	38	39	41	38	30	62	33
Y_scaffold5	1038902	36	37	20	25	25	36	31	33	47	33	31	31	27	30	32	30	38	39	41	38	31	62	33
Y_scaffold5	1038903	37	37	20	25	25	36	32	33	47	33	31	31	27	29	32	30	37	39	42	38	31	62	33
Y_scaffold5	1038904	37	37	20	25	26	36	30	33	46	33	31	30	27	29	32	30	37	39	42	37	31	60	33
Y_scaffold5	1038905	37	37	19	24	26	36	30	31	47	33	32	31	27	29	32	30	37	39	42	37	31	59	34
Y_scaffold5	1038906	37	36	18	24	26	35	30	31	47	33	32	32	27	29	32	30	39	39	42	38	31	59	35
Y_scaffold5	1038907	37	36	18	25	26	34	33	31	46	33	32	32	27	29	31	30	39	39	42	38	30	58	36
Y_scaffold5	1038908	37	35	18	24	26	34	33	31	45	32	32	31	27	29	31	30	39	38	42	38	30	59	37
Y_scaffold5	1038909	38	35	18	24	26	34	35	31	45	31	32	32	27	29	31	30	39	38	42	38	30	59	38
Y_scaffold5	1038910	38	35	18	25	26	32	35	31	45	31	33	32	28	29	31	29	39	36	42	38	30	58	37
Y_scaffold5	1038911	37	36	19	26	26	32	35	32	46	31	33	32	27	30	31	30	39	35	42	38	31	58	37
Y_scaffold5	1038912	37	35	19	26	26	32	35	31	45	31	33	31	27	29	31	30	39	35	42	37	31	58	36
Y_scaffold5	1038913	37	36	19	26	26	32	34	31	44	31	33	31	27	29	32	30	39	35	42	37	31	57	36
Y_scaffold5	1038914	37	36	19	26	27	32	33	31	43	31	34	30	28	30	32	31	40	33	42	37	31	57	36
Y_scaffold5	1038915	37	36	19	26	28	30	33	31	42	31	34	30	28	30	32	31	40	33	42	36	31	57	36
Y_scaffold5	1038916	37	36	20	26	28	30	33	31	41	30	34	30	27	32	33	31	40	33	42	36	31	58	36
Y_scaffold5	1038917	38	36	21	26	28	30	35	30	40	29	34	30	27	30	33	33	41	32	41	36	30	58	36
Y_scaffold5	1038918	37	37	22	25	28	29	35	30	40	28	34	31	27	30	33	33	41	32	41	36	30	56	35
Y_scaffold5	1038919	37	37	22	25	27	28	35	30	39	28	33	30	27	29	33	34	41	32	40	36	30	56	35
Y_scaffold5	1038920	37	38	22	25	26	28	35	30	39	27	33	30	27	29	33	34	41	31	40	36	30	56	36
Y_scaffold5	1038921	38	38	22	25	27	28	35	30	39	27	33	31	28	29	32	34	40	31	40	36	30	55	36
Y_scaffold5	1038922	38	38	21	25	27	28	36	30	39	27	33	31	28	28	31	34	40	31	40	36	30	55	36
Y_scaffold5	1038923	38	38	21	26	27	28	36	30	37	27	34	31	28	28	31	34	40	30	40	35	30	55	36
Y_scaffold5	1038924	37	37	21	25	27	28	36	30	37	27	34	30	28	29	31	34	39	30	40	36	30	55	36
Y_scaffold5	1038925	37	37	21	25	27	28	36	30	37	26	34	30	28	29	31	34	39	31	40	37	30	54	36
Y_scaffold5	1038926	36	38	21	25	27	27	36	30	37	26	34	30	28	28	32	34	39	31	40	37	30	55	36
Y_scaffold5	1038927	37	40	21	25	27	27	36	31	38	26	33	31	28	29	31	34	39	31	40	38	30	56	36
Y_scaffold5	1038928	37	40	20	25	27	27	36	30	38	26	33	31	27	29	31	34	41	31	40	38	30	55	35
Y_scaffold5	1038929	37	40	21	25	27	27	35	30	38	26	33	31	28	29	31	34	41	31	40	38	30	55	35
Y_scaffold5	1038930	37	40	21	25	27	28	35	28	37	26	33	32	27	29	31	34	41	30	40	37	30	54	35
Y_scaffold5	1038931	37	40	21	25	26	28	35	27	37	25	33	32	27	25	31	33	41	30	40	37	30	54	35
Y_scaffold5	1038932	37	40	21	24	27	28	35	27	36	25	33	32	27	25	32	33	41	30	40	38	30	55	35
Y_scaffold5	1038933	37	40	21	24	27	28	34	27	36	25	33	32	27	25	32	33	41	30	40	38	30	55	35
Y_scaffold5	1038934	38	40	22	24	27	30	34	27	38	26	33	33	27	25	32	34	41	29	38	38	30	55	34
Y_scaffold5	1038935	38	39	22	24	26	30	33	27	38	26	31	33	27	25	32	34	40	30	36	38	30	55	34
Y_scaffold5	1038936	38	40	22	24	26	30	33	27	38	26	31	33	27	25	33	34	40	29	36	37	30	55	33
Y_scaffold5	1038937	38	39	22	23	26	30	33	28	38	26	30	32	27	24	34	32	41	29	35	37	29	55	33
Y_scaffold5	1038938	38	38	22	23	26	30	33	28	38	26	30	34	27	24	34	32	41	29	35	37	29	55	33
Y_scaffold5	1038939	37	37	24	22	26	30	33	28	38	26	29	34	27	24	34	32	40	29	35	37	29	55	33
Y_scaffold5	1038940	37	37	24	22	26	30	32	28	38	25	30	34	27	24	33	34	40	29	35	38	30	55	34
Y_scaffold5	1038941	37	37	24	22	26	29	33	28	39	25	30	34	28	24	34	34	40	28	35	38	30	55	34
Y_scaffold5	1038942	36	38	24	23	25	29	33	28	39	25	30	35	29	24	33	37	40	29	35	37	30	55	34
Y_scaffold5	1038943	35	38	25	23	25	29	34	28	40	25	30	35	29	24	33	38	40	29	37	38	31	56	33
Y_scaffold5	1038944	35	37	25	23	25	29	34	28	40	25	30	36	29	24	34	38	41	29	37	37	31	55	33
Y_scaffold5	1038945	35	37	25	23	25	28	33	28	40	26	30	36	29	23	34	39	41	28	37	37	31	55	34
Y_scaffold5	1038946	35	40	26	22	25	29	34	31	41	26	31	35	29	23	33	40	41	28	37	38	32	57	35
Y_scaffold5	1038947	34	41	26	22	24	29	34	32	42	26	31	35	29	23	33	40	42	28	37	38	33	56	35
Y_scaffold5	1038948	34	42	25	22	24	29	34	32	42	26	31	33	29	23	33	40	42	27	36	37	32	56	35
Y_scaffold5	1038949	34	42	25	19	23	29	34	32	41	25	31	33	29	23	33	40	42	27	36	37	31	57	34
Y_scaffold5	1038950	34	42	25	21	23	30	34	32	41	24	31	34	30	23	33	40	42	27	37	37	31	57	34
Y_scaffold5	1038951	34	41	26	20	22	30	34	32	40	25	31	34	29	23	33	39	42	27	38	37	31	57	36
Y_scaffold5	1038952	34	41	26	20	22	30	34	30	39	25	31	34	29	24	34	40	42	26	38	37	30	55	35
Y_scaffold5	1038953	34	43	26	20	23	30	34	30	39	25	31	34	29	25	35	40	42	26	38	37	30	55	35
Y_scaffold5	1038954	35	43	26	20	25	30	33	30	39	25	31	34	29	25	35	40	41	26	38	37	30	56	35
Y_scaffold5	1038955	36	43	26	20	25	30	33	30	39	24	30	34	29	26	35	40	41	25	39	37	30	56	34
Y_scaffold5	1038956	36	43	26	20	26	30	32	30	39	24	30	34	29	26	36	40	41	25	39	37	30	56	34
Y_scaffold5	1038957	35	43	26	20	25	30	33	31	38	24	31	34	30	27	35	40	42	26	39	37	29	55	34
Y_scaffold5	1038958	35	43	27	20	26	30	33	31	38	23	32	34	30	27	35	40	44	26	39	38	29	55	34
Y_scaffold5	1038959	35	43	27	20	25	30	33	31	38	23	33	34	31	27	36	40	44	26	39	39	29	55	33
Y_scaffold5	1038960	35	42	27	21	25	29	33	33	38	23	33	34	31	27	36	41	44	27	39	39	29	55	33
Y_scaffold5	1038961	36	41	27	21	26	28	33	34	38	23	33	34	32	27	36	41	44	28	39	38	29	54	34
Y_scaffold5	1038962	36	41	27	21	25	28	34	34	38	23	33	33	32	27	36	41	44	28	39	38	29	52	33
Y_scaffold5	1038963	36	41	27	20	25	28	34	34	38	23	33	33	33	27	36	41	43	28	39	37	28	49	33
Y_scaffold5	1038964	37	40	27	20	25	28	36	34	39	23	34	34	34	27	36	41	41	28	39	37	28	51	33
Y_scaffold5	1038965	37	40	25	21	25	28	36	35	39	23	34	34	34	27	35	39	41	28	40	37	28	50	33
Y_scaffold5	1038966	37	40	25	21	25	28	36	35	39	23	34	34	33	28	35	40	41	28	40	36	28	51	32
Y_scaffold5	1038967	37	42	25	21	25	29	36	35	39	22	34	35	34	29	34	40	39	28	41	36	29	51	31
Y_scaffold5	1038968	35	43	25	21	26	28	36	35	39	21	34	34	34	29	34	40	40	28	43	36	30	51	31
Y_scaffold5	1038969	35	43	25	21	26	28	36	36	38	21	35	34	32	29	34	41	40	28	43	35	30	50	29
Y_scaffold5	1038970	35	41	25	19	27	28	36	36	38	22	34	34	32	29	34	41	40	28	44	34	30	50	29
Y_scaffold5	1038971	34	42	27	20	28	27	34	36	37	22	34	34	33	30	37	41	42	28	44	33	29	50	30
Y_scaffold5	1038972	33	42	27	20	28	27	34	36	37	22	34	34	33	30	37	40	41	27	44	33	29	50	30
Y_scaffold5	1038973	33	42	29	19	28	28	34	35	36	22	35	34	34	30	37	40	41	26	45	35	30	48	31
Y_scaffold5	1038974	32	42	29	19	28	28	34	35	36	22	35	34	34	30	38	39	41	27	45	35	28	47	30
Y_scaffold5	1038975	33	42	29	19	30	28	34	35	36	23	35	35	34	30	38	41	42	27	45	33	28	47	30
Y_scaffold5	1038976	33	42	29	19	29	28	34	35	37	24	35	34	34	30	38	41	42	27	45	33	28	47	29
Y_scaffold5	1038977	34	41	29	19	29	27	34	35	37	24	35	34	34	30	38	41	41	26	43	33	27	47	29
Y_scaffold5	1038978	34	41	30	19	29	27	33	35	38	24	35	34	34	30	38	40	42	25	43	32	28	45	29
Y_scaffold5	1038979	34	43	30	19	30	27	33	37	39	25	35	35	34	30	39	40	42	25	43	32	29	45	30
Y_scaffold5	1038980	34	43	31	19	30	27	35	36	40	25	35	36	34	30	41	40	42	25	43	32	29	45	30
Y_scaffold5	1038981	34	44	31	20	31	27	35	36	39	25	36	37	34	29	41	40	42	25	43	32	29	46	30
Y_scaffold5	1038982	34	44	31	20	30	27	35	36	40	25	36	38	34	29	41	40	42	24	43	31	30	46	30
Y_scaffold5	1038983	34	43	31	20	29	27	35	35	40	25	34	38	34	30	41	41	42	23	41	31	30	46	29
Y_scaffold5	1038984	34	43	31	20	29	26	35	35	40	25	34	37	35	30	41	40	41	23	41	31	30	46	29
Y_scaffold5	1038985	33	45	32	20	30	25	35	35	39	24	34	37	36	30	40	40	40	24	43	31	29	45	31
Y_scaffold5	1038986	33	46	32	20	30	25	35	35	40	24	34	37	36	31	40	40	39	22	43	31	28	44	31
Y_scaffold5	1038987	33	46	32	20	30	25	35	34	40	24	34	37	35	30	38	40	39	21	43	31	28	44	31
Y_scaffold5	1038988	33	45	32	20	30	27	35	35	40	24	33	37	35	30	39	40	39	21	41	31	28	45	30
Y_scaffold5	1038989	33	46	32	20	29	27	36	35	39	23	33	37	35	31	39	40	38	22	41	31	28	47	30
Y_scaffold5	1038990	33	46	32	20	29	28	36	35	39	24	33	38	36	32	40	41	38	22	41	31	28	47	30
Y_scaffold5	1038991	33	46	32	20	29	28	36	35	40	24	33	38	36	32	40	41	38	22	41	31	28	46	30
Y_scaffold5	1038992	33	46	32	20	29	27	35	36	40	25	32	37	36	32	41	41	38	21	41	30	28	44	30
Y_scaffold5	1038993	33	47	32	20	29	26	36	36	40	25	32	36	35	33	42	41	38	21	41	30	28	43	29
Y_scaffold5	1038994	33	46	31	20	31	26	36	37	41	25	33	36	35	33	42	42	39	21	41	31	28	45	29
Y_scaffold5	1038995	34	47	31	20	31	26	37	37	41	24	33	35	35	33	44	42	39	21	42	32	26	43	29
Y_scaffold5	1038996	33	47	32	20	31	26	37	37	41	24	33	34	36	33	44	41	39	23	42	32	27	42	29
Y_scaffold5	1038997	33	47	32	20	31	26	36	37	41	24	33	33	36	33	44	40	39	23	42	32	27	42	29
Y_scaffold5	1038998	32	47	31	20	31	26	36	37	41	24	34	33	35	33	44	40	39	25	43	32	27	42	29
Y_scaffold5	1038999	32	47	31	21	31	27	36	36	41	23	34	32	33	32	44	40	39	25	43	32	27	42	30
Y_scaffold5	1039000	32	48	31	20	31	27	36	35	42	24	34	32	34	33	43	38	38	26	43	32	26	42	30
Y_scaffold5	1039001	33	48	31	21	32	27	36	35	43	24	34	33	34	33	43	38	38	26	43	32	26	43	30
Y_scaffold5	1039002	33	48	31	21	32	28	36	34	42	24	34	33	33	33	43	38	38	27	44	33	27	43	30
Y_scaffold5	1039003	33	48	32	22	32	28	37	34	40	24	34	33	35	33	43	38	38	27	43	33	27	43	29
Y_scaffold5	1039004	33	49	33	23	32	28	37	34	40	24	34	33	35	33	43	38	39	27	43	33	27	43	29
Y_scaffold5	1039005	33	49	33	21	32	27	37	34	40	24	34	33	35	32	43	38	39	27	43	33	28	42	28
Y_scaffold5	1039006	33	49	33	21	32	27	37	33	40	24	34	33	35	32	43	37	39	27	43	33	27	42	29
Y_scaffold5	1039007	33	49	33	21	32	28	39	33	41	24	33	33	35	33	43	37	38	28	43	33	27	43	29
Y_scaffold5	1039008	33	50	32	21	33	28	38	32	42	24	33	33	35	34	42	37	39	29	43	33	27	42	29
Y_scaffold5	1039009	33	50	32	20	34	28	38	32	42	24	33	33	35	33	42	37	38	28	43	33	27	42	30
Y_scaffold5	1039010	32	50	32	20	33	28	38	32	41	25	33	33	34	32	42	37	39	28	43	33	26	43	30
Y_scaffold5	1039011	31	50	32	19	32	28	38	31	42	25	33	33	34	31	43	37	37	27	41	33	25	43	29
Y_scaffold5	1039012	32	49	33	19	32	28	38	31	43	25	33	34	34	31	44	37	38	28	41	33	26	43	29
Y_scaffold5	1039013	33	49	34	19	32	30	38	30	43	25	33	34	35	31	44	37	38	28	40	32	26	44	29
Y_scaffold5	1039014	33	49	35	19	32	30	37	30	43	27	32	34	36	30	43	37	38	29	40	32	26	44	29
Y_scaffold5	1039015	33	49	35	19	31	29	37	30	43	28	33	34	36	30	43	37	38	28	39	32	26	44	29
Y_scaffold5	1039016	33	50	36	19	31	29	36	30	44	28	32	34	36	31	43	37	38	28	39	32	26	43	28
Y_scaffold5	1039017	32	50	37	19	30	30	36	31	44	28	32	34	35	31	43	36	40	28	38	32	26	43	28
Y_scaffold5	1039018	33	50	37	19	29	29	36	30	45	28	33	35	34	31	43	36	41	29	39	33	29	43	28
Y_scaffold5	1039019	32	49	37	18	29	29	37	30	43	28	33	34	35	30	43	36	41	29	39	33	30	42	29
Y_scaffold5	1039020	32	47	37	18	29	29	36	30	43	28	33	34	34	29	43	37	42	29	39	32	30	42	29
Y_scaffold5	1039021	31	47	37	18	29	29	35	30	43	26	33	33	37	29	43	37	40	29	38	31	29	42	29
Y_scaffold5	1039022	31	47	37	17	29	28	35	30	44	26	33	34	37	29	43	38	41	30	38	31	30	42	29
Y_scaffold5	1039023	31	46	38	18	29	27	35	29	44	25	34	35	37	29	44	39	41	30	38	31	29	41	29
Y_scaffold5	1039024	31	47	38	18	29	27	34	29	43	25	34	35	36	29	44	39	41	30	38	31	29	40	29
Y_scaffold5	1039025	32	47	37	18	29	27	34	29	43	25	34	35	36	29	44	38	41	30	38	31	29	40	29
Y_scaffold5	1039026	31	48	38	19	30	27	34	28	43	25	34	35	36	29	45	38	42	34	38	31	29	39	32
Y_scaffold5	1039027	31	47	38	20	29	27	34	29	44	26	33	35	36	29	45	39	42	32	39	32	30	37	32
Y_scaffold5	1039028	31	47	38	20	29	27	33	29	44	26	33	35	36	29	45	39	42	32	38	32	31	36	32
Y_scaffold5	1039029	31	46	38	20	29	27	33	29	44	26	34	35	35	29	45	39	42	32	38	32	31	35	32
Y_scaffold5	1039030	31	46	38	21	30	27	33	29	44	27	36	37	35	29	46	40	42	32	39	33	31	36	33
Y_scaffold5	1039031	31	46	38	21	31	27	32	29	43	26	36	37	35	29	47	39	43	33	39	32	30	36	35
Y_scaffold5	1039032	31	46	38	21	31	28	32	28	42	26	35	37	34	28	47	40	43	33	38	31	30	36	35
Y_scaffold5	1039033	32	45	38	21	31	29	33	28	41	26	34	37	34	29	47	40	42	33	37	30	30	36	35
Y_scaffold5	1039034	32	45	38	21	31	29	32	28	41	26	35	37	33	27	48	40	42	32	38	30	30	38	36
Y_scaffold5	1039035	31	44	38	21	32	29	32	29	41	26	35	37	33	26	48	38	41	31	38	29	29	38	36
Y_scaffold5	1039036	30	42	39	21	32	29	32	28	38	24	35	36	33	27	47	38	40	31	38	29	29	38	35
Y_scaffold5	1039037	30	43	39	21	32	29	32	28	38	25	35	37	33	28	46	38	41	31	39	30	29	39	35
Y_scaffold5	1039038	30	43	40	21	32	29	32	29	38	25	36	38	33	28	46	37	40	31	38	30	30	38	36
Y_scaffold5	1039039	30	43	41	21	32	29	34	30	38	25	37	39	33	28	46	39	40	31	38	30	29	38	37
Y_scaffold5	1039040	29	43	41	22	31	28	34	30	38	25	37	39	33	28	45	39	40	30	38	29	28	38	37
Y_scaffold5	1039041	29	43	41	22	31	27	34	30	38	25	38	40	34	28	45	39	40	30	38	29	28	38	37
Y_scaffold5	1039042	29	43	40	22	31	28	34	31	37	24	37	40	35	28	45	40	39	31	39	28	28	37	36
Y_scaffold5	1039043	29	42	40	23	31	28	34	31	37	25	37	40	35	28	46	39	39	30	38	28	29	37	36
Y_scaffold5	1039044	30	42	40	24	31	28	34	32	37	26	38	40	35	28	47	39	39	31	38	28	29	38	36
Y_scaffold5	1039045	30	41	40	24	31	28	34	31	37	26	39	40	35	29	47	40	40	31	38	27	29	38	35
Y_scaffold5	1039046	30	41	40	24	31	28	34	31	37	26	39	40	35	28	47	41	40	31	39	27	28	38	35
Y_scaffold5	1039047	30	40	40	24	31	27	33	31	37	25	39	40	35	28	47	41	39	31	38	27	28	38	35
Y_scaffold5	1039048	28	41	41	23	31	27	33	32	37	25	39	43	36	29	47	41	39	32	41	27	29	39	36
Y_scaffold5	1039049	27	40	41	23	31	27	33	33	37	24	39	43	36	29	46	41	39	32	40	27	29	39	37
Y_scaffold5	1039050	28	40	42	23	32	27	33	33	36	23	38	43	36	28	46	42	40	32	39	28	29	40	37
Y_scaffold5	1039051	28	41	44	23	32	27	34	33	36	25	37	42	36	29	45	42	40	34	39	28	29	41	38
Y_scaffold5	1039052	28	41	43	23	32	27	34	34	36	27	37	43	36	29	45	42	40	34	39	29	28	42	38
Y_scaffold5	1039053	27	41	43	23	32	27	33	34	36	27	38	44	36	29	45	43	40	34	38	29	28	42	38
Y_scaffold5	1039054	27	41	43	23	31	27	33	34	36	27	38	44	36	29	44	43	40	35	39	29	28	42	38
Y_scaffold5	1039055	27	41	43	22	32	27	33	34	35	27	37	43	36	30	45	43	40	35	39	29	28	42	37
Y_scaffold5	1039056	27	42	43	22	32	27	32	34	35	27	37	42	36	30	45	43	39	35	41	28	29	42	37
Y_scaffold5	1039057	27	42	43	22	34	27	30	34	35	27	37	42	36	31	45	43	40	35	41	28	29	42	36
Y_scaffold5	1039058	27	43	43	22	34	27	30	34	35	28	37	42	36	31	45	44	41	35	40	28	29	41	36
Y_scaffold5	1039059	27	44	43	22	34	27	29	35	36	28	37	41	35	31	46	43	41	35	41	28	29	41	35
Y_scaffold5	1039060	28	44	42	22	34	27	29	35	35	28	36	41	35	31	47	44	42	35	41	28	30	41	35
Y_scaffold5	1039061	28	44	43	21	34	27	29	36	35	28	36	41	35	31	48	43	43	35	40	29	30	41	35
Y_scaffold5	1039062	28	43	43	21	34	27	29	36	35	28	35	42	35	31	46	43	42	35	40	30	30	41	35
Y_scaffold5	1039063	29	43	43	21	34	27	29	36	35	28	35	42	35	31	46	43	44	36	40	30	30	41	35
Y_scaffold5	1039064	29	43	43	21	33	27	29	36	36	28	35	42	36	30	46	42	44	37	41	30	31	41	36
Y_scaffold5	1039065	29	43	43	21	32	27	29	36	36	29	35	42	36	30	47	42	44	37	41	31	32	41	36
Y_scaffold5	1039066	29	43	43	21	32	28	28	36	36	29	35	43	36	28	47	42	44	37	41	32	32	41	36
Y_scaffold5	1039067	28	43	42	21	32	28	27	36	36	30	35	42	36	29	47	40	43	38	42	32	31	41	36
Y_scaffold5	1039068	28	42	41	21	32	28	28	36	38	30	36	41	36	29	47	40	43	38	42	33	32	41	37
Y_scaffold5	1039069	29	41	42	21	31	29	30	36	38	30	36	41	36	29	47	40	44	38	43	35	32	41	36
Y_scaffold5	1039070	29	41	43	22	31	30	30	36	38	30	36	43	36	29	47	40	44	40	43	35	32	42	36
Y_scaffold5	1039071	29	42	44	22	31	31	29	36	38	30	38	42	35	30	47	40	44	40	43	35	33	42	35
Y_scaffold5	1039072	29	42	44	22	31	31	31	36	38	31	38	42	36	30	47	40	44	40	44	35	33	42	35
Y_scaffold5	1039073	29	43	44	21	31	31	31	37	38	31	38	42	36	30	48	41	44	40	44	35	33	42	35
Y_scaffold5	1039074	28	42	44	21	31	31	31	37	39	31	38	42	37	29	48	42	44	39	44	33	33	42	35
Y_scaffold5	1039075	28	41	43	22	32	33	31	36	39	30	40	41	37	30	47	40	41	40	43	32	34	41	36
Y_scaffold5	1039076	30	42	44	22	33	33	31	37	38	30	40	41	37	30	47	40	41	40	44	32	34	41	37
Y_scaffold5	1039077	30	42	44	22	34	33	32	37	38	31	40	40	37	31	47	40	42	40	44	33	34	41	37
Y_scaffold5	1039078	30	43	44	22	34	33	33	37	38	31	40	40	38	31	46	40	41	42	45	33	34	42	37
Y_scaffold5	1039079	31	43	44	23	34	33	33	37	38	31	39	41	37	31	46	40	41	42	45	35	34	43	38
Y_scaffold5	1039080	31	43	44	25	34	32	32	37	38	31	39	40	37	32	47	40	41	42	45	35	34	43	38
Y_scaffold5	1039081	31	43	44	25	34	32	32	38	38	31	39	42	37	32	47	42	41	42	46	35	34	45	39
Y_scaffold5	1039082	31	45	44	25	33	31	32	38	38	32	39	41	37	32	47	42	41	42	46	34	34	44	39
Y_scaffold5	1039083	30	45	43	25	33	30	32	38	37	32	40	41	37	32	47	42	42	42	45	34	34	45	39
Y_scaffold5	1039084	30	45	43	25	33	29	32	38	36	31	40	40	38	32	47	42	43	42	44	35	35	45	39
Y_scaffold5	1039085	31	45	44	25	33	29	32	38	37	32	40	41	38	32	47	42	43	41	44	35	36	45	39
Y_scaffold5	1039086	32	45	44	25	33	30	33	36	37	32	40	41	37	33	45	42	42	41	44	36	36	45	40
Y_scaffold5	1039087	32	46	44	25	33	30	33	37	37	32	39	41	38	33	45	42	42	41	44	37	36	46	40
Y_scaffold5	1039088	32	46	44	25	33	30	33	37	37	33	39	40	38	33	45	42	42	41	45	37	36	46	41
Y_scaffold5	1039089	32	46	42	25	33	30	33	37	37	33	38	40	39	33	44	41	42	40	45	37	35	46	39
Y_scaffold5	1039090	32	46	42	25	33	30	33	37	37	33	38	40	39	33	44	40	42	40	45	36	35	46	39
Y_scaffold5	1039091	32	46	43	25	33	30	33	37	35	33	38	40	38	33	43	42	42	40	45	36	35	46	40
Y_scaffold5	1039092	32	45	44	24	34	30	33	39	35	33	39	39	37	33	43	39	44	40	43	36	38	46	40
Y_scaffold5	1039093	32	45	43	24	34	30	32	39	35	33	39	39	37	33	43	38	44	41	43	35	38	46	41
Y_scaffold5	1039094	32	44	42	24	34	29	32	40	36	33	39	38	36	33	42	38	43	43	43	34	36	48	41
Y_scaffold5	1039095	31	43	43	25	34	29	32	39	35	32	38	38	37	34	41	37	43	43	43	34	36	47	40
Y_scaffold5	1039096	31	42	43	25	34	29	32	38	36	32	38	38	37	34	40	36	43	44	43	36	36	46	39
Y_scaffold5	1039097	31	41	43	25	34	29	32	37	35	33	38	38	37	34	40	36	43	45	43	36	35	46	39
Y_scaffold5	1039098	31	40	43	25	34	29	32	37	35	34	38	38	37	34	40	37	43	45	42	36	35	44	39
Y_scaffold5	1039099	31	42	43	24	34	29	32	37	35	34	38	38	36	34	42	38	43	45	42	36	35	46	40
Y_scaffold5	1039100	32	43	43	23	34	29	32	37	35	34	38	40	36	35	42	39	43	45	41	36	35	47	40
Y_scaffold5	1039101	34	43	43	23	34	29	32	38	35	33	38	41	36	34	42	39	43	45	40	36	35	48	38
Y_scaffold5	1039102	34	43	42	23	34	29	33	38	35	33	38	41	36	34	41	39	43	45	40	37	35	48	38
Y_scaffold5	1039103	34	41	42	23	33	29	33	39	35	33	39	41	36	33	40	39	43	45	40	36	35	48	38
Y_scaffold5	1039104	33	41	42	23	31	29	33	39	36	33	40	42	36	33	41	40	43	45	40	36	35	48	38
Y_scaffold5	1039105	31	41	42	23	31	29	33	39	36	34	40	42	37	32	41	40	43	45	39	36	35	49	38
Y_scaffold5	1039106	31	42	41	24	29	29	33	40	37	34	38	42	37	31	40	42	45	45	39	36	35	51	38
Y_scaffold5	1039107	32	42	41	24	30	30	32	40	38	34	37	42	37	31	40	43	44	46	39	36	35	51	38
Y_scaffold5	1039108	33	42	41	24	29	29	32	39	39	35	36	42	37	31	39	43	44	46	39	34	35	51	39
Y_scaffold5	1039109	33	42	41	24	29	29	32	39	39	35	36	43	36	31	39	44	44	46	39	33	35	51	39
Y_scaffold5	1039110	34	42	41	24	28	29	32	39	39	35	36	43	36	31	39	43	45	46	39	32	35	50	40
Y_scaffold5	1039111	34	42	41	24	27	29	32	39	40	35	36	43	35	32	39	43	46	45	41	32	37	50	40
Y_scaffold5	1039112	34	43	41	24	27	29	32	40	40	35	36	44	35	33	38	43	46	45	41	34	37	52	41
Y_scaffold5	1039113	33	43	41	24	27	28	30	41	39	35	36	44	33	36	39	43	46	46	41	34	37	50	41
Y_scaffold5	1039114	33	43	41	24	28	28	30	41	39	35	35	45	33	36	39	43	46	46	41	34	38	51	41
Y_scaffold5	1039115	32	43	41	23	28	28	30	40	39	36	35	45	33	37	39	43	46	46	41	34	38	51	42
Y_scaffold5	1039116	32	43	42	23	28	27	30	40	39	36	35	45	32	36	40	42	48	47	41	34	37	50	42
Y_scaffold5	1039117	32	42	41	24	28	27	30	39	39	37	36	44	32	35	40	42	48	47	40	35	37	50	42
Y_scaffold5	1039118	32	41	41	24	27	27	30	39	41	37	37	45	32	35	40	42	47	48	39	35	36	50	43
Y_scaffold5	1039119	32	42	41	24	27	27	30	38	41	37	36	45	32	36	41	41	48	48	39	35	35	49	43
Y_scaffold5	1039120	32	42	41	24	27	27	30	39	41	36	36	45	31	36	41	41	48	48	38	36	35	50	43
Y_scaffold5	1039121	32	41	38	23	26	27	30	40	41	36	36	45	30	35	39	41	46	48	38	36	35	50	42
Y_scaffold5	1039122	33	41	38	23	26	27	30	40	41	36	35	45	29	35	39	41	46	48	37	35	35	50	41
Y_scaffold5	1039123	33	41	37	23	26	26	30	40	41	36	35	45	29	35	39	41	46	48	37	34	34	52	41
Y_scaffold5	1039124	33	41	37	23	27	26	28	42	41	36	35	44	30	36	38	40	46	48	37	34	35	52	42
Y_scaffold5	1039125	32	41	37	23	25	26	28	42	41	36	36	44	30	36	38	39	45	48	37	34	35	52	42
Y_scaffold5	1039126	33	41	37	23	25	26	29	42	40	35	37	45	31	37	38	39	45	48	38	34	35	52	42
Y_scaffold5	1039127	32	41	37	23	25	26	29	42	40	35	37	45	31	37	38	39	44	48	38	35	35	52	42
Y_scaffold5	1039128	32	41	36	23	25	26	29	43	39	35	37	45	32	37	38	39	44	48	38	35	34	52	42
Y_scaffold5	1039129	32	39	36	23	25	26	30	41	40	34	37	44	32	37	36	39	44	48	39	35	34	53	42
Y_scaffold5	1039130	33	39	35	23	25	26	29	41	39	34	38	43	32	37	34	39	44	48	39	35	34	53	42
Y_scaffold5	1039131	34	38	35	23	25	26	30	41	39	34	37	43	32	37	34	40	45	49	39	35	34	53	42
Y_scaffold5	1039132	34	38	35	23	25	26	30	41	38	34	37	42	32	37	35	41	45	49	39	35	33	54	42
Y_scaffold5	1039133	34	38	37	23	25	26	30	42	38	36	37	42	33	37	35	41	45	49	39	35	33	55	43
Y_scaffold5	1039134	34	39	37	23	24	27	30	42	38	36	37	43	32	38	35	40	45	49	38	35	33	55	42
Y_scaffold5	1039135	34	36	36	23	24	27	30	42	38	36	37	43	31	38	35	40	45	48	38	35	33	55	41
Y_scaffold5	1039136	35	35	36	23	24	27	30	41	37	36	38	43	32	37	35	40	45	48	39	36	33	54	41
Y_scaffold5	1039137	36	36	36	23	24	25	30	41	37	36	38	43	33	37	34	40	45	48	38	37	33	54	42
Y_scaffold5	1039138	37	36	36	23	24	25	31	41	37	36	38	43	33	37	34	41	45	47	38	37	33	54	42
Y_scaffold5	1039139	37	35	36	23	24	25	30	41	37	36	38	43	33	36	33	43	46	48	38	37	33	53	42
Y_scaffold5	1039140	37	35	35	23	25	25	30	41	36	35	37	42	32	35	32	43	46	49	38	37	33	53	42
Y_scaffold5	1039141	38	35	35	24	25	25	30	40	35	35	37	42	32	35	33	44	46	49	38	37	33	53	42
Y_scaffold5	1039142	40	35	35	24	25	25	30	38	37	34	37	42	32	35	32	44	45	49	38	36	33	53	42
Y_scaffold5	1039143	41	35	35	24	24	25	29	38	39	35	38	42	32	34	31	44	45	51	38	36	34	51	42
Y_scaffold5	1039144	41	37	36	24	24	25	29	38	37	35	37	42	34	35	31	43	46	51	38	36	35	51	44
Y_scaffold5	1039145	40	36	36	24	24	25	28	38	37	35	37	42	34	36	30	44	46	51	38	37	35	51	45
Y_scaffold5	1039146	40	36	35	24	24	25	28	38	37	35	37	42	34	36	30	44	46	49	38	37	34	51	45
Y_scaffold5	1039147	40	36	35	24	24	25	28	39	37	35	37	43	34	36	30	45	47	49	38	36	34	52	46
Y_scaffold5	1039148	40	36	36	24	24	25	29	39	38	35	36	43	34	36	31	45	46	48	37	36	34	53	46
Y_scaffold5	1039149	40	36	36	23	24	24	31	39	38	35	36	44	34	36	31	46	46	47	37	36	35	53	46
Y_scaffold5	1039150	40	35	36	23	24	24	31	39	35	34	36	44	33	35	33	46	46	46	38	36	35	53	46
Y_scaffold5	1039151	39	37	37	22	23	24	31	39	35	34	36	43	35	37	34	48	45	45	39	36	34	52	46
Y_scaffold5	1039152	39	37	36	21	25	23	30	39	36	34	35	44	34	38	34	48	46	45	39	36	34	52	45
Y_scaffold5	1039153	40	38	37	21	26	23	30	39	36	35	35	44	33	38	34	48	46	46	39	36	34	52	46
Y_scaffold5	1039154	40	38	36	20	26	23	30	39	36	35	36	45	33	38	34	48	45	46	40	36	34	52	46
Y_scaffold5	1039155	40	39	36	20	27	23	29	40	36	35	36	45	34	39	35	48	45	46	40	36	33	53	46
Y_scaffold5	1039156	40	40	37	21	28	22	28	40	37	35	36	46	35	38	34	48	45	44	41	36	33	52	45
Y_scaffold5	1039157	40	39	37	22	27	24	28	39	36	35	37	47	35	38	35	48	45	44	41	36	33	52	46
Y_scaffold5	1039158	41	39	37	22	28	24	28	39	35	37	37	46	34	37	35	48	43	45	41	36	33	54	48
Y_scaffold5	1039159	42	40	37	22	28	24	28	39	35	37	37	47	34	38	36	48	43	46	41	36	32	54	47
Y_scaffold5	1039160	43	40	37	23	28	24	28	39	35	36	38	47	34	38	36	48	42	46	41	35	32	53	47
Y_scaffold5	1039161	43	40	37	23	27	24	28	39	34	36	38	48	34	38	35	48	44	46	41	36	32	52	48
Y_scaffold5	1039162	42	40	36	23	27	24	28	39	33	36	38	49	35	38	34	48	45	46	41	37	33	52	48
Y_scaffold5	1039163	42	40	36	23	27	22	28	39	33	36	38	49	35	38	35	48	45	46	41	37	33	51	48
Y_scaffold5	1039164	42	40	35	23	27	22	28	39	33	34	38	49	34	38	35	47	44	46	41	37	33	50	48
Y_scaffold5	1039165	42	39	35	23	27	22	28	39	33	33	37	50	34	38	36	47	44	46	41	37	33	50	48
Y_scaffold5	1039166	42	39	34	23	27	22	28	39	33	33	36	50	34	37	36	48	44	46	41	37	33	51	48
Y_scaffold5	1039167	41	39	34	23	27	22	28	38	32	33	36	50	33	37	37	48	43	46	41	37	33	53	48
Y_scaffold5	1039168	41	39	34	23	27	22	28	38	34	33	36	49	33	37	37	48	42	45	40	36	30	53	49
Y_scaffold5	1039169	42	40	36	24	27	22	27	38	35	33	36	49	32	37	37	48	42	46	40	36	29	53	48
Y_scaffold5	1039170	42	40	36	25	27	23	28	38	35	33	36	49	31	37	38	47	41	46	41	37	30	53	49
Y_scaffold5	1039171	42	41	36	25	26	24	28	38	35	33	36	48	29	37	38	47	42	46	41	37	30	54	49
Y_scaffold5	1039172	42	41	36	25	26	24	28	38	34	33	36	47	29	37	38	46	41	46	41	37	29	54	50
Y_scaffold5	1039173	43	41	36	24	26	24	27	39	35	33	36	46	29	36	37	45	42	46	41	37	29	54	50
Y_scaffold5	1039174	44	39	35	24	25	23	27	39	35	33	36	46	29	37	37	45	41	46	41	37	29	54	49
Y_scaffold5	1039175	42	39	37	23	24	24	28	39	35	34	36	46	30	37	37	47	40	44	41	37	29	55	48
Y_scaffold5	1039176	43	40	37	23	24	24	28	40	37	34	36	46	30	37	37	47	40	43	41	37	29	55	48
Y_scaffold5	1039177	43	40	36	22	24	23	28	40	36	34	37	46	30	37	37	47	41	43	40	36	28	56	48
Y_scaffold5	1039178	43	40	36	23	24	23	28	40	36	34	37	45	30	37	38	46	42	43	40	36	27	56	48
Y_scaffold5	1039179	43	40	36	23	24	23	28	41	35	33	36	45	30	37	37	47	42	42	40	36	28	58	50
